7
110
25
20
15
10
5
2
tanH
tanH
tanH
tanH
tanH
softmax
0x1.58ba3p-2
0x1.26faep-1
0x1.6467a2p-7
-0x1.8bac1ep-2
0x1.e96552p-4
0x1.092f2ap-9
-0x1.17cedp-3
-0x1.5653f2p-2
0x1.387afep-3
0x1.74be66p-2
0x1.59ae4p-6
0x1.40fcbep-2
0x1.4b1954p-2
-0x1.3347bep-4
-0x1.2d9a54p-2
0x1.8dc4ecp-2
0x1.7210fap-4
0x1.cfed7cp-3
-0x1.1fa5ap-1
-0x1.33569ap-3
-0x1.302fe2p-2
-0x1.8d865p-2
0x1.53cd48p-3
0x1.b201e2p-2
0x1.7a17f6p-6
-0x1.b944dcp-5
0x1.3bf8dep-1
-0x1.10f67ep-4
-0x1.1d584ap-1
0x1.6f9618p-2
0x1.82885ep-2
-0x1.52518ep-2
-0x1.85a4cep-3
0x1.7c0a08p-7
0x1.ee01f6p-2
0x1.b90ed2p-4
0x1.71a22p-2
0x1.1f615p-1
-0x1.a1f74cp-2
-0x1.77e77ap-2
0x1.e5524p-2
0x1.fd3ep-2
0x1.16c0b4p-2
-0x1.9eafcep-1
-0x1.080926p-1
-0x1.123cf6p-1
-0x1.21138ap-1
0x1.2ef06cp-3
0x1.4c0c0cp-1
-0x1.0035fep-6
0x1.fffdaap-4
0x1.f6a7a8p-2
0x1.15583ep-4
-0x1.c347ep-4
-0x1.bce6c2p-3
0x1.de423p-3
-0x1.deeb58p-4
-0x1.519d48p-2
0x1.570a5ap-4
-0x1.6b0b84p-3
0x1.4abcd4p-5
0x1.0a1252p-2
0x1.0ecac4p-3
0x1.4728p-10
-0x1.40e1ep-3
0x1.b69836p-3
-0x1.03ebb8p-5
0x1.19a594p-5
-0x1.189f6cp-3
-0x1.34b734p-3
0x1.43f05ep-2
-0x1.736764p-2
0x1.f667c4p-4
-0x1.cb453p-3
-0x1.6747d4p-3
0x1.acc6aap-3
-0x1.7b6306p-2
0x1.1c8892p+0
0x1.118fc2p-2
-0x1.5afa72p-1
-0x1.053f5p-2
0x1.bb2104p-3
0x1.6a7aap-1
-0x1.d626fp-2
-0x1.0e6d7cp-2
0x1.bb4de4p-3
-0x1.43ed52p-2
-0x1.7c59p-5
0x1.8dc6e4p-3
-0x1.23246ep-1
-0x1.96996ep-7
-0x1.d29254p-3
0x1.03ad6ap-2
0x1.902a5ep-2
-0x1.678f06p-4
0x1.af90ccp-7
-0x1.c74b9cp-2
-0x1.0fb002p-2
0x1.34c60cp-5
0x1.df7228p-3
-0x1.222742p-3
0x1.68b7bp-2
-0x1.d84a48p-3
-0x1.738946p-2
0x1.261cf6p-2
0x1.312dcp-2
-0x1.66a12p-2
-0x1.8d0c5ap-2
0x1.b8bfb2p-4
0x1.3e06fcp-2
-0x1.f0da84p-4
0x1.585432p-2
0x1.1e3f7ap-3
-0x1.929ce4p-2
-0x1.8ec236p-2
0x1.b68cdep-2
0x1.fbfa3ep-3
0x1.a08728p-3
-0x1.7339f6p-2
-0x1.3ae138p-1
-0x1.4c043cp-3
-0x1.83c542p-3
0x1.79fdf4p-4
0x1.a14c1p-2
0x1.282112p-3
-0x1.6e755ap-7
0x1.0bd208p-1
-0x1.21f758p-1
-0x1.3cd12p-1
0x1.ebe55ap-2
0x1.9a89c4p-3
-0x1.116dap-1
-0x1.4a0c14p-2
0x1.11220ep-2
0x1.05ef9ep-1
0x1.bbc53ep-5
0x1.7addaap-2
0x1.8ce674p-3
-0x1.211ccep-1
-0x1.17364cp-1
0x1.16ad72p-1
0x1.d265dep-2
0x1.d6ce08p-3
-0x1.57b122p-1
-0x1.c97442p-2
-0x1.496298p-2
-0x1.9d01aep-2
0x1.4d49ap-3
0x1.a75a36p-2
-0x1.32f15p-5
-0x1.1300ecp-1
0x1.37c196p-4
-0x1.e76da2p-3
0x1.813f7cp-5
0x1.03e388p-1
0x1.19ef32p-2
-0x1.35c6bcp-4
-0x1.fe02eep-3
0x1.f9710ep-3
0x1.4348fp-2
-0x1.7c7a9ap-3
-0x1.e093ecp-3
-0x1.b6e2a6p-3
0x1.4fbfa8p-6
-0x1.c4c76p-3
-0x1.a30216p-3
0x1.1cb67ap-3
-0x1.86544ap-4
-0x1.57389ep-12
-0x1.07226ep-3
-0x1.907ebp-2
0x1.2cb1a2p-3
0x1.100402p-3
0x1.524c4ap-2
-0x1.a432d2p-2
-0x1.fb1588p-9
0x1.d10d1ep-5
-0x1.ba691ep-2
0x1.9e8c18p-12
0x1.d41d3p-6
0x1.0baed8p-3
0x1.670eap-2
-0x1.09e8a2p-1
0x1.8d5a74p-2
0x1.b4b106p-4
-0x1.dc448p-2
0x1.2556f8p-4
-0x1.fe5dbp-3
0x1.4e1a1p-3
0x1.6a5254p-2
-0x1.28f75ep-3
-0x1.0ba614p-2
-0x1.ae83a6p-3
-0x1.f1066cp-5
0x1.4cef48p-3
0x1.85831cp-7
0x1.776504p-3
-0x1.1f777cp-3
-0x1.4d148ep-5
-0x1.2d1daap-3
0x1.a4d074p-2
-0x1.bb028p-3
-0x1.5ded96p-4
0x1.564c0ap-5
-0x1.69d948p-1
-0x1.2e4c88p-5
0x1.29dac6p-3
0x1.2b99f2p-2
0x1.608f76p-3
-0x1.17aacep-1
0x1.9281fp-6
-0x1.86a11p-5
-0x1.dcb99ap-2
0x1.26d4dep-1
-0x1.f3398p-5
-0x1.e3335p-4
-0x1.1df1bap-1
-0x1.c392e8p-2
0x1.adc086p-3
0x1.40a316p-2
0x1.02d71p-1
0x1.0cbcbap-1
0x1.164972p-2
-0x1.5bafc6p-1
0x1.6239f4p-8
0x1.194fe2p-6
0x1.9e3852p-7
0x1.8e5f68p-4
-0x1.236e32p-3
-0x1.7c72dep-4
-0x1.dea84ap-4
-0x1.dc2e88p-4
-0x1.0c8ceep-3
0x1.2fe24p-4
0x1.97c928p-3
0x1.6af7f8p-2
0x1.46f3c2p-4
0x1.774d42p-2
-0x1.8723d8p-4
0x1.b7b5eep-3
0x1.3606a8p-2
0x1.aca61cp-3
-0x1.f0a798p-4
0x1.00459ap-3
-0x1.fc0ecep-3
-0x1.ffd3ep-4
-0x1.5b1bbcp-4
0x1.8ee5b8p-3
0x1.2dc776p-4
0x1.4dd3f8p-2
0x1.d67664p-5
-0x1.d5d362p-4
-0x1.564a92p-6
-0x1.ba7e5ap-3
-0x1.0dcf5ep-8
0x1.d3ac46p-6
-0x1.66576p-4
0x1.008f8ap-5
0x1.02a5aap-2
-0x1.fd99bp-5
0x1.3435dep-2
0x1.624682p-6
0x1.6ef49p-3
-0x1.264d94p-5
0x1.21235cp-3
0x1.a0fa6cp-4
0x1.a0467p-3
-0x1.90ac8cp-3
0x1.e4fbcp-3
0x1.a1f7ccp-6
0x1.a58ecep-7
-0x1.a690aap-3
0x1.3ea2d4p-4
0x1.51b79p-3
0x1.79916p-2
-0x1.0c5cbap-3
0x1.072fp-1
-0x1.c1d1a2p-5
-0x1.af1b7ap-3
0x1.e892e6p-3
0x1.c68cd6p-2
-0x1.06d504p-2
-0x1.40d6e4p-4
0x1.202922p-3
0x1.573776p-3
0x1.5b505p-3
0x1.3d4344p-3
0x1.1ff212p-2
-0x1.afd70ep-4
-0x1.45cf4cp-2
0x1.db6f56p-2
-0x1.c7175ap-5
0x1.dbed3p-3
-0x1.79d2ap-2
-0x1.755c56p-2
-0x1.552e5cp-2
-0x1.5b4148p-2
0x1.602d5p-3
0x1.0a2b42p-2
-0x1.b4ef42p-4
-0x1.3ac8cap-3
0x1.da4842p-2
0x1.d2b80ap-5
-0x1.91124cp-3
-0x1.e0264cp-3
0x1.d5698cp-4
0x1.f0d186p-13
-0x1.d3b5e4p-4
0x1.3fc682p-3
-0x1.8d1fa8p-9
-0x1.b28964p-6
0x1.c35a7ep-3
-0x1.446c4ap-7
0x1.ed4c16p-4
-0x1.94d2cp-3
0x1.7c8682p-3
-0x1.426c4ep-5
0x1.4f6db2p-3
0x1.5fa9d2p-3
-0x1.5212cp-2
0x1.dcb2aap-3
0x1.30b534p-3
0x1.531f98p-5
-0x1.cd5f3ap-4
-0x1.937f28p-5
0x1.49d9e2p-3
-0x1.8824b6p-3
0x1.014854p-3
0x1.ac6d9ap-2
-0x1.97ce46p-3
-0x1.41a60ap-3
0x1.365154p-11
0x1.4bb7fap-4
0x1.6037b4p-6
0x1.014372p-5
-0x1.18d796p-2
-0x1.94cc3p-3
-0x1.0c51bcp-2
0x1.197338p-4
0x1.dc8884p-2
-0x1.892714p-3
-0x1.6682a4p-3
-0x1.643816p-4
0x1.f2b328p-3
0x1.7107e4p-2
0x1.c55afcp-6
0x1.31721p-3
-0x1.b481b2p-2
-0x1.48f9aep-4
-0x1.166784p-3
0x1.5f5edep-3
0x1.3c99b2p-6
0x1.d33f78p-4
0x1.bd23b2p-3
-0x1.513104p-2
-0x1.3cb6fap-5
0x1.33ff36p-8
-0x1.dc1b9p-12
0x1.487a22p-4
-0x1.af622p-2
0x1.6e833p-3
-0x1.06ce22p-2
-0x1.26b5f6p-4
0x1.326292p-2
-0x1.ccb084p-5
-0x1.0c1dd4p-3
-0x1.e52f72p-2
-0x1.72c662p-4
0x1.553c9ap-6
-0x1.2b78bp-4
0x1.373762p-2
-0x1.a1e372p-3
-0x1.4bb744p-2
-0x1.691552p-4
-0x1.26453ap-4
-0x1.6a0474p-2
0x1.29c146p-3
-0x1.e444eap-4
0x1.1c58ep-3
0x1.99dd9ep-2
0x1.e0ececp-2
-0x1.46e65ap-2
-0x1.cff82cp-4
0x1.508cfep-3
0x1.dc5738p-2
-0x1.748fa4p-2
-0x1.c59032p-3
-0x1.0c38eep-2
0x1.0ccee8p-6
-0x1.74f7p-7
-0x1.8bafd6p-2
0x1.06aeccp-3
-0x1.a5eab6p-2
-0x1.8732c6p-3
-0x1.dc7ff4p-4
-0x1.71edc8p-2
0x1.f52f1ep-4
0x1.d15f18p-5
0x1.1c125cp-3
-0x1.19a822p-1
-0x1.5aec5ep-3
0x1.78334cp-3
-0x1.8c8a32p-2
-0x1.2fc9d2p-3
0x1.d71294p-3
0x1.c48a0ap-2
-0x1.43442ep-4
-0x1.9877p-4
0x1.4f00b6p-3
0x1.16781cp-2
-0x1.fa4594p-2
-0x1.19a3d4p-4
-0x1.eb3382p-3
0x1.fd9764p-7
0x1.2ed712p-2
-0x1.f0ee32p-3
-0x1.6006e2p-4
-0x1.a18b74p-2
0x1.9d4a76p-4
0x1.0158b2p-3
-0x1.ac40fap-5
0x1.3ad6b6p-5
0x1.5d8e16p-4
0x1.6f4f5ap-3
-0x1.ac25aap-2
-0x1.dcdb46p-2
0x1.40533cp-2
-0x1.51b234p-2
0x1.a93abp-5
0x1.74bfa4p-2
0x1.30478p-2
0x1.09539p-6
-0x1.1b13dcp-2
0x1.dab0dcp-2
0x1.21d73ep-5
-0x1.38196ep-3
-0x1.a0dcbap-4
-0x1.783e82p-3
-0x1.00aad6p-7
-0x1.406e14p-3
-0x1.065702p-2
-0x1.88486cp-5
-0x1.fd2eb2p-2
0x1.43935p-2
-0x1.b74c58p-4
0x1.b64a94p-3
0x1.d49968p-3
0x1.d671a8p-2
0x1.0c00ap-5
-0x1.6c2c52p-1
-0x1.751f7ap-2
0x1.0fa422p-3
-0x1.744742p-3
-0x1.a42002p-4
0x1.def992p-2
0x1.087f66p-2
-0x1.78ed3ep-3
-0x1.472c7ap-2
0x1.549c46p-1
0x1.34b404p-2
-0x1.42eb5cp-2
-0x1.e19ccap-4
-0x1.380f9ap-3
-0x1.7e940ap-3
-0x1.554564p-4
-0x1.1de206p-3
0x1.9e858ep-4
-0x1.d4e27ap-2
0x1.f30fa4p-4
-0x1.7a0faep-3
-0x1.3b5a7ep-4
0x1.74317ap-4
0x1.ba944ap-5
0x1.36f05p-3
-0x1.2aeacp-1
-0x1.9932d6p-2
0x1.c50b4ap-4
0x1.3bf3b4p-5
0x1.4de8ep-4
0x1.3b54c4p-4
0x1.ca0cap-3
-0x1.fa1724p-3
-0x1.422502p-2
0x1.01372cp-2
0x1.b159f6p-8
-0x1.a1739p-4
-0x1.a44636p-5
0x1.0a9742p-5
-0x1.345ff4p-3
-0x1.46157p-11
-0x1.e6ee02p-4
0x1.efe46p-6
-0x1.6bbd86p-2
-0x1.73a9bap-4
-0x1.8f4d08p-3
-0x1.48837ep-3
-0x1.08dc02p-5
0x1.c04dfcp-4
0x1.5a49d2p-4
-0x1.77f642p-1
0x1.4d0292p-1
0x1.6c86eap-8
0x1.c5965ap-4
-0x1.3b11c6p-3
-0x1.09054cp-2
-0x1.4a362cp-2
0x1.1a29d8p-3
-0x1.5dbf34p-3
0x1.6961ecp-4
-0x1.029162p-5
-0x1.9b504p-5
0x1.07a48cp-3
0x1.8a68f8p-2
-0x1.cddf66p-5
0x1.7cd5fap-3
0x1.d90764p-3
0x1.387928p-4
0x1.27a1dep-2
0x1.3e0fccp-5
-0x1.21aabep-5
0x1.fd61dp-3
-0x1.89757ep-2
-0x1.715a88p-6
-0x1.454aacp-4
0x1.ef05e2p-3
0x1.df49c8p-3
-0x1.4b986cp-5
0x1.0df486p-3
-0x1.3b31dp-4
0x1.e42b4p-4
0x1.fdad98p-6
-0x1.87575p-6
-0x1.419a7p-13
-0x1.5c622ep-2
0x1.e5dc88p-3
0x1.9dc976p-3
0x1.657948p-2
0x1.05af3cp-2
0x1.275526p-3
0x1.6ca7e6p-4
0x1.c63768p-3
0x1.28d6eep-4
0x1.3facf2p-3
-0x1.81f1d6p-3
0x1.3da8cap-4
-0x1.2fe0fp-3
-0x1.2f4142p-2
-0x1.3d47d6p-5
0x1.1c1e7cp-3
0x1.11b2ap-2
-0x1.508e16p-6
-0x1.0253cep-3
0x1.136042p-5
-0x1.aaaa76p-5
-0x1.483d96p-4
0x1.8012e4p-5
-0x1.f959ap-5
0x1.aa9b08p-3
-0x1.6462aep-2
0x1.2ae9c4p-3
0x1.5e927ep-7
-0x1.a38cc2p-2
0x1.179974p-2
0x1.0437fap-2
0x1.429508p-6
-0x1.146f4ap-2
-0x1.5dca82p-5
0x1.51947cp-4
-0x1.859722p-4
0x1.26f85ep-4
-0x1.7df054p-2
-0x1.df2dbap-7
0x1.329abep-3
0x1.21b1cp-2
0x1.4cc436p-2
0x1.67d268p-3
-0x1.d7455cp-4
0x1.08edeap-4
0x1.614b9p-3
0x1.c505e4p-3
-0x1.85d41ep-3
-0x1.054592p-6
-0x1.9fa94cp-2
0x1.9ab8f2p-2
0x1.1a287ep-1
-0x1.2cc24ep-2
-0x1.4046c8p-5
-0x1.29b95p-3
0x1.e7f17p-5
0x1.8adba6p-1
-0x1.ad6ad2p-4
-0x1.b9e836p-2
0x1.7282fap-4
0x1.4e5c5p-2
0x1.3375eep-2
-0x1.c69a8ep-3
0x1.25ec7p-2
-0x1.37987ap-2
0x1.2d3804p-5
0x1.0c193p-2
0x1.e2305p-3
-0x1.05b19p-1
0x1.cf2e04p-2
0x1.da3dap-3
-0x1.819e9ep-2
-0x1.1e9ca8p-2
-0x1.2a14ep-5
0x1.6017eep-2
-0x1.1843cep-1
-0x1.fa5684p-3
0x1.383238p-1
0x1.5168a8p-2
0x1.039ee6p-1
-0x1.fa266ap-4
-0x1.9fd0d2p-2
0x1.7877bap-3
-0x1.994448p-5
0x1.98e0f6p-2
-0x1.3ce9f6p-1
-0x1.73aef8p-4
-0x1.8c72d4p-3
-0x1.18a9a8p-2
-0x1.32b0dap-2
-0x1.668164p-4
0x1.3ceae2p-2
0x1.395666p-2
-0x1.9ca9p-4
-0x1.1be55p-4
-0x1.1d2202p-5
0x1.27a6ccp-4
-0x1.5e42f4p-3
0x1.e55ea6p-8
-0x1.075c0ep-4
-0x1.105136p-3
0x1.2bccbep-2
0x1.bf3492p-3
0x1.31b232p-4
0x1.15f638p-2
-0x1.291a0ap-2
0x1.71e45p-3
0x1.31b29ep-7
-0x1.3873cp-7
0x1.ebe5cp-3
0x1.3bc3e2p-3
0x1.44f326p-2
-0x1.47a03ep-3
0x1.d3e74ep-5
-0x1.c4f064p-3
-0x1.852adp-3
0x1.bc10bep-2
-0x1.db229ep-2
0x1.4729c8p-3
-0x1.265f7cp-3
-0x1.a53daep-4
0x1.4cbba4p-3
0x1.4f117p-3
-0x1.368afep-2
-0x1.2eaf96p-3
0x1.3a589cp-4
-0x1.4167cp-3
-0x1.520e0ap-7
0x1.40e394p-2
0x1.0c5104p-3
-0x1.50985ap-6
-0x1.43f5f6p-9
0x1.2b245p-8
0x1.0fdf1cp-2
0x1.71454ep-4
-0x1.d7dfb6p-3
-0x1.19126ap-2
-0x1.aced7p-4
0x1.140f54p-7
-0x1.3a11acp-3
0x1.4ed058p-4
-0x1.e9bacep-5
0x1.485e54p-2
-0x1.ad275ap-4
0x1.1990a2p-2
0x1.65b14p-7
0x1.5e4b8p-5
-0x1.e9053cp-3
-0x1.430abep-3
-0x1.d92cd4p-5
-0x1.85bcdp-5
0x1.d43b48p-4
0x1.127e54p-4
-0x1.1b699ep-4
0x1.98fb7p-3
-0x1.a410e6p-3
-0x1.094852p-2
-0x1.87deb4p-4
-0x1.858504p-6
-0x1.4a94c2p-3
-0x1.f8f69p-5
0x1.5edd52p-4
0x1.b8e3eap-4
-0x1.07122cp-2
0x1.746038p-6
0x1.19f11ep-3
-0x1.bc287cp-5
0x1.d27e62p-5
-0x1.5cc004p-5
0x1.9dfbb2p-3
-0x1.170b98p-3
0x1.8007cap-4
-0x1.8a6442p-4
0x1.c1a83ap-4
-0x1.5f4b64p-2
0x1.38c1dp-3
0x1.83f382p-3
-0x1.97ab0ap-3
0x1.b6c9b8p-2
-0x1.ea08p-6
-0x1.3e539cp-6
0x1.258aap-2
0x1.846faap-4
0x1.970eap-4
-0x1.cd4a5ep-5
-0x1.8ea66ep-4
0x1.1dc0f4p-3
-0x1.47092cp-3
-0x1.11be2ep-6
0x1.d64426p-4
-0x1.a04942p-4
0x1.90fb38p-3
0x1.cd92b6p-4
-0x1.b86eeep-4
0x1.f2cf44p-4
-0x1.61a538p-5
0x1.9fa524p-4
-0x1.e8b534p-3
0x1.9792dp-5
-0x1.86cde8p-3
0x1.14ef4ap-2
0x1.6c6b48p-2
0x1.2c5c1ep-2
0x1.80be58p-3
0x1.ceb322p-2
-0x1.456646p-2
0x1.89b35p-9
0x1.7c399ap-4
-0x1.5c339cp-7
-0x1.2a12e8p-3
0x1.271a72p-6
0x1.437e54p-4
-0x1.3086ecp-4
0x1.2288e6p-4
0x1.bcd3aep-4
0x1.6f9ed2p-4
0x1.dbccacp-2
0x1.7ecc72p-4
-0x1.1d0786p-3
0x1.eba4bp-4
0x1.b250a8p-4
0x1.3fff7ap-6
-0x1.d48776p-7
-0x1.fa5a8ep-5
-0x1.aa8e3cp-4
0x1.116584p-3
0x1.355726p-2
-0x1.6aae1cp-3
0x1.3d2cb4p-3
0x1.3bf19cp-3
0x1.e9b468p-3
-0x1.c08b7p-4
-0x1.4f1facp-7
-0x1.90e56cp-4
0x1.43d234p-4
0x1.3c14d4p-3
-0x1.5dcf7p-4
-0x1.1f70a2p-2
0x1.431226p-3
-0x1.1745d4p-4
-0x1.7321fap-4
-0x1.53e33ap-4
0x1.0b2924p-3
-0x1.4220e2p-4
0x1.0bb5fcp-2
0x1.9ca01ep-2
-0x1.2cbd4ep-3
-0x1.a1605p-3
-0x1.42db64p-4
0x1.0adfcep-3
0x1.143474p-5
0x1.565d44p-5
0x1.22d882p-3
-0x1.35e832p-2
0x1.da18cep-3
0x1.8ec154p-3
-0x1.30e706p-3
-0x1.01fde8p-3
-0x1.733dbcp-3
0x1.a1b95ap-3
0x1.53e024p-3
0x1.3873fcp-2
-0x1.98449p-5
-0x1.a3b59ep-3
-0x1.391894p-5
0x1.dc9e0ep-4
-0x1.7e6d9ap-4
0x1.07a652p-4
-0x1.80ae64p-3
0x1.6266ap-3
0x1.ec371ap-3
-0x1.c2c52ep-5
-0x1.6d0244p-4
-0x1.5b19p-5
-0x1.9610a6p-4
-0x1.99b84ap-4
-0x1.9223cap-6
-0x1.6d561cp-3
-0x1.49e9fp-6
0x1.c460acp-7
0x1.da057p-8
0x1.240506p-4
-0x1.1c2deep-3
-0x1.4f3ba4p-4
0x1.1ec0fp-2
0x1.23c308p-3
-0x1.6437c6p-7
-0x1.9ac2dap-3
-0x1.26a392p-3
-0x1.b9a8aap-2
0x1.01aaaap-2
-0x1.1badd6p-4
-0x1.693ap-7
-0x1.959696p-6
0x1.30272ep-2
0x1.58fd7cp-2
-0x1.265512p-4
-0x1.97328ap-2
-0x1.ba4c76p-4
0x1.0ee3cap-2
-0x1.1a1f36p-4
0x1.47c522p-3
-0x1.062d82p-6
0x1.e41306p-4
-0x1.ed7d4p-3
-0x1.4db89ap-3
0x1.bf6cep-3
0x1.976a7p-4
-0x1.5c19e2p-5
0x1.539104p-3
0x1.fb3c46p-3
0x1.19df82p-2
-0x1.73f496p-2
-0x1.4e801ap-3
-0x1.cfd87p-3
0x1.804058p-10
0x1.fea7dcp-3
0x1.09ddaap-3
-0x1.7bdd3ep-12
0x1.86525ap-3
0x1.0b2698p-2
0x1.a4093cp-8
0x1.4a96eap-5
-0x1.c1a924p-3
0x1.5bf592p-8
-0x1.2ccabp-3
0x1.1a4efcp-2
-0x1.6e8f24p-4
-0x1.449ed2p-3
0x1.e9c7f8p-3
0x1.e1d81cp-5
-0x1.47bbf4p-5
0x1.2933eap-3
0x1.cd8504p-5
0x1.0ccb5p-2
0x1.a596ccp-4
0x1.b13ecap-6
-0x1.db7278p-3
0x1.032ee8p-5
-0x1.bb785p-4
0x1.2a02f2p-2
0x1.051f86p-1
-0x1.f1deccp-7
-0x1.8dc8d2p-6
0x1.f6acep-15
-0x1.1fc0eep-3
0x1.bc85eep-3
-0x1.1ce526p-4
-0x1.0e199ap-4
-0x1.6043d4p-2
0x1.692f08p-4
0x1.91c3e8p-4
0x1.a73136p-3
0x1.74190ap-2
0x1.1ab9d2p-3
-0x1.41649ep-2
-0x1.2c4964p-6
0x1.308316p-4
0x1.93879cp-4
0x1.105eaep-2
-0x1.305b0ap-2
-0x1.59f316p-5
-0x1.0485d6p-3
-0x1.045118p-4
-0x1.5d3908p-4
-0x1.306b98p-4
0x1.33ec16p-2
0x1.e22104p-3
-0x1.50642ep-2
0x1.5192c6p-2
0x1.0cbb7cp-2
-0x1.9b8f02p-3
0x1.860242p-5
-0x1.0ef512p-9
0x1.760fc4p-5
-0x1.588422p-4
0x1.dd8cbep-4
0x1.2afcc6p-2
-0x1.4e93d6p-3
0x1.86536ep-4
0x1.2334dep-2
0x1.df998ep-9
-0x1.0cd19ap-3
0x1.a82e7cp-4
0x1.dc2ed6p-2
0x1.6f266cp-7
0x1.301b2cp-3
-0x1.ad6c3cp-3
-0x1.007d5ap-1
-0x1.deb92cp-2
0x1.0419c6p-4
0x1.3eed72p-3
0x1.af954cp-3
0x1.aed3fp-3
0x1.e1270cp-5
0x1.7bae02p-5
0x1.31d1eep-7
-0x1.2ca49ep-4
0x1.4df48cp-2
-0x1.61c9b2p-4
0x1.0f2adp-7
0x1.986fd8p-4
0x1.4197b4p-11
0x1.07a50ap-4
0x1.401e62p-3
-0x1.06d4a8p-3
0x1.19926p-7
0x1.e465fap-4
-0x1.529fbep-3
-0x1.50eb36p-7
0x1.db8798p-3
0x1.c9f19ep-5
0x1.f2c134p-4
0x1.c9a168p-5
-0x1.789d62p-2
-0x1.1c17dap-2
0x1.38d8cep-3
0x1.2a979p-2
0x1.adec0ep-3
-0x1.9e651p-6
-0x1.8f977cp-4
0x1.2563a6p-3
-0x1.2182b4p-2
-0x1.15a946p-2
0x1.7aed6ep-3
-0x1.851fbap-8
0x1.3da626p-4
0x1.771ffep-5
-0x1.0e30ap-2
0x1.698038p-6
-0x1.3ff774p-2
-0x1.592096p-3
0x1.c0f228p-4
-0x1.dcfb58p-7
0x1.7ca25ep-6
0x1.f93b4ep-7
0x1.20d6fap-6
-0x1.79e50ap-6
-0x1.5546d6p-3
-0x1.f4afdcp-5
0x1.07b808p-3
-0x1.45df4ep-3
-0x1.776702p-5
0x1.402d6cp-6
-0x1.004372p-4
0x1.86b126p-7
-0x1.dad186p-8
0x1.96961ap-3
-0x1.c3289cp-3
-0x1.a6a4acp-4
0x1.6e37d2p-2
0x1.1eb1aep-3
-0x1.190408p-5
0x1.94e9c4p-3
0x1.2e8278p-4
-0x1.6a6546p-4
0x1.5d1608p-5
-0x1.4ed448p-4
0x1.40d872p-4
-0x1.e7ea88p-4
-0x1.24116p-5
0x1.671bfp-4
-0x1.39cddp-3
0x1.112bfap-6
-0x1.335752p-2
0x1.41c30ep-5
0x1.ec25a6p-2
0x1.3eb67ap-3
-0x1.d2144ep-4
-0x1.2c05a6p-4
0x1.35190cp-3
0x1.417b0ap-4
-0x1.2c093ep-3
-0x1.f5ab4ep-3
-0x1.b21266p-4
-0x1.35104p-2
0x1.3f5c5cp-3
0x1.3fc504p-3
-0x1.9d2bd6p-3
-0x1.308698p-4
-0x1.df213p-3
0x1.a756d8p-4
0x1.05929ep-4
-0x1.0ac0d6p-2
0x1.6c69d2p-2
0x1.cb52d2p-5
0x1.d7245cp-3
-0x1.57dd1p-2
-0x1.72b17p-2
-0x1.1fa6p-3
0x1.5d3772p-3
-0x1.e91c72p-6
0x1.3ee0e2p-3
0x1.64439ep-4
-0x1.2ad6p-7
-0x1.32957ap-3
0x1.0c037p-5
0x1.09278p-3
-0x1.4216ecp-3
-0x1.6caca2p-4
-0x1.820aa2p-4
0x1.a96aa4p-4
0x1.6e56d2p-2
0x1.b56892p-4
0x1.74697ap-4
-0x1.03d74ap-2
0x1.5cd2cp-5
0x1.f72eb6p-3
0x1.3608e8p-3
0x1.546a88p-3
-0x1.a16712p-3
-0x1.2ad93ep-2
-0x1.533d1ap-4
-0x1.560152p-3
0x1.20674ap-3
0x1.a74738p-5
-0x1.eaf8c4p-3
0x1.2eae54p-2
-0x1.3d9fep-2
0x1.8e2be8p-3
0x1.8b4448p-3
-0x1.95c0cp-2
0x1.6226bep-4
-0x1.10cf88p-3
0x1.a837b8p-4
0x1.1f4134p-3
-0x1.92062ep-2
-0x1.ace71ep-3
-0x1.996dd8p-4
-0x1.70d118p-2
0x1.c41ac6p-3
0x1.e144bap-4
-0x1.d0c15ap-3
-0x1.3ea6c6p-2
-0x1.096488p-2
0x1.ee1afap-3
0x1.0a726cp-2
0x1.798204p-3
0x1.e4f104p-2
0x1.f5b3e6p-8
-0x1.50bb78p-3
0x1.2a6c96p-3
0x1.583228p-2
-0x1.4b1f4cp-3
0x1.0e5e24p-3
0x1.a6dec4p-3
-0x1.29ffa4p-2
-0x1.9c6f1p-2
0x1.45ca1ep-2
0x1.27d786p-4
-0x1.210012p-3
-0x1.0d5d18p-4
0x1.39a56ap-3
-0x1.4659f6p-4
-0x1.be727ep-4
0x1.251306p-3
0x1.727be8p-2
0x1.aeea68p-5
-0x1.1f302cp-2
-0x1.496f4ep-6
0x1.1b906ep-1
0x1.124658p-1
0x1.f68bbcp-2
0x1.19e17p-4
-0x1.1d6c2p-2
-0x1.265082p-2
-0x1.c29146p-4
0x1.4c22b6p-2
0x1.7ab26p-3
-0x1.b88364p-5
-0x1.d48236p-4
0x1.2b320cp-4
0x1.595a8ap-5
0x1.f29b48p-3
0x1.65ed9ap-5
0x1.299abp-3
0x1.4a31dcp-3
0x1.ae8162p-6
-0x1.8200dcp-2
0x1.d24d3ap-5
-0x1.1d275p-4
0x1.6ed6d6p-3
-0x1.10b4aap-4
-0x1.abdd3ap-6
0x1.e96ac2p-4
0x1.84de4ep-4
-0x1.2722e4p-4
-0x1.89bbdap-4
0x1.abd64ep-5
-0x1.622a74p-5
-0x1.cd6fb4p-5
-0x1.329044p-10
0x1.33e78ap-3
0x1.632fbap-5
-0x1.1949eap-3
-0x1.bdbfc4p-4
0x1.47d65cp-3
-0x1.30ecdep-2
0x1.2a4266p-3
-0x1.87765cp-3
0x1.bcd552p-3
0x1.081f4p-4
0x1.db72b6p-4
-0x1.defdfp-4
0x1.02a27ep-2
-0x1.26d4a6p-2
-0x1.e82e4p-8
-0x1.489d84p-6
-0x1.5adefep-4
0x1.26ef3p-2
0x1.1a63b6p-3
-0x1.c018e6p-6
-0x1.34ee6ap-3
-0x1.20781ep-2
0x1.3e6f06p-7
0x1.9f9992p-8
0x1.8882a2p-3
-0x1.36df32p-4
-0x1.0559fap-6
-0x1.4f106ep-3
-0x1.11a668p-5
0x1.b85278p-4
-0x1.4c1624p-3
-0x1.4a9938p-2
-0x1.4e1caep-5
0x1.033576p-5
0x1.c2bcp-4
0x1.8a23a2p-2
0x1.d2e0fap-4
0x1.2557fcp-5
0x1.9287c8p-3
0x1.f5d608p-5
0x1.1faaf4p-5
-0x1.ad1a3ap-5
-0x1.0ef6bp-3
0x1.03f732p-4
-0x1.d7edf8p-3
-0x1.a56a3ap-4
-0x1.f9df22p-3
0x1.e890aap-4
-0x1.006468p-4
0x1.8e6036p-3
-0x1.012164p-4
0x1.979094p-4
-0x1.946ef8p-3
0x1.7d1922p-4
0x1.b3c4f8p-3
-0x1.b92f4p-5
-0x1.cce762p-5
0x1.306fcp-7
0x1.73179p-4
0x1.074842p-2
0x1.6bbb0cp-3
-0x1.a2fb58p-5
0x1.5755a4p-8
-0x1.3cfef2p-3
0x1.0f9e92p-4
-0x1.8d8268p-4
0x1.54b638p-3
0x1.361888p-3
0x1.467498p-5
-0x1.84d76ep-4
-0x1.e01a74p-3
-0x1.4b7d3ep-3
0x1.c3cbfep-4
0x1.bfb12ep-3
0x1.1658cp-3
-0x1.320558p-5
0x1.4c6c44p-6
0x1.1aa882p-3
0x1.44c20ap-3
0x1.2fc72cp-2
-0x1.c3e0e4p-3
-0x1.f0031p-3
0x1.2d35d8p-8
-0x1.d56ec4p-4
0x1.df140ap-2
-0x1.0307c2p-3
0x1.117e8ap-2
0x1.93f266p-2
-0x1.2b549p-3
-0x1.453b9p-2
-0x1.aa9d7ap-4
0x1.77f242p-4
0x1.ee24bp-3
-0x1.941a1p-8
0x1.76dd1cp-5
-0x1.23917p-1
-0x1.03c58p-1
-0x1.445db2p-2
0x1.aefc8ap-2
-0x1.ee87d8p-5
-0x1.59f216p-5
-0x1.9e22eap-5
0x1.3118e8p-4
0x1.1cc548p-4
-0x1.74c83p-4
-0x1.2d2ab2p-2
0x1.be54acp-4
-0x1.17433cp-6
-0x1.57a31p-3
0x1.a6e0eap-5
-0x1.29cf7p-3
-0x1.635d38p-5
0x1.051598p-4
0x1.cdaaacp-6
-0x1.ea043cp-4
-0x1.30504ep-3
-0x1.24fd7ap-6
-0x1.318c5ep-4
0x1.0aa388p-3
0x1.3603aep-3
0x1.470dccp-3
-0x1.80b156p-3
0x1.e0ede8p-4
0x1.9c3de6p-7
-0x1.eb72ecp-5
-0x1.9e215p-3
-0x1.2148fcp-6
-0x1.ac9402p-6
0x1.9386dap-3
-0x1.01c5d4p-3
0x1.f93ffep-4
-0x1.8ae214p-5
0x1.3fe15ep-4
-0x1.3dbfdep-6
0x1.2e0616p-3
0x1.450b2cp-3
0x1.eccfc4p-5
0x1.dc30bcp-4
-0x1.f21e98p-3
0x1.013d4ap-4
0x1.b02b96p-5
0x1.b877fap-3
0x1.2cc458p-4
-0x1.f39dbap-7
0x1.174382p-4
0x1.e52eaep-6
-0x1.1c5bf4p-2
0x1.769736p-4
-0x1.663826p-4
0x1.078cfcp-4
-0x1.1ce0c6p-3
-0x1.85c3ecp-6
0x1.3ac80cp-7
0x1.c7435p-6
0x1.a60756p-4
-0x1.35f5c4p-7
0x1.de2756p-6
-0x1.4272f6p-3
0x1.f9c0b8p-12
-0x1.cbf42ap-4
-0x1.5e116ap-4
0x1.db545p-6
-0x1.ee9a9p-4
-0x1.928132p-4
0x1.07d20ep-4
0x1.441e0ap-3
0x1.f220e2p-4
0x1.811b12p-7
-0x1.e6f652p-4
0x1.2d9faep-4
0x1.5df13p-4
-0x1.91273cp-4
0x1.156c56p-4
-0x1.396d1ap-4
-0x1.adef84p-7
0x1.2a6abep-3
0x1.45b2f2p-5
-0x1.b5351cp-7
0x1.645dcap-3
0x1.a3060ap-6
-0x1.67f656p-4
-0x1.2bfcdep-3
0x1.74932ap-5
0x1.eaf842p-3
0x1.50eb5ap-3
-0x1.0d386ep-3
-0x1.d635bap-4
0x1.16f96ap-2
0x1.3b1288p-3
0x1.8efee2p-4
0x1.a115a2p-3
-0x1.61b082p-6
0x1.d99442p-3
-0x1.b3bd9ep-4
-0x1.3f8e8p-3
0x1.74a978p-4
-0x1.31d5ep-3
0x1.cdcc0ep-3
0x1.264f34p-5
0x1.a99b36p-3
-0x1.47e48p-2
0x1.2918c8p-2
0x1.dfbde6p-4
-0x1.2dc86p-4
-0x1.ed47eep-6
0x1.252d2ep-2
-0x1.4b40cap-3
-0x1.09ff8ep-3
0x1.7d0232p-3
0x1.94755cp-3
-0x1.642caap-5
0x1.c6cbaap-4
0x1.dd5d6ep-3
0x1.b4b4dap-5
-0x1.9902e4p-6
0x1.f68758p-4
0x1.c0dc8cp-7
-0x1.356cbep-2
-0x1.28cf6cp-3
0x1.ad72e2p-6
0x1.05481p-6
0x1.06f87cp-4
-0x1.7046d2p-3
-0x1.591f6ep-5
0x1.06f82ep-3
0x1.28df82p-3
0x1.f1bfcp-3
-0x1.d84632p-3
-0x1.7b987ep-3
0x1.17a53ap-4
-0x1.34b256p-4
0x1.b2d8fep-7
0x1.8f19b8p-7
0x1.7561ap-4
0x1.5ae282p-4
0x1.10afdep-3
0x1.142824p-4
0x1.c27afep-6
0x1.cc6ffcp-4
-0x1.bede08p-4
0x1.72e47cp-4
-0x1.272232p-5
-0x1.56fb22p-3
-0x1.ce9fdap-5
-0x1.ff82b8p-4
0x1.35768cp-4
0x1.ff8702p-4
-0x1.e524cp-5
-0x1.dfb83p-3
0x1.49792p-3
0x1.3cedp-4
0x1.0ce77ep-2
0x1.d42a6ap-7
-0x1.0fa0d2p-6
0x1.cd1dd6p-9
0x1.527194p-3
-0x1.e0ed62p-4
0x1.9e5366p-6
-0x1.68f91ep-5
-0x1.fe5e34p-5
-0x1.325384p-3
0x1.ec03b6p-4
-0x1.980434p-3
-0x1.2b923p-3
0x1.5a8decp-6
0x1.1c9c0cp-3
0x1.078c0ap-4
-0x1.f2d5d4p-3
-0x1.2cfefp-6
-0x1.5ae6e2p-6
-0x1.b98e78p-8
-0x1.a3a77ep-7
0x1.b29c2cp-4
0x1.08bac6p-3
-0x1.6aba72p-3
-0x1.8e49bcp-4
0x1.3b724ep-4
-0x1.16dd1ep-4
0x1.5bd22cp-3
0x1.eaa79cp-5
0x1.3da622p-3
-0x1.f18af2p-5
-0x1.75f096p-5
-0x1.abe6aep-3
-0x1.4e9e2p-3
-0x1.4a3a46p-3
0x1.adb952p-2
0x1.50fd14p-4
0x1.64ff52p-5
0x1.1992cap-4
-0x1.323b1p-4
-0x1.c5063ap-4
0x1.c6c4d8p-3
0x1.84ebf6p-3
0x1.c22764p-3
0x1.b8494cp-4
0x1.935e08p-3
-0x1.38969cp-3
0x1.1aa6ccp-4
0x1.a2c176p-6
-0x1.3ed56p-11
-0x1.80d9ccp-6
0x1.a01648p-3
0x1.aaee84p-5
-0x1.71e1fep-6
0x1.814ba8p-4
0x1.5b6f9ap-3
0x1.7c73f2p-4
0x1.13f692p-4
0x1.2f9f9cp-5
-0x1.f73deep-4
0x1.3b74dcp-3
-0x1.fb2622p-5
0x1.c6627ep-3
0x1.d164fep-3
-0x1.cbc19ap-4
0x1.ba2314p-4
-0x1.c62506p-4
0x1.5a2f9p-8
0x1.3751dp-5
-0x1.50dad4p-4
0x1.cf6dfap-3
-0x1.3bb27cp-5
0x1.d56b82p-5
-0x1.2e4a62p-5
0x1.aa1f96p-3
-0x1.ae6baap-4
-0x1.912ccp-3
-0x1.92779cp-6
0x1.bab112p-4
0x1.b3982ep-4
-0x1.4862c6p-4
-0x1.6d0c76p-4
-0x1.93ab36p-4
-0x1.e07c82p-5
0x1.57d108p-4
0x1.8d2788p-3
0x1.df0996p-3
0x1.76cb36p-4
0x1.79efacp-4
0x1.03f972p-5
-0x1.e9747ap-6
-0x1.2ba9d6p-5
-0x1.674efp-3
0x1.b73ebcp-5
0x1.088216p-5
-0x1.26eb12p-6
-0x1.29e57cp-3
0x1.1b5c4ep-3
0x1.2b6972p-3
0x1.985148p-3
0x1.05b2ap-5
0x1.4cce1p-4
0x1.8110a8p-7
0x1.31ce62p-3
0x1.079104p-4
0x1.3a6046p-5
-0x1.a9f35p-4
0x1.e80b92p-4
-0x1.3c795p-4
0x1.83812ap-4
0x1.47396ap-2
-0x1.aed148p-4
-0x1.3d61a6p-7
0x1.0b7028p-2
0x1.99ef56p-4
0x1.10236ap-6
0x1.7cf02p-6
-0x1.34cee4p-3
0x1.583c4p-4
-0x1.094324p-6
-0x1.9b55cap-6
-0x1.146d2ap-2
-0x1.283f88p-2
-0x1.8e82f8p-6
0x1.e3ba56p-6
-0x1.ca338cp-6
-0x1.3970dap-4
0x1.3bfeaap-3
-0x1.33a17ep-6
0x1.f71cd2p-4
-0x1.c88b4p-6
-0x1.cbeb3ap-7
-0x1.910a26p-7
-0x1.5f3cb2p-5
0x1.422116p-3
0x1.a100fep-2
0x1.cb5dbcp-8
-0x1.9228e2p-9
0x1.8ad662p-5
0x1.550ecp-3
-0x1.eb367p-7
-0x1.73e64ep-3
-0x1.3094ep-5
0x1.4fdef8p-5
0x1.dfa674p-6
0x1.0cbbdcp-3
0x1.41268ap-5
0x1.d7570ap-4
-0x1.3a0e34p-3
0x1.4cb3ccp-7
-0x1.4f8a6cp-3
0x1.e896ap-7
0x1.51d728p-5
0x1.300e7ep-4
-0x1.fc5626p-5
-0x1.a0fed8p-4
0x1.0ae71cp-7
0x1.2a39dcp-4
0x1.c2e01ep-5
0x1.c08b64p-3
0x1.63abb2p-2
0x1.1189b2p-3
-0x1.5140e2p-4
0x1.ac434cp-5
-0x1.1bc5dcp-5
0x1.22b926p-4
0x1.ca4dfap-5
0x1.12a67ap-5
-0x1.b4db7cp-7
0x1.b3887ep-6
-0x1.608a7p-5
0x1.7b9264p-3
-0x1.ef5e72p-4
0x1.cbf16p-3
0x1.87c502p-3
0x1.420cb2p-6
-0x1.a4617cp-3
-0x1.f31488p-6
0x1.049924p-3
-0x1.1b733ep-7
-0x1.da9b0ap-3
0x1.743ea4p-6
0x1.4a255p-3
0x1.85a662p-7
0x1.8c3dbep-3
0x1.30fc1ep-2
0x1.d40ff2p-3
-0x1.00bd02p-3
-0x1.e0fe5ap-4
0x1.242d6p-5
0x1.b715dcp-3
-0x1.0da62ep-3
0x1.12a396p-9
0x1.ec5916p-6
-0x1.27997ap-4
0x1.3c3a56p-5
0x1.0826dp-3
0x1.1a25aap-3
0x1.70f9cep-3
0x1.3160bap-3
-0x1.b834f6p-3
0x1.023e02p-3
-0x1.bcbbb8p-9
-0x1.af9258p-5
-0x1.09b196p-2
-0x1.4234dep-4
-0x1.094f84p-3
0x1.301fa2p-4
0x1.08dbfep-3
0x1.33d2bap-2
0x1.34cd8ap-5
0x1.0a0162p-2
-0x1.8fe64p-3
0x1.322ffp-3
0x1.09876ap-3
0x1.655bbp-5
-0x1.41d4dap-4
-0x1.f11b5ap-8
-0x1.0cb6cap-7
-0x1.03c5bp-3
-0x1.9b618p-5
-0x1.05c7e6p-6
0x1.314c5ap-3
0x1.088554p-3
-0x1.6bcefep-6
-0x1.2d8e32p-2
-0x1.654858p-4
0x1.45f1bep-6
-0x1.24d0e4p-3
-0x1.049d14p-3
-0x1.0ef892p-2
-0x1.68639ap-4
0x1.f3b848p-4
0x1.1bf18p-3
0x1.68829ep-2
0x1.236ad8p-4
0x1.16737ap-3
-0x1.a23202p-4
-0x1.0b94f4p-4
-0x1.a97356p-7
-0x1.5605fp-3
-0x1.4cea7cp-3
0x1.5d3d2ap-3
-0x1.ba4e66p-9
-0x1.ee9308p-3
0x1.3ed95p-7
0x1.b2f6cep-6
0x1.35b1f4p-3
0x1.5dfad8p-5
-0x1.2fcb82p-2
-0x1.189aap-3
-0x1.5ccdf4p-4
0x1.1130e2p-3
-0x1.13f932p-3
0x1.175a2ep-3
-0x1.57989p-2
-0x1.26c242p-3
0x1.03c86ap-2
0x1.98739p-3
0x1.c16112p-3
0x1.7b6182p-5
0x1.23e4fp-5
0x1.87d5f2p-4
-0x1.f2b4a8p-3
0x1.d483b8p-6
0x1.4776b4p-4
-0x1.02262ep-3
0x1.36f7b2p-5
0x1.c9bb2ap-5
-0x1.3da91ep-4
0x1.7bd3e6p-9
-0x1.6c67a8p-3
0x1.8872b4p-3
0x1.188842p-2
0x1.a13216p-4
-0x1.88b68ap-2
-0x1.77ed26p-6
0x1.2fd3fap-3
-0x1.86ad76p-2
-0x1.1db078p-3
0x1.dac51p-3
0x1.38ed5cp-2
0x1.9a7ef6p-9
-0x1.0bf42ep-2
-0x1.31f0bcp-4
-0x1.a0471p-5
0x1.5ba102p-10
0x1.0d210ap-2
-0x1.b9caa2p-4
-0x1.505714p-3
-0x1.6566a2p-3
-0x1.fa4c5cp-3
0x1.d64abp-3
-0x1.3fd0acp-3
0x1.a203bep-3
0x1.0202dp-3
0x1.0376fcp-3
-0x1.557fecp-2
0x1.0027a6p-5
-0x1.679f6ep-8
0x1.a46f7p-4
0x1.c70f16p-6
0x1.126512p-5
0x1.5b45dp-5
0x1.28b632p-5
0x1.c8828ap-6
-0x1.1d05ccp-6
0x1.4d6cfp-5
0x1.bd4428p-6
-0x1.485c3ep-3
0x1.5dbe2ep-6
0x1.e829a8p-5
0x1.0cd60ap-8
-0x1.0881ecp-4
0x1.3585bap-6
0x1.f737c4p-5
-0x1.32ee9p-4
-0x1.6fc9ap-6
-0x1.44081ap-6
-0x1.635b2p-7
-0x1.b96624p-5
0x1.b8452p-4
0x1.c5c2ep-8
-0x1.efb968p-6
0x1.88051p-4
0x1.1a935ap-5
-0x1.a4a4ep-3
-0x1.955facp-3
0x1.58027ap-4
0x1.d42adep-3
-0x1.6b3c34p-4
-0x1.a91814p-4
-0x1.296a02p-6
0x1.676936p-3
-0x1.41d32p-4
0x1.beb288p-6
-0x1.4ec9c4p-5
-0x1.6cbf8ap-6
0x1.2fab6p-4
0x1.7fc15cp-3
0x1.abda84p-5
-0x1.8b3baep-8
-0x1.16d924p-3
0x1.a619ap-3
0x1.f9609ap-5
-0x1.bea53p-3
0x1.703448p-3
0x1.41b8bp-3
-0x1.9b2fbap-2
0x1.7efe4ep-4
0x1.157066p-3
-0x1.ccfdf4p-4
-0x1.802582p-4
0x1.2109dp-3
-0x1.c16f0ap-4
-0x1.fe4c3cp-4
-0x1.fc968p-3
-0x1.0f33eep-2
0x1.69ef86p-5
0x1.9f5e96p-4
0x1.b3a262p-3
0x1.c09f6ep-6
-0x1.97f91cp-3
-0x1.5f4b48p-5
0x1.981f68p-4
0x1.1bd18cp-3
0x1.314cd8p-2
-0x1.4c82bp-3
-0x1.2a3fp-9
-0x1.483566p-5
-0x1.030d1ep-3
0x1.26a10cp-6
0x1.22c4e4p-2
0x1.408442p-3
0x1.69b8cep-4
-0x1.339ac4p-4
0x1.398308p-5
-0x1.8a2776p-4
0x1.c138ep-4
0x1.7c273cp-5
-0x1.4dc55ep-5
-0x1.782b1p-3
0x1.aa00d2p-8
-0x1.6ddd3p-6
0x1.4b6934p-3
0x1.7e9c18p-3
0x1.bd5c72p-3
0x1.65f0ep-5
0x1.b4f732p-3
0x1.71382cp-5
0x1.ead052p-6
-0x1.dceb18p-4
-0x1.aa4ec8p-4
0x1.85155p-5
-0x1.9c95b6p-7
-0x1.12834p-4
-0x1.0f5868p-2
0x1.9f2e5p-4
-0x1.fc3b7ap-3
-0x1.4f42a4p-4
0x1.5ce0b6p-4
0x1.9e29ep-4
0x1.8b3cep-4
0x1.b29p-3
0x1.f49b5cp-4
-0x1.51e856p-2
-0x1.a85108p-2
0x1.9289c6p-4
-0x1.a18b0cp-5
0x1.1490dcp-4
0x1.510b7ap-5
0x1.593bd8p-5
-0x1.f6369ap-4
0x1.34057ap-3
0x1.9165cp-3
0x1.0b58bp-2
0x1.26a162p-3
-0x1.c34d2cp-3
-0x1.06023cp-3
-0x1.e9755ap-3
-0x1.9591a6p-4
-0x1.1955fp-3
0x1.8107d6p-5
-0x1.d733b2p-4
-0x1.b03b6p-5
0x1.7c322ep-2
-0x1.8ba694p-5
-0x1.0a8972p-2
-0x1.ff13f2p-9
0x1.b4e788p-4
-0x1.a5eef8p-3
0x1.25674p-7
-0x1.e9a438p-3
0x1.c90888p-3
0x1.1a192ep-2
-0x1.2220b8p-3
0x1.897a4p-3
-0x1.17bc8p-3
-0x1.bf9128p-3
0x1.5f74eep-3
0x1.6df33ap-3
0x1.a5abb8p-4
-0x1.c23042p-2
-0x1.8f3ed4p-2
-0x1.361e6ap-2
-0x1.a0e578p-2
-0x1.3c7d84p-6
0x1.bb9076p-3
-0x1.e9e49ep-6
-0x1.cb7308p-4
0x1.e31e96p-3
0x1.956272p-3
-0x1.03c28ap-2
0x1.8b2218p-3
-0x1.1b4fa6p-4
-0x1.5d41d6p-3
0x1.9509fap-5
-0x1.48a5a2p-3
0x1.ee0426p-3
0x1.005dd2p-2
0x1.13f322p-4
0x1.9ef06ep-3
-0x1.079f9ep-3
-0x1.4dbc86p-5
0x1.e50a08p-3
0x1.0f7cbep-2
0x1.e38e0cp-4
-0x1.6561dp-2
-0x1.a846aep-3
-0x1.f53e3cp-3
-0x1.c120acp-2
0x1.b8c814p-3
0x1.f9fc9cp-3
-0x1.161144p-3
-0x1.258cb2p-5
0x1.e5cc76p-2
0x1.95f5c2p-5
-0x1.526fd4p-4
0x1.84bccp-3
0x1.ee2664p-5
-0x1.1c0f66p-3
-0x1.421b2cp-4
-0x1.673eb8p-5
0x1.1a6a7ep-3
0x1.6feceap-4
0x1.e73428p-3
0x1.401752p-3
0x1.3d963ep-4
-0x1.5e9c3cp-2
0x1.cb1f0ep-3
0x1.251de2p-2
0x1.3da0e8p-2
-0x1.319fecp-3
-0x1.a844d6p-3
-0x1.e8327cp-3
-0x1.e0db36p-3
0x1.f95644p-5
0x1.e4d752p-3
-0x1.e4f644p-3
-0x1.2003c6p-6
0x1.e4788cp-3
-0x1.505aap-4
-0x1.4b0c1ap-4
0x1.1a7aa8p-4
-0x1.d5115cp-5
0x1.61d4dcp-4
-0x1.69fb7ep-4
-0x1.56df8cp-4
0x1.509c8cp-3
0x1.dfedeap-4
0x1.49a702p-2
0x1.4f33e2p-4
0x1.cbf426p-4
-0x1.f49c9p-3
0x1.2ec2bcp-3
0x1.49640ap-3
0x1.292e64p-2
-0x1.ef4704p-4
0x1.ac2f66p-10
-0x1.06009ep-3
0x1.5997ap-4
-0x1.f346a8p-7
0x1.55608cp-5
0x1.a4818p-6
0x1.08f58ap-7
0x1.ef9ec6p-4
0x1.24d9bep-3
-0x1.365bfp-3
0x1.bcce7ap-5
0x1.76e838p-3
-0x1.101684p-3
-0x1.d14c4ep-3
0x1.45a2acp-2
0x1.461b76p-5
-0x1.5e9516p-6
0x1.a0c214p-3
0x1.fe28fcp-6
-0x1.130f88p-2
-0x1.ed486ep-3
-0x1.38816cp-6
-0x1.427122p-7
-0x1.a994fep-5
-0x1.561804p-4
0x1.4d6588p-4
0x1.43aap-3
-0x1.e4444p-3
0x1.b2d7ap-3
-0x1.20f3b6p-4
0x1.ad2b46p-4
0x1.6b2844p-3
0x1.1d4718p-3
-0x1.a0c3f6p-4
-0x1.0b688p-2
0x1.0478eep-5
0x1.287f3ap-4
-0x1.7b5ea2p-7
-0x1.04ddcep-4
0x1.357522p-2
0x1.dd0412p-4
-0x1.7ecd2ap-6
0x1.572ee4p-2
-0x1.7f2d92p-6
-0x1.f56d3p-7
0x1.5d1c08p-4
-0x1.6a8042p-4
-0x1.19c6c4p-4
-0x1.d798c8p-3
0x1.0f7f56p-3
0x1.87a4dcp-4
0x1.1b7416p-2
-0x1.fd3aap-5
0x1.38eab4p-3
-0x1.6a17cp-3
0x1.f5b38ep-6
-0x1.1a8272p-6
0x1.296b2cp-5
-0x1.6d6578p-2
-0x1.3f277cp-2
0x1.7dfcap-4
0x1.75973ap-5
-0x1.f93a8cp-7
-0x1.dc075ap-3
0x1.9e3326p-3
0x1.ea0cbap-4
0x1.a1742ap-4
0x1.a9c124p-5
0x1.75f916p-2
-0x1.f34844p-3
-0x1.3e8008p-6
0x1.559526p-4
0x1.0b606cp-2
0x1.bbd726p-3
-0x1.f50ab6p-7
-0x1.fd6964p-5
-0x1.83d552p-5
-0x1.ba1642p-3
-0x1.af14f8p-6
-0x1.df2048p-10
0x1.ca060cp-7
-0x1.93480ap-5
0x1.cada7p-5
-0x1.c1a6e2p-4
-0x1.774eeap-3
-0x1.0fd4aap-4
0x1.d51eacp-6
-0x1.d9ddd6p-3
-0x1.06e6ecp-3
0x1.d58704p-4
0x1.765072p-3
0x1.cf0c38p-3
0x1.4f732p-3
0x1.d1705p-4
0x1.58474cp-4
0x1.d24766p-3
0x1.d8c40cp-2
0x1.62f968p-4
0x1.db2c52p-5
0x1.da08d6p-4
-0x1.4c0452p-3
-0x1.015c62p-3
-0x1.64e968p-5
0x1.11d524p-1
0x1.27722p-5
0x1.9619cep-2
-0x1.262fa6p-2
0x1.1b8692p-3
-0x1.884d6cp-3
0x1.96613ep-4
0x1.ec79a6p-5
0x1.3871f6p-5
-0x1.a10c1p-3
-0x1.8a922cp-3
0x1.04232ap-2
0x1.fb4be2p-6
0x1.adf77ep-4
-0x1.099b9p-4
-0x1.a1847p-4
-0x1.40aa7ap-5
-0x1.388c2ap-4
0x1.c67b12p-6
0x1.bc1cc4p-3
0x1.7e38aep-8
0x1.640f92p-3
-0x1.08a782p-3
-0x1.d4d802p-4
-0x1.bf1b4cp-3
-0x1.35f692p-3
-0x1.4c2e08p-4
-0x1.8a0ffep-6
0x1.f97d6ap-4
-0x1.a657fcp-4
0x1.4b2e6ep-9
-0x1.7f280cp-4
0x1.059beep-3
-0x1.78b7eep-4
-0x1.b6e2c2p-5
-0x1.32e85ep-3
-0x1.0d2b8ap-7
-0x1.060eb2p-4
0x1.44ab6ap-7
0x1.198564p-4
0x1.0cb282p-6
-0x1.6c2414p-3
0x1.42793ap-3
0x1.341b42p-5
-0x1.e5e8bep-4
-0x1.a91c2ep-3
0x1.2d3792p-2
-0x1.54789cp-3
-0x1.c730e6p-4
-0x1.0dacb2p-6
0x1.c14316p-5
-0x1.61403cp-4
0x1.93091ap-2
0x1.f02d6p-3
0x1.d78578p-5
0x1.98a72p-3
-0x1.3fb7p-4
-0x1.6d2db8p-7
-0x1.085fb2p-2
0x1.194acp-2
-0x1.a304c6p-3
0x1.f12ccap-6
0x1.a44476p-4
0x1.cde45ep-4
-0x1.3523ccp-3
0x1.e8de12p-3
-0x1.edfb6cp-4
0x1.cd4304p-4
0x1.55e392p-3
-0x1.27fbacp-4
-0x1.d1a4a6p-3
0x1.5af1d8p-4
0x1.bf625p-4
0x1.b69398p-4
-0x1.fa487cp-4
0x1.3fa3aep-2
0x1.ed48f4p-5
-0x1.509e72p-3
0x1.7dbf44p-3
0x1.436728p-4
0x1.4d5ce6p-6
-0x1.b5d15p-4
-0x1.c1376cp-5
-0x1.41d982p-7
-0x1.397fbep-4
0x1.e39b54p-4
0x1.83d42ep-3
0x1.2cbc54p-8
0x1.54ef3ep-2
-0x1.ea82cep-4
0x1.810114p-4
-0x1.774676p-3
0x1.0a52bcp-11
-0x1.1a1ae4p-5
0x1.b6482p-4
-0x1.eed2d4p-2
-0x1.275494p-5
0x1.1539cap-3
0x1.692024p-4
0x1.612cb4p-7
0x1.29bc0ep-7
-0x1.29709ap-3
0x1.ea8658p-2
-0x1.0989ecp-5
-0x1.78ee18p-3
-0x1.bfa01ap-7
0x1.36d39ap-2
-0x1.d0602p-3
-0x1.eb8a1cp-9
0x1.28defp-4
-0x1.5beb9cp-4
0x1.52615ep-3
0x1.41f74cp-3
-0x1.f91efcp-2
-0x1.5b4d34p-3
-0x1.79cf6p-3
0x1.d8f354p-3
0x1.e629a2p-2
-0x1.32e3dep-6
-0x1.8890aep-4
-0x1.04b4a8p-3
0x1.5a7b7ep-2
0x1.c16ccep-2
0x1.8adde4p-7
0x1.b2c40cp-3
-0x1.a927b4p-5
-0x1.127748p-3
-0x1.bf67aap-3
0x1.b9996ep-3
-0x1.b2c08ep-3
0x1.48259p-3
0x1.1b33f6p-2
-0x1.f03f92p-5
0x1.e72398p-5
0x1.a5996ep-8
-0x1.9c8aeep-5
0x1.31caa2p-8
-0x1.509d08p-3
-0x1.a8c2e6p-4
-0x1.4696aep-3
-0x1.2d99e8p-2
0x1.30a336p-2
0x1.780442p-2
-0x1.046d0cp-3
-0x1.32acaep-4
-0x1.a333aep-5
0x1.b06f24p-4
0x1.82c008p-3
0x1.71f662p-2
0x1.019c84p-3
-0x1.6d1152p-4
-0x1.1435e8p-4
0x1.94130ep-4
-0x1.466532p-8
0x1.efc406p-7
0x1.0a01fcp-3
0x1.1abf2ap-2
-0x1.917704p-3
-0x1.bebaa8p-3
-0x1.3109ecp-3
0x1.c291eap-3
-0x1.e3832ap-2
-0x1.46d08ap-4
0x1.4058a8p-5
0x1.518034p-4
0x1.074618p-4
-0x1.18ce42p-4
0x1.8293dep-2
0x1.5429fap-3
-0x1.5df256p-5
-0x1.5de934p-6
0x1.232034p-3
0x1.bd19d8p-3
0x1.5b096p-3
-0x1.24a85p-3
-0x1.0c0a92p-2
-0x1.462052p-2
-0x1.1ecf32p-3
0x1.49671ap-5
0x1.764cf2p-6
0x1.f280b8p-4
-0x1.ec324p-5
-0x1.318438p-5
-0x1.cec88ap-3
-0x1.969ebep-6
0x1.703dbap-5
0x1.c44e44p-6
-0x1.25d8d6p-5
-0x1.75e214p-3
-0x1.08e6eep-3
-0x1.0b4602p-2
0x1.a9a112p-2
0x1.66967ep-3
-0x1.0e7134p-3
-0x1.060bb4p-4
0x1.360e64p-2
0x1.047b78p-5
0x1.0c6d14p-2
0x1.ab87bcp-5
-0x1.c5ad76p-3
-0x1.42046p-2
-0x1.e8f694p-7
-0x1.badc2cp-4
-0x1.5fee3p-3
-0x1.0921cap-3
0x1.1aaf4cp-2
0x1.438e72p-3
-0x1.309c04p-3
0x1.517b02p-4
-0x1.24925cp-3
0x1.b4c85p-12
-0x1.ff2c1cp-6
-0x1.18b9eep-3
-0x1.0516c2p-3
-0x1.2353cap-7
-0x1.e2f1d8p-3
0x1.0b3bf2p-5
0x1.6424cep-2
0x1.786d52p-5
-0x1.52ffdap-5
-0x1.9c5392p-6
0x1.aa946p-3
0x1.150b2ap-3
-0x1.d0a522p-4
0x1.a11014p-5
-0x1.f85c3p-4
-0x1.34b588p-3
-0x1.baf0a8p-3
0x1.0b4a18p-3
-0x1.27bc32p-3
0x1.b67064p-6
0x1.1133aap-2
-0x1.4bc576p-7
0x1.e274e2p-12
-0x1.1fff6cp-4
0x1.140642p-5
-0x1.3fa55ep-6
0x1.dc4b24p-6
-0x1.5c4108p-4
-0x1.0b34ccp-3
0x1.f30738p-6
0x1.30f15ap-4
0x1.4c7972p-7
0x1.17b892p-4
-0x1.48a5a6p-3
-0x1.5b72b6p-4
0x1.18503ap-3
0x1.208fa4p-3
-0x1.9feddep-4
0x1.06673ap-4
-0x1.175334p-2
0x1.0eca6p-3
-0x1.436a06p-4
0x1.ad10cap-3
0x1.6360a2p-4
-0x1.095f58p-6
0x1.4d8adap-2
0x1.e12256p-6
-0x1.51fc8ap-3
0x1.3d3e94p-2
0x1.6dea24p-3
0x1.0fb148p-3
-0x1.991b58p-3
0x1.10ca4p-3
0x1.6a253ep-7
0x1.f9b754p-4
-0x1.9d3e2ep-6
0x1.90f54cp-4
0x1.648bb8p-2
0x1.e17d54p-4
0x1.b3ed48p-4
0x1.73db9ap-4
0x1.4c6b5ep-4
0x1.b8e4p-4
-0x1.17fad4p-3
0x1.a8bc82p-7
0x1.5484c8p-3
-0x1.964328p-5
-0x1.7d1a24p-3
-0x1.1df9d2p-3
0x1.3ddbd6p-3
-0x1.d61926p-6
-0x1.55a4dap-6
-0x1.28ee8p-3
0x1.295384p-2
-0x1.45c61ap-4
0x1.49baeep-4
0x1.707d52p-4
-0x1.0286c8p-1
-0x1.05211ap-6
-0x1.68ec28p-4
0x1.52071ap-8
0x1.b425acp-4
-0x1.e6b6ccp-5
0x1.bdf668p-3
0x1.01d39ep-3
0x1.3b05dep-3
0x1.d0ca5p-5
0x1.2df6b4p-4
-0x1.94b5e6p-7
0x1.ea0d5cp-7
0x1.04815cp-6
0x1.83c258p-3
0x1.11e6f6p-3
0x1.8fc722p-11
-0x1.7d5cdcp-5
-0x1.7f1b9ap-7
-0x1.28a866p-3
0x1.f7ae8ap-4
-0x1.4e8c36p-2
0x1.4eb342p-4
-0x1.1f950ap-2
0x1.03b898p-2
0x1.ad50aap-3
-0x1.358234p-4
0x1.653324p-3
-0x1.b9d24p-4
0x1.2a2d28p-4
0x1.0ff1aap-3
0x1.2bb536p-6
-0x1.11eb76p-2
0x1.0a3c8ap-3
-0x1.636a2p-6
-0x1.1524a6p-2
-0x1.1cef52p-2
0x1.e9df76p-5
-0x1.5ae2eep-4
0x1.72e22ep-3
0x1.5e264ap-7
0x1.1d1e9cp-2
-0x1.bd473ap-5
-0x1.28b5b8p-4
0x1.856f64p-5
0x1.44a61ap-3
0x1.16cc12p-2
0x1.36fe8ap-6
0x1.569bbcp-2
-0x1.28d44p-5
-0x1.6106ecp-3
0x1.671e1cp-2
-0x1.005092p-2
0x1.5b2504p-3
0x1.2da79ep-7
0x1.634a4ap-3
0x1.f7da7ap-5
0x1.4a713cp-3
-0x1.d441bp-4
-0x1.f34d3cp-4
0x1.31a3cep-3
0x1.3504bcp-2
-0x1.1ccf68p-3
-0x1.8f912cp-5
-0x1.805b56p-2
-0x1.92dda6p-3
-0x1.9216d2p-8
-0x1.54d2c6p-2
-0x1.7389d6p-5
0x1.1b54cap-4
-0x1.3017ccp-4
-0x1.454724p-4
-0x1.35c66p-3
-0x1.ce3856p-5
0x1.039ac6p-6
-0x1.9a8fbcp-4
0x1.a23c8cp-3
-0x1.2d6d2ap-3
-0x1.8d055cp-6
-0x1.7e6d42p-4
-0x1.f34206p-4
0x1.c7a59ep-3
-0x1.6dd9f6p-5
0x1.9a2a38p-4
0x1.cd6424p-5
-0x1.6d7d02p-3
0x1.67fe84p-3
-0x1.15cf5cp-4
-0x1.4ca826p-5
-0x1.2f8082p-2
-0x1.1829ap-14
-0x1.2685ccp-16
0x1.596c74p-14
-0x1.217638p-16
0x1.c775dcp-15
-0x1.aef86ep-13
0x1.13fa5cp-14
0x1.4d1daep-18
0x1.31d242p-14
0x1.8ac9cep-16
0x1.a40bbp-13
-0x1.feff08p-13
0x1.8bcf66p-16
0x1.fd3d3ep-16
0x1.916a5p-13
-0x1.9671c2p-14
-0x1.3f053ep-15
0x1.324f1ap-12
-0x1.a18ee4p-13
-0x1.a92f02p-16
0x1.bf135p-15
0x1.cef796p-13
0x1.27a5fcp-16
0x1.8acfcap-16
0x1.0264f6p-14
0x1.f09c96p-16
-0x1.6fcd3ap-14
0x1.58af8ep-13
-0x1.01848ep-13
-0x1.16fb02p-17
-0x1.e32f3p-13
-0x1.059266p-16
0x1.d4e916p-17
-0x1.1e51a6p-16
0x1.6b17b2p-16
0x1.46ce4cp-13
-0x1.fee882p-14
-0x1.49e4bp-15
-0x1.ef8c74p-15
-0x1.07ca58p-15
0x1.13e22ap-13
-0x1.658adp-16
0x1.986fd8p-18
-0x1.fc8418p-16
-0x1.596682p-12
-0x1.6c508cp-13
-0x1.2a287cp-12
-0x1.5b0daep-13
-0x1.8ef658p-15
0x1.04a7d6p-15
-0x1.88831p-15
0x1.3ca9bp-15
-0x1.c2e696p-14
0x1.81e372p-16
0x1.b344e8p-15
-0x1.576446p-13
-0x1.1bad8ap-15
-0x1.1431f4p-14
0x1.a1e324p-14
-0x1.0bd7d2p-16
0x1.fb45bep-18
-0x1.8963ccp-15
-0x1.c6cad4p-13
-0x1.659576p-16
-0x1.007954p-12
-0x1.57462p-14
0x1.1a0552p-15
-0x1.730806p-15
0x1.de7fap-16
-0x1.b39464p-16
0x1.1e624ep-15
0x1.21f0aep-14
-0x1.0d6818p-14
0x1.dff0ap-16
-0x1.5d73a6p-14
0x1.21a0d4p-14
-0x1.5c0c52p-16
0x1.203c3ep-14
0x1.0fb068p-13
-0x1.7464bep-16
0x1.cddefp-14
0x1.24b006p-13
-0x1.ad0a8cp-15
0x1.89c5cap-13
-0x1.69a206p-14
-0x1.85f9d4p-15
-0x1.63ac4p-15
-0x1.4541bp-14
0x1.a7cee6p-14
-0x1.39f93ep-14
-0x1.445ac2p-13
0x1.1313eep-14
-0x1.8a12e4p-15
0x1.0fa4ap-13
0x1.fc962cp-15
0x1.2cffa6p-13
0x1.4512e2p-15
-0x1.ce8de6p-16
-0x1.12ecdep-15
0x1.4aa5cep-14
0x1.00bc9ap-13
0x1.365308p-17
0x1.a9630cp-15
-0x1.c6e58p-14
-0x1.d5ef1ap-16
-0x1.e58eb4p-14
-0x1.1e6c3ap-15
0x1.000bbcp-13
0x1.ccfcc4p-15
-0x1.0c7816p-13
0x1.3c4c5cp-13
-0x1.ab4f5cp-14
-0x1.3712e4p-17
-0x1.d78eep-18
-0x1.afb69p-15
0x1.0d9c7cp-12
-0x1.2adeb2p-14
-0x1.035f02p-12
-0x1.d8edc2p-14
0x1.04ca0cp-14
0x1.2bebecp-12
-0x1.76fe02p-16
0x1.4ad7fap-13
-0x1.4d763ap-14
0x1.440ae6p-18
-0x1.7a59eep-15
0x1.a5341ap-18
-0x1.4043cep-14
0x1.bf2cb2p-13
0x1.d120a6p-14
0x1.2c0e54p-14
0x1.54f806p-14
-0x1.37c4c4p-13
0x1.e40dfep-15
0x1.c4f62cp-14
0x1.30ac8ep-17
0x1.8de2f8p-13
0x1.2088bp-12
0x1.cf4a96p-14
0x1.72f9c2p-14
0x1.d39f3ep-14
-0x1.486fc2p-13
0x1.cbfbc4p-15
0x1.5463b6p-13
0x1.49564p-14
-0x1.e345fep-15
-0x1.dc27e2p-14
-0x1.473d6ep-12
-0x1.724f3ap-14
-0x1.caa896p-16
-0x1.99be86p-15
-0x1.c11a68p-16
0x1.79cc6p-14
0x1.25e68p-14
-0x1.0d1ba2p-14
0x1.c94c86p-15
-0x1.ee95e8p-14
0x1.48fc8ap-13
0x1.cdc68ep-17
0x1.44b656p-12
-0x1.0d4df8p-18
0x1.3dc70ap-15
0x1.10d6d8p-13
-0x1.3a03bap-14
-0x1.df06cep-13
0x1.8d4738p-15
-0x1.2bf0f8p-16
-0x1.082b1cp-17
-0x1.2c0214p-12
0x1.46007ap-14
0x1.55c7ecp-16
-0x1.fcd7d6p-16
0x1.757c7ap-13
0x1.2fab62p-17
0x1.393d48p-14
-0x1.14628ep-16
-0x1.97f7a2p-15
0x1.5d5828p-14
0x1.87ea3cp-15
-0x1.5c7d9cp-14
0x1.ee3766p-14
0x1.57b602p-15
-0x1.24e4d2p-13
-0x1.fc41cep-13
-0x1.320d0cp-15
0x1.cd23eep-14
0x1.fc5b86p-13
-0x1.ee3982p-13
-0x1.76989p-17
0x1.35dcd6p-14
0x1.28e072p-14
0x1.3e7602p-14
-0x1.64d9d8p-14
-0x1.48dc04p-13
-0x1.ae9642p-15
0x1.2f3114p-13
-0x1.1597cap-19
-0x1.7ecb24p-15
0x1.ffe0f6p-16
-0x1.c819fep-16
-0x1.9e3b22p-14
-0x1.4888cap-14
0x1.104714p-18
-0x1.8670c2p-15
-0x1.48a12ep-13
-0x1.485cbcp-16
0x1.3617a8p-12
-0x1.37f5ap-15
-0x1.a4c3fap-12
0x1.33c794p-15
0x1.366188p-16
-0x1.dfed84p-16
-0x1.103cc2p-14
0x1.b8fa28p-15
0x1.4b2be4p-13
0x1.8e5b38p-14
0x1.5a455ep-13
0x1.4ea2acp-14
-0x1.a2c8fap-16
-0x1.a9cde8p-13
0x1.d8cc26p-13
0x1.10d426p-17
-0x1.9a81cap-15
0x1.681b2cp-15
-0x1.5322fap-12
-0x1.3657aap-13
-0x1.1cd042p-12
-0x1.f17f88p-14
0x1.0a74ecp-13
-0x1.c4ceeep-15
-0x1.a3279ap-17
-0x1.065c3cp-12
0x1.81d92cp-15
-0x1.6c914cp-14
-0x1.189146p-13
-0x1.c3308cp-15
-0x1.78ddaep-12
-0x1.079c6p-13
-0x1.1fff2cp-16
-0x1.99bec2p-13
0x1.1259e8p-15
0x1.44f63p-18
0x1.14e34cp-13
-0x1.f951a2p-14
-0x1.4e8a34p-14
-0x1.bc0d5ep-13
-0x1.97d5b4p-15
0x1.afd4fp-14
0x1.42428ap-14
0x1.d3057ap-15
0x1.744578p-17
0x1.f6d9d6p-16
0x1.df79fep-13
-0x1.7d8be8p-13
0x1.38225p-14
0x1.4c3c38p-13
-0x1.77cea8p-13
0x1.0805a4p-16
0x1.36634cp-14
0x1.aa32b4p-16
-0x1.99b6aep-12
-0x1.99b3dep-14
-0x1.762716p-13
-0x1.a181ecp-13
0x1.895034p-14
-0x1.163908p-12
0x1.3bd9cap-15
-0x1.4c2e6ep-16
0x1.495f08p-16
0x1.1e4514p-12
-0x1.23789p-14
-0x1.198cfp-13
0x1.52c4bcp-17
0x1.2068acp-14
0x1.ded1cp-14
0x1.7837b4p-13
-0x1.48fe5ap-15
-0x1.3163c8p-13
0x1.09f8b8p-13
0x1.f46c34p-14
0x1.94ca7ep-14
-0x1.1a49a6p-15
0x1.aca6d2p-14
0x1.e8eb7cp-15
-0x1.114f24p-13
0x1.5dafep-14
-0x1.f73ecap-20
0x1.72d0d6p-13
-0x1.11d35ap-13
0x1.ea8c9p-15
-0x1.b3b72ep-15
-0x1.75ddc8p-14
0x1.3a7c9cp-13
0x1.70c0e8p-17
-0x1.73b6d2p-13
0x1.7e30fap-12
0x1.45276ap-14
0x1.cf5a24p-13
-0x1.89ee5ap-15
-0x1.03be9cp-12
-0x1.24a34cp-15
0x1.e94414p-14
0x1.184b1ap-13
0x1.3a0e48p-13
-0x1.4b6d16p-14
-0x1.6cd29cp-14
-0x1.cfa4fap-13
0x1.f29decp-16
-0x1.780e2p-15
-0x1.0d8556p-14
-0x1.23ee76p-13
0x1.94c1bp-13
0x1.031f1ep-15
0x1.0a7f56p-18
-0x1.19e97cp-13
-0x1.38917ep-16
0x1.bb2d68p-15
0x1.41bbdp-13
0x1.00498cp-13
-0x1.fa1d24p-15
0x1.ec8d8ap-14
-0x1.25718p-12
-0x1.c9353p-13
-0x1.0ad7c8p-16
0x1.05f93ap-15
0x1.3e14fap-16
0x1.2be0eap-12
-0x1.6bb564p-14
-0x1.c881ecp-15
0x1.80335cp-13
0x1.d9081ap-13
0x1.43bb06p-14
-0x1.686be4p-13
-0x1.afced4p-14
0x1.f9f24ap-14
-0x1.8adb58p-14
0x1.c2f518p-19
0x1.6019c4p-15
-0x1.87051cp-14
0x1.54ac7p-15
0x1.807456p-14
-0x1.139f28p-13
0x1.e50232p-14
-0x1.061714p-12
-0x1.0339f4p-23
-0x1.21d44ep-14
-0x1.f996b4p-14
-0x1.c48f2cp-17
-0x1.1339e6p-13
-0x1.81c78ep-16
0x1.8e1b46p-16
-0x1.0ae6f6p-13
-0x1.a4f2e6p-13
-0x1.626846p-15
0x1.8a12dp-18
-0x1.b58b8ap-14
0x1.23d14ap-16
0x1.7fb5e4p-13
0x1.706bc2p-18
0x1.e1337cp-14
-0x1.a00d16p-15
0x1.dd58b6p-14
0x1.f05b88p-16
0x1.2c7a1p-15
0x1.701e7ap-13
0x1.973824p-15
-0x1.1d332ap-14
-0x1.74b2eep-14
0x1.53f546p-15
-0x1.da9378p-13
-0x1.a83058p-14
0x1.844a46p-17
0x1.572c9p-17
0x1.72bd36p-15
-0x1.d5bac6p-20
0x1.ad9e3ep-2
0x1.dc5f7ep-3
-0x1.37a3b6p-2
-0x1.4d686p-3
-0x1.7c6382p-5
0x1.082d92p-2
0x1.9ec5fp-2
-0x1.4319d6p-3
0x1.d6b724p-5
0x1.73ae1ep-1
0x1.db0e5p-4
0x1.ab3efep-5
-0x1.2ca744p-2
0x1.d3db7ep-4
-0x1.c64ddep-3
-0x1.56addep-5
-0x1.5552a4p-2
0x1.2cc2d4p-4
0x1.1cbe9cp-2
0x1.b5f758p-3
-0x1.e4312ep-4
0x1.26ce44p-5
-0x1.842054p-5
-0x1.3586aap-2
-0x1.e0088cp-4
0x1.6e7918p-2
0x1.db4ceap-5
0x1.098ab2p-3
-0x1.6c3ac4p-7
0x1.5531bcp-3
0x1.cc0c64p-2
0x1.1e1e3ap-2
0x1.16e9eap-3
0x1.30afd6p-1
-0x1.7efddep-4
-0x1.0d44a6p-1
0x1.9065fap-3
-0x1.6dee68p-2
0x1.093f7ep-1
0x1.615e98p-2
0x1.d77a4cp-6
-0x1.5e270ep-2
-0x1.40545ap-2
0x1.639f44p-2
-0x1.c63fa4p-5
-0x1.339158p-2
0x1.b2cdeap-2
-0x1.8b18f6p-3
-0x1.b15ef4p-4
0x1.b6a57p-2
-0x1.48c3c6p-2
0x1.dbf91cp-3
-0x1.6de6d6p-3
-0x1.4ab86p-8
-0x1.4695ep-2
0x1.9f09b2p-7
-0x1.99225p-2
-0x1.d5e854p-3
0x1.9173bp-4
-0x1.8a358ap-3
-0x1.e32216p-5
-0x1.18446ep-3
0x1.565b56p-4
-0x1.9273c6p-3
0x1.92b728p-5
-0x1.6e7a8cp-4
0x1.97ad7p-3
-0x1.760ec8p-3
0x1.21f2d8p-6
-0x1.8e389ep-2
-0x1.f2468cp-3
-0x1.7f8c8p-3
0x1.cf8372p-11
-0x1.baa55ep-2
-0x1.76123ep-2
0x1.2b15f8p-2
-0x1.6e84c2p-3
0x1.e96fd8p-8
-0x1.ece71p-3
-0x1.d444cep-5
-0x1.2f0c3ep-1
-0x1.6f118ap-1
0x1.5ba3b6p-2
-0x1.14408cp-2
0x1.a067d4p-2
0x1.dceeep-4
-0x1.26291p-2
0x1.3b824ap-3
-0x1.4b16a6p-1
-0x1.af371p-4
0x1.17a9bcp-1
-0x1.f46cecp-6
-0x1.dec1ccp-2
-0x1.b70bbcp-7
-0x1.542e6ep-3
-0x1.a817c2p-1
0x1.4c0c82p-1
-0x1.985db4p-2
0x1.033906p-2
-0x1.bc4a4p-4
-0x1.23bfc4p-3
0x1.5eca42p-4
0x1.f6212p-3
0x1.0eaf32p-3
-0x1.c50d64p-6
0x1.6e654ep-3
-0x1.ddc4c8p-6
0x1.14ca9ap-2
-0x1.7a614p-2
-0x1.0fa2b6p-1
-0x1.79017ep-4
-0x1.c74866p-3
0x1.caa222p-3
0x1.3663aep-2
0x1.55b21ep-3
0x1.57ba9ep-11
0x1.f74518p-4
-0x1.37f496p-4
0x1.9c2a46p-5
-0x1.0edf22p-5
0x1.591c0ap-5
0x1.b34306p-2
0x1.8c2beep-2
0x1.798feep-3
-0x1.19722ap-3
-0x1.cebb4ap-6
0x1.f681eep-4
0x1.b7afbp-4
0x1.34d5bap-2
-0x1.39e83ep-6
-0x1.4eb1acp-4
0x1.8a3c26p-4
0x1.b427f8p-5
-0x1.79fa4p-5
-0x1.36d3cep-3
-0x1.16e564p-2
-0x1.73415ap-3
-0x1.24975cp-3
0x1.988a72p-2
0x1.65454ap-6
0x1.0373c6p-3
-0x1.5a8468p-3
0x1.3dbafap-2
0x1.9401c4p-2
-0x1.b88e92p-6
0x1.0506bcp-2
0x1.be9fa4p-3
0x1.cf2eecp-5
-0x1.09af64p-4
0x1.6fa8e4p-2
-0x1.b80e4cp-3
0x1.55e92cp-3
0x1.1c8c14p-5
-0x1.4d6184p-7
0x1.8874b4p-2
0x1.adcbc4p-3
-0x1.156fa4p-2
-0x1.2c021cp-2
-0x1.0ea1f8p-1
-0x1.18f81p-1
-0x1.5f20c2p-3
0x1.1edc28p-3
0x1.e7521ep-3
-0x1.8d49bap-2
0x1.f9e57cp-4
-0x1.7077f4p-9
-0x1.508c2cp-5
-0x1.4e2d74p-3
0x1.717c62p-8
-0x1.05af6ep-2
0x1.409508p-2
-0x1.03d91ep-3
0x1.50921p-7
0x1.980728p-3
-0x1.63431ep-2
-0x1.2a9dfap-1
0x1.d16da4p-4
-0x1.4e9522p-7
-0x1.1f9328p-2
0x1.407d84p-2
-0x1.5d596cp-3
0x1.39526ep-2
-0x1.69dd9ap-1
-0x1.3bbe68p-3
0x1.2abc46p-1
-0x1.58ad88p-5
-0x1.f481c2p-3
-0x1.8603a2p-3
-0x1.c760cp-3
-0x1.9db274p-3
0x1.6d816cp-2
-0x1.b2d71ep-3
-0x1.0bd072p-2
0x1.a11edap-2
-0x1.bc7e06p-2
-0x1.83bb22p-3
0x1.5f9f2p-9
-0x1.5a08fcp-3
0x1.c64c48p-6
0x1.45181cp-3
-0x1.93ffcp-5
0x1.d1bf54p-5
-0x1.6fa4f8p-2
-0x1.9509acp-5
0x1.b74b36p-5
-0x1.84b69ep-2
0x1.d76ec4p-4
0x1.0e717ap-2
-0x1.3b3fecp-2
0x1.a19f26p-3
-0x1.2d9612p-3
0x1.9aae36p-3
0x1.3304bap-5
-0x1.5a53bap-2
0x1.347b34p-2
0x1.1f1072p-4
-0x1.b1cc32p-6
-0x1.0f57fcp-5
-0x1.acb6f4p-3
-0x1.31d5cep-5
0x1.ce58fp-5
0x1.8388dap-3
-0x1.f57946p-3
-0x1.4a421p-1
-0x1.44c1f8p-5
0x1.3c145cp-6
0x1.9ecbc6p-3
-0x1.7bfa02p-5
-0x1.01ec1p-6
0x1.9ef7bcp-4
-0x1.1ab714p-2
-0x1.80ac98p-3
-0x1.1fc894p-2
-0x1.679a2ap-2
0x1.f998dap-3
-0x1.3c8954p-6
0x1.12ca32p-3
-0x1.740538p-3
0x1.4eb72ep-2
0x1.06169cp-1
0x1.8b2d94p-2
-0x1.ce8a32p-3
-0x1.41be32p-1
0x1.b9a454p-4
0x1.0cdc96p-3
-0x1.014f4ap-7
0x1.d3bceap-4
0x1.b0377cp-2
-0x1.97bda8p-4
-0x1.0fcf8p-3
0x1.89d9bep-4
0x1.009406p-2
-0x1.113874p-4
0x1.011074p-4
0x1.952bbcp-4
-0x1.fa676cp-5
0x1.50e63ep-3
-0x1.bf7ed6p-2
0x1.6e1144p-3
0x1.bd5124p-3
-0x1.0680bcp-2
0x1.fb1b2cp-2
0x1.544ed8p-2
-0x1.4c9664p-3
0x1.41ee7ap-5
0x1.2c555ap-3
-0x1.cddc94p-5
-0x1.6d086cp-3
0x1.a9a2p-3
0x1.33f652p-2
-0x1.937c3cp-2
0x1.8d041ep-5
-0x1.49c45ap-2
0x1.1c3faep-3
-0x1.d01e3p-6
0x1.0434fcp-5
-0x1.f0db92p-5
-0x1.e0bd5p-4
0x1.513f74p-2
-0x1.91ebcp-2
0x1.c1f278p-3
0x1.57b9e8p-3
0x1.de5352p-5
-0x1.cd84dep-7
0x1.7350c4p-3
-0x1.cf4758p-4
-0x1.be521ap-3
-0x1.34283p-2
0x1.89ddep-2
0x1.cdc6d4p-3
-0x1.3a7b0ep-5
-0x1.b0c2f8p-3
0x1.a4e328p-2
-0x1.0a4e1p-3
-0x1.435066p-2
0x1.70f41cp-4
0x1.3dd0bp-4
0x1.39aa0ep-2
0x1.9299b8p-3
0x1.9e5f0ep-2
0x1.293c2ap-2
0x1.df98ap-3
-0x1.5a210ap-1
0x1.1906c4p-5
-0x1.c453d6p-3
0x1.9d423cp-5
-0x1.36e86cp-3
0x1.07c95ap-4
0x1.691b5cp-5
0x1.17f01ep-3
0x1.780e0cp-3
-0x1.0a1138p-3
-0x1.181934p-6
-0x1.85a696p-6
0x1.8815d8p-3
0x1.102926p-4
0x1.9026f8p-3
-0x1.224668p-3
-0x1.610332p-5
0x1.afc73ap-6
-0x1.60aa02p-4
-0x1.f88cfap-2
-0x1.cac642p-4
-0x1.410338p-3
-0x1.194468p-3
-0x1.4e0f48p-2
-0x1.14dddcp-2
0x1.cfcf8ep-4
0x1.1b3f6ap-3
-0x1.c48eaep-5
0x1.d96b22p-5
0x1.c1a542p-4
-0x1.40e5ep-4
-0x1.3c97dep-2
0x1.d0a594p-3
0x1.ef9c82p-6
0x1.d25f0ep-3
-0x1.d3b378p-4
0x1.610cb8p-3
0x1.5fa5eep-5
0x1.d0bd48p-3
0x1.adb43ep-4
-0x1.818d1ap-2
0x1.ab427cp-4
0x1.16fb98p-5
0x1.76c226p-2
0x1.e28482p-4
0x1.7c0638p-2
-0x1.9b28aap-5
0x1.de4976p-3
-0x1.f79884p-4
0x1.9ca924p-4
-0x1.0066f6p-2
-0x1.0031f8p-1
0x1.f3d9c2p-3
0x1.48644ap-3
0x1.5424dcp-8
-0x1.2b72ep-1
0x1.cc3714p-2
-0x1.ea886ap-5
0x1.ac68c8p-6
-0x1.97d5c2p-3
0x1.70647p-2
0x1.dc1aap-3
-0x1.613ec6p-5
-0x1.000d52p-3
0x1.5d48e2p-2
-0x1.b24dap-2
0x1.c94be6p-2
0x1.6ae20ep-7
0x1.0cff0ap-4
0x1.4b33dap-2
0x1.ad9506p-2
-0x1.ed4p-4
-0x1.c6477ap-1
0x1.4cdf52p-3
-0x1.ab3d96p-3
-0x1.7c525p-5
-0x1.88761cp-2
0x1.6f2586p-2
0x1.3588a2p-1
-0x1.635f58p-4
0x1.352ae8p-3
-0x1.dc358p-5
-0x1.eb73a4p-7
-0x1.1d19bep-2
0x1.a648cp-3
-0x1.836916p-3
0x1.81e752p-3
0x1.94e59ep-5
-0x1.70640ap-2
-0x1.65e79ep-6
0x1.e6061ep-2
-0x1.e55cap-3
-0x1.721858p-2
-0x1.3697a6p-5
-0x1.bbb11ap-2
0x1.e8db5cp-2
-0x1.25e07cp-5
0x1.63e5cep-1
0x1.37d29ep-2
0x1.389c46p-3
-0x1.d48214p-7
0x1.fd6222p-3
-0x1.405c7ep-1
0x1.9ee286p-4
-0x1.725738p-3
-0x1.4cc2bep-2
0x1.a9e258p-3
0x1.2c5324p-3
0x1.179d5cp-3
-0x1.05fa36p-5
0x1.4e38bap-3
-0x1.78a206p-5
-0x1.5e923cp-6
-0x1.19ab62p-3
-0x1.2ea04p-5
0x1.b526cap-2
0x1.2d5954p-6
0x1.7ec2ap-3
0x1.b14168p-8
0x1.feb83ep-2
0x1.2873dcp-1
-0x1.6f44ap-2
-0x1.8d5b0ap-2
0x1.a4af8ep-3
-0x1.441b4ap-4
-0x1.09b6a6p-1
-0x1.41c91ep-5
0x1.59d1f6p-4
-0x1.eff27ep-5
-0x1.a37da4p-3
0x1.216cc4p-2
-0x1.78cadp-5
-0x1.2636d2p-3
0x1.2f6b52p-2
-0x1.cb31f8p-4
0x1.852ep-2
0x1.5235fp-4
0x1.3af288p-3
-0x1.c8ac46p-4
0x1.474fbep-3
-0x1.05ed24p-3
0x1.e544a2p-2
-0x1.65eeecp-4
0x1.ab67fep-2
-0x1.3c94b4p-3
0x1.18b76cp-2
0x1.7d600cp-5
-0x1.41d656p-3
0x1.a9fae6p-4
-0x1.37e73p-3
0x1.9f8e5cp-4
0x1.18a83ep-2
0x1.8deae8p-3
0x1.e4e1eep-5
0x1.51c232p-8
0x1.82db92p-2
0x1.5eb7f8p-4
0x1.5d1d46p-6
-0x1.bb4592p-2
-0x1.d02f48p-4
-0x1.c4a1d6p-5
0x1.4e6f56p-5
0x1.314cb2p-2
-0x1.55ee3ep-5
0x1.273a78p-2
0x1.e77214p-5
-0x1.12cc18p-3
0x1.03d41ap-7
0x1.f988d4p-5
0x1.c7d004p-3
-0x1.6d5106p-4
0x1.9685a6p-3
-0x1.155c2cp-3
-0x1.a210fp-4
0x1.0744e8p-3
-0x1.96d186p-4
0x1.592dbep-2
-0x1.d96af6p-4
0x1.86dcfep-2
0x1.1f2648p-2
-0x1.f244a6p-2
0x1.398f14p-4
-0x1.bb882p-4
-0x1.37fa08p-2
0x1.2b3208p-4
-0x1.561f7cp-3
-0x1.038a48p-2
0x1.0b442cp-1
-0x1.404918p-2
0x1.e25e9ap-7
-0x1.7d31b4p-2
-0x1.080d76p-4
0x1.4151cp-3
0x1.1c6082p-1
-0x1.9ee2e4p-3
-0x1.218d54p-2
-0x1.08fd98p-3
0x1.67503ap-3
-0x1.221122p-2
-0x1.f0b8e8p-2
0x1.dc87d6p-4
0x1.7eddbap-8
0x1.4993e4p-5
0x1.0f70b8p-1
-0x1.1e911ap-3
0x1.f103e4p-2
-0x1.8a2816p-3
-0x1.0f926p-2
0x1.11959ep-2
-0x1.6cf9d4p-3
-0x1.5e9e9cp-2
-0x1.81ee9cp-4
0x1.4375e4p-3
-0x1.c7aa2p-4
0x1.0fed52p-4
-0x1.f3fb0cp-3
0x1.bfa8e2p-3
-0x1.d3a8a4p-4
0x1.921d8ep-3
-0x1.750c3ep-3
0x1.1750ep-2
-0x1.f7ba8ep-4
0x1.426638p-2
0x1.a63acp-2
-0x1.9c627ap-8
-0x1.35872ep-4
0x1.a2d4fp-4
-0x1.7b5132p-5
-0x1.ffb1b6p-3
-0x1.22cf6ap-2
0x1.3dc7eep-4
0x1.f839bcp-5
-0x1.502ee4p-4
-0x1.b65c26p-3
-0x1.28b6b4p-2
-0x1.6a5bfcp-2
0x1.63c88cp-2
-0x1.8aa2cep-4
0x1.fb4cf8p-2
0x1.3c131cp-1
0x1.884ff4p-2
0x1.90addp-2
-0x1.92a764p-2
0x1.237694p-2
-0x1.199826p-1
0x1.249094p-6
-0x1.e3802p-4
-0x1.7f38a8p-3
-0x1.0524b6p-1
-0x1.ad1e5ap-4
0x1.0a7bbap-9
-0x1.d7f1e4p-3
0x1.26ef34p-7
-0x1.b5ec1ep-2
0x1.ab4baep-4
0x1.65a66ep-5
0x1.c08e24p-3
-0x1.b14ce4p-3
0x1.f128b4p-3
-0x1.712248p-3
-0x1.d35bb2p-3
-0x1.3c502ep-2
0x1.1fafa2p-2
-0x1.20ab96p-3
0x1.fedb74p-2
-0x1.1dd4a4p-3
0x1.918edap-4
-0x1.78d02p-6
0x1.849d4p-5
0x1.67fdecp-4
0x1.cf9d48p-5
-0x1.4f4116p-3
0x1.dbefcap-7
-0x1.f7ae7cp-3
-0x1.c04c36p-7
0x1.5c6c44p-6
-0x1.6b3e6ap-5
-0x1.0a153ep-2
0x1.05454ap-2
-0x1.3b59dap-3
0x1.9ea3bep-5
0x1.dadee4p-7
-0x1.797d86p-5
0x1.ab7638p-3
0x1.74ae5cp-3
0x1.7bb7d8p-2
-0x1.f5fe5cp-3
0x1.56b6e6p-3
0x1.a6d244p-3
0x1.d93388p-5
-0x1.c8a2ep-4
0x1.93cf14p-4
0x1.498056p-4
-0x1.3282e6p-2
-0x1.5e14fep-7
0x1.4ac88p-2
-0x1.caece4p-3
-0x1.17d204p-2
-0x1.e5207cp-4
-0x1.0a0d5cp-3
-0x1.305c18p-2
-0x1.267d9ep-2
0x1.f8e054p-2
-0x1.503d36p-4
-0x1.73b12ep-6
-0x1.e6ecf6p-6
0x1.aa842p-4
0x1.01fed6p-2
-0x1.d5ab2p-5
-0x1.b26114p-4
-0x1.1dff4p-2
-0x1.3e148ep-4
-0x1.e17894p-4
-0x1.8d620cp-2
0x1.a6133ep-8
-0x1.18af66p-2
0x1.73f48ep-2
-0x1.6085fcp-2
0x1.e1a188p-2
-0x1.2f708ap-4
0x1.2c32f8p-1
-0x1.a9bc56p-4
0x1.ca21ccp-6
0x1.b7f462p-3
-0x1.341be8p-2
0x1.858f0cp-3
0x1.6f1baap-2
0x1.93b6dcp-3
0x1.70eb8ap-3
-0x1.9e53acp-5
-0x1.377176p-3
0x1.33d4eap-2
0x1.c64348p-5
0x1.311192p-3
-0x1.4e2fd4p-3
-0x1.3260ecp-2
0x1.464b42p-4
0x1.f7d94p-4
0x1.1475b4p-2
0x1.152096p-3
0x1.8216cp-2
-0x1.1eb826p-2
-0x1.86848cp-5
-0x1.3e9ce8p-3
-0x1.b62adep-4
0x1.bd62e2p-4
0x1.12fb16p-4
0x1.996c3p-3
0x1.598978p-2
0x1.2826d8p-3
-0x1.52d61p-2
-0x1.910978p-5
0x1.89811ap-2
0x1.01f2bp-3
-0x1.4bd85ep-2
0x1.7292cap-3
-0x1.948c74p-4
-0x1.d97ecp-9
0x1.24b4c8p-3
0x1.f41152p-2
0x1.897a72p-2
0x1.3bff04p-4
-0x1.c06c7cp-4
0x1.d63802p-3
0x1.4a1a12p-6
-0x1.93f348p-4
0x1.505b1p-7
0x1.35ceeap-3
-0x1.42ba04p-2
-0x1.15cc06p-3
-0x1.3bfe42p-2
-0x1.41557ap-3
0x1.458408p-2
-0x1.24422p-1
-0x1.43b21cp-7
-0x1.e9b41p-4
0x1.f4bb46p-3
0x1.8fe2e6p-5
0x1.af5b8p-4
0x1.33ac92p-4
0x1.8ed27cp-4
0x1.f36d9cp-2
-0x1.29580cp-2
-0x1.df0ebp-2
-0x1.05edp-3
0x1.12836ap-5
0x1.c6be4p-2
0x1.6ab612p-2
0x1.64d06ap-3
-0x1.e34078p-4
0x1.fe83cap-3
0x1.ddbebcp-2
0x1.4b9dap-7
0x1.4d6fc6p-3
-0x1.199c48p-3
-0x1.7f0fb2p-2
0x1.67f2d8p-2
0x1.e41dcp-3
0x1.4f5784p-6
-0x1.4cec5cp-2
0x1.031672p-3
-0x1.74175ap-5
0x1.71b182p-3
-0x1.6e9782p-3
0x1.92b8cp-3
0x1.6385p-2
-0x1.943244p-5
0x1.4644c6p-3
-0x1.3e5674p-1
0x1.4a4abep-5
-0x1.4e16cep-2
-0x1.69d538p-1
0x1.c4dadcp-5
-0x1.a42ccep-3
0x1.3af004p-2
0x1.8a1092p-5
0x1.ba993p-3
-0x1.5d13fep-2
-0x1.37d09p-5
0x1.f3f088p-4
0x1.7c57a2p-4
-0x1.8c876ep-3
-0x1.8657ecp-3
0x1.843a9ep-3
0x1.211e7p-3
0x1.166c1ep-2
0x1.59452ap-3
-0x1.97cb02p-3
-0x1.9aed2cp-2
0x1.512f4p-3
-0x1.7dbae2p-5
-0x1.ed8db4p-3
-0x1.f67e74p-4
0x1.578b4cp-3
-0x1.4c88ep-2
-0x1.07393p-2
-0x1.c07928p-3
-0x1.622b8p-2
0x1.908088p-4
0x1.0f69cap-3
-0x1.91131ep-2
-0x1.2ccadep-2
-0x1.34e2e2p-6
0x1.b7d59cp-6
0x1.9dd834p-4
-0x1.68bc1ap-2
0x1.c8c672p-2
-0x1.81a70ap-4
-0x1.0d7e9p-5
0x1.235a24p-3
0x1.090b5ap-4
-0x1.675d8ap-6
-0x1.ccb614p-3
0x1.1a164p-1
-0x1.85416cp-3
-0x1.b8dfdep-3
-0x1.8a50fp-4
-0x1.0fb51cp-5
-0x1.cf4b48p-4
-0x1.fdb98cp-3
-0x1.4df58cp-8
0x1.274a98p-2
0x1.1ff74ep-4
0x1.12cb08p-1
0x1.cc8b7ap-4
0x1.b32506p-2
0x1.4857f6p-5
0x1.018d28p-2
-0x1.2627fp-1
0x1.59eec6p-3
-0x1.0205d2p-4
-0x1.07de92p-9
0x1.1a515p-2
0x1.e95556p-3
0x1.50c1ecp-4
-0x1.4e4d64p-4
-0x1.449244p-3
0x1.f4153cp-5
-0x1.1b98d6p-4
-0x1.4850b4p-4
-0x1.121ae6p-3
0x1.f5ad64p-2
0x1.1bf2c2p-3
0x1.9cc8f8p-4
0x1.1c0966p-1
-0x1.1be8b8p-2
0x1.16e32ep-4
0x1.0b547p-2
0x1.15a19p-1
0x1.fdb284p-4
0x1.89d9f8p-4
0x1.dadc3p-4
0x1.3a240ep-3
0x1.3ca254p-1
0x1.41f562p-5
-0x1.d8a9e2p-3
0x1.428a2p-1
0x1.072b66p-2
0x1.0f4184p-3
0x1.233428p-6
-0x1.a75f38p-5
-0x1.3845bcp-3
0x1.7170d6p-2
0x1.9898f6p-2
0x1.a53b04p-2
-0x1.19d38p-6
0x1.f4dd42p-3
-0x1.ee82ep-2
-0x1.59487ap-2
-0x1.bc3ebcp-5
-0x1.8623aap-3
-0x1.03bd54p-1
0x1.956ab4p-7
-0x1.879d94p-5
-0x1.fe44f4p-4
0x1.4b26f6p-2
-0x1.234f1ep-4
0x1.33253ep-6
0x1.0349cp-9
0x1.d1ca48p-2
-0x1.9c08d8p-2
-0x1.2f42dap-1
0x1.796bb4p-2
-0x1.b2496p-7
-0x1.38d78ap-3
-0x1.618e6ep-2
-0x1.00ffe8p-1
-0x1.9bc754p-2
0x1.624758p-6
0x1.7479acp-2
0x1.cae1a2p-3
-0x1.f88784p-4
0x1.b79b22p-3
0x1.ebe2a4p-4
0x1.0545e8p-1
-0x1.1a7fb8p-3
-0x1.77f0bep-3
-0x1.9b0572p-3
0x1.cd8d1cp-4
-0x1.2c302cp-3
0x1.f85dacp-9
-0x1.965a12p-5
0x1.58ee96p-7
-0x1.7d3752p-5
0x1.5350a4p-4
0x1.061bdcp-5
0x1.39ef4p-1
0x1.9e4764p-3
-0x1.87825ep-5
0x1.687198p-2
-0x1.4918e6p-5
-0x1.682f7p-3
-0x1.e7c15cp-4
-0x1.13d8f2p-7
-0x1.83c318p-2
0x1.f1a99ep-5
0x1.52cb04p-3
0x1.d0718ep-2
0x1.a6dec6p-8
-0x1.8f0abap-3
-0x1.4038a8p-1
-0x1.867d02p-2
0x1.ac6514p-4
-0x1.90ec62p-3
0x1.d6ea22p-5
0x1.444f1cp-3
0x1.decbb4p-2
0x1.6e3bf6p-2
-0x1.8294a8p-5
0x1.6bc4cep-2
-0x1.eb6726p-7
0x1.596744p-5
-0x1.9a9158p-3
-0x1.41d732p-3
-0x1.067deep-1
-0x1.ce71bp-3
0x1.4e35e6p-3
-0x1.68c4p-4
0x1.7fd458p-3
-0x1.0a6cfp-3
0x1.8c881cp-3
-0x1.68fe14p-1
-0x1.77d0bp-2
0x1.196b9ap-5
0x1.ac0c54p-2
0x1.ec09f8p-2
-0x1.af9062p-2
-0x1.2f113p-3
-0x1.f3a31ep-4
0x1.00a6f2p-2
-0x1.734eep-6
0x1.940acp-4
-0x1.0e8a1cp-4
0x1.e708b6p-2
-0x1.0b2522p-6
-0x1.5ffd5ap-3
-0x1.b01d68p-5
0x1.6d2f46p-3
0x1.4c36f6p-1
0x1.4d0c0ap-2
0x1.11598cp-2
-0x1.28fa3p-7
-0x1.c75464p-2
0x1.5b503p-7
0x1.15478ap-2
-0x1.ea3348p-3
-0x1.14097ap-2
0x1.857c7ap-3
0x1.824fb6p-5
-0x1.1d0acap-2
0x1.9d88f4p-1
0x1.419c96p-2
0x1.400714p-3
0x1.d7344ap-3
0x1.5eb9eep-1
-0x1.7392aep-6
-0x1.c8aca8p-3
0x1.498dd2p-2
-0x1.0d3dbp-2
-0x1.823098p-4
0x1.01bd4p-1
0x1.8651c6p-3
-0x1.15560ep-4
0x1.3068c6p-1
0x1.08b9ecp-3
0x1.5ba712p-5
-0x1.88dcccp-2
0x1.3eb194p-2
0x1.2b6f06p-2
0x1.594cd6p-2
-0x1.c5259ep-3
0x1.13b778p-2
-0x1.22b962p-3
0x1.c1d02ep-5
0x1.4783eap-4
0x1.102d02p-1
-0x1.c0eb8ap-3
0x1.4521bcp-6
-0x1.728a6ep-1
0x1.694cd2p-1
0x1.e57238p-5
-0x1.a34a34p-2
-0x1.be9fccp-3
-0x1.1cd29ep-2
0x1.fbedd8p-4
-0x1.10d592p-3
0x1.2c9044p-2
0x1.80561ep-6
-0x1.1257cap-2
-0x1.e254ep-5
-0x1.c0589ap-5
-0x1.94d8bp-3
-0x1.21cab2p-5
0x1.1391c2p-2
-0x1.0f9214p-1
-0x1.f2089ep-2
-0x1.1bed76p-2
-0x1.0ecb98p-2
-0x1.733fcp-1
0x1.112186p-2
0x1.455666p-1
-0x1.a4e41ap-2
0x1.766476p-3
0x1.f720e2p-5
0x1.46f2eep-2
-0x1.1b6a96p-2
-0x1.803ef4p-2
0x1.180a1p-3
0x1.1f8024p-1
0x1.008e54p-3
-0x1.c265a4p-3
-0x1.c357f2p-8
-0x1.810344p-4
-0x1.07090ep-1
0x1.0b7d26p-3
-0x1.ec466cp-3
-0x1.75aedp-2
0x1.3710b2p-3
-0x1.1a5cdep-1
0x1.8cb144p-4
-0x1.593d2p-2
-0x1.261bd2p-2
-0x1.6fb034p-7
-0x1.6b5eccp-2
0x1.11a3f8p-2
0x1.2f7d3ap-3
-0x1.6cc67ep-5
-0x1.3f962ap-2
0x1.d82d76p-3
0x1.82a678p-2
-0x1.36c788p-1
0x1.c92402p-1
0x1.10dc54p-2
0x1.312f2p-3
0x1.7b3f36p-1
0x1.36e16ep-2
0x1.0463ap-2
-0x1.ccc428p-4
-0x1.463de4p-3
0x1.cb09c2p-1
0x1.1dbffp-1
-0x1.4b4698p-1
0x1.dd4b9ep-3
-0x1.bb93ep-2
0x1.86c9c2p-1
-0x1.3becb6p-1
-0x1.5178e4p-7
0x1.be260cp-6
-0x1.46f6ecp-2
0x1.8a4b88p-4
-0x1.244d34p-1
-0x1.220b6p-1
0x1.482ed6p-2
0x1.7e395ep-2
-0x1.7b4cdep-2
0x1.5573e2p-3
-0x1.c20cf2p-11
0x1.fb3548p-2
0x1.6c1a88p-3
0x1.c823c2p-3
0x1.a6bea6p-3
0x1.6d58b6p-5
-0x1.c0f722p-3
0x1.c1bbecp-3
-0x1.96a966p-9
0x1.7b095cp-2
-0x1.887d1cp-2
-0x1.ad3944p-2
-0x1.dcb9c8p-3
-0x1.1d581p-3
0x1.fce394p-3
0x1.db0b2cp-4
-0x1.ab723p-3
0x1.4c3c1cp-3
-0x1.9c6c22p-5
-0x1.c08574p-3
-0x1.b0ca02p-3
0x1.2f2b32p-2
0x1.86a256p-1
-0x1.b44b2ap-2
-0x1.a4e634p-2
0x1.ace27p-2
-0x1.424b44p-1
-0x1.11f2f6p-2
-0x1.a40814p-2
0x1.79f96p-3
-0x1.43bacap-2
0x1.3c35cp-2
0x1.b2456cp-5
-0x1.48ab2p-2
-0x1.52934ap-2
0x1.fe3a12p-5
-0x1.9a7b5p-6
-0x1.601784p-3
0x1.cfb844p-3
0x1.e1d8c4p-2
0x1.f16a6cp-3
-0x1.311ef4p-2
-0x1.2d562cp-4
-0x1.163c8cp-5
0x1.aadcf8p-2
0x1.59861ep-2
0x1.733196p-3
0x1.06347cp-7
0x1.c127ap-5
0x1.dc27aap-3
-0x1.5e8f8ap-7
0x1.2819b2p-1
-0x1.234fbp-2
0x1.9e924p-2
0x1.1f50e2p-2
-0x1.b9f61p-1
-0x1.3940f4p-2
-0x1.ed5a3cp-5
0x1.f80ac6p-7
0x1.04d84ep-4
-0x1.69f1a6p-7
-0x1.299ba2p-2
-0x1.1286a8p-2
-0x1.06f7d8p-4
0x1.a8364ap-2
0x1.0c25fap-2
0x1.89fc4cp-4
0x1.9c6fccp-2
-0x1.9c6fcep-2
