7
110
25
20
15
10
5
2
tanH
tanH
tanH
tanH
tanH
softmax
0x1.849326p-1
0x1.f87f78p-2
0x1.a768b2p-4
-0x1.4d3588p-2
0x1.e6cdd8p-3
-0x1.68d78ep-3
-0x1.255b1ep-3
-0x1.0465cp-2
0x1.b8244ep-3
0x1.a7ebeap-2
-0x1.7e1cdap-5
-0x1.48d69ap-3
0x1.d5391cp-3
0x1.7b7016p-2
-0x1.237c98p-2
0x1.95eb48p-5
-0x1.b53ffp-3
0x1.e2cd58p-3
-0x1.4b8a2p-2
-0x1.c6416ap-4
-0x1.d70318p-2
0x1.8e53cp-2
-0x1.d90052p-3
0x1.3c3c04p-2
0x1.f58004p-2
0x1.7c1d1ap-1
0x1.033bfep-1
-0x1.227b2p-7
-0x1.84e2f8p-2
0x1.9cb4c2p-2
0x1.2956d4p-3
-0x1.5ff5e2p-2
-0x1.1e5142p-3
0x1.3b7d18p-2
0x1.984d7cp-1
-0x1.dbb744p-4
-0x1.ba2556p-3
0x1.111c92p-1
0x1.137d62p-2
-0x1.77d5b6p-2
0x1.3acfdep-2
-0x1.fd1d62p-5
0x1.658526p-2
-0x1.b36fe4p-2
-0x1.4f6998p-2
-0x1.3338e2p-1
0x1.92fa1p-3
-0x1.c40b3p-3
0x1.08e44ap-1
0x1.8ea5f6p-2
0x1.d58f38p-3
0x1.25a3fep-2
0x1.ef18e8p-5
-0x1.b8937p-10
-0x1.2f1d36p-4
0x1.847b64p-2
-0x1.c5859cp-4
0x1.f25b5ap-5
0x1.befc34p-3
-0x1.c4a756p-5
0x1.eba9fcp-3
-0x1.162116p-4
-0x1.38224p-3
-0x1.cf83eep-4
-0x1.0f3b72p-5
-0x1.ea4848p-10
0x1.21d9d6p-2
-0x1.7361e2p-2
0x1.9ac76cp-6
-0x1.76c63cp-4
0x1.1c5564p-3
-0x1.301612p-3
-0x1.c5ec1p-4
-0x1.3a59a6p-2
0x1.6fcda2p-3
-0x1.9a20bap-4
-0x1.f9b688p-2
0x1.006f58p+0
0x1.9c91dcp-3
-0x1.5978p-1
-0x1.ae8274p-2
0x1.6a42eap-2
0x1.375136p-1
-0x1.23dd7ap-2
-0x1.1bc4e6p-5
0x1.cdcefp-4
-0x1.263fe4p-1
-0x1.b6e772p-5
-0x1.22a6a4p-2
-0x1.a7c46ep-5
0x1.a49518p-5
-0x1.3330b6p-2
0x1.239e22p-4
0x1.b172d2p-1
0x1.d22aa4p-4
-0x1.2743fp-2
-0x1.2ba072p-3
-0x1.994f0cp-2
-0x1.18cdc8p-2
0x1.2639a6p-2
0x1.8e4d74p-2
0x1.2b0a3p-2
-0x1.b0a404p-5
-0x1.ae9cc6p-4
0x1.18c2cp-2
-0x1.5ec0bp-5
0x1.4e9a26p-5
-0x1.8a4a7cp-2
-0x1.d34558p-6
0x1.6bcec4p-2
-0x1.56defap-6
0x1.546fdp-3
0x1.e48d26p-3
0x1.355cfap-2
-0x1.02b27ap-2
0x1.f5653ep-4
0x1.e5bdp-7
0x1.08503p-3
-0x1.9049dcp-2
-0x1.0e3a0ep-1
-0x1.18805cp-1
0x1.082346p-4
0x1.08843ap-5
0x1.12c126p-2
0x1.4b1334p-4
0x1.4ed676p-1
0x1.0f2546p-1
-0x1.8b9e2ap-2
-0x1.9cdf2ep-2
0x1.0fdecep-1
0x1.8b0b8ep-6
-0x1.ea0ad6p-3
-0x1.6f7434p-2
0x1.4f3f74p-3
0x1.667336p-1
0x1.8aa8eap-5
0x1.7ce518p-3
0x1.1bc74ep-2
0x1.e41fc6p-3
-0x1.b2a0ep-2
0x1.d63172p-3
0x1.e876b6p-5
0x1.7d43ep-3
-0x1.62176ep-1
-0x1.63fa4ap-2
-0x1.7b3ecp-1
0x1.05e3f4p-9
-0x1.7049fp-5
0x1.33fd0ap-2
0x1.d39d82p-5
-0x1.c24f76p-4
0x1.0d2434p-3
-0x1.07a742p-2
-0x1.35eb68p-3
0x1.fb2ee8p-2
-0x1.068558p-5
-0x1.bac7c6p-3
-0x1.0977bep-1
0x1.d31b2ap-3
-0x1.73afap-5
-0x1.4dfd9ap-3
0x1.8a7c1cp-3
-0x1.2424ap-5
0x1.3b8618p-3
-0x1.55a7a8p-3
0x1.57c9eap-3
-0x1.f44012p-5
0x1.9874b6p-3
-0x1.c8f028p-6
-0x1.68492cp-4
-0x1.0949ecp-4
0x1.f58472p-3
0x1.b3902ep-3
0x1.2a9c4cp-2
-0x1.15db8cp-1
-0x1.d3d7a4p-3
0x1.5ca7acp-3
-0x1.406cacp-2
-0x1.41401ap-5
0x1.b64a7ap-3
0x1.c8e4eap-5
0x1.9dda94p-6
-0x1.615d24p-4
0x1.811f68p-7
-0x1.a1db3ap-3
-0x1.a5b738p-4
-0x1.490ff6p-9
-0x1.7c6d76p-3
0x1.c2929p-3
0x1.ee9a86p-3
-0x1.6d884cp-2
-0x1.19a21cp-4
-0x1.a24ef6p-3
0x1.8147aep-9
0x1.5af76ap-3
0x1.64fb46p-6
0x1.faf8d6p-3
0x1.8f5484p-7
0x1.034766p-3
0x1.e1eccap-4
-0x1.9ad57ap-2
-0x1.39b938p-3
-0x1.73d22ap-5
0x1.907226p-3
-0x1.05b99p-1
0x1.03d3f2p-3
0x1.d118c2p-2
0x1.2e16ecp-2
-0x1.56ce22p-6
-0x1.41d5aap-2
0x1.262024p-2
-0x1.86ee98p-4
-0x1.46711ep-2
0x1.97477cp-5
0x1.35beaep-2
-0x1.732e2ep-3
0x1.3a11e4p-3
-0x1.6ee6cp-1
0x1.26f712p-3
0x1.cb1faap-2
0x1.45d368p-1
-0x1.369602p-3
-0x1.66b7dep-3
-0x1.31235ap-1
0x1.da6adp-11
-0x1.24b7bp-6
-0x1.e9a8ecp-4
0x1.466dcep-2
0x1.6f4f3ap-4
-0x1.7691b6p-6
0x1.ab38f2p-3
-0x1.051f5ep-3
-0x1.c289bp-6
-0x1.892536p-4
0x1.15ce0ep-2
0x1.6fcf3p-3
0x1.1a2c16p-4
0x1.2793bep-2
0x1.c0e1f8p-5
0x1.cfd396p-7
0x1.b7b7b2p-5
-0x1.a00808p-3
0x1.20c404p-7
-0x1.9c2e14p-4
-0x1.c512aap-3
0x1.a35aaap-3
0x1.5bc98ep-1
0x1.03c4bep-3
0x1.c53556p-8
0x1.2a0b7ep-2
-0x1.cd98ccp-4
-0x1.08453cp-2
0x1.54373ap-3
0x1.1a288ep-4
0x1.f8024cp-5
0x1.4c7f96p-2
-0x1.05cb2p-3
0x1.033d16p-3
0x1.30f762p-4
0x1.c534c6p-4
0x1.c5152p-3
-0x1.70b44cp-6
0x1.d198dap-4
-0x1.e2d55ap-6
-0x1.4a68c6p-6
-0x1.164566p-4
-0x1.edff38p-4
-0x1.9a8ca4p-4
0x1.3b9ad2p-6
-0x1.34c4ccp-6
0x1.2d208cp-2
0x1.8f8ad4p-2
0x1.a4765cp-5
0x1.b9f964p-4
0x1.82056ap-2
0x1.3570a8p-2
0x1.9df548p-2
0x1.50e15cp-6
-0x1.f77918p-5
0x1.2dca2p-2
0x1.82fb88p-3
-0x1.6f8248p-3
-0x1.9c941ep-8
0x1.a4ed66p-3
0x1.248574p-4
0x1.db5134p-3
0x1.6b879p-6
0x1.0359acp-3
0x1.fdf52ep-4
-0x1.551b28p-3
0x1.5d7614p-3
-0x1.926c08p-5
0x1.33102cp-4
-0x1.2a1a6ap-3
-0x1.0a54f8p-1
-0x1.174ab6p-2
0x1.321936p-6
0x1.4f9d68p-8
0x1.266cc4p-3
0x1.b15e4ap-3
-0x1.912e2ep-4
0x1.7933f6p-4
0x1.bd467ap-3
0x1.7c3c9ep-6
-0x1.4d5318p-3
0x1.291182p-8
0x1.2af1c8p-3
0x1.0f8dfap-3
0x1.f3e9d6p-4
-0x1.1fd536p-4
0x1.5e847p-6
0x1.12d2aep-3
-0x1.2f4fbep-3
-0x1.9f7af2p-3
-0x1.f5aedep-6
0x1.3dbf7ep-3
0x1.0a8ffap-3
-0x1.809c7ap-5
0x1.577ee6p-2
-0x1.2273ecp-1
0x1.730b3cp-3
0x1.f3e6eap-3
-0x1.003cbcp-4
-0x1.210302p-2
-0x1.635e7ap-7
-0x1.a3df0ep-2
-0x1.5a9cd2p-4
0x1.337cacp-3
0x1.3c0946p-3
-0x1.41ccbp-3
-0x1.63db06p-3
-0x1.1aa21cp-4
-0x1.a5d9dap-5
0x1.060464p-4
-0x1.039072p-2
-0x1.a95e88p-2
-0x1.1a854cp-2
-0x1.10d904p-3
-0x1.e5b182p-3
0x1.89af78p-2
-0x1.36c558p-2
-0x1.6d7076p-8
-0x1.4ebc1ap-3
0x1.613f92p-3
0x1.9fa7ep-2
-0x1.07b56cp-4
0x1.4d9eb8p-3
-0x1.8d691ap-2
-0x1.9c345ep-4
0x1.38e362p-2
0x1.2f8a58p-8
-0x1.4af5acp-4
0x1.9f32eap-4
0x1.9e8ba4p-3
-0x1.0a44fep-2
-0x1.ef2f16p-5
0x1.6715acp-5
0x1.05497cp-2
0x1.1b7fd8p-5
-0x1.1b409p-2
0x1.ad6ec6p-3
-0x1.7ec942p-2
-0x1.1f533cp-4
-0x1.337a86p-2
-0x1.b607fcp-7
-0x1.17b756p-5
-0x1.7a7e08p-3
-0x1.3e66d8p-3
0x1.f3ad1ap-3
-0x1.8a49c8p-4
0x1.a5fe5ap-4
0x1.ee2f66p-6
-0x1.051d76p-1
-0x1.d64c7ap-3
0x1.e23f2ep-3
0x1.0900c6p-3
0x1.5579fap-2
-0x1.00a15cp-4
-0x1.cb5432p-4
0x1.16f4acp-2
0x1.d5939ep-4
-0x1.76630cp-2
-0x1.86014ap-2
0x1.42aba4p-3
0x1.0c0fdep-2
-0x1.a429c6p-4
0x1.4720f2p-3
0x1.581122p-7
-0x1.21546p-6
0x1.0217d8p-4
0x1.4dfd3ap-2
-0x1.cbee04p-9
0x1.9e8912p-3
-0x1.ec8826p-3
-0x1.cbf654p-3
0x1.6b2232p-4
0x1.37e504p-3
0x1.621b2ep-3
0x1.8e703ap-3
-0x1.40f564p-2
0x1.81509ep-4
0x1.2af678p-2
-0x1.198872p-2
-0x1.5f9542p-2
0x1.ebf484p-3
0x1.f46558p-3
-0x1.664f7ep-3
-0x1.9d591ap-4
0x1.c5a55ap-4
0x1.754984p-4
-0x1.51320ep-3
0x1.c559eap-3
-0x1.221ad8p-4
-0x1.dd30a4p-3
0x1.fddfe6p-4
0x1.275dd2p-2
-0x1.625a0cp-3
0x1.18db44p-4
-0x1.40ed22p-8
-0x1.8ebb88p-6
0x1.d9d4bp-4
0x1.640838p-5
0x1.833ed4p-3
0x1.4c78ap-3
-0x1.25edacp-2
-0x1.5ff17p-3
0x1.0b4dbep-7
-0x1.61c7f6p-2
-0x1.20d31p-2
0x1.50f0b6p-2
0x1.d3d162p-2
-0x1.e349a6p-3
-0x1.e22026p-4
0x1.a5b8ep-3
-0x1.2cf5d6p-3
-0x1.5a2212p-4
0x1.fe2564p-2
-0x1.57f3ap-4
-0x1.8651ccp-2
-0x1.9043eep-4
0x1.43a8b4p-2
-0x1.04b94p-2
0x1.0268ecp-4
0x1.31b4ecp-2
-0x1.8af8eap-3
0x1.2a9aecp-1
-0x1.c4e354p-7
0x1.7323dp-1
-0x1.4cc428p-4
-0x1.5fd25cp-2
-0x1.9714p-7
0x1.af54eep-9
-0x1.1dbcbep-2
-0x1.d4c92p-2
0x1.c258c6p-2
0x1.d88df2p-2
-0x1.ced7f2p-3
-0x1.aca59cp-3
0x1.0b715ap-1
0x1.8acfc6p-3
-0x1.6b2ecp-2
0x1.a018dap-2
-0x1.4b013ap-3
-0x1.016fc8p-1
0x1.0643cp-7
0x1.dfcfa2p-2
-0x1.21bdacp-2
0x1.07ab52p-3
0x1.4c6f56p-5
-0x1.209a7ap-2
0x1.50f118p-2
-0x1.367a6ep-3
0x1.a5a61ep-2
0x1.39fe36p-4
-0x1.12bfdp-3
0x1.06819ep-3
0x1.2320c6p-5
-0x1.91937ep-3
-0x1.7c8c8ep-2
0x1.6127a6p-4
0x1.9ee224p-2
-0x1.1d5734p-1
-0x1.163c7ep-2
0x1.9e3fa6p-4
0x1.15da5p-4
-0x1.53c9c6p-4
0x1.510ef4p-2
-0x1.bb67eep-4
-0x1.3c3e6cp-2
0x1.5aa564p-3
0x1.21f976p-1
-0x1.a5e82ap-2
0x1.dd0928p-4
-0x1.ed4688p-3
-0x1.622546p-3
0x1.bf6828p-3
-0x1.7b1caap-5
0x1.bd66cep-2
-0x1.78ab1cp-9
-0x1.dd0d6ap-6
0x1.1bf9c4p-2
-0x1.61faaep-7
0x1.8149d8p-3
0x1.645ea8p-9
-0x1.3d3902p-3
-0x1.91d50ep-3
0x1.fb3d5ap-3
0x1.d5f5fcp-3
-0x1.20f4e8p-7
0x1.62debcp-3
-0x1.a12f7ep-5
-0x1.f8e63cp-3
0x1.49009ap-3
-0x1.586388p-4
-0x1.973078p-5
-0x1.2257e4p-3
0x1.408814p-2
-0x1.8471f4p-4
0x1.768376p-3
0x1.157c6ap-4
-0x1.abfdb6p-3
-0x1.19fd92p-2
-0x1.d0ee5cp-3
-0x1.ea2d46p-3
0x1.c24858p-3
0x1.48625p-3
-0x1.140b4p-4
0x1.677ba8p-4
0x1.a0904cp-6
0x1.82618ep-5
0x1.9ac5cep-5
0x1.d105aep-6
-0x1.d3b49ep-4
-0x1.001a8ep-2
0x1.dab686p-4
-0x1.585206p-6
0x1.79363ep-4
0x1.c4ec1ap-5
0x1.5a07fp-2
0x1.4c2156p-3
-0x1.503682p-6
0x1.f206dap-6
0x1.c5f0eep-3
-0x1.157528p-2
-0x1.cec3fap-5
-0x1.58b8e4p-8
0x1.c8a0f8p-8
-0x1.6c9006p-5
0x1.6f8ae8p-3
0x1.9bf48p-4
0x1.1898bp-4
-0x1.2b08eep-5
0x1.387ff8p-2
0x1.f778fep-4
-0x1.6ec4fap-3
-0x1.1fe3cap-4
0x1.4bda5ep-4
-0x1.444212p-3
-0x1.e5afe2p-3
0x1.59f17p-3
0x1.009092p-4
-0x1.1bd01p-2
0x1.af929p-2
-0x1.bc1e56p-3
-0x1.8a057p-6
0x1.79ca42p-5
-0x1.e83206p-4
0x1.f90822p-3
0x1.a00dep-4
0x1.c34606p-5
0x1.8b219p-4
0x1.8a0992p-3
0x1.94369ep-2
0x1.a14294p-4
0x1.5147cap-4
-0x1.5dcf88p-2
0x1.57cad4p-4
-0x1.869e76p-4
0x1.362112p-4
0x1.5e047ep-4
0x1.192886p-3
0x1.5dd258p-5
-0x1.c40f3p-2
0x1.8ce30ep-3
-0x1.f15506p-3
-0x1.fdc1c4p-2
0x1.bb4d3cp-4
-0x1.ca4524p-3
-0x1.2c2612p-5
0x1.2f5274p-1
-0x1.4c46eap-2
-0x1.5dd036p-2
0x1.9d9d7cp-3
0x1.d201c2p-4
0x1.9074dcp-3
-0x1.8ebd82p-4
0x1.2b3deap-1
0x1.7cba3ap-3
0x1.dc18a8p-4
-0x1.a5f2fap-8
0x1.b34a6ap-4
-0x1.7c766ap-1
0x1.2c4a4ap-1
0x1.a68dbep-3
-0x1.5f1e86p-2
-0x1.8c43cp-2
0x1.8a3938p-4
0x1.be9b56p-3
-0x1.f8efd6p-2
0x1.d94e1ap-3
0x1.02e5b8p-1
-0x1.ae0b5ap-3
0x1.4f9996p-1
0x1.5b85c4p-3
-0x1.42a9d8p-1
0x1.2b6b38p-3
-0x1.143774p-1
0x1.3144a8p-2
-0x1.45cd3p-2
0x1.db287ep-4
-0x1.336146p-2
-0x1.cd3ebap-3
-0x1.fd5e08p-2
0x1.f639b6p-3
-0x1.22d98p-6
-0x1.ac25f4p-3
-0x1.38faf6p-4
-0x1.8c15b2p-3
-0x1.6f6b1ap-3
-0x1.108032p-5
0x1.4ee9b8p-4
0x1.f611d4p-4
-0x1.4e2e54p-4
-0x1.19b2d4p-2
-0x1.8c3918p-4
-0x1.385452p-7
-0x1.035d24p-5
0x1.430684p-2
-0x1.09e116p-2
-0x1.4b7f8p-4
-0x1.90db46p-3
-0x1.fe74a2p-3
0x1.bc375ep-2
0x1.082212p-4
0x1.5d6bbap-2
-0x1.4e0538p-5
0x1.3dc1dap-2
0x1.021cf4p-2
0x1.f54c7ep-3
-0x1.6527fep-4
0x1.5e83e2p-3
0x1.fc729cp-5
0x1.06ecf6p-5
-0x1.2fde7cp-2
0x1.779d0ap-4
0x1.5a8eb4p-4
-0x1.a291c8p-2
-0x1.0fad3ep-8
-0x1.b7a7p-5
-0x1.a1117ap-4
0x1.43ad9cp-4
0x1.88d28ap-3
0x1.23c778p-2
0x1.8d565ep-2
-0x1.626136p-2
0x1.6f1508p-4
-0x1.fd4202p-6
0x1.0db8e4p-2
-0x1.6dd05cp-2
0x1.8732dcp-6
-0x1.cba8fcp-4
0x1.d4cc36p-8
-0x1.8595bep-6
0x1.292578p-3
-0x1.0dea94p-4
-0x1.0f5938p-3
-0x1.36a94ep-3
0x1.bfc58ap-4
0x1.b05f36p-4
0x1.088e06p-4
-0x1.135166p-8
0x1.be85aep-3
-0x1.04e0c4p-4
-0x1.169c2cp-4
0x1.6bc2d4p-6
-0x1.141b2p-3
0x1.56451p-3
0x1.3ce9b2p-2
-0x1.023c28p-2
-0x1.dea3eep-3
-0x1.ccfaeep-4
-0x1.97817ap-4
0x1.3718bep-3
-0x1.63d27ap-7
-0x1.b024ecp-5
-0x1.8a9ad4p-4
0x1.35ca1ep-5
-0x1.594934p-8
0x1.e81aaap-3
-0x1.7d1c4cp-6
0x1.cd0796p-9
0x1.33df7ap-4
-0x1.9e2302p-4
-0x1.4de4d4p-5
0x1.4e78acp-3
0x1.5c36a6p-5
-0x1.d06922p-4
-0x1.c81b9cp-3
0x1.4ee126p-3
0x1.1f3216p-3
-0x1.249b98p-5
0x1.a63776p-3
-0x1.03b05ep-3
0x1.3b1664p-4
-0x1.bf5626p-5
-0x1.bf6d92p-4
-0x1.e1f63p-3
0x1.ddf7a8p-6
-0x1.23ed6ep-2
0x1.090af8p-3
-0x1.3b90cp-3
-0x1.178f94p-3
0x1.07918ap-3
0x1.6896d6p-5
0x1.8f2642p-5
0x1.8ee7cp-5
0x1.b2b2cep-7
-0x1.d74edep-4
-0x1.2f4e4p-3
0x1.cbfb4ep-4
-0x1.78618ap-3
0x1.4ebd2ap-3
-0x1.a2d476p-4
0x1.6a511cp-5
0x1.50cfa8p-4
0x1.eb55f6p-7
0x1.071472p-3
0x1.42027ep-2
-0x1.28300ap-7
-0x1.cac168p-4
0x1.b311cep-5
0x1.a0bb2ep-6
0x1.66a15cp-3
0x1.78c53ep-4
-0x1.24039p-3
0x1.bf11ecp-3
0x1.a3e6f6p-4
0x1.bb7586p-2
0x1.a18838p-3
-0x1.705c48p-5
0x1.62965cp-5
0x1.0d9738p-4
0x1.35d0e6p-7
0x1.881cfep-5
-0x1.3a3736p-4
-0x1.8569c8p-4
-0x1.9a5bc2p-7
-0x1.2c2976p-3
-0x1.a29234p-4
0x1.0ab2bep-5
-0x1.b4c4b2p-2
-0x1.36f87ap-7
0x1.f50d6ep-6
0x1.0eff1ep-2
-0x1.4b2acp-5
0x1.66e12p-5
-0x1.1dafb4p-2
0x1.d4b132p-3
0x1.9aa99p-3
0x1.02c3b6p-4
0x1.862b2cp-7
0x1.22dceep-2
0x1.2fb32cp-1
0x1.24d688p-3
0x1.d14d84p-7
-0x1.b59becp-4
-0x1.88e84cp-3
0x1.69d8a2p-2
0x1.76ceb6p-4
-0x1.363fdap-3
-0x1.32406ep-3
0x1.6e9dfap-3
0x1.0a6918p-3
0x1.7c9484p-5
-0x1.3dc7a6p-6
-0x1.1a3fbcp-3
-0x1.e5aa3cp-3
0x1.af0dbap-3
-0x1.696f26p-4
-0x1.3b4efcp-6
-0x1.701622p-3
-0x1.8a4b86p-3
0x1.a5a114p-2
0x1.0333d4p-2
0x1.4986ep-2
0x1.065958p-3
-0x1.3c5866p-4
-0x1.499384p-3
0x1.486882p-2
-0x1.2f153ap-3
-0x1.f65d38p-5
-0x1.277eaap-3
0x1.e5f386p-3
0x1.84f4fap-7
-0x1.0ac8cap-5
-0x1.87ec9p-3
-0x1.5e43e8p-3
-0x1.a2fc48p-4
0x1.6db9d6p-5
-0x1.55e6acp-2
0x1.2c5f2cp-3
0x1.af512ep-7
0x1.2d98c2p-3
0x1.0405f2p-4
-0x1.a3f7c4p-4
0x1.18853ep-3
-0x1.2b87b2p-3
0x1.ff2224p-4
0x1.79d70ep-3
0x1.09a9bap-3
-0x1.9ea68ap-4
0x1.32ddbcp-3
-0x1.4ad3d8p-3
0x1.8a3b92p-4
-0x1.9f692ep-2
-0x1.5e2674p-3
0x1.cd025cp-9
0x1.554942p-4
0x1.95a634p-3
-0x1.098e7cp-3
-0x1.b52756p-2
0x1.6b2e58p-4
-0x1.4ef25ap-3
-0x1.840a4ep-3
-0x1.2c4272p-5
-0x1.4e4918p-2
0x1.4716d6p-5
-0x1.a254d4p-3
0x1.4f0994p-2
0x1.9232d6p-2
-0x1.07210ap-3
-0x1.65d5ccp-2
0x1.832e6ep-2
0x1.80334ap-3
0x1.8cd6eap-2
-0x1.556f78p-2
-0x1.0e16b8p-6
-0x1.a8a212p-3
0x1.78c4a4p-9
0x1.2e200ap-3
-0x1.63641cp-4
0x1.b39a2ap-4
0x1.f67acp-6
0x1.d93ed8p-4
-0x1.28391cp-4
0x1.47ed02p-3
-0x1.62362cp-2
-0x1.29fb9p-3
0x1.430dd4p-5
-0x1.a02b92p-5
-0x1.524c16p-3
-0x1.2cac9ap-9
0x1.eba3c6p-3
-0x1.879cf2p-4
-0x1.08244ap-4
-0x1.3762eap-4
0x1.f801a4p-6
0x1.b59b3p-4
0x1.789168p-3
0x1.1ccee6p-3
-0x1.c0b516p-3
0x1.1dedeap-3
0x1.f54ce6p-4
0x1.9eda86p-3
0x1.6060dp-4
0x1.70c3fcp-5
0x1.b803a6p-4
-0x1.8e8da8p-3
-0x1.77a4e2p-4
0x1.3f52f8p-5
0x1.2f846ap-4
-0x1.d7a90ep-4
-0x1.d597d2p-4
0x1.460f7ap-6
0x1.5c3e6cp-3
0x1.15b63ep-3
0x1.7ae1c8p-2
0x1.0cab84p-5
0x1.041b74p-2
-0x1.38e75ep-2
-0x1.87b10ap-5
-0x1.acae68p-4
0x1.36110cp-2
-0x1.26cc16p-2
-0x1.672d9ap-3
-0x1.246b7ep-3
-0x1.f474aep-5
0x1.af8976p-4
0x1.5fe36ap-2
-0x1.5ccbc6p-4
-0x1.ae523p-3
-0x1.2c9954p-3
0x1.8b9d8ep-6
0x1.cb6924p-2
-0x1.d44a5ap-3
0x1.3a32b2p-3
-0x1.a6cc28p-4
0x1.59b5eap-8
-0x1.0428fp-4
0x1.f1b94ap-4
0x1.0311cep-2
-0x1.cbd97ep-9
0x1.7065aep-4
0x1.b1b3d6p-3
0x1.f5c2d2p-7
-0x1.e9edfap-6
-0x1.ca2598p-4
0x1.64eb12p-2
0x1.0c1dbcp-4
0x1.a512cap-3
-0x1.b25fdp-3
-0x1.0b876p-7
-0x1.4a1d1ep-6
0x1.189ap-4
-0x1.fbeb66p-5
-0x1.32ba14p-2
0x1.cbac14p-5
0x1.81313p-6
0x1.b85324p-6
-0x1.7db16ap-6
-0x1.e65e12p-4
0x1.11768cp-2
0x1.1c2d6ap-3
-0x1.b6dc62p-4
0x1.30929ap-4
0x1.92dce6p-5
0x1.68c806p-3
0x1.a0ae8p-2
-0x1.8ce2b4p-3
-0x1.e54bd8p-4
-0x1.93302ap-3
0x1.cee6aep-4
0x1.56e762p-4
0x1.ab25b6p-7
-0x1.cc073ap-4
-0x1.665e8ep-3
-0x1.38b948p-5
-0x1.397edcp-3
0x1.5ad66ap-4
-0x1.337d6ap-7
-0x1.4ae6e4p-3
0x1.4dd634p-3
-0x1.870b22p-3
-0x1.7dcb18p-9
0x1.5217c2p-3
-0x1.8a6c0ap-5
0x1.ac7b5cp-4
0x1.6ec85ap-3
-0x1.b03df6p-6
-0x1.dd21a8p-7
-0x1.3f9256p-3
-0x1.c33b06p-6
0x1.0e080ap-3
-0x1.702adap-2
-0x1.2533e2p-3
0x1.7bd62p-4
-0x1.71bf86p-4
0x1.58a0f4p-2
0x1.0f2856p-4
-0x1.eeb9fep-4
-0x1.d0fbf2p-3
0x1.065014p-3
-0x1.6d045ap-4
0x1.d5e186p-3
-0x1.0678a8p-3
-0x1.d6a9cep-6
-0x1.38aba4p-5
-0x1.4d4d66p-4
0x1.04bd2ep-7
0x1.632b92p-4
0x1.e29e24p-3
0x1.285c24p-3
-0x1.2369fap-8
0x1.4de83cp-3
-0x1.5cd98ep-5
-0x1.f054f4p-5
0x1.93f3bep-4
0x1.fd48ccp-4
0x1.334f2ep-5
-0x1.184408p-3
-0x1.31e7dep-2
0x1.792bb8p-5
0x1.a67b6cp-4
0x1.7b2f32p-6
0x1.874b6ep-4
-0x1.d3f3ep-3
0x1.92b30ap-3
-0x1.446f56p-3
0x1.9e6a2p-2
-0x1.812474p-3
-0x1.90324p-3
-0x1.66817p-10
-0x1.679fd2p-5
0x1.0ac5cap-3
0x1.d61a5ep-4
-0x1.1b80f8p-3
-0x1.b9d71cp-3
-0x1.d52c3p-3
-0x1.333eccp-5
-0x1.2580d8p-3
0x1.55a4bp-8
-0x1.73ee38p-2
-0x1.6d8ab6p-3
0x1.c6ed3ap-5
0x1.73306ep-6
-0x1.bb5212p-3
-0x1.618ca4p-2
0x1.24079ep-2
0x1.c0bfb6p-4
0x1.de6e88p-3
-0x1.8001e4p-2
-0x1.72783ap-4
-0x1.43b8a8p-8
0x1.9edee2p-2
-0x1.037d94p-3
0x1.127b76p-5
-0x1.061582p-4
0x1.3d0588p-6
-0x1.970e78p-4
-0x1.30b0a4p-4
0x1.454b28p-6
-0x1.ae498cp-5
-0x1.eed818p-4
-0x1.12883ep-2
0x1.82c12cp-2
0x1.740ce4p-2
-0x1.7b8e9ap-3
-0x1.c0ebeap-4
-0x1.b2d9fep-6
-0x1.8af516p-4
0x1.f0704ep-3
-0x1.111354p-3
0x1.49b032p-3
-0x1.87b2fep-2
-0x1.936812p-4
0x1.b265c6p-6
-0x1.85929cp-6
-0x1.03681p-4
-0x1.086254p-6
0x1.219248p-4
-0x1.e9857p-6
-0x1.ee8104p-4
0x1.a9b4a6p-4
0x1.079654p-3
-0x1.9d509cp-2
0x1.af59fp-6
0x1.5f4486p-2
0x1.322c94p-2
-0x1.b58b6ep-3
-0x1.3f711ep-2
-0x1.0d3f3cp-6
0x1.adf078p-6
-0x1.527b7ap-3
0x1.36f1fep-3
0x1.1af4e6p-2
0x1.0a777cp-4
-0x1.1a5972p-2
-0x1.df63fp-3
0x1.574736p-2
0x1.d3cd4ep-2
0x1.713d66p-3
0x1.b27894p-4
0x1.4822ccp-4
-0x1.572992p-3
-0x1.70c4acp-3
-0x1.adac4ap-2
-0x1.6f3432p-2
0x1.95a012p-3
0x1.482392p-5
-0x1.9661bep-3
-0x1.0b0be6p-2
-0x1.3d449cp-6
-0x1.0644dcp-11
0x1.4cf84cp-4
-0x1.5f610ep-3
0x1.d68472p-4
-0x1.736af4p-3
-0x1.69731p-3
-0x1.77900ap-4
0x1.705f78p-4
-0x1.e459eap-3
-0x1.75ceeep-6
-0x1.5f8d94p-3
0x1.28a1c6p-2
0x1.3c1ac2p-1
0x1.25f692p-2
0x1.11e23cp-2
-0x1.c2f818p-4
-0x1.66e134p-5
0x1.60f0a2p-3
0x1.1f7e86p-4
-0x1.e2ab9cp-7
0x1.286a52p-3
-0x1.36295p-5
-0x1.28f1a6p-4
0x1.4744dcp-4
-0x1.0bc8d8p-6
-0x1.a38316p-4
-0x1.688ceap-5
-0x1.4a202ap-3
0x1.8ba0c6p-5
-0x1.bafbfep-3
0x1.b4ea6ap-3
-0x1.6107dcp-2
-0x1.e04bcap-4
-0x1.c425e4p-3
-0x1.0887f2p-4
0x1.ff19e8p-4
0x1.c3c2c2p-7
-0x1.d4ea2ep-5
0x1.7ffda2p-11
-0x1.92016p-4
0x1.28a106p-2
0x1.9e0bd6p-4
0x1.4f6028p-3
0x1.ec785cp-7
-0x1.eaf5c4p-7
-0x1.62bd96p-6
-0x1.ad53ccp-3
0x1.66dce2p-3
0x1.2e6682p-4
0x1.12c986p-3
-0x1.53855p-3
0x1.609ff2p-3
-0x1.dd264ep-7
0x1.77ef3p-12
-0x1.015a4ap-2
0x1.ccab58p-3
-0x1.553acp-1
-0x1.e7eb34p-5
0x1.5102fap-3
-0x1.c8934cp-3
0x1.b7dfcap-3
0x1.3669d2p-3
-0x1.59402ap-4
0x1.03068cp-4
-0x1.12512p-6
0x1.e5cbb4p-3
0x1.2b1f36p-3
0x1.70bebp-2
0x1.1460e6p-3
-0x1.4419c2p-4
-0x1.0f8a54p-5
0x1.4661dp-4
0x1.0ad724p-3
0x1.4aa96ep-3
-0x1.7d28a6p-3
-0x1.031ap-3
0x1.8e5beep-3
0x1.99336p-4
0x1.178f2p-7
-0x1.791c96p-5
0x1.4661fap-3
-0x1.b6dc86p-4
0x1.ca660cp-5
-0x1.75a14p-8
-0x1.3f8b5ap-2
0x1.9c6468p-5
0x1.86a0a2p-7
-0x1.494abp-5
0x1.234522p-4
-0x1.2f5c02p-4
0x1.2ec826p-2
0x1.de155ep-4
-0x1.88d792p-5
0x1.283202p-6
-0x1.5b9b4p-4
-0x1.c1fe4ep-4
-0x1.249bf6p-4
-0x1.d4195ep-5
0x1.518de2p-3
-0x1.94993cp-8
-0x1.f664fep-3
0x1.290dbcp-9
0x1.ce5346p-5
0x1.77031ap-3
-0x1.78a108p-4
-0x1.4b771cp-6
-0x1.be2c2cp-3
0x1.0e6d7p-3
-0x1.35561cp-4
-0x1.4993ecp-3
0x1.3a8734p-3
-0x1.e91afcp-6
0x1.57a95ap-9
-0x1.5defe2p-2
0x1.3ffeb8p-4
-0x1.9354c6p-5
0x1.92f676p-3
-0x1.4dac62p-4
0x1.98ef76p-6
0x1.031ef2p-2
-0x1.ceabep-6
-0x1.552812p-3
0x1.20bed6p-2
-0x1.292218p-3
-0x1.7444dp-4
-0x1.f15404p-2
-0x1.21807ap-7
0x1.3f613ap-5
-0x1.a62896p-2
0x1.df959cp-3
0x1.b21702p-2
0x1.31f06ap-2
-0x1.0de2eep-2
-0x1.6366ecp-2
-0x1.794f24p-2
0x1.28e3c6p-1
0x1.9b1e6ap-5
0x1.b53908p-5
-0x1.66d3ap-2
0x1.1f6a8ep-5
0x1.59641cp-5
0x1.02be86p-1
-0x1.00e2dap-2
-0x1.74aep-3
-0x1.a8e456p-7
-0x1.563ceep-6
-0x1.0125acp-6
-0x1.019e8p-6
-0x1.6fe428p-4
0x1.dfee4p-9
0x1.ce6ddp-3
-0x1.6a4066p-3
0x1.34147ap-4
-0x1.16870ep-4
0x1.e94d8ap-3
-0x1.6c603ap-6
-0x1.3448p-5
0x1.67a218p-3
0x1.2cb8fap-3
0x1.684218p-3
0x1.251fc8p-10
-0x1.b79188p-4
0x1.146dbp-3
0x1.0cc622p-2
-0x1.1d2a9p-2
0x1.75c45ep-3
0x1.d02068p-7
-0x1.43cef4p-4
0x1.3cce2p-5
0x1.bae358p-3
-0x1.ea714cp-3
0x1.f5b622p-4
-0x1.a023e2p-5
-0x1.1dd212p-5
0x1.08704cp-5
-0x1.6aac6p-3
0x1.f813e2p-4
-0x1.e0b734p-5
-0x1.71472ep-2
0x1.09a71p-8
0x1.50ef12p-3
-0x1.4e8a36p-3
0x1.c4737cp-7
0x1.c37f34p-4
0x1.bb0008p-4
0x1.eadbd6p-6
-0x1.97abbap-8
0x1.44b1cep-4
-0x1.2a0d62p-4
0x1.3877b2p-3
-0x1.e70d4ep-3
-0x1.004daap-5
-0x1.2c416ap-5
0x1.15abf6p-4
-0x1.ae17c6p-4
0x1.b60542p-6
-0x1.23c8e4p-2
0x1.34fabp-4
-0x1.c3c9d6p-5
-0x1.c1888cp-3
-0x1.ad0a08p-4
0x1.2cd04ap-4
0x1.0292a6p-2
-0x1.4ea7ecp-3
-0x1.d82f94p-5
-0x1.a445dap-3
0x1.60de04p-7
0x1.387cb6p-3
-0x1.5deca6p-3
-0x1.96a41ap-4
-0x1.3c6942p-5
0x1.42a0ap-4
-0x1.4264b2p-3
-0x1.44135p-6
-0x1.711148p-5
0x1.a9274cp-4
-0x1.000b02p-4
-0x1.af8dd8p-9
-0x1.191758p-7
0x1.47134ap-8
0x1.30e7eap-5
0x1.6626a2p-8
0x1.4efdbap-3
0x1.aa1342p-4
-0x1.40045ap-3
0x1.e9a868p-6
0x1.a45074p-3
0x1.46e9f8p-6
-0x1.955e7ap-5
-0x1.b60928p-3
0x1.5a4b94p-3
-0x1.127cacp-5
-0x1.813b3p-3
-0x1.4ed0f4p-4
-0x1.0222p-3
-0x1.881b04p-9
-0x1.1f2d82p-4
-0x1.5b4e52p-5
-0x1.422eb6p-3
-0x1.1cec44p-4
-0x1.fd68e8p-7
-0x1.b8fed2p-4
-0x1.9f199cp-5
0x1.bc8674p-4
0x1.2670c8p-3
-0x1.da887ap-6
0x1.29101p-4
-0x1.00ed42p-4
0x1.20d2ccp-2
-0x1.6e3878p-3
0x1.663124p-5
0x1.2053dap-3
0x1.23d7e4p-4
-0x1.33d948p-2
-0x1.f828a6p-6
0x1.24c1b4p-2
0x1.712ef2p-5
-0x1.d8caf8p-4
0x1.0fd2aap-2
0x1.e5cd64p-5
-0x1.a45a9cp-3
-0x1.9c8d5p-6
0x1.bbeb46p-5
0x1.6e1b08p-4
0x1.465abap-3
-0x1.2a05ap-2
-0x1.ae1b42p-5
0x1.66bb9p-6
-0x1.63a1eep-7
0x1.1e42c6p-2
-0x1.0ac78p-4
-0x1.b7618cp-4
0x1.84aa16p-3
0x1.4ee578p-5
-0x1.8c6944p-5
-0x1.ebbb18p-5
0x1.e9f9fp-3
0x1.1c8dd8p-2
0x1.3a298ap-5
-0x1.42946ep-3
-0x1.01632ep-2
0x1.9c8cfp-5
-0x1.9651dp-5
0x1.90fbap-5
-0x1.2ab004p-3
-0x1.7ab04ep-3
-0x1.ad412p-3
-0x1.a0e1bcp-5
-0x1.a6572ep-4
0x1.6b9ad6p-3
-0x1.1d4e4ep-3
0x1.8f370ap-7
0x1.0d8ecap-2
0x1.4a4556p-3
0x1.7c092ap-3
-0x1.d937c6p-6
-0x1.a5798p-4
0x1.6af63cp-6
-0x1.16967cp-4
-0x1.eafd72p-5
0x1.c13edap-9
-0x1.45bcc2p-4
-0x1.261894p-5
0x1.eb0abcp-4
0x1.98e90cp-3
0x1.b0297ap-8
-0x1.14660cp-3
0x1.2e34c2p-4
0x1.b4616cp-4
0x1.9c867p-3
-0x1.02ac98p-6
0x1.95024cp-5
-0x1.f99bdp-5
-0x1.293488p-4
-0x1.fdf85p-6
0x1.7b52d4p-3
0x1.17244p-4
-0x1.0c7bf4p-3
-0x1.60ee54p-3
0x1.e6a0d8p-4
-0x1.81742ep-3
0x1.ac1452p-4
0x1.8b8866p-7
-0x1.9131f8p-3
0x1.5ac3ep-17
-0x1.4f1878p-7
-0x1.81df6ap-2
-0x1.6dad8p-3
0x1.65ca1p-4
0x1.0df89ep-2
0x1.ba2ddap-3
-0x1.3426aep-4
-0x1.e79dcep-7
-0x1.b1cc52p-5
0x1.025ba2p-5
0x1.23d192p-3
0x1.39c6ep-3
0x1.8c7fa8p-4
-0x1.8f302cp-10
0x1.3c007ap-3
-0x1.002d3ap-4
-0x1.7e428ep-4
-0x1.435ab8p-2
-0x1.f5f91p-6
0x1.142ffap-4
0x1.9b4286p-3
0x1.72adb2p-4
-0x1.7fd59p-4
-0x1.3daabap-3
0x1.3ec47ep-4
0x1.10a4a8p-3
-0x1.050d5p-3
-0x1.e9ddcep-5
0x1.6d3dd8p-3
-0x1.58b07ap-5
0x1.360f3cp-6
-0x1.1018c8p-6
0x1.db9282p-5
-0x1.ab41a6p-6
0x1.68453p-6
-0x1.be281ep-12
0x1.61affep-5
-0x1.a57a52p-10
-0x1.c34c22p-4
0x1.092b5p-2
0x1.f52baap-4
0x1.ae2b84p-6
-0x1.7c0262p-3
-0x1.0cba74p-9
0x1.987a7ap-4
-0x1.c9a6bcp-3
-0x1.007c66p-5
0x1.f04528p-6
-0x1.5bdf54p-8
-0x1.33d21ap-3
-0x1.0773c4p-6
-0x1.9ccbeap-3
-0x1.78a54ap-3
0x1.98a332p-3
-0x1.8c7cecp-4
0x1.be41e4p-3
-0x1.a60d7p-6
-0x1.38ee62p-4
0x1.664e84p-6
-0x1.b2886ep-3
-0x1.181aep-4
-0x1.669d82p-4
0x1.5059a6p-5
-0x1.4e1512p-6
0x1.5ddfaep-3
-0x1.26c25ap-4
0x1.55f608p-3
-0x1.0fff2ep-5
0x1.03b094p-3
0x1.36676p-3
0x1.5de9f6p-4
-0x1.29d6f4p-5
0x1.695ed2p-4
-0x1.7d303cp-5
0x1.a65426p-4
0x1.c33baep-7
-0x1.a6e12ep-6
-0x1.648deep-3
0x1.3ed718p-3
0x1.92186p-9
-0x1.bec59ep-5
-0x1.287faap-3
-0x1.4173f6p-5
0x1.e127f2p-6
-0x1.3b02fep-3
0x1.322cb4p-4
-0x1.cc6dcap-5
0x1.d3b3aep-5
-0x1.17d464p-7
0x1.8df4ccp-5
-0x1.8b0f1cp-3
-0x1.c66b6cp-3
-0x1.a902dap-3
0x1.f35c2ep-9
0x1.4e275cp-4
-0x1.75f97p-4
0x1.39c6aep-4
-0x1.cbceacp-4
0x1.86354cp-4
0x1.062bd4p-3
0x1.71cfacp-4
-0x1.52f152p-3
-0x1.29c43ep-4
0x1.79c7e2p-3
0x1.b22a62p-3
0x1.e9506p-6
-0x1.a3a5dap-3
-0x1.1c6f58p-2
0x1.d76d7cp-4
-0x1.c020f8p-3
-0x1.3a465ep-4
-0x1.0dab8ap-10
0x1.074c4cp-4
0x1.0324a6p-3
0x1.31215cp-2
0x1.c6ad4cp-5
0x1.8752d4p-4
-0x1.128ebcp-2
-0x1.eedd1cp-4
-0x1.b2b15ap-5
0x1.240e9cp-5
-0x1.55bf54p-4
-0x1.97eeaap-6
-0x1.b1c8a2p-7
0x1.d4f218p-4
0x1.af3e16p-5
-0x1.390072p-3
-0x1.9dce92p-5
0x1.0ec87p-2
0x1.783d34p-4
0x1.b86edp-4
-0x1.1223bcp-3
-0x1.6bb934p-3
-0x1.0b0586p-3
-0x1.ece7e8p-3
0x1.92773ap-3
0x1.1ca28ep-4
-0x1.03c5b6p-6
0x1.6df14ap-5
0x1.36b05cp-3
0x1.2971dap-3
-0x1.be67p-4
0x1.25e98cp-5
0x1.fd0d8cp-9
0x1.96b724p-4
-0x1.51167p-3
-0x1.d7d176p-3
0x1.0f0de6p-11
0x1.54fd0ep-4
0x1.64b58ep-4
0x1.501e44p-8
-0x1.532b6ep-4
-0x1.118b22p-5
0x1.c7eb5ep-4
0x1.a009c6p-6
0x1.11009ep-2
-0x1.79cdep-5
-0x1.f48b4ep-3
-0x1.148a7p-7
-0x1.a00004p-3
0x1.1dc4e4p-3
0x1.9cf6cep-6
0x1.07d934p-5
-0x1.a8e854p-6
0x1.0a9fc6p-2
0x1.80efcep-3
0x1.0589a8p-3
-0x1.9fc492p-6
0x1.5293c4p-9
-0x1.64aa86p-3
0x1.eeec0ap-4
-0x1.78c23ap-3
-0x1.fa8e92p-4
-0x1.21969ap-3
0x1.03ada2p-2
-0x1.9f76fap-3
-0x1.139a96p-2
-0x1.cc97ccp-4
0x1.fb414ep-3
-0x1.c6eb3p-5
0x1.36b798p-2
-0x1.982676p-3
-0x1.416bb6p-4
0x1.c3ea44p-4
-0x1.129b4ep-2
0x1.ad122p-3
-0x1.5e585ep-4
0x1.9890fp-8
0x1.ba5f64p-9
0x1.26d04cp-4
-0x1.d7e042p-8
0x1.6b7694p-4
-0x1.68bbap-3
-0x1.7ce572p-4
-0x1.125ad4p-2
-0x1.f9a6bp-5
-0x1.e2afa2p-3
-0x1.45d29ap-3
0x1.774b4ap-4
0x1.20aa24p-3
0x1.3eef7ap-6
-0x1.a5c7aep-3
-0x1.2e9932p-3
0x1.3fe94p-3
0x1.a3451ap-4
0x1.6bdfeap-3
-0x1.dc76f6p-4
-0x1.b1a32ep-3
-0x1.4c46e6p-8
-0x1.cab6b8p-2
0x1.a6781ep-5
0x1.238644p-4
0x1.6ca9fap-5
-0x1.ddba5ep-4
-0x1.3bc62cp-5
0x1.d3878ap-3
0x1.7e764cp-5
-0x1.224822p-2
-0x1.d136b8p-3
-0x1.8c3122p-5
-0x1.69aac6p-4
-0x1.8ce404p-3
-0x1.1f601p-3
0x1.e74d8ep-3
0x1.48471cp-7
0x1.89ae88p-9
-0x1.c245cep-3
-0x1.966f58p-4
0x1.feecdcp-3
-0x1.0ed604p-4
0x1.087db4p-4
0x1.6ddbdap-3
-0x1.54d824p-2
0x1.1d9d8p-4
-0x1.4632c8p-3
0x1.a2db2ap-4
0x1.472b1ep-7
0x1.ee1edcp-5
0x1.3ef26p-4
-0x1.5e72bap-5
0x1.fc1034p-6
0x1.92bd4p-3
-0x1.a0133p-4
-0x1.c2a192p-3
-0x1.77b5dcp-2
0x1.a51f5cp-5
0x1.4da4dep-2
-0x1.18b09cp-2
-0x1.4c558p-2
0x1.ca2fbap-2
0x1.8aeb3p-3
-0x1.e3cbd6p-4
-0x1.fcb224p-3
0x1.24028cp-3
-0x1.62192p-6
0x1.94396ap-5
-0x1.6ba934p-3
0x1.4d2cfap-3
-0x1.1b19cap-3
0x1.ac3414p-3
-0x1.33bb08p-2
0x1.994f38p-3
0x1.3fff5cp-8
0x1.3a112cp-3
-0x1.587a78p-3
0x1.5aeaf2p-3
-0x1.28142cp-3
0x1.d35fd8p-7
0x1.b8ec1p-3
-0x1.5f9f42p-5
0x1.3c7134p-7
0x1.062efp-2
0x1.4288dap-4
0x1.709536p-4
-0x1.f03484p-6
-0x1.87c0e6p-4
0x1.81d47ep-3
-0x1.d777p-9
-0x1.4d86a2p-8
0x1.0d615ap-2
0x1.11d8a6p-4
-0x1.2c2c8ap-8
-0x1.9d5f2p-5
0x1.5242cap-3
0x1.ddb6c6p-3
0x1.fb6da4p-5
0x1.458b7p-5
-0x1.f0b9c4p-4
0x1.4f4078p-5
-0x1.7a082p-2
0x1.ed1904p-5
-0x1.4cd7cap-3
-0x1.4615aep-5
0x1.458deap-5
0x1.30d152p-4
-0x1.61019cp-2
-0x1.ca653ep-7
-0x1.6dcc04p-4
-0x1.27baccp-6
-0x1.d0b5cap-5
0x1.3487dp-4
-0x1.0d89cp-3
0x1.473d94p-4
-0x1.52feaap-3
0x1.582d72p-4
0x1.a4106p-6
-0x1.1df77ep-5
0x1.094614p-2
0x1.71fcd8p-6
-0x1.97072ep-4
-0x1.730d1ap-6
-0x1.cd0052p-7
0x1.0f9734p-3
-0x1.e56a88p-3
0x1.2bd82cp-3
-0x1.65c3c6p-3
0x1.103318p-3
-0x1.5175f6p-3
0x1.582a6ep-3
0x1.ff0604p-7
0x1.8f0a02p-3
-0x1.ba09d8p-2
0x1.2fd408p-3
0x1.fc630ep-6
-0x1.2905bep-2
-0x1.57cabap-3
-0x1.4af43p-3
-0x1.39db9cp-3
-0x1.3ca78p-5
-0x1.0ecb12p-6
0x1.afec66p-3
0x1.92a6bep-5
-0x1.c3b49cp-3
0x1.91fb5cp-5
-0x1.e303bp-5
0x1.72ed1ep-3
-0x1.b20676p-4
-0x1.7b263ap-4
-0x1.ceeb7cp-5
0x1.775726p-5
0x1.4eac46p-7
0x1.d48bc6p-3
-0x1.39fcd6p-3
0x1.1890f4p-2
0x1.46903p-3
-0x1.f6aac2p-5
-0x1.02724cp-4
0x1.952d38p-3
0x1.127082p-2
-0x1.257972p-2
-0x1.f9c4b8p-3
0x1.ee6054p-5
0x1.226b06p-3
-0x1.2b2bcp-3
0x1.f660e6p-4
-0x1.2fa886p-5
0x1.5ab28ep-6
0x1.c289c4p-8
-0x1.2a0b82p-9
-0x1.06f1aap-2
0x1.221c0ap-6
-0x1.9619eap-3
0x1.3bbbb6p-4
0x1.254966p-4
0x1.680898p-5
-0x1.7b8aeap-4
0x1.9fc3c4p-7
-0x1.19182p-3
0x1.d7b2f6p-5
0x1.f9c036p-7
-0x1.77bbe2p-4
-0x1.f329fcp-3
0x1.eb2fbap-4
0x1.bb6f02p-3
-0x1.403936p-3
-0x1.6ae5dap-2
0x1.5c19dep-8
0x1.22b18p-5
0x1.bc19e4p-3
-0x1.f0bb48p-5
-0x1.b3ce84p-5
0x1.6d116ep-2
-0x1.0da68ep-6
0x1.e76e04p-3
0x1.e723p-4
0x1.460562p-3
-0x1.3d66fep-2
-0x1.b6fb2p-5
-0x1.67b1d4p-7
0x1.dbca1cp-6
0x1.d69308p-6
0x1.80ba24p-4
0x1.880796p-3
0x1.0626bap-2
0x1.2aa614p-2
0x1.934b94p-3
0x1.106fa6p-5
0x1.bc1a2cp-4
0x1.5c1d2ep-5
-0x1.376062p-4
0x1.861f6p-3
-0x1.ae69a6p-3
0x1.11e5a8p-2
0x1.86d5e2p-2
-0x1.1d4d16p-2
0x1.1b308ep-4
0x1.75e51ep-2
-0x1.40c6f4p-2
0x1.2ab42p-4
0x1.010a6p-3
0x1.0c1bc2p-2
-0x1.2df906p-2
-0x1.3930dap-2
-0x1.bcf95ep-2
-0x1.0c60bep-2
-0x1.7abd82p-3
0x1.7a5b92p-3
0x1.6f4d5ep-2
0x1.40c0ep-2
0x1.71f5e4p-3
0x1.409f5ep-3
-0x1.1ba164p-3
0x1.8c0ff2p-3
-0x1.c86c86p-2
0x1.2d2174p-4
-0x1.63267p-3
0x1.5f7bacp-7
0x1.c1f934p-3
-0x1.5f11a2p-4
-0x1.346942p-2
0x1.38bd66p-2
0x1.5a24dcp-3
-0x1.a94a16p-3
0x1.1be85ep-2
-0x1.1bb29p-5
0x1.30c6fap-3
-0x1.0a7226p-3
-0x1.13a52p-2
-0x1.e9151p-3
0x1.0ac3fap-4
-0x1.5e18dp-5
0x1.abfc98p-5
0x1.49df72p-3
0x1.eae9a8p-3
0x1.8206fep-2
0x1.5b3488p-4
-0x1.22c238p-3
0x1.ce58c8p-3
-0x1.5f2734p-4
-0x1.c66256p-4
-0x1.c5b31p-4
0x1.9740c4p-3
0x1.93fbfcp-2
0x1.19779cp-5
0x1.ea4b32p-4
0x1.1c6f0cp-4
0x1.8445e6p-2
-0x1.bdad94p-3
-0x1.10d6f6p-3
-0x1.4c1486p-5
-0x1.05ddcp-5
-0x1.cb998p-6
-0x1.e64e02p-4
-0x1.f139c8p-3
0x1.ca9d48p-5
-0x1.c5dae8p-5
0x1.e496fcp-4
-0x1.364614p-7
0x1.eac7p-8
0x1.6ba644p-2
-0x1.659304p-4
-0x1.5b7fd4p-3
0x1.fc25ap-4
-0x1.8a194p-4
-0x1.a6ee04p-6
-0x1.f0e3f8p-6
-0x1.b9fc72p-4
0x1.5d0cccp-4
0x1.82277ep-3
-0x1.9947cep-4
0x1.8d50b6p-3
0x1.09f9e4p-7
-0x1.e561dp-3
-0x1.6777e2p-4
0x1.474874p-4
0x1.367fa8p-6
-0x1.ab616ap-5
-0x1.b026eep-6
-0x1.237102p-3
0x1.9b1bc4p-3
-0x1.b5008cp-3
-0x1.512006p-6
0x1.9ca2d4p-4
0x1.1f2dcap-4
0x1.66c20cp-4
0x1.0478a6p-4
-0x1.1539eep-4
0x1.add9e2p-4
0x1.11556cp-2
-0x1.89079p-3
-0x1.330f8cp-3
0x1.47455p-3
-0x1.030b8ap-5
-0x1.d7143p-6
0x1.0395aep-2
-0x1.087df6p-4
-0x1.1c6bdcp-4
-0x1.cba60cp-4
-0x1.231eb8p-4
0x1.f5c8a6p-4
0x1.44bc5ep-3
-0x1.9e562ap-5
0x1.a3f0bap-5
0x1.81476ap-5
0x1.40ada2p-3
0x1.a0b154p-5
0x1.11773cp-6
0x1.2d0bdp-3
0x1.4c4fbcp-3
0x1.abfcbap-4
0x1.1f6a5cp-7
-0x1.8f2696p-2
0x1.b7f6cep-5
0x1.02d7b4p-2
-0x1.a09638p-3
0x1.19e78p-4
0x1.0d061ap-3
0x1.51b1c2p-7
0x1.5dd992p-4
0x1.4c8808p-3
-0x1.283c22p-6
-0x1.afab72p-5
0x1.57683p-4
-0x1.3e3398p-3
-0x1.0dafa4p-2
0x1.092cc2p-5
0x1.1264b6p-4
0x1.12b98cp-3
0x1.879896p-3
0x1.1213p-2
0x1.406d26p-4
-0x1.e9e826p-4
-0x1.3e6452p-12
0x1.40d17cp-3
-0x1.771f6p-5
-0x1.7fa95ep-5
-0x1.f8b896p-4
0x1.a5bb6ep-3
0x1.f42e6cp-5
0x1.4597d6p-5
0x1.75fde4p-6
0x1.48337ap-4
0x1.97098ep-5
-0x1.f68a82p-7
-0x1.ef7d8ep-4
0x1.3c62b6p-2
-0x1.f1d7acp-4
-0x1.124d74p-2
0x1.081662p-6
0x1.fe1554p-4
0x1.295f9ep-5
-0x1.3a2f4p-3
-0x1.4bbf18p-5
0x1.f12f54p-3
0x1.662a98p-2
0x1.d9302p-5
0x1.9c3556p-4
0x1.9a57d2p-3
0x1.9ff93cp-6
0x1.f7ced4p-5
0x1.01f6e6p-4
-0x1.6c8a6ap-4
-0x1.b95e78p-6
0x1.87b382p-3
-0x1.2fdabp-2
-0x1.3d0b34p-3
-0x1.337edap-4
0x1.7cbbdep-2
0x1.a16facp-3
0x1.40d452p-3
0x1.d4b08ep-7
0x1.22656ep-3
0x1.1f822p-5
-0x1.95ffacp-4
-0x1.1002b8p-2
0x1.df4982p-7
0x1.3d8c38p-4
-0x1.43083ap-3
0x1.af4e98p-4
0x1.2cfb3cp-2
0x1.892608p-3
-0x1.f22fdcp-4
0x1.ccbd14p-2
-0x1.e15d02p-4
0x1.713b2ep-3
0x1.f4b97ap-6
0x1.370766p-2
0x1.1074aap-3
0x1.3ecd66p-3
-0x1.894252p-3
-0x1.c5236ep-4
0x1.1c096ep-2
0x1.95594ep-4
-0x1.35ed2p-3
-0x1.40ee08p-5
0x1.fdfd9ap-4
-0x1.8f39f4p-4
-0x1.db8312p-3
0x1.4008ep-3
-0x1.43f31ap-4
0x1.ad9c32p-4
0x1.c78b06p-7
-0x1.df6892p-4
0x1.8ceb1ap-4
0x1.318c9cp-4
-0x1.08d2ecp-6
0x1.8786d8p-9
0x1.579f26p-3
0x1.09c49cp-5
-0x1.968522p-3
0x1.0aebd2p-3
-0x1.04163ap-6
-0x1.96de8ap-5
-0x1.a490dap-8
-0x1.013ad4p-3
-0x1.071f5ap-3
-0x1.af220cp-3
0x1.102a04p-4
0x1.e9c176p-4
0x1.fd572ap-4
0x1.3927d2p-6
-0x1.17cfbep-3
-0x1.cd3c12p-6
0x1.ce0334p-3
-0x1.55db4p-2
-0x1.9dffep-5
0x1.5caeb6p-5
-0x1.308064p-4
0x1.cdbep-5
0x1.5646f8p-2
0x1.8fc0f2p-5
-0x1.65fafcp-2
0x1.96e896p-2
-0x1.ebc14ap-4
-0x1.c3bf52p-5
0x1.b71766p-5
0x1.d195cap-5
0x1.5b7482p-3
0x1.889c62p-3
0x1.bff15ep-5
-0x1.045818p-3
0x1.4b9f7cp-3
-0x1.1de8d6p-6
0x1.6621d6p-4
-0x1.1020c8p-5
-0x1.b2c7a2p-7
0x1.89b588p-3
0x1.182d56p-4
-0x1.9ead1ap-3
-0x1.2d9f2ep-2
0x1.534d5ep-6
-0x1.228666p-5
0x1.60303cp-4
0x1.0e75dep-3
0x1.2b0ed4p-1
0x1.0e3a2cp-2
0x1.0c037p-6
0x1.9daedap-4
0x1.19a198p-5
-0x1.174026p-3
0x1.6fa4bap-6
-0x1.c8c834p-5
-0x1.a65276p-4
0x1.209ab6p-2
0x1.7edddp-3
0x1.b599d8p-5
-0x1.aba0a2p-4
0x1.10499cp-4
0x1.19d696p-3
-0x1.86651ep-3
0x1.a8ea0cp-4
-0x1.deddaep-4
0x1.000e4cp-2
-0x1.50fa7cp-4
-0x1.5cb726p-4
-0x1.5eea5ap-5
0x1.27fdeep-5
0x1.d1cdf2p-4
0x1.4b373ap-4
-0x1.30bce8p-4
-0x1.8838c2p-7
-0x1.cf55a4p-7
-0x1.ec937cp-4
-0x1.7a9bdcp-2
-0x1.0727fcp-3
0x1.4f9604p-4
0x1.1837dp-3
-0x1.520134p-3
0x1.f29e14p-4
-0x1.dae174p-3
-0x1.98874ep-4
0x1.20e754p-3
-0x1.5a653p-3
-0x1.580b72p-2
-0x1.cff0c8p-3
-0x1.ebcf22p-4
-0x1.2e8634p-3
0x1.bbfed4p-3
-0x1.bf57bp-3
0x1.3c9f8cp-4
-0x1.ee6456p-4
0x1.a2c8cap-2
0x1.e4eb3ep-2
-0x1.378d1ep-4
0x1.224124p-3
-0x1.4697f4p-3
-0x1.7784acp-3
0x1.1f9216p-6
-0x1.894af2p-2
-0x1.031f8p-3
0x1.29375p-3
0x1.63108ep-2
-0x1.119034p-2
-0x1.44c1c4p-7
0x1.286c2ep-4
-0x1.825accp-5
0x1.01be64p-4
-0x1.50ccc8p-2
-0x1.62d244p-2
-0x1.88a782p-3
0x1.5b7da6p-5
0x1.1eed12p-2
0x1.668e12p-4
-0x1.1f811p-3
-0x1.34b1b2p-3
0x1.0e37ap-5
0x1.67912p-4
0x1.c140f2p-3
0x1.b21676p-6
0x1.67b3e6p-3
-0x1.6ff78ap-2
-0x1.b43206p-3
0x1.01fc36p-3
-0x1.184da2p-2
-0x1.02185cp-3
-0x1.6af4dep-4
0x1.e9cff6p-4
-0x1.4518b8p-3
-0x1.622332p-3
-0x1.32061cp-4
0x1.d4d5bap-4
-0x1.29472ep-2
-0x1.c92854p-3
-0x1.34dbf6p-4
-0x1.2ddbbap-2
-0x1.96b0b6p-5
-0x1.56922ep-3
0x1.2afbdp-1
-0x1.7f7e3cp-5
0x1.1ad984p-5
-0x1.f2b6ap-3
0x1.531fc4p-4
0x1.a3079ap-3
0x1.befc3p-4
-0x1.2b5814p-3
-0x1.ef659ep-3
-0x1.255f6cp-3
0x1.786424p-7
-0x1.a730ecp-3
0x1.dbfe32p-5
0x1.d3e7a4p-3
-0x1.a8ed58p-3
-0x1.ebdfbep-5
-0x1.6f8778p-2
0x1.954b2cp-5
-0x1.2a5c46p-3
0x1.bf7b38p-9
-0x1.d3d556p-3
-0x1.f906a4p-4
-0x1.8134a6p-5
-0x1.40b9d8p-3
-0x1.f4d2dp-9
0x1.6316cap-2
0x1.01aa64p-4
-0x1.c241d4p-5
-0x1.6b5c68p-5
0x1.53cbd4p-5
0x1.4433c6p-2
0x1.4e2ab6p-3
-0x1.01ef74p-3
-0x1.652e7ap-5
0x1.1dd4f4p-5
0x1.53b61p-2
-0x1.16dd7ap-2
0x1.67a25p-8
0x1.2d4432p-2
-0x1.e006aep-6
0x1.b4d0e8p-5
0x1.08c428p-5
-0x1.22df06p-4
-0x1.0c8f2p-4
0x1.2cc9cp-5
-0x1.8dfa7ep-5
-0x1.5f8c62p-2
-0x1.961978p-4
-0x1.d165c4p-3
0x1.a8ea02p-5
0x1.7380ap-4
0x1.31f3c2p-3
0x1.ce8c4cp-3
0x1.53432cp-2
0x1.24ad78p-3
0x1.7a9e42p-5
-0x1.12db2cp-3
0x1.971de4p-6
-0x1.3778bap-5
-0x1.0059e8p-4
0x1.828a54p-5
-0x1.1dea84p-4
0x1.ac3c16p-6
0x1.15b1d2p-4
-0x1.4e739cp-5
0x1.102b9cp-5
0x1.6537a4p-4
-0x1.748a7p-3
-0x1.35261ep-4
-0x1.7adc2cp-4
-0x1.eefe3ap-4
-0x1.875cbep-3
0x1.a9dfbep-4
-0x1.15509ap-3
0x1.737624p-5
0x1.06d04ap-2
-0x1.d14bf4p-6
-0x1.4351e2p-3
-0x1.ff78bap-3
-0x1.bd2b04p-5
0x1.0755c6p-2
0x1.082196p-5
0x1.162d4ap-2
-0x1.43bc46p-3
-0x1.55b258p-4
0x1.67167cp-3
0x1.e82e6p-5
0x1.4dd1c4p-3
-0x1.a2418ep-3
0x1.309786p-4
0x1.45185cp-5
0x1.c905dcp-3
-0x1.be54e6p-8
0x1.616846p-1
0x1.de43d2p-4
-0x1.15f436p-1
0x1.828a6p-5
-0x1.813c86p-4
-0x1.9e5d2p-5
0x1.3fa19cp-3
-0x1.6210cap-3
-0x1.869d3p-4
-0x1.330664p-3
0x1.7b1ddcp-4
0x1.346998p-5
-0x1.ff9e44p-6
-0x1.d602dp-9
0x1.bdc4cp-5
-0x1.728f48p-4
0x1.4dd894p-5
0x1.8f2f88p-3
-0x1.317858p-3
-0x1.379cf8p-2
-0x1.2ad5dp-4
-0x1.d071eap-3
0x1.58f05cp-4
0x1.519ad8p-5
-0x1.a771c2p-5
0x1.ed930ap-3
-0x1.65cfe8p-4
0x1.09ed34p-3
-0x1.29b43ap-3
0x1.42dcd6p-3
-0x1.a01b78p-4
0x1.f7eeacp-4
-0x1.7adef8p-9
-0x1.24c004p-3
0x1.2e4178p-3
-0x1.a20336p-5
0x1.a13754p-3
0x1.eadac8p-5
-0x1.89ca9cp-3
-0x1.0c5ca6p-4
-0x1.bda9ccp-3
-0x1.544358p-6
0x1.ca8e7cp-2
0x1.3eedeap-6
0x1.ed38bcp-4
0x1.ad68d4p-3
0x1.30b73p-2
-0x1.92ad68p-3
-0x1.cd4c94p-2
0x1.8be8bep-4
-0x1.07b976p-2
-0x1.319656p-3
0x1.97bd5cp-3
-0x1.1af342p-2
0x1.1bbf0cp-5
0x1.4f513cp-3
-0x1.2dfbfep-6
0x1.cb3204p-4
0x1.27374ep-2
0x1.819cc2p-4
0x1.6371f4p-2
0x1.58c79ap-5
-0x1.0bfca8p-4
-0x1.2b0692p-5
-0x1.880b4p-4
0x1.b32532p-3
0x1.c2aca8p-5
-0x1.f05434p-2
0x1.33f166p-3
0x1.507e42p-4
-0x1.453ef4p-3
-0x1.b18f2p-4
0x1.e412cep-6
0x1.9cfd6ep-2
0x1.fb64c6p-4
0x1.e4729p-6
0x1.213c7ep-4
0x1.285864p-4
0x1.82c3c6p-3
-0x1.778116p-6
-0x1.459e44p-4
-0x1.0575f4p-5
0x1.a34bb6p-4
0x1.3e6008p-4
0x1.6d4158p-3
-0x1.9176b6p-2
0x1.5a0102p-4
0x1.321e08p-4
0x1.82469p-6
0x1.e59686p-7
-0x1.8c535cp-3
-0x1.18b6aap-3
0x1.8885e4p-2
0x1.0e2238p-12
0x1.cc0bc6p-4
-0x1.3b8e44p-2
-0x1.9007p-2
-0x1.c059ap-5
0x1.73f32p-2
-0x1.f444bep-3
-0x1.b0824p-6
0x1.e4134ep-3
0x1.13d9d8p-5
0x1.351f6ep-4
0x1.34d30ap-2
-0x1.b92926p-3
-0x1.9b45fcp-3
0x1.2eac06p-5
0x1.ec6cb6p-4
0x1.839c92p-6
-0x1.890648p-2
0x1.22e47cp-6
-0x1.685f2ap-4
-0x1.c566cep-4
-0x1.24935p-9
0x1.8f7d8ap-4
-0x1.785fbep-4
-0x1.b10852p-4
-0x1.1829ap-14
-0x1.2685ccp-16
0x1.596c74p-14
-0x1.217638p-16
0x1.c775dcp-15
-0x1.aef86ep-13
0x1.13fa5cp-14
0x1.4d1daep-18
0x1.31d242p-14
0x1.8ac9cep-16
0x1.a40bbp-13
-0x1.feff08p-13
0x1.8bcf66p-16
0x1.fd3d3ep-16
0x1.916a5p-13
-0x1.9671c2p-14
-0x1.3f053ep-15
0x1.324f1ap-12
-0x1.a18ee4p-13
-0x1.a92f02p-16
0x1.bf135p-15
0x1.cef796p-13
0x1.27a5fcp-16
0x1.8acfcap-16
0x1.0264f6p-14
0x1.f09c96p-16
-0x1.6fcd3ap-14
0x1.58af8ep-13
-0x1.01848ep-13
-0x1.16fb02p-17
-0x1.e32f3p-13
-0x1.059266p-16
0x1.d4e916p-17
-0x1.1e51a6p-16
0x1.6b17b2p-16
0x1.46ce4cp-13
-0x1.fee882p-14
-0x1.49e4bp-15
-0x1.ef8c74p-15
-0x1.07ca58p-15
0x1.13e22ap-13
-0x1.658adp-16
0x1.986fd8p-18
-0x1.fc8418p-16
-0x1.596682p-12
-0x1.6c508cp-13
-0x1.2a287cp-12
-0x1.5b0daep-13
-0x1.8ef658p-15
0x1.04a7d6p-15
-0x1.88831p-15
0x1.3ca9bp-15
-0x1.c2e696p-14
0x1.81e372p-16
0x1.b344e8p-15
-0x1.576446p-13
-0x1.1bad8ap-15
-0x1.1431f4p-14
0x1.a1e324p-14
-0x1.0bd7d2p-16
0x1.fb45bep-18
-0x1.8963ccp-15
-0x1.c6cad4p-13
-0x1.659576p-16
-0x1.007954p-12
-0x1.57462p-14
0x1.1a0552p-15
-0x1.730806p-15
0x1.de7fap-16
-0x1.b39464p-16
0x1.1e624ep-15
0x1.21f0aep-14
-0x1.0d6818p-14
0x1.dff0ap-16
-0x1.5d73a6p-14
0x1.21a0d4p-14
-0x1.5c0c52p-16
0x1.203c3ep-14
0x1.0fb068p-13
-0x1.7464bep-16
0x1.cddefp-14
0x1.24b006p-13
-0x1.ad0a8cp-15
0x1.89c5cap-13
-0x1.69a206p-14
-0x1.85f9d4p-15
-0x1.63ac4p-15
-0x1.4541bp-14
0x1.a7cee6p-14
-0x1.39f93ep-14
-0x1.445ac2p-13
0x1.1313eep-14
-0x1.8a12e4p-15
0x1.0fa4ap-13
0x1.fc962cp-15
0x1.2cffa6p-13
0x1.4512e2p-15
-0x1.ce8de6p-16
-0x1.12ecdep-15
0x1.4aa5cep-14
0x1.00bc9ap-13
0x1.365308p-17
0x1.a9630cp-15
-0x1.c6e58p-14
-0x1.d5ef1ap-16
-0x1.e58eb4p-14
-0x1.1e6c3ap-15
0x1.000bbcp-13
0x1.ccfcc4p-15
-0x1.0c7816p-13
0x1.3c4c5cp-13
-0x1.ab4f5cp-14
-0x1.3712e4p-17
-0x1.d78eep-18
-0x1.afb69p-15
0x1.0d9c7cp-12
-0x1.2adeb2p-14
-0x1.035f02p-12
-0x1.d8edc2p-14
0x1.04ca0cp-14
0x1.2bebecp-12
-0x1.76fe02p-16
0x1.4ad7fap-13
-0x1.4d763ap-14
0x1.440ae6p-18
-0x1.7a59eep-15
0x1.a5341ap-18
-0x1.4043cep-14
0x1.bf2cb2p-13
0x1.d120a6p-14
0x1.2c0e54p-14
0x1.54f806p-14
-0x1.37c4c4p-13
0x1.e40dfep-15
0x1.c4f62cp-14
0x1.30ac8ep-17
0x1.8de2f8p-13
0x1.2088bp-12
0x1.cf4a96p-14
0x1.72f9c2p-14
0x1.d39f3ep-14
-0x1.486fc2p-13
0x1.cbfbc4p-15
0x1.5463b6p-13
0x1.49564p-14
-0x1.e345fep-15
-0x1.dc27e2p-14
-0x1.473d6ep-12
-0x1.724f3ap-14
-0x1.caa896p-16
-0x1.99be86p-15
-0x1.c11a68p-16
0x1.79cc6p-14
0x1.25e68p-14
-0x1.0d1ba2p-14
0x1.c94c86p-15
-0x1.ee95e8p-14
0x1.48fc8ap-13
0x1.cdc68ep-17
0x1.44b656p-12
-0x1.0d4df8p-18
0x1.3dc70ap-15
0x1.10d6d8p-13
-0x1.3a03bap-14
-0x1.df06cep-13
0x1.8d4738p-15
-0x1.2bf0f8p-16
-0x1.082b1cp-17
-0x1.2c0214p-12
0x1.46007ap-14
0x1.55c7ecp-16
-0x1.fcd7d6p-16
0x1.757c7ap-13
0x1.2fab62p-17
0x1.393d48p-14
-0x1.14628ep-16
-0x1.97f7a2p-15
0x1.5d5828p-14
0x1.87ea3cp-15
-0x1.5c7d9cp-14
0x1.ee3766p-14
0x1.57b602p-15
-0x1.24e4d2p-13
-0x1.fc41cep-13
-0x1.320d0cp-15
0x1.cd23eep-14
0x1.fc5b86p-13
-0x1.ee3982p-13
-0x1.76989p-17
0x1.35dcd6p-14
0x1.28e072p-14
0x1.3e7602p-14
-0x1.64d9d8p-14
-0x1.48dc04p-13
-0x1.ae9642p-15
0x1.2f3114p-13
-0x1.1597cap-19
-0x1.7ecb24p-15
0x1.ffe0f6p-16
-0x1.c819fep-16
-0x1.9e3b22p-14
-0x1.4888cap-14
0x1.104714p-18
-0x1.8670c2p-15
-0x1.48a12ep-13
-0x1.485cbcp-16
0x1.3617a8p-12
-0x1.37f5ap-15
-0x1.a4c3fap-12
0x1.33c794p-15
0x1.366188p-16
-0x1.dfed84p-16
-0x1.103cc2p-14
0x1.b8fa28p-15
0x1.4b2be4p-13
0x1.8e5b38p-14
0x1.5a455ep-13
0x1.4ea2acp-14
-0x1.a2c8fap-16
-0x1.a9cde8p-13
0x1.d8cc26p-13
0x1.10d426p-17
-0x1.9a81cap-15
0x1.681b2cp-15
-0x1.5322fap-12
-0x1.3657aap-13
-0x1.1cd042p-12
-0x1.f17f88p-14
0x1.0a74ecp-13
-0x1.c4ceeep-15
-0x1.a3279ap-17
-0x1.065c3cp-12
0x1.81d92cp-15
-0x1.6c914cp-14
-0x1.189146p-13
-0x1.c3308cp-15
-0x1.78ddaep-12
-0x1.079c6p-13
-0x1.1fff2cp-16
-0x1.99bec2p-13
0x1.1259e8p-15
0x1.44f63p-18
0x1.14e34cp-13
-0x1.f951a2p-14
-0x1.4e8a34p-14
-0x1.bc0d5ep-13
-0x1.97d5b4p-15
0x1.afd4fp-14
0x1.42428ap-14
0x1.d3057ap-15
0x1.744578p-17
0x1.f6d9d6p-16
0x1.df79fep-13
-0x1.7d8be8p-13
0x1.38225p-14
0x1.4c3c38p-13
-0x1.77cea8p-13
0x1.0805a4p-16
0x1.36634cp-14
0x1.aa32b4p-16
-0x1.99b6aep-12
-0x1.99b3dep-14
-0x1.762716p-13
-0x1.a181ecp-13
0x1.895034p-14
-0x1.163908p-12
0x1.3bd9cap-15
-0x1.4c2e6ep-16
0x1.495f08p-16
0x1.1e4514p-12
-0x1.23789p-14
-0x1.198cfp-13
0x1.52c4bcp-17
0x1.2068acp-14
0x1.ded1cp-14
0x1.7837b4p-13
-0x1.48fe5ap-15
-0x1.3163c8p-13
0x1.09f8b8p-13
0x1.f46c34p-14
0x1.94ca7ep-14
-0x1.1a49a6p-15
0x1.aca6d2p-14
0x1.e8eb7cp-15
-0x1.114f24p-13
0x1.5dafep-14
-0x1.f73ecap-20
0x1.72d0d6p-13
-0x1.11d35ap-13
0x1.ea8c9p-15
-0x1.b3b72ep-15
-0x1.75ddc8p-14
0x1.3a7c9cp-13
0x1.70c0e8p-17
-0x1.73b6d2p-13
0x1.7e30fap-12
0x1.45276ap-14
0x1.cf5a24p-13
-0x1.89ee5ap-15
-0x1.03be9cp-12
-0x1.24a34cp-15
0x1.e94414p-14
0x1.184b1ap-13
0x1.3a0e48p-13
-0x1.4b6d16p-14
-0x1.6cd29cp-14
-0x1.cfa4fap-13
0x1.f29decp-16
-0x1.780e2p-15
-0x1.0d8556p-14
-0x1.23ee76p-13
0x1.94c1bp-13
0x1.031f1ep-15
0x1.0a7f56p-18
-0x1.19e97cp-13
-0x1.38917ep-16
0x1.bb2d68p-15
0x1.41bbdp-13
0x1.00498cp-13
-0x1.fa1d24p-15
0x1.ec8d8ap-14
-0x1.25718p-12
-0x1.c9353p-13
-0x1.0ad7c8p-16
0x1.05f93ap-15
0x1.3e14fap-16
0x1.2be0eap-12
-0x1.6bb564p-14
-0x1.c881ecp-15
0x1.80335cp-13
0x1.d9081ap-13
0x1.43bb06p-14
-0x1.686be4p-13
-0x1.afced4p-14
0x1.f9f24ap-14
-0x1.8adb58p-14
0x1.c2f518p-19
0x1.6019c4p-15
-0x1.87051cp-14
0x1.54ac7p-15
0x1.807456p-14
-0x1.139f28p-13
0x1.e50232p-14
-0x1.061714p-12
-0x1.0339f4p-23
-0x1.21d44ep-14
-0x1.f996b4p-14
-0x1.c48f2cp-17
-0x1.1339e6p-13
-0x1.81c78ep-16
0x1.8e1b46p-16
-0x1.0ae6f6p-13
-0x1.a4f2e6p-13
-0x1.626846p-15
0x1.8a12dp-18
-0x1.b58b8ap-14
0x1.23d14ap-16
0x1.7fb5e4p-13
0x1.706bc2p-18
0x1.e1337cp-14
-0x1.a00d16p-15
0x1.dd58b6p-14
0x1.f05b88p-16
0x1.2c7a1p-15
0x1.701e7ap-13
0x1.973824p-15
-0x1.1d332ap-14
-0x1.74b2eep-14
0x1.53f546p-15
-0x1.da9378p-13
-0x1.a83058p-14
0x1.844a46p-17
0x1.572c9p-17
0x1.72bd36p-15
-0x1.d5bac6p-20
0x1.f710e6p-6
0x1.84b692p-3
-0x1.57fefap-2
-0x1.396f4ap-3
0x1.301cf6p-2
0x1.227172p-1
0x1.6386bp-3
-0x1.8aa97cp-2
-0x1.cfb66p-4
0x1.c46fd2p-2
0x1.3450fcp-2
0x1.12f85ap-3
-0x1.f03d24p-2
0x1.e2d1f6p-2
-0x1.208016p-4
-0x1.5907f8p-4
-0x1.69e7aap-5
0x1.39a702p-2
0x1.384f5cp-2
0x1.69f244p-6
0x1.468a04p-4
0x1.2eb274p-3
0x1.96a8ecp-4
-0x1.e043ecp-2
0x1.b3b004p-5
0x1.ff4b4cp-3
0x1.0f2406p-3
-0x1.7dc6p-3
0x1.2b217ap-3
0x1.bddde2p-4
0x1.739c46p-2
0x1.415548p-2
0x1.0e23fcp-3
0x1.6cc706p-2
0x1.a18342p-3
-0x1.0e1d18p-1
0x1.7d1558p-3
0x1.419c8p-3
0x1.808986p-2
0x1.19e8c6p-1
0x1.b71dbp-7
-0x1.3dabdap-2
-0x1.045dc2p-2
0x1.440698p-2
-0x1.dd8eb8p-5
-0x1.6e989cp-3
0x1.56202ap-2
-0x1.363f7p-3
-0x1.522342p-4
0x1.ad7d1p-4
-0x1.53e524p-2
0x1.1ac9fep-3
-0x1.1deb12p-5
0x1.327b76p-4
-0x1.b85884p-3
0x1.8942e6p-3
-0x1.572976p-3
-0x1.385ef8p-2
-0x1.8af054p-4
-0x1.738606p-2
-0x1.43832cp-6
-0x1.889462p-4
-0x1.369172p-4
-0x1.461506p-9
-0x1.227c1ep-4
-0x1.1e2efep-7
0x1.b46fa8p-3
0x1.34a732p-4
-0x1.1adb3p-4
-0x1.3e0e32p-2
-0x1.1ab77p-3
0x1.3a8f6cp-2
-0x1.a0fa5ap-7
-0x1.80ace4p-3
-0x1.6545f4p-2
-0x1.2b532cp-5
-0x1.571caep-6
-0x1.7c5d32p-4
-0x1.a5e17ap-2
0x1.4c7914p-5
-0x1.59d84ap-1
0x1.684528p-4
0x1.02ae0ap-1
-0x1.dab412p-3
-0x1.6a6518p-6
0x1.141d24p-3
-0x1.4aed8cp-2
-0x1.a8c002p-3
-0x1.4875a4p-2
0x1.1f2978p-1
0x1.837e0cp-2
0x1.28e42ep-4
-0x1.ecaa3ep-3
0x1.11d37ep-2
0x1.978ad6p-5
-0x1.8a0e44p-1
0x1.3d5052p-1
0x1.db292p-2
-0x1.6581b6p-5
-0x1.4d2c86p-5
0x1.6f2fc8p-4
0x1.0ab07ep-2
0x1.d94d92p-2
0x1.cae822p-3
-0x1.dda9b2p-4
0x1.02f4f2p-3
0x1.ebd4cap-8
0x1.217a8cp-3
-0x1.5650fcp-2
-0x1.bfc9b4p-2
-0x1.d9560cp-6
-0x1.14d61ep-1
0x1.a30cbap-4
0x1.2c9e72p-2
0x1.71a74ap-3
0x1.2f61d2p-3
-0x1.20501ep-7
0x1.e62f94p-4
-0x1.2253fap-5
0x1.8722bp-4
0x1.b5b808p-4
0x1.3a89fap-4
0x1.f8d11ap-5
-0x1.a415dap-5
0x1.4872d6p-3
-0x1.9d7f92p-3
0x1.39de3p-2
0x1.2d583ap-4
0x1.88cb1ep-6
0x1.a5f15cp-5
-0x1.82b838p-3
0x1.d6d382p-3
-0x1.c19988p-4
-0x1.0f75c6p-2
-0x1.9bf4f6p-3
-0x1.bfcac2p-3
-0x1.6ca776p-2
-0x1.70b94ap-2
0x1.6d7ccep-2
0x1.68d2e6p-4
0x1.054574p-2
-0x1.2a051ap-1
0x1.0d1004p-1
0x1.1dfe82p-3
0x1.e46972p-3
-0x1.0f8758p-3
0x1.0a5366p-2
0x1.547726p-2
0x1.128ad8p-2
0x1.0b355ep-2
-0x1.17687ap-2
0x1.7c8e12p-3
-0x1.9b8d2ep-3
-0x1.6d436p-4
-0x1.7c00dep-3
0x1.3c405p-3
-0x1.64869ap-2
-0x1.e735bep-2
-0x1.0ab38cp-1
-0x1.43448ap-3
0x1.30fe5ap-10
0x1.f77db8p-3
0x1.0b8d2ap-2
-0x1.5e88c8p-8
0x1.53f726p-4
-0x1.1eb532p-7
0x1.3af3c4p-5
-0x1.0a469ep-2
-0x1.21f60ep-3
-0x1.086bcp-3
0x1.a2d992p-2
-0x1.e7ba5p-4
-0x1.18581ap-3
0x1.e1174p-4
-0x1.28bb8ep-2
-0x1.19ff4ep-2
0x1.268cdep-3
-0x1.cd7b94p-6
-0x1.6732f6p-2
0x1.6e28eep-4
-0x1.dcb538p-6
0x1.f4d548p-2
-0x1.26bd0cp-1
0x1.71ffcp-7
0x1.b5d89ap-2
-0x1.07c02p-6
-0x1.2f7494p-2
-0x1.deb7bp-3
-0x1.73c788p-2
-0x1.d7f772p-3
0x1.bce128p-3
-0x1.5d814ep-4
-0x1.7b1188p-2
0x1.3387e6p-3
-0x1.2c6c0ep-2
0x1.781074p-5
-0x1.3b2a4ap-6
-0x1.07c1dep-5
0x1.8391p-5
-0x1.40857ep-3
0x1.3abd8ep-3
-0x1.328b28p-4
-0x1.3c23b4p-3
-0x1.7306e6p-2
0x1.79888p-2
-0x1.422db2p-2
-0x1.2987b4p-4
0x1.06c35p-5
-0x1.794bb8p-4
-0x1.8a3526p-4
-0x1.f14592p-3
-0x1.30b86p-4
-0x1.1ed1bcp-2
-0x1.ea4e7p-2
0x1.60c44ep-2
0x1.17c682p-3
-0x1.e7da06p-3
0x1.ffeb68p-5
-0x1.ead508p-6
-0x1.9a3b12p-3
-0x1.20b1fep-2
0x1.6b4094p-2
0x1.5231ep-4
-0x1.1ce0d2p-2
-0x1.df9e14p-4
-0x1.f91ea6p-4
-0x1.8d1a82p-3
0x1.cb3868p-5
0x1.a30988p-3
0x1.f96234p-3
0x1.c88908p-5
-0x1.3b6558p-3
0x1.84f994p-10
-0x1.7e9132p-2
0x1.efaf24p-3
-0x1.a091a6p-5
0x1.40910ep-6
-0x1.3d823p-8
-0x1.1201cep-4
0x1.19c774p-2
0x1.51345ap-3
-0x1.8a1522p-2
-0x1.6b89b6p-1
-0x1.ba8806p-7
0x1.aadb82p-3
0x1.bd3576p-3
0x1.137a14p-7
0x1.d98062p-3
-0x1.c6787ep-4
-0x1.8ac774p-3
-0x1.18d59p-7
0x1.3b57c6p-2
-0x1.26b894p-5
-0x1.084876p-6
0x1.390922p-3
0x1.27c798p-5
0x1.05557ep-3
-0x1.7f925cp-2
0x1.a54214p-3
-0x1.850a1ep-3
-0x1.6b08eep-2
0x1.83b06cp-1
0x1.66a108p-3
-0x1.079decp-2
0x1.5b8bfep-3
0x1.8f5ba2p-3
0x1.3b621ap-4
-0x1.efcceep-6
0x1.0b6614p-2
0x1.65feeep-3
-0x1.481b24p-2
0x1.ba6ea6p-3
-0x1.17c09ap-10
0x1.c09a14p-4
-0x1.719fdep-3
-0x1.fb0edp-4
-0x1.48ba8cp-2
-0x1.e30af8p-4
0x1.e34f9ep-4
-0x1.6909b6p-3
0x1.83f702p-2
0x1.85725ap-2
0x1.2a77f2p-3
0x1.2d80e8p-2
-0x1.5ebaa6p-3
0x1.9c5e32p-5
-0x1.085ee8p-3
0x1.15bcacp-3
0x1.25760cp-3
0x1.761cdep-4
0x1.01363ep-3
-0x1.c2bca2p-3
0x1.9347acp-2
-0x1.d233ap-5
-0x1.78e0ccp-3
-0x1.482558p-3
0x1.2df4bcp-5
0x1.e07b38p-4
0x1.e9b838p-4
0x1.32f0e4p-2
0x1.e628bp-3
0x1.7181ap-5
-0x1.e60b72p-2
0x1.9ce5e2p-4
-0x1.480a54p-4
-0x1.b6a848p-6
-0x1.fe35ap-3
-0x1.22bc4ap-4
0x1.66766cp-3
0x1.e63c38p-4
0x1.030c9ap-2
-0x1.65e7a8p-2
-0x1.10183ap-2
-0x1.95196ep-4
-0x1.d701c2p-8
0x1.cbd3b6p-4
0x1.76dcf4p-4
-0x1.e33a48p-3
0x1.95da3ep-3
-0x1.2dd5acp-3
-0x1.1ca8eep-3
-0x1.999124p-2
0x1.2c1972p-4
-0x1.24d95ap-5
-0x1.51def8p-3
-0x1.a25ccp-2
-0x1.1bf7cap-2
0x1.12d63ap-3
0x1.7fb526p-3
0x1.6db88ap-2
0x1.4355ccp-2
0x1.6f393ep-2
-0x1.1e9d5ap-3
0x1.6be34cp-6
0x1.5086ccp-3
-0x1.db69acp-3
0x1.056bd6p-1
-0x1.14ad82p-5
0x1.b6244ap-4
0x1.c0a2b8p-3
-0x1.4bc1fcp-2
0x1.4ba306p-8
-0x1.879b6ap-2
0x1.8ada56p-3
0x1.ed1012p-5
0x1.0794c4p-1
-0x1.69875cp-4
0x1.31dcc2p-3
-0x1.29091ap-5
0x1.2c9b88p-3
0x1.2eabdep-3
0x1.3ae134p-5
-0x1.e30fdcp-4
-0x1.df8c26p-3
0x1.d0fcb6p-2
0x1.30870ep-3
0x1.6b653p-3
-0x1.7037d6p-2
0x1.9b03a2p-2
-0x1.fbfc1p-2
0x1.06d37cp-2
-0x1.f8e35ap-3
0x1.03bddcp-2
0x1.da38fp-2
-0x1.5497dap-2
-0x1.9c8f46p-3
0x1.aaa67cp-2
0x1.d7dc56p-4
-0x1.41348ap-6
-0x1.c4bb14p-4
0x1.3133b6p-4
0x1.da2906p-3
0x1.4f3ae8p-2
-0x1.45e972p-4
-0x1.680064p-1
0x1.e267dp-3
-0x1.b022dcp-5
-0x1.97f672p-2
-0x1.529dfep-2
0x1.f5a8e8p-2
0x1.511fe4p-1
0x1.f66a06p-6
-0x1.4520ap-6
0x1.ba4d66p-6
-0x1.2fc708p-2
-0x1.b205cap-3
0x1.808c4ep-3
0x1.e1228ep-5
-0x1.719314p-6
-0x1.edaf9ep-5
-0x1.72b722p-2
0x1.48114cp-4
0x1.5490a4p-1
-0x1.2144a2p-3
-0x1.be5f58p-3
-0x1.e87eb8p-3
-0x1.08e3cep-1
0x1.fc88b4p-4
-0x1.175ea6p-3
0x1.893068p-2
0x1.1f6d5cp-2
-0x1.69171cp-5
-0x1.f63968p-6
0x1.760f88p-2
-0x1.bf8c48p-2
-0x1.f6bccap-5
-0x1.53f0bap-2
-0x1.3950c8p-3
0x1.00f39ap-4
-0x1.690d98p-2
0x1.8cc6e6p-2
-0x1.d064eap-2
-0x1.6dbc8cp-5
-0x1.79f644p-3
0x1.02d6b8p-5
-0x1.e57aa6p-4
-0x1.6bc59ap-4
0x1.4eae1ap-4
0x1.1aeeb4p-6
0x1.270ebap-2
-0x1.b5a442p-3
0x1.b7a348p-3
0x1.63a2c2p-4
-0x1.0836d6p-2
-0x1.cb4852p-2
0x1.84a774p-2
0x1.7e7e72p-4
-0x1.5a62a6p-2
-0x1.9026eep-3
0x1.3e66a2p-3
-0x1.2ce2d2p-5
0x1.0498d6p-3
0x1.bc16aap-2
0x1.e31fe8p-4
-0x1.7fac5ap-3
0x1.5969a2p-3
-0x1.46b698p-3
-0x1.60aceep-2
0x1.26f946p-3
0x1.91f044p-7
-0x1.d42ab6p-4
0x1.29ef02p-3
-0x1.d9750ep-5
0x1.46ec96p-1
-0x1.b744fp-3
0x1.b7d81ap-3
-0x1.e4ab2ep-3
0x1.e65d98p-3
0x1.ce361p-3
-0x1.55d768p-10
0x1.15a7f2p-2
-0x1.bc561ep-2
0x1.b6844ap-4
0x1.cd7d22p-5
0x1.abc25cp-5
0x1.7598d2p-4
-0x1.6d77f8p-3
0x1.e21fap-4
0x1.5cd55ap-5
0x1.29c4acp-3
-0x1.0a422cp-1
0x1.aaa6e4p-4
-0x1.b00c92p-5
-0x1.2eb7bp-6
0x1.4ae296p-4
0x1.d0836p-4
0x1.098ddcp-3
-0x1.18a3e4p-3
-0x1.28e712p-7
0x1.0eb20cp-3
0x1.67767p-3
0x1.6b05e8p-6
0x1.15feecp-8
0x1.996286p-3
0x1.5f75acp-3
-0x1.36f22ep-8
0x1.63ef1cp-4
0x1.31b00cp-3
0x1.b9cd1p-2
-0x1.695c66p-2
0x1.110fa8p-2
0x1.292f74p-2
-0x1.4d7604p-4
-0x1.75fcdcp-3
-0x1.8c797cp-7
-0x1.419e1ap-4
0x1.ba0f6ep-3
-0x1.f76f82p-3
-0x1.593618p-2
0x1.2d91dcp-2
-0x1.2c745cp-2
-0x1.2189ap-5
-0x1.310d3p-2
0x1.f5ee94p-3
0x1.c88cdep-3
0x1.f6e9aep-3
-0x1.fb9084p-4
-0x1.4143bp-3
0x1.a7411ap-5
0x1.0979cp-3
-0x1.98262cp-2
-0x1.cea064p-2
0x1.d2c30cp-3
0x1.0ba486p-3
-0x1.46a204p-4
0x1.205418p-2
-0x1.47da1cp-3
0x1.369e3ep-2
-0x1.1f8504p-4
-0x1.50421ep-1
0x1.47a38p-2
-0x1.8eb05ap-4
-0x1.5f564ep-2
-0x1.b98d54p-4
0x1.bbe944p-6
-0x1.3fdb32p-2
0x1.3d21a6p-3
-0x1.c106f4p-5
0x1.1abf04p-3
0x1.3fe2dap-3
0x1.e4676ep-4
-0x1.eee0dp-4
0x1.a376eep-2
-0x1.84f51cp-4
0x1.02a976p-1
0x1.542d04p-2
0x1.0385ap-3
-0x1.a2c70cp-5
-0x1.bd125ep-5
0x1.72ce14p-4
0x1.503bfap-5
-0x1.85daaap-2
0x1.55d508p-4
0x1.1baf14p-4
-0x1.0f8404p-5
0x1.5ae2ep-15
-0x1.3b560ep-2
-0x1.08419ep-2
0x1.0f9108p-2
-0x1.73200cp-4
0x1.66069cp-3
0x1.88f85ep-2
0x1.c89e02p-3
0x1.4e3898p-2
-0x1.27c7eep-3
-0x1.da76bcp-3
-0x1.10ap-1
0x1.0c014cp-4
-0x1.48b3c6p-3
-0x1.35a2d4p-2
0x1.e766bep-5
-0x1.2fceb2p-5
-0x1.08c806p-2
-0x1.5ee2dp-2
-0x1.fa6ec6p-4
-0x1.880c32p-2
0x1.1c6e8p-3
0x1.7d9772p-5
-0x1.210418p-4
-0x1.129698p-1
0x1.73be9cp-3
-0x1.117732p-3
-0x1.73d554p-3
-0x1.479ca4p-2
0x1.294bfp-2
-0x1.a341b8p-2
0x1.dbd856p-2
0x1.4d1a58p-4
0x1.620402p-4
0x1.7d8e28p-4
0x1.0f70ap-2
-0x1.052fecp-4
-0x1.7e9d7ep-6
0x1.276b6p-4
0x1.c7e9e4p-5
-0x1.9b361cp-4
-0x1.96b11cp-3
-0x1.fa7ed6p-7
-0x1.bf9d5cp-3
-0x1.0de3fp-6
0x1.4f3802p-2
0x1.b2aa36p-5
0x1.e9fe42p-5
-0x1.75934ap-5
0x1.ee867ap-3
0x1.b803a6p-3
0x1.339214p-3
0x1.5483fep-3
-0x1.c45976p-2
0x1.d4daaep-3
-0x1.045942p-4
0x1.11c05p-4
-0x1.5d76ecp-2
-0x1.b7d4c6p-5
-0x1.2203dap-8
-0x1.1def6ep-4
-0x1.d65c5ep-8
0x1.475c2cp-3
-0x1.f6970ep-2
-0x1.6763c2p-2
0x1.874326p-3
-0x1.2b3c82p-2
-0x1.9ccfb4p-3
-0x1.1ae598p-2
0x1.7df2d4p-2
0x1.89a70ep-4
-0x1.eec69p-4
-0x1.2149acp-4
0x1.6cd05p-4
0x1.d22a3ep-3
-0x1.c0b76cp-6
0x1.6bc294p-7
-0x1.9dbe5cp-4
0x1.6aec8ap-6
-0x1.33437ap-4
-0x1.51eef4p-3
0x1.768066p-4
-0x1.183ffep-2
0x1.3ca7fp-3
-0x1.1035b2p-2
0x1.1edf7p-1
0x1.01864ep-5
0x1.61c4dep-1
0x1.2b21c2p-4
0x1.286d36p-3
-0x1.a1bd94p-4
-0x1.9d9ae8p-2
0x1.6ec832p-3
0x1.136d1ep-1
-0x1.7fd0b4p-5
-0x1.214aep-4
0x1.14bd4ap-6
-0x1.0d4582p-3
0x1.87c956p-2
0x1.4b5bfep-5
0x1.162f2p-2
-0x1.92765ap-3
-0x1.0a71bcp-2
0x1.6433bcp-4
0x1.2af996p-4
-0x1.440d2p-6
-0x1.28610ep-10
0x1.cc618ep-3
-0x1.2d51ccp-3
0x1.5d50acp-4
0x1.87486cp-6
-0x1.05b57ap-4
0x1.b088eap-3
0x1.737594p-3
0x1.2e422ep-4
0x1.daad24p-2
-0x1.ce9d8cp-5
-0x1.ca1856p-3
-0x1.787752p-4
0x1.e766c8p-3
0x1.162872p-4
-0x1.53ae06p-2
-0x1.1c015p-5
-0x1.58f7c2p-3
-0x1.89781ep-7
0x1.41ae84p-3
0x1.3d7e54p-1
0x1.52d682p-2
-0x1.b4a1f2p-4
-0x1.4d602ep-2
0x1.62dd0ap-3
0x1.eaee7p-3
-0x1.17401cp-2
-0x1.99080ap-4
0x1.790446p-5
-0x1.b8f42ap-2
-0x1.270fa8p-5
-0x1.339b08p-2
-0x1.d6f1aap-3
0x1.30c434p-2
-0x1.a543ep-2
-0x1.506eccp-2
-0x1.fe48b8p-3
0x1.52a34ep-3
0x1.1f47c2p-2
0x1.bc8b52p-5
-0x1.5317bp-3
0x1.f99544p-3
0x1.446fcap-1
-0x1.3a5fbap-2
-0x1.52a73ap-2
-0x1.198b2ep-2
0x1.4667b2p-3
0x1.50dfd4p-2
0x1.aecc1ep-4
0x1.6e24e8p-3
-0x1.d14218p-2
-0x1.10a95ep-5
0x1.721e98p-2
0x1.071e9ap-3
0x1.b244eap-4
0x1.73da3ep-4
-0x1.87ce2cp-2
-0x1.988678p-6
0x1.bd27b4p-3
0x1.50fd56p-3
-0x1.b9e62ep-4
0x1.e3b25p-4
0x1.f34a6ap-9
0x1.18fb54p-2
0x1.7b5bbep-5
0x1.913e2ap-6
0x1.efaa0ap-4
-0x1.3088a8p-3
0x1.5fdf92p-3
-0x1.f7544ep-3
0x1.0923dap-6
0x1.eb24ep-5
-0x1.097cc4p-1
0x1.6cb0ccp-5
-0x1.535fb2p-2
0x1.c6010ep-3
0x1.314a86p-2
0x1.6c8b48p-2
-0x1.9f4746p-5
0x1.7a47c6p-4
0x1.8d6b08p-3
-0x1.7a5894p-5
-0x1.3d63ep-3
-0x1.fdb592p-3
-0x1.959bcep-5
0x1.48aebep-2
0x1.cb64d2p-3
0x1.0529ap-3
-0x1.31b1c8p-3
-0x1.3a9e56p-2
0x1.9eb76ap-3
-0x1.326cacp-4
-0x1.135e7ep-2
-0x1.678afap-4
-0x1.6da70ap-4
-0x1.34f726p-3
-0x1.f0291p-4
-0x1.355944p-3
-0x1.664138p-2
0x1.89f57p-2
-0x1.21bc9ap-2
-0x1.8c1182p-2
-0x1.4af0e8p-2
-0x1.b11628p-4
0x1.38bdcep-3
-0x1.37c172p-5
-0x1.52e836p-2
0x1.bc3966p-2
0x1.8a934p-3
-0x1.96fc0cp-6
0x1.2056ccp-2
0x1.53f288p-4
-0x1.75807ep-5
-0x1.f1c4dp-3
0x1.a39794p-2
-0x1.156a06p-5
-0x1.a3ef4ap-6
-0x1.fa53bap-4
0x1.07d844p-8
0x1.24fc94p-7
-0x1.1fccb6p-2
0x1.f5e6ccp-6
0x1.31f75ap-2
0x1.f813dcp-5
0x1.6a36ccp-2
-0x1.168dc2p-7
0x1.f2c7aap-3
-0x1.a55e9ap-5
0x1.8d952ep-3
-0x1.a2d93ep-3
0x1.67bb74p-2
0x1.13eba8p-3
-0x1.5d445ap-4
0x1.a8483ap-2
-0x1.1923aap-6
0x1.a2e458p-2
-0x1.19ab84p-5
-0x1.d8710cp-5
0x1.676794p-4
0x1.52b384p-3
0x1.f5ddb8p-4
-0x1.26d2ccp-3
0x1.6e7892p-3
0x1.5f1356p-4
0x1.9bccbcp-3
0x1.20a278p-3
-0x1.b49c66p-3
0x1.6f4e32p-3
0x1.d2c3a6p-5
0x1.5ca398p-2
-0x1.61beecp-4
-0x1.78d0b6p-3
0x1.160a1cp-4
-0x1.dd3e1ep-4
0x1.331c06p-1
0x1.4a7682p-3
-0x1.4c8d7ap-3
0x1.66c31cp-1
0x1.b13606p-6
-0x1.e71958p-5
-0x1.19b6b6p-6
-0x1.c33412p-6
-0x1.4f9bb2p-3
0x1.8dc522p-3
0x1.59afcap-2
0x1.b81204p-2
0x1.044d2p-2
0x1.8e74cap-3
-0x1.2b7f0ep-1
-0x1.af27c2p-2
-0x1.2e315cp-4
-0x1.3376b4p-2
-0x1.c9ab96p-1
0x1.2c55dcp-4
0x1.380dfap-5
0x1.082a68p-6
0x1.2cca24p-3
0x1.552434p-7
-0x1.50406ap-3
0x1.f6afe6p-5
0x1.15a5fcp-1
-0x1.8e051p-2
-0x1.85d2f8p-1
0x1.155a1p-2
-0x1.d5b302p-4
0x1.e0eaa6p-6
-0x1.43b094p-3
-0x1.56784p-3
-0x1.40858ep-1
0x1.0675aep-6
0x1.b5609p-2
0x1.3e7914p-4
-0x1.7d1504p-5
0x1.db9d32p-3
-0x1.c51632p-3
0x1.7bc7d6p-2
-0x1.cc7508p-4
-0x1.8ce534p-4
-0x1.6eb6fep-3
-0x1.965d6ap-7
-0x1.3d17dcp-2
0x1.579884p-5
-0x1.43a6cap-3
-0x1.64ed62p-6
0x1.4815dp-4
0x1.236dd4p-3
-0x1.2bbeb8p-4
0x1.4627e4p-2
0x1.ce4684p-4
-0x1.093a64p-7
0x1.12a4e2p-2
0x1.06a02cp-2
0x1.4924d8p-3
0x1.a09eecp-5
0x1.36ce34p-2
-0x1.fc73bap-5
0x1.ce4754p-11
-0x1.810b28p-4
0x1.4e0e6ap-2
0x1.63a3f4p-3
-0x1.6b4c22p-3
-0x1.bfb814p-2
-0x1.2ccaf6p-2
0x1.0aca8ap-4
-0x1.07cf6ep-6
0x1.9368b8p-3
0x1.098adp-5
0x1.a5a784p-2
0x1.e9e058p-2
0x1.40c75cp-5
0x1.46fdfep-4
-0x1.95c798p-5
-0x1.d53018p-3
-0x1.aca8e2p-3
-0x1.45b134p-4
-0x1.20a71p-2
-0x1.7f06e8p-3
0x1.8a06b6p-4
-0x1.0e1746p-3
0x1.d34ceap-5
-0x1.10737cp-3
0x1.98ff68p-5
-0x1.cc3b7ap-1
-0x1.c0a3c8p-2
-0x1.cf30c6p-4
0x1.c05feep-2
0x1.44371ap-1
-0x1.781bf8p-3
-0x1.9837bep-2
-0x1.686f5ep-2
-0x1.3bd2acp-3
-0x1.7139e2p-4
0x1.2be1aap-3
-0x1.1b6aa4p-2
0x1.13bc2cp-1
-0x1.de29aap-5
-0x1.32fefap-2
0x1.4e4f74p-3
0x1.3ccba8p-3
0x1.7fbb66p-2
0x1.4878bcp-4
0x1.1b84b6p-2
0x1.1df12p-5
-0x1.6a11f4p-2
-0x1.a33bc8p-3
0x1.7739f2p-3
-0x1.49e1f4p-2
-0x1.83a52ap-3
0x1.047b4ep-2
-0x1.2b861cp-8
-0x1.3795b6p-2
0x1.d2e726p-1
0x1.8a2976p-2
0x1.9624d8p-3
0x1.02f65cp-2
0x1.370356p-1
-0x1.366174p-4
-0x1.0fe8ecp-2
0x1.e93d88p-3
-0x1.98b3e6p-2
-0x1.2ceb24p-3
0x1.5cd906p-2
0x1.b901b8p-3
-0x1.9deef2p-5
0x1.069e38p-1
-0x1.de6de2p-4
0x1.1250b6p-5
-0x1.2682fap-2
0x1.e2496p-3
0x1.711434p-2
0x1.b2e96cp-2
-0x1.1552fap-2
0x1.1a505ep-2
-0x1.9bf64ep-4
0x1.0c37d6p-4
0x1.9f4f6ep-3
0x1.13d29ep-1
-0x1.037fe4p-2
-0x1.d473b2p-3
-0x1.7653d6p-1
0x1.7c45b6p-2
-0x1.542812p-3
-0x1.4776ccp-2
-0x1.230f4ep-3
-0x1.4a2116p-2
0x1.5a76e2p-3
-0x1.0dd434p-2
0x1.60bbbep-2
0x1.ee16a6p-4
-0x1.6489aap-3
-0x1.25adfep-4
-0x1.7af18cp-10
-0x1.e8aac4p-3
-0x1.2dd0dep-3
0x1.208062p-3
-0x1.6640ccp-2
-0x1.8e878ap-2
-0x1.acfedcp-3
-0x1.4fd436p-2
-0x1.1ce268p-1
0x1.41e9bep-2
0x1.9518dap-1
-0x1.715cc8p-2
0x1.0c511ep-2
0x1.8539bcp-3
0x1.edf1a8p-2
-0x1.7cf0eap-3
-0x1.2a2c04p-1
-0x1.4230dap-9
0x1.2f84cp-2
-0x1.b0a4ecp-5
-0x1.836372p-3
-0x1.73bbcep-4
-0x1.63c318p-2
-0x1.d26cap-2
0x1.3af7ecp-3
0x1.52af62p-3
-0x1.563c34p-2
0x1.946454p-2
-0x1.21200cp-2
0x1.0b4b44p-5
-0x1.98c6c6p-3
-0x1.cdc124p-4
0x1.f2a0a4p-8
-0x1.e672a8p-2
-0x1.c43e82p-3
-0x1.5589ecp-7
0x1.5eda1ap-4
-0x1.627de4p-1
0x1.014e5ap-2
0x1.a6adeep-2
-0x1.2e1216p-1
0x1.85a9fap-1
0x1.d645ecp-3
0x1.bee70ep-3
0x1.febd84p-1
0x1.497c6p-2
0x1.be4caap-3
-0x1.58b65cp-3
-0x1.d7da9cp-4
0x1.b475ep-1
0x1.197dc2p-1
-0x1.470462p-1
0x1.483878p-3
-0x1.710a3ap-2
0x1.5b1ad2p-1
-0x1.103de4p-1
0x1.beb296p-3
-0x1.9c055p-3
0x1.7cf3cp-2
-0x1.613586p-3
-0x1.5d8552p-2
-0x1.1b57cep-2
-0x1.abd192p-5
-0x1.789322p-2
0x1.90333cp-4
-0x1.c64a9ep-2
0x1.d090dp-4
-0x1.16ce8p-4
0x1.1f2c88p-3
0x1.af4b4ap-3
0x1.cb38f2p-5
0x1.ba6186p-2
-0x1.be7d7p-4
-0x1.3fb36ep-4
0x1.2ceaaep-2
0x1.2f4acp-2
-0x1.a58b56p-3
-0x1.e1d536p-2
-0x1.60582p-3
-0x1.0e515p-2
0x1.2b45dap-3
0x1.d21f8ap-2
-0x1.c54c78p-2
0x1.a1addcp-5
-0x1.a5cb44p-3
0x1.efe07cp-6
-0x1.3b41dcp-2
0x1.cd1634p-4
-0x1.4c1b76p-2
-0x1.f61408p-2
-0x1.b851ecp-5
0x1.b84ff4p-1
-0x1.9c8f12p-2
-0x1.520dd8p-4
0x1.15743ap-3
0x1.b65ce8p-3
-0x1.a8a124p-2
-0x1.a4fe18p-3
0x1.4859b2p-4
-0x1.9921ecp-3
0x1.9d721ap-3
-0x1.0864a4p-4
-0x1.78fd8cp-5
0x1.4f3446p-2
0x1.914a22p-1
0x1.e28998p-2
0x1.3d589p-2
-0x1.6bd98ep-4
-0x1.35ae3ap-2
-0x1.b1613p-4
0x1.30fb38p-2
0x1.bed68p-2
-0x1.49b6dep-4
-0x1.9e5d78p-3
-0x1.d49bc2p-5
-0x1.bf24cep-4
0x1.ec35eep-3
0x1.488984p-2
-0x1.93dba6p-3
0x1.a1136ep-3
0x1.72d36p-5
-0x1.d82746p-1
-0x1.95c7ecp-3
0x1.1b986ep-4
0x1.216b5cp-3
0x1.4eda88p-2
0x1.4e6a7p-3
-0x1.ef2468p-2
-0x1.5cecfcp-2
-0x1.3eafdp-3
0x1.075cd8p-2
0x1.7ff198p-2
0x1.6770a4p-3
0x1.97d9bap-2
-0x1.97d9bcp-2
