7
110
25
20
15
10
5
2
tanH
tanH
tanH
tanH
tanH
softmax
0x1.7b10e6p-1
0x1.1a10dcp-2
0x1.9907fp-4
-0x1.c5a004p-3
0x1.7e95f4p-3
0x1.0f54f8p-3
-0x1.09a364p-2
-0x1.0da822p-2
0x1.a5c65cp-3
0x1.4edc0ap-2
0x1.2a17e8p-2
0x1.c1a84cp-4
0x1.04768ap-2
0x1.d8fb92p-3
-0x1.4d897p-2
0x1.355ebep-2
-0x1.fc87c4p-3
0x1.c6dd8cp-4
-0x1.12114p-1
-0x1.c773b2p-4
-0x1.c5506ep-4
0x1.fd71a6p-6
0x1.085abep-2
0x1.ce40e2p-2
0x1.0b9156p-6
0x1.4306dp-1
0x1.134036p-2
0x1.91360ep-5
-0x1.536438p-2
0x1.b5d6eap-2
0x1.97dc2ap-2
-0x1.5afcf4p-2
-0x1.04c0dcp-3
0x1.d89bp-3
0x1.2142ap-1
0x1.344a9cp-2
0x1.4582bep-4
0x1.17048ap-1
0x1.c3b026p-5
-0x1.525448p-2
0x1.3e6e3p-1
0x1.03b16p-4
0x1.a09d76p-3
-0x1.9a5182p-1
-0x1.bb927ap-2
-0x1.9071c6p-3
-0x1.0c1a02p-2
0x1.b4a08p-2
0x1.8a22f6p-1
-0x1.965c6p-3
0x1.0a3768p-6
0x1.c4ceap-3
0x1.8d9176p-3
0x1.9c4ce4p-3
-0x1.59d558p-3
0x1.8c34cp-6
-0x1.0335c4p-3
-0x1.ba7338p-3
0x1.4928ecp-3
0x1.317efap-6
0x1.969694p-2
-0x1.15c662p-8
0x1.0daebcp-4
0x1.c193eap-4
-0x1.2708cp-3
-0x1.118b08p-3
0x1.dc6534p-8
-0x1.f462b2p-2
-0x1.9e85e8p-4
-0x1.8cc4ep-5
0x1.899ef8p-2
-0x1.ab79d2p-3
0x1.5ab02ap-3
0x1.364a7ap-4
-0x1.40d17cp-3
0x1.88772ep-8
-0x1.43fdecp-1
0x1.9b8f9ap-1
0x1.91663ep-2
-0x1.1dc5e8p-1
0x1.013dfep-2
0x1.10928cp-2
0x1.b338e2p-1
-0x1.3ec878p-2
-0x1.09e6b4p-1
0x1.48ee2ep-4
-0x1.60746ep-1
-0x1.3e399ep-2
0x1.a3be8p-2
-0x1.6463a4p-3
-0x1.403294p-3
-0x1.2517dep-1
0x1.1ef29p-4
0x1.190746p-1
-0x1.6973ecp-5
-0x1.49445ep-3
-0x1.11f56cp-4
0x1.9cbc42p-5
0x1.4e71dap-2
0x1.80b532p-2
0x1.b0754ep-2
0x1.6fc954p-3
0x1.0b7a6cp-4
-0x1.2ef5dap-3
0x1.18116cp-2
-0x1.bdd28ep-2
-0x1.a0a55ep-4
-0x1.1cc936p-1
-0x1.2187eep-4
0x1.82948ap-2
0x1.1a25cp-4
0x1.51175ap-2
0x1.645604p-2
0x1.69bb8ap-3
-0x1.32e7c6p-3
0x1.e98bacp-2
0x1.022faap-1
0x1.559b16p-3
-0x1.1614b4p-2
-0x1.1643ep-1
-0x1.8f8e64p-3
0x1.37b1cep-4
0x1.056326p-2
0x1.004b78p-1
0x1.4e2856p-3
0x1.7c9ca6p-1
0x1.34861p-2
-0x1.c7b518p-3
-0x1.a3778ap-2
0x1.018108p-1
-0x1.18e7fep-2
-0x1.6ec23ep-2
-0x1.ff671ap-2
0x1.133acep-5
0x1.22a232p-1
0x1.24e866p-2
0x1.4c7188p-2
0x1.0fceb4p-1
0x1.b67c8p-6
-0x1.0c4768p-2
0x1.3a9518p-1
0x1.1f0cd8p-1
0x1.1876a2p-2
-0x1.24f54ep-1
-0x1.afe392p-2
-0x1.66231p-2
-0x1.713ccep-3
0x1.6423bep-2
0x1.030d44p-1
-0x1.0a464ap-3
-0x1.712cb2p-3
0x1.194526p-2
-0x1.4a6944p-2
-0x1.38178ep-2
0x1.a479e4p-2
-0x1.a98f0ap-6
-0x1.d52f2cp-5
-0x1.8ea018p-2
0x1.264e16p-1
-0x1.4641a6p-7
-0x1.325504p-2
0x1.82ef34p-3
-0x1.cf947cp-5
-0x1.cd266ap-3
0x1.8893cp-7
0x1.03577p-2
0x1.381b08p-2
0x1.45659cp-3
-0x1.88f49p-4
-0x1.9f6d84p-3
0x1.2705bap-3
-0x1.0442d8p-5
0x1.6b6928p-2
0x1.f5f566p-4
-0x1.82acf4p-2
-0x1.91609p-4
0x1.57a97ap-3
-0x1.da1874p-5
0x1.0b99c8p-4
0x1.084272p-3
-0x1.4f46d8p-3
-0x1.d3e04p-4
-0x1.b5d86ap-2
0x1.9cccbp-6
-0x1.bc41bap-4
-0x1.02c0e4p-1
0x1.b8f95ap-5
-0x1.47bd52p-4
0x1.1baf8cp-3
0x1.76d05p-2
-0x1.d70c34p-3
-0x1.22decap-5
-0x1.705ffep-4
-0x1.f32e48p-5
0x1.04519cp-3
0x1.53569ap-4
-0x1.6aeb3ep-3
-0x1.8abebp-4
-0x1.bde4e8p-3
0x1.3c6c9cp-4
-0x1.f257ep-2
-0x1.651e08p-2
0x1.31ee58p-7
0x1.84acbep-2
-0x1.6825b2p-1
-0x1.52f956p-2
0x1.5d39f6p-2
0x1.2805a4p-2
-0x1.26796ep-3
-0x1.2f3a3cp-5
0x1.b68918p-4
-0x1.1ad186p-2
-0x1.190ef6p-2
-0x1.364afep-3
0x1.5fc9f6p-3
-0x1.69358ep-1
-0x1.0987b2p-2
-0x1.1c4d4ap-1
0x1.e0f22p-2
0x1.a2c43p-3
0x1.3b94bap-2
0x1.27ce5ep-2
-0x1.5d3dbp-4
-0x1.b58936p-2
0x1.f71da4p-4
-0x1.c2398p-5
-0x1.c0d7ep-3
0x1.9b8034p-4
0x1.f613aap-4
0x1.c5af92p-6
0x1.d3cd94p-2
-0x1.3101dep-2
-0x1.0cadb2p-3
-0x1.4a5caap-3
0x1.f8f99ep-5
0x1.dd1a4ap-2
0x1.1b5c04p-4
0x1.9ac63ap-3
-0x1.e7f7b2p-5
0x1.309254p-8
0x1.21f36ap-7
0x1.d52becp-4
0x1.b7084p-2
-0x1.c9c0eap-4
-0x1.125ad2p-3
0x1.72a2b6p-3
0x1.00d51ap-4
0x1.6a916ep-3
0x1.e34b8ap-5
-0x1.1bc0ep-3
-0x1.f9d25cp-4
-0x1.52843p-2
-0x1.f68d24p-5
0x1.b70b2cp-4
0x1.dd448cp-4
0x1.1f0aa4p-1
-0x1.40bff2p-2
0x1.5d583ap-7
-0x1.16322p-12
-0x1.4e9ef4p-3
0x1.d45db4p-2
0x1.5cc696p-5
0x1.b2ed4ep-6
-0x1.3c0c7p-4
-0x1.357f6ap-5
-0x1.53093cp-3
0x1.e74248p-4
0x1.0cc67ap-2
-0x1.b36136p-6
0x1.a20ceep-4
0x1.1e795ap-2
-0x1.248818p-3
0x1.981d58p-5
0x1.9b8278p-3
-0x1.dcb242p-5
0x1.d01c4cp-6
0x1.2fa17ap-2
-0x1.ea5084p-4
-0x1.843a2p-4
0x1.dc1c86p-3
0x1.63183cp-2
-0x1.1a7a96p-3
-0x1.3960d6p-4
0x1.d1626cp-3
0x1.7f31aap-4
0x1.e36818p-3
0x1.b2b3f4p-3
0x1.edc1b4p-3
-0x1.844882p-6
-0x1.3a805ep-5
0x1.150614p-2
-0x1.55f176p-3
0x1.c106e8p-5
-0x1.af2a6ap-2
-0x1.c20854p-2
-0x1.3ad35ep-3
-0x1.1b749ep-4
0x1.229de4p-2
0x1.89a698p-2
-0x1.0ec836p-3
-0x1.6e41bap-2
-0x1.4c2738p-5
0x1.e769e2p-5
-0x1.24c16ap-4
-0x1.6ee2dcp-3
0x1.07f174p-2
0x1.d54ab4p-4
0x1.189ceap-4
0x1.d1be6p-4
0x1.d34ff6p-4
0x1.1a332p-5
0x1.ed409cp-4
0x1.879444p-5
-0x1.073a68p-3
0x1.612a92p-6
-0x1.ee21cep-4
0x1.58947ap-4
-0x1.f8413ap-4
0x1.59939ap-5
-0x1.85e9d6p-2
0x1.849402p-7
-0x1.179a6p-6
-0x1.f0a344p-6
0x1.45e104p-2
0x1.d300bp-7
0x1.82a2acp-3
0x1.7b97b8p-4
0x1.0fe51ep-2
0x1.26e09ap-2
-0x1.36d996p-3
0x1.19c4a8p-3
-0x1.3b6c9cp-5
0x1.04faeep-8
0x1.253e66p-2
-0x1.1734d2p-2
-0x1.d01f68p-4
-0x1.27fb86p-3
-0x1.7ddf96p-5
0x1.dc04c4p-6
0x1.51852cp-3
-0x1.13998ep-2
-0x1.d625b2p-2
-0x1.75187ap-4
0x1.ad49ecp-3
0x1.fb6f48p-2
0x1.fcffb6p-3
-0x1.d78322p-7
-0x1.ac2dd6p-3
-0x1.fe5746p-2
-0x1.e98222p-8
0x1.9a1c62p-6
-0x1.0e0dfep-2
0x1.289b0ap-4
0x1.643a9p-2
-0x1.52007cp-3
0x1.8fa60ep-2
-0x1.0074a4p-4
-0x1.ba982ap-5
-0x1.5b9918p-5
-0x1.eaa3fcp-2
0x1.84aab8p-2
-0x1.556112p-2
-0x1.9e7decp-4
-0x1.69dce6p-5
0x1.56ae14p-6
-0x1.3194c6p-2
-0x1.ba02b8p-3
-0x1.340fe4p-2
-0x1.1cead6p-3
-0x1.04533cp-4
0x1.75ac34p-2
-0x1.db7398p-4
-0x1.22d2fp-3
0x1.ada478p-4
-0x1.103facp-6
0x1.eef532p-4
0x1.94162cp-2
-0x1.712a98p-3
-0x1.06f84p-2
0x1.8dc9cep-2
-0x1.759f96p-7
-0x1.12eecep-2
-0x1.ee2b3cp-3
0x1.6cad88p-2
0x1.21abc2p-2
-0x1.b63ad2p-3
0x1.c3d216p-4
-0x1.5ebc48p-6
-0x1.ddcb5cp-3
0x1.f5a054p-7
0x1.f621c8p-3
0x1.06e8a4p-2
0x1.2780bcp-3
-0x1.0b956ep-2
-0x1.d1193ep-3
0x1.0aadaep-2
-0x1.f70be6p-5
0x1.92faacp-2
0x1.29339ep-3
-0x1.80470ep-2
0x1.1b6cf4p-5
0x1.c50cfep-3
-0x1.aa568p-2
-0x1.5c3276p-2
0x1.2cd38p-2
0x1.2347d2p-4
-0x1.0ee39p-3
-0x1.2e5d1ep-4
0x1.6aeb62p-2
0x1.6541dep-4
-0x1.43bc64p-2
0x1.0d8662p-3
-0x1.b416f2p-4
-0x1.b2d8b4p-2
0x1.b3b6dap-3
0x1.48e47ap-4
0x1.07284p-3
0x1.0e86bcp-5
0x1.478dd4p-4
-0x1.1ba078p-5
0x1.49fa98p-2
-0x1.d00704p-3
0x1.26b8aap-2
0x1.7ec73p-3
-0x1.c73b56p-3
-0x1.cf84d6p-4
0x1.1088a4p-3
-0x1.2df1cep-1
-0x1.06edccp-3
0x1.01f97p-2
0x1.2cc692p-3
-0x1.cd2292p-5
-0x1.26d6eap-2
0x1.49b838p-2
-0x1.f9ee04p-3
-0x1.8d1fccp-4
0x1.7e7fbp-2
-0x1.d9be0ap-3
-0x1.ce5fa2p-2
-0x1.44f5p-3
-0x1.2a2176p-4
0x1.a0dd36p-3
0x1.dd09aep-4
0x1.3f67dp-3
-0x1.3b942ap-3
0x1.2c445ap-1
0x1.97e9p-4
0x1.ae2592p-2
-0x1.26d22ep-5
-0x1.b8ebecp-2
-0x1.0a2562p-4
-0x1.592f12p-6
-0x1.e11ee6p-2
-0x1.44687p-2
0x1.4f78d6p-2
0x1.b004aap-3
-0x1.79fbdep-6
-0x1.e6715cp-3
0x1.09a74ep-1
0x1.d9122p-4
-0x1.47d98ep-2
0x1.698ce2p-3
-0x1.0bc85ep-2
-0x1.20a4acp-1
0x1.6a8a8p-5
0x1.7d5a3ep-8
0x1.6a74ep-3
0x1.2f9a26p-3
0x1.491576p-5
-0x1.556668p-3
0x1.0b7282p-2
-0x1.2474aap-4
0x1.1f66ap-2
0x1.41a386p-3
-0x1.59d68p-2
-0x1.aceeecp-4
0x1.43346ep-3
-0x1.ce4ff8p-2
-0x1.351926p-2
0x1.d3c4acp-4
0x1.37a06p-3
-0x1.5d987cp-5
-0x1.1eaee6p-2
0x1.7f44cp-3
-0x1.d1c63p-5
-0x1.7d5154p-4
0x1.fa55cep-3
-0x1.e20922p-3
-0x1.f5a52cp-2
0x1.0d291ep-3
0x1.51d24ep-4
0x1.e42914p-4
0x1.9fbc4p-3
-0x1.dc620cp-3
-0x1.195ae6p-3
0x1.1aeb6p-2
-0x1.a3e67cp-5
0x1.cf49b4p-2
0x1.111b0cp-3
-0x1.4e4c24p-2
0x1.986176p-3
-0x1.5cac34p-2
0x1.aef106p-3
0x1.1db958p-3
-0x1.d07a56p-4
-0x1.2d075ep-4
0x1.eb72c6p-4
0x1.f4d73p-5
-0x1.dae648p-3
0x1.172d9ap-3
0x1.5cddbap-6
-0x1.df0054p-3
0x1.72aca6p-3
0x1.68c25cp-3
-0x1.215c1p-3
-0x1.af7a42p-4
-0x1.ced978p-4
0x1.2482bcp-3
-0x1.27a30ep-5
0x1.d22dfcp-5
-0x1.f30f8p-3
-0x1.73ca4ep-4
-0x1.04bd9cp-2
0x1.f8ab5cp-12
0x1.b66ffap-4
0x1.3590f2p-3
-0x1.f92b42p-4
0x1.8482b8p-7
0x1.807182p-4
0x1.fcf55p-3
-0x1.f52b08p-6
0x1.a42fb4p-8
-0x1.898d48p-5
-0x1.6808b2p-3
0x1.16d5ecp-3
-0x1.1da9fep-3
0x1.1cbbd6p-2
0x1.0a2fd4p-3
0x1.8df9fp-4
0x1.07e882p-3
0x1.961a92p-4
-0x1.a7247cp-5
0x1.74ddb2p-6
-0x1.32e0d4p-3
0x1.477fb8p-3
-0x1.68549p-4
0x1.0779d2p-4
0x1.05ba56p-4
-0x1.24de04p-5
0x1.73677ap-3
0x1.6e75b4p-3
-0x1.3a3356p-2
0x1.d05c98p-5
0x1.f98704p-4
-0x1.5dc9eep-4
0x1.5da042p-2
-0x1.9acd48p-4
0x1.0ed7bap-3
-0x1.fe6b6cp-2
-0x1.9d2f0ap-3
-0x1.259d9ap-3
-0x1.063a08p-2
0x1.4b5d7ep-4
-0x1.781192p-2
0x1.995582p-5
-0x1.b44174p-4
-0x1.4a16ap-3
0x1.ac5888p-2
-0x1.3aac84p-4
0x1.cf2a36p-5
-0x1.7c8a78p-3
-0x1.28d434p-3
0x1.d389dep-3
0x1.13c118p-3
0x1.a081d6p-2
-0x1.0f90f8p-2
0x1.43321ap-3
-0x1.d3b3bap-4
-0x1.759dap-3
0x1.8002dcp-4
0x1.63e01ap-2
-0x1.a8cae8p-2
-0x1.d81546p-3
0x1.e5a0bap-3
-0x1.eb30fcp-2
-0x1.971148p-3
0x1.35dfe4p-2
-0x1.0244d8p-1
-0x1.7c2f0ap-3
0x1.1b7608p-1
-0x1.ca80a4p-4
-0x1.870ec2p-2
0x1.5b34f2p-2
-0x1.3c0baep-3
0x1.73abfp-2
-0x1.88fff6p-4
0x1.100c7ep-1
-0x1.72ced8p-4
-0x1.12d0ap-2
-0x1.2b2938p-4
0x1.00580cp-1
-0x1.f95742p-2
0x1.1d5aacp-1
0x1.208902p-2
-0x1.ece008p-3
-0x1.203e68p-2
-0x1.507ad6p-6
0x1.9661ecp-2
-0x1.1ed516p-1
0x1.927b0ap-3
0x1.ec9f12p-2
-0x1.2aa0c2p-1
0x1.207a86p-1
0x1.2fc91ep-2
-0x1.b1e754p-2
0x1.d23806p-3
-0x1.531b4ap-3
0x1.2d667ap-3
-0x1.013fbcp-3
-0x1.1efd6ep-2
-0x1.ba9ff8p-2
-0x1.063c26p-1
-0x1.52c7ecp-2
0x1.103352p-2
0x1.72905ap-2
0x1.3b0be8p-4
0x1.8d566cp-4
-0x1.2ac284p-2
-0x1.1f630ep-2
0x1.a7734ap-7
0x1.a3e474p-3
-0x1.34801ap-2
0x1.e93932p-5
-0x1.271a36p-2
-0x1.7398e2p-2
0x1.235f4cp-4
-0x1.9b4122p-4
-0x1.79521ap-7
-0x1.aa4b5cp-3
0x1.3b92dep-5
0x1.210a12p-4
0x1.d697cp-5
0x1.31d9fp-2
0x1.4d1198p-6
0x1.200c7ap-2
-0x1.a890d8p-5
0x1.5e789ap-3
0x1.d26c18p-5
-0x1.2e9b28p-2
0x1.3916aep-3
-0x1.34200ep-6
0x1.2df59ep-3
0x1.40bc9ep-3
-0x1.1a256p-4
0x1.76e542p-5
-0x1.d88e96p-4
-0x1.d607bap-4
-0x1.6c2feep-4
0x1.01faaap-5
0x1.beaaf2p-4
0x1.533894p-3
0x1.3ee474p-3
0x1.c3af58p-2
0x1.c44fc4p-3
-0x1.5141dp-2
0x1.4eeac4p-3
0x1.1310b4p-2
0x1.6fc1dcp-4
-0x1.4cbb14p-3
-0x1.61053p-4
-0x1.adcd24p-4
-0x1.e965dep-4
0x1.934858p-5
0x1.92410cp-9
-0x1.a9aa3ep-4
0x1.ff651cp-3
-0x1.cc2c8ep-5
0x1.0de012p-3
-0x1.809c28p-5
0x1.77454ap-6
0x1.e3114ap-5
-0x1.5a3746p-5
-0x1.a5b0fcp-4
0x1.daabdap-5
-0x1.728e74p-4
0x1.c63d3cp-5
-0x1.043a6ep-5
-0x1.e0735ep-4
-0x1.71b69ap-5
-0x1.c6d6a8p-2
-0x1.664166p-3
-0x1.9501bp-11
-0x1.2bc656p-3
-0x1.143432p-5
-0x1.070e6p-8
0x1.090486p-2
-0x1.050816p-5
-0x1.979ff2p-5
0x1.17549ap-6
-0x1.055e14p-2
0x1.65dacep-4
0x1.e065bcp-8
0x1.41111p-5
-0x1.c0935ep-5
-0x1.9aac12p-5
-0x1.da5eb2p-7
-0x1.43797p-2
-0x1.83d808p-2
0x1.07a1eep-4
0x1.1c58cp-3
-0x1.f978b2p-5
0x1.387c92p-2
0x1.5016aep-2
0x1.8d316p-3
0x1.9423dep-3
-0x1.718af6p-4
0x1.091aaap-4
-0x1.06f9dcp-3
-0x1.064286p-3
-0x1.54eb76p-4
-0x1.196ef2p-4
0x1.704b6p-5
0x1.7760bap-3
-0x1.166902p-2
0x1.60cfep-2
-0x1.f55914p-7
0x1.929b86p-4
-0x1.d79726p-3
-0x1.fd4dc4p-3
-0x1.30ee4p-5
-0x1.b2e124p-3
-0x1.341ce4p-3
-0x1.cca00cp-4
-0x1.aa0118p-4
0x1.627382p-5
0x1.1a7888p-3
0x1.7f44c8p-3
0x1.3a6048p-8
-0x1.0fb988p-2
-0x1.061f78p-3
-0x1.f8979ep-6
0x1.e28778p-3
0x1.e80b5cp-4
0x1.1a5188p-5
-0x1.bd1602p-4
0x1.05ddcp-3
0x1.7d559p-3
0x1.2a08e2p-5
0x1.8aea92p-3
0x1.0f3a78p-4
-0x1.4f789ep-2
0x1.3733p-3
0x1.2e7bf2p-7
-0x1.72528ep-4
0x1.3fcd2p-5
0x1.fe3e1ep-3
-0x1.be296ap-3
0x1.91e896p-4
0x1.92be38p-6
-0x1.ad53ccp-3
-0x1.92692ap-4
-0x1.3cb66ap-3
0x1.3bf77p-7
0x1.41f398p-3
-0x1.306de2p-4
0x1.5f4384p-3
-0x1.7cc0fcp-4
0x1.699586p-3
-0x1.2c5dbcp-5
0x1.5918d8p-16
-0x1.20889cp-4
0x1.93115ap-4
0x1.2afcfcp-2
-0x1.803638p-3
-0x1.01283ep-3
0x1.1d4b1cp-3
-0x1.06d2a2p-5
0x1.7d8068p-4
0x1.bf5b3ep-8
-0x1.1f9fdep-3
-0x1.f9a6cep-3
-0x1.f29d58p-6
0x1.4148e8p-2
0x1.55ae5p-5
-0x1.5df028p-2
-0x1.80f1aap-4
-0x1.69023cp-2
-0x1.c7862ap-3
0x1.73213cp-3
-0x1.0352bep-5
0x1.76a07p-4
-0x1.191536p-2
0x1.c0beaep-4
0x1.c83cfap-4
0x1.4329a8p-2
-0x1.b73ccap-3
-0x1.5ea2f2p-4
0x1.38b2bp-6
-0x1.d6c238p-5
-0x1.e1c87ap-4
0x1.19f864p-4
-0x1.0d85dcp-4
0x1.ba1598p-5
0x1.ff0b26p-5
-0x1.9b969ep-5
0x1.c00f2ep-3
-0x1.56dec6p-4
0x1.a27258p-4
-0x1.567ba6p-7
-0x1.8c24fcp-3
-0x1.624f64p-3
-0x1.ea2fdcp-3
-0x1.43f052p-3
0x1.32009ep-2
-0x1.02d66ap-6
0x1.0af78cp-3
-0x1.1b91fap-2
0x1.002cacp-3
0x1.f3a026p-4
-0x1.3db95ep-7
0x1.07b222p-3
-0x1.a6168ap-3
-0x1.fa9d5ap-4
-0x1.0056eep-4
-0x1.0112bp-3
0x1.d81b0cp-3
0x1.1f1d2ep-5
0x1.dbbd86p-2
0x1.ce20fep-4
-0x1.448198p-3
0x1.21f5a8p-3
0x1.d7b57ep-3
0x1.a467a6p-3
-0x1.00316ep-4
-0x1.275ed6p-2
0x1.5e4fc6p-3
0x1.16e16ep-3
0x1.e90b7ep-7
0x1.dd5e12p-7
0x1.05ca7ep-2
0x1.3d3a14p-2
-0x1.2de746p-3
0x1.0c3268p-1
0x1.6c1352p-3
0x1.6d56dcp-2
-0x1.91d7fcp-4
-0x1.bc7ff6p-6
-0x1.384e1ep-3
-0x1.a067fp-3
0x1.781a9ep-1
0x1.3c5662p-3
-0x1.6c7c4p-11
-0x1.1cf42cp-3
-0x1.33a9d4p-6
0x1.0e3p-4
-0x1.f17d7p-6
-0x1.915172p-2
0x1.615128p-4
0x1.b02b74p-3
-0x1.2a4d66p-4
0x1.099286p-4
-0x1.42a7d2p-3
-0x1.5dd172p-4
0x1.9bec3cp-5
-0x1.57e9e2p-4
0x1.2f62f8p-2
-0x1.8505a2p-4
0x1.d7a9b4p-3
0x1.3b355ap-4
-0x1.b58e36p-8
-0x1.4ce88ap-2
0x1.b7b7ap-5
-0x1.713d9p-8
-0x1.a793c6p-6
0x1.0a8f3p-4
-0x1.4d391ep-4
0x1.8c4f1cp-3
-0x1.79249p-4
0x1.a9fc66p-6
0x1.775e6p-4
-0x1.b4b14cp-3
-0x1.a2ee34p-3
-0x1.e01816p-3
0x1.cc1ea4p-3
0x1.3cefacp-3
-0x1.c9cf7ep-5
0x1.3c8ee2p-3
0x1.5b2bbp-2
0x1.a645p-5
0x1.bad1dp-4
0x1.b69904p-4
0x1.fb4deap-4
0x1.40302ep-4
-0x1.2686c6p-4
-0x1.42e04p-3
-0x1.0299e4p-2
-0x1.0cb144p-2
-0x1.a680bap-6
0x1.dde072p-3
-0x1.268692p-8
0x1.07fb48p-2
-0x1.76eedep-3
0x1.4072cp-4
0x1.94037p-2
-0x1.6cfafp-3
0x1.9ba364p-3
-0x1.bc4a3ep-3
0x1.e1d0bp-5
0x1.30db5cp-4
-0x1.31588ep-3
0x1.8c9cccp-3
-0x1.f27c1ap-3
0x1.0c880ap-2
0x1.3c7e68p-2
0x1.7aa2d4p-4
-0x1.5c6a9cp-2
-0x1.a20222p-3
0x1.2b0128p-2
-0x1.677282p-3
0x1.6f9392p-4
-0x1.7e4ceep-4
-0x1.a12c96p-2
-0x1.64dfb2p-3
-0x1.6cfc5ap-4
-0x1.745fb8p-5
-0x1.8fdde4p-5
0x1.9cba04p-3
-0x1.0f3aaap-4
-0x1.ea90fep-4
0x1.a51872p-4
0x1.2882d4p-5
0x1.c2ad2ap-5
-0x1.48afe6p-5
-0x1.f14144p-3
-0x1.25e312p-3
-0x1.09c114p-3
0x1.45416p-3
0x1.2e81c2p-6
-0x1.512f02p-3
-0x1.175416p-8
0x1.c75cacp-5
0x1.387b6p-4
0x1.131b02p-3
0x1.f74e24p-6
0x1.e661dcp-4
-0x1.e87ed6p-4
0x1.e2ba1cp-6
-0x1.7980a2p-2
-0x1.2b9cd4p-3
-0x1.36ca72p-3
0x1.c3d774p-3
0x1.08ba24p-2
-0x1.590dc6p-3
-0x1.3e4dfcp-3
0x1.f9731ap-4
0x1.ec3c94p-7
-0x1.3ed59ep-3
0x1.1e6014p-3
0x1.97e25cp-4
-0x1.0491ecp-3
0x1.18609p-5
-0x1.cfbb2p-3
-0x1.2e028p-2
-0x1.384b26p-3
-0x1.6a1eaap-2
0x1.f1399p-6
0x1.14bf1ep-7
0x1.398bb6p-5
0x1.6310eap-5
-0x1.27186ep-4
0x1.065a68p-3
0x1.de6e7p-5
-0x1.119fe4p-3
0x1.0b17aep-7
-0x1.70c89p-2
0x1.69b29ap-4
0x1.82ddecp-5
-0x1.2c0fbep-3
-0x1.25606ap-6
0x1.998672p-3
0x1.976e82p-7
0x1.958abep-4
-0x1.e2443ap-5
0x1.7361b4p-3
-0x1.078128p-4
-0x1.f04478p-3
0x1.a1eba6p-5
-0x1.851806p-3
0x1.307b18p-4
-0x1.08b1ep-2
-0x1.05cb34p-3
0x1.016f46p-5
0x1.82a428p-3
-0x1.d06a9cp-9
0x1.6587c4p-4
-0x1.615e84p-3
0x1.bfa32ep-5
-0x1.6bf4fap-4
0x1.5d16c6p-3
0x1.8c9c1p-3
0x1.2615ap-3
0x1.ce5ea2p-3
-0x1.50a432p-5
-0x1.386816p-4
0x1.86eabcp-4
-0x1.23aa62p-4
-0x1.d439d4p-3
0x1.92510cp-5
-0x1.6f6dd6p-5
-0x1.c49d3cp-3
-0x1.c7e0bcp-8
-0x1.eaf0b2p-4
-0x1.8872ecp-3
0x1.63064ep-5
-0x1.78f73cp-4
-0x1.93b258p-3
-0x1.13ffe6p-2
0x1.fc0d08p-3
0x1.4e277cp-3
0x1.1b354ap-3
-0x1.48ec2p-2
-0x1.89958ep-6
0x1.7d94aap-6
0x1.11db28p-5
-0x1.302166p-3
0x1.38b64ap-4
0x1.5fe0d4p-5
-0x1.47c6e8p-4
-0x1.1796c4p-4
0x1.0a8c06p-5
-0x1.8def1ap-4
0x1.4ae0e4p-6
0x1.fcb986p-4
-0x1.273d62p-2
0x1.63471ap-2
0x1.1c08ecp-1
-0x1.1fa392p-4
-0x1.2c7948p-4
-0x1.0d8b2ep-2
-0x1.ca5196p-3
-0x1.c15becp-9
0x1.726624p-3
0x1.ad6cd6p-4
-0x1.b039c2p-3
-0x1.49a262p-3
-0x1.21c592p-3
-0x1.0a9ed2p-3
-0x1.f2cbf8p-3
0x1.12ccb8p-3
0x1.21b294p-4
-0x1.938532p-4
-0x1.a17caap-3
0x1.2e6ce6p-2
0x1.5ee2c6p-3
-0x1.535ceep-2
-0x1.24563ep-3
0x1.5626e2p-6
0x1.4ec8e8p-2
-0x1.b1b224p-4
-0x1.30c65ap-2
0x1.6e6758p-3
-0x1.05f9d2p-3
-0x1.96920ep-3
-0x1.11514ep-6
-0x1.292336p-3
-0x1.821f7cp-5
-0x1.6cec66p-3
-0x1.d63d64p-4
0x1.744ddap-3
0x1.c00cc2p-2
0x1.930d64p-8
0x1.112ce6p-2
0x1.cba7a2p-5
-0x1.0a0b9p-3
0x1.3ea774p-3
0x1.05ba9cp-4
-0x1.1d4994p-2
0x1.781cd2p-2
0x1.9410a8p-4
-0x1.c4d038p-3
0x1.48ef96p-4
-0x1.e7f106p-7
-0x1.9a17cap-6
-0x1.445938p-3
-0x1.ffa25p-3
-0x1.754d3p-3
-0x1.8966p-2
-0x1.699e6ap-3
0x1.8a0a5ap-3
0x1.9c50e2p-3
-0x1.596d6ep-2
-0x1.5c38e2p-2
-0x1.f85f7p-6
0x1.ffb19p-2
0x1.8765c2p-2
0x1.517d2p-2
0x1.5230bcp-4
-0x1.a7343cp-3
-0x1.7e780cp-2
0x1.186ebp-6
0x1.bf051cp-5
0x1.bb50b8p-4
-0x1.0ef948p-4
-0x1.5e2a04p-5
0x1.c7cd1p-5
0x1.4b648ap-3
-0x1.26f86ap-3
-0x1.6bc4d8p-3
0x1.a2cda2p-8
-0x1.5402e8p-4
0x1.5393a6p-3
-0x1.4f82b4p-6
0x1.a58e7cp-4
-0x1.162d68p-1
-0x1.449318p-7
0x1.f8c876p-5
0x1.d59778p-3
-0x1.66fca8p-5
-0x1.84a176p-5
-0x1.56e0eep-6
0x1.32dbeap-3
0x1.f04b2p-8
-0x1.54072cp-6
0x1.f9eaaep-5
-0x1.3d028cp-4
0x1.11387p-4
-0x1.ca6c7ap-4
-0x1.28109ap-3
0x1.838e92p-6
0x1.115556p-4
-0x1.8e3fap-5
-0x1.218fecp-2
-0x1.73afeap-3
0x1.d3a53cp-4
-0x1.25fe08p-3
0x1.6c176p-3
-0x1.b4a7dcp-4
0x1.018b08p-3
-0x1.2caa9cp-2
0x1.834202p-4
0x1.e1c206p-3
-0x1.6f4b18p-5
0x1.a5e4a2p-2
0x1.740b3p-4
-0x1.202f2ap-5
-0x1.96c864p-4
-0x1.083b26p-1
0x1.3e5818p-3
0x1.d14f8p-8
0x1.230cbap-3
0x1.7b53cep-3
-0x1.3f1df8p-3
-0x1.07187ep-3
-0x1.282d08p-6
0x1.99beccp-3
0x1.ce27fep-5
-0x1.5687p-2
-0x1.8b1366p-4
-0x1.9aeccap-4
0x1.44a6p-5
0x1.b6f312p-5
0x1.11b45ep-5
0x1.019edcp-7
0x1.386866p-5
0x1.42b34cp-5
-0x1.019a14p-2
-0x1.6c52c6p-4
0x1.a2f73p-5
-0x1.262516p-4
-0x1.d5e65p-4
-0x1.21f268p-7
-0x1.58449p-6
0x1.25440ap-2
-0x1.af9a24p-6
0x1.bfce2ap-3
0x1.005422p-6
0x1.18f8a8p-4
-0x1.9ac8b8p-3
-0x1.6a3dd6p-4
0x1.b28b06p-5
0x1.8bacc6p-2
-0x1.28fa02p-2
-0x1.181a54p-4
0x1.b4a4a6p-7
-0x1.8a2fcap-3
0x1.a4a06ap-4
-0x1.268a5ep-5
-0x1.f41cdep-3
-0x1.858ee2p-2
0x1.20efdap-2
0x1.dae586p-3
0x1.89c2bap-3
0x1.103d82p-3
0x1.0b7236p-6
0x1.217d22p-3
-0x1.e892dep-3
0x1.16a988p-2
0x1.21b12ep-2
0x1.b044ccp-10
-0x1.ba127ep-6
0x1.5a6eecp-2
0x1.2c507cp-2
-0x1.21377p-4
-0x1.316234p-2
0x1.0f168ap-2
-0x1.6fa63p-6
-0x1.13cbf4p-4
-0x1.d5e5dap-7
0x1.43c55ep-3
-0x1.f2a95p-4
-0x1.253992p-6
0x1.b3df4ep-3
0x1.276294p-2
0x1.e2ae8ep-3
-0x1.bcb4f6p-4
0x1.783ed2p-2
-0x1.cfd7a2p-3
0x1.4a574ep-2
-0x1.05e294p-3
-0x1.07c634p-4
-0x1.3aaec8p-3
-0x1.08adep-2
0x1.eea356p-7
0x1.1f709ap-4
-0x1.2a34d2p-3
0x1.ec1774p-3
0x1.e4b374p-4
0x1.f46ee6p-4
0x1.e1be32p-4
-0x1.d62b0ep-4
-0x1.de09f8p-3
-0x1.0f1108p-3
-0x1.6045ccp-10
-0x1.bca40ep-3
0x1.4ad9f6p-3
-0x1.de70ccp-4
0x1.316feep-4
-0x1.91651ep-4
-0x1.557398p-7
-0x1.34f23p-2
-0x1.809b4ap-5
0x1.46028ap-3
0x1.2202b4p-6
0x1.f045dp-4
0x1.f169p-3
0x1.ac239cp-2
0x1.a4fab8p-5
0x1.be1c2ep-3
-0x1.2ebc22p-3
-0x1.a5706cp-6
0x1.9dd7fp-3
0x1.2786cap-2
-0x1.4263b4p-3
0x1.0035dep-6
-0x1.131b5p-5
0x1.1f2abap-4
-0x1.91baecp-6
-0x1.57cc7ep-4
0x1.1990d6p-2
-0x1.76f79p-7
-0x1.0ccc12p-3
-0x1.672f48p-5
0x1.f463b4p-5
0x1.c00e52p-7
-0x1.917146p-5
0x1.a282cp-3
0x1.c93fb6p-5
0x1.2f5942p-6
-0x1.2a7b4ep-4
0x1.637488p-3
-0x1.a0bbc4p-7
0x1.78b14ep-5
0x1.0aa6cap-3
-0x1.a7923cp-3
-0x1.f85dfp-5
0x1.a7b942p-3
-0x1.cc7f9ap-3
0x1.ab2a64p-4
0x1.21c7aap-5
0x1.a1ad6ep-4
-0x1.fd5a42p-5
-0x1.3668ccp-4
-0x1.fa1566p-3
-0x1.1b890ap-4
0x1.4e83ep-4
0x1.11b87cp-5
0x1.5819d8p-6
0x1.40df56p-6
-0x1.7345c4p-3
-0x1.143406p-7
0x1.24fffap-4
0x1.7a4546p-4
0x1.48ced8p-5
0x1.c8e83ep-4
-0x1.a8ced4p-3
0x1.13b606p-2
-0x1.8f6504p-5
0x1.2e7bep-3
-0x1.1b4f5ap-3
0x1.4cc224p-2
0x1.9e6b7ap-5
0x1.62142p-5
0x1.d15396p-6
0x1.4bfa14p-4
0x1.88d0c4p-4
0x1.cb7116p-3
-0x1.4fa092p-2
0x1.1aecc6p-4
0x1.8f8516p-3
-0x1.c7a65cp-9
-0x1.51e596p-8
0x1.aa28dp-8
0x1.f9a824p-4
0x1.20a42ep-3
-0x1.2bc37ep-3
0x1.043448p-2
-0x1.57e94ap-4
0x1.10008cp-4
-0x1.b654f4p-4
-0x1.8243a2p-4
0x1.b329cep-3
-0x1.63799cp-3
0x1.22d33p-5
-0x1.7599dap-3
0x1.1949cp-3
-0x1.787a84p-9
0x1.8822ecp-3
-0x1.adac3ap-4
0x1.81ade2p-4
-0x1.8c5b2p-6
0x1.220252p-3
-0x1.7a0626p-4
-0x1.4ff3c4p-3
-0x1.a4fd4p-4
0x1.fe06fap-7
0x1.be9a1cp-4
-0x1.a2090ap-7
0x1.4fe92cp-3
0x1.0c449ep-4
-0x1.19f6fp-3
0x1.b28216p-3
-0x1.3a76aap-3
-0x1.f1d1d4p-3
-0x1.0da01cp-4
0x1.9c2a16p-4
0x1.4a722ap-4
0x1.2565dap-5
0x1.d9b1cep-4
0x1.9efbbcp-8
-0x1.52e71ep-4
0x1.421ab4p-10
0x1.c50bp-4
0x1.3c095cp-4
0x1.d98d4ep-4
0x1.6d97c6p-5
0x1.f1d826p-6
-0x1.fe75b2p-4
-0x1.cfc8e4p-5
0x1.37393p-4
0x1.0a2ddp-3
0x1.a283bcp-3
0x1.d539dap-4
0x1.27bb96p-5
0x1.523b68p-7
-0x1.8ba794p-3
0x1.e1e7f4p-4
0x1.e73f44p-5
-0x1.19a59cp-5
-0x1.4b773p-4
-0x1.c90624p-4
0x1.2ae19p-5
0x1.d4bda4p-3
-0x1.cb28c6p-7
-0x1.6cbaep-6
0x1.8c4fe2p-6
0x1.231068p-3
0x1.5bdceap-3
-0x1.343108p-3
-0x1.bc9e4ap-5
0x1.1ac5fcp-7
0x1.2db9a4p-6
-0x1.b821fcp-7
0x1.b775dep-4
0x1.3a51b2p-3
-0x1.bfd0e6p-6
-0x1.4153c6p-3
0x1.06b59ep-2
-0x1.60f198p-4
0x1.9308cep-6
-0x1.930492p-3
-0x1.2f2a98p-8
-0x1.9f245cp-5
-0x1.5d3264p-3
0x1.a48942p-6
-0x1.ee06e6p-4
-0x1.bbf3eep-4
-0x1.b02abp-3
0x1.4f89f8p-4
0x1.012d26p-2
0x1.3da436p-8
-0x1.6f36fcp-3
0x1.7ad14cp-3
-0x1.8b6b2p-3
0x1.3d20aep-4
0x1.60bd26p-6
0x1.4fcc1cp-5
0x1.381e04p-5
-0x1.a92dbcp-8
-0x1.f64ec6p-6
-0x1.a6b632p-3
-0x1.44d4b8p-3
0x1.7d82e6p-2
-0x1.306028p-5
0x1.febfb2p-6
-0x1.d1297cp-3
-0x1.a762ecp-4
-0x1.14377cp-6
0x1.70ca2ap-3
0x1.63faf4p-4
0x1.b12cb6p-4
0x1.dc1dcap-3
0x1.788f52p-3
-0x1.2877dap-3
0x1.778c26p-4
0x1.43e3f6p-3
-0x1.122176p-3
0x1.197778p-3
0x1.40ee0ap-3
-0x1.f382aap-7
-0x1.5bf818p-4
-0x1.4c342ep-4
0x1.e7124cp-3
0x1.0810cp-3
0x1.b7afd6p-4
0x1.c45c9ap-4
-0x1.0b170ap-4
0x1.27b5aep-4
-0x1.31876ap-5
0x1.6eec0cp-4
-0x1.b97554p-8
-0x1.0c464ap-3
0x1.64739cp-3
0x1.830216p-6
-0x1.6a5dd2p-8
-0x1.4f0e06p-5
0x1.9c497p-7
0x1.93edc6p-3
-0x1.7191f8p-3
0x1.7c28d4p-4
0x1.dbddp-4
-0x1.a60dbcp-7
0x1.6e712ap-4
-0x1.b724p-3
-0x1.07e85ep-3
0x1.11c318p-7
-0x1.0c3bd6p-4
-0x1.b340eep-5
-0x1.8459dp-6
-0x1.e06b9cp-6
-0x1.7c144p-9
0x1.17009ap-4
0x1.fb46ecp-10
0x1.586044p-3
0x1.f87cfcp-5
-0x1.288ebp-4
0x1.07b4dcp-9
0x1.4c70aep-4
-0x1.c56772p-4
-0x1.0fa4ap-4
-0x1.ec5914p-4
0x1.c54182p-6
0x1.421af2p-4
-0x1.ef067cp-3
0x1.c5e508p-4
0x1.39ca54p-2
0x1.3962d4p-4
0x1.fcdbd8p-4
0x1.0cc24cp-3
-0x1.9944fap-6
0x1.40ad78p-4
-0x1.40d388p-6
-0x1.8be81cp-5
-0x1.10869ep-5
0x1.96e9f4p-5
-0x1.6c50c2p-7
0x1.1df68ap-4
0x1.84b2e8p-5
-0x1.5a67fep-3
-0x1.9f4288p-5
0x1.d5e304p-4
-0x1.1ca36p-5
-0x1.3b3168p-10
0x1.b309eap-4
-0x1.54bb3cp-5
-0x1.36758cp-5
0x1.f669a2p-6
0x1.9f8a24p-6
-0x1.555122p-2
-0x1.55b768p-2
0x1.0b2efp-3
-0x1.504dfap-3
0x1.1a2924p-4
-0x1.3c585ap-5
0x1.1c3db8p-3
-0x1.19e37cp-4
0x1.9b32bap-5
-0x1.3932d6p-4
-0x1.c65e3p-6
-0x1.faebcp-4
0x1.594346p-4
0x1.0d121ep-4
0x1.44f834p-3
-0x1.15620ap-4
-0x1.b7035p-5
-0x1.e79532p-5
0x1.76caaap-4
0x1.4ca67p-7
-0x1.761d6ep-5
-0x1.130b0ap-4
0x1.095e96p-7
0x1.a46308p-5
0x1.7cb97p-3
-0x1.4b61a6p-4
0x1.aed8cp-5
0x1.223e34p-4
-0x1.46fa66p-2
-0x1.340d68p-6
0x1.fcd8acp-6
-0x1.7c647p-7
0x1.385b68p-6
-0x1.883038p-5
-0x1.9394d6p-3
-0x1.378c3ep-6
-0x1.39cc92p-3
0x1.7ef968p-5
0x1.971654p-4
0x1.5452ap-6
0x1.0bb68p-5
-0x1.1c3a22p-4
0x1.00baacp-4
-0x1.7ac41ep-5
0x1.802222p-8
0x1.9a4108p-3
-0x1.3965ccp-6
-0x1.3e47fcp-4
-0x1.fd60d4p-6
0x1.02d4d8p-8
0x1.c00db2p-5
-0x1.6e30e2p-3
0x1.e2c022p-2
-0x1.45b0d8p-3
0x1.66f47cp-4
-0x1.815a72p-3
-0x1.386a16p-4
0x1.287caep-6
0x1.518162p-5
-0x1.4b46e8p-2
-0x1.5cb8aep-9
-0x1.803ba8p-3
-0x1.4214e8p-5
0x1.19ce88p-5
-0x1.008c5ep-5
0x1.5dd4dcp-4
-0x1.4750f8p-11
-0x1.9a53b8p-6
0x1.5d6c36p-4
0x1.d28c7ap-4
0x1.5313ccp-3
0x1.b549b6p-7
0x1.493fdp-5
-0x1.9009bep-4
0x1.4c177ap-3
0x1.e25dc6p-5
-0x1.08bcb4p-5
0x1.cac998p-2
-0x1.150684p-2
-0x1.347e4cp-3
-0x1.1bbb4cp-5
-0x1.60c404p-5
-0x1.7c3ap-4
-0x1.b6a2aap-5
-0x1.9aa22ep-3
-0x1.8f7dc6p-3
-0x1.2ffc5ap-2
-0x1.6663ep-4
0x1.782804p-5
-0x1.0b4f5ap-3
0x1.ed95dcp-4
-0x1.ebb9ecp-4
0x1.f76a9cp-4
0x1.9ff47ap-3
0x1.e1923ep-5
0x1.35032p-2
-0x1.b375eep-6
-0x1.6fc64ap-5
-0x1.b6c9bap-4
0x1.cfee36p-3
-0x1.598568p-4
-0x1.9701ccp-5
0x1.283f6p-2
-0x1.973816p-3
-0x1.13683p-2
-0x1.4fcba6p-9
-0x1.404e0cp-4
-0x1.8c3d04p-4
-0x1.41b946p-6
-0x1.cbcbacp-3
-0x1.33a28cp-4
-0x1.45b58ep-2
-0x1.775efep-5
0x1.4026a2p-5
-0x1.c0608cp-3
0x1.0c1682p-4
-0x1.d09e48p-5
-0x1.65bf44p-3
0x1.28c988p-3
-0x1.d242ecp-4
0x1.05380ep-3
0x1.8c2aa8p-3
0x1.e984b8p-7
-0x1.058e9p-2
0x1.ea961p-4
0x1.55dbb8p-4
-0x1.2c3178p-4
0x1.339b2ep-3
-0x1.3f948ep-2
-0x1.2f32dcp-7
-0x1.b16ba8p-5
-0x1.884042p-5
0x1.822972p-6
-0x1.1491b6p-4
-0x1.82ad4cp-2
-0x1.3e4feap-3
-0x1.2f032cp-2
0x1.c93d04p-6
-0x1.9467d8p-4
-0x1.a0f188p-2
-0x1.5eb1f8p-5
0x1.04e8b2p-3
-0x1.cc3e54p-2
0x1.c94278p-2
0x1.8a39ecp-4
0x1.a63054p-3
0x1.e4c6bp-4
0x1.b7221ap-7
-0x1.ccd346p-9
-0x1.0aaeb6p-3
0x1.41984ep-4
0x1.5c0baep-5
0x1.797ee4p-3
-0x1.67ea94p-3
-0x1.468254p-2
-0x1.c19094p-6
0x1.4bc17ep-2
-0x1.0fbf68p-2
-0x1.59bf3cp-2
0x1.b63422p-3
0x1.284c98p-3
-0x1.3a7d36p-2
-0x1.762772p-2
-0x1.3b78e8p-4
-0x1.5db586p-4
0x1.979536p-3
0x1.581cdep-7
0x1.59f7f8p-4
-0x1.01b27p-2
0x1.776a9ep-3
-0x1.226b36p-3
0x1.ca0a94p-3
0x1.61676ap-5
0x1.5d099ap-5
0x1.8a8602p-4
0x1.9043cp-5
0x1.2ad22ep-5
0x1.6cfc5ap-3
0x1.4c090ap-4
-0x1.0def52p-2
-0x1.7548fap-4
0x1.6898e8p-5
-0x1.cca384p-4
-0x1.366dacp-4
-0x1.82b5dcp-4
-0x1.749106p-5
-0x1.0cafdap-2
-0x1.b2c5c2p-6
0x1.016428p-4
0x1.8e968ep-3
0x1.0395f6p-7
0x1.ecb698p-5
0x1.9102e4p-4
0x1.b8b382p-5
-0x1.1d8694p-8
0x1.7db894p-4
-0x1.c4eebep-6
-0x1.442c04p-4
-0x1.b5c706p-7
-0x1.06458p-2
0x1.803f54p-3
0x1.2cc634p-4
0x1.d6299cp-5
-0x1.773b0ap-6
0x1.cbe85p-5
-0x1.31082ap-5
-0x1.013206p-2
-0x1.9dddc4p-6
0x1.47bb7ap-4
-0x1.06ed3p-6
0x1.0d871p-3
-0x1.0c95d2p-5
0x1.783e3ep-4
-0x1.d5513cp-5
-0x1.3dbd04p-6
0x1.0a69a8p-3
0x1.c7b054p-5
0x1.17dd26p-3
0x1.f3a282p-4
0x1.05ec6ap-2
-0x1.c149ecp-5
-0x1.5980f4p-4
-0x1.877836p-5
-0x1.02974ep-3
-0x1.6b2d02p-2
0x1.fd76ccp-6
-0x1.829956p-5
-0x1.783456p-4
0x1.5c34b6p-3
0x1.bcd826p-8
0x1.981f12p-5
-0x1.36edcep-6
0x1.6667e8p-3
0x1.6d1766p-3
-0x1.d43748p-3
-0x1.feaedp-3
0x1.16d8eap-4
0x1.202d66p-5
-0x1.f9580cp-4
0x1.2fc0fp-3
-0x1.152ebep-2
-0x1.7410ccp-4
-0x1.ade8a8p-5
0x1.011d62p-3
-0x1.650f58p-3
-0x1.195ep-6
-0x1.8a3b76p-6
-0x1.b73ca2p-4
-0x1.3ffe3p-3
0x1.25550cp-2
0x1.ddc458p-4
0x1.8af18cp-3
-0x1.b874acp-7
0x1.e88aap-3
0x1.672132p-3
-0x1.be6ddap-4
-0x1.ca4672p-4
0x1.1cdd9ep-3
0x1.d2d39cp-5
-0x1.0b022cp-6
-0x1.816d94p-3
0x1.96188p-3
-0x1.a8350cp-6
-0x1.e11cb6p-6
0x1.97617p-3
0x1.257856p-2
0x1.4f6476p-4
0x1.d71d14p-6
0x1.4470c2p-3
-0x1.853184p-4
0x1.2f07a2p-5
-0x1.60997p-2
0x1.202b9p-4
0x1.d789fep-4
-0x1.1c8a46p-5
-0x1.d9b8e6p-7
-0x1.fb153cp-5
-0x1.4f3b98p-2
0x1.edf128p-3
0x1.9145p-3
0x1.7b3392p-6
-0x1.1078eep-3
0x1.11a222p-2
0x1.4d9272p-2
-0x1.fa7bc6p-3
-0x1.6c72c8p-2
0x1.36e0a8p-2
0x1.9438fap-3
0x1.29549ep-2
-0x1.af3828p-10
-0x1.0a4b26p-3
-0x1.05d4a6p-4
-0x1.866c6ep-3
0x1.0f0bb8p-2
0x1.5f3cb6p-4
0x1.708a64p-3
-0x1.b6d758p-3
-0x1.14fdcep-7
0x1.8c2e82p-3
-0x1.018e1ep-3
-0x1.424a2cp-2
-0x1.6c9988p-8
-0x1.742dbp-2
0x1.be6e52p-2
0x1.32927ap-2
0x1.dd44bep-3
0x1.37aedep-3
0x1.ecc422p-7
0x1.631098p-4
-0x1.2e4e2ap-3
0x1.89159ep-4
-0x1.c22da6p-3
0x1.feb16p-3
0x1.774c5p-2
-0x1.6a1008p-5
-0x1.1f621cp-5
0x1.a249dp-3
-0x1.3e0348p-3
0x1.6f487ep-3
0x1.820234p-3
0x1.e2f944p-8
-0x1.0926bp-3
-0x1.4330ap-2
-0x1.77e3ep-2
-0x1.4da5a6p-4
0x1.38ca8ep-3
0x1.9251fep-2
0x1.adf0dp-5
0x1.664e56p-2
0x1.18f80cp-2
0x1.ce0e6ep-4
-0x1.1ed942p-2
0x1.78bf46p-2
-0x1.25c632p-7
-0x1.78de26p-4
0x1.5cecaap-5
0x1.887e0cp-3
0x1.200262p-4
0x1.20e67p-5
-0x1.ea5258p-4
-0x1.e799a8p-7
0x1.2356ap-2
-0x1.4ea04ap-3
0x1.37e8d6p-2
-0x1.bec596p-6
-0x1.da227p-4
-0x1.9c389ep-2
-0x1.a6fd76p-3
-0x1.96228p-4
0x1.14a63ep-4
0x1.9a0ae6p-2
0x1.2d64b2p-2
-0x1.73f01p-3
0x1.7ed2bp-4
0x1.aeb256p-4
-0x1.fc3616p-7
-0x1.01e98ap-2
0x1.dd7412p-5
0x1.7ff05cp-5
-0x1.62f164p-3
-0x1.6f5536p-4
0x1.d7f71ap-4
0x1.3de64ep-2
0x1.08566ap-2
0x1.7fa83cp-3
0x1.135012p-2
0x1.d9c58ep-7
-0x1.07d10ap-2
0x1.f36e04p-4
0x1.caeddap-3
0x1.3c199cp-2
-0x1.545d66p-3
-0x1.f6ac1p-3
-0x1.2620cp-3
-0x1.5efe42p-3
0x1.1c83bcp-3
0x1.22523cp-5
0x1.7781c4p-8
-0x1.b4199cp-10
0x1.7addc4p-3
-0x1.5cf11cp-5
-0x1.3d83dcp-3
0x1.685e8p-6
0x1.4e2c4ap-3
-0x1.4479cp-3
-0x1.41f04ap-3
-0x1.a52522p-12
0x1.4893fap-2
0x1.3b0e1cp-2
0x1.c45ffep-6
0x1.d7c49p-3
0x1.59c474p-2
-0x1.2882a2p-4
0x1.3fb0d2p-3
-0x1.4be858p-5
0x1.241a2ep-4
-0x1.7a1f9cp-9
-0x1.4b3166p-6
0x1.0c53p-3
0x1.97cf0cp-5
-0x1.98967ep-4
-0x1.c2c5b2p-5
0x1.92ba8ap-4
0x1.5eef44p-7
0x1.30f20ep-4
0x1.d8aa24p-6
0x1.0a6e6ep-4
0x1.6e9716p-3
0x1.4d581ep-3
-0x1.7cffd6p-4
-0x1.f32194p-4
0x1.4d0d14p-4
-0x1.4bb818p-4
0x1.77fca4p-3
0x1.1e9808p-2
0x1.5a0014p-4
-0x1.91899ap-3
-0x1.b9682p-3
-0x1.293e7ap-3
-0x1.ea1f16p-3
-0x1.40467p-4
-0x1.cb8834p-4
0x1.a51194p-3
0x1.bb07aap-3
-0x1.017b76p-2
0x1.11ae4cp-2
-0x1.26ff86p-6
-0x1.c075d4p-3
0x1.f63dc6p-4
-0x1.b24426p-6
0x1.8382f6p-5
-0x1.25f508p-3
0x1.467c12p-7
0x1.07460ep-3
-0x1.fe755ap-3
0x1.7e0bf6p-6
-0x1.5b8334p-4
-0x1.02aeb8p-4
0x1.efcec6p-4
0x1.917798p-3
0x1.ce58b4p-6
-0x1.105abep-2
-0x1.4f39ccp-3
-0x1.1f9c86p-3
-0x1.d5ce4p-4
0x1.6b93cep-4
-0x1.bbfe9ep-4
0x1.ca896cp-8
0x1.e25f94p-3
0x1.b1cd58p-11
-0x1.150e84p-5
-0x1.476e28p-9
0x1.a59758p-5
0x1.9187p-4
0x1.7d5f34p-5
-0x1.ffdcep-3
-0x1.aaa31cp-3
0x1.23387ap-4
0x1.1d4154p-2
0x1.ec9d4cp-9
-0x1.2febfep-4
0x1.af32fep-5
0x1.78778ep-5
0x1.dab51ap-5
-0x1.a5c4b2p-10
0x1.2d0768p-4
-0x1.36b2bp-3
-0x1.d66588p-3
-0x1.0b733ap-9
0x1.7db544p-3
0x1.09304ep-3
-0x1.97859ap-4
0x1.d85dbp-5
0x1.fe8aeep-3
-0x1.56dcf2p-3
0x1.a2aebcp-5
0x1.7c8764p-3
-0x1.94c11ep-4
0x1.1470cep-6
-0x1.1dcbdep-5
-0x1.78eddap-5
0x1.41f16ep-3
0x1.1cc09ap-4
0x1.15d92ep-2
-0x1.71cceep-2
-0x1.3f7b4cp-3
0x1.19f82ap-4
0x1.9da39cp-4
0x1.8504dep-2
-0x1.43f232p-4
0x1.70ebfcp-3
-0x1.ec770ap-4
0x1.a93f32p-5
-0x1.0218f2p-4
-0x1.6e5536p-7
0x1.dbca24p-3
-0x1.62816p-4
-0x1.3565dp-3
0x1.f8086p-5
-0x1.421c98p-3
0x1.085fa2p-2
-0x1.431dfcp-3
-0x1.059146p-3
-0x1.170356p-4
-0x1.d894bep-4
-0x1.f8de6ap-9
0x1.02a7e2p-2
0x1.3680f8p-3
0x1.24d57ep-2
-0x1.76d7bp-2
-0x1.313e5p-3
0x1.fe5666p-5
0x1.b18f08p-8
0x1.c7484p-3
0x1.a82262p-5
-0x1.a8d452p-5
0x1.a23d34p-5
-0x1.0930fcp-3
0x1.866a2ap-5
0x1.01136p-4
0x1.d7779ep-2
-0x1.1a4c76p-4
-0x1.f52ce4p-7
0x1.d143fap-3
0x1.29fd7ap-4
-0x1.0c70bp-8
-0x1.860754p-3
-0x1.63692ap-4
-0x1.58744p-4
-0x1.1a609cp-3
-0x1.54588p-3
-0x1.11363p-3
0x1.c8cd54p-3
0x1.3bbacep-3
-0x1.46d27cp-4
-0x1.04311ap-3
-0x1.2774aep-3
0x1.598bbep-5
-0x1.16158p-3
0x1.0de6ccp-2
0x1.7cab82p-8
-0x1.1cb8fap-2
0x1.ac339p-3
0x1.ead87ap-6
-0x1.a116ecp-4
0x1.f235eep-3
0x1.b90f02p-3
-0x1.15a2f8p-6
0x1.87504ep-5
0x1.f9833p-5
0x1.b3efd2p-3
-0x1.9b1ecap-5
-0x1.f541bp-9
-0x1.af9e36p-4
-0x1.395d74p-5
0x1.129426p-4
-0x1.119e94p-6
0x1.bb967ap-5
0x1.9156f2p-2
0x1.23963ap-4
-0x1.3193a8p-2
0x1.ff9d7cp-9
-0x1.74022ap-3
0x1.1b11c4p-1
-0x1.b0ff5ep-3
-0x1.41c2bep-5
-0x1.6df7fap-5
-0x1.372828p-4
-0x1.67afa8p-4
-0x1.3b03p-8
0x1.61057p-4
-0x1.71c45p-10
0x1.8a64bp-4
0x1.39ce8ap-4
0x1.8598p-3
0x1.852cbep-3
0x1.c1189cp-4
0x1.e474ap-6
0x1.bfbc84p-5
-0x1.b6b588p-3
-0x1.5731bp-4
0x1.3144f2p-3
-0x1.e5c5c8p-12
0x1.047e1cp-3
-0x1.8d312ep-4
0x1.0338b8p-4
-0x1.50a43p-3
-0x1.e15cc8p-6
0x1.45efa2p-4
-0x1.b93f74p-4
0x1.55a31p-3
0x1.bdd58ep-5
-0x1.03704ap-4
-0x1.760c18p-7
0x1.dca146p-5
0x1.4d79fap-3
-0x1.31e4b8p-5
-0x1.8363dcp-8
0x1.5ed332p-5
-0x1.63876p-4
0x1.6bc9p-5
-0x1.49d5bcp-4
0x1.cb3d46p-5
0x1.4c9df4p-3
0x1.51b71p-6
0x1.2c708ap-3
0x1.0a9682p-2
-0x1.af6adp-4
0x1.74ecdp-4
0x1.95cb6ap-5
-0x1.377a36p-3
0x1.85bdccp-3
-0x1.c29ed8p-3
-0x1.0507b8p-1
0x1.0f7ebap-4
-0x1.03d884p-2
0x1.d3dfp-3
0x1.09f9e2p-2
-0x1.ec44dcp-3
-0x1.14ebfcp-3
0x1.d8ec12p-7
0x1.c8f4cap-2
0x1.4a7002p-2
0x1.56012ap-3
0x1.ad42e4p-4
0x1.9e083cp-3
-0x1.0ed95p-1
-0x1.2eb59ap-2
-0x1.362f06p-5
-0x1.da55d6p-4
0x1.477218p-2
0x1.16110ep-2
-0x1.3c6b1ap-3
0x1.674c8cp-2
0x1.29ab8cp-3
-0x1.67eebep-7
0x1.17fee2p-3
-0x1.3181a2p-2
-0x1.019d76p-7
-0x1.50e16p-4
-0x1.5c7016p-3
0x1.207aep-1
-0x1.8f35bp-4
-0x1.a763ccp-13
-0x1.0f4e12p-2
-0x1.d2c452p-5
-0x1.7284d4p-7
0x1.26e6fap-2
0x1.4f8bc6p-3
-0x1.e1e1ccp-6
-0x1.bae19ep-3
-0x1.377cecp-2
0x1.50b432p-3
-0x1.e75756p-4
0x1.43fb24p-5
0x1.fd0f42p-4
0x1.bd87f8p-4
-0x1.c38408p-6
0x1.52edc4p-4
-0x1.10d654p-3
0x1.c973dcp-4
-0x1.40d28ap-5
-0x1.a7fd56p-3
-0x1.9b3f3ap-3
-0x1.14f9fap-3
0x1.03da3p-4
-0x1.4bb662p-3
0x1.e8413ap-2
-0x1.bb6b26p-7
-0x1.870994p-4
-0x1.55c27p-3
0x1.7de07ep-3
0x1.4f2c8p-2
0x1.c5fd64p-3
-0x1.f04f68p-4
-0x1.5b1a32p-2
-0x1.85b80cp-2
-0x1.74232cp-3
0x1.61b506p-3
0x1.ad431ep-6
0x1.69244ep-3
-0x1.e213f8p-3
-0x1.65be82p-3
-0x1.081614p-2
-0x1.04f08ap-3
-0x1.56b83ap-5
0x1.e64ac8p-5
-0x1.75e982p-5
0x1.12db42p-3
-0x1.818cacp-3
-0x1.17175p-3
0x1.1bd928p-3
0x1.51c2aap-3
-0x1.d43572p-9
-0x1.270186p-2
0x1.4a8eb8p-5
0x1.233d28p-3
0x1.17e54ep-2
0x1.4f7098p-2
-0x1.890b24p-2
-0x1.7b778cp-4
-0x1.957ff6p-5
0x1.a299fap-3
0x1.a7fb96p-5
0x1.0ecfdep-2
0x1.7e5c22p-2
0x1.407564p-3
-0x1.4443f4p-4
0x1.407a9cp-3
-0x1.b2e30cp-3
-0x1.a7577ap-5
0x1.543a3cp-3
-0x1.b5f492p-3
0x1.62b038p-3
-0x1.f3f0eap-4
0x1.7ed2d2p-5
0x1.0a917cp-5
-0x1.dc044ap-8
0x1.542b4ep-4
-0x1.b0a082p-3
0x1.390822p-4
0x1.f8188cp-4
0x1.537deep-2
0x1.a5ede6p-6
-0x1.3d1968p-3
0x1.21a4a6p-3
-0x1.9a6d42p-3
-0x1.217e58p-3
0x1.0e501p-4
0x1.4bf344p-5
-0x1.8d57a6p-4
0x1.3db15p-2
-0x1.0a93b4p-4
0x1.ec0be8p-3
-0x1.87fc5p-3
0x1.dc5738p-5
0x1.689822p-4
-0x1.062a0ap-3
-0x1.51de4cp-5
0x1.9ebe8p-7
0x1.1c7342p-3
0x1.11ce94p-4
0x1.03919cp-3
-0x1.8e9fb2p-7
-0x1.b4b3eep-2
0x1.53f52ap-4
-0x1.ab0112p-4
0x1.21ab8p-2
0x1.93f614p-3
0x1.33ee0cp-2
-0x1.fae1dp-3
-0x1.546c7ep-2
0x1.a1a7acp-5
0x1.d7d6cap-3
0x1.026c64p-7
0x1.5ee6b8p-3
0x1.95122cp-2
-0x1.ed6662p-3
0x1.da1c9ap-5
-0x1.af8e7ap-3
-0x1.5551aep-3
0x1.284752p-4
-0x1.ab519cp-3
-0x1.594c7p-3
-0x1.04fbfep-4
0x1.e85fcp-3
0x1.b19ac8p-5
0x1.fe2074p-6
0x1.55af1cp-2
0x1.f8abap-6
-0x1.d12676p-3
0x1.1151dep-2
0x1.54bbf4p-3
-0x1.b6d74ap-3
0x1.34d21cp-4
-0x1.07be96p-3
-0x1.6f0eccp-4
-0x1.388056p-3
-0x1.1ffddcp-3
-0x1.5c40dep-3
0x1.e73276p-3
-0x1.238b94p-4
-0x1.4165bap-4
0x1.c94caep-8
-0x1.22f7e8p-2
-0x1.05b23ep-3
0x1.7f15c4p-5
0x1.439488p-3
-0x1.a6fea4p-2
0x1.9c25c2p-3
-0x1.8763ep-4
0x1.7e1936p-3
0x1.0255dcp-2
0x1.55e7ep-4
-0x1.95218ap-6
-0x1.138c4ep-1
0x1.d7662cp-5
-0x1.7de236p-5
0x1.6a3e6ep-4
0x1.982e98p-4
-0x1.3147b4p-6
-0x1.c85232p-4
0x1.df2704p-5
0x1.107812p-4
0x1.4e7046p-4
-0x1.dedc46p-3
0x1.64f706p-4
0x1.fc87bcp-4
0x1.d1a468p-4
0x1.4fc654p-3
0x1.e4b642p-3
-0x1.7459bcp-3
0x1.18466p-3
0x1.4d786p-8
-0x1.594326p-5
-0x1.091614p-3
-0x1.305476p-4
0x1.e5833ep-7
0x1.5095dp-6
0x1.424c48p-3
0x1.6cf78cp-1
0x1.eb070ep-5
0x1.2d9276p-8
-0x1.955e3p-3
-0x1.cefdd4p-3
0x1.2645bep-4
-0x1.266e18p-7
-0x1.1f38e8p-4
0x1.6b5fbap-6
0x1.7b08b8p-3
-0x1.6a912ap-6
-0x1.72cfb2p-4
-0x1.c73c8p-3
-0x1.d193e8p-4
0x1.ce9d8ap-3
-0x1.61baacp-5
0x1.46011cp-5
0x1.aeb278p-5
0x1.ec081cp-4
0x1.0b49d8p-3
0x1.7cce7p-3
-0x1.4bac9ep-4
-0x1.928faep-5
0x1.9f7ec4p-3
0x1.758ad2p-5
-0x1.7ae4f6p-2
0x1.bb2396p-7
-0x1.392becp-5
0x1.17d142p-2
0x1.bd3a6ap-4
-0x1.bb6d7cp-5
0x1.991442p-7
0x1.2ddb36p-3
-0x1.d15d06p-5
-0x1.24ed08p-6
-0x1.6eea5ep-6
-0x1.4293bap-2
0x1.7e8f76p-5
-0x1.dccdfcp-3
0x1.f92174p-5
-0x1.11cec8p-3
0x1.cc51fep-3
-0x1.6e4ecap-5
0x1.8bd954p-4
0x1.91a03p-3
-0x1.547138p-5
-0x1.3ee468p-5
-0x1.9bc254p-5
-0x1.dd5004p-6
0x1.7617bep-2
-0x1.88e05ep-2
0x1.d31612p-4
-0x1.4af66cp-5
-0x1.0f2cf8p-2
-0x1.47c0a6p-4
-0x1.9f91aep-5
0x1.297aecp-3
-0x1.602ac6p-5
-0x1.1829ap-14
-0x1.2685ccp-16
0x1.596c74p-14
-0x1.217638p-16
0x1.c775dcp-15
-0x1.aef86ep-13
0x1.13fa5cp-14
0x1.4d1daep-18
0x1.31d242p-14
0x1.8ac9cep-16
0x1.a40bbp-13
-0x1.feff08p-13
0x1.8bcf66p-16
0x1.fd3d3ep-16
0x1.916a5p-13
-0x1.9671c2p-14
-0x1.3f053ep-15
0x1.324f1ap-12
-0x1.a18ee4p-13
-0x1.a92f02p-16
0x1.bf135p-15
0x1.cef796p-13
0x1.27a5fcp-16
0x1.8acfcap-16
0x1.0264f6p-14
0x1.f09c96p-16
-0x1.6fcd3ap-14
0x1.58af8ep-13
-0x1.01848ep-13
-0x1.16fb02p-17
-0x1.e32f3p-13
-0x1.059266p-16
0x1.d4e916p-17
-0x1.1e51a6p-16
0x1.6b17b2p-16
0x1.46ce4cp-13
-0x1.fee882p-14
-0x1.49e4bp-15
-0x1.ef8c74p-15
-0x1.07ca58p-15
0x1.13e22ap-13
-0x1.658adp-16
0x1.986fd8p-18
-0x1.fc8418p-16
-0x1.596682p-12
-0x1.6c508cp-13
-0x1.2a287cp-12
-0x1.5b0daep-13
-0x1.8ef658p-15
0x1.04a7d6p-15
-0x1.88831p-15
0x1.3ca9bp-15
-0x1.c2e696p-14
0x1.81e372p-16
0x1.b344e8p-15
-0x1.576446p-13
-0x1.1bad8ap-15
-0x1.1431f4p-14
0x1.a1e324p-14
-0x1.0bd7d2p-16
0x1.fb45bep-18
-0x1.8963ccp-15
-0x1.c6cad4p-13
-0x1.659576p-16
-0x1.007954p-12
-0x1.57462p-14
0x1.1a0552p-15
-0x1.730806p-15
0x1.de7fap-16
-0x1.b39464p-16
0x1.1e624ep-15
0x1.21f0aep-14
-0x1.0d6818p-14
0x1.dff0ap-16
-0x1.5d73a6p-14
0x1.21a0d4p-14
-0x1.5c0c52p-16
0x1.203c3ep-14
0x1.0fb068p-13
-0x1.7464bep-16
0x1.cddefp-14
0x1.24b006p-13
-0x1.ad0a8cp-15
0x1.89c5cap-13
-0x1.69a206p-14
-0x1.85f9d4p-15
-0x1.63ac4p-15
-0x1.4541bp-14
0x1.a7cee6p-14
-0x1.39f93ep-14
-0x1.445ac2p-13
0x1.1313eep-14
-0x1.8a12e4p-15
0x1.0fa4ap-13
0x1.fc962cp-15
0x1.2cffa6p-13
0x1.4512e2p-15
-0x1.ce8de6p-16
-0x1.12ecdep-15
0x1.4aa5cep-14
0x1.00bc9ap-13
0x1.365308p-17
0x1.a9630cp-15
-0x1.c6e58p-14
-0x1.d5ef1ap-16
-0x1.e58eb4p-14
-0x1.1e6c3ap-15
0x1.000bbcp-13
0x1.ccfcc4p-15
-0x1.0c7816p-13
0x1.3c4c5cp-13
-0x1.ab4f5cp-14
-0x1.3712e4p-17
-0x1.d78eep-18
-0x1.afb69p-15
0x1.0d9c7cp-12
-0x1.2adeb2p-14
-0x1.035f02p-12
-0x1.d8edc2p-14
0x1.04ca0cp-14
0x1.2bebecp-12
-0x1.76fe02p-16
0x1.4ad7fap-13
-0x1.4d763ap-14
0x1.440ae6p-18
-0x1.7a59eep-15
0x1.a5341ap-18
-0x1.4043cep-14
0x1.bf2cb2p-13
0x1.d120a6p-14
0x1.2c0e54p-14
0x1.54f806p-14
-0x1.37c4c4p-13
0x1.e40dfep-15
0x1.c4f62cp-14
0x1.30ac8ep-17
0x1.8de2f8p-13
0x1.2088bp-12
0x1.cf4a96p-14
0x1.72f9c2p-14
0x1.d39f3ep-14
-0x1.486fc2p-13
0x1.cbfbc4p-15
0x1.5463b6p-13
0x1.49564p-14
-0x1.e345fep-15
-0x1.dc27e2p-14
-0x1.473d6ep-12
-0x1.724f3ap-14
-0x1.caa896p-16
-0x1.99be86p-15
-0x1.c11a68p-16
0x1.79cc6p-14
0x1.25e68p-14
-0x1.0d1ba2p-14
0x1.c94c86p-15
-0x1.ee95e8p-14
0x1.48fc8ap-13
0x1.cdc68ep-17
0x1.44b656p-12
-0x1.0d4df8p-18
0x1.3dc70ap-15
0x1.10d6d8p-13
-0x1.3a03bap-14
-0x1.df06cep-13
0x1.8d4738p-15
-0x1.2bf0f8p-16
-0x1.082b1cp-17
-0x1.2c0214p-12
0x1.46007ap-14
0x1.55c7ecp-16
-0x1.fcd7d6p-16
0x1.757c7ap-13
0x1.2fab62p-17
0x1.393d48p-14
-0x1.14628ep-16
-0x1.97f7a2p-15
0x1.5d5828p-14
0x1.87ea3cp-15
-0x1.5c7d9cp-14
0x1.ee3766p-14
0x1.57b602p-15
-0x1.24e4d2p-13
-0x1.fc41cep-13
-0x1.320d0cp-15
0x1.cd23eep-14
0x1.fc5b86p-13
-0x1.ee3982p-13
-0x1.76989p-17
0x1.35dcd6p-14
0x1.28e072p-14
0x1.3e7602p-14
-0x1.64d9d8p-14
-0x1.48dc04p-13
-0x1.ae9642p-15
0x1.2f3114p-13
-0x1.1597cap-19
-0x1.7ecb24p-15
0x1.ffe0f6p-16
-0x1.c819fep-16
-0x1.9e3b22p-14
-0x1.4888cap-14
0x1.104714p-18
-0x1.8670c2p-15
-0x1.48a12ep-13
-0x1.485cbcp-16
0x1.3617a8p-12
-0x1.37f5ap-15
-0x1.a4c3fap-12
0x1.33c794p-15
0x1.366188p-16
-0x1.dfed84p-16
-0x1.103cc2p-14
0x1.b8fa28p-15
0x1.4b2be4p-13
0x1.8e5b38p-14
0x1.5a455ep-13
0x1.4ea2acp-14
-0x1.a2c8fap-16
-0x1.a9cde8p-13
0x1.d8cc26p-13
0x1.10d426p-17
-0x1.9a81cap-15
0x1.681b2cp-15
-0x1.5322fap-12
-0x1.3657aap-13
-0x1.1cd042p-12
-0x1.f17f88p-14
0x1.0a74ecp-13
-0x1.c4ceeep-15
-0x1.a3279ap-17
-0x1.065c3cp-12
0x1.81d92cp-15
-0x1.6c914cp-14
-0x1.189146p-13
-0x1.c3308cp-15
-0x1.78ddaep-12
-0x1.079c6p-13
-0x1.1fff2cp-16
-0x1.99bec2p-13
0x1.1259e8p-15
0x1.44f63p-18
0x1.14e34cp-13
-0x1.f951a2p-14
-0x1.4e8a34p-14
-0x1.bc0d5ep-13
-0x1.97d5b4p-15
0x1.afd4fp-14
0x1.42428ap-14
0x1.d3057ap-15
0x1.744578p-17
0x1.f6d9d6p-16
0x1.df79fep-13
-0x1.7d8be8p-13
0x1.38225p-14
0x1.4c3c38p-13
-0x1.77cea8p-13
0x1.0805a4p-16
0x1.36634cp-14
0x1.aa32b4p-16
-0x1.99b6aep-12
-0x1.99b3dep-14
-0x1.762716p-13
-0x1.a181ecp-13
0x1.895034p-14
-0x1.163908p-12
0x1.3bd9cap-15
-0x1.4c2e6ep-16
0x1.495f08p-16
0x1.1e4514p-12
-0x1.23789p-14
-0x1.198cfp-13
0x1.52c4bcp-17
0x1.2068acp-14
0x1.ded1cp-14
0x1.7837b4p-13
-0x1.48fe5ap-15
-0x1.3163c8p-13
0x1.09f8b8p-13
0x1.f46c34p-14
0x1.94ca7ep-14
-0x1.1a49a6p-15
0x1.aca6d2p-14
0x1.e8eb7cp-15
-0x1.114f24p-13
0x1.5dafep-14
-0x1.f73ecap-20
0x1.72d0d6p-13
-0x1.11d35ap-13
0x1.ea8c9p-15
-0x1.b3b72ep-15
-0x1.75ddc8p-14
0x1.3a7c9cp-13
0x1.70c0e8p-17
-0x1.73b6d2p-13
0x1.7e30fap-12
0x1.45276ap-14
0x1.cf5a24p-13
-0x1.89ee5ap-15
-0x1.03be9cp-12
-0x1.24a34cp-15
0x1.e94414p-14
0x1.184b1ap-13
0x1.3a0e48p-13
-0x1.4b6d16p-14
-0x1.6cd29cp-14
-0x1.cfa4fap-13
0x1.f29decp-16
-0x1.780e2p-15
-0x1.0d8556p-14
-0x1.23ee76p-13
0x1.94c1bp-13
0x1.031f1ep-15
0x1.0a7f56p-18
-0x1.19e97cp-13
-0x1.38917ep-16
0x1.bb2d68p-15
0x1.41bbdp-13
0x1.00498cp-13
-0x1.fa1d24p-15
0x1.ec8d8ap-14
-0x1.25718p-12
-0x1.c9353p-13
-0x1.0ad7c8p-16
0x1.05f93ap-15
0x1.3e14fap-16
0x1.2be0eap-12
-0x1.6bb564p-14
-0x1.c881ecp-15
0x1.80335cp-13
0x1.d9081ap-13
0x1.43bb06p-14
-0x1.686be4p-13
-0x1.afced4p-14
0x1.f9f24ap-14
-0x1.8adb58p-14
0x1.c2f518p-19
0x1.6019c4p-15
-0x1.87051cp-14
0x1.54ac7p-15
0x1.807456p-14
-0x1.139f28p-13
0x1.e50232p-14
-0x1.061714p-12
-0x1.0339f4p-23
-0x1.21d44ep-14
-0x1.f996b4p-14
-0x1.c48f2cp-17
-0x1.1339e6p-13
-0x1.81c78ep-16
0x1.8e1b46p-16
-0x1.0ae6f6p-13
-0x1.a4f2e6p-13
-0x1.626846p-15
0x1.8a12dp-18
-0x1.b58b8ap-14
0x1.23d14ap-16
0x1.7fb5e4p-13
0x1.706bc2p-18
0x1.e1337cp-14
-0x1.a00d16p-15
0x1.dd58b6p-14
0x1.f05b88p-16
0x1.2c7a1p-15
0x1.701e7ap-13
0x1.973824p-15
-0x1.1d332ap-14
-0x1.74b2eep-14
0x1.53f546p-15
-0x1.da9378p-13
-0x1.a83058p-14
0x1.844a46p-17
0x1.572c9p-17
0x1.72bd36p-15
-0x1.d5bac6p-20
0x1.3d9738p-6
0x1.96be18p-3
-0x1.1c8822p-2
-0x1.383f96p-6
0x1.4885b8p-3
0x1.fc7cd6p-2
0x1.c9f9ep-4
-0x1.5600ap-2
0x1.159bacp-3
0x1.424dd6p-1
0x1.14c966p-3
0x1.8d7346p-4
-0x1.dbad98p-3
0x1.9eda5cp-2
-0x1.4ca37ep-2
-0x1.89191p-4
-0x1.a1db3cp-5
0x1.eed9c2p-3
0x1.18046p-2
-0x1.06a15cp-5
-0x1.92e38ap-6
0x1.8d007cp-2
0x1.ff8b0ap-4
-0x1.8d8584p-2
-0x1.8a3b72p-6
0x1.2de6c8p-2
0x1.03ab3cp-4
-0x1.592ba6p-5
0x1.b844aep-7
0x1.096c2p-3
0x1.0699f4p-2
0x1.d0707ap-3
0x1.cf8394p-3
0x1.c478cp-2
-0x1.890f5cp-8
-0x1.0d6b88p-1
0x1.f04292p-3
-0x1.543c18p-3
0x1.acc67p-3
0x1.af52fep-2
-0x1.c13a3cp-4
-0x1.26060ep-3
-0x1.976cbep-2
0x1.67330ap-3
0x1.eb24e4p-3
-0x1.986a1cp-6
0x1.1f4a42p-2
-0x1.fe316ap-2
-0x1.2aed8cp-3
0x1.65f0d8p-2
-0x1.90cce4p-2
0x1.50430cp-4
-0x1.460206p-4
0x1.9ba5ep-3
-0x1.dd9078p-3
-0x1.1b534cp-5
-0x1.63bb64p-4
-0x1.309fccp-4
0x1.0c49bap-2
-0x1.012004p-2
-0x1.43771cp-5
0x1.58283cp-5
-0x1.51766ep-3
0x1.f0fee4p-6
0x1.2d130ap-5
-0x1.551c72p-4
0x1.d475eap-3
-0x1.0a8558p-2
-0x1.57daf8p-4
-0x1.15a122p-2
-0x1.e6cee6p-3
-0x1.8195bap-5
-0x1.64c7d4p-4
-0x1.61ae86p-3
-0x1.402bacp-2
-0x1.caf106p-5
0x1.827142p-7
0x1.60f71p-7
-0x1.68a6cep-2
-0x1.c08a24p-3
-0x1.52bc16p-1
-0x1.0f3a28p-2
0x1.18f0fp-1
-0x1.ba773ep-3
0x1.d7a556p-4
0x1.db43d8p-2
-0x1.8ba2dp-2
-0x1.694c9p-4
-0x1.3eb0dcp-2
0x1.5ffd3ap-2
0x1.0b6fp-1
-0x1.dd9992p-5
-0x1.84c1d4p-2
-0x1.711c9ep-4
0x1.4876c8p-4
-0x1.5287c8p-1
0x1.2a0ep-1
0x1.c29c86p-4
-0x1.acbcb2p-5
-0x1.f4c31ap-5
-0x1.b5ba58p-4
0x1.1741ccp-2
0x1.3dcaa6p-3
0x1.dc394cp-3
-0x1.23c702p-2
0x1.0d272ap-2
0x1.560c14p-2
0x1.c88e26p-4
-0x1.07c182p-1
-0x1.c8a3eap-2
-0x1.7ba89ap-4
-0x1.a53792p-3
0x1.245c76p-2
0x1.98e7c6p-3
0x1.a7c01ep-4
-0x1.40ab84p-7
-0x1.0605a2p-5
0x1.0124ccp-2
-0x1.08809ap-3
-0x1.2d821cp-2
0x1.438aa4p-5
0x1.577baap-3
0x1.496c58p-2
0x1.130cd6p-5
0x1.f6baccp-8
-0x1.ea4dd8p-2
0x1.e50b6p-3
0x1.9119e8p-4
0x1.27893ap-2
0x1.78a464p-4
0x1.0cab66p-4
0x1.40a08ap-2
-0x1.dde56ep-4
-0x1.88edf6p-3
-0x1.d132fcp-3
-0x1.acce1ep-3
-0x1.6600a8p-4
-0x1.4853aep-1
0x1.628306p-2
0x1.4a88e8p-2
0x1.be7602p-3
-0x1.f586d6p-2
0x1.313fap-2
0x1.940beep-3
0x1.2b09f2p-3
-0x1.aa2c2ap-6
0x1.528fd4p-2
0x1.4860dcp-2
0x1.0baeaap-3
0x1.1d168ap-1
-0x1.f642cap-3
0x1.bbc864p-2
-0x1.c2b848p-9
0x1.133feap-3
-0x1.aedcb2p-4
0x1.556706p-4
-0x1.3a8608p-2
-0x1.45e1fep-1
-0x1.e646b8p-3
-0x1.12190cp-2
-0x1.8219f2p-3
0x1.64c472p-2
0x1.68d5fap-2
-0x1.62201p-2
0x1.7afeb4p-3
-0x1.01f5ccp-6
-0x1.87a62ep-3
-0x1.7e7c7ap-3
0x1.297dccp-4
-0x1.04a534p-2
0x1.42cd1p-2
-0x1.c61f5cp-5
-0x1.2535d8p-3
0x1.bea63p-7
-0x1.46829ap-2
-0x1.0b436p-1
0x1.a733fap-3
-0x1.1bf8fcp-3
-0x1.771e4p-2
0x1.4d11acp-2
-0x1.4415b8p-2
0x1.236f88p-1
-0x1.c9ca96p-2
-0x1.8e87aap-3
0x1.25b7a8p-1
0x1.e39faep-6
-0x1.44d1aep-2
-0x1.fd63bep-2
-0x1.3762b8p-3
0x1.f8c56cp-7
0x1.08f526p-3
-0x1.3df7e4p-2
-0x1.14729p-2
0x1.a78aeep-2
-0x1.9e1194p-3
-0x1.0a632p-4
0x1.059ebap-2
0x1.52d9fep-3
0x1.945016p-5
0x1.532606p-6
-0x1.28d9d8p-3
-0x1.edccdep-7
-0x1.b537a8p-2
-0x1.edfdcep-3
0x1.66f0a8p-3
-0x1.b624a6p-3
0x1.29966ep-3
-0x1.a93c0ap-4
-0x1.256d26p-3
0x1.6a25b4p-5
-0x1.1e99aep-3
0x1.de11c2p-5
-0x1.610a8cp-3
-0x1.b387eap-3
0x1.d8372p-3
0x1.9e53bep-4
-0x1.147d6p-3
0x1.3e0dap-2
-0x1.78e586p-5
-0x1.4fd8fp-2
-0x1.a913cp-3
0x1.31292ap-2
-0x1.83133p-4
-0x1.75d0dep-2
-0x1.72060ep-3
0x1.799b2cp-3
-0x1.2fe9fep-2
-0x1.3ba40ap-6
-0x1.cea8b8p-5
-0x1.51877p-6
0x1.0a2b6cp-4
-0x1.2521f4p-2
0x1.1b9d32p-4
-0x1.162cd8p-1
0x1.143196p-2
-0x1.0775f6p-3
0x1.5858cep-3
0x1.e4f754p-4
-0x1.8b75aep-3
0x1.164f6cp-1
0x1.ec407ep-4
-0x1.139e04p-3
-0x1.3ef66ep-1
-0x1.523a4cp-3
0x1.12ff34p-2
0x1.56d2b8p-2
-0x1.1bc72ep-5
0x1.375e44p-4
0x1.2b093p-4
-0x1.78bcaep-3
-0x1.0c5dep-4
0x1.9c92p-4
-0x1.861e12p-8
0x1.4f39dap-3
0x1.dd49f4p-4
-0x1.fb581ep-6
0x1.e10602p-3
0x1.d2a022p-10
0x1.516decp-3
0x1.1e21aep-3
-0x1.06dc2ep-2
0x1.014fdep-1
0x1.b7caa4p-3
-0x1.285a3p-4
0x1.4a7e72p-3
0x1.4f32a4p-3
0x1.03f04p-2
-0x1.75d816p-4
0x1.407b06p-2
0x1.9717c4p-2
-0x1.455c4p-2
0x1.cd5ef2p-3
-0x1.889bc6p-5
0x1.74a74ap-2
-0x1.3d36ap-2
-0x1.7eaee4p-4
-0x1.2e4cbap-2
-0x1.c67762p-3
0x1.72071p-3
-0x1.678ad4p-2
0x1.033ddcp-2
0x1.97823cp-5
0x1.42cd5ep-4
0x1.438262p-4
0x1.5605d8p-6
0x1.9f8bc8p-4
-0x1.74f0dep-3
-0x1.350828p-4
0x1.a85646p-3
0x1.f08aa6p-6
0x1.a5125ep-5
-0x1.94384ep-4
0x1.6a25bap-2
-0x1.57b76cp-3
-0x1.4c66d6p-3
0x1.570f48p-6
0x1.f2f89p-5
-0x1.d2bb2p-4
-0x1.456218p-6
0x1.0272f4p-4
-0x1.e7e0b4p-4
0x1.437506p-3
-0x1.029e66p-1
-0x1.1a4e4ep-2
0x1.55af7ap-2
0x1.58c8dp-3
-0x1.2e6beap-2
-0x1.51276ep-4
0x1.2d74a6p-3
0x1.2499ap-2
0x1.46cbf8p-4
-0x1.bcea4p-3
-0x1.5a78e8p-2
0x1.0ffeeap-2
0x1.6341e6p-2
0x1.3417e8p-3
0x1.1173f8p-2
-0x1.ee2d8ep-4
0x1.8660c6p-2
0x1.f82a5cp-4
-0x1.0680b4p-3
-0x1.9828e8p-2
-0x1.35834ap-4
-0x1.5c70ecp-5
0x1.573942p-4
-0x1.5c6d48p-2
-0x1.0a5906p-2
0x1.b2c8d8p-4
0x1.5470dp-3
0x1.1c242cp-2
0x1.67af04p-3
-0x1.5629fcp-5
-0x1.630134p-2
0x1.54c314p-4
0x1.4b3c18p-2
0x1.6d64a2p-4
0x1.f58a1cp-2
-0x1.bb3d64p-3
0x1.5ab822p-2
0x1.3cdc96p-2
-0x1.61eafap-4
0x1.0a94cep-6
-0x1.ea54fcp-3
0x1.53e222p-2
-0x1.272d2ep-4
0x1.fd1a36p-2
-0x1.f2fbfp-5
0x1.ddf1b6p-2
-0x1.42c90cp-3
0x1.61a364p-3
0x1.58fd0cp-6
0x1.0b8412p-3
-0x1.8e35bep-3
-0x1.636ccp-2
0x1.04e64ap-1
0x1.d35828p-3
0x1.990af4p-5
-0x1.730228p-5
0x1.b76cbcp-2
-0x1.768f2ep-3
0x1.be25ecp-3
-0x1.2ce832p-2
0x1.701b86p-3
0x1.441edep-2
-0x1.e545f2p-3
-0x1.23fe86p-4
0x1.5528bap-3
0x1.653154p-8
0x1.c8a0bep-4
-0x1.498accp-4
-0x1.6d72aap-6
0x1.7563c2p-2
0x1.37dc42p-2
-0x1.5c212ep-3
-0x1.083258p-1
0x1.5da1cap-4
0x1.d4e798p-4
-0x1.62d564p-2
-0x1.630f6ep-3
0x1.24f0eap-2
0x1.31736ep-1
-0x1.3a3e2ep-4
0x1.f2147cp-4
-0x1.2e5ca6p-5
-0x1.81dcep-3
-0x1.13823p-3
0x1.67b8a6p-3
0x1.90e1bep-4
0x1.2e128p-3
-0x1.2a66cep-4
-0x1.18d138p-3
0x1.025cbp-3
0x1.b996fep-2
-0x1.0d1116p-2
-0x1.e29e8ap-4
-0x1.1237c4p-4
-0x1.4099b6p-2
0x1.4576a6p-3
-0x1.73348ep-4
0x1.6a095ap-2
0x1.4b3a9ep-3
-0x1.cf1002p-4
-0x1.bc1c8ep-3
0x1.823a4ap-4
-0x1.27c40ep-1
-0x1.4caa1ap-3
-0x1.51f77ep-3
-0x1.902fbp-3
0x1.f46e3ep-5
-0x1.61fa7ap-2
0x1.fd918p-3
-0x1.4d4fc2p-3
-0x1.73a708p-3
-0x1.6de25p-3
-0x1.2c7d92p-7
-0x1.72b322p-2
-0x1.814e68p-6
0x1.f36bf2p-4
-0x1.5306c6p-3
-0x1.631562p-5
-0x1.a70e8ep-4
0x1.857c0cp-3
0x1.f7db0ap-4
-0x1.062446p-3
-0x1.86c17ep-2
0x1.a8c34ep-3
-0x1.18e572p-3
-0x1.a38ff6p-4
-0x1.21e146p-2
0x1.923a3ap-3
0x1.c9df08p-5
-0x1.67b8a4p-5
0x1.90d794p-3
0x1.51f8a6p-5
0x1.43e466p-3
0x1.40b6a2p-2
-0x1.8c18f6p-5
-0x1.937f3ap-4
0x1.cc8682p-4
0x1.0043f6p-3
-0x1.966626p-5
0x1.8e5da4p-4
-0x1.b41518p-3
0x1.012b44p-1
-0x1.0584b6p-5
0x1.913cacp-5
-0x1.a886e6p-3
0x1.b45b8p-3
0x1.7f4c14p-3
-0x1.9f9126p-6
-0x1.0e8fe2p-7
-0x1.35ba9ap-3
-0x1.c5a55ap-6
0x1.2dfcfap-3
0x1.2b4f5ap-3
-0x1.975cf2p-3
-0x1.a4849ep-4
0x1.a90d82p-4
0x1.6b2b7p-5
0x1.57f7p-4
-0x1.67007ep-2
0x1.95e95cp-3
0x1.51ffc4p-2
0x1.bd302cp-7
0x1.1ccba6p-3
-0x1.ea501ap-5
0x1.329b4ap-2
-0x1.ca5dc2p-6
-0x1.1d8dc4p-3
0x1.8cd14ap-2
0x1.0e2a3p-3
0x1.c3fd8cp-4
-0x1.51882ap-2
0x1.408128p-2
-0x1.fe9d18p-4
-0x1.94b2ecp-3
0x1.ea5e82p-3
0x1.260ee8p-4
0x1.20ee3p-1
0x1.d4caf6p-5
0x1.08ed9cp-2
-0x1.bc9266p-7
-0x1.779972p-9
-0x1.7b8672p-3
0x1.cbf768p-8
-0x1.60f7e4p-3
-0x1.187686p-3
-0x1.63daacp-3
-0x1.a1b24ep-4
0x1.671792p-3
-0x1.1e1b4p-2
0x1.43e29ap-5
-0x1.cd8f68p-3
0x1.8a5898p-3
0x1.b696eap-5
0x1.0ae808p-1
-0x1.a14e36p-3
-0x1.7c450ap-5
0x1.438372p-3
0x1.ab737cp-3
-0x1.cea11p-3
-0x1.932206p-2
0x1.e97c3p-4
-0x1.3ac912p-4
0x1.e894eap-5
0x1.67260ap-2
-0x1.22dc16p-3
0x1.b5dd42p-6
-0x1.1aed56p-6
-0x1.c1ecdp-2
0x1.b6e2f2p-3
-0x1.119836p-3
-0x1.25040ep-2
-0x1.6fab4ap-5
0x1.ae4b96p-5
-0x1.73bf68p-5
0x1.d1b03cp-3
-0x1.075d1cp-2
0x1.13058ap-3
-0x1.993c9cp-8
-0x1.98a01ep-4
-0x1.26fe44p-3
0x1.a2c378p-2
0x1.34f1eep-6
0x1.fb2202p-2
0x1.89924ep-3
0x1.1d2abp-7
0x1.5ae5dcp-4
0x1.bafd62p-3
0x1.97717ep-3
-0x1.11e6bap-3
-0x1.ca68a8p-2
0x1.a05c66p-5
0x1.a83a2ap-5
-0x1.3bd792p-3
-0x1.438822p-3
-0x1.13d50ep-2
-0x1.f04158p-3
0x1.b7b85ap-4
-0x1.25c894p-2
0x1.5999c4p-3
0x1.e5be52p-2
0x1.2f51a8p-4
0x1.ee39eap-2
-0x1.ee36a8p-3
0x1.19e584p-3
-0x1.69bca6p-2
-0x1.b92426p-4
-0x1.1ee878p-2
-0x1.7495b6p-3
0x1.2e2078p-3
-0x1.27f93ep-4
-0x1.4afa0ep-2
-0x1.062428p-2
-0x1.f34c34p-7
-0x1.c3516p-2
-0x1.a257f8p-5
-0x1.b71c82p-11
-0x1.1f437ap-4
-0x1.416a5ep-4
0x1.23af14p-2
0x1.af89ap-6
-0x1.7c5c1ap-4
-0x1.82b0ep-4
0x1.19aabcp-2
-0x1.0f584ep-1
0x1.0f82acp-1
0x1.2f205cp-4
0x1.a47b5cp-3
0x1.072316p-5
0x1.fef63ep-3
-0x1.12ed78p-5
0x1.1af72ap-3
0x1.752d72p-5
0x1.73a688p-3
0x1.3a1762p-3
-0x1.51d444p-2
-0x1.974ff4p-6
-0x1.0d8384p-4
-0x1.21b0aap-4
0x1.655606p-2
-0x1.61ac8cp-4
0x1.c1123ap-4
-0x1.e0ff28p-6
0x1.0239aep-3
0x1.345a1ep-4
0x1.43a91ep-4
0x1.7d8p-3
-0x1.207b94p-2
0x1.34704ap-2
-0x1.daf926p-5
0x1.c2077cp-3
-0x1.3c3efcp-2
0x1.e63dcep-6
0x1.b9ed0cp-5
-0x1.13cb3p-5
-0x1.679032p-6
0x1.8e206p-4
-0x1.c43558p-2
-0x1.2289e2p-2
-0x1.00cf96p-3
-0x1.44dd6ap-2
-0x1.44fcp-2
-0x1.41f378p-2
0x1.f09454p-2
0x1.84cc5cp-4
-0x1.f399bcp-5
-0x1.214466p-3
-0x1.1c7404p-5
0x1.1557cap-2
0x1.81d3a6p-2
-0x1.254118p-7
-0x1.8c5682p-3
-0x1.6bac6ep-4
0x1.4f980ap-6
-0x1.b09a5cp-3
0x1.1079ecp-4
-0x1.891502p-2
0x1.024facp-3
-0x1.4a143p-2
0x1.25b256p-1
0x1.46988ep-3
0x1.3f7cp-1
-0x1.c3cd78p-6
0x1.738836p-3
-0x1.0a13c8p-2
-0x1.0334b8p-2
0x1.8a2348p-4
0x1.407056p-1
0x1.96146cp-9
-0x1.4abbccp-6
0x1.fb939p-4
-0x1.99ea82p-3
0x1.6a37acp-2
0x1.4468fcp-5
0x1.4662b8p-4
-0x1.7e4b76p-7
-0x1.38d90ap-2
0x1.a390d6p-7
0x1.a292bcp-3
-0x1.727d7ep-2
0x1.18e0b8p-2
0x1.457b42p-2
-0x1.65fb14p-2
0x1.112498p-4
-0x1.03663ep-3
0x1.b15216p-4
0x1.cb678ep-4
0x1.52fbfcp-4
0x1.9da938p-4
0x1.4d8298p-2
0x1.31d904p-7
-0x1.38d6fcp-2
-0x1.3ba888p-4
0x1.56c5ecp-3
0x1.c8b4bp-3
-0x1.55fa3ep-2
0x1.a38e6ap-3
-0x1.d95644p-3
-0x1.46d288p-8
0x1.a0b20cp-3
0x1.7183aep-2
0x1.de9b18p-3
-0x1.922b12p-5
-0x1.3bbe88p-2
0x1.337afcp-4
0x1.126296p-2
-0x1.b7353ep-3
-0x1.4553cap-6
0x1.66182p-4
-0x1.cb4ea4p-3
-0x1.97831cp-4
-0x1.d50b06p-2
-0x1.52f86ep-3
0x1.0aa258p-3
-0x1.e31f1cp-2
-0x1.c632bp-4
-0x1.345958p-2
0x1.79cfcap-3
0x1.d5b1bap-5
0x1.9ce33p-5
-0x1.2e1394p-2
0x1.cf0ce2p-3
0x1.3c8f08p-1
-0x1.a441eep-2
-0x1.020dfep-2
-0x1.0110fp-2
-0x1.433412p-4
0x1.43559ap-2
0x1.000392p-3
0x1.974db6p-7
-0x1.8ef006p-2
-0x1.cd0d68p-5
0x1.d6a98p-2
0x1.635504p-4
0x1.583c1cp-4
0x1.93c5d2p-3
-0x1.bb111ep-2
0x1.20411p-3
0x1.0b9e4ap-2
-0x1.896716p-5
-0x1.b4214p-8
0x1.db716ep-3
-0x1.04e8fcp-3
0x1.816266p-3
-0x1.10c8ap-3
-0x1.0ee17ap-4
0x1.fe0332p-4
-0x1.1a3d7p-3
0x1.609776p-2
-0x1.058448p-2
-0x1.5adee2p-3
-0x1.a2b29p-4
-0x1.4331c8p-1
0x1.3c456ep-4
-0x1.268f2cp-4
0x1.8653cep-3
0x1.7887c8p-2
0x1.6563ccp-4
-0x1.ae6bd4p-7
0x1.67ccd4p-3
0x1.208ab2p-3
-0x1.01a098p-5
-0x1.4f0ebap-2
-0x1.6a9328p-2
0x1.3cb254p-4
0x1.77890ap-2
0x1.ef71dep-3
0x1.82614p-4
0x1.b6dfa4p-5
-0x1.1944ecp-1
0x1.d5a348p-3
-0x1.12b45ep-3
-0x1.46a3a2p-2
0x1.44bbeep-4
0x1.27601p-7
-0x1.2045aep-2
-0x1.71b9ep-4
-0x1.15c4d6p-2
-0x1.fbe442p-4
0x1.27adaep-3
-0x1.2e1d2cp-4
-0x1.6beb88p-2
-0x1.881c5ep-2
-0x1.8a9002p-4
-0x1.6b2846p-4
0x1.9f01ep-5
-0x1.874a5ap-7
0x1.b87ae8p-2
0x1.d0ea44p-4
0x1.1a9d9ep-3
0x1.2a3ff8p-2
0x1.41ab5ap-3
-0x1.90fc0ap-4
-0x1.10fdbep-2
0x1.ca4a06p-2
-0x1.b75114p-2
-0x1.e47a38p-4
-0x1.757586p-3
-0x1.82d404p-8
0x1.04e618p-1
-0x1.ddd6e8p-3
-0x1.0aa676p-4
-0x1.47e66p-16
0x1.2156fep-3
0x1.a049bep-2
-0x1.c2b3b2p-4
0x1.986cbp-2
-0x1.818f2ep-3
0x1.da672cp-3
-0x1.1c821cp-2
0x1.73110cp-2
-0x1.449bdcp-5
-0x1.66ca88p-5
0x1.9682d4p-2
-0x1.49e8cp-15
0x1.05b41ep-2
0x1.d4226p-5
-0x1.17f812p-4
0x1.8976aap-5
0x1.4af57ap-3
0x1.0d2cb8p-3
-0x1.19ce1ap-3
0x1.d17d54p-3
0x1.686adp-5
0x1.f17704p-4
0x1.043ba8p-2
-0x1.94ebcap-3
0x1.5fd29ap-5
0x1.237778p-4
0x1.cb40c6p-3
0x1.7e9cdp-4
0x1.ff9276p-9
0x1.4a9bcp-4
-0x1.eac48p-6
0x1.36393ap-1
0x1.f2be0ep-3
-0x1.37f63cp-3
0x1.c2a868p-1
0x1.9edcc4p-4
0x1.ec4714p-7
-0x1.08c32p-3
-0x1.4a7ccp-8
-0x1.42415ep-2
0x1.2e2ddcp-2
0x1.1190d4p-2
0x1.9006b8p-3
0x1.65fc62p-3
0x1.7f2c42p-3
-0x1.0b76aep-1
-0x1.267fd8p-2
-0x1.1b2e7p-2
-0x1.e94476p-5
-0x1.180bbep-1
0x1.9ebb76p-9
0x1.947e1cp-6
0x1.1080f8p-6
0x1.5d27p-2
-0x1.641a64p-5
-0x1.7b06e4p-4
0x1.0a9a46p-3
0x1.18b954p-1
-0x1.1c3feep-2
-0x1.8da2a6p-1
0x1.b4fe6ap-3
-0x1.81890ap-5
0x1.e7669ap-3
-0x1.15d50ep-3
-0x1.850478p-3
-0x1.77c4bcp-1
0x1.417094p-5
0x1.866b98p-2
0x1.1830e6p-4
-0x1.712006p-3
0x1.1bfb46p-2
-0x1.b50612p-3
0x1.e94d86p-2
-0x1.ac27eap-4
-0x1.494298p-3
-0x1.1aee0ep-2
0x1.383426p-4
-0x1.3d4c7ep-2
0x1.8b0cbcp-5
0x1.afa99p-7
0x1.b61a1p-6
-0x1.079f52p-7
-0x1.1d5676p-7
-0x1.0a726cp-9
0x1.63e8bap-2
0x1.00c294p-2
0x1.e7a9dap-5
0x1.695abap-2
0x1.41a4eep-3
-0x1.c274a2p-4
0x1.511c04p-4
0x1.f57492p-2
-0x1.449ea6p-3
0x1.b15d56p-6
-0x1.c171dap-5
0x1.8a5e76p-2
0x1.42f422p-3
-0x1.540932p-3
-0x1.d6521cp-2
-0x1.393114p-2
-0x1.9630eep-6
-0x1.a5bfb8p-7
0x1.236456p-2
0x1.0cbp-3
0x1.83e06ap-2
0x1.3b8abap-2
0x1.6e1bf6p-4
-0x1.38d6e6p-4
-0x1.117be6p-5
0x1.a42a68p-3
-0x1.e4001cp-3
0x1.14281cp-4
-0x1.e7fd5cp-3
-0x1.b25bp-3
0x1.be319ap-4
-0x1.9db46cp-3
0x1.2c18f8p-3
-0x1.151014p-2
0x1.19ff5ap-3
-0x1.d58156p-1
-0x1.b12718p-2
-0x1.1c9192p-12
0x1.4b6dd6p-2
0x1.5540b8p-1
-0x1.ebb2a2p-3
-0x1.bd6412p-2
-0x1.f16d4ep-3
0x1.d7d6fap-6
-0x1.806eb2p-4
0x1.c7a048p-6
-0x1.161242p-2
0x1.46c78cp-2
-0x1.0cad0cp-3
-0x1.612818p-3
0x1.8d1b64p-4
-0x1.ce7924p-5
0x1.792e98p-2
0x1.8ee62ep-7
0x1.e0a87p-3
0x1.8963e4p-4
-0x1.77c564p-2
-0x1.8373e8p-7
0x1.cc2f28p-4
-0x1.045082p-2
-0x1.862822p-3
0x1.0a843cp-2
-0x1.0ddcb8p-5
-0x1.4d59e2p-2
0x1.9e6f2p-1
0x1.4ad7eap-2
0x1.2ffcb4p-3
0x1.7a2eap-3
0x1.f6bc9cp-2
-0x1.153cbep-5
-0x1.90b256p-3
0x1.d490cap-3
-0x1.e513ecp-2
-0x1.f6541p-3
0x1.e0bdb6p-3
0x1.630616p-3
-0x1.88e38ap-4
0x1.a6e5b6p-2
-0x1.a6be36p-3
-0x1.ba70bp-6
-0x1.d83fp-3
0x1.0844bep-2
0x1.a00574p-2
0x1.4e794p-2
-0x1.d639e4p-3
0x1.1ba716p-2
-0x1.adb3eap-5
0x1.228828p-4
0x1.1252b4p-2
0x1.137992p-1
-0x1.600e0ap-2
-0x1.89c374p-3
-0x1.586de6p-1
0x1.bf259ap-2
-0x1.c34514p-3
-0x1.8d6004p-2
0x1.0a01ap-6
-0x1.a899bep-2
0x1.e7a842p-4
-0x1.93891cp-3
0x1.02ae72p-2
-0x1.187492p-4
-0x1.68d87p-3
-0x1.304ba6p-4
-0x1.2b53e8p-6
-0x1.a44f0ap-3
-0x1.60f086p-3
0x1.8e59f2p-3
-0x1.af87ccp-2
-0x1.bf6bd4p-2
-0x1.04465ap-2
-0x1.78bb9p-2
-0x1.1a712p-1
0x1.30bbdap-2
0x1.3579b8p-1
-0x1.8331f2p-2
0x1.a7591ap-3
0x1.3500dp-3
0x1.072a5p-1
-0x1.0cdfdap-3
-0x1.00e7f4p-1
-0x1.392d6p-6
0x1.8a359p-2
0x1.2d9b2cp-8
-0x1.2ba052p-3
-0x1.4941bcp-5
-0x1.32f47ep-2
-0x1.fc3404p-2
0x1.fb0264p-3
0x1.268a68p-4
-0x1.719a5ep-2
0x1.a21ddep-2
-0x1.382fe6p-2
-0x1.eb53f8p-4
-0x1.627332p-2
-0x1.36fe32p-3
-0x1.6bd8a8p-4
-0x1.fb61f6p-2
0x1.277ceap-7
0x1.168974p-3
0x1.174638p-3
-0x1.de5e66p-2
0x1.727a42p-3
0x1.9a556ep-2
-0x1.186f5ap-1
0x1.756ba4p-1
0x1.1b0abp-2
0x1.fe126p-3
0x1.f596a2p-1
0x1.0c3deep-2
0x1.70b276p-3
-0x1.da7b3p-3
-0x1.123266p-3
0x1.be071p-1
0x1.1c4dc6p-1
-0x1.49d48cp-1
0x1.501ccep-3
-0x1.74fc92p-2
0x1.5aec9ap-1
-0x1.100f86p-1
0x1.b77becp-3
-0x1.94cebcp-3
0x1.34ffaep-5
0x1.7b1a22p-5
-0x1.2f9ec4p-3
-0x1.603042p-4
0x1.b690fcp-6
-0x1.8d51f4p-1
-0x1.c8ca4ap-5
-0x1.00287ap-5
0x1.4d7092p-2
0x1.1e8de4p-1
-0x1.855b06p-5
0x1.93e8aep-3
-0x1.3235f2p-5
0x1.768c02p-3
0x1.03a852p-2
0x1.70fc0ep-2
0x1.5afd1ap-2
-0x1.6141b2p-2
0x1.595d74p-3
-0x1.5be662p-2
-0x1.4b04b4p-3
0x1.0a91dcp-4
0x1.f1e7p-4
0x1.8f19dp-4
-0x1.287972p-4
0x1.01265p-4
-0x1.7bfb5ap-2
-0x1.53e4e4p-6
-0x1.ade68cp-2
0x1.9716bp-3
0x1.dcc2ecp-6
-0x1.9b07eep-2
-0x1.6187dap-2
0x1.cd02eep-1
-0x1.db95e2p-2
-0x1.385912p-2
-0x1.6fefbcp-3
0x1.61fd3ep-2
-0x1.25810ep-2
-0x1.8f96c2p-2
-0x1.1ff3dcp-4
-0x1.b28614p-3
-0x1.b96508p-2
-0x1.b47ab8p-4
0x1.140066p-2
0x1.03454ap-1
0x1.bc33a6p-2
0x1.16aaacp-1
0x1.7c5bdep-2
-0x1.bd408ap-4
-0x1.8c7516p-3
0x1.fe4c56p-4
0x1.4bdc8ep-3
0x1.ef785cp-2
0x1.0ca954p-4
-0x1.8a682ep-4
-0x1.547446p-6
-0x1.9eca5ep-3
0x1.7be9dep-7
0x1.8e7edep-2
-0x1.ccc1fep-3
0x1.59b208p-3
0x1.3451bep-4
-0x1.d8e20ep-1
-0x1.c9ab2p-3
0x1.b5ef66p-6
0x1.bc65c4p-4
0x1.5c5484p-2
0x1.4add24p-3
-0x1.04c1b8p-1
-0x1.2ffd0cp-2
-0x1.057648p-3
0x1.f697f6p-3
0x1.80b82p-2
0x1.14e38ap-2
0x1.994ffcp-2
-0x1.995004p-2
