7
110
25
20
15
10
5
2
tanH
tanH
tanH
tanH
tanH
softmax
0x1.8565dcp-1
0x1.5c4e0ep-2
-0x1.35a464p-3
-0x1.77b888p-3
0x1.df39dep-3
-0x1.4c4328p-1
-0x1.1268eap-4
-0x1.a0d3eep-2
0x1.daedccp-3
0x1.a8eba4p-3
-0x1.24c6c8p-2
0x1.c964a2p-6
0x1.91285ep-3
0x1.a21052p-2
-0x1.52a1c6p-4
0x1.a5f58ap-3
0x1.64c28ep-3
-0x1.a401ap-3
-0x1.358fe6p-2
-0x1.1f9108p-2
-0x1.4bac62p-2
0x1.94f2f2p-5
0x1.b8864p-4
0x1.6d841p-2
0x1.7cba2ep-2
0x1.7ec9c4p-1
0x1.8946dp-2
-0x1.175564p-2
-0x1.3ae828p-2
0x1.9b2066p-2
-0x1.ab818p-2
-0x1.4b8244p-3
-0x1.6a0dfcp-2
0x1.1b61ap-2
0x1.8350fep-2
-0x1.8f0f6p-2
-0x1.890f2ap-6
0x1.b3588p-2
0x1.ded5f8p-3
-0x1.2969c6p-3
0x1.a3ab18p-2
0x1.27c1d8p-1
-0x1.00a108p-2
-0x1.6bb656p-2
-0x1.05a758p-1
-0x1.194f54p-2
0x1.cbec84p-5
0x1.baba36p-4
0x1.0f4b4ep-1
0x1.3a9882p-2
0x1.72a3e8p-2
-0x1.2f7648p-6
0x1.7afca4p-6
0x1.85a19ap-3
-0x1.312236p-4
-0x1.b19e34p-5
0x1.0a5928p-2
-0x1.8ccf08p-2
0x1.40be08p-3
0x1.323aeep-5
-0x1.2c3d1ap-4
0x1.4ae7bcp-4
-0x1.42c62cp-2
0x1.01cea4p-5
-0x1.71ecf8p-3
-0x1.89fa56p-2
0x1.7b4f7p-3
-0x1.f45fdp-2
0x1.87fe0ep-5
-0x1.50dc6ep-3
0x1.a98422p-4
-0x1.c2c41ap-3
-0x1.7354bp-6
-0x1.af800ep-4
-0x1.0752ep-3
0x1.db95bep-9
-0x1.ac3764p-2
0x1.cf8454p-1
0x1.82d5b8p-2
-0x1.1a2c74p-1
-0x1.17374ap-2
0x1.da4de8p-3
0x1.468d48p-1
-0x1.05c236p-1
-0x1.3bae28p-3
0x1.6280d2p-3
-0x1.9d63b8p-2
-0x1.5fa152p-4
0x1.06f176p-6
0x1.a9208ap-4
0x1.685906p-7
-0x1.51383p-4
0x1.14a692p-2
0x1.83c29cp-1
-0x1.80f1d6p-5
-0x1.4818a2p-2
-0x1.48b648p-2
-0x1.d96d7p-3
-0x1.c3d65ap-4
0x1.272c12p-3
0x1.99d4eap-2
0x1.3e8f32p-2
-0x1.2cd3c4p-6
-0x1.5ee21ep-2
0x1.657b5ep-2
-0x1.19b3f6p-2
-0x1.5a4ec6p-3
-0x1.98a2fp-2
0x1.f71478p-5
0x1.affdb4p-2
-0x1.e5e3fp-5
0x1.890606p-3
-0x1.8395aap-5
0x1.983928p-3
-0x1.9875cep-2
0x1.73544p-2
0x1.38c07cp-2
-0x1.3b4d68p-5
-0x1.7a2d1cp-2
-0x1.b8e414p-2
-0x1.4c71b8p-2
0x1.4f43bp-2
-0x1.6d0d1ap-3
0x1.d3e53cp-2
0x1.bba916p-5
0x1.42554ep-1
0x1.093fc8p-1
-0x1.a4283p-2
-0x1.2a78f2p-1
0x1.09ef8cp-1
-0x1.55737ep-2
-0x1.4a547ep-2
-0x1.5e96e2p-2
0x1.8e27cep-3
0x1.5a1546p-1
-0x1.becfa2p-5
0x1.197538p-2
0x1.31911p-4
0x1.48950cp-3
-0x1.ae6236p-2
0x1.031504p-1
0x1.bf9442p-2
-0x1.9a8936p-6
-0x1.330a54p-1
-0x1.110bc8p-2
-0x1.feb7c8p-2
0x1.51b0eap-2
-0x1.f86ec4p-4
0x1.e20892p-2
0x1.fc374cp-8
0x1.33a374p-9
0x1.640faep-4
-0x1.611198p-2
-0x1.7a1be8p-2
0x1.c63b36p-2
-0x1.422484p-4
-0x1.c39624p-3
-0x1.5efc98p-2
0x1.3a73bap-2
0x1.4c35dcp-4
-0x1.167f5cp-3
0x1.25d5f2p-2
0x1.b1480ep-7
0x1.0fc9e4p-4
0x1.d3c774p-5
0x1.bbabb2p-4
0x1.375a84p-4
0x1.cdc9dcp-6
-0x1.a7b8p-4
0x1.61a1a8p-6
0x1.0943cap-3
0x1.51826ep-2
0x1.25952p-2
-0x1.5a7e6cp-7
-0x1.e0d5dep-6
-0x1.f8c988p-4
-0x1.40158p-4
-0x1.8bd332p-4
0x1.592a5cp-3
0x1.b8bd5p-3
-0x1.94c78ap-4
-0x1.abdc02p-7
-0x1.daa996p-3
-0x1.06d2dp-2
-0x1.c2836cp-6
-0x1.1fa9d6p-2
-0x1.083daep-3
-0x1.114bdcp-4
0x1.de6258p-6
0x1.57349ep-2
-0x1.3dcfb2p-2
-0x1.c0c292p-5
0x1.f8a7aep-5
-0x1.3506e8p-2
0x1.5c2e32p-3
-0x1.1ce2e8p-4
-0x1.6a6a5ep-2
-0x1.462f0ap-5
0x1.8506cap-3
-0x1.4df2cep-3
-0x1.0a4748p-1
-0x1.0fc34p-1
0x1.2a82a2p-2
0x1.b9495p-2
-0x1.faccc4p-2
0x1.d3ce14p-2
0x1.72258ap-2
0x1.a3bb6cp-6
0x1.e84c9ap-4
-0x1.f91ab4p-5
0x1.c7261ap-2
-0x1.deb02ap-2
-0x1.08b47ep-1
-0x1.f4413p-5
0x1.88a28cp-3
-0x1.690fp-1
-0x1.30876p-2
-0x1.d69024p-2
0x1.54033p-2
0x1.faa26ap-3
0x1.0104ap-3
-0x1.7986bep-3
-0x1.8c644ep-3
-0x1.efe54p-2
-0x1.0ce3fcp-1
0x1.0ee988p-3
0x1.f80f58p-3
0x1.5545fep-4
-0x1.09104p-4
-0x1.cb11e8p-5
-0x1.36f66ep-9
0x1.1a5632p-4
-0x1.71ecbap-3
0x1.328d8ep-3
0x1.9ec6eap-2
0x1.5c8e06p-3
0x1.c8406ap-5
0x1.84fe8ep-2
-0x1.f60304p-5
-0x1.1b1158p-7
0x1.100a0ap-3
-0x1.85b888p-5
-0x1.d7d55ap-3
-0x1.d43a84p-5
-0x1.51983cp-3
-0x1.66e294p-3
0x1.7e26bp-3
0x1.5f3e54p-6
0x1.4b2b8ap-4
0x1.25992ap-1
0x1.3446c8p-5
0x1.becbbcp-4
-0x1.8db08ep-5
-0x1.421f2p-3
0x1.955adep-5
0x1.c0716ep-3
0x1.dcd3d2p-5
0x1.9aa716p-5
0x1.2414c8p-2
0x1.200ad2p-3
0x1.94a94ep-3
-0x1.021204p-5
0x1.64c62p-3
-0x1.470d7p-4
-0x1.2d829ep-4
-0x1.5c332ap-5
-0x1.1ac45p-6
-0x1.178d1ap-2
0x1.fb38a4p-5
0x1.9b3958p-5
-0x1.173a32p-4
0x1.e96e84p-7
-0x1.2950d8p-3
0x1.ba60b8p-3
0x1.238d88p-1
0x1.08fbc4p-2
0x1.278b22p-2
-0x1.bd1006p-3
0x1.4a6754p-7
0x1.6518e8p-2
-0x1.6f32ap-3
-0x1.2f65d6p-3
-0x1.6cc09cp-3
0x1.77047ap-3
0x1.effdb8p-3
-0x1.0214d4p-5
0x1.bd2842p-4
0x1.4518d8p-5
0x1.f1e51ep-3
-0x1.977aaap-3
0x1.713574p-3
0x1.872c22p-3
-0x1.493e9cp-3
-0x1.0f8134p-2
-0x1.2e228cp-1
-0x1.08ce5p-2
-0x1.c0c8f8p-4
0x1.2cd98cp-2
0x1.fc1cbcp-3
0x1.9c7b2cp-3
-0x1.28e09cp-2
0x1.63419ap-6
0x1.b7f126p-4
0x1.6d1a2p-4
-0x1.09226ep-3
-0x1.71b514p-3
0x1.a718ecp-4
-0x1.4bdb56p-4
0x1.0e38e8p-4
0x1.dc02b4p-3
0x1.4a9794p-5
0x1.41b644p-3
-0x1.2d08a4p-3
0x1.0be616p-3
0x1.6da0b8p-4
-0x1.eb259p-3
0x1.a93346p-3
-0x1.36730cp-3
0x1.cb2366p-3
-0x1.14ebdp-1
-0x1.2968d4p-5
-0x1.6d4c04p-6
0x1.edbep-8
-0x1.c20624p-4
0x1.998c1cp-6
-0x1.b1eac4p-2
-0x1.de0ca4p-5
0x1.7058fcp-4
-0x1.15ae62p-8
-0x1.d5b07ep-3
-0x1.2522c4p-3
0x1.527a26p-5
0x1.c15802p-7
-0x1.34efa2p-4
-0x1.56a8a2p-2
-0x1.07efd4p-3
-0x1.dd80f4p-2
-0x1.accb08p-5
0x1.6c8c7p-8
0x1.1822c6p-1
-0x1.270936p-2
-0x1.61dfbcp-2
-0x1.4420bep-3
0x1.26aad4p-3
0x1.e281e4p-2
0x1.0000dep-8
-0x1.d2bccap-4
-0x1.35da58p-5
-0x1.8588f2p-3
0x1.f738d2p-3
0x1.dcef28p-4
-0x1.a8361ap-2
-0x1.23f666p-4
0x1.93dc9ap-3
-0x1.9670acp-2
-0x1.65f2e2p-4
0x1.3045e8p-5
-0x1.46533ap-5
0x1.09f9eap-4
-0x1.2098bep-3
0x1.272172p-5
-0x1.48c75p-2
-0x1.5c051ap-3
0x1.3d5c8cp-2
0x1.d89168p-3
-0x1.715404p-2
-0x1.773c5ap-2
-0x1.12b05cp-2
0x1.06ef38p-2
-0x1.63d654p-7
-0x1.189954p-3
-0x1.033ff8p-3
-0x1.4c7182p-2
-0x1.404dc4p-3
0x1.2afda4p-2
0x1.ab7ac2p-3
0x1.f627dp-3
-0x1.069e82p-2
-0x1.0a8f6ep-2
0x1.5ef8b4p-2
0x1.e16c92p-6
-0x1.48809cp-3
-0x1.4a4366p-3
0x1.2a3776p-2
0x1.083634p-2
-0x1.2ce412p-2
0x1.025008p-2
0x1.8349ccp-4
-0x1.43763ap-3
0x1.fca7dep-4
0x1.5be6f8p-4
0x1.b4e476p-4
0x1.418ddep-6
-0x1.a0e9b8p-3
-0x1.f3386ep-5
0x1.a4ce9ap-2
0x1.877a38p-2
0x1.6f34e6p-2
-0x1.522324p-3
-0x1.c8d1e2p-6
0x1.0a9fa6p-4
0x1.a1728p-3
-0x1.c9e734p-3
-0x1.7c70dap-2
0x1.a3e45p-2
0x1.33fa2cp-3
-0x1.a3b428p-15
-0x1.d2fa3p-6
0x1.182a9ap-2
0x1.872006p-3
-0x1.a331aap-3
0x1.c75444p-3
0x1.13f782p-3
-0x1.1b41b2p-2
0x1.5da966p-3
0x1.1ad226p-5
-0x1.1afe4p-10
0x1.27008cp-5
0x1.05fa04p-5
0x1.029808p-4
0x1.67a398p-2
0x1.d11898p-4
0x1.3fe6bcp-3
0x1.f81fcep-5
0x1.7187dap-7
-0x1.b52862p-4
0x1.9629a8p-4
-0x1.bc67aap-2
-0x1.1d638cp-6
0x1.447f3cp-2
0x1.1178bp-2
0x1.b5cd14p-4
-0x1.4bbbb6p-3
0x1.1516ccp-2
0x1.e7101cp-3
-0x1.a28f26p-5
0x1.3c7846p-1
-0x1.7c1232p-6
-0x1.27b6d4p-2
-0x1.95048ap-3
-0x1.c6c8fep-4
-0x1.349456p-3
-0x1.1b3fd6p-3
0x1.1e38f6p-2
0x1.25eb4p-5
0x1.f7cbc4p-3
0x1.1517b6p-3
0x1.8dc78cp-2
-0x1.4f4adep-2
0x1.51d3c4p-4
0x1.036578p-4
0x1.6766c6p-4
-0x1.75462ap-2
-0x1.27af72p-2
0x1.ffcf14p-2
0x1.218c72p-2
0x1.bb5b78p-4
-0x1.1bb494p-3
0x1.332176p-1
0x1.061278p-1
-0x1.5afbb4p-3
0x1.e3fa0ap-2
-0x1.619786p-4
-0x1.676c6cp-2
-0x1.3e532cp-3
-0x1.597506p-6
-0x1.67a0e8p-4
-0x1.51368cp-4
0x1.dac044p-5
-0x1.bb85bp-4
0x1.c780f2p-5
0x1.acb8b6p-5
0x1.2a4d48p-2
-0x1.09954cp-3
0x1.91b77ep-7
0x1.7d52e6p-6
0x1.126268p-3
-0x1.8167eap-2
-0x1.114f34p-3
0x1.24e4fp-2
0x1.b390a8p-2
-0x1.1b1b84p-7
-0x1.5e4058p-2
0x1.0c672cp-2
0x1.369ad8p-2
-0x1.8a1a0cp-4
0x1.e0f21cp-2
0x1.39ecdep-5
-0x1.dab27p-2
0x1.02ff46p-4
0x1.1268d4p-5
-0x1.dbaad2p-3
-0x1.7aabb2p-4
-0x1.a07e94p-3
-0x1.e178a2p-4
0x1.3ae5p-3
0x1.f8d9aep-4
0x1.48a57ep-1
-0x1.e13734p-3
0x1.471d7ep-4
0x1.e029b2p-5
-0x1.29a5b6p-3
0x1.0806d2p-2
0x1.266462p-2
-0x1.99e93cp-4
-0x1.9d53a4p-3
0x1.29cbacp-3
-0x1.df0d3ap-5
-0x1.717498p-6
-0x1.1909c2p-6
-0x1.52e7d4p-3
-0x1.23fbb2p-2
-0x1.3ae6bp-5
0x1.1b54e6p-3
-0x1.cc8acep-9
-0x1.0f6d22p-3
0x1.00dd3p-3
0x1.a246d6p-3
0x1.a95db6p-4
-0x1.4c19ccp-4
-0x1.cf3cc4p-2
-0x1.72e1aep-2
-0x1.15ade2p-3
0x1.bb028ep-4
-0x1.a39a38p-3
-0x1.0fca2cp-3
0x1.5f20d4p-4
0x1.afdf82p-9
0x1.adeaa8p-4
0x1.7fa8c8p-4
0x1.5acc36p-12
-0x1.da4b9p-4
-0x1.faefe8p-5
-0x1.6ea01p-4
0x1.ddcd94p-8
0x1.775cb2p-5
0x1.5dfbep-3
0x1.ecb47ep-5
0x1.b41cd8p-5
0x1.3dbfc4p-7
0x1.2d8564p-2
-0x1.29ba6p-6
-0x1.2ae1dp-6
-0x1.fba8cp-3
-0x1.0697fap-4
-0x1.58ab22p-6
-0x1.5a43dap-3
0x1.dfcb28p-5
0x1.9836dcp-3
0x1.f6a35p-6
0x1.6a0f3p-4
0x1.069032p-2
0x1.d2b57cp-3
0x1.ab338ap-6
-0x1.56d394p-4
-0x1.ccd844p-4
-0x1.ae4b86p-3
0x1.37d158p-5
-0x1.ccd99cp-3
0x1.c27c34p-4
0x1.6b590cp-4
-0x1.7e3d34p-3
0x1.ce383p-2
0x1.e9520ap-3
0x1.4767a4p-7
0x1.9e6a6p-5
0x1.0b13bcp-4
-0x1.0ea7cep-3
0x1.4998a8p-3
-0x1.4b3d88p-3
-0x1.fbda9cp-3
0x1.6d259ap-4
0x1.8e6cd4p-5
0x1.1cf324p-2
0x1.a89804p-2
-0x1.ae4deep-2
0x1.a1fd0cp-3
-0x1.ab6f24p-3
-0x1.07ab22p-2
0x1.163c6ep-4
0x1.477f2p-3
-0x1.754afap-3
-0x1.11bedp-1
0x1.335eeap-2
-0x1.a2f39p-2
-0x1.29e972p-1
0x1.276c7ep-4
-0x1.88c18ep-3
0x1.675ff2p-3
0x1.3ea51cp-1
-0x1.655f22p-3
-0x1.e088b2p-2
0x1.6e8644p-2
-0x1.c0b364p-4
0x1.37cd5cp-2
-0x1.85380ap-3
0x1.3f2f2ap-3
0x1.fd6dbep-5
-0x1.05ca4ap-3
0x1.5e6ffap-2
0x1.4c6ecp-2
-0x1.3ae232p-3
0x1.32e9d6p-1
0x1.ceae5ep-2
-0x1.771f46p-2
-0x1.563388p-2
-0x1.754e48p-3
0x1.2bebf6p-1
-0x1.a5d86p-2
-0x1.2f3cfcp-3
0x1.efa7bcp-2
-0x1.2fc4d4p-2
0x1.39acdep-1
-0x1.c12a8ep-8
-0x1.4ecc3ep-2
0x1.595b54p-2
-0x1.91cf44p-8
0x1.6046b4p-13
-0x1.5107eap-4
-0x1.e97c08p-3
-0x1.93119p-3
0x1.018712p-4
-0x1.1f615p-1
0x1.eb45dp-3
-0x1.adba72p-3
-0x1.9b1a7ep-4
0x1.4564b4p-2
-0x1.e3aeb8p-3
-0x1.2b4678p-3
-0x1.888fdap-4
0x1.7e8416p-4
-0x1.9e4f02p-3
0x1.3f7b78p-4
-0x1.7b6f36p-3
-0x1.67cea6p-2
-0x1.262244p-3
-0x1.d26406p-4
0x1.e7a3eap-3
-0x1.2074bap-3
0x1.647582p-4
0x1.3f888ep-8
0x1.15b6f8p-8
0x1.016d3cp-2
0x1.02c6ap-4
0x1.0ac526p-2
-0x1.c2032ep-4
0x1.f74c4ap-3
0x1.2ab052p-5
-0x1.e59a1p-4
0x1.045b52p-3
0x1.f54b8ap-3
-0x1.aadbf6p-8
-0x1.dc5462p-5
-0x1.e9a748p-4
0x1.7c43c2p-4
-0x1.081ec6p-3
-0x1.194b8ep-3
-0x1.b0a96ap-5
0x1.650f26p-3
-0x1.c2a9c6p-4
-0x1.14e2f8p-3
0x1.852e0ep-4
0x1.08a804p-1
0x1.8cddecp-3
-0x1.542d24p-5
0x1.ec91e2p-3
0x1.614692p-5
-0x1.c66c14p-6
-0x1.895f5cp-3
-0x1.e41fp-4
-0x1.ca1056p-7
0x1.1dfa38p-8
0x1.978b46p-3
-0x1.4e468ep-5
0x1.bcf0ecp-5
-0x1.319dp-5
-0x1.73a6bp-7
0x1.25d432p-3
-0x1.33b4eep-7
-0x1.d66fap-5
0x1.02bc38p-3
-0x1.e0b21ep-6
-0x1.6764eep-3
0x1.54560ap-6
-0x1.35729p-5
0x1.b23f88p-9
0x1.35ba6p-5
0x1.2b2666p-3
-0x1.07387ep-6
-0x1.12a758p-6
-0x1.cf3f9p-4
-0x1.173ecap-7
0x1.fea7c2p-4
0x1.e5c3c8p-9
-0x1.5c1cap-7
0x1.4b0548p-4
-0x1.01c0dep-3
-0x1.efd27cp-3
0x1.229ca6p-3
0x1.646b04p-2
0x1.cce92ap-5
0x1.233a9p-3
0x1.59017p-3
0x1.df9768p-4
0x1.a15254p-7
-0x1.6440b4p-4
-0x1.20003p-3
-0x1.47cb2cp-2
-0x1.769226p-6
0x1.62ed18p-5
-0x1.ea92acp-5
0x1.715264p-3
-0x1.a80fc4p-3
0x1.446cb4p-2
-0x1.8ee682p-4
-0x1.3e9392p-4
0x1.75a496p-3
-0x1.0e2cd4p-3
-0x1.10bc22p-3
-0x1.e4e7cp-5
-0x1.8a83f8p-2
0x1.238b5ep-2
0x1.f8381ap-4
0x1.7be1a6p-4
-0x1.9b6a88p-3
0x1.388e9p-3
0x1.e1e00ap-4
-0x1.1b6042p-3
0x1.b4749ap-4
0x1.85dbc6p-3
0x1.554608p-10
0x1.ec6e1ep-4
-0x1.1f64aep-5
0x1.36ba5cp-4
0x1.0a665cp-5
0x1.db554p-4
0x1.fe1016p-3
0x1.510beap-3
-0x1.5c17e4p-2
-0x1.51b3f4p-3
-0x1.d6f7b4p-3
0x1.c655dp-8
-0x1.1689a2p-3
-0x1.c730dep-5
-0x1.9936f4p-4
-0x1.814502p-7
-0x1.eb96cp-4
0x1.f9edd2p-6
0x1.847a9ap-3
0x1.00c396p-3
0x1.c7da12p-6
0x1.d4f3ecp-3
0x1.7f97a4p-4
0x1.64ccc6p-4
-0x1.89d32ap-7
0x1.02ddd8p-3
-0x1.4a767p-2
0x1.2695acp-3
0x1.325a64p-4
0x1.28276ep-7
-0x1.6d09ep-3
-0x1.05a88p-3
0x1.0ed8d4p-2
-0x1.c7ce42p-4
0x1.10041p-7
-0x1.7e4744p-4
-0x1.2dc1d2p-3
-0x1.0905a8p-4
0x1.277a18p-3
-0x1.516d3ep-6
0x1.4db594p-3
-0x1.8f4518p-4
0x1.736c44p-3
-0x1.ce783cp-4
0x1.bbe89ep-5
-0x1.53726ep-6
-0x1.7b9412p-4
-0x1.7f0c16p-4
0x1.1a8b94p-5
-0x1.bf7b74p-3
-0x1.d98e54p-4
-0x1.34c296p-2
0x1.349176p-2
-0x1.3ad81ep-6
-0x1.cf828p-2
0x1.1fc9b6p-4
-0x1.20ddd2p-3
0x1.494812p-2
0x1.7eed6p-2
0x1.05aa82p-2
0x1.7acdf4p-4
-0x1.e1fa52p-3
0x1.c4dc8ap-2
0x1.04179cp-2
0x1.ab65f2p-2
-0x1.b54cdep-4
-0x1.c82cd8p-3
-0x1.48573cp-4
-0x1.9a8066p-3
-0x1.804a28p-4
-0x1.6c2ad2p-3
0x1.3180f2p-3
0x1.16efccp-2
-0x1.fc945ep-4
-0x1.53146ap-4
0x1.d4d242p-5
-0x1.f4e672p-6
-0x1.b291bcp-5
-0x1.26befp-5
-0x1.830174p-3
-0x1.344606p-4
-0x1.8b1eeep-3
0x1.8feb68p-3
0x1.5e8972p-2
0x1.0616ap-3
0x1.00fc8ap-2
-0x1.36edeap-5
0x1.7febbcp-3
0x1.3751dep-6
-0x1.dd9e94p-8
-0x1.6c466ap-3
-0x1.10b154p-5
-0x1.72fc2cp-5
0x1.051e58p-5
0x1.e04c8ep-5
-0x1.b9443cp-3
0x1.677894p-4
0x1.886f9p-3
-0x1.11d8fap-6
-0x1.c1f238p-4
-0x1.96e5bcp-2
-0x1.0afea6p-2
0x1.61021ep-3
-0x1.c4aa36p-2
-0x1.65167ap-2
0x1.479a2cp-7
-0x1.21638p-3
-0x1.ba8512p-3
0x1.2209cp-4
0x1.dad3f6p-2
0x1.c713bp-3
0x1.09a49ap-3
0x1.851ea8p-2
0x1.00e05ap-3
0x1.e7a6f6p-3
-0x1.026deep-3
-0x1.de11aep-4
0x1.4a33f2p-3
-0x1.682688p-6
0x1.5f621p-2
-0x1.5805b8p-4
0x1.5ecdc6p-3
-0x1.81d60ap-4
-0x1.554a52p-4
-0x1.49633ep-3
0x1.2dd7cp-4
-0x1.b82ec2p-3
0x1.714abep-4
0x1.a2c13ap-3
-0x1.ee4b2cp-3
-0x1.1f812cp-2
-0x1.7420a6p-2
0x1.53b0c4p-5
0x1.56af4cp-3
0x1.0efdacp-2
0x1.68063ep-2
0x1.3796e8p-4
0x1.1502p-3
-0x1.2c8886p-5
0x1.fbd82ep-4
-0x1.8267ap-4
0x1.f48b7cp-3
0x1.3ca97p-3
0x1.dfc60cp-3
0x1.c6128ap-3
0x1.3796fcp-4
0x1.626d24p-7
-0x1.433f34p-4
-0x1.7e75b4p-4
0x1.833394p-7
-0x1.286b1p-2
-0x1.600d9p-4
-0x1.2c8ff2p-2
0x1.1c5cf2p-3
-0x1.f7530cp-5
-0x1.381f56p-4
0x1.f1e644p-4
-0x1.2612acp-3
-0x1.697eccp-5
-0x1.7b231cp-3
0x1.ff179p-5
0x1.6dfd7cp-3
0x1.821c76p-3
-0x1.7ef2bap-2
-0x1.163f2p-2
0x1.2945b4p-4
0x1.720ecap-4
0x1.6a18a6p-2
0x1.b76e92p-4
-0x1.35cc64p-7
0x1.c92ca8p-4
-0x1.0d2ffcp-4
0x1.ef6aep-4
0x1.658912p-2
-0x1.e739acp-3
-0x1.10aadap-3
-0x1.458f88p-3
-0x1.fa56p-5
-0x1.ba1154p-3
-0x1.9bed34p-3
-0x1.b5e9cap-4
-0x1.2ac3b4p-3
0x1.576d2cp-2
0x1.642f0cp-2
0x1.85134p-2
0x1.1e0358p-4
-0x1.7616ecp-3
0x1.c666f8p-3
0x1.488368p-3
0x1.df4946p-4
-0x1.13acp-2
-0x1.32494cp-3
-0x1.cc4aeap-3
0x1.7291cp-4
0x1.218e4cp-3
-0x1.512bf8p-3
0x1.8ddca2p-3
-0x1.f36368p-7
-0x1.3f2656p-5
0x1.23735p-5
-0x1.b62ab2p-5
0x1.c0da82p-3
0x1.f83f5p-4
0x1.b09cacp-4
-0x1.0fd5c4p-2
-0x1.209f08p-2
0x1.a08d36p-4
0x1.bcebb4p-3
-0x1.e71492p-4
-0x1.f9c124p-6
-0x1.ef3298p-5
-0x1.8c1cf8p-5
0x1.ba9f44p-6
0x1.f4849ap-4
0x1.cp-4
-0x1.1192ep-2
0x1.36fe8p-3
-0x1.12c936p-2
-0x1.74bf4ep-3
-0x1.02b3e4p-4
-0x1.0fe9ep-4
0x1.36a282p-2
-0x1.41198cp-3
-0x1.e2c444p-4
0x1.60d3a6p-5
0x1.51778p-4
-0x1.245e18p-3
0x1.13a70ep-4
0x1.ff4428p-5
-0x1.314e3cp-4
-0x1.257222p-6
-0x1.413dd2p-3
-0x1.0294d4p-5
-0x1.f9891p-4
0x1.2e364cp-4
0x1.7991dcp-4
0x1.6d029ep-11
0x1.3cbe8ep-2
0x1.4ad0bcp-4
-0x1.422b28p-4
-0x1.98b0e2p-5
-0x1.238d7ap-5
-0x1.4dc546p-2
0x1.10637ep-3
0x1.f20102p-3
0x1.42705ep-6
0x1.6badbcp-2
-0x1.8f7f8ep-5
-0x1.cb3968p-4
0x1.bf140ep-8
-0x1.555b44p-6
0x1.410082p-2
-0x1.22fbbp-3
0x1.b104c4p-3
-0x1.0c1f74p-5
-0x1.2117a4p-2
0x1.5be12ap-6
0x1.6a8ff4p-3
-0x1.db991ap-3
-0x1.cd69aap-4
0x1.f2b974p-4
0x1.28c7d8p-3
0x1.0f0becp-3
-0x1.4da3fcp-5
-0x1.69acd2p-6
0x1.5704cep-3
0x1.b7b6b4p-3
-0x1.572d84p-2
-0x1.d6eb2ep-4
0x1.159378p-2
-0x1.3675f6p-10
0x1.340032p-4
-0x1.b6716ep-3
-0x1.1a57bap-4
0x1.ed438ap-6
-0x1.2856fcp-4
-0x1.155f06p-1
0x1.1c03a4p-4
-0x1.795edap-3
-0x1.28ef54p-4
0x1.bf5db2p-5
-0x1.d3c7dcp-3
-0x1.3b04f8p-2
0x1.5df7cep-4
0x1.21b65cp-5
0x1.c73e48p-3
-0x1.f2d65ep-3
0x1.fcab9ep-2
0x1.36fb18p-4
0x1.098816p-3
-0x1.243744p-2
0x1.26069cp-5
0x1.96da78p-4
0x1.e661bp-2
-0x1.ca437ep-8
0x1.3e3p-2
0x1.050f86p-3
0x1.45de06p-3
-0x1.16df2p-3
0x1.4f4ceap-5
-0x1.241fcp-7
-0x1.18b29ap-3
0x1.5b533ep-5
-0x1.2f7eaap-3
0x1.79e5a8p-2
0x1.00323cp-1
-0x1.195182p-3
0x1.0b0faep-3
-0x1.18e9c2p-2
-0x1.62e306p-6
-0x1.79f9f6p-5
0x1.6464e6p-2
-0x1.7f6476p-5
-0x1.0be16ep-2
-0x1.60fe3ap-5
0x1.64c25cp-4
-0x1.95c7fap-5
0x1.4c671ep-4
-0x1.bd9112p-4
0x1.6b6542p-4
-0x1.458186p-4
-0x1.654a0ap-3
0x1.e8fd6ap-4
0x1.7c171cp-3
-0x1.1eae48p-2
0x1.45dc8ep-3
0x1.115b1p-2
0x1.2c072ap-2
-0x1.6a491cp-5
-0x1.779beep-3
-0x1.283064p-8
-0x1.410b2ap-2
-0x1.54a68ap-3
-0x1.1bb5e8p-5
-0x1.2d1de2p-7
-0x1.5b55eep-3
-0x1.9e4dd2p-3
-0x1.0943ap-3
0x1.3ff1cap-2
0x1.59dcbap-2
0x1.36e23ep-4
0x1.d4a7bp-3
-0x1.a4864ep-3
-0x1.421f6cp-11
-0x1.032ed2p-4
-0x1.77ff7p-2
-0x1.dbbe08p-4
0x1.6c5c54p-2
0x1.e3ef74p-4
-0x1.dcd9bap-2
-0x1.f3e124p-3
-0x1.a1cddap-3
0x1.4db30cp-4
-0x1.180b7cp-4
-0x1.27f456p-2
0x1.4c47a6p-4
-0x1.7413c6p-2
-0x1.473cd4p-3
0x1.5c049cp-3
0x1.1fea9p-2
-0x1.400e88p-3
-0x1.31171p-2
-0x1.580614p-4
0x1.5cdd38p-2
0x1.e20c26p-2
0x1.eea082p-5
0x1.b83d96p-5
-0x1.a3c292p-4
-0x1.5e0398p-3
-0x1.119b72p-2
-0x1.403a4ap-5
0x1.504eeep-4
-0x1.c5f0cp-4
0x1.751e04p-3
-0x1.51389ap-6
-0x1.c29e9p-6
-0x1.3a97bap-4
-0x1.2dbc4ap-4
0x1.9706b4p-3
0x1.04efaap-7
-0x1.007f4p-3
-0x1.f8596cp-6
0x1.50d782p-2
-0x1.0290b2p-2
0x1.de79ap-6
-0x1.228948p-4
-0x1.4d62b2p-3
0x1.daa9dap-3
-0x1.ab8e98p-5
0x1.886212p-4
0x1.0287a6p-4
0x1.6ea5a8p-4
-0x1.02ed6ap-2
0x1.0c8c9ep-3
0x1.07b5p-3
-0x1.fd8f5p-5
0x1.6f7e9cp-3
-0x1.59f2cp-7
0x1.7e775p-3
0x1.0b2ea2p-4
-0x1.466a28p-6
-0x1.9babd6p-3
-0x1.f6f942p-3
0x1.0633e2p-2
0x1.7db59p-5
-0x1.037c44p-3
-0x1.a78ac6p-4
0x1.b4f62p-3
-0x1.5f120ap-3
-0x1.d74a6cp-3
-0x1.a0865ep-5
-0x1.c41742p-3
0x1.d2a632p-4
0x1.16b03ep-2
-0x1.9fd326p-5
-0x1.11f264p-2
-0x1.2bcabcp-2
-0x1.9ece28p-4
0x1.432e24p-7
0x1.ba326p-4
0x1.811deep-4
0x1.e8ba88p-5
-0x1.6fe568p-3
0x1.2a1f4ep-7
0x1.fce28ap-5
0x1.b4356p-4
-0x1.b02a78p-5
0x1.3215f4p-9
0x1.8d4e4p-3
-0x1.f1f3a6p-6
-0x1.95ada6p-3
-0x1.ab1944p-4
0x1.a85c8p-4
-0x1.2a5318p-3
-0x1.f607ep-4
-0x1.106a52p-5
-0x1.2a428ap-3
0x1.11ca8ap-5
0x1.f81ef6p-6
-0x1.011dp-4
-0x1.161bf4p-4
-0x1.0bb7c2p-5
0x1.40a076p-2
0x1.438c4ep-4
0x1.00ccc6p-3
0x1.428876p-3
0x1.c94688p-3
-0x1.34ccb8p-3
-0x1.0cc788p-3
0x1.50c286p-5
0x1.21d3fcp-3
-0x1.b0e47p-4
-0x1.697fa4p-3
-0x1.49dcdcp-5
0x1.d98cf2p-4
-0x1.bb8eaep-3
0x1.0a699p-2
0x1.9b7f8cp-5
0x1.476be8p-5
0x1.07227cp-2
0x1.bbe69ep-8
0x1.973a26p-6
0x1.b7d4a4p-5
0x1.0f814ep-3
-0x1.5f8b04p-4
-0x1.16cc2cp-2
0x1.343c3cp-4
-0x1.0cffb2p-6
0x1.0f677p-2
0x1.aa5874p-3
0x1.0951f6p-3
0x1.4b25f8p-2
-0x1.8f2a88p-3
-0x1.315fep-2
0x1.04f226p-2
-0x1.7649aap-3
-0x1.a19f9ep-2
-0x1.3f4f78p-3
-0x1.cca9c6p-4
-0x1.be4a1p-2
-0x1.0f514cp-2
0x1.10efbp-2
0x1.47fefcp-2
0x1.b62a0ap-2
0x1.fa2cbp-4
0x1.c4c978p-2
-0x1.2bb0a8p-5
0x1.0e1622p-2
-0x1.04bbfp-3
-0x1.08e942p-4
-0x1.be19cap-4
-0x1.eef8c8p-5
0x1.3b01b2p-4
0x1.e616c6p-5
0x1.7d90d8p-3
-0x1.1b3e7ap-4
-0x1.37e2eep-6
0x1.a0bedep-4
-0x1.46fcb8p-6
-0x1.ad3842p-5
-0x1.b31c48p-2
0x1.11cc36p-5
0x1.2bfb52p-4
-0x1.08aaf2p-4
-0x1.4b5d0ep-5
0x1.2f5744p-3
0x1.4da062p-4
0x1.5ec1a8p-4
-0x1.d3cf26p-4
0x1.c4cbd8p-5
0x1.69b52ap-4
-0x1.7a72f8p-6
-0x1.2edeeep-4
0x1.652e7cp-6
0x1.8b442cp-3
-0x1.079c1p-5
0x1.ae9ec8p-7
-0x1.5853eep-3
-0x1.549726p-4
-0x1.abdc3ep-3
-0x1.778164p-3
0x1.af7cdep-3
-0x1.480004p-3
-0x1.d4b2dcp-4
-0x1.90ffc6p-4
-0x1.e036ep-7
0x1.30d04ap-5
-0x1.2876cp-4
-0x1.6f9fbp-4
-0x1.1535d6p-2
-0x1.d9207cp-6
-0x1.02a9d8p-8
-0x1.2756c4p-3
-0x1.dcf784p-5
0x1.079836p-2
0x1.f387a2p-5
0x1.0a6f2cp-3
-0x1.1a454ep-6
-0x1.72cb5ap-3
0x1.58bfe4p-3
-0x1.e7cbdp-5
0x1.8f00eep-5
0x1.cb1d84p-4
-0x1.8df836p-5
0x1.13ea14p-3
0x1.0d541p-4
-0x1.a5365ep-3
-0x1.5cb5e8p-5
-0x1.433c54p-2
0x1.201c58p-5
-0x1.15fb2ep-3
-0x1.d7ea32p-3
-0x1.9f13bap-4
-0x1.04689ap-5
-0x1.b5d744p-4
-0x1.d68c1ap-3
0x1.5417aep-4
0x1.a7b196p-4
0x1.b75a64p-3
-0x1.02e8fap-3
0x1.9f9bep-9
0x1.13becap-6
-0x1.01e84ap-4
-0x1.762506p-5
0x1.b8f32cp-5
0x1.26d7fep-4
0x1.8be298p-3
0x1.2dc05cp-3
-0x1.245f7ap-5
0x1.a912dep-8
-0x1.692e3ep-4
-0x1.d7f006p-5
0x1.c74508p-4
0x1.af09c2p-4
0x1.68c67p-3
0x1.7df5dp-3
0x1.036162p-7
-0x1.6b5d76p-4
0x1.ad9816p-4
-0x1.382b64p-6
-0x1.f59cecp-4
0x1.1196acp-3
0x1.ac8ea2p-3
-0x1.1a4a4ep-5
0x1.728458p-6
0x1.5296p-5
0x1.1c3098p-3
-0x1.33e3c8p-3
-0x1.2ab62ep-8
-0x1.364ab6p-3
-0x1.57cf7ap-5
0x1.b2eff4p-5
-0x1.15688p-4
-0x1.141a4ep-6
0x1.0d2514p-3
0x1.21ae88p-4
0x1.1f114ap-6
-0x1.c1f002p-4
0x1.92b0aep-3
0x1.05d1a4p-4
-0x1.96cc02p-8
0x1.e62ae8p-4
-0x1.2b0cf2p-4
0x1.9940b2p-5
0x1.943ab4p-4
-0x1.22914ap-4
0x1.93a896p-6
0x1.602b48p-4
-0x1.0ccddp-3
-0x1.5a212ap-4
0x1.e8ac4cp-4
0x1.d77cb8p-4
-0x1.40e53ep-2
0x1.b5f2fep-5
0x1.eddaccp-5
0x1.6fdea2p-3
-0x1.0b3484p-3
0x1.74832ap-4
0x1.00444ep-6
-0x1.45fa22p-5
0x1.3fed72p-8
0x1.a3fe6p-3
0x1.9db91ap-6
0x1.ae243ap-4
0x1.dedd28p-4
-0x1.5af0dep-13
-0x1.238ee8p-3
-0x1.fed306p-4
0x1.42307ap-3
0x1.2d9a1p-3
-0x1.6ac41cp-4
-0x1.180aa4p-4
0x1.a08b98p-8
0x1.bd7248p-3
-0x1.4a8bb8p-3
0x1.18d55ep-6
0x1.2d2c9p-6
-0x1.dbdf8cp-2
-0x1.80f2ecp-4
-0x1.d878cep-4
0x1.481ef4p-6
0x1.b7c594p-4
-0x1.610b6cp-3
-0x1.1b4b3ap-3
0x1.6dadc6p-3
0x1.30f288p-3
0x1.74f7f4p-5
0x1.b131b6p-5
-0x1.83a074p-8
0x1.8e1368p-4
0x1.090902p-4
0x1.91bf08p-6
0x1.6da1eep-5
0x1.606c3ep-3
-0x1.5b205ap-3
0x1.80df3ap-3
0x1.9eb7dp-3
-0x1.601d5p-2
-0x1.2f144p-3
-0x1.3a4994p-6
0x1.352dacp-4
0x1.d865cep-3
0x1.b2b3c6p-4
0x1.138decp-5
-0x1.0004eap-3
-0x1.f6a64cp-9
-0x1.d21baep-4
0x1.d42dfep-7
0x1.c2eaf4p-7
0x1.5c29c6p-10
-0x1.aae454p-3
0x1.121036p-5
-0x1.58638ep-3
0x1.18532ep-6
0x1.56b7e4p-4
0x1.1af494p-4
0x1.147fcp-3
-0x1.bbd0f2p-4
-0x1.be517ep-4
-0x1.9c8cc4p-3
0x1.96be5ep-4
0x1.cdec48p-3
-0x1.0ea22cp-3
-0x1.60cef6p-3
-0x1.85cf6p-6
-0x1.28a8b6p-4
-0x1.e39e5p-5
0x1.55fdc2p-2
0x1.58bf04p-4
0x1.544512p-4
0x1.6cbb9p-4
-0x1.74dfe4p-4
-0x1.38342cp-3
0x1.3f18b8p-6
0x1.5a5ad4p-5
-0x1.7d298ap-4
-0x1.63fb3cp-9
0x1.22f5aap-3
-0x1.63cfc4p-6
0x1.7d5feap-6
-0x1.bb9248p-7
0x1.7be4a8p-3
0x1.47b6dp-6
0x1.ff6a88p-4
0x1.dc2724p-5
0x1.d72b8p-3
0x1.17524ep-6
-0x1.f19446p-5
-0x1.fcee96p-4
0x1.7816f6p-4
-0x1.117af4p-6
0x1.459bc4p-3
-0x1.1a12ecp-5
-0x1.38377ap-4
-0x1.10a6c4p-3
0x1.f8785ep-6
-0x1.cbd2b6p-4
0x1.112d9ap-7
0x1.c20a24p-4
0x1.0969a6p-4
-0x1.b0c4fap-4
0x1.cca912p-8
-0x1.1bb916p-2
-0x1.da824p-4
-0x1.6bcfc8p-6
0x1.47464ap-4
-0x1.2efa52p-2
-0x1.60a056p-4
-0x1.6526bap-4
-0x1.68cb4ap-5
0x1.6f1394p-2
-0x1.28db2cp-4
0x1.429c16p-3
-0x1.afaca8p-6
-0x1.8ec6ccp-5
-0x1.419528p-5
-0x1.707c56p-8
-0x1.5f30d6p-3
-0x1.83b75p-4
-0x1.fbc568p-4
0x1.fe8882p-5
-0x1.44e8f2p-2
-0x1.5974d6p-4
0x1.02274ap-3
0x1.bd1298p-3
0x1.fb80a2p-5
0x1.102da6p-3
0x1.9f178ep-6
-0x1.6151f8p-4
0x1.6a01e8p-4
0x1.38d23p-3
-0x1.66e9d6p-4
-0x1.7b1bc2p-4
0x1.d1f638p-4
-0x1.a0ee5ap-5
0x1.7c708cp-2
-0x1.ee569ep-9
-0x1.9bda14p-4
-0x1.01f3fap-3
0x1.442d66p-4
-0x1.bc1234p-6
0x1.26a092p-6
-0x1.203d7cp-5
-0x1.d824c4p-4
-0x1.181c98p-4
-0x1.e7cbe8p-6
-0x1.788b16p-2
-0x1.adacc4p-3
-0x1.b41c9ap-3
0x1.d1eb76p-8
-0x1.010bfap-4
0x1.ef0934p-6
-0x1.d4cd2ep-6
0x1.1963dep-3
-0x1.6fc082p-4
0x1.072f5ep-2
-0x1.4a9a7ap-4
0x1.ee2a5p-8
-0x1.27b252p-5
0x1.1a4c82p-4
0x1.4ef39cp-2
0x1.7353e4p-5
0x1.06c4fep-5
-0x1.e24e82p-4
-0x1.57162ep-3
0x1.2c8c44p-4
-0x1.4c2504p-6
-0x1.b2d894p-3
-0x1.8a1886p-4
-0x1.693282p-6
-0x1.490db2p-6
-0x1.2d49ap-3
-0x1.9f6dep-6
0x1.d01c3cp-4
-0x1.31cb0cp-4
-0x1.7e520ap-3
0x1.322f8ep-4
0x1.f45552p-6
-0x1.4d4ddp-6
-0x1.7c831p-7
0x1.0cfe24p-4
-0x1.aa6666p-4
0x1.7bafe4p-5
0x1.e00fbp-5
0x1.50e5aep-4
0x1.8223ap-2
-0x1.8d72bp-5
0x1.0b7582p-3
-0x1.d0f2bap-4
-0x1.ea97bp-4
-0x1.0c68b4p-3
0x1.2cd532p-5
0x1.35b90ep-4
0x1.569c14p-5
-0x1.5c563cp-4
0x1.841748p-9
-0x1.e2f63p-3
0x1.83917p-4
-0x1.317b4p-4
0x1.33573cp-3
-0x1.4fe418p-5
0x1.3a5a8ap-2
-0x1.624544p-3
-0x1.1098d6p-3
-0x1.a72e2cp-5
0x1.28cb76p-2
-0x1.8a785cp-3
0x1.c8d1c8p-5
0x1.3da754p-4
-0x1.398698p-5
0x1.a3bfaep-3
-0x1.7d57bcp-4
0x1.3ca6b4p-2
-0x1.16a01ap-5
-0x1.b5b168p-4
0x1.e765f4p-5
0x1.87ff6ap-4
0x1.501828p-7
0x1.a4ed7ep-4
0x1.d835acp-4
-0x1.f35f8p-6
-0x1.26089cp-4
0x1.691b5p-3
0x1.610bcp-4
0x1.0dba94p-3
0x1.c6cfp-7
0x1.296642p-4
0x1.af0aa6p-5
-0x1.31826ep-3
-0x1.667474p-4
0x1.343a22p-3
0x1.0cd678p-8
-0x1.842078p-4
0x1.0840acp-5
0x1.6f179p-6
0x1.0151dap-2
-0x1.27f418p-4
0x1.b822c2p-2
-0x1.c1eaecp-3
-0x1.73aa8cp-4
0x1.2ed04cp-2
0x1.15f942p-7
0x1.7d9612p-3
-0x1.24c5f2p-8
-0x1.ef0a2ap-8
-0x1.2e2dep-4
-0x1.cf585cp-4
-0x1.cce12cp-7
0x1.8e9136p-6
-0x1.246ecp-5
-0x1.a55e14p-5
-0x1.058e62p-3
-0x1.c05df6p-9
-0x1.c70874p-3
-0x1.62c412p-3
0x1.83132cp-2
-0x1.fb086ep-4
-0x1.50f0d8p-5
0x1.fb086ep-4
-0x1.dfab9ep-5
0x1.cba0e6p-3
-0x1.11dd06p-4
0x1.bd3b72p-3
-0x1.2921p-3
-0x1.2b4db6p-4
0x1.162bdp-2
-0x1.2fa19cp-2
0x1.332594p-3
0x1.42d4dp-3
0x1.5d3db6p-3
-0x1.a12056p-3
-0x1.f972aep-6
0x1.ee38cep-3
-0x1.966d16p-6
-0x1.5d9084p-3
-0x1.c00fb6p-3
0x1.3c2886p-3
-0x1.1572eap-5
-0x1.057392p-4
-0x1.91351p-5
0x1.8c0172p-2
-0x1.6bc174p-3
-0x1.f3f1bp-5
0x1.0805ep-3
0x1.456feep-6
0x1.218b34p-2
-0x1.1053bcp-2
0x1.324a46p-3
0x1.3b8838p-3
-0x1.191ddep-3
0x1.60dbdap-2
-0x1.785e2p-6
0x1.a8eebp-3
0x1.160d74p-7
0x1.30938p-3
-0x1.216b32p-3
-0x1.0c7bfap-3
0x1.6a9158p-3
0x1.06770ap-3
-0x1.cbabccp-6
-0x1.5b478ep-3
-0x1.47c608p-2
0x1.cceb46p-6
0x1.21e4a6p-3
-0x1.1622f8p-2
-0x1.5b9b8ap-3
0x1.d967eap-4
0x1.b76bd4p-3
-0x1.370514p-2
-0x1.8c5f7ep-5
0x1.8cd418p-3
-0x1.9739e4p-9
0x1.2c02aep-3
0x1.1f5018p-3
0x1.b8203cp-6
-0x1.0f9482p-2
-0x1.66c668p-3
0x1.2c11fcp-4
0x1.4c6918p-2
0x1.2dd05p-3
-0x1.7d9bb2p-2
-0x1.48164cp-3
-0x1.715028p-3
-0x1.05066p-5
-0x1.3f4cfep-2
0x1.b63754p-4
-0x1.04c516p-2
0x1.3d70eap-4
0x1.9399bep-2
0x1.0c0b2cp-4
0x1.0c8706p-5
-0x1.a7278cp-3
-0x1.1fb5e2p-3
0x1.2b9a18p-3
-0x1.19344ep-3
0x1.8f2b08p-5
0x1.c27886p-4
0x1.628b0ap-4
0x1.61d822p-3
0x1.473b6ep-7
0x1.167fbcp-4
0x1.d222e8p-5
-0x1.30a55ep-4
0x1.6df2d8p-4
-0x1.0e024p-4
0x1.a764d6p-5
-0x1.3cfff8p-5
-0x1.df18e8p-5
0x1.ee383ap-5
0x1.495f74p-3
0x1.73fbfcp-3
0x1.cfb5c4p-4
-0x1.499c7ap-2
-0x1.0c623p-2
-0x1.827b04p-7
-0x1.71c018p-4
0x1.52557cp-3
-0x1.03fa9p-5
-0x1.521c6p-3
-0x1.6adc72p-5
-0x1.09c6a6p-5
0x1.05574ep-9
0x1.5f5e44p-5
-0x1.82304ep-5
0x1.4731c2p-4
0x1.a15d26p-3
0x1.02a084p-2
0x1.393606p-4
-0x1.bdc20cp-4
-0x1.d46f3p-5
0x1.7dddc8p-5
-0x1.e44436p-3
0x1.35eff2p-3
0x1.4408dp-4
-0x1.59fdf8p-4
0x1.a86fp-4
-0x1.1c6f52p-3
0x1.7ab7cp-5
-0x1.8838fap-3
0x1.248d94p-5
-0x1.4935a8p-3
-0x1.d36ceep-4
-0x1.0bd262p-3
0x1.d3ba8ap-3
-0x1.ce1c5p-4
-0x1.9186c2p-4
-0x1.e7d73ep-8
-0x1.1c822ap-4
-0x1.b97296p-6
0x1.714ef2p-3
0x1.6e7046p-4
0x1.3521c2p-9
-0x1.824ff8p-4
-0x1.03a918p-3
-0x1.148042p-3
0x1.d2a132p-3
0x1.c14ebap-3
0x1.8c45d8p-6
0x1.28c7bp-3
0x1.989484p-8
0x1.2c7afp-3
0x1.2a5542p-2
-0x1.57ded2p-4
-0x1.5a703p-3
0x1.f822c2p-6
0x1.ca6d58p-2
0x1.197d28p-3
-0x1.634ac6p-3
-0x1.6150ap-4
-0x1.ff642p-6
0x1.95d666p-4
0x1.15d6a2p-2
0x1.72aa84p-4
-0x1.bc1a9ap-3
-0x1.fce0c2p-3
0x1.3a9e7ap-3
0x1.98daeep-3
-0x1.26f5aap-5
-0x1.181784p-2
-0x1.ed7b7ap-6
0x1.9123c4p-3
-0x1.2136b8p-10
0x1.dc8e48p-3
-0x1.2f0c98p-4
-0x1.1798e2p-4
0x1.8d6fp-4
0x1.593e82p-3
-0x1.8ee8a2p-6
-0x1.33d47ap-6
0x1.2fe2fcp-2
0x1.1c5028p-5
-0x1.6fc40ep-2
-0x1.682eb6p-2
0x1.02dac2p-3
0x1.8752p-3
-0x1.62bc46p-2
0x1.ae7046p-5
-0x1.681b12p-6
0x1.142a14p-4
0x1.5106acp-3
0x1.5aa41ap-3
-0x1.08492ep-5
-0x1.0f8524p-5
-0x1.5ee2bep-2
0x1.7450e6p-7
0x1.c3ec3ep-7
-0x1.2ca53cp-4
0x1.2e663cp-6
-0x1.ebb616p-8
0x1.ed9f84p-4
0x1.73a81cp-2
0x1.a58c2p-2
0x1.0d69eap-7
-0x1.eae548p-8
0x1.75e0c6p-4
-0x1.690e66p-2
0x1.40a55cp-7
-0x1.29bc36p-4
-0x1.fb1fb2p-5
0x1.aa87aep-2
0x1.333d8ap-3
-0x1.fa5e26p-4
0x1.03e296p-5
0x1.197e24p-2
-0x1.d65ad8p-3
0x1.40bff2p-2
0x1.386a1ap-2
-0x1.6c5378p-7
-0x1.233a26p-2
-0x1.8a5f56p-2
-0x1.9e32fep-2
0x1.4cb496p-6
-0x1.1b1e8cp-2
0x1.847d98p-3
-0x1.1f83a8p-5
0x1.7e51e4p-3
0x1.aa82ccp-3
0x1.cd76bcp-6
-0x1.796294p-2
0x1.833a64p-2
-0x1.a12312p-2
-0x1.032784p-4
-0x1.5743c6p-6
-0x1.4ca17ap-5
-0x1.d0341ep-4
0x1.8ea94ep-5
0x1.98bfbp-7
-0x1.5cbf74p-4
0x1.fa59ap-3
-0x1.b55c8ap-5
0x1.06c5a6p-2
0x1.9cee2cp-3
-0x1.18dad2p-3
-0x1.0c34c4p-2
-0x1.08acacp-2
-0x1.0a6b7cp-5
0x1.9dbc6ep-4
0x1.5df70cp-3
0x1.ffab2p-5
0x1.416c84p-3
0x1.072b66p-2
0x1.147bfep-2
0x1.063014p-4
-0x1.3cf99ap-4
0x1.47f32ap-5
-0x1.cd9b46p-4
-0x1.b0df92p-4
0x1.880be8p-6
0x1.92ab6ap-3
0x1.81ce16p-3
-0x1.ebec04p-3
0x1.cb4924p-4
0x1.2110dep-2
0x1.a30e1ep-2
-0x1.06d7e2p-2
0x1.c8c2eap-6
0x1.980e88p-3
0x1.aed256p-3
-0x1.3d37a2p-3
-0x1.d79624p-3
-0x1.fbcf24p-4
-0x1.94d426p-3
0x1.ad6722p-4
0x1.fd278p-4
0x1.84bd7p-6
0x1.7a0a54p-5
0x1.2f6c64p-3
-0x1.4f4cc6p-3
-0x1.0e017cp-2
0x1.27e39p-3
-0x1.c51ccap-3
0x1.00a11ep-7
-0x1.6bd802p-3
-0x1.ecf9acp-4
0x1.2b91e2p-5
0x1.959e7cp-5
0x1.a58578p-6
0x1.01dbe6p-3
0x1.461e8ep-3
0x1.1c578ap-4
0x1.f3c1b6p-5
0x1.100fb2p-2
-0x1.96ba76p-3
-0x1.202bb8p-4
-0x1.2a93cp-3
-0x1.04fda6p-4
0x1.e25bf8p-4
0x1.3dfdbap-3
0x1.013522p-4
0x1.ff1554p-4
0x1.f6da32p-4
0x1.fe7346p-10
0x1.df5588p-5
0x1.5133b8p-2
0x1.82cd92p-4
-0x1.414f2ap-3
-0x1.0325e4p-2
-0x1.ef88fcp-3
-0x1.173e94p-6
-0x1.2869ap-6
0x1.82cdc6p-3
0x1.d4bcbap-5
0x1.e77e0cp-5
-0x1.d8deeep-7
-0x1.6e5928p-3
-0x1.728bcap-5
0x1.558ba6p-3
-0x1.85259p-5
0x1.399eeep-4
-0x1.d19724p-5
-0x1.bdf0aap-4
-0x1.03f176p-2
0x1.1d669ep-2
0x1.3b406ap-3
0x1.e4025p-3
0x1.5483bcp-3
0x1.6cb4aap-4
-0x1.50d7b4p-4
-0x1.ca3d3p-4
0x1.0b3a7ep-7
-0x1.abcd08p-4
-0x1.b3b808p-5
-0x1.26ffc8p-3
0x1.e7ff3p-3
0x1.45a7c2p-4
-0x1.b0ab72p-4
0x1.72bc7ep-3
0x1.7ff024p-4
-0x1.8711dap-3
0x1.255da6p-3
-0x1.cbc17cp-3
-0x1.817c4ap-4
-0x1.8a2192p-2
0x1.b67caap-3
0x1.5bbf04p-5
0x1.57d51ep-3
-0x1.c3c456p-4
-0x1.09e002p-5
-0x1.82b40cp-3
0x1.4579d4p-3
0x1.33029ep-3
0x1.5de47ep-3
-0x1.495afp-3
-0x1.21de8ep-3
0x1.45ec92p-3
0x1.8aa5e8p-7
-0x1.bdbee4p-5
-0x1.d0da8ep-4
0x1.6d491ep-3
0x1.582c54p-2
0x1.1de62cp-5
0x1.6f0d04p-4
0x1.8dc2e8p-2
-0x1.25147ep-2
-0x1.5f6cc6p-3
0x1.04587cp-4
0x1.609b6ep-4
-0x1.04fb46p-2
-0x1.216e2ap-4
-0x1.1772cep-7
-0x1.9cdd7cp-4
-0x1.f7fddep-4
-0x1.97f3dp-3
-0x1.30bf98p-3
0x1.317d56p-2
0x1.e43ce8p-3
0x1.5a55f8p-2
-0x1.db60d2p-5
-0x1.e6cc64p-6
0x1.31c72ap-5
-0x1.d8f46p-4
0x1.c46e2ep-9
-0x1.0b227ep-2
0x1.0597bep-2
0x1.986f6ap-2
0x1.80f108p-3
0x1.3cfc1ap-4
0x1.014b9cp-5
0x1.01a39p-4
0x1.e17c4p-6
-0x1.6f61bep-6
0x1.73ab56p-4
-0x1.585638p-2
0x1.336644p-4
-0x1.701d04p-8
-0x1.049bcep-2
0x1.2f9e2ep-2
0x1.361618p-4
0x1.75ed8p-4
0x1.4ac97ep-2
-0x1.d40f56p-7
0x1.407e1cp-3
-0x1.2053ecp-3
-0x1.8731c4p-4
0x1.910ef6p-6
0x1.8241bp-3
0x1.9906acp-7
-0x1.19b09p-2
0x1.369228p-2
0x1.4bcbecp-8
0x1.264d02p-5
-0x1.2a47d2p-3
0x1.6e4c2p-3
-0x1.cf081ap-4
-0x1.ee998p-4
0x1.586cp-3
0x1.d6b342p-8
-0x1.0b9e62p-4
-0x1.4a5ec6p-4
-0x1.4e3f18p-4
-0x1.dcaf5ep-6
0x1.18cf3ap-5
0x1.4ef31p-3
0x1.6455ep-5
0x1.92e924p-3
0x1.ff78ep-4
-0x1.af7a58p-6
-0x1.1fc8bap-2
-0x1.818c2ap-3
0x1.d7a49ep-6
0x1.dd9636p-5
0x1.ccf0e6p-4
0x1.18c746p-5
-0x1.cf9da8p-5
0x1.3dce88p-3
-0x1.d4012ap-5
0x1.21372cp-7
0x1.d45faap-6
0x1.89b048p-6
-0x1.a234e2p-3
0x1.d0f8dep-5
-0x1.c0d3b8p-3
-0x1.2ca3c6p-4
0x1.af0eb8p-3
-0x1.1fcd74p-5
0x1.aed406p-3
0x1.02fdf6p-3
-0x1.3bae36p-5
-0x1.74b092p-3
0x1.d59616p-2
0x1.1c35a8p-5
0x1.20a3eap-2
0x1.1b132ep-3
-0x1.8e3556p-5
0x1.5281bp-6
0x1.4dfd78p-5
0x1.4d49a6p-3
-0x1.7d5312p-3
0x1.247ca4p-3
0x1.53b2c8p-6
0x1.f7cd36p-4
0x1.5145cep-6
0x1.9c855cp-9
-0x1.09e6e2p-5
0x1.ce29d8p-3
-0x1.2ae8cep-4
-0x1.a71986p-2
-0x1.c9ae32p-6
0x1.44983cp-7
0x1.fa8ed8p-4
-0x1.28d06cp-5
0x1.e201a2p-5
0x1.22a532p-4
0x1.cb5a5ep-6
0x1.b5393ep-2
0x1.85afc6p-5
-0x1.f05474p-7
-0x1.47f7f2p-5
0x1.abcad6p-4
-0x1.3356cap-6
-0x1.eaebf8p-4
0x1.d2c5f2p-6
0x1.e6adcep-8
0x1.535c84p-4
0x1.ea8806p-4
-0x1.505ad6p-4
-0x1.7f64c2p-3
0x1.e389eap-4
-0x1.c6baf6p-4
0x1.76645ep-3
0x1.71391p-5
0x1.254a22p-4
-0x1.06bc46p-4
-0x1.9a919p-6
-0x1.9624fp-5
-0x1.5e97c8p-3
-0x1.150482p-3
0x1.12b0dcp-3
0x1.a423f8p-5
0x1.658ebp-3
-0x1.ec4228p-3
-0x1.59a4e4p-5
-0x1.b77554p-5
0x1.efa698p-8
-0x1.60c346p-3
0x1.5a2f6cp-3
0x1.bd4f68p-4
-0x1.693548p-3
0x1.b7e0c6p-5
-0x1.dfaf6p-3
-0x1.42126cp-2
-0x1.051842p-3
-0x1.c7a6c6p-4
-0x1.2006d8p-6
0x1.07afp-1
-0x1.6b1faap-4
-0x1.97378cp-3
0x1.963a4ep-3
0x1.318ac6p-2
0x1.0b98a2p-1
0x1.1aeaf2p-3
0x1.a54ecp-5
0x1.6871ccp-3
-0x1.7f301p-2
0x1.29073p-6
-0x1.36b9d2p-2
0x1.0edcfcp-5
0x1.78e3fep-4
0x1.c46868p-4
-0x1.429b36p-3
0x1.8ed506p-3
0x1.0c33p-3
-0x1.a7eeb8p-5
-0x1.a9f2a8p-4
-0x1.d11f7p-2
-0x1.e6177p-4
-0x1.7ace62p-2
0x1.e89de4p-4
0x1.05a74cp-4
0x1.98431cp-2
-0x1.b683d2p-4
-0x1.0d9e02p-4
-0x1.67b064p-3
0x1.1fd54p-7
0x1.2c88d8p-2
0x1.7a4ccp-6
-0x1.813382p-3
-0x1.0ca2aep-3
-0x1.02aebap-2
0x1.8d2744p-3
-0x1.6ade66p-2
0x1.233034p-5
0x1.70036p-5
0x1.c333bap-5
-0x1.ef7bcp-4
-0x1.79fccep-3
-0x1.13a026p-6
0x1.0e451ep-3
-0x1.19c892p-2
-0x1.27fefep-2
-0x1.0b2fa2p-4
-0x1.a4b714p-2
0x1.716e9cp-7
0x1.2293c4p-3
0x1.26620ap-2
-0x1.650718p-5
-0x1.7a24dp-3
-0x1.c67ccp-3
0x1.e187fap-4
0x1.7a5182p-3
0x1.c2c58ap-5
-0x1.602e02p-3
-0x1.3befp-4
-0x1.696162p-2
-0x1.17e694p-5
-0x1.09ee74p-2
-0x1.d466ccp-4
0x1.4cfc3ap-3
-0x1.0ad74ep-2
-0x1.822fcep-4
-0x1.ba0834p-2
-0x1.0d018cp-3
-0x1.018a1cp-7
0x1.9237ap-5
-0x1.f922f6p-4
0x1.a99d56p-5
-0x1.3282ep-2
-0x1.2683d2p-5
0x1.2a458p-2
0x1.665212p-2
-0x1.5c50b8p-3
-0x1.2177aep-3
-0x1.e3428p-5
0x1.2e1152p-4
0x1.7f13f4p-2
0x1.3a94aap-3
-0x1.0f3c6ap-3
-0x1.81fb32p-3
0x1.de1ce6p-3
0x1.f078c4p-5
-0x1.8c107ap-3
0x1.9b3c3p-5
0x1.bea014p-2
0x1.df917cp-4
-0x1.081c1ap-4
-0x1.f846e2p-3
-0x1.abcb74p-3
0x1.b9a6b8p-4
0x1.52f2b8p-5
-0x1.9ffbcap-5
-0x1.402b3cp-5
-0x1.6335a8p-3
-0x1.9a5372p-3
0x1.d7e2aep-3
0x1.2ec32ap-3
0x1.4a4bd2p-3
-0x1.5257f8p-4
0x1.1512cp-3
0x1.b4ef94p-3
0x1.9a3806p-3
-0x1.f61bfp-5
-0x1.684e5ap-6
0x1.5f21d6p-4
-0x1.2afeb8p-4
-0x1.299a9ep-5
-0x1.bdeb22p-3
-0x1.53e15cp-3
-0x1.ecd9d8p-4
-0x1.51dd12p-3
-0x1.7c1d62p-4
0x1.0fbe86p-2
-0x1.35800ap-4
-0x1.421aa4p-3
-0x1.52399ap-2
-0x1.04c8f2p-4
0x1.729bdcp-7
0x1.889898p-5
-0x1.0c18c8p-3
0x1.5e62eep-4
0x1.a0173ep-3
0x1.7bb212p-6
-0x1.13d562p-2
-0x1.3f31a6p-3
-0x1.3bf0cp-4
0x1.e4383p-5
0x1.698804p-6
-0x1.adcfb8p-4
0x1.45cc54p-3
-0x1.77dc4ep-5
0x1.868982p-2
-0x1.ba6728p-4
0x1.01759ep-4
-0x1.6b9164p-4
0x1.9944bep-3
-0x1.04c4bep-4
0x1.5ee0cap-3
-0x1.0eaf68p-2
0x1.642114p-3
0x1.dc7124p-6
-0x1.18b7d8p-13
0x1.3a2bb4p-6
-0x1.4fe366p-3
0x1.9bec9ap-4
-0x1.d50eep-5
-0x1.0f95bp-5
0x1.24405ep-2
0x1.ae30b4p-8
-0x1.8ed498p-3
0x1.77a3f6p-4
0x1.2a4cecp-3
-0x1.2f5ba8p-4
0x1.2b6b2cp-3
0x1.e4c744p-4
0x1.d6a0ep-6
0x1.08d3b4p-3
-0x1.4edf4p-4
-0x1.bc8f5p-2
-0x1.30042cp-4
-0x1.edaf8cp-4
-0x1.ac78dp-6
-0x1.0600b4p-4
-0x1.00bf0ap-3
-0x1.eaa67cp-5
-0x1.46f58cp-3
-0x1.414722p-4
-0x1.fb9da4p-3
0x1.5ee01cp-3
-0x1.a687c8p-10
0x1.29885cp-3
0x1.f924b2p-4
0x1.bb2ee2p-4
0x1.d41794p-3
0x1.5e905p-4
0x1.056c34p-3
0x1.efad0ap-4
-0x1.7fd112p-3
0x1.0f239cp-4
-0x1.b24284p-4
-0x1.3c4484p-4
0x1.14de62p-3
0x1.ab0a6ep-4
0x1.0b3abep-2
0x1.b26e7ap-4
0x1.f7392p-4
-0x1.14dcb8p-3
0x1.2c119cp-3
0x1.0e7ca8p-2
0x1.038578p-5
0x1.a3e136p-5
0x1.02acd4p-3
-0x1.9ad92ap-4
-0x1.25a966p-6
0x1.d11b7ep-4
-0x1.6205b2p-4
0x1.21c16cp-3
0x1.035e2ep-2
-0x1.232692p-8
0x1.62f4ecp-6
0x1.1a9728p-4
-0x1.35e9a6p-3
0x1.624156p-3
-0x1.6d9a3p-4
0x1.2ce14p-3
0x1.47a004p-5
0x1.9e5df6p-6
0x1.9f851ap-5
0x1.145bd6p-3
-0x1.db384ap-6
-0x1.0867bap-5
0x1.349a1cp-4
-0x1.c62f0ap-3
0x1.5d0dccp-5
0x1.a2ae94p-4
-0x1.895ae2p-6
0x1.58d97cp-3
-0x1.606934p-5
0x1.caa53ap-4
-0x1.1d721ap-3
0x1.0b4052p-4
-0x1.c3788p-6
-0x1.92631cp-3
0x1.cf5aacp-4
0x1.c6224cp-5
0x1.5bd674p-4
-0x1.0f737p-4
-0x1.909da2p-3
-0x1.0a8b8ap-3
-0x1.60e37cp-3
0x1.2ee18p-5
-0x1.482266p-4
0x1.160bcp-4
-0x1.661dep-5
-0x1.1af234p-2
-0x1.dee98p-3
0x1.24c54cp-7
-0x1.2ac802p-5
-0x1.d4896p-5
-0x1.d38a86p-4
0x1.bb7b4p-14
0x1.52ec4p-3
0x1.1ccf1ep-3
0x1.24b156p-2
-0x1.036894p-2
0x1.1dc67cp-6
-0x1.0c2388p-3
0x1.1ab7d4p-10
0x1.08c29p-2
-0x1.7f9bf6p-2
-0x1.674984p-5
0x1.529fccp-3
-0x1.2a8faap-3
-0x1.dddb62p-5
-0x1.65a4b6p-3
-0x1.96285ap-3
-0x1.518adp-3
-0x1.1829ap-14
-0x1.2685ccp-16
0x1.596c74p-14
-0x1.217638p-16
0x1.c775dcp-15
-0x1.aef86ep-13
0x1.13fa5cp-14
0x1.4d1daep-18
0x1.31d242p-14
0x1.8ac9cep-16
0x1.a40bbp-13
-0x1.feff08p-13
0x1.8bcf66p-16
0x1.fd3d3ep-16
0x1.916a5p-13
-0x1.9671c2p-14
-0x1.3f053ep-15
0x1.324f1ap-12
-0x1.a18ee4p-13
-0x1.a92f02p-16
0x1.bf135p-15
0x1.cef796p-13
0x1.27a5fcp-16
0x1.8acfcap-16
0x1.0264f6p-14
0x1.f09c96p-16
-0x1.6fcd3ap-14
0x1.58af8ep-13
-0x1.01848ep-13
-0x1.16fb02p-17
-0x1.e32f3p-13
-0x1.059266p-16
0x1.d4e916p-17
-0x1.1e51a6p-16
0x1.6b17b2p-16
0x1.46ce4cp-13
-0x1.fee882p-14
-0x1.49e4bp-15
-0x1.ef8c74p-15
-0x1.07ca58p-15
0x1.13e22ap-13
-0x1.658adp-16
0x1.986fd8p-18
-0x1.fc8418p-16
-0x1.596682p-12
-0x1.6c508cp-13
-0x1.2a287cp-12
-0x1.5b0daep-13
-0x1.8ef658p-15
0x1.04a7d6p-15
-0x1.88831p-15
0x1.3ca9bp-15
-0x1.c2e696p-14
0x1.81e372p-16
0x1.b344e8p-15
-0x1.576446p-13
-0x1.1bad8ap-15
-0x1.1431f4p-14
0x1.a1e324p-14
-0x1.0bd7d2p-16
0x1.fb45bep-18
-0x1.8963ccp-15
-0x1.c6cad4p-13
-0x1.659576p-16
-0x1.007954p-12
-0x1.57462p-14
0x1.1a0552p-15
-0x1.730806p-15
0x1.de7fap-16
-0x1.b39464p-16
0x1.1e624ep-15
0x1.21f0aep-14
-0x1.0d6818p-14
0x1.dff0ap-16
-0x1.5d73a6p-14
0x1.21a0d4p-14
-0x1.5c0c52p-16
0x1.203c3ep-14
0x1.0fb068p-13
-0x1.7464bep-16
0x1.cddefp-14
0x1.24b006p-13
-0x1.ad0a8cp-15
0x1.89c5cap-13
-0x1.69a206p-14
-0x1.85f9d4p-15
-0x1.63ac4p-15
-0x1.4541bp-14
0x1.a7cee6p-14
-0x1.39f93ep-14
-0x1.445ac2p-13
0x1.1313eep-14
-0x1.8a12e4p-15
0x1.0fa4ap-13
0x1.fc962cp-15
0x1.2cffa6p-13
0x1.4512e2p-15
-0x1.ce8de6p-16
-0x1.12ecdep-15
0x1.4aa5cep-14
0x1.00bc9ap-13
0x1.365308p-17
0x1.a9630cp-15
-0x1.c6e58p-14
-0x1.d5ef1ap-16
-0x1.e58eb4p-14
-0x1.1e6c3ap-15
0x1.000bbcp-13
0x1.ccfcc4p-15
-0x1.0c7816p-13
0x1.3c4c5cp-13
-0x1.ab4f5cp-14
-0x1.3712e4p-17
-0x1.d78eep-18
-0x1.afb69p-15
0x1.0d9c7cp-12
-0x1.2adeb2p-14
-0x1.035f02p-12
-0x1.d8edc2p-14
0x1.04ca0cp-14
0x1.2bebecp-12
-0x1.76fe02p-16
0x1.4ad7fap-13
-0x1.4d763ap-14
0x1.440ae6p-18
-0x1.7a59eep-15
0x1.a5341ap-18
-0x1.4043cep-14
0x1.bf2cb2p-13
0x1.d120a6p-14
0x1.2c0e54p-14
0x1.54f806p-14
-0x1.37c4c4p-13
0x1.e40dfep-15
0x1.c4f62cp-14
0x1.30ac8ep-17
0x1.8de2f8p-13
0x1.2088bp-12
0x1.cf4a96p-14
0x1.72f9c2p-14
0x1.d39f3ep-14
-0x1.486fc2p-13
0x1.cbfbc4p-15
0x1.5463b6p-13
0x1.49564p-14
-0x1.e345fep-15
-0x1.dc27e2p-14
-0x1.473d6ep-12
-0x1.724f3ap-14
-0x1.caa896p-16
-0x1.99be86p-15
-0x1.c11a68p-16
0x1.79cc6p-14
0x1.25e68p-14
-0x1.0d1ba2p-14
0x1.c94c86p-15
-0x1.ee95e8p-14
0x1.48fc8ap-13
0x1.cdc68ep-17
0x1.44b656p-12
-0x1.0d4df8p-18
0x1.3dc70ap-15
0x1.10d6d8p-13
-0x1.3a03bap-14
-0x1.df06cep-13
0x1.8d4738p-15
-0x1.2bf0f8p-16
-0x1.082b1cp-17
-0x1.2c0214p-12
0x1.46007ap-14
0x1.55c7ecp-16
-0x1.fcd7d6p-16
0x1.757c7ap-13
0x1.2fab62p-17
0x1.393d48p-14
-0x1.14628ep-16
-0x1.97f7a2p-15
0x1.5d5828p-14
0x1.87ea3cp-15
-0x1.5c7d9cp-14
0x1.ee3766p-14
0x1.57b602p-15
-0x1.24e4d2p-13
-0x1.fc41cep-13
-0x1.320d0cp-15
0x1.cd23eep-14
0x1.fc5b86p-13
-0x1.ee3982p-13
-0x1.76989p-17
0x1.35dcd6p-14
0x1.28e072p-14
0x1.3e7602p-14
-0x1.64d9d8p-14
-0x1.48dc04p-13
-0x1.ae9642p-15
0x1.2f3114p-13
-0x1.1597cap-19
-0x1.7ecb24p-15
0x1.ffe0f6p-16
-0x1.c819fep-16
-0x1.9e3b22p-14
-0x1.4888cap-14
0x1.104714p-18
-0x1.8670c2p-15
-0x1.48a12ep-13
-0x1.485cbcp-16
0x1.3617a8p-12
-0x1.37f5ap-15
-0x1.a4c3fap-12
0x1.33c794p-15
0x1.366188p-16
-0x1.dfed84p-16
-0x1.103cc2p-14
0x1.b8fa28p-15
0x1.4b2be4p-13
0x1.8e5b38p-14
0x1.5a455ep-13
0x1.4ea2acp-14
-0x1.a2c8fap-16
-0x1.a9cde8p-13
0x1.d8cc26p-13
0x1.10d426p-17
-0x1.9a81cap-15
0x1.681b2cp-15
-0x1.5322fap-12
-0x1.3657aap-13
-0x1.1cd042p-12
-0x1.f17f88p-14
0x1.0a74ecp-13
-0x1.c4ceeep-15
-0x1.a3279ap-17
-0x1.065c3cp-12
0x1.81d92cp-15
-0x1.6c914cp-14
-0x1.189146p-13
-0x1.c3308cp-15
-0x1.78ddaep-12
-0x1.079c6p-13
-0x1.1fff2cp-16
-0x1.99bec2p-13
0x1.1259e8p-15
0x1.44f63p-18
0x1.14e34cp-13
-0x1.f951a2p-14
-0x1.4e8a34p-14
-0x1.bc0d5ep-13
-0x1.97d5b4p-15
0x1.afd4fp-14
0x1.42428ap-14
0x1.d3057ap-15
0x1.744578p-17
0x1.f6d9d6p-16
0x1.df79fep-13
-0x1.7d8be8p-13
0x1.38225p-14
0x1.4c3c38p-13
-0x1.77cea8p-13
0x1.0805a4p-16
0x1.36634cp-14
0x1.aa32b4p-16
-0x1.99b6aep-12
-0x1.99b3dep-14
-0x1.762716p-13
-0x1.a181ecp-13
0x1.895034p-14
-0x1.163908p-12
0x1.3bd9cap-15
-0x1.4c2e6ep-16
0x1.495f08p-16
0x1.1e4514p-12
-0x1.23789p-14
-0x1.198cfp-13
0x1.52c4bcp-17
0x1.2068acp-14
0x1.ded1cp-14
0x1.7837b4p-13
-0x1.48fe5ap-15
-0x1.3163c8p-13
0x1.09f8b8p-13
0x1.f46c34p-14
0x1.94ca7ep-14
-0x1.1a49a6p-15
0x1.aca6d2p-14
0x1.e8eb7cp-15
-0x1.114f24p-13
0x1.5dafep-14
-0x1.f73ecap-20
0x1.72d0d6p-13
-0x1.11d35ap-13
0x1.ea8c9p-15
-0x1.b3b72ep-15
-0x1.75ddc8p-14
0x1.3a7c9cp-13
0x1.70c0e8p-17
-0x1.73b6d2p-13
0x1.7e30fap-12
0x1.45276ap-14
0x1.cf5a24p-13
-0x1.89ee5ap-15
-0x1.03be9cp-12
-0x1.24a34cp-15
0x1.e94414p-14
0x1.184b1ap-13
0x1.3a0e48p-13
-0x1.4b6d16p-14
-0x1.6cd29cp-14
-0x1.cfa4fap-13
0x1.f29decp-16
-0x1.780e2p-15
-0x1.0d8556p-14
-0x1.23ee76p-13
0x1.94c1bp-13
0x1.031f1ep-15
0x1.0a7f56p-18
-0x1.19e97cp-13
-0x1.38917ep-16
0x1.bb2d68p-15
0x1.41bbdp-13
0x1.00498cp-13
-0x1.fa1d24p-15
0x1.ec8d8ap-14
-0x1.25718p-12
-0x1.c9353p-13
-0x1.0ad7c8p-16
0x1.05f93ap-15
0x1.3e14fap-16
0x1.2be0eap-12
-0x1.6bb564p-14
-0x1.c881ecp-15
0x1.80335cp-13
0x1.d9081ap-13
0x1.43bb06p-14
-0x1.686be4p-13
-0x1.afced4p-14
0x1.f9f24ap-14
-0x1.8adb58p-14
0x1.c2f518p-19
0x1.6019c4p-15
-0x1.87051cp-14
0x1.54ac7p-15
0x1.807456p-14
-0x1.139f28p-13
0x1.e50232p-14
-0x1.061714p-12
-0x1.0339f4p-23
-0x1.21d44ep-14
-0x1.f996b4p-14
-0x1.c48f2cp-17
-0x1.1339e6p-13
-0x1.81c78ep-16
0x1.8e1b46p-16
-0x1.0ae6f6p-13
-0x1.a4f2e6p-13
-0x1.626846p-15
0x1.8a12dp-18
-0x1.b58b8ap-14
0x1.23d14ap-16
0x1.7fb5e4p-13
0x1.706bc2p-18
0x1.e1337cp-14
-0x1.a00d16p-15
0x1.dd58b6p-14
0x1.f05b88p-16
0x1.2c7a1p-15
0x1.701e7ap-13
0x1.973824p-15
-0x1.1d332ap-14
-0x1.74b2eep-14
0x1.53f546p-15
-0x1.da9378p-13
-0x1.a83058p-14
0x1.844a46p-17
0x1.572c9p-17
0x1.72bd36p-15
-0x1.d5bac6p-20
-0x1.fda84p-4
-0x1.3f4b3p-3
-0x1.a226p-2
-0x1.92c4b8p-2
0x1.7e45aep-3
0x1.389aaap-2
0x1.7bcf6ap-4
-0x1.9b43cep-2
0x1.220ee8p-6
0x1.209b48p-1
0x1.e6ff4ep-3
-0x1.31a19p-6
-0x1.292024p-2
0x1.912eb6p-2
-0x1.0e355ep-3
-0x1.afb30ap-3
-0x1.b6f2c8p-4
0x1.1379aap-3
0x1.023fbcp-2
0x1.6a2418p-3
-0x1.8e4e94p-5
-0x1.05cb86p-5
-0x1.0d9234p-4
-0x1.c9646ap-8
0x1.335f98p-3
0x1.a23a34p-2
0x1.6f3ecep-3
0x1.23496ep-3
-0x1.dafeeap-4
0x1.5d7ee4p-7
0x1.d2a09cp-2
0x1.45b942p-2
0x1.602c9p-2
0x1.ec4e0ap-2
0x1.1a678p-4
-0x1.cb1346p-2
0x1.d42562p-3
-0x1.cf5146p-3
0x1.8c9722p-2
0x1.60ce14p-2
-0x1.699d9ap-3
-0x1.bd460cp-2
-0x1.4c31a8p-3
-0x1.9891fep-5
0x1.e86316p-4
-0x1.37e31ap-2
0x1.3a683cp-2
-0x1.622332p-2
-0x1.80794cp-3
0x1.a71052p-3
-0x1.903d8cp-2
0x1.7e8598p-4
0x1.b5292ep-5
-0x1.7fe65ap-4
-0x1.cc726ep-3
-0x1.121d2ap-6
-0x1.87d182p-3
-0x1.b8caep-4
0x1.713454p-5
-0x1.e415dcp-3
-0x1.c289aep-4
-0x1.a7de7cp-5
-0x1.f8f0e2p-3
-0x1.4ebefap-3
0x1.0244bp-5
-0x1.1d97eap-2
0x1.7a2e68p-2
-0x1.524778p-6
-0x1.198f36p-2
-0x1.207d18p-2
-0x1.6101c4p-3
0x1.104b7p-3
0x1.9cbd6ep-5
-0x1.cf0ac2p-3
-0x1.487348p-2
0x1.2e0d7ep-3
0x1.a03b92p-3
-0x1.f241ep-4
-0x1.9a6c9ap-3
-0x1.b4a314p-3
-0x1.c7809p-2
-0x1.181f8cp-2
0x1.1bfcaap-1
0x1.838f64p-3
0x1.236cbcp-3
0x1.e56176p-3
-0x1.2c8ac2p-1
0x1.9205d8p-3
-0x1.5801a6p-2
0x1.ad9104p-2
0x1.78f744p-2
-0x1.45d534p-2
-0x1.335a3cp-2
0x1.87527ep-5
0x1.370214p-2
-0x1.108af4p-1
0x1.0d797p-1
0x1.1988e6p-2
-0x1.b1f7b4p-6
-0x1.261e3ap-4
0x1.168944p-2
0x1.f33292p-2
0x1.aab2dp-2
0x1.56c288p-2
0x1.7553c2p-7
0x1.20e13p-5
0x1.18bdfcp-6
0x1.868b7ap-2
-0x1.bffe3ep-3
-0x1.1353f4p-1
-0x1.57f95ap-4
-0x1.6a5c76p-2
0x1.66aac4p-3
0x1.141df6p-4
0x1.624a72p-6
0x1.f85e9ep-3
0x1.f1ecc2p-5
-0x1.845414p-6
-0x1.dd2838p-5
0x1.6760bp-3
0x1.1f40bap-3
0x1.612ebp-3
0x1.0e721ap-2
0x1.69c7b8p-4
-0x1.e79edp-3
-0x1.14dfe8p-1
0x1.3b6684p-2
0x1.61871cp-3
0x1.3a213ap-3
-0x1.4fb64cp-4
0x1.353aap-5
0x1.678438p-3
-0x1.7b93a8p-2
-0x1.68a646p-3
-0x1.13c42ep-2
-0x1.da32bep-3
-0x1.112ea6p-3
-0x1.8777d2p-2
0x1.9f7f54p-4
0x1.c774a2p-3
0x1.af144ep-3
-0x1.95f622p-2
0x1.9e3034p-4
-0x1.7261aap-2
0x1.24c586p-4
0x1.4b02fcp-7
0x1.309f0ap-4
0x1.2bdedcp-3
0x1.f72542p-4
0x1.b789fap-3
-0x1.49be4ep-3
0x1.5ea5eap-3
-0x1.b55856p-4
-0x1.dfbf1ap-3
-0x1.6e028cp-3
0x1.96cef6p-3
-0x1.e1cdp-2
-0x1.1bf30cp-1
-0x1.3e4c72p-2
-0x1.835654p-4
0x1.222cccp-2
0x1.1e0a5ap-2
0x1.8cbb24p-4
-0x1.8795b2p-5
0x1.5e178p-4
-0x1.0b27dap-3
-0x1.d1d3b4p-5
-0x1.473e4p-3
-0x1.6b4324p-3
-0x1.6ebf2p-2
0x1.1470e2p-3
-0x1.4e3bd4p-4
-0x1.ecee6ep-4
0x1.1415d2p-3
-0x1.773018p-2
-0x1.68915ap-2
0x1.8d7fa4p-4
-0x1.c0f0fcp-5
-0x1.7a3aa6p-2
0x1.388266p-3
0x1.61443p-4
0x1.c55f1cp-2
-0x1.111b78p-1
0x1.fc8ef2p-5
0x1.089a66p-2
-0x1.1f3de2p-2
-0x1.5d4174p-2
-0x1.2b52cep-3
-0x1.e3c6a6p-2
-0x1.c08e6ep-7
0x1.43367ep-2
-0x1.8293bp-3
-0x1.0d08b4p-1
0x1.459c58p-2
-0x1.dca402p-2
-0x1.f7b762p-3
0x1.12596ap-3
-0x1.286d58p-2
-0x1.1be108p-5
0x1.7c67aap-3
-0x1.b08d6ap-5
0x1.6ca892p-3
-0x1.ff166ap-3
-0x1.9177cep-2
0x1.a4a20ap-3
-0x1.3fcfcap-2
0x1.4af986p-5
-0x1.85f7d4p-5
-0x1.da3676p-4
0x1.0aa96p-7
-0x1.9b279ap-3
0x1.036e86p-3
-0x1.b19678p-3
-0x1.27dcbep-2
0x1.78ca22p-3
0x1.9d8c64p-3
-0x1.84def8p-3
-0x1.001ecep-5
-0x1.17587ap-2
-0x1.f981bp-5
-0x1.8d6b1cp-5
0x1.408cd8p-2
0x1.907b14p-3
-0x1.57cbd2p-3
-0x1.f458b2p-4
0x1.ccbcd8p-3
-0x1.43c718p-2
0x1.c908bap-3
0x1.cb475ap-4
0x1.08556cp-2
0x1.0d8394p-5
-0x1.054568p-2
-0x1.00f00ap-2
-0x1.824262p-2
0x1.79fddep-2
0x1.3b2a8cp-4
0x1.f14652p-3
0x1.dd6a16p-3
0x1.4e679p-4
0x1.26221ep-1
0x1.524b76p-2
-0x1.9923c4p-2
-0x1.662044p-1
0x1.b4bd44p-5
0x1.279e22p-2
0x1.ceee1ep-2
0x1.317774p-2
0x1.2714fcp-2
-0x1.0ab1a4p-2
-0x1.e4565cp-3
0x1.7d0bbcp-5
0x1.35f82cp-3
0x1.9a4a5cp-3
0x1.4c160ep-4
0x1.eb6c6cp-4
-0x1.88322cp-4
0x1.40cffap-3
-0x1.bab408p-3
0x1.81dba8p-3
-0x1.6844f6p-6
-0x1.c552cap-2
0x1.8eb57p-5
0x1.a36062p-3
-0x1.854616p-3
0x1.0fd122p-4
0x1.f0fed4p-3
0x1.ccd78ep-4
-0x1.7d2314p-7
0x1.d1cfd6p-3
0x1.439392p-2
-0x1.e1817p-3
0x1.3e0de6p-3
0x1.0d7018p-3
0x1.a3e1c4p-3
-0x1.edf4a4p-6
-0x1.1fb19cp-2
-0x1.b391f2p-3
-0x1.f3ad86p-3
0x1.0d38f6p-2
-0x1.eaed82p-2
0x1.9841e4p-4
0x1.f18564p-3
-0x1.f9ea12p-8
0x1.a84f4ep-2
-0x1.6d4d34p-7
-0x1.0a90dap-4
-0x1.66218cp-3
0x1.a709a2p-3
0x1.822c52p-3
0x1.90a432p-3
-0x1.7ab068p-3
0x1.5e3bdap-6
0x1.e984c8p-2
-0x1.1dc99ap-3
-0x1.4a770cp-3
-0x1.3564fcp-4
0x1.8cf8d2p-5
-0x1.bbf302p-4
0x1.97b5bcp-4
-0x1.2c7f16p-2
0x1.2fc578p-3
-0x1.73ad4ep-3
-0x1.ac2afp-2
-0x1.6f39dcp-3
0x1.52436p-2
0x1.3de19ap-2
-0x1.032916p-2
0x1.abf3b8p-4
0x1.2c81c2p-4
0x1.13c78cp-2
0x1.9542f6p-3
-0x1.7f6b42p-4
0x1.f471cap-8
-0x1.40cffcp-4
0x1.abefa6p-3
0x1.4a930ep-4
-0x1.c16af2p-5
-0x1.e1c71ep-4
0x1.97d47p-2
0x1.3f293cp-4
-0x1.e7862cp-3
-0x1.3d79f8p-1
-0x1.44316ap-5
-0x1.8272aap-2
0x1.50cc76p-6
-0x1.b23afp-2
-0x1.f68ebp-3
-0x1.261c4cp-4
0x1.28a28ap-3
0x1.b5179ap-3
0x1.2ae02ep-3
0x1.5e3a1ap-3
-0x1.30f976p-3
0x1.00dbeep-6
0x1.1ed00ep-2
0x1.d56318p-7
0x1.f412bp-3
-0x1.500c06p-3
0x1.5b55e2p-2
0x1.3a4f84p-2
0x1.6b7938p-4
-0x1.483558p-4
0x1.0e3a6ap-3
0x1.8c12e2p-3
0x1.4ac9a2p-3
0x1.752d16p-1
0x1.2f6c68p-3
0x1.f9b5f2p-2
0x1.5cb348p-4
0x1.44606ap-3
0x1.053082p-3
0x1.665a22p-2
0x1.6df014p-3
-0x1.9d9d9cp-2
0x1.88f0dap-2
0x1.bd58bp-3
-0x1.0644fep-3
-0x1.242956p-4
0x1.f6a3cp-2
-0x1.89c33ap-3
0x1.c5361ep-3
0x1.c2c8aap-5
0x1.46a7a8p-4
0x1.922c34p-3
-0x1.af8f2ep-4
-0x1.719494p-3
0x1.235eeap-2
-0x1.40614cp-4
-0x1.e8bd6ep-4
0x1.a3232cp-8
-0x1.08d22ep-3
0x1.68fde6p-3
0x1.5372f4p-2
-0x1.3c96b6p-3
-0x1.62c4f6p-1
0x1.ef3ep-7
-0x1.285c0cp-7
-0x1.2c63c4p-2
-0x1.d98e7cp-4
0x1.d82a74p-2
0x1.3aa1f4p-1
0x1.2cbe5ep-3
0x1.81fa12p-6
0x1.dcccecp-3
-0x1.f569ecp-3
-0x1.325e8ep-4
0x1.a69efcp-3
0x1.11dfd4p-2
-0x1.01afe4p-6
0x1.897b78p-5
-0x1.1b1c46p-2
0x1.ada82cp-3
0x1.06140ap-1
-0x1.1d1d3p-3
-0x1.bc174p-3
-0x1.174576p-6
-0x1.4975e4p-2
0x1.048938p-2
-0x1.2f679ep-2
0x1.fa281p-3
0x1.fde672p-2
-0x1.5d4b2p-3
-0x1.6e1e1cp-3
0x1.cc626cp-3
-0x1.3ea6e4p-2
-0x1.1bc7dcp-6
-0x1.8335e6p-2
-0x1.cd0a98p-3
0x1.b1bf8ep-3
-0x1.214c94p-2
0x1.ed76d6p-3
-0x1.cf6dbcp-4
-0x1.ba4256p-3
-0x1.664b2ap-3
0x1.cb5b1ap-5
-0x1.38e6e2p-3
-0x1.2c79c8p-8
0x1.034d16p-2
-0x1.2e2774p-5
0x1.6e31b6p-3
0x1.1e1054p-7
0x1.78a45ep-5
0x1.2bdecp-5
-0x1.60566ep-2
-0x1.0470aep-2
0x1.ad3528p-3
-0x1.084436p-5
-0x1.43582p-2
-0x1.bee9a2p-7
0x1.453586p-3
-0x1.d94c52p-5
0x1.04c30ep-10
0x1.536406p-4
0x1.0893bp-5
-0x1.0abf4cp-3
0x1.67a1c6p-4
-0x1.09bf7p-3
-0x1.ba9c0cp-11
0x1.3ea29cp-2
0x1.147afcp-2
0x1.d02dd8p-4
0x1.a7fb6ep-4
0x1.26695p-7
0x1.403b38p-1
-0x1.546804p-4
0x1.fe0f6p-3
-0x1.6ad95p-2
0x1.2afb84p-2
0x1.39d352p-3
0x1.26c792p-4
0x1.ee41f6p-3
-0x1.606bb8p-2
-0x1.1384dap-4
0x1.009992p-4
0x1.83d4f6p-3
0x1.3b8a16p-6
-0x1.e3b8bp-4
0x1.6f2d56p-2
0x1.40acbep-4
0x1.da9dfap-3
-0x1.f49658p-2
-0x1.213348p-3
0x1.b35c4p-5
-0x1.b9088ep-4
0x1.bc52a2p-3
0x1.c75272p-4
0x1.7c0828p-2
-0x1.598cc4p-4
-0x1.61369p-5
0x1.9c44a4p-6
0x1.1d3afcp-6
0x1.4a5aep-2
0x1.0a31acp-5
0x1.8b5654p-3
0x1.a3e9p-4
-0x1.1e649ep-4
-0x1.454cb8p-6
-0x1.1210b6p-4
0x1.5ab254p-2
-0x1.7bb4fcp-2
0x1.3316c4p-2
0x1.08a154p-2
-0x1.31226p-3
0x1.eb88d8p-2
-0x1.653438p-3
-0x1.5c42ep-4
0x1.1ef968p-3
0x1.ccc794p-4
-0x1.886316p-2
0x1.9f6612p-3
-0x1.bdfe6cp-3
-0x1.74afep-6
0x1.6f0a12p-5
0x1.2a614p-2
0x1.0cab76p-9
0x1.a1e516p-4
-0x1.13294p-3
-0x1.bb8f0ep-3
-0x1.1f80a6p-3
-0x1.bb3cb4p-4
-0x1.25a694p-2
-0x1.22ba78p-1
0x1.a1e36ap-4
-0x1.51c31cp-7
0x1.ff2846p-6
0x1.aa40bep-3
-0x1.94f794p-3
0x1.044c44p-2
-0x1.68532cp-3
-0x1.a74fb8p-2
0x1.34476p-3
0x1.867b3ap-7
-0x1.20ba3cp-2
-0x1.580becp-4
-0x1.0241d4p-4
0x1.e39176p-6
0x1.117d84p-3
-0x1.c03a36p-3
0x1.22bfa6p-2
-0x1.9a67fp-4
0x1.313e74p-2
-0x1.42fbep-2
0x1.f1428p-3
-0x1.f3d658p-4
0x1.b992f2p-3
-0x1.b9fd8cp-6
0x1.1079dep-2
0x1.d3704p-9
0x1.215b3p-5
-0x1.00dbaap-2
-0x1.bb796cp-5
-0x1.2c550ap-2
0x1.c40ec4p-4
-0x1.2a4b1ep-7
-0x1.36cd82p-4
0x1.479734p-5
-0x1.6c23dep-3
-0x1.cc2354p-3
0x1.338948p-2
-0x1.85a1acp-4
0x1.a3bf98p-3
0x1.16867p-1
0x1.827f32p-3
0x1.16348ep-2
-0x1.f71a7p-3
-0x1.a6581cp-9
-0x1.35b604p-1
0x1.27545cp-6
-0x1.427d1p-8
-0x1.45041ap-2
-0x1.2ed62ap-3
-0x1.dac93ep-3
-0x1.cd37bep-9
-0x1.189366p-2
-0x1.a02cf2p-5
-0x1.2f593ap-1
0x1.c39e8ap-5
0x1.017922p-6
0x1.737d8cp-3
-0x1.2ab67ap-2
0x1.b0d6b4p-3
-0x1.1de45p-2
-0x1.0cfb06p-6
-0x1.20b3d6p-4
0x1.86cdeap-3
-0x1.957daap-2
0x1.201b3ap-2
-0x1.ba385ep-5
-0x1.ce64aap-6
-0x1.0ba6fp-3
0x1.8385a8p-3
-0x1.a29346p-4
0x1.ac3b5cp-7
0x1.d5345p-7
0x1.2cf41ap-6
-0x1.9a1622p-6
-0x1.27f352p-4
-0x1.fb6882p-7
-0x1.3be61ep-3
0x1.990378p-3
0x1.174024p-1
0x1.6833e6p-4
-0x1.d81bfap-3
-0x1.6f6d72p-4
-0x1.43d21cp-4
0x1.63b33ap-2
0x1.229ba2p-2
0x1.f0951p-3
-0x1.d30e7ap-2
0x1.598d4ap-2
-0x1.07cd26p-4
-0x1.adb3acp-4
-0x1.2e9846p-2
-0x1.3e7b58p-5
-0x1.3530fap-7
-0x1.3dde6p-3
0x1.41ac3cp-4
0x1.30f20ep-2
-0x1.d45d4ep-2
-0x1.2cba5ep-2
-0x1.04c53cp-2
-0x1.311868p-2
-0x1.5d6a5ep-2
-0x1.111208p-2
0x1.9e515ap-2
0x1.647ecp-2
-0x1.aa92f8p-5
-0x1.42b8c8p-6
0x1.0e7c78p-3
0x1.fdf2eap-3
-0x1.cb3b8ep-5
-0x1.affa08p-4
-0x1.e0dcfep-5
-0x1.2dbf12p-3
-0x1.661ff6p-3
-0x1.1e3196p-2
0x1.94e4fp-7
-0x1.8159eap-2
0x1.1e7716p-2
-0x1.c55b4ep-2
0x1.c541a4p-2
0x1.7ceb6cp-5
0x1.ab7ebep-1
-0x1.4e72b8p-4
0x1.c12b5cp-4
-0x1.3c791ep-4
-0x1.0f7d0cp-2
0x1.ebd392p-3
0x1.2ec638p-1
0x1.4805aap-4
0x1.6a559p-3
-0x1.2d2ccep-3
-0x1.d42ad6p-3
0x1.39db1ep-2
0x1.68caf6p-2
0x1.40a43ap-2
0x1.8c7506p-4
-0x1.4a4efcp-3
0x1.6002f6p-4
0x1.c5a42p-3
0x1.1aa5aap-3
0x1.d3e796p-3
0x1.59766p-5
-0x1.1715fp-2
0x1.a748acp-7
-0x1.b3755ap-4
-0x1.9fc0f2p-7
0x1.b9e6cp-3
0x1.145702p-5
0x1.81a144p-3
0x1.f326ccp-2
0x1.3ab352p-3
-0x1.c92a9ep-3
-0x1.6f946ap-4
0x1.599c38p-2
-0x1.3e632p-3
-0x1.43b7acp-2
-0x1.2adc16p-4
-0x1.2e2148p-3
0x1.267e04p-11
0x1.41e9fp-2
0x1.1a9fp-2
0x1.fd2e54p-3
-0x1.af430ep-4
-0x1.074cf6p-2
0x1.86d31cp-3
0x1.069faap-3
-0x1.6c5d1ep-4
-0x1.42bfep-4
0x1.97148p-4
-0x1.b0c8cap-3
-0x1.589e9ap-4
-0x1.7b318cp-2
-0x1.3b27a4p-2
0x1.ef9f2p-3
-0x1.1b889p-1
-0x1.b82b5ep-3
-0x1.21834cp-3
0x1.72f1eap-3
0x1.88e646p-4
0x1.0174f4p-2
-0x1.7fecdp-4
0x1.26d55cp-2
0x1.3987a6p-1
-0x1.962086p-2
-0x1.544e7ep-2
-0x1.6f6d36p-3
0x1.7a102cp-4
0x1.b8c742p-2
0x1.02fb44p-2
-0x1.71a5e6p-5
-0x1.ad8e8ap-2
0x1.bae642p-4
0x1.c4a726p-2
0x1.5ddb72p-5
0x1.bc3746p-5
0x1.4e8bfap-5
-0x1.45aebcp-2
0x1.8a7f38p-4
0x1.0bb8c8p-2
0x1.27e0f6p-3
-0x1.2b358p-3
0x1.3b07acp-6
-0x1.fa2b8ap-5
0x1.c4b5aep-3
-0x1.6a42bap-3
-0x1.aefd4ap-4
0x1.de0a1ap-3
-0x1.d95524p-3
0x1.00a946p-3
-0x1.840d8cp-8
0x1.77c258p-3
-0x1.820c8ep-4
-0x1.35a84cp-1
-0x1.6502dep-6
-0x1.86c4d6p-2
0x1.0b3c7ep-2
0x1.4df6a2p-3
0x1.e572p-3
-0x1.4f5a9cp-3
0x1.02a57ep-2
0x1.839efcp-3
-0x1.4e9468p-4
-0x1.e03b12p-3
-0x1.94fcd8p-3
0x1.b63d9ep-5
0x1.496282p-3
0x1.cef83cp-4
0x1.14cfd4p-3
-0x1.349876p-3
-0x1.78f6bep-2
0x1.c6d46cp-3
0x1.063a0cp-6
-0x1.7c6996p-3
-0x1.c05dc8p-8
0x1.9c4542p-6
-0x1.23c26cp-4
-0x1.a12e64p-3
-0x1.3de0c8p-7
-0x1.90be36p-3
0x1.d7b474p-3
0x1.30a066p-7
-0x1.79f80ep-2
-0x1.7863a2p-3
-0x1.b9d3e2p-4
-0x1.ddb4c8p-5
0x1.a27574p-5
-0x1.81477ep-2
0x1.808e24p-2
0x1.0ef628p-7
0x1.ec2994p-4
0x1.1f386ep-6
0x1.0a13e6p-4
-0x1.283c56p-3
-0x1.308e74p-2
0x1.6891fep-1
-0x1.0f955p-5
-0x1.213e12p-6
-0x1.2e42bap-4
-0x1.cf8d64p-4
-0x1.d7e86cp-8
-0x1.1242b2p-2
-0x1.475c72p-4
0x1.cfb712p-2
0x1.30598p-3
0x1.0415c6p-1
-0x1.994acp-5
0x1.5d46e2p-2
-0x1.2455e6p-8
0x1.374346p-2
-0x1.114edcp-2
0x1.ceed2p-3
-0x1.80495cp-6
-0x1.f46944p-4
0x1.c6498p-2
0x1.2a1286p-3
0x1.98e762p-2
-0x1.4464cap-2
-0x1.345cfcp-3
-0x1.78f4fep-4
-0x1.ec7bep-9
0x1.01efep-5
-0x1.338324p-3
0x1.a333d4p-3
0x1.131998p-4
0x1.b2cafep-4
0x1.ebbd0ep-3
-0x1.9f68dep-3
0x1.a9135ep-4
0x1.838826p-3
0x1.65511p-2
0x1.187afp-5
-0x1.380f98p-4
-0x1.232fecp-5
0x1.69f60ep-7
0x1.a9baf4p-1
0x1.ef3582p-3
-0x1.c607aap-3
0x1.1cc758p-1
-0x1.fa8f9cp-5
-0x1.fe7f5ap-4
-0x1.8fb7e2p-4
-0x1.a4f458p-4
-0x1.70b56ap-2
0x1.8669c2p-4
0x1.6db18ap-2
0x1.31996p-2
0x1.206d86p-3
0x1.05d9a2p-2
-0x1.1759dep-1
-0x1.caffp-3
-0x1.aab34ap-3
-0x1.282d58p-3
-0x1.022112p-1
0x1.989b18p-6
0x1.8a7892p-5
0x1.7de184p-5
0x1.9c7fe8p-3
-0x1.555836p-9
-0x1.19f0a8p-4
0x1.023eb8p-3
0x1.1552f4p-1
-0x1.8e05a8p-2
-0x1.74f3e8p-1
0x1.27875ep-3
-0x1.dad446p-5
0x1.3ec83cp-5
-0x1.c29f8cp-3
-0x1.dd04p-3
-0x1.4d2d9p-1
-0x1.e51626p-5
0x1.71758cp-2
0x1.34dd5cp-3
-0x1.6693d6p-5
0x1.76a34cp-3
-0x1.325332p-4
0x1.8c8c8p-2
-0x1.0fa4e6p-7
-0x1.43177cp-4
-0x1.0e3fb4p-3
0x1.06bf6cp-5
-0x1.f949cap-2
0x1.6dab2cp-6
-0x1.c950bp-9
0x1.6268a4p-4
0x1.44862cp-5
0x1.4873a8p-4
-0x1.8b87d6p-9
0x1.998ce2p-2
0x1.018212p-2
0x1.b3351p-8
0x1.e3237ap-4
0x1.ba61p-3
0x1.525178p-3
0x1.8939c8p-3
0x1.ab03a4p-2
-0x1.35ba3cp-4
0x1.09735ep-5
0x1.593e94p-4
0x1.fcb646p-2
0x1.9c71fcp-3
-0x1.4c6c6p-3
-0x1.a240d6p-2
-0x1.ced9d6p-3
0x1.7c0036p-4
-0x1.8b75e4p-5
0x1.517fc2p-2
0x1.03566cp-3
0x1.7779b8p-2
0x1.0145dcp-1
0x1.7ad454p-4
0x1.bec5ap-3
-0x1.07c6eap-6
-0x1.ca470ep-5
-0x1.eab25cp-3
0x1.f885e4p-6
-0x1.6d2a7cp-2
-0x1.55e486p-3
0x1.7c04ecp-4
-0x1.f13aa4p-4
0x1.9c2b8ep-6
-0x1.723194p-3
0x1.abfb3p-5
-0x1.da2d82p-1
-0x1.5810d8p-1
0x1.573098p-7
0x1.3bcdacp-2
0x1.222612p-1
-0x1.471a36p-3
-0x1.db30b4p-2
-0x1.cb2a1cp-3
0x1.7f196cp-3
-0x1.545442p-3
0x1.0ef74p-5
-0x1.44c0cp-3
0x1.93b876p-2
-0x1.32018ep-3
-0x1.6451d4p-4
0x1.850836p-4
0x1.8b19bp-5
0x1.361a5cp-1
0x1.733d3ap-4
0x1.131766p-2
0x1.d64978p-5
-0x1.6c329ap-2
0x1.590288p-3
0x1.1165c6p-2
-0x1.83d7eap-3
-0x1.7fb39ep-2
0x1.db4f16p-5
-0x1.dd7e5ap-6
-0x1.92ba8p-2
0x1.aabdd8p-1
0x1.dd2c4ep-2
0x1.0f848ap-2
0x1.44ce98p-3
0x1.15d1eap-1
-0x1.c255b6p-5
-0x1.5f3698p-3
0x1.a0f56p-3
-0x1.d6e17cp-2
-0x1.3cbc28p-3
0x1.37b2c4p-2
0x1.042214p-3
-0x1.d62178p-4
0x1.2bb3a6p-1
-0x1.734dcap-4
0x1.39561ep-3
-0x1.20b058p-2
0x1.6030c6p-3
0x1.a4017ap-3
0x1.4e8394p-2
-0x1.8427bcp-3
0x1.9d19cp-2
-0x1.30bbc4p-5
0x1.a6517ep-6
-0x1.3ca772p-7
0x1.d68772p-2
-0x1.3d20eep-3
-0x1.76c8ccp-4
-0x1.6428aep-1
0x1.d6ceb2p-2
-0x1.3fec9ep-2
-0x1.770232p-2
-0x1.77b3c6p-4
-0x1.7b13d8p-2
0x1.2e511cp-4
-0x1.32d10ap-2
0x1.26d3ecp-2
0x1.55c546p-5
-0x1.4f0b74p-3
-0x1.c91fcp-6
0x1.1d136p-5
-0x1.30252p-2
-0x1.806ed8p-3
0x1.6f7f1cp-3
-0x1.6ed53ep-2
-0x1.b5b622p-2
-0x1.08903ep-2
-0x1.cc3c9ep-2
-0x1.0705f4p-1
0x1.623096p-2
0x1.64f3c4p-1
-0x1.910a72p-2
0x1.7c7ffcp-3
0x1.751ffp-4
0x1.ecca74p-2
-0x1.8060f8p-3
-0x1.11367cp-1
-0x1.f723b6p-8
0x1.0deb02p-1
0x1.c9b5dep-3
-0x1.e8953ap-4
-0x1.1f00d6p-3
-0x1.aecc38p-7
-0x1.eb7162p-2
0x1.4a4ebep-2
0x1.2689a6p-3
-0x1.3b1c8ep-2
0x1.9d5c84p-2
-0x1.fac0fap-3
0x1.764edp-3
-0x1.481be4p-3
-0x1.06adc8p-3
0x1.3ea6c2p-4
-0x1.0721ap-2
0x1.01a6c6p-4
0x1.ecdfaep-5
-0x1.1c6524p-8
-0x1.f63714p-2
0x1.f01734p-3
0x1.70e428p-2
-0x1.358e0ep-1
0x1.8df19ep-1
0x1.1361acp-2
0x1.75b79cp-3
0x1.f50282p-1
0x1.528438p-2
0x1.12234cp-2
-0x1.f7f4acp-4
-0x1.76b43ep-4
0x1.a85102p-1
0x1.2f69e2p-1
-0x1.5cf094p-1
0x1.341a2p-3
-0x1.66fb0ap-2
0x1.70cecp-1
-0x1.25f1d4p-1
0x1.2ae942p-3
-0x1.083c06p-3
0x1.41af5ap-2
0x1.4df224p-5
-0x1.5f60eap-2
-0x1.cf244ep-3
0x1.862522p-4
-0x1.c7a6dcp-3
-0x1.aaec8p-1
-0x1.84708ep-3
0x1.8c6002p-4
0x1.42ef0ap-3
0x1.39757ep-2
0x1.453644p-2
-0x1.cd393cp-3
0x1.6fc272p-3
-0x1.37505ap-1
0x1.9501a4p-3
0x1.92bff2p-3
-0x1.ac4298p-3
-0x1.e90d68p-2
-0x1.6d9474p-2
0x1.0d47cp-2
0x1.48587cp-3
0x1.96f432p-2
0x1.407eeep-3
-0x1.59aa8p-1
-0x1.16664ap-3
-0x1.04f624p-2
-0x1.cda60cp-3
-0x1.25846ep-1
0x1.047fd4p-2
0x1.45e62p-2
-0x1.45e51ap-2
-0x1.2ef188p-1
0x1.09d2eap+0
-0x1.973e52p-2
-0x1.2b226p-3
-0x1.de4ae2p-4
0x1.fbaa74p-9
-0x1.fd81a6p-3
0x1.acb626p-4
0x1.022d3cp-3
-0x1.6d5838p-2
0x1.79df66p-1
-0x1.b7cc04p-3
0x1.643842p-5
0x1.a30ad2p-2
0x1.ac95d6p-3
0x1.fb4492p-2
0x1.955cap-3
-0x1.76db82p-3
-0x1.bc0dd2p-2
-0x1.b6afcap-5
0x1.f71c5ap-2
0x1.c6718ap-2
0x1.1ae37cp-4
0x1.521b3p-3
-0x1.7c097p-3
-0x1.06d0fap-3
-0x1.e24afep-5
0x1.fb8512p-2
-0x1.f9c79ap-3
0x1.5ce79p-3
-0x1.560e86p-6
-0x1.a29464p-1
-0x1.6104b2p-2
-0x1.4d65d8p-5
0x1.c1e3eap-5
0x1.36387ep-3
0x1.29ff6cp-3
-0x1.dea88p-2
-0x1.fcd326p-3
-0x1.92a44ap-3
0x1.0a2042p-2
0x1.4a0136p-2
0x1.532e18p-3
0x1.76b06cp-2
-0x1.76b07p-2
