7
110
25
20
15
10
5
2
tanH
tanH
tanH
tanH
tanH
softmax
0x1.856d2p-1
0x1.036dcep-1
-0x1.7020e4p-3
-0x1.c036fp-3
0x1.04ef32p-2
-0x1.dc5b34p-3
-0x1.c663b6p-3
-0x1.560174p-2
0x1.53f91ap-2
0x1.6ece6cp-2
0x1.156836p-3
0x1.373b9ep-6
-0x1.79fbd6p-10
-0x1.3a3caep-4
-0x1.2407f6p-2
0x1.880c1p-3
-0x1.1b429ap-1
-0x1.f164b6p-2
-0x1.6f0658p-2
-0x1.eba33ep-6
-0x1.cfab4ap-2
-0x1.24dba2p-3
0x1.398684p-2
0x1.bd862ep-2
-0x1.c18648p-2
0x1.94d3e6p-1
0x1.d3b82ap-2
-0x1.4628a2p-4
-0x1.26ec06p-2
0x1.fa1fe2p-2
-0x1.1ce922p-3
-0x1.81e4acp-2
-0x1.e4c772p-3
0x1.82012ap-2
0x1.295278p-1
0x1.2b3eb2p-2
-0x1.7eafb8p-5
0x1.3f1f12p-2
-0x1.063bbcp-1
-0x1.f2664p-2
0x1.95eb26p-2
-0x1.eb7a62p-3
-0x1.25a66p-1
-0x1.c99fdap-2
-0x1.33ab28p-3
-0x1.31248ap-1
-0x1.3893dcp-2
0x1.6016a4p-3
0x1.174574p-1
-0x1.b8f95p-2
0x1.618bbcp-2
0x1.b5e8bcp-3
0x1.33ce96p-5
0x1.d5e784p-3
-0x1.cf4e1ap-4
0x1.c17a7ap-4
-0x1.6dccf2p-2
-0x1.be488p-3
0x1.fbc73p-4
0x1.6fa79ap-4
0x1.8bfb5p-2
-0x1.82291p-5
0x1.7d2ef4p-3
0x1.3001e2p-3
-0x1.ba0984p-5
-0x1.6191f4p-2
-0x1.638792p-3
-0x1.9b0dccp-2
-0x1.1101f4p-10
-0x1.3ce268p-3
0x1.031a0cp-3
-0x1.813808p-6
0x1.3a8eeap-5
0x1.24fcc2p-7
-0x1.6425dep-2
0x1.153646p-3
-0x1.03950ep-1
0x1.cedbc4p-1
0x1.7b9e32p-2
-0x1.25ee4p-1
-0x1.1c5668p-1
0x1.f7ca18p-3
0x1.5424dcp-1
-0x1.4e7e5p-2
-0x1.f93a72p-4
0x1.1cf41ap-3
-0x1.8a223ep-1
0x1.1bafp-4
-0x1.d3ee0cp-2
-0x1.59fc56p-2
-0x1.40b5f8p-5
-0x1.24fa98p-2
-0x1.63fd9cp-3
0x1.08af5cp-1
0x1.c94cc4p-2
0x1.c12c7cp-6
0x1.ba6752p-6
-0x1.a7a626p-2
-0x1.fdc33ap-2
0x1.e5b7dcp-2
0x1.6223d4p-2
0x1.5b5c7p-2
-0x1.332fc4p-4
-0x1.a4f628p-4
0x1.19e088p-2
0x1.56bf3p-3
-0x1.56ebd4p-4
-0x1.7987eap-2
-0x1.51acbap-5
0x1.8d0f2cp-2
0x1.22e11ep-4
0x1.1b8c2p-1
0x1.a31a9ep-3
-0x1.228096p-3
-0x1.009ed4p-4
0x1.a02caep-2
-0x1.f9af7ep-9
-0x1.84f25p-4
-0x1.b640e8p-2
-0x1.3a1a32p-1
-0x1.148bb8p-2
-0x1.0511bep-3
0x1.889a48p-3
0x1.72a848p-2
-0x1.211dc2p-3
0x1.3b8a24p-1
0x1.c90baap-2
-0x1.7bdd66p-2
-0x1.139264p-2
0x1.cdf7dap-2
-0x1.10572p-6
-0x1.c869b4p-3
-0x1.69f9dp-2
0x1.340af6p-4
0x1.23eb06p-1
0x1.2316d6p-2
0x1.17b5fap-1
0x1.018fdcp-2
-0x1.1b3d6cp-2
-0x1.095dbcp-2
0x1.c0bd44p-2
0x1.9435bep-5
-0x1.7b83a8p-3
-0x1.59b832p-1
-0x1.495566p-2
-0x1.19dfeep-1
-0x1.95a8eap-2
0x1.4499p-4
0x1.8ee5c8p-2
-0x1.81d0bep-2
0x1.123b04p-6
0x1.b9006cp-4
-0x1.47bd82p-2
-0x1.00d024p-2
0x1.19f3d2p-1
0x1.93dfc4p-6
-0x1.9a198ep-4
-0x1.5af576p-2
0x1.0dc976p-2
0x1.0d2b2cp-4
-0x1.ab496ep-2
0x1.06611cp-2
0x1.f23158p-4
-0x1.aeed04p-4
0x1.640404p-5
0x1.102f3cp-2
0x1.5ce452p-2
0x1.63f87ep-3
-0x1.030a1p-3
-0x1.9679bap-3
0x1.a19788p-4
0x1.78e71ep-4
0x1.2ce486p-2
0x1.0f12a2p-3
-0x1.26ae48p-2
-0x1.279a5ap-3
0x1.995c72p-3
-0x1.a60532p-2
0x1.3684a8p-3
0x1.190ceep-3
0x1.0ce9f2p-4
0x1.403102p-4
-0x1.8ac44cp-4
0x1.c0bb38p-3
-0x1.e1e92ep-4
-0x1.19f646p-3
0x1.25f3dep-3
-0x1.84130ep-3
0x1.f129b4p-4
0x1.667d2cp-2
-0x1.5741bcp-4
-0x1.92ae46p-3
-0x1.3b2058p-3
-0x1.c1c95ep-3
-0x1.dd4804p-5
0x1.b9ce3cp-7
-0x1.eb6c28p-4
-0x1.76ce48p-5
0x1.ec568p-4
-0x1.05121cp-3
-0x1.787f8cp-2
-0x1.805bbep-2
0x1.6d1a2ap-3
0x1.2c5926p-1
-0x1.6e2008p-1
0x1.2c652cp-6
0x1.bcb422p-2
0x1.6567dap-2
0x1.20697ep-4
-0x1.734c86p-3
0x1.ee7a46p-3
-0x1.209e9ap-2
-0x1.5f658cp-4
0x1.0d3fc4p-1
0x1.f8b22cp-4
-0x1.4aa924p-1
-0x1.03abdap-4
-0x1.de2b3cp-4
0x1.a13208p-2
-0x1.f47e2cp-6
0x1.16b89cp-1
0x1.2b5f5p-1
-0x1.258e68p-2
-0x1.1a308cp-3
-0x1.2f6d96p-3
-0x1.15a9ap-8
0x1.1b0498p-4
-0x1.83df56p-11
0x1.fc3914p-4
-0x1.f1458ap-6
0x1.2bd908p-4
0x1.ba6d4ap-4
-0x1.0ef904p-2
-0x1.f8dac2p-7
0x1.003c1p-2
0x1.ebca64p-2
0x1.35adccp-4
0x1.1707f2p-3
-0x1.3ce58cp-2
-0x1.59a616p-7
0x1.322f56p-3
-0x1.1e236ep-2
0x1.970924p-6
-0x1.efa3c4p-4
-0x1.bd4abap-4
0x1.80d574p-6
-0x1.43df28p-4
0x1.812d06p-3
0x1.fbd1ap-4
-0x1.5a7b44p-3
-0x1.a9583cp-4
-0x1.1d4b62p-6
-0x1.ff2f94p-5
0x1.0bb4e4p-4
0x1.bd9d6ap-5
0x1.afa2ap-3
0x1.6b19dcp-3
-0x1.c5e026p-4
0x1.0517ccp-3
0x1.4f02cap-6
0x1.ceb10cp-2
-0x1.028f9ap-6
0x1.515d4ep-5
-0x1.8214dcp-2
-0x1.40b0c2p-4
0x1.56b166p-6
-0x1.88a8ap-3
-0x1.0a9e94p-5
0x1.95082p-6
0x1.9f8854p-3
0x1.e59fe8p-4
-0x1.f7fecep-3
0x1.afc726p-4
0x1.ec815p-3
-0x1.4c102cp-5
0x1.bb3fa8p-3
0x1.986806p-2
-0x1.b7efa4p-3
-0x1.6fcc82p-10
0x1.70d056p-3
0x1.10e6bap-3
-0x1.d21f98p-3
-0x1.95bed8p-4
0x1.7b9314p-4
0x1.cd0e86p-3
0x1.d91512p-3
-0x1.3af56ap-3
0x1.520be8p-2
-0x1.a16336p-3
-0x1.8844cp-2
0x1.1e0abap-2
-0x1.af2b16p-2
-0x1.7fe9a4p-3
-0x1.2fd566p-2
-0x1.850144p-2
-0x1.af9b48p-2
-0x1.6f8ab6p-2
0x1.72e114p-2
0x1.9ed582p-3
-0x1.b62f8ap-4
-0x1.0f93dap-2
0x1.ae6c7cp-3
-0x1.30ed0cp-4
0x1.0b87d8p-4
-0x1.d79482p-3
0x1.a7d97ap-6
0x1.2a9eacp-3
-0x1.663762p-4
0x1.3fd072p-4
0x1.2806cep-2
0x1.b26a5ap-5
-0x1.0429aap-3
0x1.344ef4p-2
0x1.bfdf7ap-7
-0x1.3933ep-4
-0x1.15421p-4
-0x1.3e7dacp-4
-0x1.3a6824p-9
0x1.3fd654p-3
-0x1.09df0ep-2
0x1.4880fap-3
-0x1.4606ap-4
0x1.aea062p-5
-0x1.e991bap-5
-0x1.6be992p-7
-0x1.1a62bp-2
-0x1.e04592p-4
-0x1.4c5e9ap-6
0x1.b57da6p-3
-0x1.202a08p-3
-0x1.9212d4p-4
0x1.353f28p-3
0x1.09df4ap-4
0x1.1325d4p-3
-0x1.f8d004p-2
-0x1.05798ep-3
-0x1.d72ae4p-3
-0x1.247f96p-2
-0x1.28254ap-3
0x1.e89866p-3
-0x1.5c3164p-4
-0x1.11f8f2p-2
-0x1.b63d4cp-5
0x1.5b0cd2p-2
0x1.ed9d9ap-2
-0x1.0e3622p-3
0x1.6ea862p-4
-0x1.3c48bcp-2
-0x1.2ed458p-3
-0x1.212276p-3
-0x1.1c8f64p-4
0x1.7b7e2cp-7
-0x1.12ba14p-3
0x1.2f92cap-3
-0x1.028c72p-2
0x1.a5480ap-7
0x1.92b8c4p-7
-0x1.b85a58p-7
0x1.cc7214p-4
-0x1.43a8bcp-3
0x1.37e3ap-2
-0x1.5cd9bcp-2
0x1.42c63p-3
-0x1.7f3efp-3
-0x1.84b5fap-4
-0x1.a65464p-2
-0x1.04502cp-2
-0x1.af307ep-3
0x1.152fbep-4
0x1.24f338p-3
0x1.3fff3p-3
-0x1.2a995ap-5
-0x1.f3b71p-3
-0x1.2a5f54p-2
-0x1.0b979p-5
0x1.81035cp-3
0x1.62b67ep-3
-0x1.158afp-3
-0x1.145066p-2
0x1.871c02p-2
0x1.19d90cp-3
-0x1.4606f4p-2
-0x1.dfcffap-3
0x1.dc1442p-3
0x1.aaaaf6p-3
-0x1.64dd04p-2
0x1.b9a8f2p-4
0x1.6aa2d8p-4
-0x1.397344p-3
0x1.189b5cp-4
0x1.ba937p-4
0x1.8789c6p-2
0x1.0bf6aap-3
-0x1.345de8p-2
-0x1.7ca5a8p-3
0x1.f2c9a2p-4
0x1.686c26p-6
0x1.bfc26p-3
0x1.70353p-7
-0x1.bc242cp-3
-0x1.4b03f6p-3
0x1.1dfe76p-4
-0x1.4c6ed6p-2
-0x1.297d8cp-1
0x1.3d2bb8p-2
0x1.cf60f4p-3
-0x1.484a22p-2
-0x1.0b8bc4p-5
0x1.7003c4p-3
0x1.59bd14p-5
-0x1.f80ca2p-2
0x1.2a76dp-3
0x1.683188p-7
-0x1.dd20cp-8
0x1.dac5ep-3
-0x1.4d66b8p-4
0x1.c2311p-3
0x1.061776p-2
0x1.12e594p-6
-0x1.0c4746p-5
0x1.30977p-3
-0x1.9ccaa8p-6
0x1.20d4dap-3
0x1.54b864p-4
-0x1.92ffb4p-5
-0x1.3937dap-5
0x1.7bea4cp-3
-0x1.cfcd04p-2
-0x1.89645ap-3
0x1.18ad86p-2
0x1.853ca4p-2
-0x1.efba42p-5
-0x1.2328cp-2
0x1.7623cap-2
0x1.b474e2p-6
-0x1.9fe21ep-3
0x1.01abfcp-2
0x1.082a72p-2
-0x1.beabc6p-4
-0x1.c0ba34p-6
-0x1.5df09ep-3
0x1.f6878ep-7
0x1.34f0dap-3
0x1.0079e4p-2
-0x1.fd6a56p-3
0x1.f42f8cp-2
0x1.1f39aap-3
0x1.27169ap-1
-0x1.514b7ap-5
-0x1.1e67c4p-2
-0x1.48ba6cp-6
0x1.c8cb7p-6
-0x1.7ab60ep-2
-0x1.daaf36p-2
0x1.a06dcp-2
0x1.629468p-2
-0x1.2b8458p-6
-0x1.55aff8p-2
0x1.52f79p-1
0x1.1d7466p-2
-0x1.c41edcp-2
0x1.5a6e6ap-4
0x1.b30154p-3
-0x1.09477cp-2
0x1.13665ap-6
-0x1.bb0c3ap-5
0x1.b8efa8p-4
0x1.aceabap-3
0x1.9c6876p-4
-0x1.7e4ec8p-3
0x1.ddc13cp-3
-0x1.4ea852p-6
0x1.6ff408p-2
0x1.495798p-4
-0x1.d1760ep-3
-0x1.503d9p-5
0x1.d6c6e4p-4
-0x1.d43b12p-3
-0x1.4dce56p-2
0x1.f25562p-4
0x1.d8e47ep-2
-0x1.a5009p-4
-0x1.8ea524p-2
0x1.4e46c6p-2
0x1.e1fb94p-7
-0x1.40c2a2p-2
0x1.0c9f62p-3
0x1.8d06c6p-3
-0x1.d93daep-3
0x1.729f46p-3
-0x1.1095dep-6
-0x1.39a8f6p-8
0x1.e0cf9ep-3
-0x1.e5e4aap-4
-0x1.7ee1c8p-5
0x1.d38104p-3
-0x1.a6ee0ap-7
0x1.f2b42ep-2
-0x1.1599fp-4
-0x1.38ac2ep-3
0x1.3124f8p-5
-0x1.1bb03cp-4
0x1.2b8784p-3
0x1.395daep-3
-0x1.f15cf2p-3
-0x1.e3eb76p-3
0x1.a13328p-4
-0x1.47e6a2p-6
0x1.7f9cbp-4
0x1.1987f6p-6
0x1.0030c4p-3
-0x1.f58e38p-2
-0x1.79c6b4p-4
0x1.f0bbf2p-6
-0x1.c240dcp-5
-0x1.ba5b2p-3
-0x1.e7fcdcp-4
0x1.a0c4c4p-6
0x1.b8ef2ap-3
0x1.9898p-3
-0x1.0e839ap-2
-0x1.e98b92p-3
0x1.a689f2p-5
-0x1.b98904p-4
-0x1.e5436p-5
-0x1.20b81cp-5
-0x1.3cd5b2p-3
0x1.f05826p-10
0x1.d666bap-7
0x1.48115ep-3
0x1.5a2ed6p-3
0x1.7bb6dep-4
-0x1.0831ecp-5
-0x1.689d1p-4
0x1.60b30ep-5
0x1.6835aep-3
0x1.1036f2p-2
-0x1.a609ccp-4
0x1.c2e2b6p-3
0x1.d3387ep-7
0x1.913a4p-5
-0x1.9f84cp-3
-0x1.73ba9ep-3
-0x1.ba79f4p-4
-0x1.ee562cp-5
-0x1.afbc18p-3
-0x1.29056cp-4
0x1.8960bep-3
0x1.1dd27cp-3
0x1.4aff9ep-6
0x1.513376p-6
-0x1.0d0a92p-6
0x1.6ca9a2p-2
-0x1.baacdep-6
0x1.00f1e8p-6
-0x1.b69c9p-4
0x1.db8e7p-4
-0x1.0c7b5ep-3
-0x1.ce7298p-4
0x1.625a0cp-7
0x1.e4b908p-3
-0x1.45c77ep-2
0x1.06e776p-2
-0x1.8ef9b4p-2
-0x1.8fdee6p-2
-0x1.f53216p-5
0x1.3cfec8p-3
0x1.1f389p-3
0x1.7a89ccp-4
0x1.af051ep-2
-0x1.2d334ep-3
-0x1.3937ccp-2
0x1.8d9c2ap-4
0x1.d2ecfp-4
0x1.ef4ca4p-3
-0x1.f05c2ap-2
0x1.f834b8p-4
-0x1.b4446ep-5
-0x1.c1d3e2p-3
0x1.7e59dcp-4
0x1.1c308cp-2
0x1.5cee9ap-3
-0x1.650484p-2
0x1.ff9b5ep-3
-0x1.853034p-2
-0x1.7dd0ccp-3
-0x1.0e18ccp-8
-0x1.0272cp-1
-0x1.cee31p-3
0x1.cb86ap-2
-0x1.0b945cp-4
0x1.5025dp-3
0x1.04913cp-1
0x1.46a6f2p-2
0x1.82c496p-3
-0x1.02c96cp-2
0x1.22eabap-3
0x1.6d2846p-3
0x1.10de7ep-3
-0x1.d7004cp-3
0x1.3953cp-1
-0x1.678168p-1
0x1.c1aad8p-2
0x1.026edcp-1
-0x1.d34ca4p-3
-0x1.429c64p-1
0x1.46cc26p-5
0x1.e25ec2p-3
-0x1.b4072cp-2
0x1.dce13ep-5
0x1.6544d8p-2
-0x1.d4ef8ep-4
0x1.beea82p-3
0x1.243dcp-3
-0x1.c38facp-2
0x1.ca3152p-6
-0x1.03547ep-1
-0x1.d9dc1ap-4
-0x1.5d8a34p-1
0x1.6e48fcp-4
0x1.9dee7ep-2
-0x1.babcd8p-2
-0x1.306c4cp-1
-0x1.24d3f6p-2
0x1.f92ecap-4
-0x1.bdf9ecp-10
-0x1.ae19f4p-6
-0x1.17ec9ap-2
-0x1.2f423ap-3
0x1.f2c812p-6
0x1.038dfap-5
0x1.4ca284p-2
-0x1.e3ea12p-6
-0x1.75eea2p-3
-0x1.18cc06p-2
0x1.2c74dp-3
-0x1.a26d52p-5
-0x1.d27a8cp-3
-0x1.bd9a76p-2
-0x1.4bdba4p-3
-0x1.52fe58p-4
0x1.253ffp-2
0x1.38c90cp-2
0x1.533c7p-5
0x1.0ed926p-2
0x1.6b10a2p-3
-0x1.76f8cap-3
0x1.cfc8b8p-4
-0x1.796e28p-3
-0x1.fdb034p-4
0x1.26fe4p-2
0x1.c80ebap-4
-0x1.0db7fcp-3
-0x1.4d245ap-5
0x1.e09b46p-5
-0x1.73be4ep-3
-0x1.72bafcp-2
-0x1.68f7a8p-5
0x1.e2a9f2p-4
0x1.320386p-3
0x1.df35b6p-3
0x1.583eacp-3
-0x1.1bd102p-5
0x1.a833aep-3
-0x1.f3aa54p-3
0x1.d5a034p-3
-0x1.dd9694p-4
-0x1.cbc23ap-4
-0x1.4c3d94p-2
-0x1.156d3ap-3
0x1.33939cp-4
-0x1.5fb42ap-6
0x1.441926p-5
0x1.116e8p-5
-0x1.723ad6p-3
0x1.4fcc4p-4
-0x1.7d518cp-3
0x1.c61c9p-4
0x1.97ec76p-5
0x1.118dfep-4
0x1.521c72p-3
0x1.ef26cap-4
0x1.3aafa4p-7
-0x1.029c34p-4
-0x1.b6fdp-7
0x1.e37f1ep-3
0x1.7299a4p-5
0x1.eb7deep-4
0x1.857994p-6
-0x1.1bb9aep-2
-0x1.8dcb6ep-2
0x1.8e9c76p-4
0x1.6c067cp-4
-0x1.9c6656p-4
0x1.58712ap-4
0x1.ad7bacp-4
-0x1.2aae78p-2
-0x1.3ad6acp-5
-0x1.9b5ae8p-5
0x1.1de938p-2
0x1.3afe0ap-3
0x1.43f06ap-5
0x1.4cbd26p-4
0x1.e22366p-6
0x1.4f6b88p-5
0x1.81cf56p-3
0x1.b797f6p-4
-0x1.2a58p-2
0x1.4943a8p-3
0x1.0466aep-5
0x1.20680ep-3
0x1.c8006cp-3
-0x1.749b12p-2
0x1.0c437p-3
-0x1.d7d45ep-3
-0x1.671ap-3
0x1.4bfb2ep-3
-0x1.e4ab8cp-3
-0x1.977f3ep-3
-0x1.5b0ebp-3
-0x1.6940d4p-3
-0x1.d53b64p-4
0x1.148a1p-2
-0x1.32831ap-4
-0x1.77b0e8p-6
-0x1.30c2dcp-8
0x1.dbdc42p-6
-0x1.c6f13p-3
-0x1.0a014cp-3
0x1.ca6156p-6
0x1.01c79ep-2
0x1.865ffcp-3
-0x1.a439dcp-6
0x1.900cbep-4
0x1.1f0dep-3
0x1.de2804p-9
0x1.f36536p-3
0x1.813068p-4
0x1.3cf944p-7
-0x1.40f7c2p-2
-0x1.0533fap-5
0x1.f1094ap-5
0x1.1f06c4p-3
0x1.367f2ap-5
-0x1.3caa24p-5
0x1.535fcep-4
0x1.2ea3d2p-6
0x1.bbac5cp-4
0x1.e1c742p-4
-0x1.aae5b2p-4
-0x1.4e27b8p-5
0x1.0f8e96p-4
0x1.4ee5ep-4
0x1.0011cap-6
0x1.b96032p-5
-0x1.f40fa6p-4
0x1.e0e5b2p-4
-0x1.a54e1ap-4
0x1.9f09d8p-3
-0x1.c0674p-5
-0x1.fb2eeap-2
-0x1.25b312p-6
-0x1.4a076cp-4
0x1.103eb2p-4
-0x1.6960d4p-4
-0x1.636e88p-5
0x1.3ebe26p-3
0x1.13c4c2p-4
0x1.06a042p-4
0x1.91c636p-3
-0x1.2a498cp-6
-0x1.c572b4p-3
0x1.bed37p-3
-0x1.c9e8d8p-3
0x1.534374p-3
-0x1.032004p-3
-0x1.7d7e04p-3
-0x1.33654p-4
-0x1.14fafcp-7
-0x1.a1d074p-3
0x1.16c48ap-6
0x1.d746e6p-3
0x1.3e6e9ap-3
-0x1.8efd46p-4
-0x1.95e6dep-2
-0x1.2bb654p-4
-0x1.747ddap-3
-0x1.3c4614p-2
0x1.f49bp-13
-0x1.2fdd52p-2
-0x1.94cd22p-4
-0x1.ec6d06p-5
0x1.4939c6p-2
0x1.33a25ap-2
0x1.c9f114p-2
0x1.1d1aap-2
-0x1.5be81ep-3
0x1.ef3b86p-5
-0x1.64e4dap-4
0x1.f4e1ap-4
-0x1.d68e2ep-5
-0x1.994106p-5
0x1.9fe17ep-2
-0x1.639474p-4
0x1.1ef87p-7
-0x1.b7221ep-2
0x1.343306p-5
0x1.8dc616p-5
-0x1.75fad4p-6
-0x1.e52f8p-3
0x1.28efaap-4
-0x1.27fa76p-3
-0x1.941648p-4
-0x1.56da9ep-2
-0x1.8dfb48p-4
-0x1.865858p-10
0x1.495fccp-2
0x1.7ee15ep-2
0x1.4b60f2p-3
0x1.0b8ec6p-2
0x1.f93fd6p-4
-0x1.567328p-2
-0x1.bf607ep-3
-0x1.176158p-4
0x1.7b2b7ep-3
-0x1.fc16d6p-5
0x1.a58b96p-5
0x1.99408ap-2
0x1.d639b4p-4
-0x1.b30bdp-4
-0x1.034ee6p-1
0x1.4ffe3cp-3
-0x1.e2e0c2p-5
-0x1.c7b554p-5
-0x1.1c5152p-2
-0x1.27d98p-3
0x1.f1892cp-10
-0x1.c42572p-2
-0x1.b0ec46p-3
0x1.cb5908p-2
0x1.958f54p-2
0x1.963da8p-5
0x1.9e36fep-5
0x1.f50de2p-4
0x1.487e9ap-2
-0x1.354e7ap-7
-0x1.0ec272p-3
-0x1.21213ep-2
-0x1.826dccp-3
0x1.2761f4p-3
0x1.06b548p-4
0x1.d15892p-5
0x1.5d4284p-4
0x1.e40a1ap-5
-0x1.d04328p-5
0x1.5c32e6p-3
-0x1.16e082p-3
0x1.8ead9cp-4
0x1.edb1aep-3
-0x1.6b19bcp-4
0x1.2ad462p-6
-0x1.f2b8acp-3
0x1.5a3544p-6
-0x1.a0dc38p-6
0x1.c9a63ep-6
0x1.500fa6p-2
-0x1.e9b52cp-7
-0x1.5e3a38p-3
0x1.967aa4p-5
0x1.89f75p-4
-0x1.2e05dcp-3
-0x1.f66e76p-7
-0x1.3119ap-4
0x1.4b29dep-3
0x1.64204p-4
0x1.507034p-3
0x1.baa322p-4
-0x1.a1222ap-2
-0x1.f3c0dcp-4
0x1.5d1838p-6
-0x1.4503d8p-2
0x1.d9a128p-5
-0x1.eed792p-7
0x1.24fe34p-5
0x1.70941cp-11
0x1.4f14dcp-2
0x1.9c52f2p-5
-0x1.87dd38p-8
-0x1.05f6ecp-2
0x1.71f6cep-3
0x1.9c5508p-3
0x1.4965d4p-3
0x1.0546e8p-2
-0x1.cda96ap-2
-0x1.261aeep-3
-0x1.4a1acap-4
-0x1.456ff8p-3
0x1.8ef95ap-2
-0x1.9063d4p-4
-0x1.5799f8p-2
0x1.f19cf4p-7
-0x1.ba9316p-4
0x1.ae9746p-5
0x1.99dcb4p-2
-0x1.7781e6p-3
-0x1.aea2b2p-3
0x1.3a06acp-4
-0x1.73cb2cp-3
-0x1.a203bp-7
-0x1.e3df24p-3
-0x1.f8daeap-4
-0x1.42699ap-3
-0x1.a3158p-4
0x1.128808p-5
0x1.070474p-3
-0x1.c32a54p-6
-0x1.df22e2p-4
-0x1.de0c58p-5
0x1.3cf97cp-3
0x1.2ff582p-3
-0x1.344b9ap-3
-0x1.16ede6p-2
0x1.6ea71ep-6
-0x1.05649ap-3
-0x1.cb87e8p-5
-0x1.fed7b8p-5
0x1.ef8d64p-3
0x1.330c6ap-4
0x1.c42b0cp-6
0x1.48e6f4p-4
-0x1.c4eab2p-7
0x1.d40eb8p-2
-0x1.0ec502p-4
-0x1.19a51cp-2
-0x1.ed6d3p-5
-0x1.125c74p-3
-0x1.0e1f92p-5
0x1.4a438cp-4
-0x1.cf4e32p-4
-0x1.886d42p-3
-0x1.28f92p-4
0x1.908774p-3
0x1.d1ac4p-3
0x1.32fc74p-6
-0x1.7a3642p-7
-0x1.d780bp-6
-0x1.47c12ep-3
-0x1.5e05eap-4
0x1.ee93dcp-5
-0x1.45571ep-4
0x1.b161c4p-5
0x1.072de8p-3
-0x1.83df62p-3
-0x1.e0aebep-5
0x1.5697ep-3
0x1.f0382p-4
0x1.e96f4p-8
0x1.0271c2p-2
-0x1.603ed6p-6
-0x1.9ae906p-5
0x1.b807ep-3
-0x1.320648p-3
-0x1.d83286p-5
-0x1.565caep-4
-0x1.7e034cp-3
-0x1.772e4p-3
0x1.b45e4ep-4
0x1.181602p-2
-0x1.830efp-6
0x1.072684p-6
-0x1.a7867p-6
-0x1.9c7f5ap-3
-0x1.f4db2ap-4
-0x1.e43f94p-5
0x1.64fd3p-3
-0x1.12b77p-6
0x1.4bd722p-6
-0x1.9c7f8cp-4
-0x1.f83492p-4
0x1.2891ecp-3
0x1.ed1afcp-4
0x1.331764p-2
-0x1.3c7732p-5
0x1.01010ap-1
-0x1.24468cp-6
0x1.ef7fcep-3
-0x1.ced764p-4
-0x1.31d37cp-6
-0x1.127e32p-2
-0x1.43f4dap-2
-0x1.2ec424p-4
0x1.0427c6p-2
0x1.f19aa2p-3
-0x1.83a34p-4
-0x1.0cff62p-5
-0x1.1f5346p-4
-0x1.3c930ap-5
-0x1.d96c9cp-3
0x1.2de574p-4
-0x1.bf39c8p-8
0x1.ec171ap-7
-0x1.e766b6p-4
-0x1.bc084ep-4
0x1.e41ddp-4
0x1.02bbcep-3
0x1.5879e6p-4
-0x1.07cd54p-2
-0x1.12ad98p-8
-0x1.18c0b6p-3
-0x1.3f127p-3
0x1.8326bep-4
-0x1.b8b7e2p-9
-0x1.0f4586p-2
-0x1.0b9428p-3
-0x1.738826p-4
0x1.a2db66p-3
-0x1.3d1bap-2
0x1.461e5p-2
0x1.1ff698p-3
0x1.b71ad6p-3
-0x1.10cb76p-3
-0x1.455aa6p-2
0x1.31d51p-3
0x1.4f7e8p-2
-0x1.057b8p-5
0x1.fe910ep-2
0x1.455ac8p-6
0x1.69db82p-3
-0x1.f47caap-4
-0x1.486b28p-3
0x1.490b3ap-4
-0x1.fe578ep-3
-0x1.10f1eep-3
0x1.db22fep-6
0x1.874278p-3
0x1.3313d6p-3
0x1.d748ap-4
-0x1.63f892p-3
-0x1.5ad68p-4
-0x1.5dc24ep-6
0x1.25cdep-7
-0x1.cd008ap-3
0x1.1704b6p-4
-0x1.0ff5e8p-4
-0x1.3d0fc4p-2
0x1.100ecp-2
-0x1.46e94cp-3
0x1.1e4c58p-4
-0x1.b31c8ep-5
-0x1.15e68ap-7
-0x1.8318ap-3
-0x1.837566p-3
0x1.420ad4p-5
0x1.3f3302p-2
-0x1.94211p-2
0x1.3694p-4
0x1.faf212p-4
0x1.0c225ep-2
-0x1.9ceb46p-4
-0x1.b5eeep-2
0x1.0506aep-8
-0x1.166a06p-3
-0x1.4cad1p-2
0x1.102ddcp-3
0x1.fddd7ap-4
-0x1.ee945cp-4
-0x1.8cfc3ep-3
-0x1.64c31ap-7
0x1.128a3cp-2
0x1.8f38a4p-2
0x1.9aeb44p-2
0x1.12f3c4p-2
-0x1.5afdbp-5
0x1.29c002p-3
0x1.c79382p-4
-0x1.4412ap-2
-0x1.027ea2p-2
0x1.f616cep-3
0x1.a8594ap-3
-0x1.56ac92p-3
-0x1.084d7cp-3
-0x1.06bcdep-4
0x1.ec5d3cp-5
-0x1.036988p-3
-0x1.504c0ap-2
0x1.a7e152p-3
-0x1.88ea88p-4
-0x1.27f976p-2
0x1.bbefbep-3
-0x1.42c2f2p-6
-0x1.241396p-2
-0x1.1a8b6ep-3
-0x1.5c0dc4p-4
0x1.489caep-2
0x1.9ccfc8p-2
0x1.41f656p-2
0x1.e0a64ap-3
-0x1.28a596p-2
-0x1.6ea43cp-2
-0x1.fcd7e6p-3
-0x1.d6533p-5
-0x1.207568p-5
-0x1.b2e916p-5
0x1.f1ba66p-8
0x1.a1e4fep-5
0x1.055e02p-3
0x1.d9c5ccp-4
-0x1.e0e65p-4
0x1.8e749ap-3
0x1.10caf8p-3
0x1.75ed5cp-5
-0x1.956cf2p-4
0x1.6618c6p-3
-0x1.23cd22p-3
0x1.62aa2p-4
-0x1.3f094cp-3
0x1.a8c6a8p-4
0x1.1207e6p-4
0x1.4ee97ap-6
-0x1.dabcdp-3
0x1.757756p-4
-0x1.10eabap-3
-0x1.d2ba3cp-5
0x1.198996p-3
-0x1.5a019cp-3
0x1.53e7acp-4
-0x1.da8d48p-8
-0x1.fb87dcp-3
0x1.7f900cp-4
0x1.d4724ap-3
-0x1.0c236ep-2
0x1.204e2ap-3
-0x1.ef95f2p-3
0x1.081b2ap-2
0x1.5b85a8p-6
0x1.81687ap-3
-0x1.d95218p-5
0x1.756f8ap-4
-0x1.044092p-2
-0x1.11bbd4p-5
-0x1.94282cp-4
-0x1.0c7c18p-3
0x1.0c6394p-3
0x1.85bddep-3
-0x1.2b0562p-5
-0x1.210506p-4
-0x1.e33224p-2
-0x1.190df4p-4
0x1.73d02ep-4
-0x1.06cd3p-1
0x1.511518p-4
-0x1.5faadep-3
0x1.4dcfcep-5
0x1.08708ep-5
0x1.4d2c42p-5
-0x1.830c38p-4
-0x1.b72b72p-4
-0x1.9ad6f8p-4
-0x1.63d90cp-3
0x1.e486dap-4
0x1.79e74p-4
0x1.6d96d6p-4
0x1.604624p-3
-0x1.1d9f62p-2
0x1.10c3c8p-3
-0x1.9e974p-5
0x1.6a676ap-3
0x1.89278ep-2
-0x1.c02424p-4
-0x1.5cf80ep-3
0x1.1be7a8p-4
-0x1.84fee4p-2
0x1.03d42ap-2
-0x1.ec9058p-4
0x1.0a60f2p-3
0x1.051fd8p-3
-0x1.c202p-4
-0x1.19a848p-4
-0x1.400c8ap-6
0x1.b1df78p-3
-0x1.8b8f14p-3
0x1.4946cp-5
-0x1.f0789p-3
0x1.879498p-8
0x1.7d4f76p-7
-0x1.dfdd2ap-8
0x1.7e23d8p-6
-0x1.247122p-2
-0x1.d6e4dap-2
-0x1.6c341p-3
0x1.4fdbep-6
0x1.6f52bep-3
0x1.b2955p-5
0x1.c9205cp-4
-0x1.6b2e78p-5
-0x1.26819ep-3
-0x1.372dcp-4
0x1.9aa84ap-5
0x1.bef35ep-3
-0x1.4d5fep-4
0x1.204946p-2
0x1.9af0f8p-3
-0x1.1557d6p-4
-0x1.dd9cd8p-3
0x1.72a984p-2
-0x1.ad8ff8p-2
0x1.1dd22p-2
-0x1.31d666p-2
0x1.10a5f4p-4
-0x1.67422cp-3
-0x1.479c36p-2
0x1.5f3f82p-2
-0x1.35990cp-3
-0x1.9dc766p-3
-0x1.218e4ep-2
0x1.846d62p-2
0x1.9e7928p-4
-0x1.6ac196p-6
-0x1.d876ep-4
0x1.490a4p-3
-0x1.dd8d9ep-3
-0x1.0e45b8p-1
0x1.f2a43ap-5
-0x1.c19de8p-8
-0x1.bb0d52p-3
-0x1.08b1d2p-3
0x1.f53648p-8
0x1.721b9ap-3
0x1.6faa44p-6
-0x1.7b0c98p-4
0x1.fd511ep-6
-0x1.610b58p-6
0x1.de8438p-6
-0x1.1ceeeep-4
-0x1.3c5284p-6
0x1.a3ebbap-7
0x1.2517aap-1
0x1.1d1328p-4
-0x1.c7276p-4
0x1.85ec12p-4
-0x1.3cde52p-3
0x1.4d64f4p-3
0x1.00fef6p-4
0x1.1081d2p-5
0x1.1074b8p-3
0x1.51851ap-5
-0x1.ff5796p-3
-0x1.5b0ae4p-4
-0x1.5217bep-3
-0x1.579c5cp-4
-0x1.1c9966p-6
0x1.471ac6p-2
-0x1.800a06p-4
0x1.37b81p-5
-0x1.6cb4f2p-4
-0x1.e1722cp-4
0x1.3e837ap-5
-0x1.53d288p-6
0x1.bef8f4p-3
0x1.909dd2p-6
-0x1.2a6418p-4
0x1.4f40eep-5
0x1.7fd774p-7
-0x1.cff474p-3
-0x1.fc159ep-4
-0x1.905794p-4
0x1.f50ea8p-6
-0x1.53ea64p-2
-0x1.c2faa2p-4
0x1.6e5deap-3
-0x1.62bde6p-4
0x1.bda9bp-3
0x1.00cc46p-4
0x1.d1ef46p-4
0x1.1f9094p-5
0x1.774e4cp-3
-0x1.5fa82cp-4
0x1.25f15p-4
-0x1.bb676p-4
0x1.51fb7cp-3
0x1.68113cp-9
-0x1.bf8ec4p-3
-0x1.95f2dep-3
0x1.01afbap-4
-0x1.e82de6p-7
0x1.23123cp-3
-0x1.0a0cbap-8
-0x1.14f646p-2
-0x1.aab65cp-3
0x1.cfbe3ep-8
-0x1.264d3ap-3
0x1.0443c2p-3
-0x1.2e1684p-2
0x1.08e444p-6
0x1.fd531cp-5
0x1.f650aap-6
0x1.1e60cap-2
-0x1.9c24fp-4
0x1.becdcep-4
-0x1.ee98c8p-4
0x1.99203cp-9
-0x1.93d05cp-4
-0x1.c50554p-4
0x1.21dbccp-4
0x1.358706p-9
-0x1.68f5a2p-3
-0x1.95677cp-4
0x1.ee50aep-5
0x1.f412c4p-3
-0x1.340816p-7
-0x1.12074cp-3
-0x1.60aeb8p-4
-0x1.e01cacp-5
0x1.3ff0bp-4
-0x1.42191p-3
0x1.0acd4ap-2
-0x1.83932ap-4
-0x1.b1879cp-5
-0x1.f0342ep-7
0x1.4de29p-6
-0x1.aa310ap-4
-0x1.76feaap-3
-0x1.07b1cap-5
0x1.3a6fap-4
-0x1.63fd42p-2
-0x1.225b4cp-3
0x1.51204ap-3
-0x1.b0d7a8p-5
0x1.a0671ep-4
0x1.17dd7ep-4
0x1.1f48aep-3
-0x1.63fd8cp-3
-0x1.d14368p-4
-0x1.7c0f98p-4
0x1.1e8f0cp-3
0x1.0857e8p-4
-0x1.eb2036p-4
0x1.f0ba3cp-4
-0x1.88a174p-4
-0x1.dd83d8p-4
0x1.260402p-2
0x1.c1a546p-5
-0x1.07cfe4p-2
-0x1.9fbf68p-5
0x1.eaed22p-5
0x1.0c797p-6
0x1.2c109p-8
0x1.819744p-5
-0x1.5dbaf2p-5
0x1.3a4666p-6
-0x1.5ced1cp-4
0x1.e4e17p-5
0x1.9446fcp-5
0x1.3f08e4p-4
0x1.5a8da8p-4
0x1.9ce78p-3
-0x1.4d40e6p-5
-0x1.dadc58p-4
0x1.771424p-2
0x1.cb33f4p-5
0x1.61d25ep-3
0x1.09921p-4
-0x1.27b71p-6
0x1.c081a2p-3
-0x1.8be09ap-5
-0x1.a3d872p-7
-0x1.d363bp-3
-0x1.06819ap-2
-0x1.da8f78p-4
-0x1.75b70cp-3
-0x1.0c40ep-5
0x1.5d3304p-4
-0x1.80591ap-3
0x1.ad8c3ap-4
-0x1.419bd2p-2
0x1.4b1064p-4
0x1.564914p-4
-0x1.2964dcp-5
0x1.9df0c4p-10
0x1.3528cap-5
0x1.04e084p-4
-0x1.46c9bcp-4
0x1.34294ap-3
0x1.580c92p-4
0x1.ebf9eep-8
-0x1.9f526ap-3
-0x1.46bc14p-4
-0x1.8b289ep-6
-0x1.142df2p-4
-0x1.35e7fp-5
0x1.2b48a6p-3
-0x1.c72214p-6
0x1.c0541cp-5
0x1.550212p-6
-0x1.d6185ep-5
-0x1.ddd0bp-5
-0x1.a303e4p-4
-0x1.94ccc4p-7
0x1.803fc4p-4
0x1.04a36ap-3
-0x1.17b71ep-2
0x1.a86138p-3
-0x1.08b058p-2
0x1.44758cp-3
0x1.0e2e6cp-5
0x1.cafcccp-3
-0x1.91339cp-4
-0x1.441e24p-5
-0x1.c10086p-5
-0x1.a1d0a4p-3
-0x1.873896p-2
0x1.8916fcp-4
-0x1.f1f054p-5
0x1.62ddbp-3
-0x1.0dbabap-4
-0x1.8a1588p-4
-0x1.20ac24p-3
0x1.12ea58p-2
0x1.b0ba98p-5
0x1.6961dp-3
0x1.4e1008p-4
0x1.1d0b3p-3
-0x1.c8661ap-3
0x1.4d08d2p-4
0x1.3efacep-3
-0x1.3839dep-4
0x1.267efcp-3
0x1.5ca96ep-3
0x1.92256ep-3
-0x1.5c8cb2p-5
0x1.3e1e6ep-4
0x1.20dd44p-3
-0x1.162986p-8
0x1.a9e3dep-4
0x1.2c27cp-5
-0x1.c3d796p-3
-0x1.6ea132p-4
-0x1.8ab3e6p-3
0x1.a8baaap-3
-0x1.0af85ep-3
-0x1.c1b7aap-5
0x1.122028p-3
-0x1.0c13e6p-4
-0x1.b344c8p-9
-0x1.ab9092p-4
-0x1.ce79b4p-6
0x1.886b16p-3
-0x1.397e9ep-5
0x1.c7029ep-3
0x1.749b44p-4
-0x1.2dfbbp-7
-0x1.af53b8p-8
-0x1.025702p-3
0x1.5f5b2ep-4
-0x1.cbfe46p-8
0x1.3edc82p-4
-0x1.22d5b8p-2
-0x1.6832cp-5
-0x1.1b42p-3
-0x1.64bdb4p-5
-0x1.399608p-5
-0x1.7e6a72p-4
0x1.428616p-9
0x1.044056p-2
-0x1.844924p-3
0x1.233ad4p-9
-0x1.01c17ap-3
-0x1.7d0a24p-3
-0x1.ec24p-4
-0x1.dff124p-4
0x1.376162p-4
-0x1.5405ap-5
-0x1.ffb586p-4
0x1.280566p-2
0x1.3b8dd8p-2
0x1.c59236p-4
0x1.16c078p-3
0x1.cf145p-4
0x1.c14abep-4
0x1.890538p-4
0x1.0d9d2p-4
-0x1.88dfeap-4
-0x1.c7e1d6p-5
-0x1.d4b5e4p-9
-0x1.136976p-4
-0x1.0e800ep-5
-0x1.8f0aaep-6
-0x1.3b4188p-2
0x1.8eb0bap-8
-0x1.7ed95ap-5
0x1.de599cp-4
-0x1.3fb8e4p-6
0x1.2b707cp-8
-0x1.9b7302p-4
-0x1.b96e36p-4
0x1.3877f2p-3
-0x1.df843p-5
-0x1.39c22ep-3
-0x1.2d2bfep-4
-0x1.ce5becp-5
0x1.240f52p-6
0x1.094754p-3
-0x1.6b303p-7
0x1.109376p-2
-0x1.e8643ap-4
0x1.476fb6p-3
-0x1.d5aaa6p-4
-0x1.537654p-5
-0x1.9d0eecp-4
0x1.6151ccp-4
0x1.2f1a5cp-5
0x1.6780d2p-4
-0x1.2da0eep-3
-0x1.5f68ecp-9
-0x1.54a9e2p-2
0x1.0efdbcp-3
-0x1.36bedcp-5
-0x1.7bacfp-3
-0x1.5f991ap-5
-0x1.60f6p-7
0x1.892ed6p-3
0x1.b9f5b8p-5
0x1.25856p-5
0x1.4e0d42p-2
-0x1.12c6ecp-3
-0x1.e528f2p-4
0x1.ed5d94p-13
0x1.60653p-4
0x1.587c9ap-3
0x1.d78e68p-8
-0x1.17f2fep-7
-0x1.18f9e8p-3
-0x1.6fbf0cp-6
-0x1.f8a094p-5
0x1.312646p-4
0x1.018708p-4
-0x1.b0f784p-5
-0x1.566acap-5
-0x1.b38f3ep-4
-0x1.297fcep-2
0x1.8a478ap-8
0x1.76925ap-6
-0x1.de8226p-6
0x1.886aaap-4
-0x1.fee7cap-10
0x1.bd6c1cp-3
-0x1.7aa2ep-3
0x1.010a1ap-3
-0x1.3db26ep-12
0x1.99cc36p-4
0x1.6017b8p-4
0x1.0b6f92p-4
-0x1.ed196p-4
0x1.351d3p-4
0x1.b9f624p-6
0x1.6b0db8p-5
-0x1.2c2588p-3
-0x1.242eaep-5
-0x1.6ec5eep-6
-0x1.039bd6p-5
-0x1.beeac4p-9
-0x1.6fcf54p-4
0x1.3d5ecep-5
-0x1.29fe62p-4
-0x1.76642p-2
0x1.2b6efep-3
0x1.08f452p-3
-0x1.cea55cp-4
0x1.50ad34p-4
0x1.99b55p-4
0x1.c5c584p-3
-0x1.3eef7p-3
0x1.20e9b8p-3
0x1.01b646p-3
-0x1.bb7618p-6
0x1.a2ef4cp-6
-0x1.aaf9c4p-3
0x1.6065a4p-4
0x1.1ce024p-3
-0x1.43592ep-4
-0x1.2520fap-3
-0x1.61c88ep-7
-0x1.cd1a18p-3
-0x1.a8f896p-3
-0x1.7d3372p-7
0x1.eec97ep-6
-0x1.caebap-4
-0x1.1b5f58p-12
-0x1.86d894p-4
-0x1.75ff58p-3
0x1.046a7cp-2
0x1.8e4faep-5
0x1.17d33cp-8
-0x1.e8f23ep-6
-0x1.e6a65ep-6
0x1.5c5062p-3
-0x1.e88e3ap-3
-0x1.1d59c4p-5
0x1.6826eep-4
-0x1.53728cp-3
-0x1.3357ep-4
-0x1.aebddep-2
-0x1.3ea26ep-3
0x1.843c62p-5
-0x1.0ff314p-2
0x1.1b35fp-4
-0x1.8cf30ep-5
-0x1.6a5cacp-4
-0x1.03648p-4
-0x1.865f1p-5
0x1.9a9462p-6
-0x1.c0e528p-3
-0x1.70e33ap-3
-0x1.ac639ap-4
-0x1.12af4cp-2
0x1.6f2f7ep-3
-0x1.1051dcp-3
0x1.543c2cp-5
0x1.127c08p-9
-0x1.9fe686p-5
0x1.079318p-3
-0x1.0aa1eep-2
0x1.142fdcp-6
0x1.64281ep-6
-0x1.1b267ep-2
-0x1.517b7ap-4
-0x1.07641ap-3
-0x1.9e8534p-5
-0x1.29e51ap-4
-0x1.013b74p-3
0x1.aa9ef2p-4
-0x1.3a33b6p-2
-0x1.c05c3p-3
-0x1.4411dcp-3
0x1.788dccp-3
-0x1.57b582p-8
-0x1.426adep-3
-0x1.46044ep-4
0x1.1c616ap-4
-0x1.90af92p-2
0x1.8ed78p-2
0x1.8d54c2p-4
0x1.44e612p-3
-0x1.953d24p-3
-0x1.ee8406p-5
0x1.55a32cp-2
-0x1.cbfe7cp-3
-0x1.cde1b4p-4
0x1.45dcc2p-3
-0x1.2c39bcp-3
-0x1.dd2cfep-3
-0x1.632474p-2
-0x1.00d0e8p-4
0x1.7c82p-2
-0x1.75747ep-2
-0x1.a3df04p-4
0x1.f8013p-3
0x1.1f494ap-4
-0x1.f7b24cp-3
-0x1.0a7b28p-2
-0x1.48885cp-9
0x1.433ddap-3
0x1.363902p-2
-0x1.31a0e8p-6
0x1.6ae3bep-3
-0x1.ceed84p-3
0x1.03ab1ap-3
-0x1.792eb4p-4
0x1.92f076p-3
-0x1.01e4c4p-3
0x1.ce499cp-3
-0x1.2483a8p-3
-0x1.8d92bcp-5
-0x1.987d48p-5
0x1.2a3932p-2
0x1.f61576p-4
-0x1.c04776p-4
-0x1.53abep-4
-0x1.373f6p-5
-0x1.b6b5c4p-5
0x1.48b0ep-3
0x1.524b58p-4
0x1.47f43ap-5
0x1.71c736p-6
0x1.5e386cp-5
0x1.0643c4p-3
-0x1.295cc2p-7
0x1.4c92dep-2
-0x1.54de2p-3
0x1.1324ccp-5
0x1.30ac32p-5
0x1.d7b5fcp-4
0x1.b4baep-3
0x1.b41fe2p-7
0x1.5d3928p-3
0x1.3ec222p-4
-0x1.1256bap-2
-0x1.5fe092p-4
-0x1.2c232ap-3
0x1.dcc182p-7
0x1.3eb8fp-3
-0x1.2e7a8ep-6
0x1.7f1d84p-5
-0x1.e22d1cp-3
0x1.c6fd3cp-4
-0x1.ebb5acp-4
-0x1.57052p-3
-0x1.40a2b8p-5
-0x1.9a4b2cp-3
0x1.098758p-8
-0x1.61f8cp-3
-0x1.5c1fa4p-5
-0x1.21a7d4p-4
-0x1.5098b2p-3
0x1.1eb35ep-3
0x1.dd3936p-5
0x1.859282p-2
0x1.8f3e54p-4
-0x1.93c1ecp-5
0x1.531d5ap-4
-0x1.2fb83cp-9
-0x1.4dbf58p-5
0x1.a96b5ap-3
-0x1.224046p-4
0x1.c3cbfp-4
0x1.42ed0ap-4
-0x1.59ec7ep-6
0x1.451d6p-5
-0x1.f7517p-3
0x1.37e834p-3
0x1.dba4cep-5
-0x1.49ead2p-2
-0x1.06ca96p-2
-0x1.3fb36ap-6
-0x1.52e1f6p-5
0x1.599fcp-5
-0x1.060956p-4
-0x1.67e4ecp-3
-0x1.a90b04p-6
0x1.cde4e4p-6
0x1.d15abcp-3
-0x1.5b17b4p-3
-0x1.af8536p-4
-0x1.81feb2p-3
-0x1.b00f84p-4
-0x1.c561f4p-4
0x1.3804b4p-4
0x1.21731ap-6
0x1.7f86aap-3
-0x1.6d4f54p-11
0x1.95290ep-3
0x1.fceb74p-4
-0x1.5b8386p-5
-0x1.4d98a6p-5
0x1.61008cp-3
0x1.b87fdap-4
-0x1.b7f5acp-9
-0x1.0f3308p-3
0x1.438008p-3
0x1.455038p-7
0x1.fb0ce8p-3
0x1.455e5ep-3
0x1.183d2p-3
0x1.302fbp-2
-0x1.21e898p-3
0x1.2e9fbap-4
-0x1.07ed2ap-3
-0x1.c99d18p-5
-0x1.e2e4dap-4
0x1.554e2cp-7
-0x1.5d283ap-3
0x1.215234p-4
0x1.a545c2p-5
0x1.6c2418p-5
-0x1.a61a7p-2
0x1.812d7p-3
0x1.30c578p-3
-0x1.1ebfa6p-3
-0x1.2d36p-5
0x1.565fdap-3
-0x1.03fd2cp-7
-0x1.273052p-3
-0x1.2a9416p-2
0x1.439b8p-3
0x1.85c358p-4
-0x1.27ac7ap-2
0x1.119ef4p-3
-0x1.4b21e4p-2
0x1.ff59dp-4
-0x1.097a64p-4
0x1.bac54ep-3
-0x1.3ede4ap-4
-0x1.83870cp-4
-0x1.03062p-2
-0x1.ac8eeep-8
-0x1.25eb46p-8
-0x1.2800a4p-3
-0x1.e5b236p-5
0x1.670bccp-4
-0x1.072bc2p-1
0x1.fe0194p-3
0x1.cb381cp-2
0x1.b37c44p-3
0x1.ab705cp-4
0x1.4a1066p-4
0x1.750fe6p-4
-0x1.8ceeecp-3
0x1.6f20c8p-7
-0x1.a0a42cp-4
0x1.86f8e6p-4
0x1.047556p-1
0x1.4c4514p-4
0x1.7a93ecp-5
-0x1.b76ccp-5
-0x1.60e1c6p-3
0x1.77dbcp-3
-0x1.920cep-3
-0x1.840168p-4
-0x1.7579ecp-2
-0x1.6ada1p-2
-0x1.ab1ddep-3
-0x1.3b2f64p-2
-0x1.517254p-5
0x1.d5ddd4p-8
-0x1.1fe15ap-2
0x1.4b4f42p-2
0x1.369c22p-2
0x1.20afe4p-5
-0x1.0a4a14p-2
0x1.1ea9bcp-2
-0x1.3e70c8p-2
-0x1.b4c416p-5
-0x1.e735c8p-5
0x1.e10b36p-3
0x1.4e836ap-2
0x1.320852p-4
-0x1.d0dd92p-3
0x1.20a942p-2
-0x1.779edcp-9
-0x1.638c1ap-3
0x1.6d433cp-4
-0x1.343f5ap-2
-0x1.3ce4f2p-2
-0x1.bb8b46p-3
-0x1.1d1906p-3
-0x1.1823a6p-2
-0x1.5b217cp-3
0x1.00917cp-2
0x1.57a1cp-3
-0x1.f25064p-3
0x1.f5b57p-3
0x1.1b2c5cp-2
-0x1.566fdp-3
-0x1.9d613ep-5
0x1.c0421ep-3
-0x1.73eb6ap-4
-0x1.190646p-3
0x1.eeaefep-8
0x1.22d1ecp-2
0x1.2db03p-2
0x1.afb844p-4
-0x1.8246d4p-5
-0x1.d8c86ep-4
-0x1.e642a6p-4
-0x1.3f436ep-2
0x1.83219p-8
0x1.ca2882p-5
-0x1.4240ecp-2
-0x1.437938p-5
-0x1.2988acp-4
-0x1.a1554p-3
-0x1.62c0fcp-4
0x1.534d2cp-4
0x1.c7634ep-4
-0x1.2ac024p-2
0x1.2b4db6p-4
0x1.0f1812p-2
-0x1.5d676ep-3
-0x1.b8c706p-3
0x1.15051cp-4
-0x1.44017ep-3
-0x1.2f0488p-4
-0x1.fa1242p-4
-0x1.ccd266p-5
0x1.ec4948p-4
0x1.64f06ep-4
0x1.29691ep-5
-0x1.bfb738p-5
0x1.095f42p-4
-0x1.065ccep-4
0x1.6e4ce4p-3
-0x1.8c10d2p-4
-0x1.be3978p-3
0x1.3c3a22p-5
-0x1.df7fc6p-7
-0x1.66531cp-3
-0x1.d16544p-4
0x1.c5389cp-3
0x1.c85302p-3
-0x1.174016p-2
0x1.98a63ep-4
0x1.88b06cp-4
-0x1.26ef48p-5
-0x1.bc731cp-6
0x1.907d9ap-3
-0x1.0754b6p-7
-0x1.e7e5a8p-3
-0x1.3feb86p-2
0x1.0acfc4p-4
-0x1.fd1126p-9
0x1.5f8e2cp-3
0x1.46a5dep-3
-0x1.51b3d4p-12
-0x1.18d1ccp-3
-0x1.827fe2p-3
-0x1.72397p-5
-0x1.1c91bcp-4
-0x1.8bcadap-4
-0x1.991d56p-6
0x1.49cc3ep-3
-0x1.ebdc2ap-6
-0x1.873812p-4
0x1.3c87acp-2
-0x1.d46b3ap-5
0x1.03bd3ep-5
0x1.b4179p-5
0x1.40337ep-4
-0x1.c2d8eap-5
-0x1.150e9ap-3
-0x1.d2a79cp-5
0x1.28c222p-2
-0x1.3e3636p-3
0x1.0d3e92p-5
0x1.579f68p-4
-0x1.17b44cp-5
0x1.ba240ap-5
0x1.3ae7fp-2
-0x1.6491b8p-3
-0x1.01a5b2p-6
-0x1.1a11e4p-4
-0x1.9b8f18p-3
-0x1.d1b154p-4
-0x1.c50494p-5
0x1.824354p-4
0x1.bcd2dp-4
0x1.8a879p-5
0x1.69a17ep-7
0x1.f916fep-5
0x1.ead564p-6
-0x1.5aea3p-2
0x1.586bd6p-3
0x1.2a8f58p-3
-0x1.ed62e2p-3
-0x1.c33a5p-4
0x1.3cbd24p-3
0x1.333842p-4
-0x1.4839cp-6
-0x1.03a84cp-3
0x1.78df92p-4
0x1.8246d2p-2
0x1.3820d8p-2
-0x1.7c4992p-6
0x1.33010ap-3
-0x1.2a7e8p-2
-0x1.86867p-3
0x1.7be706p-3
0x1.1a6ca8p-3
0x1.72651ap-7
-0x1.1549a6p-2
0x1.4d2c34p-4
0x1.390744p-4
-0x1.98425cp-4
0x1.c392f4p-3
0x1.0562cp-4
-0x1.4f8c86p-5
0x1.c08886p-7
0x1.84a79ap-3
-0x1.4b4a36p-3
0x1.10f184p-5
0x1.d0f88ap-5
0x1.50408p-4
-0x1.19c61ep-3
-0x1.854a76p-2
0x1.5780fap-3
0x1.965d02p-3
0x1.169e52p-2
0x1.d0f25ap-3
0x1.a1bdbep-5
-0x1.43901ep-2
0x1.4fab56p-6
0x1.3747aep-3
-0x1.bc602cp-3
-0x1.08a75p-3
0x1.db6e26p-4
-0x1.341ed8p-4
-0x1.6314d4p-5
-0x1.36ae72p-3
0x1.df0fbp-3
0x1.e2a30ep-4
-0x1.2fcaa6p-6
0x1.4479b6p-6
0x1.9c8176p-4
0x1.1cd116p-5
0x1.351ff2p-2
0x1.e61bbp-5
-0x1.19e57ap-5
0x1.03f6d2p-2
-0x1.2df11ep-2
0x1.6d729cp-3
0x1.bf8a7cp-7
0x1.90c39ap-3
0x1.80c882p-4
-0x1.f1c2ecp-4
-0x1.4b4076p-3
-0x1.225f3p-2
0x1.92ff64p-3
-0x1.bf6d2ap-3
0x1.727818p-3
0x1.cc2ddap-6
0x1.368842p-6
-0x1.6885e8p-6
-0x1.3f807p-4
0x1.c90accp-6
0x1.7d73ap-5
-0x1.55364p-2
-0x1.2d11a4p-4
0x1.1daccep-4
-0x1.d13694p-3
-0x1.ae69ecp-3
0x1.903dc8p-3
0x1.4800b6p-3
-0x1.4c8892p-4
-0x1.ebcfc4p-5
-0x1.390f32p-4
0x1.4fa36ap-3
-0x1.1ee47cp-5
-0x1.5c9d0cp-3
-0x1.1ae82cp-4
-0x1.ae50c4p-4
0x1.64f638p-3
-0x1.66a592p-6
-0x1.499feap-3
0x1.c8b78ap-4
0x1.a73ec6p-4
-0x1.85cfaap-4
0x1.844e7cp-6
-0x1.b5e856p-3
-0x1.eba44ep-12
-0x1.419cfap-3
0x1.6d4256p-3
-0x1.3f10b4p-3
0x1.7caf1ap-5
-0x1.326b56p-6
0x1.2da61ap-4
-0x1.8229cep-5
0x1.6a8058p-8
0x1.8fac32p-2
-0x1.c0232ap-3
0x1.2d37acp-4
-0x1.e927cp-4
0x1.b86294p-3
-0x1.fc252ap-7
0x1.34b0fcp-4
-0x1.18f49ap-2
0x1.878f58p-4
-0x1.fd13c2p-3
-0x1.a8ff86p-2
-0x1.50fddap-4
0x1.4a1644p-4
0x1.926578p-4
0x1.aa49c4p-4
0x1.1217b6p-6
0x1.f11a04p-3
-0x1.ac7acp-7
-0x1.10a01ep-2
0x1.71a836p-3
-0x1.bd3664p-3
-0x1.78a562p-3
0x1.bb1baap-5
-0x1.3612dcp-4
0x1.15eff8p-3
0x1.55f07ap-4
0x1.d62bf4p-4
-0x1.e0296ap-8
-0x1.fb954cp-4
0x1.c4b80ap-3
-0x1.d08976p-3
-0x1.4812bap-6
-0x1.157c84p-3
0x1.1a1444p-6
-0x1.e4e352p-4
-0x1.2383a8p-2
-0x1.08f8d8p-4
-0x1.0481eep-4
0x1.378356p-4
0x1.0348dcp-3
-0x1.da9f74p-4
-0x1.4998c6p-5
-0x1.3a71dep-4
0x1.864328p-4
-0x1.775ab8p-2
-0x1.6fccaep-4
-0x1.be546cp-4
0x1.96559ep-3
-0x1.fa9336p-4
-0x1.1c7de8p-3
0x1.891f56p-3
0x1.ec996p-11
0x1.238302p-4
-0x1.0e0208p-2
-0x1.b03da6p-3
-0x1.bff514p-5
-0x1.d051fcp-3
-0x1.1d8ab6p-9
0x1.982c04p-3
-0x1.b62ac2p-9
-0x1.d3fd42p-4
-0x1.4663e4p-8
0x1.b40746p-2
0x1.90e874p-2
0x1.17395cp-5
-0x1.09125p-3
-0x1.b8885ep-7
-0x1.7a047ap-2
-0x1.50ec5p-3
-0x1.8a568cp-5
-0x1.191946p-5
0x1.070b9cp-6
0x1.98ecd4p-4
-0x1.333adep-3
-0x1.54a37ap-4
0x1.402beap-3
-0x1.8f59d2p-9
-0x1.1f84c2p-6
-0x1.c8feeep-2
-0x1.2230fcp-4
-0x1.194314p-3
-0x1.342836p-3
0x1.b026cap-3
0x1.1f7fbp-5
-0x1.b56248p-4
0x1.d7b15ep-6
-0x1.bcc0c4p-6
0x1.04c726p-3
0x1.22314p-2
0x1.4c4028p-4
0x1.fbbf62p-4
-0x1.908a02p-4
-0x1.8b3aaep-3
-0x1.b4a78ep-8
-0x1.ec484p-3
-0x1.3c69bcp-3
-0x1.7cdcb6p-4
0x1.7c8b6cp-3
-0x1.31c368p-4
0x1.e621ap-5
-0x1.632a0ep-4
0x1.2463c6p-3
-0x1.1bc1bp-3
-0x1.6f194ep-2
-0x1.2a7becp-2
-0x1.97538ap-5
0x1.123932p-6
0x1.029c4p-5
0x1.268ff8p-2
0x1.c4ace8p-3
0x1.fce194p-4
-0x1.54567cp-5
0x1.cb84bap-3
0x1.22507ep-3
0x1.852328p-5
0x1.273e9p-5
-0x1.b3a2c6p-3
-0x1.0c28e8p-3
-0x1.6431d6p-2
-0x1.a3480cp-3
-0x1.1fa808p-4
0x1.3eeeeap-3
-0x1.84a60ap-4
-0x1.31a0bp-4
-0x1.88e656p-3
-0x1.957aap-6
-0x1.c51db8p-6
-0x1.c45c5p-5
-0x1.4974b8p-2
0x1.175724p-2
-0x1.174c3p-2
-0x1.6a3616p-2
-0x1.65273ap-3
0x1.1b9044p-3
0x1.c2a532p-5
-0x1.84b7e4p-2
-0x1.4c4cdp-5
0x1.f7b87ep-4
0x1.190f68p-2
-0x1.963aacp-9
-0x1.bddb7ep-3
-0x1.2fcf66p-2
0x1.20fde8p-3
0x1.5ca7dep-4
-0x1.703516p-3
0x1.9dac98p-10
0x1.173124p-2
0x1.09772ep-5
0x1.31806ep-6
0x1.d7d57cp-4
-0x1.26630ep-4
-0x1.1b331ap-7
0x1.e4a796p-3
-0x1.16be86p-2
-0x1.1d34fp-4
-0x1.70ec4cp-4
-0x1.45243ap-2
-0x1.76aa64p-4
0x1.384ce4p-2
0x1.8647b2p-4
-0x1.c7bb4ep-4
0x1.cf4c02p-9
0x1.a50846p-5
0x1.f8134ep-3
-0x1.6abca2p-3
0x1.b2dfa4p-3
-0x1.3e08a8p-5
-0x1.01710cp-2
-0x1.d2d078p-3
-0x1.0f371p-3
-0x1.413128p-5
-0x1.127bfep-6
0x1.8a5162p-3
-0x1.68a4bep-4
0x1.fab4bcp-3
0x1.b7838cp-9
-0x1.cdd936p-6
0x1.b712dcp-5
-0x1.a766ap-3
-0x1.7bd7acp-3
-0x1.a3287cp-4
-0x1.0eac18p-3
0x1.34e1c4p-2
0x1.9b88ccp-3
0x1.9c2db8p-3
-0x1.a9d01ap-3
0x1.e82bb6p-3
0x1.966d22p-3
0x1.34bdcp-2
-0x1.92b0fap-4
-0x1.bb1d3ep-7
-0x1.8639d4p-3
0x1.802056p-5
-0x1.19cb2cp-4
0x1.8baf2p-6
0x1.0a8556p-6
-0x1.cc4ceep-5
0x1.f51332p-6
0x1.5a0774p-7
0x1.7de408p-5
-0x1.12da5cp-4
0x1.92d23ep-2
-0x1.0d72f8p-6
-0x1.92c528p-2
-0x1.1af606p-4
-0x1.0f9884p-2
0x1.2970dep-4
0x1.40ad2cp-5
-0x1.363124p-3
0x1.12b97ap-2
0x1.001344p-2
-0x1.f1eb5p-7
-0x1.29d236p-5
0x1.947284p-5
0x1.00dacep-4
-0x1.15988p-4
0x1.c71688p-5
0x1.e4f2p-4
-0x1.040acap-2
-0x1.26786ep-3
-0x1.ff4218p-3
-0x1.abcadap-5
-0x1.fc063ep-5
-0x1.1f355ap-5
-0x1.582924p-2
0x1.917574p-4
0x1.5d3574p-4
-0x1.0279fp-3
0x1.35b266p-5
-0x1.ca0e98p-4
0x1.9889b4p-3
0x1.b91012p-6
0x1.25af16p-2
0x1.ee3f54p-4
0x1.0cda4ep-3
0x1.fcff1cp-3
-0x1.270ba4p-9
0x1.3a1edap-4
-0x1.2fefb4p-6
-0x1.6c63dap-4
-0x1.e1d518p-4
0x1.6221ccp-4
0x1.e423bcp-5
0x1.ace70cp-8
0x1.95bbd8p-5
0x1.31800cp-3
0x1.7b73e8p-3
0x1.428628p-4
-0x1.93f4cp-5
0x1.313fc8p-3
-0x1.05f07p-3
-0x1.7dfe0cp-3
-0x1.b9ee2cp-3
0x1.1b4e96p-3
-0x1.731824p-4
0x1.e8aaacp-5
-0x1.abb852p-4
-0x1.121d2ep-2
-0x1.ce1c1ap-4
-0x1.724f26p-8
-0x1.4f364p-7
0x1.337d0cp-7
0x1.301c5ap-3
0x1.096f5ap-6
-0x1.8514a4p-4
-0x1.db541cp-4
-0x1.afec4ep-4
-0x1.cc0aeap-3
0x1.cd191ep-3
0x1.2415cp-3
0x1.91eaaap-4
-0x1.fbf3d4p-3
-0x1.6172e2p-5
-0x1.9a87e8p-5
-0x1.89aafp-5
0x1.4dd344p-2
0x1.2582e4p-3
0x1.f4a222p-3
0x1.67915cp-3
0x1.6d4b3ep-4
0x1.442258p-3
0x1.d379e6p-4
0x1.2dbadcp-4
0x1.3d082ap-2
0x1.e86c6cp-3
0x1.15b51cp-4
0x1.3eb416p-5
0x1.071f6p-4
-0x1.3779cp-3
-0x1.2e6f3cp-11
-0x1.bba926p-5
0x1.17475ep-6
0x1.dad38p-4
-0x1.761f9cp-3
-0x1.7365ccp-7
0x1.deb9bep-5
-0x1.e979c4p-4
-0x1.0e6ef2p-4
-0x1.3bddfap-10
0x1.256afep-2
-0x1.264bbcp-4
0x1.60c7b8p-4
0x1.974fc2p-3
0x1.318a8cp-4
-0x1.dd34b8p-3
0x1.25397ap-9
-0x1.d6b57cp-4
0x1.4271eep-3
0x1.247d66p-4
-0x1.34343cp-4
0x1.31da56p-5
-0x1.38eafep-2
0x1.56a79cp-11
0x1.c47d0ap-3
-0x1.439d32p-4
0x1.416b6ap-2
-0x1.250ecap-5
0x1.2f3e2ap-4
-0x1.7edbb6p-4
-0x1.1829ap-14
-0x1.2685ccp-16
0x1.596c74p-14
-0x1.217638p-16
0x1.c775dcp-15
-0x1.aef86ep-13
0x1.13fa5cp-14
0x1.4d1daep-18
0x1.31d242p-14
0x1.8ac9cep-16
0x1.a40bbp-13
-0x1.feff08p-13
0x1.8bcf66p-16
0x1.fd3d3ep-16
0x1.916a5p-13
-0x1.9671c2p-14
-0x1.3f053ep-15
0x1.324f1ap-12
-0x1.a18ee4p-13
-0x1.a92f02p-16
0x1.bf135p-15
0x1.cef796p-13
0x1.27a5fcp-16
0x1.8acfcap-16
0x1.0264f6p-14
0x1.f09c96p-16
-0x1.6fcd3ap-14
0x1.58af8ep-13
-0x1.01848ep-13
-0x1.16fb02p-17
-0x1.e32f3p-13
-0x1.059266p-16
0x1.d4e916p-17
-0x1.1e51a6p-16
0x1.6b17b2p-16
0x1.46ce4cp-13
-0x1.fee882p-14
-0x1.49e4bp-15
-0x1.ef8c74p-15
-0x1.07ca58p-15
0x1.13e22ap-13
-0x1.658adp-16
0x1.986fd8p-18
-0x1.fc8418p-16
-0x1.596682p-12
-0x1.6c508cp-13
-0x1.2a287cp-12
-0x1.5b0daep-13
-0x1.8ef658p-15
0x1.04a7d6p-15
-0x1.88831p-15
0x1.3ca9bp-15
-0x1.c2e696p-14
0x1.81e372p-16
0x1.b344e8p-15
-0x1.576446p-13
-0x1.1bad8ap-15
-0x1.1431f4p-14
0x1.a1e324p-14
-0x1.0bd7d2p-16
0x1.fb45bep-18
-0x1.8963ccp-15
-0x1.c6cad4p-13
-0x1.659576p-16
-0x1.007954p-12
-0x1.57462p-14
0x1.1a0552p-15
-0x1.730806p-15
0x1.de7fap-16
-0x1.b39464p-16
0x1.1e624ep-15
0x1.21f0aep-14
-0x1.0d6818p-14
0x1.dff0ap-16
-0x1.5d73a6p-14
0x1.21a0d4p-14
-0x1.5c0c52p-16
0x1.203c3ep-14
0x1.0fb068p-13
-0x1.7464bep-16
0x1.cddefp-14
0x1.24b006p-13
-0x1.ad0a8cp-15
0x1.89c5cap-13
-0x1.69a206p-14
-0x1.85f9d4p-15
-0x1.63ac4p-15
-0x1.4541bp-14
0x1.a7cee6p-14
-0x1.39f93ep-14
-0x1.445ac2p-13
0x1.1313eep-14
-0x1.8a12e4p-15
0x1.0fa4ap-13
0x1.fc962cp-15
0x1.2cffa6p-13
0x1.4512e2p-15
-0x1.ce8de6p-16
-0x1.12ecdep-15
0x1.4aa5cep-14
0x1.00bc9ap-13
0x1.365308p-17
0x1.a9630cp-15
-0x1.c6e58p-14
-0x1.d5ef1ap-16
-0x1.e58eb4p-14
-0x1.1e6c3ap-15
0x1.000bbcp-13
0x1.ccfcc4p-15
-0x1.0c7816p-13
0x1.3c4c5cp-13
-0x1.ab4f5cp-14
-0x1.3712e4p-17
-0x1.d78eep-18
-0x1.afb69p-15
0x1.0d9c7cp-12
-0x1.2adeb2p-14
-0x1.035f02p-12
-0x1.d8edc2p-14
0x1.04ca0cp-14
0x1.2bebecp-12
-0x1.76fe02p-16
0x1.4ad7fap-13
-0x1.4d763ap-14
0x1.440ae6p-18
-0x1.7a59eep-15
0x1.a5341ap-18
-0x1.4043cep-14
0x1.bf2cb2p-13
0x1.d120a6p-14
0x1.2c0e54p-14
0x1.54f806p-14
-0x1.37c4c4p-13
0x1.e40dfep-15
0x1.c4f62cp-14
0x1.30ac8ep-17
0x1.8de2f8p-13
0x1.2088bp-12
0x1.cf4a96p-14
0x1.72f9c2p-14
0x1.d39f3ep-14
-0x1.486fc2p-13
0x1.cbfbc4p-15
0x1.5463b6p-13
0x1.49564p-14
-0x1.e345fep-15
-0x1.dc27e2p-14
-0x1.473d6ep-12
-0x1.724f3ap-14
-0x1.caa896p-16
-0x1.99be86p-15
-0x1.c11a68p-16
0x1.79cc6p-14
0x1.25e68p-14
-0x1.0d1ba2p-14
0x1.c94c86p-15
-0x1.ee95e8p-14
0x1.48fc8ap-13
0x1.cdc68ep-17
0x1.44b656p-12
-0x1.0d4df8p-18
0x1.3dc70ap-15
0x1.10d6d8p-13
-0x1.3a03bap-14
-0x1.df06cep-13
0x1.8d4738p-15
-0x1.2bf0f8p-16
-0x1.082b1cp-17
-0x1.2c0214p-12
0x1.46007ap-14
0x1.55c7ecp-16
-0x1.fcd7d6p-16
0x1.757c7ap-13
0x1.2fab62p-17
0x1.393d48p-14
-0x1.14628ep-16
-0x1.97f7a2p-15
0x1.5d5828p-14
0x1.87ea3cp-15
-0x1.5c7d9cp-14
0x1.ee3766p-14
0x1.57b602p-15
-0x1.24e4d2p-13
-0x1.fc41cep-13
-0x1.320d0cp-15
0x1.cd23eep-14
0x1.fc5b86p-13
-0x1.ee3982p-13
-0x1.76989p-17
0x1.35dcd6p-14
0x1.28e072p-14
0x1.3e7602p-14
-0x1.64d9d8p-14
-0x1.48dc04p-13
-0x1.ae9642p-15
0x1.2f3114p-13
-0x1.1597cap-19
-0x1.7ecb24p-15
0x1.ffe0f6p-16
-0x1.c819fep-16
-0x1.9e3b22p-14
-0x1.4888cap-14
0x1.104714p-18
-0x1.8670c2p-15
-0x1.48a12ep-13
-0x1.485cbcp-16
0x1.3617a8p-12
-0x1.37f5ap-15
-0x1.a4c3fap-12
0x1.33c794p-15
0x1.366188p-16
-0x1.dfed84p-16
-0x1.103cc2p-14
0x1.b8fa28p-15
0x1.4b2be4p-13
0x1.8e5b38p-14
0x1.5a455ep-13
0x1.4ea2acp-14
-0x1.a2c8fap-16
-0x1.a9cde8p-13
0x1.d8cc26p-13
0x1.10d426p-17
-0x1.9a81cap-15
0x1.681b2cp-15
-0x1.5322fap-12
-0x1.3657aap-13
-0x1.1cd042p-12
-0x1.f17f88p-14
0x1.0a74ecp-13
-0x1.c4ceeep-15
-0x1.a3279ap-17
-0x1.065c3cp-12
0x1.81d92cp-15
-0x1.6c914cp-14
-0x1.189146p-13
-0x1.c3308cp-15
-0x1.78ddaep-12
-0x1.079c6p-13
-0x1.1fff2cp-16
-0x1.99bec2p-13
0x1.1259e8p-15
0x1.44f63p-18
0x1.14e34cp-13
-0x1.f951a2p-14
-0x1.4e8a34p-14
-0x1.bc0d5ep-13
-0x1.97d5b4p-15
0x1.afd4fp-14
0x1.42428ap-14
0x1.d3057ap-15
0x1.744578p-17
0x1.f6d9d6p-16
0x1.df79fep-13
-0x1.7d8be8p-13
0x1.38225p-14
0x1.4c3c38p-13
-0x1.77cea8p-13
0x1.0805a4p-16
0x1.36634cp-14
0x1.aa32b4p-16
-0x1.99b6aep-12
-0x1.99b3dep-14
-0x1.762716p-13
-0x1.a181ecp-13
0x1.895034p-14
-0x1.163908p-12
0x1.3bd9cap-15
-0x1.4c2e6ep-16
0x1.495f08p-16
0x1.1e4514p-12
-0x1.23789p-14
-0x1.198cfp-13
0x1.52c4bcp-17
0x1.2068acp-14
0x1.ded1cp-14
0x1.7837b4p-13
-0x1.48fe5ap-15
-0x1.3163c8p-13
0x1.09f8b8p-13
0x1.f46c34p-14
0x1.94ca7ep-14
-0x1.1a49a6p-15
0x1.aca6d2p-14
0x1.e8eb7cp-15
-0x1.114f24p-13
0x1.5dafep-14
-0x1.f73ecap-20
0x1.72d0d6p-13
-0x1.11d35ap-13
0x1.ea8c9p-15
-0x1.b3b72ep-15
-0x1.75ddc8p-14
0x1.3a7c9cp-13
0x1.70c0e8p-17
-0x1.73b6d2p-13
0x1.7e30fap-12
0x1.45276ap-14
0x1.cf5a24p-13
-0x1.89ee5ap-15
-0x1.03be9cp-12
-0x1.24a34cp-15
0x1.e94414p-14
0x1.184b1ap-13
0x1.3a0e48p-13
-0x1.4b6d16p-14
-0x1.6cd29cp-14
-0x1.cfa4fap-13
0x1.f29decp-16
-0x1.780e2p-15
-0x1.0d8556p-14
-0x1.23ee76p-13
0x1.94c1bp-13
0x1.031f1ep-15
0x1.0a7f56p-18
-0x1.19e97cp-13
-0x1.38917ep-16
0x1.bb2d68p-15
0x1.41bbdp-13
0x1.00498cp-13
-0x1.fa1d24p-15
0x1.ec8d8ap-14
-0x1.25718p-12
-0x1.c9353p-13
-0x1.0ad7c8p-16
0x1.05f93ap-15
0x1.3e14fap-16
0x1.2be0eap-12
-0x1.6bb564p-14
-0x1.c881ecp-15
0x1.80335cp-13
0x1.d9081ap-13
0x1.43bb06p-14
-0x1.686be4p-13
-0x1.afced4p-14
0x1.f9f24ap-14
-0x1.8adb58p-14
0x1.c2f518p-19
0x1.6019c4p-15
-0x1.87051cp-14
0x1.54ac7p-15
0x1.807456p-14
-0x1.139f28p-13
0x1.e50232p-14
-0x1.061714p-12
-0x1.0339f4p-23
-0x1.21d44ep-14
-0x1.f996b4p-14
-0x1.c48f2cp-17
-0x1.1339e6p-13
-0x1.81c78ep-16
0x1.8e1b46p-16
-0x1.0ae6f6p-13
-0x1.a4f2e6p-13
-0x1.626846p-15
0x1.8a12dp-18
-0x1.b58b8ap-14
0x1.23d14ap-16
0x1.7fb5e4p-13
0x1.706bc2p-18
0x1.e1337cp-14
-0x1.a00d16p-15
0x1.dd58b6p-14
0x1.f05b88p-16
0x1.2c7a1p-15
0x1.701e7ap-13
0x1.973824p-15
-0x1.1d332ap-14
-0x1.74b2eep-14
0x1.53f546p-15
-0x1.da9378p-13
-0x1.a83058p-14
0x1.844a46p-17
0x1.572c9p-17
0x1.72bd36p-15
-0x1.d5bac6p-20
0x1.e1b1c2p-4
0x1.ff137cp-4
-0x1.2dd218p-1
-0x1.4067cp-2
0x1.9e1f38p-3
0x1.dd3c1p-2
0x1.5f3992p-2
-0x1.50e71ap-1
-0x1.061b84p-5
0x1.30ec2ep-1
0x1.7417b4p-2
0x1.d6f06p-4
-0x1.73b37cp-2
0x1.cfb8cap-2
-0x1.1f689p-3
-0x1.d133b8p-7
-0x1.289118p-2
0x1.c01542p-2
0x1.3efb42p-2
-0x1.3cc9b2p-2
-0x1.97083p-4
0x1.8364fcp-3
-0x1.05df4ap-3
-0x1.5a3f9ep-2
0x1.998754p-9
0x1.54c7bcp-2
0x1.4ae692p-4
-0x1.3a1afep-4
0x1.5d849cp-2
0x1.c9c6aap-7
0x1.b575d2p-2
0x1.a73e5p-3
0x1.383bf2p-2
0x1.0b105p-1
0x1.00eff8p-4
-0x1.8fbb56p-2
0x1.a77522p-4
-0x1.ca1b6ep-4
0x1.7ed864p-2
0x1.b125fcp-3
0x1.bcbe36p-5
-0x1.dccd9cp-2
-0x1.560d7cp-4
0x1.9af0e8p-2
-0x1.0932e6p-5
-0x1.74f6c4p-2
0x1.50ac6ep-5
-0x1.1c5b4p-1
-0x1.3aebc4p-2
0x1.8abf76p-2
-0x1.899abap-2
0x1.3f15bcp-3
-0x1.82b562p-7
-0x1.b1a6aap-4
-0x1.864af2p-2
0x1.46706p-3
-0x1.351be4p-2
0x1.76fc22p-5
-0x1.3c451p-2
-0x1.4638fcp-3
0x1.d2bdc2p-4
-0x1.57f074p-6
-0x1.302296p-4
-0x1.7b91f4p-3
-0x1.49e13ap-6
-0x1.981abep-3
0x1.5391a2p-3
-0x1.482f78p-3
-0x1.206986p-3
-0x1.d2afc4p-2
-0x1.3bcf02p-3
0x1.04b31ep-2
-0x1.48492ep-4
-0x1.55dba2p-3
-0x1.9f0914p-2
0x1.9966dcp-5
-0x1.024d4ap-3
-0x1.f960c8p-3
-0x1.278a62p-2
-0x1.f50208p-3
-0x1.1d7a46p-1
-0x1.0a578ep-3
0x1.ed2b64p-3
-0x1.570d0ap-6
0x1.cbebfcp-5
0x1.0432fcp-2
0x1.95fce2p-6
0x1.988b8p-4
-0x1.527fcap-2
0x1.bf15d2p-2
0x1.61b0d8p-2
-0x1.3d37fcp-3
-0x1.5757d8p-2
0x1.56d048p-3
0x1.0cd0e4p-3
-0x1.822edcp-1
0x1.37f838p-1
0x1.a57aa2p-3
0x1.615448p-8
-0x1.01a77ep-5
0x1.21cc8ap-5
0x1.6bb38cp-3
0x1.b5b446p-3
0x1.6e5b36p-4
-0x1.669d14p-7
0x1.aa0162p-2
0x1.8b7b5p-3
0x1.4f7d4ap-2
-0x1.2b1074p-2
-0x1.c00154p-2
-0x1.3c118ep-3
-0x1.6837e2p-2
0x1.d881bap-2
0x1.6f2572p-2
0x1.d9d9bap-4
0x1.e81e54p-4
0x1.797c3p-4
0x1.04a01ep-4
-0x1.62940cp-7
0x1.473812p-3
-0x1.6a2e86p-5
-0x1.7a8f7ap-5
0x1.46db9ap-2
0x1.f9c186p-4
-0x1.d780fap-3
-0x1.891052p-2
0x1.5c3126p-2
0x1.96a5b6p-2
-0x1.b2a8cap-5
0x1.2bb7ap-4
0x1.de0914p-4
0x1.a6cda8p-2
-0x1.993e86p-4
-0x1.9f4c32p-4
-0x1.a65c94p-4
0x1.962a94p-6
-0x1.55d4c4p-2
-0x1.b481fap-2
0x1.474d46p-3
0x1.2ce0aep-3
-0x1.1a455ap-5
-0x1.124f72p-2
0x1.cc134p-3
0x1.d5cb2p-5
0x1.218eap-4
0x1.85c1bep-3
0x1.4045aep-3
0x1.a77e58p-5
0x1.c3db66p-7
0x1.e90cdep-3
-0x1.24208cp-2
0x1.e67908p-3
-0x1.65ae8ap-5
0x1.ebee6ap-5
-0x1.839d38p-4
0x1.589a4ap-3
-0x1.3a896ep-2
-0x1.0b86ccp-1
-0x1.2e90cp-1
-0x1.1aab98p-2
-0x1.9243b2p-4
0x1.8ec696p-5
0x1.d63b84p-3
-0x1.36afa6p-3
0x1.4cedeap-3
0x1.d8100ap-5
0x1.c19736p-5
-0x1.28ebbep-6
0x1.7bf282p-6
-0x1.a291d4p-3
0x1.18e5p-2
-0x1.5b79f4p-3
-0x1.bec688p-6
0x1.9244cap-5
-0x1.f69102p-3
-0x1.cd1d82p-2
0x1.71dd74p-3
-0x1.2eca64p-5
-0x1.3c902ap-2
0x1.f60f7ep-3
-0x1.17d06ap-6
0x1.9e8e54p-3
-0x1.ab6a28p-1
-0x1.a10f08p-4
0x1.4b929p-1
0x1.5007cap-3
0x1.5fe79p-4
-0x1.15ccb2p-2
-0x1.0a518ep-2
-0x1.79393cp-7
0x1.959a62p-2
-0x1.149d48p-2
-0x1.fa392ep-3
0x1.b24dep-2
-0x1.aba7f2p-3
-0x1.a62d8cp-3
0x1.c77f02p-3
0x1.8889ep-4
0x1.5969b8p-3
-0x1.3e0fb6p-3
0x1.537c2ap-3
0x1.bda4a2p-6
-0x1.cab2c8p-3
-0x1.863c22p-2
0x1.eceb94p-4
-0x1.38df72p-3
0x1.6c25f8p-2
-0x1.c7770ap-4
-0x1.1562dep-3
0x1.61a6eap-4
-0x1.46acccp-3
0x1.9b91c2p-3
-0x1.9d5b88p-5
-0x1.c6390cp-4
0x1.043eecp-4
0x1.4f4426p-4
-0x1.4b557ep-2
0x1.518f14p-2
-0x1.8723b8p-3
0x1.ee52cep-5
-0x1.558708p-2
0x1.295cbp-1
-0x1.d5dbfp-5
-0x1.c396a2p-2
-0x1.9a612p-3
0x1.0f061ap-2
0x1.80939ep-3
0x1.23e28cp-4
0x1.de631p-4
0x1.c0058ap-3
0x1.07a46cp-3
-0x1.f63fa4p-4
-0x1.bdc204p-5
-0x1.3f4032p-3
0x1.8d925p-2
-0x1.1c35eep-3
0x1.3649dep-2
-0x1.68671ap-4
0x1.9fd18ap-4
0x1.8ad42p-3
0x1.8e28d8p-2
-0x1.125e72p-1
-0x1.947846p-2
0x1.3effa8p-8
0x1.db93bp-5
0x1.459d44p-2
0x1.e967cep-3
0x1.3e79fep-2
-0x1.390b52p-6
-0x1.7a530cp-4
0x1.86b294p-4
0x1.7237ap-3
-0x1.316fp-4
0x1.5f42c2p-3
0x1.a1281cp-4
0x1.cb8bp-4
0x1.f35eccp-3
-0x1.28af7p-2
0x1.f0d23p-5
-0x1.96148ep-5
-0x1.7300cep-2
0x1.7649e6p-1
0x1.685ddap-2
-0x1.a459aep-4
-0x1.84453cp-4
0x1.aefaaep-2
-0x1.65ac9cp-6
-0x1.e3a1fcp-3
0x1.0adb66p-2
0x1.7e72f4p-4
-0x1.1fed82p-2
0x1.4bb432p-4
0x1.5dfb7ep-3
-0x1.0a0242p-6
-0x1.132d5ep-3
-0x1.188d2ep-2
-0x1.be9d2ap-4
-0x1.b828dp-3
-0x1.4b378cp-6
-0x1.3659c6p-2
0x1.e27872p-3
0x1.b735ecp-4
0x1.06d14ep-3
0x1.ad8e76p-3
-0x1.0e9db8p-6
0x1.7583d4p-4
-0x1.8dfaa8p-2
-0x1.4ed022p-5
0x1.5bc696p-2
0x1.4a57e2p-3
0x1.f27676p-6
-0x1.aff4d2p-3
0x1.96369ap-2
-0x1.da1146p-4
-0x1.d45f6cp-6
-0x1.b21da4p-4
0x1.2d1994p-4
-0x1.70f03cp-2
0x1.20c73ap-4
-0x1.faa80ep-6
0x1.75feb8p-4
0x1.237d12p-3
-0x1.38e288p-2
-0x1.c37d1ep-4
0x1.86000cp-5
-0x1.e9ab76p-3
-0x1.2ebd9p-2
-0x1.63534cp-4
0x1.bc5a92p-3
0x1.b1642cp-3
0x1.80246ep-3
-0x1.72f22cp-3
-0x1.9d265ep-2
-0x1.26c6dp-4
0x1.2d4aeap-3
0x1.9938bp-3
0x1.478decp-3
0x1.47a3b2p-5
0x1.4f0f28p-3
-0x1.7df7e4p-2
-0x1.15c2a8p-3
-0x1.99a546p-2
-0x1.1fe2b8p-5
-0x1.a17a52p-6
-0x1.de8276p-3
-0x1.d54196p-2
-0x1.a809aap-3
0x1.43940cp-5
0x1.3e701ep-4
0x1.2f4614p-2
0x1.64f9b6p-3
-0x1.68b84p-7
0x1.8226a4p-6
-0x1.a2b71ep-3
0x1.a77134p-2
-0x1.403b0ep-6
0x1.8b5214p-2
-0x1.ba9568p-3
0x1.6d01bp-4
-0x1.e411aap-5
0x1.9ca0cap-4
0x1.94abeep-3
0x1.df62cep-4
0x1.71e16ap-4
-0x1.20c5e2p-7
0x1.1d14a4p-2
-0x1.9f8edp-4
0x1.caf5e2p-2
0x1.178f04p-7
0x1.9a5d9p-5
-0x1.a3264cp-7
0x1.31feb8p-3
-0x1.085b32p-3
-0x1.a799acp-2
0x1.b2995cp-2
0x1.e86046p-4
0x1.48f486p-5
-0x1.56620ep-5
0x1.5422eep-2
0x1.7602c2p-3
0x1.92d0b4p-4
-0x1.0f001ep-2
0x1.f8ca6cp-3
0x1.7c0438p-2
-0x1.8a9a3p-4
-0x1.283a6cp-4
0x1.732cbcp-4
0x1.ae6db8p-7
0x1.11c9c8p-6
-0x1.db9c46p-7
-0x1.7bb7e8p-4
0x1.9a287p-2
0x1.132724p-2
-0x1.977714p-4
-0x1.7a87aep-1
-0x1.ffc976p-4
0x1.08e24ap-5
-0x1.9846b4p-3
-0x1.b31dc6p-3
0x1.877684p-1
0x1.22f03ap-1
0x1.e9747ap-4
0x1.f07262p-3
0x1.3e12d2p-3
-0x1.54ffbep-2
-0x1.4c22cap-2
0x1.758778p-6
0x1.bc8c8cp-3
-0x1.f63558p-5
0x1.3f23b4p-3
-0x1.985352p-2
0x1.ca4cd6p-3
0x1.ebc8fep-2
-0x1.4dc1p-3
-0x1.f5b742p-2
-0x1.7756fap-3
-0x1.025d7ap-1
0x1.469c02p-2
-0x1.2874ecp-4
0x1.2bd388p-1
0x1.7cf93p-2
0x1.0b49fp-6
-0x1.4ad702p-3
0x1.e58a52p-4
-0x1.bd57cap-2
-0x1.4b9672p-5
-0x1.52efd2p-3
-0x1.ba79bcp-5
0x1.bde61p-14
-0x1.4f9184p-2
0x1.5ed3d8p-5
-0x1.a07732p-5
0x1.8c5d48p-3
-0x1.4d03bep-2
0x1.25c9ecp-6
-0x1.b78bbcp-5
-0x1.2645c8p-4
0x1.2fd278p-2
0x1.3ad86cp-4
0x1.87048p-3
-0x1.80d8ap-4
0x1.b5b41ep-3
0x1.1926d8p-2
-0x1.e7111p-4
-0x1.725166p-2
0x1.7ac6e6p-2
-0x1.7d3e0ep-4
-0x1.008bf8p-1
-0x1.4837fap-3
0x1.60be1p-3
-0x1.03aa98p-6
-0x1.9c3e34p-4
0x1.9165a2p-2
0x1.2b1c6p-6
-0x1.1a97c4p-5
-0x1.561b9ap-7
-0x1.34f806p-5
-0x1.3499e4p-3
0x1.ca1394p-8
-0x1.f11b8ap-4
-0x1.e0888ep-5
0x1.e0760ep-8
-0x1.1f7574p-3
0x1.ee8316p-2
-0x1.3e2f7cp-4
0x1.bf1224p-3
-0x1.016964p-2
0x1.6250f4p-2
0x1.19aa24p-2
-0x1.58df44p-3
0x1.18eed4p-3
-0x1.d5a79p-3
0x1.1634bap-7
0x1.e86388p-3
0x1.0db53ap-2
0x1.b726e8p-5
-0x1.4da94ap-4
0x1.1ff1cep-3
0x1.4d7d9cp-2
-0x1.dcdbfp-8
-0x1.b814d6p-2
0x1.5c3b94p-3
0x1.38ef72p-3
0x1.42c62ap-4
0x1.14cbf6p-6
0x1.55833p-4
0x1.a2d71cp-3
0x1.0f63a2p-3
0x1.116cccp-3
-0x1.1822cp-3
-0x1.b1bb5p-5
0x1.4b7e6ep-3
-0x1.53b956p-5
0x1.6ac7b2p-2
-0x1.6f77fp-8
0x1.8e88f8p-5
0x1.e437b8p-5
0x1.467b42p-4
0x1.8a9858p-2
-0x1.4ef5aep-6
0x1.bc4fd6p-2
-0x1.b8307ap-4
0x1.0efb2ap-6
0x1.d98496p-5
0x1.2a7ef2p-8
0x1.c810bap-8
-0x1.0a86dcp-7
-0x1.0fca5p-4
-0x1.399e0ep-3
0x1.0834a6p-3
-0x1.ba934ap-3
0x1.71cafep-7
0x1.afb688p-5
0x1.8ec25cp-5
0x1.8ee074p-4
0x1.03253ep-1
-0x1.d77b6ap-7
-0x1.7418fap-2
-0x1.2c3094p-2
0x1.5a076cp-5
-0x1.60d62cp-2
-0x1.6e3c9p-2
0x1.18b57ap-3
-0x1.6328e8p-4
0x1.cbe7cep-5
0x1.80d70ap-2
-0x1.5f82cep-4
0x1.3d68a2p-4
-0x1.034a86p-2
-0x1.e5f3f8p-2
0x1.66936ap-2
-0x1.8fd742p-4
-0x1.769422p-3
-0x1.04fba2p-3
-0x1.76faecp-4
-0x1.141e96p-2
0x1.8620aep-3
-0x1.8ef06p-3
0x1.85398p-3
0x1.72e6dcp-3
-0x1.8ab40ep-5
-0x1.3e9094p-3
0x1.18346cp-2
0x1.c263b2p-3
0x1.a1296cp-2
0x1.534142p-3
0x1.466adep-5
-0x1.10c496p-4
0x1.289ffcp-3
0x1.ee4924p-3
-0x1.65ba5ep-9
-0x1.51e54p-2
0x1.240518p-3
0x1.bb8096p-4
-0x1.921032p-4
0x1.e024c2p-4
-0x1.fbd76p-3
-0x1.77921ap-2
0x1.05e8d8p-3
-0x1.54b84ep-3
0x1.3ca86ap-4
0x1.e2663p-2
0x1.a99c16p-4
0x1.36e93cp-2
-0x1.d25914p-3
0x1.0fc1e2p-5
-0x1.29e61p-2
-0x1.9ee25ap-6
-0x1.c9ec74p-3
-0x1.11bbacp-3
0x1.c6824ap-7
0x1.ab0b64p-7
-0x1.0a9d8cp-1
-0x1.9d3c0cp-3
-0x1.c75c7p-4
-0x1.76d854p-2
0x1.3e7dbcp-4
0x1.2c9c3p-4
0x1.6c3ceap-3
-0x1.3b2358p-2
0x1.0010e6p-2
-0x1.0c28p-2
-0x1.1f48e2p-3
-0x1.001d84p-2
0x1.fb0dcap-3
-0x1.fb87ap-2
0x1.2c7586p-1
0x1.abb244p-3
0x1.6b2c9ap-4
0x1.c5349p-7
0x1.2abafep-3
-0x1.d985cp-6
0x1.423176p-4
-0x1.19f4cep-3
0x1.dcac06p-4
-0x1.7eac26p-6
-0x1.53b75ap-2
-0x1.e76facp-4
-0x1.ba6da8p-4
0x1.c7d298p-4
0x1.cb4424p-3
0x1.973674p-5
0x1.7313f8p-3
0x1.e714bap-4
0x1.510a5ap-3
0x1.1c7bbap-5
0x1.5d4a9p-3
0x1.4ee7f4p-2
-0x1.402f72p-2
0x1.d014eep-2
0x1.03de36p-6
0x1.e51a42p-3
-0x1.edd67p-3
-0x1.cbb828p-6
-0x1.10af02p-7
0x1.d425bp-4
0x1.4eb0f2p-5
0x1.856b54p-8
-0x1.33d81ep-2
-0x1.3c6b62p-3
-0x1.a3d0bcp-6
-0x1.91115ep-3
-0x1.2a52fp-2
-0x1.cf508ep-3
0x1.b81352p-2
-0x1.1512f6p-4
0x1.4551a8p-4
-0x1.82342cp-3
0x1.83ef42p-4
0x1.21b256p-2
0x1.290f82p-2
-0x1.c7ba18p-7
-0x1.6c6912p-3
-0x1.b99ed4p-5
-0x1.2d49e6p-3
-0x1.03b31ap-3
0x1.7e176ap-3
-0x1.7c37fap-2
0x1.696d44p-2
-0x1.cccffp-2
0x1.5f9e04p-2
0x1.2129a8p-8
0x1.6e8f3p-1
0x1.872f84p-6
0x1.0819dap-2
0x1.54af0ep-6
-0x1.0e752ep-1
0x1.000814p-1
0x1.4a7168p-1
0x1.92268cp-3
0x1.356fbcp-5
0x1.2364e2p-2
-0x1.c9395ep-4
0x1.f65c18p-3
-0x1.31bc74p-5
0x1.2e868ap-3
-0x1.c0c99p-6
-0x1.14aa36p-2
-0x1.6b76c2p-4
0x1.6395f4p-4
-0x1.dcbp-3
-0x1.0bfbfcp-4
0x1.bf1c3ap-2
-0x1.3430d8p-2
0x1.172424p-6
-0x1.f490cap-3
-0x1.3500cap-4
0x1.eac1cp-2
0x1.69c51ap-5
0x1.c53c16p-3
0x1.00dbeep-1
0x1.471402p-4
-0x1.006608p-2
-0x1.ea175ap-4
0x1.a5e262p-2
-0x1.273b98p-2
-0x1.ecb9dep-3
0x1.8f63ccp-3
-0x1.2bcb9ap-3
0x1.934a18p-6
-0x1.0757bcp-7
0x1.e39254p-2
0x1.50d30ap-2
-0x1.1db38ap-3
-0x1.05a354p-2
0x1.c3b3dap-3
0x1.11aa0cp-2
-0x1.345626p-5
-0x1.dec832p-5
-0x1.96350ap-5
-0x1.42e072p-3
-0x1.0250fap-2
-0x1.af2d12p-3
-0x1.dac56p-3
0x1.31a9fcp-2
-0x1.02ce6ap-1
-0x1.46f112p-3
-0x1.371944p-2
0x1.a46c32p-3
-0x1.756dfp-7
-0x1.0f16a4p-2
0x1.507928p-5
0x1.78aec6p-3
0x1.3c3dc2p-1
-0x1.482468p-2
-0x1.24d9c8p-3
-0x1.8e6f52p-2
-0x1.01b034p-3
0x1.26a8aep-2
0x1.9c1fdep-3
-0x1.9b3b88p-5
-0x1.1e5fap-2
0x1.ace73cp-7
0x1.9fff9ep-2
-0x1.1454bp-5
0x1.65f058p-3
0x1.39e3a4p-5
-0x1.81753ap-2
0x1.86a73ep-4
0x1.358918p-2
-0x1.a5b41ap-3
-0x1.d57fc4p-5
0x1.2017eap-3
0x1.64b00cp-5
0x1.6c064ep-3
-0x1.54c5c2p-2
-0x1.bb5942p-9
0x1.2e6988p-2
-0x1.cdf2f6p-3
0x1.1b87dp-2
-0x1.9929bp-2
-0x1.5605e8p-6
-0x1.a8befep-4
-0x1.c9cf8p-2
-0x1.7d2a54p-6
-0x1.a8e0e8p-2
0x1.8e4cf4p-4
0x1.72bc86p-2
0x1.4adee8p-2
-0x1.9d20bep-3
0x1.4fd00ep-2
0x1.7a7cp-3
-0x1.8a3d48p-8
-0x1.7e596cp-5
-0x1.383896p-2
0x1.86a182p-4
0x1.a5b82ep-3
0x1.0be40ep-2
0x1.64e9bcp-5
-0x1.11f84ap-3
-0x1.0b82eap-1
0x1.4bc92ep-3
0x1.a10372p-4
-0x1.33b5cap-4
0x1.ddb508p-6
0x1.ade09cp-4
-0x1.2b42bap-2
-0x1.16de5cp-2
-0x1.82327p-3
-0x1.4bf23cp-2
0x1.92437ep-3
-0x1.9054p-4
-0x1.0b126cp-1
-0x1.4277acp-2
-0x1.2db0bcp-5
-0x1.2ea3fap-5
0x1.92defp-3
-0x1.1a90b6p-2
0x1.ac6d32p-2
-0x1.9edf9ap-6
0x1.57a2d6p-4
0x1.4fa466p-2
0x1.af2aaap-3
-0x1.85e76p-3
-0x1.3bbc4ep-3
0x1.11dee6p-1
-0x1.8e4992p-2
-0x1.93075cp-3
-0x1.078e3p-3
0x1.b38c9p-4
0x1.0af45cp-2
0x1.1cab7cp-4
-0x1.8382f2p-3
-0x1.2b4e98p-4
-0x1.43e622p-4
0x1.27a048p-1
-0x1.3023fp-3
0x1.8b4986p-2
-0x1.626fp-5
0x1.54792p-2
-0x1.67480cp-2
0x1.2fbd9ap-2
-0x1.017422p-5
-0x1.254648p-4
0x1.cff2aep-2
-0x1.143b02p-2
0x1.94535cp-3
0x1.e40902p-7
-0x1.8a20c8p-6
-0x1.e7e3e8p-4
0x1.25fb08p-4
0x1.5f5402p-3
0x1.e7b7f2p-5
0x1.45dddap-2
-0x1.8b0b8p-4
0x1.ca40cap-3
0x1.8482cep-2
-0x1.797d84p-3
0x1.302528p-4
0x1.cfa44p-3
0x1.0e74dep-1
0x1.f32a6cp-4
-0x1.afa998p-3
-0x1.854654p-4
-0x1.8cc51cp-5
0x1.d78602p-2
0x1.342b68p-3
-0x1.9da0dp-3
0x1.4840aap-1
-0x1.23cfeep-4
-0x1.0a03acp-6
-0x1.87d172p-4
-0x1.a5381p-5
-0x1.7f98bcp-3
0x1.5da29p-2
0x1.494504p-2
0x1.3b476p-2
0x1.339f06p-4
0x1.65265ap-2
-0x1.6790ecp-2
-0x1.4f96b2p-2
-0x1.60df96p-6
0x1.64452ep-6
-0x1.58539ep-1
0x1.a5acb8p-6
0x1.389c1cp-3
-0x1.932794p-5
0x1.507556p-3
-0x1.b8efb6p-3
-0x1.826d14p-3
0x1.a905bp-4
0x1.1741p-1
-0x1.bca9ecp-3
-0x1.99f382p-1
0x1.ac6f9ep-3
-0x1.1f8e68p-10
-0x1.7f8e42p-5
-0x1.ba1f66p-3
-0x1.11540ap-2
-0x1.8ec274p-1
-0x1.292cdep-4
0x1.44b912p-2
0x1.0cfca6p-3
-0x1.3aedfcp-3
0x1.a8d188p-3
-0x1.3ba34ap-4
0x1.528cbap-2
-0x1.6d5b3cp-4
-0x1.45acbap-3
-0x1.40b4acp-2
0x1.6d7e9ep-3
-0x1.f1dd7ap-2
0x1.992d94p-4
0x1.a853ap-6
0x1.8aa174p-5
0x1.c5b95ep-3
0x1.98c2acp-3
0x1.9b596p-9
0x1.553472p-2
0x1.8466c2p-2
0x1.7506ccp-4
0x1.63cda2p-2
0x1.abb8p-8
0x1.a310dcp-3
0x1.1925p-3
0x1.a85bfcp-2
0x1.041cep-4
0x1.0961eep-3
0x1.8786b2p-4
0x1.e55606p-2
0x1.6cca56p-3
-0x1.cdcf44p-3
-0x1.08203p-1
-0x1.f1fcf4p-3
0x1.cb23e4p-4
-0x1.10641ap-3
0x1.4fa0dp-2
0x1.4947aap-3
0x1.63695p-2
0x1.2e0f8p-1
0x1.294888p-5
-0x1.168c2p-6
0x1.ef7b12p-6
0x1.cc8e3ep-7
-0x1.7c0bbp-3
-0x1.0ddc3cp-3
-0x1.01fddcp-1
-0x1.57794cp-2
0x1.dcfe36p-4
-0x1.5da9ecp-3
0x1.f44b88p-6
-0x1.bc14d4p-3
0x1.69b346p-2
-0x1.7ca4b8p-1
-0x1.f5853p-2
-0x1.066e54p-5
0x1.69da16p-4
0x1.51da0ep-2
-0x1.6f67f6p-3
-0x1.c800aep-3
-0x1.83ed18p-2
0x1.6a2964p-3
-0x1.be7e8ap-4
0x1.6cdfd4p-6
-0x1.fb2454p-3
0x1.2644a8p-2
-0x1.3f0a32p-2
-0x1.0e0e2p-2
0x1.376b5ep-4
0x1.08208ep-6
0x1.2c93d6p-1
0x1.1306aap-4
0x1.1adf3cp-4
0x1.1a41ep-3
-0x1.0acdacp-2
-0x1.9bc162p-4
0x1.75209ep-2
-0x1.1393bap-2
-0x1.6ce0eap-4
0x1.96da34p-2
-0x1.70a11p-5
-0x1.52ea34p-2
0x1.781722p-1
0x1.af77e2p-2
0x1.221ffp-3
0x1.bdc746p-3
0x1.4089bap-1
0x1.55b3bcp-7
-0x1.42ec32p-5
0x1.d96cd6p-3
-0x1.ca9ffap-2
-0x1.cc4caep-3
0x1.8d182cp-3
0x1.f81dfp-3
-0x1.73c324p-4
0x1.c3a1c2p-2
-0x1.3f25b6p-4
0x1.0fdee8p-6
-0x1.90beeep-4
0x1.5e922p-2
0x1.4edad6p-2
0x1.4e9efep-2
-0x1.db5c1cp-4
0x1.9f7b82p-2
-0x1.1e58bap-3
0x1.947d52p-3
0x1.62f09ap-3
0x1.2471p-1
-0x1.cc471p-3
-0x1.468beap-3
-0x1.95a626p-1
0x1.9e8f42p-2
-0x1.2e12bp-3
-0x1.62599ap-3
0x1.656724p-9
-0x1.7365eep-2
0x1.8af5e8p-3
-0x1.ad6c62p-3
0x1.5d1a42p-2
0x1.0f503ep-2
-0x1.b98a04p-3
-0x1.0a99b2p-3
-0x1.5f2ccp-4
-0x1.2784f6p-2
-0x1.858f34p-3
0x1.6e14b4p-3
-0x1.d4c0e8p-2
-0x1.af29dcp-2
-0x1.19b9c6p-2
-0x1.95bcfp-2
-0x1.022f96p-1
0x1.ce6b04p-3
0x1.36eac2p-1
-0x1.5c247ep-2
0x1.3063eap-3
0x1.b6b9bep-3
0x1.f89074p-2
-0x1.6507dap-2
-0x1.6fb16ap-2
-0x1.1594f2p-5
0x1.5e9674p-2
-0x1.8aa2ecp-9
-0x1.008822p-2
-0x1.1f7accp-6
-0x1.e8165cp-4
-0x1.1d485ap-1
0x1.3b4b86p-5
-0x1.dc4b4ep-6
-0x1.8266e6p-2
0x1.ffba68p-3
-0x1.1f2fccp-1
0x1.c58c04p-4
-0x1.2d2b6p-2
-0x1.34fc3p-3
-0x1.bd54c8p-6
-0x1.b1f5bcp-2
-0x1.d4c5aep-4
0x1.3d8d66p-4
-0x1.f2515ep-5
-0x1.512accp-1
0x1.ce9552p-3
0x1.f9f746p-2
-0x1.40b9d4p-1
0x1.69096ap-1
0x1.e924b8p-3
0x1.66af6ep-3
0x1.121bep+0
0x1.a09de6p-3
0x1.383fcap-2
-0x1.95d3f8p-3
-0x1.3a746ep-3
0x1.c81742p-1
0x1.1f9edep-1
-0x1.4d2562p-1
0x1.510892p-3
-0x1.75722ep-2
0x1.50aa0cp-1
-0x1.05cd12p-1
0x1.658304p-3
-0x1.42d5ep-3
0x1.6c8a76p-5
-0x1.ab6ac6p-8
-0x1.82934ap-2
-0x1.df26e2p-3
-0x1.c08894p-3
-0x1.e6b0a6p-6
-0x1.4b79dcp-3
0x1.33268ap-2
0x1.919156p-3
0x1.ae95a2p-2
-0x1.3242e4p-4
0x1.92367cp-2
0x1.547c6ep-4
0x1.2b5afap-2
0x1.647462p-3
0x1.3dfb04p-2
0x1.40e638p-4
0x1.dc1304p-4
-0x1.c535c4p-3
-0x1.85a77ap-1
-0x1.62444ep-4
-0x1.65a686p-3
0x1.905accp-2
0x1.a4e3ccp-3
-0x1.325c6ep-4
-0x1.8b2884p-4
0x1.1d1134p-3
0x1.3bbc64p-3
-0x1.0651f8p-2
-0x1.ccf9d6p-3
0x1.6b292ep-7
-0x1.ec950cp-2
-0x1.13cd26p-3
0x1.b17d02p-1
-0x1.96a6a2p-1
-0x1.f0dbp-4
-0x1.72cda2p-4
0x1.38bd96p-2
-0x1.18d38ep-3
-0x1.1d14b4p-7
0x1.6d21fp-2
-0x1.d31b2ap-3
-0x1.b58aecp-2
-0x1.4c7a96p-2
-0x1.3c41c6p-4
0x1.230a86p-2
0x1.051102p-1
0x1.2203fcp-1
0x1.980b8p-2
-0x1.c36dep-3
-0x1.46d7aep-3
-0x1.121be4p-2
0x1.19db24p-2
0x1.9f4102p-2
0x1.11076cp-3
-0x1.3c41b4p-5
0x1.d2bed8p-4
-0x1.022092p-2
0x1.b4b5d8p-8
-0x1.d5da34p-4
-0x1.2610fcp-4
0x1.e4565ep-3
0x1.5a156cp-2
-0x1.79651p-1
-0x1.079956p-2
0x1.df478cp-2
0x1.1da6d4p-2
0x1.48f9a6p-2
-0x1.2a0c42p-4
-0x1.e54a42p-2
-0x1.8d133ap-2
-0x1.ec3a16p-4
0x1.d590a6p-2
0x1.b6b73ap-3
0x1.d36ea4p-3
0x1.9c805ep-2
-0x1.9c8058p-2
