7
110
25
20
15
10
5
2
tanH
tanH
tanH
tanH
tanH
softmax
0x1.62f11ep-1
0x1.526292p-2
-0x1.a21ffcp-3
-0x1.a61904p-2
0x1.42adacp-3
-0x1.ee07b8p-3
0x1.737a24p-3
-0x1.8c53f2p-2
0x1.235e5ap-3
0x1.918a72p-2
-0x1.b3161cp-2
0x1.06a2aap-4
0x1.8da85ap-3
-0x1.9ec70ap-4
-0x1.07622p-2
0x1.081feep-2
-0x1.11fa24p-4
0x1.03ff6p-4
-0x1.bb94d6p-2
-0x1.37e37cp-5
-0x1.e06a44p-3
0x1.a861e8p-3
0x1.bf371ep-3
0x1.eedcap-2
-0x1.3fbb36p-4
0x1.80016cp-1
0x1.9af672p-2
-0x1.6e226cp-2
-0x1.40c7f2p-1
0x1.59bc0cp-2
0x1.c52daep-5
0x1.9fc7dep-4
-0x1.d6368ep-3
0x1.7a2822p-3
0x1.c12c24p-2
-0x1.0ecf54p-1
0x1.72673ep-3
0x1.6a5fp-2
-0x1.83821ap-2
-0x1.8b45bcp-2
0x1.07f266p-1
0x1.518e88p-2
0x1.123a86p-4
-0x1.23c37ep-1
-0x1.d416fep-3
-0x1.0d7122p-2
0x1.2bbbdp-3
0x1.258cbap-2
0x1.95285ap-2
-0x1.656fd4p-3
0x1.026288p-3
0x1.b73ce8p-2
-0x1.33b744p-4
-0x1.620612p-4
-0x1.731a06p-3
0x1.2da1e2p-2
0x1.46d92cp-2
-0x1.a8f7acp-3
-0x1.5aa97ep-5
-0x1.d3e9fep-4
0x1.0ebaa6p-4
-0x1.33a7f8p-5
-0x1.552d36p-4
-0x1.a3f50cp-6
-0x1.3cdd8cp-2
-0x1.d6ca4ep-4
0x1.75417cp-3
-0x1.51e33ap-3
0x1.74d0a8p-4
0x1.f2dfaap-5
0x1.d66d3ap-2
0x1.a97e8p-4
-0x1.8a647ap-4
0x1.4d3176p-3
0x1.1b2a04p-4
-0x1.817138p-7
-0x1.2684b6p-3
0x1.919f32p-2
0x1.300edp-15
-0x1.72364cp-1
-0x1.95c0b8p-2
0x1.6d9c7p-1
0x1.f85058p-2
-0x1.96031p-2
-0x1.55908cp-1
0x1.a6af62p-7
-0x1.12aeb6p-2
-0x1.5221ecp-1
0x1.f7c224p-3
0x1.971812p-3
0x1.430e5ap-2
0x1.3fcd68p-2
0x1.7c788p-1
0x1.173a4p-1
-0x1.becc66p-5
0x1.0f0934p-2
-0x1.372376p-6
0x1.60780cp-3
-0x1.fe4f5ep-2
0x1.db44cap-2
0x1.7ce048p-2
0x1.186636p-2
-0x1.b44fdap-3
-0x1.d5a9e6p-4
0x1.d59388p-3
-0x1.300b88p-6
0x1.2e97a4p-3
-0x1.8121fp-2
0x1.f1ba78p-4
0x1.e83c54p-3
-0x1.e3728ap-2
0x1.ef00ecp-2
0x1.806476p-4
-0x1.bffb7ap-2
0x1.8bf91cp-8
0x1.5fe422p-2
0x1.08b9ap-3
0x1.138e1ep-6
-0x1.ef3bd8p-4
-0x1.3a7ebp-1
-0x1.dc6798p-4
0x1.2369dp-2
0x1.1a5e42p-3
0x1.8c2daap-2
0x1.76a016p-3
0x1.3f01c8p-1
0x1.efd61cp-2
-0x1.108cb6p-1
-0x1.b988c2p-2
0x1.d9671cp-2
-0x1.2b47dap-5
-0x1.13b462p-4
-0x1.b3ce28p-2
0x1.2c6712p-3
0x1.cc6a56p-2
-0x1.893436p-2
0x1.1cdab8p-1
0x1.dbe296p-3
-0x1.57b938p-1
-0x1.5d23f8p-4
0x1.dd68cap-2
0x1.59b8fcp-2
0x1.994c74p-5
-0x1.9551dap-2
-0x1.dc95ap-2
-0x1.f75fb8p-3
0x1.49bb94p-3
0x1.edb22ep-3
0x1.18683p-2
0x1.bd5102p-6
-0x1.89a17p-3
0x1.3617a4p-4
-0x1.abd98ap-3
-0x1.fcd4b8p-4
0x1.009238p-1
0x1.617ad2p-4
-0x1.469ddcp-3
-0x1.0da9dcp-2
0x1.672702p-2
0x1.bf9492p-3
-0x1.f9118p-3
0x1.086272p-3
0x1.39687ep-3
-0x1.4215a2p-3
-0x1.c33ec6p-5
0x1.96f8acp-3
0x1.aefaf8p-4
0x1.255e46p-8
-0x1.3a42dp-2
-0x1.1a7c62p-3
-0x1.69f796p-2
-0x1.d4f268p-3
0x1.567282p-2
0x1.836198p-3
-0x1.0ae2fap-1
-0x1.3d6894p-3
0x1.00bcfep-7
0x1.beae7ep-6
0x1.f56136p-4
0x1.11fc44p-4
-0x1.6d1172p-5
-0x1.4fcf08p-6
-0x1.775d7p-3
0x1.563bb6p-3
0x1.fb6e8cp-3
0x1.51e67ep-4
-0x1.30a18ap-2
0x1.f6e87ep-3
0x1.12b85ap-5
-0x1.d5a0f8p-4
-0x1.ae9f76p-2
-0x1.741822p-2
-0x1.b193d6p-3
-0x1.1eae3cp-2
0x1.7c21ecp-3
-0x1.cbb474p-3
0x1.6b8bap-3
-0x1.a0a88p-2
0x1.80e6dep-2
0x1.a1946ep-3
-0x1.1c37aep-1
-0x1.05edbep-3
0x1.6fbf18p-3
0x1.1d75cep-2
-0x1.6f161p-1
0x1.932a98p-2
0x1.3eea4p-2
0x1.952c9cp-4
-0x1.b8202ap-6
-0x1.d0b4c8p-4
0x1.9622dcp-2
-0x1.bd0a96p-2
-0x1.f3a33ep-4
0x1.6cfb1ap-2
-0x1.261038p-4
-0x1.4a8e94p-1
-0x1.0b4ad8p-2
-0x1.2c4fe2p-2
0x1.d08c3ap-2
0x1.4cb70cp-3
0x1.a82134p-3
0x1.753058p-2
-0x1.cab4fap-2
0x1.5f0722p-4
0x1.1fb03cp-2
-0x1.784cb4p-8
0x1.bd211p-4
-0x1.2eccdep-4
-0x1.7cae46p-3
-0x1.11658cp-5
-0x1.489daap-5
0x1.3f71e8p-3
-0x1.0e96aep-2
-0x1.95d3cep-6
-0x1.68341ep-5
-0x1.81017cp-3
0x1.72fba4p-2
0x1.9ab91ap-3
-0x1.ff743cp-3
-0x1.b1b5ecp-6
0x1.1de372p-3
0x1.c3b37cp-6
0x1.caa34ep-3
-0x1.4b2d0ap-3
-0x1.cffdfep-4
-0x1.565e1p-7
0x1.b6407p-2
0x1.930ae6p-7
0x1.d2e96cp-3
0x1.842106p-4
-0x1.d039c4p-4
0x1.138102p-6
-0x1.b7b60ap-3
-0x1.d6cf0ap-3
0x1.43e5d2p-7
0x1.f344bcp-4
0x1.14215cp-4
-0x1.ae3736p-4
0x1.80d6b4p-4
-0x1.0ff572p-2
-0x1.e5bb6cp-4
0x1.db560ep-3
0x1.bd29e6p-4
-0x1.dfece2p-3
-0x1.b15f66p-4
0x1.08ea64p-10
0x1.1a64d6p-4
0x1.88eaa6p-3
-0x1.e993dp-5
0x1.28da8ep-3
0x1.03aecp-5
0x1.7242dcp-3
-0x1.07e4f6p-3
0x1.a0bf52p-2
0x1.4b6182p-3
0x1.7e086ap-3
0x1.fb9742p-2
-0x1.34a846p-2
-0x1.840d2cp-3
0x1.0ddceap-2
0x1.cc93fep-5
0x1.849606p-6
0x1.cc670cp-5
0x1.57e704p-3
0x1.b9d684p-4
-0x1.94ee04p-4
0x1.6fb284p-11
0x1.c91eacp-3
-0x1.1c9e9ep-3
-0x1.86aecap-2
0x1.00dfeep-2
-0x1.edc702p-5
0x1.2d9538p-3
-0x1.9324aep-3
-0x1.15cd22p-2
-0x1.fa1354p-3
0x1.0f8c28p-7
0x1.3d2c94p-3
0x1.6132f2p-2
0x1.91ace6p-4
-0x1.7c35b2p-3
0x1.ab5fe8p-3
-0x1.1c93e8p-3
-0x1.e6ef9ap-4
-0x1.b327bp-3
-0x1.a34606p-7
0x1.076bc4p-2
0x1.9caf4ap-4
0x1.025f3ap-3
0x1.8c56d6p-5
-0x1.19f15cp-3
-0x1.6186cap-4
0x1.eab448p-6
0x1.6c8606p-4
-0x1.31d082p-2
0x1.3ebe9p-6
0x1.867308p-3
0x1.5ecc3p-3
0x1.95c8bap-3
-0x1.ebfff4p-3
0x1.2ba65ep-2
0x1.b937dap-3
-0x1.8ec9e2p-5
-0x1.7d50fep-6
0x1.b9c1f6p-4
-0x1.5641ccp-2
-0x1.8f47d8p-2
0x1.06bbccp-2
0x1.5c179cp-2
-0x1.28b72ep-3
0x1.496fa8p-8
-0x1.ba1628p-3
0x1.4208e8p-6
-0x1.e5974p-7
-0x1.14755cp-3
-0x1.5ebe6p-3
-0x1.483934p-3
-0x1.b4c396p-5
-0x1.8bfe32p-3
0x1.0efda4p-2
-0x1.3d4e0ep-2
-0x1.00a28ap-2
-0x1.09ba74p-4
0x1.3e5db6p-4
0x1.61262ep-2
-0x1.51123cp-2
-0x1.b55432p-5
-0x1.774dap-2
0x1.046308p-6
-0x1.b6a004p-4
-0x1.e931dep-6
0x1.0bef34p-5
-0x1.fc9044p-3
-0x1.c18a64p-8
-0x1.0fef3ap-2
0x1.b8f99ep-7
0x1.27bcccp-2
-0x1.12a482p-4
-0x1.80ac78p-8
-0x1.edc1aep-2
0x1.6b89e2p-4
-0x1.704802p-2
-0x1.584fa8p-3
0x1.296efcp-3
0x1.dab45ep-7
-0x1.75a40ap-4
0x1.a2a94ep-8
0x1.16457ep-2
0x1.5b63a6p-4
0x1.46d7dep-3
0x1.c9363ap-3
0x1.2e05e4p-4
-0x1.ed253ap-4
-0x1.4840b4p-2
0x1.86f7e4p-3
0x1.ce270ap-4
0x1.668364p-3
-0x1.a081a6p-3
-0x1.75ce5ep-4
0x1.2a782ap-2
0x1.5e5a1ap-4
-0x1.01e5dp-2
-0x1.be2c0cp-4
0x1.18971p-2
0x1.93fd1ep-2
-0x1.9db6p-3
0x1.05232cp-5
0x1.3a8b84p-3
-0x1.0357dp-3
-0x1.52802cp-5
0x1.6c359ep-3
0x1.2856p-3
-0x1.9cc616p-4
-0x1.06dedp-1
-0x1.3f92a6p-3
-0x1.b2b082p-3
-0x1.2b127ep-3
0x1.783a8p-2
0x1.5b7aaep-4
-0x1.9050ap-2
-0x1.92810ap-3
0x1.f45614p-4
-0x1.235a6cp-2
-0x1.295c5ep-2
0x1.7171c2p-2
0x1.77edd4p-2
-0x1.b0c64cp-3
0x1.6169bep-6
0x1.f5efbap-3
0x1.3ff86ap-3
-0x1.4c80bp-3
0x1.fee3cap-4
-0x1.b79f2p-6
-0x1.599134p-3
0x1.08e1cap-4
-0x1.485506p-11
-0x1.3f641p-4
-0x1.0d9c1ap-3
-0x1.d07d62p-3
0x1.8d4dfp-3
-0x1.618f14p-7
-0x1.a9a562p-3
0x1.1716eep-2
0x1.7476dep-3
-0x1.1e20a6p-3
-0x1.fa0344p-3
0x1.d3519cp-3
-0x1.ad4454p-3
0x1.9cf2c4p-4
0x1.d00498p-2
0x1.bcbadcp-2
-0x1.434342p-4
-0x1.a493f8p-3
0x1.86c3p-2
0x1.1f0298p-3
0x1.49cd6cp-4
0x1.c79462p-3
0x1.d682a8p-5
-0x1.8c62eap-3
0x1.a3fb82p-6
-0x1.49bd72p-2
-0x1.644e9cp-6
-0x1.026b3p-2
-0x1.4c39d6p-5
-0x1.fa2aaap-5
0x1.6cd32ep-5
-0x1.97849p-4
0x1.3fc952p-1
0x1.f717fep-7
-0x1.84387cp-3
-0x1.b989e4p-3
0x1.114794p-3
-0x1.8d93p-3
-0x1.6d676ep-3
0x1.00e432p-1
0x1.e91262p-2
-0x1.1a9276p-4
-0x1.02caaep-2
0x1.55e904p-1
0x1.40556ap-2
-0x1.8ee334p-3
0x1.73674ap-5
-0x1.60891ap-3
-0x1.193f96p-2
0x1.3873aep-3
-0x1.dc7cfp-3
0x1.5eb772p-4
-0x1.fb723ep-4
-0x1.688008p-3
-0x1.e798ecp-4
0x1.78e26ap-5
-0x1.95a502p-3
0x1.e90918p-2
0x1.0bdf0cp-4
-0x1.6ba22ap-4
-0x1.0be4f2p-3
0x1.83a736p-3
-0x1.fef76cp-5
-0x1.dad88ap-4
0x1.6e9e1cp-3
0x1.96f54ap-2
-0x1.933aaap-3
-0x1.7e4d8ap-2
0x1.277194p-2
0x1.0b317ep-3
0x1.2909bep-5
0x1.8dba18p-6
0x1.30ada8p-5
-0x1.25dbbep-3
0x1.7d111p-2
-0x1.7f0d7p-3
-0x1.6b5136p-5
-0x1.152214p-3
-0x1.cfa71p-2
0x1.50494cp-4
0x1.fe6e22p-5
-0x1.07af46p-2
0x1.3b2424p-1
0x1.923e68p-4
-0x1.6df5dap-3
0x1.ec5554p-3
0x1.1d0e38p-4
0x1.964118p-3
0x1.046f8cp-8
-0x1.3c6f08p-3
-0x1.015124p-2
0x1.b86b94p-2
-0x1.5e0e08p-3
0x1.b61e4ep-5
-0x1.1dfc2p-6
0x1.8bdd64p-6
-0x1.492efp-2
-0x1.9ba5p-5
0x1.823ecap-10
-0x1.f3a3c6p-7
-0x1.a38c1cp-3
0x1.baae36p-4
0x1.10491cp-4
0x1.2ddce6p-2
0x1.6eeb1ep-4
0x1.6d7288p-3
0x1.8db26cp-4
-0x1.fffe28p-5
-0x1.bbb2b2p-4
0x1.340c44p-3
0x1.efa2ep-4
-0x1.af477cp-3
-0x1.a6a5bep-5
0x1.a5e252p-4
0x1.2037dp-3
0x1.0b82b4p-7
-0x1.f0e00ep-7
-0x1.84432ap-4
-0x1.5feb18p-3
0x1.336c6p-3
-0x1.7b6fp-4
0x1.76c7p-3
0x1.fb15dep-6
0x1.77510ep-4
-0x1.b5b1d4p-6
-0x1.31e41ap-4
-0x1.a2a646p-4
-0x1.c9a392p-4
-0x1.a96ec2p-3
-0x1.4ae09ep-4
0x1.4c5682p-12
0x1.00d3e8p-4
0x1.755106p-3
0x1.3f4de4p-3
0x1.131304p-3
0x1.cf1668p-4
0x1.03b29cp-3
-0x1.665978p-3
0x1.0b9ed2p-4
-0x1.1c555p-5
-0x1.378738p-4
0x1.1821bcp-4
-0x1.6a4678p-5
-0x1.295e6ap-3
-0x1.292f5ep-3
0x1.c8e3dp-4
-0x1.0aaaeep-3
0x1.a2c9a8p-4
-0x1.9b17c8p-3
-0x1.faacb4p-3
-0x1.d3a54p-5
0x1.5ed146p-2
0x1.23299ap-2
-0x1.e4287cp-5
0x1.0904a4p-3
-0x1.3c68bp-6
0x1.b0a0dcp-4
0x1.a18908p-5
-0x1.8adf44p-4
0x1.49202cp-5
-0x1.035524p-1
-0x1.4c33b2p-3
0x1.1c0d64p-2
0x1.2abd92p-4
0x1.a05c92p-3
0x1.82d0b8p-2
-0x1.95f8cep-3
-0x1.9ed624p-3
0x1.1b0cd4p-3
0x1.044f28p-4
-0x1.01b8b4p-1
-0x1.5b93cep-3
0x1.27b934p-3
-0x1.be0c3cp-2
0x1.430626p-1
-0x1.b9ab26p-3
-0x1.d11bb6p-2
0x1.089668p-2
-0x1.4d937ep-3
0x1.46372cp-2
-0x1.8b47e6p-1
0x1.83e954p-4
-0x1.c56b4ep-3
0x1.d7bcp-3
-0x1.eda706p-3
0x1.02c294p-1
-0x1.cf7656p-2
0x1.89ba3p-3
0x1.25f842p-2
-0x1.519a0ep-2
-0x1.3d2ecap-1
0x1.f06328p-3
0x1.588284p-6
-0x1.a5d49p-2
-0x1.c5c35ap-3
0x1.e0854cp-3
0x1.606ff4p-3
0x1.b4ed28p-4
0x1.df8f9cp-4
-0x1.1c73b8p-3
0x1.3a84b6p-1
-0x1.1a9c84p-3
0x1.2a24bcp-2
-0x1.4d0f34p-3
-0x1.48edc8p-2
0x1.5d1a9ep-1
-0x1.30c26ep-5
-0x1.f8ad8p-3
-0x1.51562ep-2
0x1.5ca608p-2
-0x1.55bd62p-4
-0x1.1890dep-3
-0x1.5494c4p-5
0x1.2a48aep-4
0x1.fd1e54p-6
0x1.390b1ap-3
0x1.265baap-4
0x1.2c167cp-6
-0x1.99b686p-2
-0x1.062404p-3
-0x1.a5574ap-2
-0x1.15e4d2p-4
0x1.248b8ap-2
-0x1.58da9cp-2
0x1.4bbb84p-2
0x1.7cc46cp-3
-0x1.63d284p-4
0x1.46b4d8p-2
-0x1.2d5914p-5
0x1.52f73ep-3
-0x1.c05452p-4
0x1.678b1p-4
0x1.0d9f4p-4
-0x1.cd5894p-4
-0x1.4257d8p-7
0x1.441736p-2
0x1.ce572ep-5
0x1.9099aep-5
-0x1.63fb0ap-6
0x1.2d01f6p-4
-0x1.a5415p-2
-0x1.0f978cp-3
-0x1.1cb1a6p-4
0x1.601218p-5
-0x1.56fd6ap-4
-0x1.11d618p-2
0x1.17a1acp-2
0x1.ac9f24p-3
0x1.7dc1c4p-3
0x1.b6d53ap-4
0x1.89734p-3
-0x1.a83d12p-3
-0x1.f7f838p-5
-0x1.25d6a4p-5
-0x1.37501ep-3
0x1.b74e26p-3
-0x1.df41ep-5
0x1.93d8cp-4
-0x1.1bc88ep-3
-0x1.3faf54p-3
0x1.3dc686p-6
-0x1.fa0fc2p-3
0x1.ca9ed6p-3
0x1.15220ep-5
-0x1.e7fe8p-8
-0x1.2a4d96p-5
0x1.295f62p-2
-0x1.500a9ap-7
-0x1.46ef5ep-8
-0x1.0c7196p-4
-0x1.315658p-2
0x1.a3214cp-7
0x1.6e7d8ep-4
-0x1.09162ap-3
0x1.e7749cp-6
-0x1.738ccep-6
-0x1.d0a5b2p-4
0x1.ad59cap-3
-0x1.2aad72p-3
0x1.314fd8p-7
-0x1.0ff566p-6
-0x1.e80e7cp-4
-0x1.c93244p-6
0x1.fbc5e8p-3
0x1.66ad6ep-9
0x1.ca8056p-3
0x1.5f9f0cp-5
0x1.05355p-3
0x1.b31934p-4
-0x1.ca6a9ap-6
-0x1.cae566p-5
0x1.1a6116p-3
-0x1.14ac1ap-3
0x1.36748ap-3
0x1.3363a6p-3
-0x1.38debap-2
0x1.4f0e48p-3
-0x1.070b1p-5
0x1.9bd5bep-5
0x1.d11acap-5
-0x1.749da4p-7
0x1.e5923cp-6
-0x1.d8da6ap-4
-0x1.2bd98ep-4
-0x1.f3f3c4p-4
-0x1.5dd12ap-2
0x1.70ca74p-4
-0x1.b628dcp-3
0x1.39e262p-7
0x1.ae7494p-5
-0x1.94972cp-5
0x1.24e7c4p-4
-0x1.b3c5acp-4
0x1.cfc104p-5
0x1.aab6dcp-4
-0x1.063478p-5
0x1.befc66p-3
0x1.b0f2ccp-7
0x1.1024fcp-3
0x1.e94ad4p-4
-0x1.20be1p-3
-0x1.45601p-4
0x1.570c9p-4
-0x1.8146dp-4
-0x1.6ed006p-4
-0x1.be614p-4
-0x1.e9565cp-3
-0x1.17cb7cp-4
-0x1.84079cp-5
-0x1.caf6dap-4
0x1.b3698p-5
0x1.06b42ep-3
0x1.ee5dd4p-4
0x1.f2f7aep-4
-0x1.475a1p-3
0x1.a7d794p-7
-0x1.c1799cp-6
0x1.48921cp-7
0x1.144a84p-3
-0x1.06714ep-8
-0x1.053856p-2
-0x1.39c856p-3
-0x1.81e036p-5
-0x1.f309c6p-4
0x1.0f0fc2p-6
-0x1.1042a8p-1
-0x1.acfae2p-4
0x1.e0c68p-3
0x1.5e3516p-3
0x1.199098p-2
0x1.0a43c8p-4
0x1.cbccd8p-6
0x1.415d7ep-3
-0x1.8b581p-6
0x1.89b9d8p-4
0x1.06d6b6p-5
0x1.6d29a8p-3
0x1.31098ep-2
-0x1.6a006ap-3
0x1.dfa0b4p-4
-0x1.7bd696p-4
-0x1.bcad0ap-3
0x1.8fc38p-2
0x1.1b49b6p-3
-0x1.ec3476p-3
-0x1.c75168p-4
-0x1.e15e44p-4
0x1.a517dep-3
-0x1.dbbfcep-4
-0x1.cad4bep-3
-0x1.212b72p-8
-0x1.fe5f6ap-3
-0x1.65ecf4p-5
0x1.2023e6p-2
0x1.fbb996p-2
0x1.d2b574p-4
-0x1.64520ep-2
0x1.0af6c8p-1
0x1.7aeec8p-7
0x1.570738p-2
-0x1.8e3a36p-5
0x1.35c5cp-5
0x1.d6719p-3
0x1.585b8cp-4
0x1.56e6bp-5
-0x1.9216eep-5
-0x1.4275dp-3
-0x1.6bb702p-5
0x1.3db77cp-8
-0x1.5e50eep-5
0x1.9c585p-4
-0x1.37acc8p-3
-0x1.4ca4b8p-5
-0x1.10f8c4p-3
-0x1.eafdaap-4
-0x1.1225ecp-2
-0x1.5a1bp-3
0x1.0e31dep-3
-0x1.b8f6fcp-4
0x1.bf1112p-5
0x1.6501f4p-2
0x1.ff69a8p-12
0x1.766938p-2
0x1.41b1b6p-4
0x1.9b737ap-3
0x1.3271fep-5
-0x1.eaa53p-2
-0x1.c86acap-4
-0x1.b69866p-2
0x1.d5737ap-9
-0x1.cf884cp-3
-0x1.286d66p-2
0x1.a7e04ep-2
0x1.4567fap-2
-0x1.b6a4aep-4
-0x1.8a56d2p-3
-0x1.000258p-2
0x1.c439a2p-5
-0x1.ad3934p-3
0x1.880b36p-4
0x1.6015b6p-3
0x1.eaf868p-3
-0x1.9d1a26p-4
-0x1.3b4148p-1
0x1.650b12p-3
0x1.0578bp-2
-0x1.6319c4p-3
0x1.e44404p-2
0x1.ca6884p-5
0x1.4d78cep-2
-0x1.05f2eap-2
-0x1.c91462p-2
-0x1.6a2b58p-3
-0x1.c8099cp-5
0x1.2559ap-3
0x1.78d1c6p-8
-0x1.22ed9ap-3
0x1.0fd978p-2
0x1.c5e348p-4
-0x1.6be348p-4
-0x1.c91b7ep-4
-0x1.56ff5ep-3
0x1.869112p-5
-0x1.6e5472p-3
-0x1.a44604p-5
-0x1.49f252p-2
-0x1.21e1f4p-2
-0x1.f38b66p-7
-0x1.771386p-3
0x1.1081eap-2
0x1.13e874p-2
-0x1.57610ep-4
0x1.617d6cp-2
-0x1.c43d52p-5
0x1.0907f6p-3
-0x1.2b3fe8p-1
0x1.0e68b4p-5
0x1.96fec6p-3
0x1.69f722p-3
0x1.d4c4aep-6
0x1.e8e3acp-3
0x1.5e093cp-3
-0x1.97e39ap-4
0x1.c5ba8ep-5
0x1.300a68p-2
-0x1.3ac482p-2
-0x1.1011cap-2
-0x1.716ca6p-4
0x1.0dc77ap-3
0x1.66c562p-2
0x1.e2ec2ap-7
0x1.4d5bcap-4
-0x1.b9b36ep-5
0x1.5898dp-3
0x1.17836ep-2
0x1.86258ap-5
-0x1.59a328p-3
0x1.764e38p-4
-0x1.8acbbep-5
-0x1.01e486p-2
-0x1.782b3p-2
0x1.559d26p-3
0x1.1383f2p-3
0x1.89b6f4p-3
-0x1.3be66cp-4
0x1.9dea32p-5
-0x1.5bd34ep-3
0x1.8224d2p-3
0x1.683a5p-3
-0x1.11ab9ap-2
-0x1.3fe6ccp-5
-0x1.f5d8ecp-4
-0x1.a77d3cp-3
-0x1.1b9564p-2
-0x1.2c2f22p-5
0x1.524938p-3
-0x1.31ea34p-3
0x1.7a86a8p-3
0x1.7ca4cp-5
0x1.421584p-3
-0x1.620462p-3
0x1.57ca9ap-5
0x1.03747ap-2
0x1.dea5bep-6
0x1.c7ddbp-5
-0x1.2b688ep-4
-0x1.05cc64p-1
-0x1.9d7e5ep-3
-0x1.2243eep-2
0x1.c3492ap-3
-0x1.078e5p-2
0x1.575db2p-4
0x1.3a9504p-3
0x1.d2e816p-4
0x1.216a4p-3
0x1.5879d8p-3
0x1.af14f8p-4
-0x1.08b92ap-5
-0x1.d07ce4p-3
-0x1.35f5c4p-3
-0x1.107eb6p-4
0x1.2f51b2p-4
0x1.cbff98p-2
-0x1.ab40e6p-3
-0x1.700d9p-3
0x1.0dc61ap-3
0x1.cb51ep-4
-0x1.5be622p-6
-0x1.9b031p-6
-0x1.a9adc8p-4
-0x1.9fa2eap-3
-0x1.55e1ep-3
-0x1.dd902p-4
0x1.e7d49p-4
0x1.775832p-4
-0x1.3d4e4cp-7
0x1.14dfe8p-4
-0x1.389dacp-4
-0x1.31bcbep-4
0x1.7d21acp-4
-0x1.492796p-4
0x1.6a77p-3
0x1.dc37fp-3
0x1.2c3abcp-5
-0x1.a3067ap-4
-0x1.471202p-2
-0x1.747a9p-3
-0x1.6919bap-4
-0x1.e4f39ep-3
0x1.ecbd6ep-4
0x1.75f6e8p-3
-0x1.aae3d6p-4
0x1.93c18ep-2
-0x1.19b864p-4
-0x1.e0fb3p-5
-0x1.2dad4ep-3
-0x1.d94bbap-6
-0x1.c9bc5cp-4
0x1.e98cc4p-3
-0x1.a274c8p-4
0x1.582f1ap-3
-0x1.6ff962p-4
-0x1.d995c2p-8
0x1.2454c2p-2
0x1.f14596p-5
0x1.565cb6p-3
0x1.821324p-3
0x1.1b7d4ep-7
0x1.10e7eep-3
-0x1.e0ab08p-5
-0x1.086cb2p-3
0x1.678db6p-3
0x1.23e28ep-2
-0x1.8467b8p-3
0x1.53593ep-4
0x1.1b639ep-3
0x1.4f9caep-4
0x1.be246cp-10
-0x1.7fa794p-5
-0x1.5c73b2p-4
-0x1.7daf2ep-3
-0x1.3524b6p-9
-0x1.318496p-2
-0x1.5e4cc4p-5
-0x1.3912bp-3
0x1.73b1ep-5
-0x1.0221e8p-6
0x1.84d238p-3
0x1.5f15b2p-4
0x1.087e7ap-4
-0x1.95945cp-3
-0x1.70f4c6p-6
-0x1.f5e794p-3
-0x1.9fad72p-3
0x1.583006p-5
-0x1.144552p-2
0x1.1d4d08p-5
0x1.ccde24p-5
-0x1.13c54ep-2
-0x1.82d9acp-7
0x1.7453acp-3
-0x1.facf86p-3
0x1.84da24p-3
0x1.1df09ap-4
0x1.3afb7cp-2
-0x1.1dcbfep-1
-0x1.4cd83cp-2
0x1.b258a8p-6
0x1.21c82ap-2
-0x1.e5166ap-3
0x1.ef60d4p-3
0x1.89ce02p-2
-0x1.5f7666p-2
-0x1.14a0e2p-3
-0x1.1ed3ap-4
0x1.27936ap-2
0x1.0270e8p-6
-0x1.b83b7ep-3
0x1.27c5cap-5
0x1.448e9cp-4
0x1.170afcp-5
-0x1.4a2f86p-6
-0x1.a155fep-3
-0x1.5352b2p-5
-0x1.c7b51cp-4
-0x1.1d5f3p-4
0x1.7c1ef2p-10
-0x1.319c62p-4
0x1.c05446p-6
-0x1.5a4cacp-3
0x1.3967dcp-2
0x1.61a388p-3
-0x1.8be3dcp-5
-0x1.25ea2ap-3
-0x1.be83c6p-3
-0x1.b0a92ap-3
-0x1.01b9bap-2
0x1.1b4b1ap-2
0x1.c8adc4p-3
-0x1.a12702p-2
-0x1.825a1ap-4
0x1.778c86p-4
0x1.c7db72p-3
-0x1.090cf8p-2
-0x1.1d01a2p-2
0x1.c6bd2p-3
-0x1.3df464p-3
0x1.513c98p-5
0x1.83bbf4p-2
-0x1.55e97cp-5
-0x1.64c72p-3
-0x1.1a8634p-2
0x1.2e13a4p-4
0x1.21d52p-2
0x1.6070aep-2
0x1.fd398ep-4
0x1.33162ap-3
-0x1.f88e5ap-2
0x1.146fep-3
0x1.c01022p-7
-0x1.4d944ep-2
-0x1.de544ap-3
0x1.a03864p-3
0x1.5288bp-3
-0x1.610516p-2
-0x1.967694p-4
-0x1.1ae884p-3
-0x1.a21d28p-4
-0x1.89f4a4p-2
-0x1.18a206p-7
0x1.9c9f0cp-3
-0x1.4702f8p-3
-0x1.2be8b2p-3
-0x1.82073ap-3
0x1.d3fc0ap-4
-0x1.5c2724p-3
-0x1.02ff48p-2
0x1.e3008ep-7
0x1.62ae64p-3
0x1.df35e8p-2
0x1.7ef044p-3
0x1.447744p-4
-0x1.185548p-2
-0x1.fa2146p-6
-0x1.ce786ep-5
0x1.f63b8cp-6
0x1.8ad358p-6
0x1.4045dp-6
0x1.0e6c92p-4
-0x1.7d5546p-6
0x1.25907p-3
0x1.34fafep-3
-0x1.0e8018p-3
0x1.02fd9p-3
-0x1.800684p-4
-0x1.71d3f8p-2
-0x1.73469p-4
0x1.e12afep-3
-0x1.59e608p-3
0x1.e3eb3ap-4
-0x1.ddca62p-5
-0x1.bd3eecp-3
-0x1.cb7e34p-3
0x1.92d1cep-4
-0x1.25a11p-5
0x1.c381ccp-7
0x1.125dd8p-2
0x1.201d62p-2
0x1.3eccb2p-3
0x1.a84d42p-11
0x1.793aa8p-5
-0x1.02ea96p-3
-0x1.66d508p-6
0x1.37204ap-5
0x1.b4ec78p-3
0x1.216f02p-3
0x1.2a96bep-2
-0x1.40892cp-3
-0x1.c08656p-5
-0x1.e4e09ep-3
-0x1.abfedcp-2
-0x1.99ce0ap-4
0x1.914336p-4
-0x1.5bea9p-2
-0x1.83784ep-5
0x1.218ce8p-3
0x1.ce163cp-5
0x1.7a1324p-4
0x1.a0ea86p-8
-0x1.164c0ep-3
0x1.c2368p-3
-0x1.22a7eap-2
0x1.cce83ep-4
-0x1.192086p-3
-0x1.2269b6p-6
-0x1.8c81fp-4
-0x1.36636ap-3
0x1.dec49p-7
0x1.2ccfb2p-7
0x1.644f0ap-4
0x1.3029f8p-3
-0x1.76818cp-3
-0x1.6d8a86p-3
0x1.b9ca3p-4
0x1.ef87bcp-4
-0x1.788c7p-3
0x1.011c56p-5
0x1.b670dcp-3
-0x1.fc65ccp-4
0x1.842536p-4
0x1.84f2e4p-4
0x1.90351cp-5
0x1.c750bep-4
0x1.75d4fp-6
-0x1.6da18cp-2
0x1.7133e8p-3
-0x1.51d9eap-3
0x1.4d2ce8p-2
-0x1.353544p-3
0x1.c3b4d4p-4
0x1.e5cebep-8
-0x1.601b2ep-4
-0x1.44ffd8p-4
0x1.0b9cfcp-5
0x1.521cb2p-3
0x1.108158p-2
0x1.2e3d6ep-4
-0x1.74b442p-7
0x1.37587cp-3
-0x1.1e5aeep-8
-0x1.4b795p-4
0x1.acc0bap-3
-0x1.0b44ap-6
-0x1.5c8394p-2
0x1.d20bf6p-3
0x1.089e9cp-3
0x1.e1615cp-3
0x1.0e3a1p-4
-0x1.73de32p-4
-0x1.102528p-3
-0x1.a95484p-4
-0x1.ed639cp-3
0x1.52c52ep-4
0x1.ea9b8cp-3
0x1.06227cp-6
0x1.2767fep-2
-0x1.341a5p-4
0x1.b99476p-3
-0x1.189ca2p-4
0x1.2623e6p-2
-0x1.0f0128p-2
-0x1.ee5964p-3
-0x1.c3278ap-3
-0x1.80e0a6p-3
0x1.9b7abcp-3
-0x1.6e5964p-2
0x1.16cacep-2
0x1.3cb86ep-2
-0x1.68fb0ap-2
0x1.26fb62p-2
0x1.2fbf5ap-2
-0x1.801c4ep-4
0x1.dc546cp-2
-0x1.ef698p-3
0x1.50737ep-7
-0x1.aa7a5ap-2
-0x1.90b598p-2
0x1.c83e84p-3
-0x1.20f34cp-3
-0x1.e16a26p-5
-0x1.8ec848p-7
0x1.36a6f6p-9
0x1.305822p-3
0x1.ef6d82p-5
-0x1.ccb094p-5
0x1.a213bcp-3
0x1.1590ccp-3
0x1.d95118p-4
-0x1.150e26p-2
0x1.8501d8p-8
-0x1.bb7364p-5
0x1.5fcbe2p-3
-0x1.2a9336p-3
0x1.5f9f54p-5
0x1.13f392p-2
-0x1.3ae5f2p-4
-0x1.0daa3ap-5
-0x1.1e7e5p-6
0x1.3170fap-6
0x1.2c9132p-3
0x1.9d64bap-3
-0x1.215796p-3
-0x1.5d2a5ep-8
0x1.1087ep-4
-0x1.e37d06p-3
-0x1.da1e78p-4
0x1.a59114p-6
-0x1.f24cfp-5
0x1.9525f6p-8
-0x1.1bc22cp-3
0x1.3f4a88p-3
-0x1.a89ddp-4
0x1.37e2acp-4
-0x1.62d678p-4
-0x1.4935ecp-5
-0x1.839754p-3
0x1.4971ap-3
0x1.1032d4p-7
-0x1.b15708p-3
0x1.2e9154p-2
-0x1.5a659p-7
0x1.f05f96p-3
-0x1.16abacp-5
0x1.c91256p-7
0x1.ab8924p-5
-0x1.6eebfap-4
0x1.052f8p-5
0x1.7260ccp-5
0x1.7d6372p-4
-0x1.12bb3ep-3
0x1.ff288ap-4
-0x1.41779ep-4
-0x1.d0e27p-5
-0x1.33c05p-3
-0x1.5d2176p-4
0x1.39925ep-4
0x1.ce655ap-7
-0x1.29bfb6p-3
-0x1.90746cp-3
0x1.ffc336p-4
0x1.af37c6p-8
-0x1.7d10fp-3
-0x1.453954p-8
-0x1.564c8cp-5
-0x1.6b5cd2p-6
0x1.cb1efap-5
0x1.db2a84p-4
-0x1.17be0ap-3
-0x1.83c434p-4
0x1.3266acp-6
-0x1.438b1ep-4
-0x1.be7718p-5
0x1.459f4ap-3
0x1.4f2704p-3
-0x1.1596aap-3
0x1.773b66p-4
-0x1.177dp-4
-0x1.918f68p-4
-0x1.bb22fp-7
-0x1.3035ep-6
0x1.21955p-3
-0x1.b877f6p-4
-0x1.b96c58p-5
0x1.b96428p-3
-0x1.4b7c1ep-5
-0x1.ce376ep-4
-0x1.875576p-3
0x1.f8c796p-5
0x1.19df44p-5
-0x1.583bc6p-3
0x1.dbb2f6p-3
0x1.183048p-3
0x1.0f927ep-5
-0x1.816d3cp-4
-0x1.9e93f8p-5
0x1.4c9b94p-4
0x1.b9f7ecp-8
-0x1.16db2ap-3
-0x1.765f9cp-13
-0x1.6f7f8p-3
-0x1.ff0d98p-6
0x1.5a759cp-3
0x1.186b9ep-5
0x1.fdf2a2p-4
-0x1.85023p-4
0x1.d1ddf2p-4
-0x1.ffae44p-6
-0x1.24ca98p-2
0x1.79eba8p-4
0x1.b338ap-3
-0x1.17406p-8
0x1.5b6828p-5
0x1.740fdap-3
0x1.9d734cp-8
0x1.8abae8p-5
0x1.7b7df2p-3
-0x1.241078p-4
-0x1.1de3ccp-2
-0x1.9cb76ap-5
-0x1.70a39p-8
0x1.3c5aacp-3
0x1.064a88p-2
-0x1.769bdep-5
-0x1.6e1494p-5
0x1.c31e5ep-4
0x1.26eb64p-5
0x1.fb8c22p-4
0x1.3f4f24p-3
0x1.c813d8p-7
0x1.5eb424p-5
-0x1.e7b788p-4
0x1.5aa942p-7
-0x1.04da38p-3
-0x1.dcb024p-5
0x1.4e4c74p-4
0x1.66a4bp-7
-0x1.073cc8p-2
0x1.affa3p-3
0x1.07b6e2p-4
-0x1.295564p-2
-0x1.62410ap-4
-0x1.1dd782p-2
-0x1.d8466cp-3
-0x1.66905cp-3
-0x1.f9d3aep-4
-0x1.fbc9aep-4
0x1.d3098ep-4
0x1.c3bf02p-5
-0x1.cebd3cp-9
-0x1.f16f38p-4
0x1.427f8ap-3
0x1.4f1376p-2
-0x1.864188p-3
-0x1.bf8836p-5
0x1.c7dc72p-7
-0x1.c518e8p-8
-0x1.30a09p-6
0x1.aae6ep-3
0x1.6d58f4p-3
-0x1.95433p-4
0x1.d515cp-7
-0x1.fc3fa8p-3
-0x1.85a79cp-3
-0x1.2642c8p-4
-0x1.7db048p-3
0x1.1d9772p-6
0x1.31b37p-7
-0x1.508672p-6
0x1.c1099cp-4
0x1.66b73ap-5
-0x1.2bb21cp-3
-0x1.1c843p-3
-0x1.2349e4p-4
0x1.1744aep-2
-0x1.3047bcp-2
-0x1.dbd552p-4
0x1.17e814p-3
-0x1.3cfccep-2
0x1.c43d28p-5
0x1.61d2fp-5
0x1.63d1b2p-5
-0x1.0b518cp-4
-0x1.95acd4p-5
-0x1.886d4ep-5
-0x1.9d1402p-4
0x1.023df2p-5
0x1.9daec2p-4
-0x1.1af1e6p-4
0x1.15a2d6p-3
-0x1.f7094ap-4
-0x1.23472p-4
-0x1.9e9b5ap-3
0x1.4e4d38p-3
-0x1.82db3ap-5
0x1.45b1aep-2
0x1.74115p-5
-0x1.52342p-5
-0x1.29f9a4p-7
0x1.47e7p-2
-0x1.76072ep-4
-0x1.05f578p-9
0x1.ae09d2p-5
0x1.1657a8p-3
0x1.adaf1ap-5
0x1.e6e5a2p-7
-0x1.fadae6p-5
0x1.ce17b4p-5
0x1.c3f3d6p-5
0x1.316d7cp-3
0x1.dc5a1p-3
0x1.8eb4dap-3
-0x1.d411c2p-3
-0x1.d6485p-5
0x1.72dc6ap-3
0x1.bddc92p-4
-0x1.8ac07ep-5
-0x1.3a6cfap-4
0x1.0046f6p-6
-0x1.622e4cp-4
0x1.685736p-4
-0x1.ea6234p-4
-0x1.a18f3ap-5
0x1.ef58acp-5
0x1.d6b3dcp-3
-0x1.8e9642p-3
0x1.95f69cp-4
-0x1.be5f6p-5
-0x1.ab45b4p-3
-0x1.d20b42p-6
0x1.d67928p-5
0x1.07d4cap-5
-0x1.6f6f54p-5
-0x1.bd9d36p-4
-0x1.550506p-6
0x1.1c23fap-4
0x1.aef0b8p-3
-0x1.06f90ap-2
0x1.e18988p-5
0x1.8c7004p-3
-0x1.bc1b4p-7
0x1.0477c2p-5
-0x1.085a12p-2
-0x1.7d3908p-4
-0x1.3da7fep-3
0x1.5611bcp-4
0x1.7eccd2p-5
-0x1.328bd6p-7
-0x1.b4c2f8p-4
0x1.592d0ap-2
0x1.ec9174p-5
0x1.8b503p-3
0x1.2d95a4p-5
0x1.28b92cp-4
0x1.8097ep-5
0x1.4c22d6p-3
-0x1.571d6ap-6
0x1.41144p-6
-0x1.0504dp-3
0x1.3cfc1ep-3
0x1.747274p-4
0x1.a9a47ep-3
-0x1.f957fap-4
-0x1.b3fbfep-3
0x1.6ee69cp-4
0x1.a857c4p-3
0x1.30de1ep-5
-0x1.ccb7bcp-3
0x1.20f2dp-5
0x1.b39f8cp-7
0x1.b058dp-4
0x1.c9a27ap-6
-0x1.59c0e2p-8
-0x1.522cfp-2
-0x1.2d8444p-8
-0x1.c2e274p-3
0x1.facda6p-7
0x1.3d4a34p-10
-0x1.a4fap-4
0x1.b2bdbp-3
-0x1.d79734p-7
0x1.005de4p-3
0x1.2c8566p-5
-0x1.08b8dap-4
0x1.5cc65ep-5
0x1.0f0118p-3
0x1.78bf8ap-3
0x1.5d36b8p-4
-0x1.647576p-4
0x1.042d5cp-5
-0x1.ab8cc8p-9
0x1.aa122ep-4
-0x1.65bccap-3
-0x1.76cebp-3
0x1.a9e4c2p-5
0x1.1519fcp-4
0x1.94dabp-4
0x1.e3fe2ep-3
-0x1.197048p-4
0x1.546dfp-2
-0x1.13c58ep-2
-0x1.ff2b72p-5
-0x1.17a954p-4
-0x1.5a45dap-7
0x1.1f97c4p-4
0x1.43302ep-4
0x1.611e0ap-6
0x1.b76b94p-9
-0x1.bbb546p-5
0x1.102db4p-4
0x1.ef6b46p-4
0x1.75a12cp-3
0x1.63d7dap-5
0x1.4b5e8ep-4
-0x1.16af7cp-3
0x1.98b21cp-5
-0x1.a67ae2p-4
-0x1.487dbep-3
0x1.203c9ap-4
0x1.209576p-4
-0x1.5420c6p-5
0x1.1c1b58p-4
0x1.0c6786p-4
0x1.509226p-5
0x1.fae1ap-5
0x1.1fcb3ep-3
0x1.5a73eap-6
0x1.201604p-5
-0x1.30cdfap-3
0x1.2e6c46p-5
0x1.fffc34p-8
0x1.681c4cp-4
-0x1.6d563cp-4
0x1.ef37a6p-7
-0x1.044eacp-5
-0x1.1f0b3p-4
0x1.4b1132p-5
0x1.75c04p-5
0x1.6c7deap-3
-0x1.81f222p-3
0x1.20c3ep-5
0x1.0f9bbap-5
0x1.16a0dcp-5
0x1.9c63a6p-6
0x1.3912dp-4
0x1.7384ccp-5
0x1.752132p-5
0x1.019f8ep-3
0x1.bb8dc6p-5
0x1.30175ep-3
0x1.2666aap-4
-0x1.96b418p-5
-0x1.0b6a82p-2
0x1.53d344p-3
0x1.3b4a8ap-4
-0x1.fa28p-7
-0x1.403cd8p-3
0x1.22e376p-4
-0x1.891166p-3
-0x1.27bb26p-3
-0x1.14f63ap-3
0x1.a3cbdcp-5
0x1.1158cp-6
0x1.062174p-2
-0x1.2e676ap-2
0x1.40a88ep-2
0x1.cf9ebcp-3
-0x1.0bc1ap-3
0x1.82fd2ap-4
-0x1.ff7a4cp-7
-0x1.66c5a2p-3
-0x1.236b12p-4
-0x1.289bf8p-8
-0x1.071a44p-3
0x1.5a9bep-7
-0x1.4a770ap-5
0x1.fe1a7cp-6
-0x1.750c2ep-2
0x1.df42c6p-5
0x1.500282p-5
0x1.f21e28p-9
-0x1.4bbb5p-5
0x1.b206ep-7
-0x1.01394ep-3
-0x1.53b09ap-4
-0x1.be9606p-4
0x1.eae29p-4
-0x1.287b28p-7
0x1.ec75b4p-4
-0x1.e6171ep-4
-0x1.355c7p-10
0x1.2f3862p-3
-0x1.f23d06p-3
0x1.3bd712p-4
0x1.0effbp-3
-0x1.fe5bf4p-4
-0x1.eaa91ep-4
-0x1.cae182p-5
-0x1.7f5b7cp-6
-0x1.1b663cp-5
0x1.4626f4p-8
-0x1.ace714p-4
-0x1.0cdcccp-3
0x1.acd96cp-7
0x1.68513cp-4
-0x1.372db2p-5
-0x1.e0b6bep-5
-0x1.488936p-4
-0x1.9f5c06p-3
-0x1.70f882p-4
0x1.2fe9ecp-4
-0x1.1041c2p-4
-0x1.2e8a4ap-4
0x1.09d5c8p-3
0x1.79845ap-5
-0x1.d63d84p-3
0x1.df7ac8p-3
-0x1.646a84p-4
0x1.311bd2p-4
-0x1.482e9ap-7
0x1.cb99e6p-6
0x1.76ad16p-3
-0x1.4b8856p-4
0x1.a6a0b4p-6
0x1.29b0e2p-5
0x1.77425p-3
-0x1.7a255ep-4
-0x1.664fa6p-3
-0x1.874408p-6
0x1.453eb6p-2
-0x1.4f2502p-2
0x1.657b24p-4
0x1.3c243p-2
0x1.bed41cp-3
-0x1.c8cfeep-4
-0x1.8b36p-2
-0x1.10a472p-3
0x1.49766cp-4
-0x1.8238b4p-5
-0x1.44913cp-5
0x1.9b212p-3
-0x1.d7375ap-4
-0x1.f2c492p-6
-0x1.faf81cp-4
0x1.7588fp-2
-0x1.6b07e8p-2
0x1.2b9e16p-2
0x1.2b32a2p-3
-0x1.7dd20cp-4
-0x1.e8c12ap-3
0x1.0ee4f2p-2
0x1.27700ep-4
0x1.2e391ep-7
-0x1.067556p-6
-0x1.5bf8c8p-4
0x1.2d0da8p-5
-0x1.b9d2fcp-3
0x1.5f8ebcp-8
-0x1.e200c6p-4
0x1.7b894ep-3
-0x1.4b9b0ap-4
0x1.44fdfp-5
0x1.739bd4p-3
0x1.0bbf94p-3
0x1.3944f8p-4
0x1.6e80a4p-8
0x1.a26a9p-5
0x1.061a86p-4
0x1.529d9cp-3
-0x1.52831p-5
0x1.eec402p-3
0x1.be815ep-4
-0x1.ece9dcp-3
0x1.d10a44p-10
-0x1.0da67ap-3
-0x1.a72358p-4
0x1.af31b6p-6
-0x1.fc601ep-5
-0x1.6575b6p-3
-0x1.28baeep-3
-0x1.429368p-5
0x1.166386p-5
0x1.3d7cf8p-3
0x1.a1e926p-4
0x1.fc970cp-4
0x1.609d22p-3
0x1.ac2bb6p-5
-0x1.719498p-4
-0x1.eb599p-6
0x1.3b8de8p-4
-0x1.6b9616p-8
0x1.53a43ap-3
0x1.225ebp-7
-0x1.fdf456p-5
-0x1.15947ap-3
0x1.436ecep-4
-0x1.ee5422p-4
-0x1.aeedc8p-3
0x1.6d44dep-3
0x1.151e26p-2
-0x1.55f4eep-6
0x1.3ff18ap-3
-0x1.1c2ba8p-4
0x1.4ae594p-4
-0x1.f5ccb2p-5
0x1.1c5418p-3
0x1.95b026p-5
-0x1.83becep-2
-0x1.0d3bd2p-2
-0x1.7a06e2p-3
0x1.8365a4p-4
-0x1.1bc302p-4
0x1.4dc07p-6
0x1.2a0aa8p-3
-0x1.35fd8ep-3
-0x1.92b8b4p-5
0x1.6fa448p-4
0x1.7f33eep-4
-0x1.094c04p-6
-0x1.5812fp-3
0x1.b1fa5ap-7
0x1.68a416p-6
-0x1.e12c8p-3
-0x1.1c6bc8p-4
0x1.09381p-4
-0x1.50e07cp-4
0x1.b5312ap-4
0x1.91fcbp-3
-0x1.2f5d2cp-4
-0x1.9dd49ep-4
0x1.61252ep-3
0x1.b14cb8p-4
0x1.2e64a4p-6
-0x1.d3dfbp-3
-0x1.0ed416p-2
0x1.834c7ap-4
0x1.65081ap-4
0x1.40389p-5
0x1.aa0f7ap-3
0x1.bc3b5ep-3
-0x1.9f6d8ep-5
0x1.78a934p-8
0x1.7a0c62p-5
0x1.f392b8p-4
-0x1.b24278p-3
0x1.2e62bep-5
-0x1.025a2p-3
0x1.22e274p-3
0x1.27db04p-4
0x1.6e5eeep-4
-0x1.ab2d4ap-2
0x1.4f7b6cp-3
-0x1.db608p-4
0x1.25f8ep-6
-0x1.68078cp-4
0x1.529fa2p-3
0x1.fa8fe6p-4
-0x1.754d04p-2
-0x1.438b7p-2
0x1.eb5288p-4
-0x1.ecac2cp-5
0x1.acdc48p-8
0x1.a728f4p-4
-0x1.49eeb4p-4
-0x1.a5f2ep-3
0x1.030244p-3
0x1.1c3284p-3
0x1.038384p-3
-0x1.b111d4p-4
-0x1.f02052p-3
-0x1.125354p-5
-0x1.421d86p-3
0x1.1aa014p-4
0x1.279a58p-5
0x1.0a6c04p-5
-0x1.eff028p-4
0x1.2b52d2p-2
0x1.a51bf4p-2
-0x1.8ec8a6p-3
-0x1.87a1p-5
0x1.38ac12p-6
0x1.8b1db2p-5
0x1.b0c24p-2
0x1.501eap-6
-0x1.61ee3cp-5
-0x1.bcf296p-6
-0x1.a98a5cp-9
0x1.ce20d6p-3
-0x1.63bc8ap-6
0x1.f36d8p-3
-0x1.76cd5p-5
0x1.6bd804p-2
0x1.681c7ap-3
-0x1.3deeb6p-3
-0x1.fd8956p-3
-0x1.784d7ap-1
-0x1.4316cep-4
0x1.452986p-5
-0x1.da3688p-3
-0x1.5863d8p-8
0x1.4b71bcp-3
0x1.c50668p-3
0x1.026a66p-2
-0x1.3085f4p-6
-0x1.47082ep-2
0x1.1dda4p-2
-0x1.af242cp-2
0x1.71fbc6p-6
0x1.865114p-5
0x1.18ed46p-2
0x1.835f26p-6
-0x1.1d267ep-3
-0x1.9af338p-5
0x1.d0475ap-4
-0x1.761cb2p-4
-0x1.631aaep-4
0x1.1b0d58p-2
0x1.f511cap-4
0x1.bfa54cp-5
-0x1.7ab628p-3
0x1.cda4cep-7
-0x1.d8a06p-4
-0x1.602442p-5
0x1.60c0f2p-3
0x1.e41564p-4
-0x1.1c98b2p-4
0x1.349ad2p-2
0x1.84b5dap-2
-0x1.793e6ap-3
-0x1.0e4edep-2
0x1.5ed04cp-3
-0x1.26607p-4
-0x1.f7f57ap-5
-0x1.c7770ep-6
0x1.06a118p-3
0x1.4a4e22p-2
-0x1.de6bfp-5
0x1.5333fep-4
0x1.61210ep-3
0x1.0beb1ep-7
-0x1.d9c044p-3
0x1.92da6cp-4
0x1.06c57p-2
0x1.0ebc98p-4
-0x1.4dcaep-3
0x1.0a652ep-5
-0x1.26bb86p-3
-0x1.40c628p-4
0x1.77d88ep-2
0x1.be5686p-4
-0x1.eaeb98p-3
0x1.340796p-11
0x1.07243cp-4
-0x1.62270cp-5
-0x1.15f76ep-3
-0x1.25a34p-5
-0x1.845a96p-4
0x1.3b6636p-4
-0x1.62ae7ep-3
-0x1.143fbep-2
0x1.ef1cc8p-2
-0x1.a8195ep-4
-0x1.18edccp-4
0x1.4d779ap-3
-0x1.a9c53ap-4
-0x1.fa15a4p-3
-0x1.3063a4p-6
-0x1.334bf8p-4
0x1.1f4f34p-3
-0x1.ca8606p-4
0x1.e7a8d8p-4
-0x1.99dp-3
0x1.2580eap-4
0x1.3cb636p-3
0x1.4ecae6p-3
-0x1.31a67p-4
0x1.71e1cp-5
0x1.cbe55cp-5
-0x1.faa36p-7
-0x1.4a7e2ep-4
0x1.f54b9cp-4
0x1.3e0c9cp-3
-0x1.5bcc1ap-4
-0x1.2117bcp-2
0x1.bba20cp-6
0x1.2aa51ap-6
-0x1.804838p-7
0x1.c7f3acp-3
-0x1.d31a68p-5
-0x1.69275ap-3
-0x1.e3cb9ep-3
-0x1.92a166p-4
0x1.0973e2p-5
-0x1.a1c9bcp-6
-0x1.146a32p-4
0x1.684bb4p-5
0x1.144824p-3
0x1.0aa65ep-3
0x1.4821ecp-3
0x1.1849a2p-3
0x1.9be1aap-8
0x1.ae666p-6
-0x1.6b9d94p-5
0x1.1891f2p-4
-0x1.ec503p-3
-0x1.44a6f2p-7
0x1.8ac07ep-4
-0x1.4b608cp-3
-0x1.406e0cp-3
-0x1.b8ac56p-4
0x1.79a026p-5
-0x1.c2204ap-5
0x1.d6909ap-5
0x1.6b091ep-4
-0x1.b3c01ap-3
-0x1.1212d6p-5
-0x1.1a44bp-3
-0x1.11cb8ep-3
0x1.f8b6e4p-6
0x1.211896p-6
0x1.b1f19ap-3
0x1.3f5b1p-3
-0x1.e51e6p-6
0x1.4995ccp-5
0x1.345d26p-4
-0x1.872d1p-3
0x1.3473fap-5
0x1.b64c1ep-4
-0x1.00db6p-2
-0x1.b3f556p-3
0x1.ab2fcap-4
-0x1.9979a4p-6
0x1.9e1afep-3
-0x1.f8de0ep-3
0x1.e4a0f4p-3
0x1.ecf2d6p-7
-0x1.839d32p-5
0x1.2ff2a8p-3
0x1.543662p-2
-0x1.260544p-2
-0x1.96d798p-3
0x1.24b412p-4
-0x1.46f682p-5
0x1.6cc716p-2
-0x1.a752bcp-10
-0x1.693f02p-5
-0x1.2d6e0ep-3
0x1.1c6188p-3
0x1.a5e526p-4
0x1.6af7p-4
-0x1.33e874p-7
0x1.e2d3eep-5
0x1.15925cp-2
-0x1.58153ap-3
-0x1.9b9d1p-3
0x1.670554p-7
0x1.49cf3ep-7
0x1.5170e2p-4
-0x1.942116p-2
0x1.732f4ap-3
-0x1.093d9ap-6
-0x1.c39656p-3
0x1.001b5p-2
-0x1.071edap-3
-0x1.791bf2p-3
-0x1.b0d6fp-3
0x1.4e471ap-4
0x1.e738ccp-5
0x1.65b2ap-4
0x1.d57932p-7
-0x1.07840ap-3
-0x1.7cb2a4p-7
0x1.4cfe9cp-3
0x1.fde574p-3
0x1.19504ep-4
0x1.a8bc18p-7
0x1.4088a8p-8
0x1.ea1beep-8
-0x1.a184d8p-3
0x1.3f4a0ep-5
0x1.1aa04cp-3
-0x1.36b55p-5
-0x1.e394d2p-5
-0x1.87da4p-3
0x1.73531cp-3
-0x1.db8f5ap-5
-0x1.820afep-2
0x1.bc65e4p-3
-0x1.26be0ap-3
-0x1.01ac0ep-2
-0x1.0c3726p-3
0x1.48d5fep-3
0x1.5b1a7ep-4
-0x1.aa946ep-5
-0x1.b2b0b6p-3
-0x1.55c01ap-3
0x1.aed738p-4
0x1.1a035ap-3
0x1.f834bep-4
-0x1.267e0ap-5
-0x1.8d4c7ep-3
-0x1.22660ap-4
0x1.1b2014p-3
-0x1.56e972p-2
-0x1.4bbf6ap-2
0x1.963282p-6
-0x1.78914ap-7
-0x1.f7250ap-4
0x1.e46eb8p-15
-0x1.a326a4p-3
-0x1.73a5cap-3
0x1.d9c3a6p-6
0x1.2f2f48p-3
0x1.159d3cp-2
-0x1.1711aep-3
0x1.171e12p-5
-0x1.a4a7bap-6
-0x1.1226f4p-3
0x1.05ef6ap-8
0x1.5a184p-8
0x1.768b02p-3
0x1.aa114cp-4
0x1.fce018p-3
-0x1.ca6e64p-5
-0x1.b26c9ep-6
0x1.18b1a8p-2
-0x1.5f34d2p-5
0x1.4fea7ap-3
0x1.bd5122p-4
-0x1.cda3ecp-4
0x1.4024bep-5
0x1.310b0cp-5
0x1.3fc0dp-3
-0x1.74fd1p-3
-0x1.8b02eep-4
-0x1.bd292ep-4
-0x1.b3c792p-4
0x1.85f5dcp-4
0x1.edd0dp-6
-0x1.94459ap-5
0x1.384c06p-3
-0x1.e4b824p-7
-0x1.dcf50cp-3
0x1.dff438p-4
-0x1.af4628p-5
0x1.9b5af6p-4
-0x1.dead22p-4
0x1.418f4ep-3
-0x1.c62178p-3
0x1.6bb2p-3
0x1.30d10ap-2
0x1.8623eep-4
-0x1.5c0e28p-3
-0x1.42ap-3
0x1.411c4ep-5
-0x1.770f7p-5
-0x1.27358ap-6
0x1.0292f4p-2
0x1.632e1cp-6
-0x1.5d9424p-5
-0x1.8bbadap-5
-0x1.027b18p-3
-0x1.fb76bep-5
-0x1.30b8ap-3
-0x1.8f9db8p-4
0x1.21604ep-3
-0x1.0181f6p-5
0x1.049b5p-3
0x1.5f105ap-3
0x1.93d408p-7
0x1.1b94f4p-3
0x1.99a588p-3
0x1.c01936p-4
-0x1.030ebcp-4
-0x1.60372ep-5
0x1.ce16f2p-3
-0x1.6383b8p-2
-0x1.02b25cp-2
0x1.43e512p-3
0x1.19806cp-2
-0x1.a147dcp-5
0x1.62fe16p-2
-0x1.248f18p-4
-0x1.9d4acp-3
0x1.704552p-3
-0x1.86b98p-7
-0x1.b445f2p-2
-0x1.acfaf6p-4
-0x1.820a42p-5
0x1.1c8a9cp-6
0x1.35ec2cp-2
-0x1.0dc85p-2
-0x1.423aaap-3
-0x1.36a0dp-7
0x1.4f0cc2p-2
0x1.1b309ap-1
-0x1.dd3c5cp-3
-0x1.64916cp-5
-0x1.d0f5d4p-4
-0x1.e952d2p-3
-0x1.47d40ap-3
-0x1.635d06p-2
-0x1.2d905p-2
0x1.5cdb18p-3
0x1.9239fcp-2
-0x1.57adfcp-4
0x1.fbb74cp-3
-0x1.e5012cp-4
0x1.1d69e4p-4
-0x1.2fab8ap-3
-0x1.e02c8cp-3
0x1.5cc9d4p-5
-0x1.8a8324p-6
-0x1.55a9e2p-3
0x1.be74a2p-3
0x1.b4518cp-5
-0x1.a9d8acp-4
-0x1.74efecp-4
0x1.efae56p-4
-0x1.23e95ep-3
0x1.06c81p-3
0x1.0669f8p-6
-0x1.043b5cp-3
-0x1.aab4dap-3
-0x1.555ef6p-3
0x1.3b5d5cp-5
-0x1.f48d72p-3
-0x1.191aeep-2
0x1.f1c0dp-3
0x1.64ae32p-3
-0x1.50b75p-5
-0x1.8eba06p-6
-0x1.539d32p-4
0x1.0272aap-2
-0x1.67bd96p-3
-0x1.2b2bb6p-3
-0x1.54275cp-3
-0x1.bf3b38p-3
0x1.c612b2p-6
0x1.5d90fep-3
0x1.c64924p-2
-0x1.d1b0f8p-8
-0x1.f8e8c6p-6
-0x1.bced0cp-7
0x1.233696p-4
0x1.c9a99cp-3
-0x1.026a4ep-3
-0x1.b5742ep-3
-0x1.7d0bd6p-3
-0x1.65ecf2p-5
-0x1.2dc90cp-3
0x1.47ab9ep-7
-0x1.c678f4p-3
0x1.e8d4d6p-4
-0x1.430ea2p-3
-0x1.822bep-3
-0x1.8a0278p-3
-0x1.5e5d9ap-3
-0x1.d00cbcp-8
-0x1.85c31ap-4
-0x1.de6f56p-4
-0x1.cdd21cp-6
-0x1.eeb9bcp-4
-0x1.0df59p-2
-0x1.48c78ep-3
0x1.119888p-2
0x1.68995cp-4
-0x1.00ea6ap-3
-0x1.7ede18p-6
0x1.a1666cp-6
0x1.842ac8p-2
0x1.892c58p-7
-0x1.7738c8p-3
-0x1.330598p-2
0x1.595362p-3
-0x1.1a4574p-3
-0x1.c99f3ap-3
-0x1.38b112p-3
0x1.e7419p-3
0x1.6fa95p-3
-0x1.470a6p-6
-0x1.c226d2p-3
-0x1.eddf5ap-3
-0x1.07e936p-5
0x1.aaa666p-3
-0x1.93e116p-3
0x1.80497cp-6
-0x1.2a0b36p-4
-0x1.29702ep-3
-0x1.6584eep-4
-0x1.6dbedp-5
0x1.f24f34p-4
-0x1.83549ap-4
0x1.6178b2p-6
0x1.8c10c4p-4
-0x1.dff024p-4
-0x1.011656p-2
-0x1.c61152p-6
-0x1.ffe524p-4
-0x1.80c578p-6
-0x1.7c32fp-4
-0x1.667d7ep-3
-0x1.74cdc8p-7
0x1.423d1ap-3
0x1.3ae1b2p-4
-0x1.70e76cp-4
0x1.7b46a8p-7
-0x1.113124p-2
-0x1.0cb0fep-3
-0x1.77845p-2
-0x1.6520f8p-4
-0x1.6b2346p-3
0x1.0bbf26p-3
0x1.d0f64p-3
-0x1.e421fap-5
0x1.7b40dep-4
-0x1.24578p-3
-0x1.8f3fd4p-3
-0x1.39b85p-5
0x1.30f0e2p-5
0x1.e2e65p-5
-0x1.4331d4p-3
0x1.163ad6p-2
-0x1.3a549p-5
0x1.4597fep-4
0x1.21bd72p-5
-0x1.331178p-3
-0x1.107a8cp-3
0x1.017a18p-4
0x1.cf6a7p-3
-0x1.658d36p-4
-0x1.56801ap-5
-0x1.79dcf6p-3
-0x1.ddbf5ap-4
0x1.5884c6p-4
-0x1.d8a2dp-3
-0x1.cd89cap-3
-0x1.3cb0ep-6
0x1.0da5b4p-4
0x1.541148p-2
0x1.f33ceep-4
0x1.171fe2p-2
-0x1.7ef5eep-4
0x1.4ef2bep-3
0x1.de6bep-3
-0x1.120956p-5
-0x1.0819d2p-2
-0x1.a469fep-8
0x1.aeac4ep-3
-0x1.4518c4p-4
-0x1.70ba14p-3
0x1.401a5ep-3
-0x1.07ae2ap-5
0x1.0adff2p-4
-0x1.de1536p-5
0x1.854caep-5
0x1.2af584p-7
0x1.526b4ep-4
-0x1.48f5eap-3
-0x1.e1a418p-6
0x1.cecaf6p-3
-0x1.1709fep-3
-0x1.20f10cp-5
-0x1.1de832p-3
0x1.7754e4p-3
0x1.62381ep-2
0x1.78216p-4
0x1.c1c45ap-3
0x1.5abe7ep-10
0x1.07bd8p-1
-0x1.57eeb8p-8
-0x1.5e7b94p-6
-0x1.92e2cp-5
0x1.3cfc4p-5
0x1.8b5d08p-5
0x1.41685p-2
0x1.ab0908p-7
-0x1.b1ed2p-8
-0x1.baf9bap-4
0x1.3a9abep-4
-0x1.0c18bp-3
0x1.598888p-5
-0x1.a27732p-5
0x1.2de5dp-4
-0x1.5a5a04p-3
-0x1.55d94ap-5
-0x1.a9e3bp-2
0x1.a6546ap-3
-0x1.d8344ap-4
-0x1.57c9cep-2
-0x1.298644p-3
0x1.63a04ap-4
0x1.af5696p-3
0x1.4e4528p-5
-0x1.f42bap-3
0x1.7f9912p-8
0x1.122f48p-5
-0x1.10e476p-5
-0x1.8c731cp-4
-0x1.f42b48p-4
-0x1.1bf0a6p-2
0x1.537742p-5
0x1.fdce92p-3
0x1.fb9c94p-11
-0x1.8a8c9cp-4
-0x1.5d0504p-6
0x1.688572p-6
0x1.1e188cp-2
0x1.a1f19ep-3
0x1.03e54ap-3
0x1.83dd9cp-3
0x1.bce1c8p-2
-0x1.13cedap-5
0x1.cc4888p-3
0x1.93953ap-3
0x1.253042p-3
0x1.cc1796p-5
0x1.5ec3fap-9
-0x1.da7732p-4
0x1.2e4b34p-4
-0x1.4ed604p-4
-0x1.27ca26p-3
-0x1.024afcp-5
0x1.2a08cp-5
0x1.0b54cp-4
0x1.3d7ec8p-2
-0x1.7ff8ecp-5
-0x1.285afep-6
-0x1.4286bcp-5
-0x1.066decp-3
0x1.ed577ep-4
-0x1.18b876p-3
-0x1.44d96ep-3
-0x1.516edp-4
0x1.e26fp-8
0x1.308ecap-3
0x1.ee2fc2p-3
0x1.a14998p-3
0x1.3878bp-5
0x1.3151a2p-3
-0x1.912c2ap-4
0x1.55f1b2p-6
-0x1.fa4044p-4
-0x1.ce4a98p-3
0x1.77a068p-3
0x1.f2445ap-4
0x1.8f819ep-5
-0x1.cd5028p-5
-0x1.d7ee02p-4
0x1.cf6a16p-6
-0x1.76171ep-4
-0x1.1829ap-14
-0x1.2685ccp-16
0x1.596c74p-14
-0x1.217638p-16
0x1.c775dcp-15
-0x1.aef86ep-13
0x1.13fa5cp-14
0x1.4d1daep-18
0x1.31d242p-14
0x1.8ac9cep-16
0x1.a40bbp-13
-0x1.feff08p-13
0x1.8bcf66p-16
0x1.fd3d3ep-16
0x1.916a5p-13
-0x1.9671c2p-14
-0x1.3f053ep-15
0x1.324f1ap-12
-0x1.a18ee4p-13
-0x1.a92f02p-16
0x1.bf135p-15
0x1.cef796p-13
0x1.27a5fcp-16
0x1.8acfcap-16
0x1.0264f6p-14
0x1.f09c96p-16
-0x1.6fcd3ap-14
0x1.58af8ep-13
-0x1.01848ep-13
-0x1.16fb02p-17
-0x1.e32f3p-13
-0x1.059266p-16
0x1.d4e916p-17
-0x1.1e51a6p-16
0x1.6b17b2p-16
0x1.46ce4cp-13
-0x1.fee882p-14
-0x1.49e4bp-15
-0x1.ef8c74p-15
-0x1.07ca58p-15
0x1.13e22ap-13
-0x1.658adp-16
0x1.986fd8p-18
-0x1.fc8418p-16
-0x1.596682p-12
-0x1.6c508cp-13
-0x1.2a287cp-12
-0x1.5b0daep-13
-0x1.8ef658p-15
0x1.04a7d6p-15
-0x1.88831p-15
0x1.3ca9bp-15
-0x1.c2e696p-14
0x1.81e372p-16
0x1.b344e8p-15
-0x1.576446p-13
-0x1.1bad8ap-15
-0x1.1431f4p-14
0x1.a1e324p-14
-0x1.0bd7d2p-16
0x1.fb45bep-18
-0x1.8963ccp-15
-0x1.c6cad4p-13
-0x1.659576p-16
-0x1.007954p-12
-0x1.57462p-14
0x1.1a0552p-15
-0x1.730806p-15
0x1.de7fap-16
-0x1.b39464p-16
0x1.1e624ep-15
0x1.21f0aep-14
-0x1.0d6818p-14
0x1.dff0ap-16
-0x1.5d73a6p-14
0x1.21a0d4p-14
-0x1.5c0c52p-16
0x1.203c3ep-14
0x1.0fb068p-13
-0x1.7464bep-16
0x1.cddefp-14
0x1.24b006p-13
-0x1.ad0a8cp-15
0x1.89c5cap-13
-0x1.69a206p-14
-0x1.85f9d4p-15
-0x1.63ac4p-15
-0x1.4541bp-14
0x1.a7cee6p-14
-0x1.39f93ep-14
-0x1.445ac2p-13
0x1.1313eep-14
-0x1.8a12e4p-15
0x1.0fa4ap-13
0x1.fc962cp-15
0x1.2cffa6p-13
0x1.4512e2p-15
-0x1.ce8de6p-16
-0x1.12ecdep-15
0x1.4aa5cep-14
0x1.00bc9ap-13
0x1.365308p-17
0x1.a9630cp-15
-0x1.c6e58p-14
-0x1.d5ef1ap-16
-0x1.e58eb4p-14
-0x1.1e6c3ap-15
0x1.000bbcp-13
0x1.ccfcc4p-15
-0x1.0c7816p-13
0x1.3c4c5cp-13
-0x1.ab4f5cp-14
-0x1.3712e4p-17
-0x1.d78eep-18
-0x1.afb69p-15
0x1.0d9c7cp-12
-0x1.2adeb2p-14
-0x1.035f02p-12
-0x1.d8edc2p-14
0x1.04ca0cp-14
0x1.2bebecp-12
-0x1.76fe02p-16
0x1.4ad7fap-13
-0x1.4d763ap-14
0x1.440ae6p-18
-0x1.7a59eep-15
0x1.a5341ap-18
-0x1.4043cep-14
0x1.bf2cb2p-13
0x1.d120a6p-14
0x1.2c0e54p-14
0x1.54f806p-14
-0x1.37c4c4p-13
0x1.e40dfep-15
0x1.c4f62cp-14
0x1.30ac8ep-17
0x1.8de2f8p-13
0x1.2088bp-12
0x1.cf4a96p-14
0x1.72f9c2p-14
0x1.d39f3ep-14
-0x1.486fc2p-13
0x1.cbfbc4p-15
0x1.5463b6p-13
0x1.49564p-14
-0x1.e345fep-15
-0x1.dc27e2p-14
-0x1.473d6ep-12
-0x1.724f3ap-14
-0x1.caa896p-16
-0x1.99be86p-15
-0x1.c11a68p-16
0x1.79cc6p-14
0x1.25e68p-14
-0x1.0d1ba2p-14
0x1.c94c86p-15
-0x1.ee95e8p-14
0x1.48fc8ap-13
0x1.cdc68ep-17
0x1.44b656p-12
-0x1.0d4df8p-18
0x1.3dc70ap-15
0x1.10d6d8p-13
-0x1.3a03bap-14
-0x1.df06cep-13
0x1.8d4738p-15
-0x1.2bf0f8p-16
-0x1.082b1cp-17
-0x1.2c0214p-12
0x1.46007ap-14
0x1.55c7ecp-16
-0x1.fcd7d6p-16
0x1.757c7ap-13
0x1.2fab62p-17
0x1.393d48p-14
-0x1.14628ep-16
-0x1.97f7a2p-15
0x1.5d5828p-14
0x1.87ea3cp-15
-0x1.5c7d9cp-14
0x1.ee3766p-14
0x1.57b602p-15
-0x1.24e4d2p-13
-0x1.fc41cep-13
-0x1.320d0cp-15
0x1.cd23eep-14
0x1.fc5b86p-13
-0x1.ee3982p-13
-0x1.76989p-17
0x1.35dcd6p-14
0x1.28e072p-14
0x1.3e7602p-14
-0x1.64d9d8p-14
-0x1.48dc04p-13
-0x1.ae9642p-15
0x1.2f3114p-13
-0x1.1597cap-19
-0x1.7ecb24p-15
0x1.ffe0f6p-16
-0x1.c819fep-16
-0x1.9e3b22p-14
-0x1.4888cap-14
0x1.104714p-18
-0x1.8670c2p-15
-0x1.48a12ep-13
-0x1.485cbcp-16
0x1.3617a8p-12
-0x1.37f5ap-15
-0x1.a4c3fap-12
0x1.33c794p-15
0x1.366188p-16
-0x1.dfed84p-16
-0x1.103cc2p-14
0x1.b8fa28p-15
0x1.4b2be4p-13
0x1.8e5b38p-14
0x1.5a455ep-13
0x1.4ea2acp-14
-0x1.a2c8fap-16
-0x1.a9cde8p-13
0x1.d8cc26p-13
0x1.10d426p-17
-0x1.9a81cap-15
0x1.681b2cp-15
-0x1.5322fap-12
-0x1.3657aap-13
-0x1.1cd042p-12
-0x1.f17f88p-14
0x1.0a74ecp-13
-0x1.c4ceeep-15
-0x1.a3279ap-17
-0x1.065c3cp-12
0x1.81d92cp-15
-0x1.6c914cp-14
-0x1.189146p-13
-0x1.c3308cp-15
-0x1.78ddaep-12
-0x1.079c6p-13
-0x1.1fff2cp-16
-0x1.99bec2p-13
0x1.1259e8p-15
0x1.44f63p-18
0x1.14e34cp-13
-0x1.f951a2p-14
-0x1.4e8a34p-14
-0x1.bc0d5ep-13
-0x1.97d5b4p-15
0x1.afd4fp-14
0x1.42428ap-14
0x1.d3057ap-15
0x1.744578p-17
0x1.f6d9d6p-16
0x1.df79fep-13
-0x1.7d8be8p-13
0x1.38225p-14
0x1.4c3c38p-13
-0x1.77cea8p-13
0x1.0805a4p-16
0x1.36634cp-14
0x1.aa32b4p-16
-0x1.99b6aep-12
-0x1.99b3dep-14
-0x1.762716p-13
-0x1.a181ecp-13
0x1.895034p-14
-0x1.163908p-12
0x1.3bd9cap-15
-0x1.4c2e6ep-16
0x1.495f08p-16
0x1.1e4514p-12
-0x1.23789p-14
-0x1.198cfp-13
0x1.52c4bcp-17
0x1.2068acp-14
0x1.ded1cp-14
0x1.7837b4p-13
-0x1.48fe5ap-15
-0x1.3163c8p-13
0x1.09f8b8p-13
0x1.f46c34p-14
0x1.94ca7ep-14
-0x1.1a49a6p-15
0x1.aca6d2p-14
0x1.e8eb7cp-15
-0x1.114f24p-13
0x1.5dafep-14
-0x1.f73ecap-20
0x1.72d0d6p-13
-0x1.11d35ap-13
0x1.ea8c9p-15
-0x1.b3b72ep-15
-0x1.75ddc8p-14
0x1.3a7c9cp-13
0x1.70c0e8p-17
-0x1.73b6d2p-13
0x1.7e30fap-12
0x1.45276ap-14
0x1.cf5a24p-13
-0x1.89ee5ap-15
-0x1.03be9cp-12
-0x1.24a34cp-15
0x1.e94414p-14
0x1.184b1ap-13
0x1.3a0e48p-13
-0x1.4b6d16p-14
-0x1.6cd29cp-14
-0x1.cfa4fap-13
0x1.f29decp-16
-0x1.780e2p-15
-0x1.0d8556p-14
-0x1.23ee76p-13
0x1.94c1bp-13
0x1.031f1ep-15
0x1.0a7f56p-18
-0x1.19e97cp-13
-0x1.38917ep-16
0x1.bb2d68p-15
0x1.41bbdp-13
0x1.00498cp-13
-0x1.fa1d24p-15
0x1.ec8d8ap-14
-0x1.25718p-12
-0x1.c9353p-13
-0x1.0ad7c8p-16
0x1.05f93ap-15
0x1.3e14fap-16
0x1.2be0eap-12
-0x1.6bb564p-14
-0x1.c881ecp-15
0x1.80335cp-13
0x1.d9081ap-13
0x1.43bb06p-14
-0x1.686be4p-13
-0x1.afced4p-14
0x1.f9f24ap-14
-0x1.8adb58p-14
0x1.c2f518p-19
0x1.6019c4p-15
-0x1.87051cp-14
0x1.54ac7p-15
0x1.807456p-14
-0x1.139f28p-13
0x1.e50232p-14
-0x1.061714p-12
-0x1.0339f4p-23
-0x1.21d44ep-14
-0x1.f996b4p-14
-0x1.c48f2cp-17
-0x1.1339e6p-13
-0x1.81c78ep-16
0x1.8e1b46p-16
-0x1.0ae6f6p-13
-0x1.a4f2e6p-13
-0x1.626846p-15
0x1.8a12dp-18
-0x1.b58b8ap-14
0x1.23d14ap-16
0x1.7fb5e4p-13
0x1.706bc2p-18
0x1.e1337cp-14
-0x1.a00d16p-15
0x1.dd58b6p-14
0x1.f05b88p-16
0x1.2c7a1p-15
0x1.701e7ap-13
0x1.973824p-15
-0x1.1d332ap-14
-0x1.74b2eep-14
0x1.53f546p-15
-0x1.da9378p-13
-0x1.a83058p-14
0x1.844a46p-17
0x1.572c9p-17
0x1.72bd36p-15
-0x1.d5bac6p-20
0x1.096814p-4
0x1.d9234ep-3
-0x1.b2b9d6p-3
-0x1.1f22e6p-2
0x1.b344a2p-3
0x1.8a5a1ap-1
0x1.18a762p-4
-0x1.39b13cp-3
0x1.2dea7ep-4
0x1.583292p-1
0x1.1babb4p-1
-0x1.d15af4p-3
-0x1.452944p-1
0x1.a9368ep-2
-0x1.607fb4p-5
-0x1.0490f6p-4
-0x1.a9a25cp-3
0x1.9ee778p-2
0x1.69faacp-2
0x1.5bb496p-2
-0x1.049272p-3
0x1.5ccadcp-3
0x1.76b0ap-3
-0x1.913a96p-2
0x1.90df34p-12
0x1.b6f6c6p-3
-0x1.612edp-3
-0x1.0f5582p-3
0x1.9b6c8p-3
0x1.29853cp-3
0x1.f02beep-2
0x1.583d12p-3
0x1.b9a3b2p-3
0x1.7b2fe8p-2
-0x1.bfa852p-4
-0x1.d94cbep-2
0x1.506158p-7
-0x1.8935dcp-3
0x1.02f29p-2
0x1.1a9deap-1
0x1.19b3cp-3
-0x1.05ab84p-2
-0x1.95cef8p-3
0x1.d5abe2p-2
-0x1.95bd44p-7
-0x1.110ebap-3
0x1.89e33ap-2
-0x1.4858a6p-5
-0x1.1abff6p-2
0x1.a3d416p-2
-0x1.3dbf5ep-2
0x1.f5290cp-4
-0x1.e4a99ep-4
0x1.9a0c6cp-8
-0x1.5ff9d6p-4
0x1.f9aebap-4
-0x1.d987bp-4
-0x1.5172p-5
0x1.1f3508p-3
-0x1.efa746p-3
0x1.e4ea3ap-5
-0x1.0276fep-2
-0x1.6c425cp-3
-0x1.02dd72p-6
-0x1.f54ad8p-13
-0x1.b03d08p-4
0x1.55581p-2
0x1.f25528p-4
-0x1.acc88p-3
-0x1.ca82b8p-3
-0x1.03977ep-2
0x1.6fa8c4p-3
-0x1.0d1f8ep-4
-0x1.27f2f8p-3
-0x1.7f012p-2
-0x1.877c9ep-7
0x1.516966p-3
-0x1.3adce8p-3
-0x1.63be76p-3
-0x1.868368p-3
-0x1.a8535cp-2
-0x1.9ae576p-4
0x1.a33ac8p-2
-0x1.a0602cp-11
0x1.7aa0c2p-2
0x1.d0d36cp-2
-0x1.bef52cp-2
-0x1.461e52p-3
-0x1.dd186ep-3
0x1.225af4p-2
0x1.876aa8p-2
-0x1.d27c58p-5
-0x1.f11096p-3
0x1.0504a8p-3
0x1.682b74p-3
-0x1.727b1cp-1
0x1.2ffa64p-1
0x1.13f6dap-4
-0x1.1e36fcp-3
-0x1.801554p-3
0x1.87eb7ap-4
0x1.998ceap-3
0x1.5a6fdcp-1
0x1.be9abp-3
0x1.0950d6p-7
-0x1.0ba1dp-4
-0x1.72d644p-3
0x1.7917ccp-3
-0x1.63cc44p-2
-0x1.3f26aap-1
-0x1.941c84p-3
-0x1.76c2f6p-3
0x1.03077ep-1
0x1.c40faap-3
0x1.a8e5a4p-8
-0x1.b9ddf6p-4
0x1.32c8ap-4
0x1.1832bap-5
-0x1.0dd208p-3
-0x1.5decf8p-9
-0x1.d2ed92p-5
0x1.7e1a1p-3
0x1.363862p-2
-0x1.8ae4eep-3
-0x1.75cbe2p-3
-0x1.c9587cp-3
0x1.4225cap-2
0x1.82383cp-4
-0x1.649fbp-3
0x1.613262p-3
0x1.24da64p-3
0x1.837bacp-5
-0x1.9e6f88p-3
-0x1.34d52p-6
-0x1.6d259cp-3
-0x1.4789aap-3
-0x1.9f0502p-4
-0x1.a3687p-3
0x1.209d3p-2
0x1.11a55p-2
-0x1.c73d46p-4
-0x1.a88e52p-2
0x1.7d894ep-2
0x1.37a59ep-3
0x1.040c0ep-6
-0x1.534286p-6
0x1.525a6ep-3
0x1.2bb20ap-4
0x1.137cfep-2
0x1.6d843cp-2
-0x1.46907ep-6
0x1.36757ep-2
-0x1.b80f04p-4
-0x1.5ab376p-3
-0x1.0d0d98p-3
-0x1.6686d2p-6
-0x1.93e9bcp-2
-0x1.0d39fp-1
-0x1.14db84p-1
-0x1.2b0ceep-3
-0x1.712626p-4
0x1.c57226p-3
0x1.dfc21ep-5
-0x1.59a0f2p-2
0x1.6068bcp-2
0x1.f446dap-5
-0x1.ff2226p-5
-0x1.e4a5dp-2
-0x1.6a5bb8p-6
-0x1.b16da6p-2
0x1.18bc34p-2
-0x1.3b27dep-4
-0x1.61c8a2p-6
0x1.c83a8cp-6
-0x1.886906p-2
-0x1.1eb44p-1
0x1.610d9cp-3
-0x1.17791cp-2
-0x1.89bb54p-2
0x1.206c64p-2
-0x1.172f88p-3
0x1.96c1bcp-2
-0x1.1c5ecp-1
0x1.70d8a8p-4
0x1.be39aap-2
0x1.d35956p-5
-0x1.6901a8p-2
-0x1.78608p-2
-0x1.c72256p-4
-0x1.3b76e6p-3
-0x1.0efd52p-6
-0x1.b3259ap-5
0x1.4dd48ap-6
0x1.cc6c4ap-3
-0x1.620d92p-2
-0x1.15f124p-4
0x1.abdeap-4
-0x1.06b48p-3
0x1.466deap-5
-0x1.1e9fa2p-3
-0x1.9b3574p-8
0x1.376dfp-2
0x1.63781ep-4
-0x1.a65e98p-2
0x1.84058p-7
-0x1.8d0428p-2
-0x1.793482p-3
-0x1.33d264p-3
0x1.7f8a8cp-5
0x1.1434e2p-3
0x1.0c8908p-5
0x1.25ae1p-2
-0x1.1055dep-3
-0x1.a6a90cp-2
0x1.dbcbb2p-4
0x1.e482e6p-4
-0x1.413d4p-2
0x1.14419cp-9
-0x1.a3f976p-2
0x1.3b12a8p-4
-0x1.e7da98p-4
0x1.ffd59ep-5
-0x1.877118p-4
-0x1.eae73ap-3
-0x1.438efep-6
0x1.7d1e44p-4
0x1.1c676ap-3
0x1.6a00d8p-5
0x1.703746p-3
0x1.1c9b96p-3
-0x1.c3eb8cp-3
0x1.ea86cep-7
-0x1.9986cep-5
-0x1.1776b6p-2
0x1.13a81ap-2
-0x1.eca98cp-6
0x1.1feed4p-3
0x1.3d96c2p-3
-0x1.da435cp-4
0x1.b18b5p-3
0x1.668a0ep-2
-0x1.1c5a2p-3
-0x1.de4a84p-2
0x1.6e95eep-3
0x1.7267bcp-4
0x1.4eff08p-2
0x1.78cf38p-4
0x1.2456acp-2
-0x1.4aab22p-4
0x1.ab1f16p-6
0x1.b9082cp-5
0x1.1ff758p-2
-0x1.b900bap-6
0x1.7d528ap-4
0x1.31c88cp-4
-0x1.9b8c78p-10
0x1.05bddep-5
-0x1.94175ep-3
0x1.a0e3aep-3
-0x1.121e9ep-6
-0x1.3cb4aep-3
0x1.5b39eep-1
0x1.4062e4p-2
-0x1.b7101ap-3
-0x1.25d29ap-4
0x1.86fbc8p-4
-0x1.2ab2a4p-6
-0x1.4944bep-3
0x1.9b53f8p-2
0x1.86bc92p-4
-0x1.03269ep-3
0x1.0743eep-2
-0x1.c94846p-8
-0x1.a3124p-6
-0x1.0e58f4p-2
-0x1.e144a8p-5
-0x1.81c3dap-2
-0x1.d53608p-2
-0x1.a788f6p-4
-0x1.d30f48p-3
-0x1.9b07a6p-4
-0x1.0712cp-4
-0x1.3186f4p-4
0x1.8aa98cp-2
0x1.7a5c6cp-3
0x1.872118p-5
0x1.7df04ap-5
-0x1.9975cap-5
0x1.7ba27ap-2
0x1.309be6p-4
-0x1.67a4cep-3
0x1.2e8846p-5
0x1.98f5fcp-3
-0x1.6f94f8p-4
-0x1.13af0ep-3
0x1.c0ce3cp-7
0x1.8fbfb4p-5
-0x1.305f2p-3
0x1.de115p-3
-0x1.32fda2p-2
0x1.f2c1e8p-3
0x1.47c60cp-3
-0x1.b7efd4p-2
-0x1.311a06p-4
-0x1.74f014p-7
-0x1.47f17cp-9
-0x1.c42734p-3
0x1.ac8ea6p-6
0x1.79ce08p-2
0x1.c9da04p-3
0x1.b3933ep-3
-0x1.e3a83ep-2
-0x1.01b3a6p-1
-0x1.cff41ep-4
0x1.21c006p-2
0x1.f07d76p-3
0x1.69cfp-5
0x1.07fdbep-4
0x1.64b172p-3
0x1.54b172p-4
0x1.065468p-4
-0x1.d25e6p-2
0x1.1ae5fcp-2
-0x1.c8cf0ap-5
-0x1.d696fp-3
-0x1.17116ap-1
-0x1.685bc4p-2
0x1.8a796ep-3
0x1.9bd10ap-3
0x1.5f4042p-3
0x1.200cb4p-2
0x1.6a58dep-4
-0x1.834dfap-4
-0x1.221296p-3
0x1.0e8164p-2
-0x1.3bb0fep-5
0x1.95dbeep-3
-0x1.144032p-4
0x1.01949p-4
0x1.f56704p-4
0x1.63716p-4
-0x1.c54762p-4
0x1.3cb7b2p-2
0x1.2594a8p-1
-0x1.7cfb7ep-3
0x1.2f620cp-2
0x1.c93254p-3
0x1.43e6c4p-1
-0x1.e8c3ap-3
-0x1.9dd174p-4
-0x1.424fd2p-3
0x1.c2ecfap-4
-0x1.465688p-5
-0x1.c4226p-2
0x1.36e87ap-2
0x1.4e4fbp-2
-0x1.a1e4fep-4
0x1.6d022p-4
0x1.e07ccp-2
-0x1.897c6p-5
0x1.af8d3ep-8
-0x1.7a978ap-3
0x1.f75a52p-7
0x1.fa6c04p-3
-0x1.36ab5p-2
-0x1.d52b4ap-3
0x1.f6c4eap-3
-0x1.0c7a98p-2
-0x1.6cf29ep-7
-0x1.13d4bep-2
0x1.b44facp-5
0x1.a995bp-2
0x1.57731cp-3
-0x1.9cd702p-3
-0x1.301df4p-1
0x1.2e66d6p-3
0x1.69a0fp-5
-0x1.a3d86ep-2
-0x1.94f036p-3
0x1.abb8c2p-2
0x1.8a09bap-2
-0x1.815ed6p-4
0x1.cd28ep-5
0x1.4cdaf2p-2
-0x1.d3daacp-3
-0x1.a5134ap-3
0x1.199cap-2
0x1.0bae1cp-2
-0x1.d073cep-4
-0x1.0f4bf4p-3
-0x1.15fa1ap-2
0x1.022936p-2
0x1.397f8p-1
-0x1.bae0d6p-4
-0x1.e6feeep-3
-0x1.68c002p-5
-0x1.b750cap-2
0x1.57393p-3
-0x1.35a1dcp-4
0x1.c75f88p-3
0x1.46f678p-2
0x1.dc3d18p-8
-0x1.640fa2p-6
0x1.658a36p-3
-0x1.72098p-1
-0x1.2cd9p-2
-0x1.a3d1cep-2
-0x1.8acf16p-2
-0x1.51b5c2p-5
-0x1.d5eb34p-2
0x1.f55e66p-3
-0x1.6c9c6ep-4
-0x1.eca37cp-4
-0x1.8bb9f2p-2
-0x1.354522p-3
-0x1.05a62ap-8
-0x1.9362a2p-2
0x1.c9fc98p-3
-0x1.849dfp-4
0x1.9b6484p-2
-0x1.1dd8c8p-4
-0x1.7dca3p-5
0x1.695f08p-4
-0x1.97391ap-2
-0x1.007296p-2
0x1.287fcap-2
0x1.b98502p-6
-0x1.07cbd2p-2
-0x1.a0dc7cp-3
0x1.cf1a36p-3
-0x1.22c30cp-5
-0x1.53841ap-4
0x1.193926p-2
0x1.40e6aep-3
-0x1.a9f496p-3
0x1.1c32dap-3
-0x1.aee66ep-5
0x1.61c7cp-5
0x1.8cf41cp-4
0x1.fb3852p-4
-0x1.fdec86p-3
0x1.c90dbep-3
-0x1.a5ca8ap-3
0x1.12856ap-1
0x1.aa393ep-3
0x1.96c138p-2
-0x1.8e4c82p-2
-0x1.11f7f8p-4
0x1.016b8cp-2
-0x1.f48098p-4
0x1.5d2e4p-3
-0x1.5b6066p-2
-0x1.247f1ap-7
0x1.8e2d3ep-3
0x1.2b4348p-2
-0x1.1f6ab2p-2
0x1.02a4eap-5
0x1.2ede74p-2
0x1.a2bee6p-4
0x1.cc1e8ep-5
-0x1.0152e2p-1
0x1.498d3ap-2
-0x1.9eb12ep-6
-0x1.9585e2p-3
0x1.4b0dbep-4
0x1.7da31ep-3
0x1.fecda6p-3
-0x1.f8b5b4p-3
-0x1.167f5ep-7
0x1.242108p-4
-0x1.6dd44cp-5
0x1.72bf94p-3
0x1.97722ap-4
0x1.98cea2p-2
-0x1.e03b36p-5
-0x1.1928e6p-5
0x1.842726p-4
0x1.d92b78p-5
0x1.20da42p-2
-0x1.6a2564p-3
0x1.b36ccep-3
0x1.7ae172p-7
0x1.17ddaep-5
-0x1.9fd85cp-4
-0x1.51aafcp-4
-0x1.e7a1e8p-4
-0x1.1fec1p-4
-0x1.3dddd2p-3
-0x1.ec5932p-4
0x1.832c06p-3
-0x1.08be9ep-3
0x1.4245a8p-5
-0x1.f146e4p-3
0x1.1372cep-3
0x1.fa2992p-6
0x1.80518p-2
-0x1.1c0b86p-4
0x1.68b904p-6
-0x1.1c86fap-3
0x1.41a89ap-3
-0x1.5a8918p-2
-0x1.e738cp-2
0x1.58d472p-4
-0x1.75e4fcp-4
0x1.ad2186p-4
0x1.872df8p-2
-0x1.beed34p-4
0x1.5ca4c8p-3
-0x1.e7eb54p-3
-0x1.efd3fep-2
0x1.1c8d46p-4
0x1.b01d7cp-4
-0x1.580ea6p-4
0x1.94dac2p-4
0x1.53c33cp-4
-0x1.413cf6p-2
0x1.1b5f9cp-2
-0x1.23748ap-2
0x1.7c574ap-2
-0x1.1acde4p-5
0x1.a98f1cp-2
-0x1.e702a4p-4
0x1.033f46p-2
-0x1.66382cp-4
0x1.73c0aap-2
0x1.3d9542p-2
0x1.4742b2p-7
-0x1.4da038p-6
0x1.33befp-7
0x1.40c602p-8
-0x1.a55eeep-3
-0x1.85c6dcp-2
0x1.1cbd48p-3
0x1.5c94aap-3
-0x1.6c19a2p-3
-0x1.a1fbf6p-3
-0x1.241558p-2
-0x1.18b37ep-1
0x1.335ba8p-3
-0x1.ea216p-3
0x1.7e5e9cp-3
0x1.b80ca4p-2
0x1.d20ac4p-4
0x1.f79ebp-3
-0x1.a8bd8p-3
-0x1.874f7ap-4
-0x1.4d93e6p-1
0x1.4f2592p-5
-0x1.9d10d8p-3
-0x1.c2ee0ep-3
-0x1.701e6ep-3
-0x1.aa1b74p-4
-0x1.e1009cp-2
-0x1.53162ap-2
-0x1.9988ap-9
-0x1.56039ep-1
0x1.2fb7aep-3
-0x1.669e1cp-6
0x1.b88c52p-3
0x1.0bef2ap-4
0x1.89e244p-3
-0x1.1c250ap-2
-0x1.aeb41p-3
-0x1.4c6914p-2
0x1.907686p-2
-0x1.0a345cp-2
0x1.e5a71p-2
0x1.fb8588p-4
0x1.0b55a4p-2
0x1.3b84dp-2
0x1.43270ap-2
-0x1.7fbca8p-5
-0x1.02c408p-8
-0x1.ad6408p-3
-0x1.9c7526p-5
-0x1.3347bep-4
-0x1.b4503ap-3
-0x1.133822p-5
-0x1.0065f2p-2
0x1.675c7ep-4
0x1.bde71ap-3
0x1.612ba8p-4
0x1.098d5ep-3
0x1.e7a4a6p-4
0x1.5fcaa6p-4
0x1.f5861ap-3
0x1.d8107p-3
0x1.ed210cp-3
-0x1.c343dp-2
0x1.a2f506p-2
0x1.286446p-2
0x1.a7e216p-5
-0x1.08db04p-2
-0x1.300c9ap-8
-0x1.7f328ep-7
-0x1.6dda56p-2
0x1.db2992p-8
0x1.be8ad6p-3
-0x1.3ab0f6p-2
-0x1.ce10d4p-2
-0x1.4d72dap-4
-0x1.0539f4p-2
-0x1.4ee266p-2
-0x1.387d6p-3
0x1.d875ccp-2
-0x1.138904p-4
-0x1.8266bcp-2
-0x1.52eb1cp-3
0x1.5d7f74p-5
0x1.1b2048p-2
0x1.90689cp-4
0x1.df2cf2p-8
-0x1.f2986cp-2
-0x1.807d08p-3
-0x1.8ad43p-2
-0x1.1ed73ap-2
0x1.a3d2e4p-3
-0x1.4721e4p-2
0x1.e5d328p-2
-0x1.98a552p-3
0x1.0141e6p-1
0x1.1d69dap-3
0x1.8e4bfep-1
-0x1.8a2464p-4
0x1.78de94p-3
0x1.5251bep-5
-0x1.c68bcp-2
0x1.7f51a8p-3
0x1.be3528p-2
0x1.b605eep-3
-0x1.3ed8fp-10
0x1.3364fap-6
-0x1.82c414p-4
0x1.4eff9ap-2
0x1.0a9fb4p-4
0x1.1d3aa6p-2
0x1.36f674p-9
-0x1.3d60dap-2
-0x1.cfb2c8p-4
0x1.15211ep-4
-0x1.1ae338p-3
-0x1.7677f8p-6
0x1.c613b2p-2
-0x1.12df4ep-2
-0x1.b1a638p-2
-0x1.37476ep-3
0x1.e63e38p-5
0x1.195d94p-2
0x1.5a976cp-3
0x1.56f8ap-6
0x1.3b918p-2
0x1.b1f74cp-2
-0x1.7c952cp-3
-0x1.410762p-4
0x1.7fe996p-3
-0x1.39b80ap-3
-0x1.6de4e6p-2
0x1.7beb68p-3
-0x1.b21506p-3
-0x1.86348ap-4
0x1.d81632p-2
0x1.88fccep-2
0x1.c7cb58p-2
-0x1.22f33cp-7
-0x1.c9aaf4p-2
0x1.0bd02cp-2
0x1.80d84cp-3
-0x1.0a6548p-3
0x1.2af426p-4
-0x1.9a90fep-5
-0x1.0d70fep-2
-0x1.9c13cp-3
-0x1.37f71ap-2
-0x1.914c18p-3
0x1.c86402p-3
-0x1.9981dcp-2
-0x1.12197p-2
-0x1.078dc6p-3
0x1.681a02p-2
-0x1.7dadcp-5
0x1.b7e06cp-6
-0x1.54afccp-2
0x1.770f58p-3
0x1.55d132p-1
-0x1.1afffep-2
-0x1.5a0deap-2
-0x1.b99dap-4
-0x1.984e3cp-3
0x1.9e64dep-2
0x1.0e11a4p-1
-0x1.3f4f7ap-3
-0x1.bfdd54p-2
-0x1.0472ep-5
0x1.500538p-2
0x1.ee0e72p-3
0x1.437c1p-7
0x1.bcd3c2p-4
-0x1.7cc0fcp-2
0x1.2f9b5ep-3
0x1.ad92bcp-3
0x1.1138cap-3
-0x1.b3af22p-6
0x1.cf9432p-3
0x1.a1fc28p-4
0x1.87f7f6p-2
0x1.b86e6ep-4
-0x1.1d068p-4
0x1.6485cap-3
-0x1.52ab3cp-2
0x1.d942ep-4
-0x1.ce7da6p-3
0x1.73c81ap-10
-0x1.b502bap-4
-0x1.24c27p-1
-0x1.5912bep-9
-0x1.29ee72p-2
0x1.02095ap-2
0x1.5d0c48p-3
0x1.058786p-3
-0x1.d95822p-3
0x1.24b14ep-2
0x1.802c5ap-3
-0x1.a8ab96p-4
-0x1.50dbccp-3
-0x1.29a9c6p-3
0x1.09b9dep-2
0x1.23f858p-2
0x1.ece062p-3
0x1.26f556p-4
-0x1.8e78d6p-3
-0x1.0c7b28p-1
0x1.0e9436p-3
0x1.c552bcp-6
-0x1.8c0d58p-3
-0x1.0e1caap-3
-0x1.0462f6p-3
-0x1.26081cp-2
-0x1.dd058ep-3
-0x1.fb1a68p-7
-0x1.6cd5bcp-3
0x1.c1951ap-4
-0x1.0238c4p-2
-0x1.5d5688p-2
-0x1.e9e632p-3
-0x1.5cd10cp-4
0x1.9a668p-6
0x1.01875ap-3
-0x1.16dd08p-2
0x1.023248p-1
0x1.861d8cp-6
0x1.021902p-2
0x1.5660e6p-4
-0x1.939baep-4
-0x1.181a9ep-2
-0x1.fc52ecp-4
0x1.8e36acp-2
-0x1.3b803ap-2
-0x1.4a03fp-7
-0x1.bf6792p-3
-0x1.ef420cp-6
0x1.687fdcp-3
-0x1.1bc1ccp-3
-0x1.2033eap-5
-0x1.0ce11cp-5
0x1.9fa1fep-6
0x1.6793dap-2
0x1.5db9dep-5
0x1.27391ep-2
-0x1.8df468p-4
0x1.4d402cp-2
-0x1.eb35b6p-2
0x1.47013p-3
-0x1.e69858p-4
-0x1.2e8a4ap-3
0x1.b94fbcp-2
0x1.20c854p-6
0x1.6c4772p-2
-0x1.e2c0b6p-4
-0x1.9f69c4p-3
-0x1.b05e06p-3
0x1.cc9206p-4
0x1.345a28p-4
-0x1.3f9f8ap-3
0x1.7f0284p-2
0x1.b09ba4p-3
-0x1.b25c36p-7
0x1.9b0778p-2
-0x1.e152ecp-3
0x1.506e9ap-3
0x1.01d374p-3
0x1.e51522p-2
0x1.400782p-3
-0x1.4759ecp-4
-0x1.7122f6p-4
-0x1.f5752p-15
0x1.2d8668p-1
0x1.e570f2p-3
-0x1.bf402ep-5
0x1.53e582p-1
0x1.10ad96p-3
-0x1.c061c8p-4
0x1.339a3ep-7
-0x1.0d6ba2p-2
-0x1.cc463ep-2
0x1.fe0ee8p-3
0x1.39dc44p-2
0x1.cb8618p-3
-0x1.2761f4p-5
0x1.1fbf5cp-2
-0x1.d2d6ecp-1
-0x1.29b2b6p-2
-0x1.9190ecp-3
-0x1.76326cp-4
-0x1.71963ep-1
-0x1.438cp-3
0x1.ab6f36p-2
0x1.19ffdp-2
0x1.f4d78p-4
-0x1.6c59dp-5
-0x1.1666e6p-2
0x1.7e1726p-5
0x1.ba709cp-2
-0x1.49460ap-2
-0x1.5dd932p-1
0x1.f1be1ap-3
-0x1.36dccep-4
-0x1.2a7c44p-9
-0x1.9b6404p-3
-0x1.0d3c72p-3
-0x1.3e2406p-1
0x1.43ad9cp-6
0x1.6077bap-2
-0x1.bf2caep-8
-0x1.9b5c2ap-4
0x1.1ef594p-2
-0x1.553b94p-5
0x1.9a846cp-2
-0x1.a07178p-2
-0x1.5aca5cp-3
-0x1.88a6c2p-3
0x1.889828p-3
-0x1.3c40f4p-2
0x1.f719c4p-4
0x1.cf3712p-7
-0x1.af3c1cp-6
0x1.76642p-3
0x1.4b5596p-3
0x1.834674p-3
0x1.2520dcp-2
0x1.7c0d22p-2
0x1.117936p-3
0x1.fe32eep-3
0x1.7743d2p-2
0x1.469be8p-4
-0x1.2202ep-8
0x1.db9824p-2
0x1.dd09eap-5
0x1.218fe6p-4
0x1.362744p-7
0x1.7200fep-1
0x1.e3d0b4p-4
-0x1.a5cce6p-3
-0x1.72d7d8p-2
-0x1.2506c4p-2
0x1.8df35ap-6
-0x1.56670ap-6
0x1.68fd6ep-2
0x1.259a2cp-2
0x1.c7ae4ep-2
0x1.f0c21ep-2
0x1.626cd4p-4
-0x1.44b3bap-6
0x1.630fc8p-4
0x1.dafb4cp-4
-0x1.648d3ap-2
0x1.c56daap-3
-0x1.8f80d8p-3
-0x1.1b38bep-3
0x1.4fa63cp-4
-0x1.2b879ap-2
-0x1.c7551cp-4
-0x1.1e944ap-2
0x1.549bf4p-3
-0x1.699a3cp-1
-0x1.8b3a5cp-2
-0x1.cfaf98p-4
0x1.19c124p-2
0x1.717748p-3
0x1.89d97ap-7
-0x1.d8ae7cp-4
-0x1.76a87ap-2
0x1.fce62ap-4
-0x1.24832cp-7
-0x1.b80802p-7
-0x1.ce7b0ep-3
0x1.3ddb56p-1
-0x1.6e9776p-5
-0x1.c8e91cp-2
0x1.9d335cp-3
0x1.2bb5c2p-2
0x1.010bb6p-1
0x1.2ea9dap-3
0x1.31e52p-4
0x1.42e09ep-7
-0x1.d216b2p-2
-0x1.0f1d56p-6
0x1.198928p-2
-0x1.87002ep-3
-0x1.111dc6p-2
0x1.4bab6ep-6
0x1.9b93eep-5
-0x1.60441ap-2
0x1.b44564p-1
0x1.79548p-2
0x1.287decp-3
0x1.ba286cp-4
0x1.23db12p-1
-0x1.35aca8p-6
-0x1.8b69c4p-3
0x1.46cd54p-2
-0x1.abc6dp-2
-0x1.5753a4p-3
0x1.19494ap-2
0x1.163ca2p-3
-0x1.442602p-4
0x1.782a14p-2
-0x1.a2a274p-3
0x1.3e6476p-6
-0x1.3d8422p-2
0x1.00c958p-2
0x1.9983e8p-2
0x1.c5a628p-2
-0x1.1e74bep-2
0x1.39998ap-2
0x1.d145cap-7
-0x1.8564ap-3
-0x1.aaa4a6p-5
0x1.f1d22cp-2
-0x1.ed913ep-3
0x1.2b21a6p-4
-0x1.4872ccp-1
0x1.a481e2p-2
-0x1.be4a4ep-4
-0x1.9302f4p-3
-0x1.7dc3ap-4
-0x1.bf28a2p-3
0x1.d4c13ep-3
-0x1.bccc58p-4
0x1.41386cp-2
0x1.25855ap-5
-0x1.90ae1ap-3
0x1.0c7612p-4
-0x1.a9833ap-6
-0x1.44589ep-2
-0x1.664d9ep-4
0x1.086fb8p-3
-0x1.b70b7ep-3
-0x1.9a0a06p-2
-0x1.d73306p-3
-0x1.379074p-3
-0x1.3258e4p-1
0x1.ad4ff6p-2
0x1.85d7ap-1
-0x1.42ad38p-2
0x1.0cd5b6p-2
0x1.208c28p-6
0x1.c2491ep-2
-0x1.45ed72p-3
-0x1.2ad684p-1
-0x1.9313aep-4
0x1.005464p-1
-0x1.96224ap-5
-0x1.268c18p-3
-0x1.b18e54p-4
-0x1.239ba6p-3
-0x1.bec07cp-2
0x1.164ab6p-2
0x1.3e803ap-4
-0x1.d687c6p-2
0x1.b73086p-2
-0x1.289ffap-2
0x1.4e66f6p-3
-0x1.95fa04p-3
-0x1.6967e4p-3
0x1.840b48p-3
-0x1.2d29ep-2
0x1.3b6f4cp-6
0x1.ded90cp-5
-0x1.21bb8ep-6
-0x1.feca1p-2
0x1.50dde4p-3
0x1.3fcb62p-2
-0x1.121fcap-1
0x1.821196p-1
0x1.6fbf9ap-3
0x1.803688p-4
0x1.0ffa52p+0
0x1.945444p-2
0x1.138ec8p-2
-0x1.24e05ap-2
-0x1.c55942p-4
0x1.b2254p-1
0x1.0639fcp-1
-0x1.33c0bap-1
0x1.741f7ap-3
-0x1.86fd9ap-2
0x1.73e868p-1
-0x1.290b88p-1
0x1.cc0d3p-3
-0x1.a9602p-3
0x1.1f18fcp-1
0x1.6fab44p-3
0x1.f6468ap-6
0x1.3bb474p-3
0x1.d850ep-3
-0x1.07d01ap+0
-0x1.94bbccp-2
0x1.7f332ap-2
0x1.6d6f86p-1
0x1.ebae8ep-2
-0x1.0c8672p-3
-0x1.e61c12p-4
0x1.9d54e6p-3
0x1.10d4acp-3
-0x1.913346p-3
0x1.e8c15ap-3
-0x1.1e8142p-1
-0x1.3c71c2p+0
0x1.8c2caep-3
-0x1.7c3acep-1
-0x1.493978p-2
-0x1.d1c332p-3
0x1.13dba8p-2
0x1.1c1dc8p-3
-0x1.59c062p-3
-0x1.456d6p-1
-0x1.4b19c6p-2
-0x1.2e0e68p-1
-0x1.25a7eap-2
0x1.7fd57cp-3
-0x1.063f9p-2
0x1.329884p-2
-0x1.bb5a5ep-1
0x1.ccd9ecp-1
-0x1.869ce4p-3
-0x1.b06bc2p-3
0x1.9657a8p-2
0x1.d419ecp-3
-0x1.7ea10ep-3
-0x1.4380b2p-2
0x1.22310cp-2
-0x1.97e632p-3
-0x1.f9fa3cp-4
-0x1.c84bacp-2
-0x1.4a1b72p-2
0x1.97a3aap-1
0x1.870cfap-2
0x1.c19f68p-2
0x1.d5bba6p-4
-0x1.daf18cp-3
-0x1.7535cap-1
-0x1.af0c14p-6
0x1.25874p-9
0x1.bd7af2p-3
0x1.5364a6p-3
-0x1.b44618p-6
-0x1.cb51bap-2
-0x1.9e3dbap-2
-0x1.54afbcp-4
0x1.2d3698p-2
-0x1.979d56p-2
0x1.6cee1cp-6
-0x1.1824dap-2
-0x1.8674d8p-1
-0x1.0e7bd2p-5
-0x1.550a0ep-3
-0x1.82e134p-4
0x1.ab939ep-7
0x1.6db3f6p-3
-0x1.1ad8fcp-1
-0x1.b8afb6p-4
-0x1.a49aaap-4
0x1.022aacp-2
0x1.962792p-2
0x1.479cdep-2
0x1.ca75ecp-2
-0x1.ca75e8p-2
