7
110
25
20
15
10
5
2
tanH
tanH
tanH
tanH
tanH
softmax
0x1.80302p-1
0x1.7ffad4p-2
-0x1.695e2p-4
-0x1.80115ap-2
0x1.4c19f8p-3
0x1.0a6638p-3
-0x1.8a721cp-4
-0x1.a7fb5cp-2
0x1.57af1ap-2
0x1.05e12ep-2
0x1.f76626p-3
0x1.abd4fep-4
0x1.e36d74p-4
-0x1.31153ap-2
-0x1.37edccp-2
0x1.19b1a6p-2
0x1.1c9fe6p-3
-0x1.c3970ap-4
-0x1.9458a8p-2
-0x1.48a45cp-3
-0x1.7f8914p-2
0x1.df4c76p-7
0x1.2c1402p-4
0x1.9d8f9cp-4
0x1.79879p-4
0x1.b8ae96p-2
0x1.76d78ep-2
-0x1.14abcap-2
-0x1.4728b4p-1
0x1.760352p-2
0x1.41097p-1
-0x1.0d67f2p-3
-0x1.6ad82ep-2
0x1.445c2ep-2
0x1.a7552ep-2
0x1.7a0c5cp-2
0x1.13d3e4p-2
0x1.619e46p-2
-0x1.5466f6p-1
-0x1.8e542ap-2
0x1.2a49cp-1
0x1.647b1p-1
-0x1.d27ab8p-8
-0x1.22315p-1
-0x1.6f677p-2
-0x1.88e592p-2
-0x1.58c346p-5
0x1.768d8p-3
0x1.f9c35p-4
0x1.e34506p-4
0x1.126e84p-2
0x1.9af38cp-5
0x1.1685f2p-2
0x1.7b159ap-4
-0x1.18222ap-2
-0x1.0ddd82p-6
-0x1.38263ap-2
-0x1.0cae32p-2
0x1.03a616p-4
-0x1.9156aap-3
0x1.2c17p-3
0x1.7a502ep-3
-0x1.7cd17p-2
-0x1.9a7dbap-4
-0x1.18cfc8p-4
-0x1.cfe044p-3
-0x1.004fc8p-5
-0x1.2ecfd2p-6
-0x1.0d589ep-6
-0x1.d46168p-4
0x1.782e28p-10
-0x1.649e3ap-3
0x1.165b14p-2
-0x1.f82b2ep-6
0x1.529398p-5
-0x1.123d36p-1
-0x1.699544p-2
0x1.66adcap-1
-0x1.f27ef8p-4
-0x1.fb2ef6p-2
0x1.c58c94p-5
0x1.46d6a2p-1
0x1.1ac4fp-1
-0x1.413b9p-2
-0x1.1b8572p-1
0x1.15e0d4p-3
-0x1.6a09acp-4
-0x1.e40dcep-3
-0x1.5c7052p-2
-0x1.48ae8ep-2
0x1.00719ep-2
0x1.26c4a2p-1
0x1.1a93dp-1
0x1.e7ace4p-3
0x1.558fc8p-2
0x1.a45bc8p-3
0x1.36bc48p-1
0x1.44785ep-2
-0x1.52f25p-1
-0x1.752e34p-2
0x1.bf8dbcp-4
0x1.6e7fb4p-2
-0x1.04b7c2p-3
-0x1.4e5d62p-2
0x1.58c076p-2
0x1.87b68cp-2
-0x1.526af8p-3
-0x1.d48e84p-2
0x1.1eb1fp-2
0x1.952004p-3
0x1.8bb9d6p-5
0x1.819fdcp-3
0x1.6c85d4p-2
-0x1.bd8b88p-2
-0x1.e54bp-4
0x1.565feep-2
0x1.e76c5ap-4
0x1.224e46p-5
-0x1.65a702p-2
-0x1.2bdad8p-1
-0x1.d973c4p-3
-0x1.b61984p-3
0x1.42db82p-5
0x1.611ecp-2
0x1.c0d1e2p-2
0x1.350314p-2
0x1.139ccp-1
-0x1.f1ddfap-2
-0x1.1c52aap-1
0x1.1bfe26p-1
0x1.ad46cep-2
-0x1.79372p-2
-0x1.b1929p-2
0x1.b24808p-2
0x1.c14e1cp-2
0x1.24048ap-2
0x1.85882p-3
0x1.9567e8p-2
-0x1.62a472p-1
-0x1.77c9aep-2
0x1.db0324p-2
0x1.655f54p-2
0x1.81914ep-6
-0x1.393e74p-1
-0x1.5f2fbcp-2
-0x1.998352p-2
-0x1.975f2ap-2
-0x1.4ac9b6p-7
0x1.311f8p-2
0x1.290da2p-2
0x1.b3c194p-3
-0x1.61604ep-3
-0x1.08465cp-2
-0x1.3790f2p-3
0x1.dd0ae2p-2
-0x1.00843ep-3
-0x1.3f62bap-2
-0x1.64e542p-2
0x1.d536fep-3
0x1.20a7bap-2
-0x1.bfac06p-2
0x1.31219ep-5
0x1.8302c8p-3
0x1.ba7ca2p-5
-0x1.8b6c4ap-3
0x1.fa9bb2p-5
0x1.8093d2p-3
-0x1.1d3308p-3
-0x1.2396f2p-4
-0x1.27ef92p-3
-0x1.b8bbd6p-3
-0x1.c57d94p-4
0x1.40412ap-3
0x1.37815p-2
0x1.249f7cp-4
0x1.1b43bap-3
0x1.ac60fp-4
-0x1.517d24p-3
0x1.7b766p-3
0x1.c435e4p-4
-0x1.ade5a2p-3
0x1.2f964ep-5
-0x1.15af7p-2
-0x1.5a089ap-3
0x1.d027ccp-3
0x1.ccbf3cp-5
-0x1.7d0a82p-4
-0x1.3399fp-3
0x1.8cd9eap-4
0x1.ad39aap-2
-0x1.d6fa0ep-5
-0x1.68eeaep-3
-0x1.74c906p-2
-0x1.0f3e92p-4
0x1.0a7bd8p-3
0x1.d8694p-6
-0x1.734bfep-3
-0x1.08b668p-6
0x1.68a68ep-2
0x1.5c4848p-8
-0x1.190ff6p-2
-0x1.8870d8p-3
0x1.5e63bap-3
0x1.8e69eep-2
-0x1.4f9af2p-1
-0x1.71016ap-2
0x1.104384p-2
0x1.09e07p-3
0x1.98e718p-4
-0x1.21c88cp-1
0x1.25131cp-5
0x1.564056p-4
-0x1.50b928p-1
0x1.b21498p-2
-0x1.94fbfcp-5
-0x1.353804p-1
-0x1.22a9eap-1
0x1.64dbp-4
0x1.fa8d14p-3
0x1.fd219cp-5
0x1.c9aaeap-3
-0x1.ca5ccap-8
0x1.389f0ap-7
-0x1.6c4bf6p-5
0x1.6a0158p-4
0x1.f5d8b6p-5
-0x1.6fc5fp-3
0x1.8fc618p-4
0x1.a0494ap-3
0x1.eb61cep-6
0x1.88160ap-3
0x1.2f16b4p-5
-0x1.5e3b4cp-3
-0x1.433b94p-7
0x1.3e18e2p-3
0x1.56f16ap-2
0x1.77fb64p-3
0x1.30bde2p-3
-0x1.54c216p-5
-0x1.8a7f7ep-3
0x1.ccf62ep-6
-0x1.5aadcap-4
-0x1.78803cp-5
-0x1.4cb014p-3
-0x1.2c0768p-2
-0x1.3b11e4p-3
0x1.c6f2aep-3
-0x1.7419cap-2
-0x1.540ba8p-4
0x1.c474dp-7
-0x1.638c9ep-5
-0x1.fa24ep-3
-0x1.faa2d4p-9
0x1.b6259ep-3
0x1.321892p-5
0x1.12d56ap-2
0x1.9c386cp-6
0x1.50568ap-7
0x1.3e81acp-3
-0x1.cc2ac8p-4
0x1.742dbep-2
0x1.fb23e4p-4
-0x1.b61e64p-5
-0x1.cea7fcp-5
-0x1.54110ap-2
-0x1.97f4ap-3
-0x1.3ee8c2p-3
-0x1.4d4214p-4
-0x1.033392p-4
-0x1.79be86p-5
-0x1.8dcec8p-5
0x1.e6db5p-5
-0x1.f0802p-2
0x1.65cf42p-4
0x1.4edc3ep-4
0x1.5ad274p-3
0x1.70a542p-2
-0x1.c0583ep-4
-0x1.2d0bdp-3
0x1.3046a4p-3
0x1.ae60a2p-2
-0x1.a746fep-3
-0x1.d0e2d4p-4
0x1.623742p-3
0x1.b2ae1cp-4
0x1.c1066ap-3
-0x1.b3704p-6
0x1.f236bap-3
-0x1.0815ep-2
-0x1.32bcbap-2
0x1.4988aap-2
-0x1.20d11p-9
0x1.23a23cp-5
-0x1.7bc56cp-2
-0x1.cd2ffcp-2
-0x1.1ccb02p-2
-0x1.18590ap-3
0x1.0f3982p-3
-0x1.3fee9ap-6
0x1.a787fap-2
0x1.6d8682p-8
0x1.b08152p-7
0x1.fb0976p-3
-0x1.2b2b9ep-5
-0x1.3b3862p-2
0x1.001a06p-2
0x1.56a6cp-5
-0x1.cdc9c8p-4
0x1.9caf6p-4
0x1.5df244p-4
0x1.bdc056p-7
-0x1.fe751cp-6
-0x1.10c11ap-4
-0x1.259798p-3
-0x1.a22b4cp-2
0x1.1a2a22p-7
0x1.cbf70ep-6
0x1.dca0b4p-4
-0x1.090e98p-5
-0x1.5c8edcp-2
0x1.37faaap-4
0x1.0d1c42p-3
-0x1.bb1dcp-8
-0x1.87c0dcp-3
0x1.4b6024p-2
-0x1.cd58bcp-5
-0x1.79ce24p-3
0x1.21bf04p-3
0x1.bb0c84p-3
-0x1.015a24p-3
-0x1.b8991ap-3
-0x1.d35a06p-5
0x1.0cf518p-3
0x1.07ee82p-3
-0x1.d7043ep-4
-0x1.e93f14p-4
-0x1.05b7d6p-1
0x1.bd4ec6p-6
-0x1.6f98bp-3
0x1.66b1ecp-2
-0x1.380aecp-3
-0x1.4c8baep-3
-0x1.75b5b6p-2
0x1.b429fcp-2
0x1.22c646p-2
-0x1.16e774p-7
0x1.755d74p-3
-0x1.e10ac6p-4
-0x1.28697cp-3
-0x1.68c378p-2
-0x1.1ad19ap-4
-0x1.3c17d8p-2
0x1.30e378p-2
0x1.f61f2p-3
-0x1.7c527ep-2
-0x1.90ec28p-6
-0x1.2828cep-3
-0x1.44058ap-8
-0x1.bfe4b8p-5
-0x1.1b5f76p-2
0x1.3291d2p-2
-0x1.7b6a8ep-3
-0x1.89a88p-2
0x1.69f67cp-5
-0x1.79c986p-3
-0x1.6d800cp-3
-0x1.06a386p-2
-0x1.aacd8p-4
-0x1.f36a5p-5
-0x1.440258p-6
0x1.825a74p-5
0x1.6cb234p-5
0x1.10c098p-4
-0x1.df0bdep-2
-0x1.680576p-3
0x1.3f4daap-2
-0x1.5fb40cp-4
-0x1.1a17e4p-4
-0x1.76fe76p-6
0x1.3626ecp-2
0x1.0c95b6p-6
-0x1.5d9c62p-2
-0x1.a854e4p-3
0x1.6f0db6p-4
0x1.ae8926p-2
-0x1.7e435ap-2
-0x1.d937e4p-4
0x1.b458aap-3
0x1.44e5ccp-7
-0x1.20082ep-3
0x1.67d128p-6
0x1.d75362p-3
-0x1.4f1c38p-3
-0x1.c0acbep-3
-0x1.e29776p-4
-0x1.3374bep-3
-0x1.066244p-3
0x1.1fe56ep-8
0x1.8cd9d4p-3
-0x1.5fd46ep-8
0x1.7cc9d4p-3
-0x1.19c8fp-3
-0x1.da09bp-4
-0x1.cb7aacp-4
0x1.13c96ep-2
0x1.ba9bb6p-5
-0x1.36f3p-3
-0x1.569f06p-8
0x1.8759aep-3
0x1.33def2p-3
-0x1.ff8292p-3
-0x1.930d7cp-4
0x1.e8e71ap-5
-0x1.23d58ap-3
-0x1.4ad08p-5
-0x1.99edbap-4
0x1.a6bd6p-5
-0x1.ed5cfep-4
0x1.b936cp-8
0x1.16832cp-3
0x1.656934p-4
-0x1.0b172cp-2
-0x1.91dcc4p-8
0x1.2f5caep-2
-0x1.343042p-4
0x1.2866c4p-2
-0x1.1f9a78p-4
0x1.3a54ccp-5
0x1.09dd8cp-2
0x1.5a7e24p-3
-0x1.5bb74ep-3
-0x1.3577bcp-2
-0x1.8755cep-4
0x1.32598ep-3
0x1.29a816p-1
-0x1.3afd7ep-3
-0x1.cf4798p-3
-0x1.908ecap-6
0x1.d539p-5
-0x1.9eaf88p-2
-0x1.a4c3e8p-3
-0x1.05ca8ep-3
-0x1.66d4aap-3
0x1.74b51ep-5
-0x1.3bbbep-2
0x1.59d5d8p-4
-0x1.e677bp-3
0x1.90263ap-2
0x1.8dd5e8p-3
0x1.0a631ap-7
0x1.03d17p-2
-0x1.6d686cp-3
0x1.311b62p-5
0x1.7f37ecp-5
0x1.1c4eaep-2
-0x1.2a1d9ap-3
-0x1.14d4e6p-2
-0x1.00149cp-3
0x1.e40aecp-2
0x1.8a7cf2p-1
-0x1.62e97ep-2
-0x1.77cce6p-2
-0x1.b09264p-4
0x1.927ccap-8
-0x1.45ad66p-2
-0x1.6c4b2ap-3
-0x1.bb31fp-4
-0x1.444d1ap-3
-0x1.0a7e8cp-4
-0x1.6500ecp-2
-0x1.a9776ap-6
-0x1.2b0daep-2
0x1.20f08p-3
0x1.57343p-2
0x1.5d5b32p-4
0x1.7b570ep-3
-0x1.7f4534p-4
0x1.8f5f2cp-4
0x1.a9c904p-4
-0x1.daf95p-6
0x1.5c3eep-9
-0x1.4decbep-2
-0x1.cf2746p-3
0x1.64e3fap-3
0x1.e30906p-2
-0x1.43f7cep-3
-0x1.29558ep-2
-0x1.4d84a2p-6
-0x1.0ee1dap-8
-0x1.7cd136p-4
-0x1.e19bd2p-4
-0x1.b5e4bp-4
-0x1.bc07ap-4
-0x1.01a31p-2
-0x1.4b08cap-3
0x1.6f6f5p-5
-0x1.1595b2p-3
0x1.2384ccp-2
0x1.3780a8p-3
0x1.132e2ap-4
0x1.bfa002p-5
0x1.726bacp-3
0x1.a8c1e6p-3
0x1.685c4cp-6
-0x1.ac2248p-3
0x1.33f65ep-3
0x1.0e439cp-2
-0x1.0a443p-5
0x1.78dc12p-4
0x1.2ad5eep-4
0x1.1e43bp-2
-0x1.6578c2p-4
-0x1.0de966p-3
-0x1.1ab08ap-2
-0x1.cb6078p-4
-0x1.1e0e8p-5
-0x1.5b5f38p-6
0x1.45ede6p-2
-0x1.e4903ep-6
0x1.e4eb34p-4
0x1.f1d306p-4
-0x1.c0155cp-7
0x1.1b341cp-5
-0x1.0bafbep-3
-0x1.7366eap-3
-0x1.da83ep-6
0x1.8c58e2p-5
-0x1.12f9c2p-4
-0x1.251846p-6
0x1.cf8926p-3
0x1.19d81cp-2
0x1.ed4c58p-3
0x1.308c8p-8
0x1.268a3p-3
0x1.443d6cp-8
0x1.34fdeep-3
0x1.86e512p-3
0x1.11d858p-2
0x1.7c1ed4p-7
0x1.7097b6p-3
0x1.15f20cp-3
-0x1.0f107p-3
0x1.b59a64p-5
-0x1.155468p-3
0x1.601386p-9
-0x1.b1a874p-3
-0x1.9a47acp-4
-0x1.0c9464p-3
0x1.987492p-3
0x1.c61b64p-4
-0x1.e14eap-3
0x1.91217p-4
0x1.d6f888p-4
0x1.9eff64p-6
0x1.646df6p-4
0x1.c60fcp-4
0x1.9e35fep-3
-0x1.68fbaap-4
-0x1.acf76p-2
-0x1.e85a3ap-4
0x1.48a8c2p-2
-0x1.9fb65cp-3
0x1.1a5494p-2
-0x1.06ea36p-1
-0x1.d85ea8p-3
-0x1.5a07c2p-4
0x1.34ac8ep-5
-0x1.ffa17ep-4
0x1.b94a9ep-4
0x1.c6e1f6p-3
-0x1.83b698p-8
0x1.239532p-2
0x1.cf1448p-4
0x1.fcf1b8p-5
-0x1.9d7dc4p-4
-0x1.ac4092p-5
-0x1.283904p-2
0x1.6879ccp-2
0x1.92e766p-2
0x1.d7fe66p-4
-0x1.5eddccp-5
-0x1.eefep-4
-0x1.7c83dcp-6
0x1.d5e64ap-3
0x1.46dc1p-3
-0x1.00d492p-4
-0x1.feb6cep-3
-0x1.a8599ap-7
0x1.1be27ap-3
0x1.ec37e2p-2
-0x1.7a1192p-3
-0x1.3a4526p-1
-0x1.30f258p-2
0x1.6f9c9p-3
0x1.3a53fep-4
-0x1.4638fap-1
-0x1.9f9884p-3
-0x1.00f74p-1
0x1.e8a656p-3
-0x1.1c45cap-2
0x1.0c5642p-7
-0x1.7e2908p-3
-0x1.c262p-4
-0x1.9306aep-2
-0x1.0eac7ep-5
0x1.bbf274p-2
0x1.83bcaep-2
-0x1.57f568p-5
-0x1.a7d83cp-2
-0x1.cd08ccp-2
0x1.e03de8p-3
0x1.a9e58ep-2
0x1.0570ap-2
-0x1.1a3aecp-3
-0x1.b1ad04p-5
0x1.8ce50ep-3
0x1.7f0ecp-2
0x1.14e708p-1
-0x1.7fc496p-2
0x1.745a82p-3
0x1.4933bcp-1
0x1.510e4ap-1
-0x1.b2a52ep-5
-0x1.b9f47cp-2
0x1.74faeap-6
0x1.b1b4cap-6
-0x1.3fe0f2p-3
-0x1.137e6p-2
-0x1.559018p-3
0x1.62183ep-3
0x1.837caap-2
0x1.115a5p-3
0x1.d46946p-4
-0x1.ca9f78p-4
-0x1.258c2ap-4
0x1.07d2f4p-3
-0x1.1f27fap-4
0x1.416c92p-2
-0x1.8419e2p-5
0x1.91e382p-3
-0x1.bd880cp-4
0x1.f4e75ep-8
-0x1.5c65b2p-5
0x1.8aaa92p-3
0x1.798064p-2
0x1.5a4f06p-8
0x1.ab0446p-3
-0x1.858e5cp-3
-0x1.3038b4p-3
-0x1.a41246p-3
0x1.38785ap-2
0x1.a6f85ap-3
-0x1.88a98p-5
-0x1.1090d2p-2
0x1.821646p-5
0x1.b9b672p-4
-0x1.1ef522p-3
-0x1.3725fcp-3
0x1.ec74c6p-3
0x1.09f1fep-5
-0x1.51b246p-4
0x1.7396b4p-3
0x1.69159cp-2
0x1.c28ef8p-3
0x1.3f7d1cp-2
0x1.9f4edap-4
0x1.d576acp-3
0x1.f6044ap-6
-0x1.3aed8cp-3
0x1.778126p-8
0x1.95b344p-4
-0x1.67e042p-3
0x1.48e7e4p-3
0x1.5696a2p-5
-0x1.b2ef82p-5
-0x1.92592cp-3
-0x1.77912ap-4
0x1.53c904p-3
-0x1.1cf06ep-4
0x1.05ee2p-6
0x1.3fb66p-3
0x1.3630a2p-5
-0x1.32e8a6p-3
0x1.3b2ebep-5
0x1.95ff9ep-4
0x1.bce446p-3
-0x1.de4e32p-5
0x1.101c4p-3
-0x1.1ff012p-3
-0x1.e7c692p-5
0x1.aa5cep-11
-0x1.5a7206p-7
-0x1.fdf228p-6
-0x1.305ca8p-4
0x1.219f32p-4
0x1.e69d7ap-5
-0x1.68494p-8
-0x1.dac26ep-8
-0x1.6d7708p-4
-0x1.1b4124p-4
0x1.a4ea16p-4
0x1.ed7d8ap-4
-0x1.27ee88p-3
-0x1.1ebe86p-4
0x1.9cec0ap-4
0x1.5e0d66p-3
-0x1.c5948ep-4
-0x1.d1231ap-4
0x1.7463f4p-3
0x1.031752p-7
-0x1.e6f8e8p-4
-0x1.97cce8p-6
0x1.86aab2p-5
0x1.fc64ep-3
0x1.32f7a4p-5
0x1.87d15ap-4
-0x1.0ce826p-3
-0x1.36d14ep-3
-0x1.33a6bep-4
0x1.a6f838p-7
-0x1.31a64ep-3
-0x1.7d878ap-4
0x1.fe4ebp-7
0x1.051c56p-6
0x1.baaad2p-3
0x1.37266ap-5
0x1.7e5592p-7
-0x1.43a454p-3
-0x1.1f211ap-3
0x1.4dad16p-5
-0x1.694c9p-5
0x1.aa6892p-4
0x1.049a8cp-4
0x1.36f78ep-3
0x1.6241p-3
-0x1.cb9334p-4
0x1.4a8ca2p-2
0x1.175ep-4
-0x1.1bf35ap-4
-0x1.5c5c3cp-3
-0x1.86c87ep-3
0x1.596422p-5
-0x1.13bf9ap-2
0x1.571af2p-3
-0x1.7ecc7p-4
-0x1.957f84p-4
0x1.21cdeap-4
-0x1.98ce76p-7
0x1.eaaadp-4
0x1.2ce3aep-5
0x1.4e3c04p-3
-0x1.0fc6d8p-3
-0x1.a199f8p-6
0x1.5f059ep-6
-0x1.a94ba4p-6
0x1.e6dbc2p-10
0x1.a7481cp-5
-0x1.9d0698p-6
0x1.ec605cp-7
0x1.109d4p-9
-0x1.e13144p-7
-0x1.0e315cp-2
0x1.b0e5ccp-2
0x1.d23ea4p-3
-0x1.e7a10cp-8
0x1.78fbdep-5
-0x1.640bfp-5
-0x1.b6e3fap-2
0x1.b3a3fcp-3
0x1.61ae2cp-4
0x1.569a78p-2
-0x1.4bf0c2p-11
0x1.3b8daep-2
-0x1.261348p-3
-0x1.1f01b4p-2
-0x1.e95c56p-4
-0x1.2435fap-3
0x1.6853d6p-2
0x1.abbe2p-3
-0x1.3f96d4p-4
0x1.d0c4ep-5
-0x1.59987cp-8
0x1.f35a9cp-3
0x1.d71cbp-6
-0x1.9ca478p-3
0x1.a15c06p-5
-0x1.acacdep-2
0x1.ea5a48p-4
0x1.3f61ecp-3
0x1.37467ap-3
-0x1.54e2e6p-3
-0x1.027ea4p-3
0x1.ff196ep-3
0x1.231072p-2
0x1.d96d46p-2
0x1.b0aff4p-4
-0x1.a71cf6p-4
-0x1.ac9564p-3
-0x1.24aa8ap-4
-0x1.05ab34p-2
-0x1.b7a2a4p-4
-0x1.a93f9ap-3
0x1.9b7e14p-3
0x1.bbc378p-7
-0x1.087f7ap-5
0x1.a5bc2ap-3
0x1.66ce8cp-9
0x1.215aaep-5
0x1.31d718p-4
-0x1.a2fcp-5
-0x1.3705d8p-5
-0x1.b36298p-6
0x1.0ac318p-4
0x1.04e55cp-3
0x1.55ec4ap-3
0x1.fe3c3ep-4
-0x1.bdbec2p-6
0x1.002712p-5
0x1.8bea5ap-3
0x1.602b2cp-3
-0x1.7c9f18p-3
0x1.8a0984p-5
-0x1.ce8114p-4
-0x1.3f1b54p-3
-0x1.e0bf88p-3
-0x1.ecbefcp-4
0x1.469d52p-8
0x1.8ddc7ap-3
0x1.586c3ap-3
0x1.5b3236p-3
-0x1.0f2976p-1
-0x1.907802p-5
-0x1.1d5268p-7
-0x1.e837bcp-5
-0x1.af2d18p-4
0x1.e0daa8p-6
-0x1.0637aep-3
0x1.315f0cp-2
-0x1.077e98p-4
0x1.6dc9cp-2
0x1.8be77p-2
0x1.0eb392p-2
-0x1.bad7d2p-5
0x1.fc27dep-3
0x1.0a37fp-2
-0x1.df50cap-6
0x1.8aa794p-4
-0x1.e9d10ep-3
-0x1.88a3e2p-4
0x1.189cbcp-3
0x1.5083d2p-3
-0x1.1b4218p-7
0x1.16ce6ep-3
-0x1.10d8bcp-3
-0x1.daf66cp-9
0x1.0bb2e8p-2
-0x1.d91504p-7
0x1.5cefd2p-4
-0x1.b80eb4p-8
0x1.657a0cp-5
0x1.ffcc48p-7
-0x1.7743b2p-2
0x1.6bfe3cp-2
-0x1.4d953cp-3
-0x1.19eb1cp-4
0x1.6e0256p-4
-0x1.622fdcp-8
-0x1.7cbf4ep-5
0x1.a7bd62p-4
0x1.8c4478p-3
-0x1.e8b2fcp-3
-0x1.c32b3p-10
-0x1.b95bd6p-8
0x1.8c809ap-4
0x1.c163fp-5
0x1.aab122p-2
0x1.0b71f2p-2
-0x1.9c310cp-2
-0x1.79b7c4p-2
0x1.25f7d2p-2
0x1.4c3038p-5
-0x1.84b332p-3
-0x1.7bc8ap-3
0x1.a270c8p-3
0x1.dc5ba4p-4
-0x1.8d5b9ap-5
0x1.b4595ap-4
0x1.87f82ep-4
0x1.2412b2p-4
0x1.5ad202p-2
0x1.aa626p-4
0x1.fb57e4p-4
0x1.1f1f7ep-4
-0x1.c0169cp-4
-0x1.42274ep-3
0x1.a3c684p-3
-0x1.ada23p-3
0x1.d2d998p-4
0x1.159866p-2
0x1.214118p-5
0x1.f9f588p-5
-0x1.250caap-3
0x1.efa648p-6
0x1.8abecp-2
-0x1.a378d2p-4
0x1.036af2p-5
-0x1.d9d67ep-4
-0x1.4feb7ap-5
-0x1.ae4316p-5
-0x1.122178p-3
0x1.ea4b06p-2
-0x1.216654p-3
0x1.8cefb2p-3
0x1.f7b75ap-4
0x1.1fa32cp-3
0x1.2fbbd8p-4
0x1.4e3bb6p-3
-0x1.218d16p-3
0x1.abc238p-4
0x1.17c61ep-2
-0x1.846cfap-5
-0x1.ca2078p-6
-0x1.35b692p-2
-0x1.0e04f8p-2
-0x1.fe92b4p-8
0x1.1ccedep-5
0x1.1de808p-4
0x1.aed3fap-4
-0x1.93e8a2p-4
0x1.4acdfap-4
0x1.a53082p-3
0x1.d3a9e2p-4
-0x1.27b1fap-4
0x1.442f3cp-3
0x1.8a12fep-6
-0x1.dad11cp-3
-0x1.c4f6d6p-6
-0x1.ab7d94p-7
-0x1.08deeep-6
-0x1.63288cp-5
-0x1.768798p-3
-0x1.475ddp-4
-0x1.f181c8p-4
0x1.c04f2ep-6
-0x1.0f6ee2p-7
-0x1.6bc1e4p-3
0x1.255f2p-3
-0x1.e6706ap-5
-0x1.7899fcp-5
-0x1.893994p-2
-0x1.cde6d2p-3
0x1.c8b712p-3
-0x1.1324b2p-3
-0x1.6c9f1cp-3
0x1.dd1d26p-4
0x1.cb6bfap-4
-0x1.35773ep-4
0x1.7c9f7ep-4
0x1.4823dep-4
0x1.fed54ep-5
0x1.916d12p-3
-0x1.032018p-2
-0x1.6ebcap-5
-0x1.fbcd9p-3
0x1.fbf34cp-6
0x1.a61316p-3
-0x1.63143p-10
0x1.3a6ae2p-3
0x1.68c2ecp-9
0x1.5ef54ep-9
-0x1.240ecp-4
0x1.5b36cp-4
-0x1.751be4p-4
-0x1.91e964p-4
-0x1.6475d4p-3
0x1.b41ddp-4
-0x1.cabe3ep-3
-0x1.2c9b98p-6
-0x1.90e9bap-6
0x1.2dc78p-3
0x1.b67b2cp-3
0x1.0c6bcep-5
-0x1.8989bap-6
0x1.b43bc6p-2
0x1.452afcp-5
-0x1.963554p-3
0x1.959edep-3
0x1.fffe22p-4
-0x1.012c3cp-2
-0x1.0ab67cp-4
-0x1.95e0d8p-7
0x1.08d9fp-4
0x1.123daap-3
-0x1.e563e4p-4
0x1.563afp-5
-0x1.787022p-3
0x1.6cd2f2p-3
-0x1.5d01acp-1
0x1.39b062p-5
0x1.e07d9p-5
-0x1.12bd88p-5
-0x1.1d3c52p-6
0x1.93b28cp-3
0x1.e381bap-3
0x1.c8f1d6p-3
-0x1.f5b49cp-3
-0x1.9e979ep-5
0x1.8115c6p-4
-0x1.87425cp-3
0x1.26d9aep-8
0x1.af461cp-3
-0x1.c7b0cap-6
0x1.1604bcp-3
-0x1.91fe3p-11
-0x1.36103ep-3
0x1.62a226p-3
-0x1.a29cbcp-5
0x1.1c7cfp-2
0x1.0f21e6p-3
0x1.184562p-2
-0x1.7af04cp-2
-0x1.2a5988p-4
-0x1.367ca2p-5
0x1.dc67bap-6
-0x1.85a3d4p-3
0x1.3e22b4p-2
0x1.84f12ep-4
-0x1.3566acp-2
-0x1.63c6dap-4
0x1.476fbap-4
0x1.3676dap-2
0x1.5b853cp-8
-0x1.b034d8p-4
-0x1.88fa3ap-3
-0x1.9129e4p-4
-0x1.0af14ap-5
-0x1.9fb29ap-4
-0x1.dcc994p-4
0x1.2c8ba6p-5
-0x1.5cf9bep-3
0x1.8086a4p-4
-0x1.b06338p-6
0x1.b46eeap-4
-0x1.ca6888p-4
-0x1.77ca96p-3
-0x1.2ab5ecp-3
0x1.6f03cap-4
-0x1.254966p-4
0x1.578e66p-3
0x1.7257eap-3
0x1.0afcccp-3
-0x1.92fe58p-2
0x1.554e12p-3
0x1.6cb6fep-3
-0x1.54117p-2
-0x1.0a71eap-2
0x1.def2d6p-3
0x1.0a71bep-3
-0x1.fcea98p-4
-0x1.578db2p-2
0x1.cac5e4p-3
0x1.21102ep-4
-0x1.0ef686p-2
0x1.93f24ep-3
0x1.c34c4ep-4
-0x1.b736ecp-3
-0x1.4edc34p-2
-0x1.4b7458p-2
0x1.d0fab2p-3
0x1.b2dbdp-2
0x1.257c3p-2
0x1.264d48p-2
-0x1.5969aep-3
-0x1.d0a544p-4
-0x1.865fp-5
-0x1.f3eefp-3
-0x1.8b892ap-3
0x1.30eb8ap-3
0x1.0f97p-2
-0x1.7a333ap-3
-0x1.577cd2p-3
0x1.11c132p-4
0x1.6f813ep-4
0x1.268212p-3
-0x1.29f038p-2
-0x1.f2bbfep-5
-0x1.201808p-2
-0x1.5f571ap-2
0x1.86d97ep-4
0x1.774d4cp-2
-0x1.081812p-2
-0x1.848ap-2
0x1.c7df8cp-5
0x1.0480bp-1
0x1.20ac1ep-1
0x1.f44a36p-3
0x1.104bc8p-2
-0x1.1816e2p-3
-0x1.3d8a28p-3
-0x1.05eee4p-2
0x1.0bb992p-4
-0x1.6717b2p-4
-0x1.640e9p-6
0x1.ba347ep-5
-0x1.7462dp-5
0x1.f8f348p-4
0x1.1923c6p-3
-0x1.707dd8p-11
-0x1.997e02p-4
0x1.460946p-4
0x1.1ff114p-2
0x1.6e5c5ep-8
0x1.c6f35cp-3
-0x1.d016d6p-5
-0x1.0a108ap-2
-0x1.219b4ep-3
-0x1.e36a14p-3
0x1.a82fbep-4
0x1.167eaep-5
-0x1.756222p-4
-0x1.5cdb5ep-3
-0x1.b59596p-3
0x1.1cdb36p-3
0x1.ef675cp-4
0x1.f00d98p-3
-0x1.081c5ap-3
-0x1.32d962p-2
-0x1.c9748cp-4
0x1.7d6ec4p-4
0x1.6c106p-3
0x1.ef176p-4
0x1.c270dcp-4
-0x1.17a5eap-6
-0x1.5b8d4cp-5
0x1.c262cep-3
0x1.06297ep-2
0x1.a835cap-4
0x1.4a6608p-3
-0x1.2e9e8p-2
0x1.b52c2ap-4
-0x1.b77304p-4
-0x1.023598p-4
0x1.44464p-2
0x1.248946p-4
-0x1.635532p-5
-0x1.cf304cp-4
-0x1.3a076ap-2
-0x1.4a9cb4p-3
-0x1.7dae6cp-5
-0x1.add41ep-4
-0x1.db79fcp-7
-0x1.b424c2p-5
-0x1.6929p-4
0x1.4cd01ep-3
0x1.cb7cep-5
0x1.888f78p-3
0x1.caf7f4p-4
-0x1.cd0424p-5
-0x1.21816ep-3
0x1.d94c2p-3
0x1.76fd82p-2
-0x1.ca0ea2p-5
0x1.673192p-4
0x1.8f7acp-5
0x1.c2d4ecp-5
-0x1.0e9bbep-3
-0x1.9bbc84p-4
-0x1.2eb1f8p-4
-0x1.84aad6p-4
-0x1.8558fcp-3
-0x1.aa6cbcp-9
-0x1.085d8ap-2
0x1.ed595cp-4
0x1.2aac54p-4
-0x1.7002ecp-3
-0x1.d98e04p-4
-0x1.1af266p-3
-0x1.5face8p-4
0x1.1827a8p-5
0x1.6441c8p-3
0x1.38a9c4p-2
0x1.6471a2p-4
-0x1.a5082ap-5
0x1.aa2132p-3
0x1.aab1a2p-5
0x1.1ea29p-2
0x1.8d4612p-3
0x1.82beb8p-5
-0x1.c4e75ep-10
0x1.be19aep-4
-0x1.05bb8ep-2
0x1.710178p-4
0x1.f808ccp-4
0x1.407bap-3
-0x1.c14532p-5
-0x1.2701bap-2
0x1.76212cp-4
-0x1.b070aep-3
0x1.6e3dc6p-2
-0x1.bd858ep-5
0x1.51c7ecp-8
0x1.4a7e8ap-3
-0x1.871b76p-10
-0x1.890c7p-3
0x1.7f592cp-2
0x1.0fefcp-3
-0x1.1d605cp-5
-0x1.f3a3bcp-4
0x1.531e48p-4
0x1.5f52c6p-3
-0x1.bb3d5p-6
-0x1.f4257ep-7
0x1.b6a8bap-1
-0x1.d0ad4cp-5
0x1.5bcefap-4
0x1.7f9e16p-3
0x1.8b1278p-2
-0x1.ac14aep-3
0x1.28136ep-3
0x1.828d84p-3
-0x1.9dbbdap-4
-0x1.b09152p-3
-0x1.5fa0ap-3
-0x1.32d466p-5
-0x1.8a9352p-3
-0x1.510dccp-3
0x1.0c127ep-7
0x1.712524p-2
0x1.589a86p-6
-0x1.dd2efep-4
-0x1.44617ap-4
-0x1.1bc4fp-3
0x1.0c12a6p-3
-0x1.229314p-2
-0x1.dde62ep-4
0x1.37d83cp-3
0x1.05b08p-3
-0x1.6e2744p-5
-0x1.87979ap-4
0x1.303e0ap-3
-0x1.6c12ap-4
-0x1.9fe6f4p-5
-0x1.19321ap-2
0x1.d72e9p-4
0x1.05664cp-5
0x1.919c6ap-4
-0x1.0e36e4p-2
-0x1.7ee2eap-4
0x1.1a31d6p-6
-0x1.8f8b54p-3
-0x1.764d6ep-5
0x1.97c198p-2
-0x1.44541cp-3
0x1.2d4618p-5
-0x1.912bfep-5
0x1.667ca4p-7
-0x1.ca82aep-4
-0x1.7ec0fp-4
0x1.4ebc54p-3
0x1.90176p-4
-0x1.45b5e2p-4
-0x1.f47b12p-5
0x1.9d6b56p-7
-0x1.104662p-5
0x1.af280cp-3
0x1.70dd4ep-6
0x1.7af67cp-3
-0x1.57dadap-3
0x1.09ff6ap-4
0x1.dc0f2ap-4
-0x1.382476p-5
0x1.15fddcp-4
0x1.05437ep-3
0x1.05cf84p-3
-0x1.12b4c2p-2
0x1.f8433cp-4
-0x1.c05244p-4
0x1.f6d476p-5
-0x1.0d713cp-3
0x1.ee7af8p-4
-0x1.933cf4p-3
-0x1.56e5eap-4
-0x1.8b61eap-3
0x1.97eb34p-2
-0x1.dad8dap-5
-0x1.8a5ccp-3
0x1.b859fep-3
0x1.d4d4d8p-8
-0x1.ce5d7ep-3
-0x1.e7289p-4
0x1.224e4ap-3
-0x1.90d15p-7
0x1.aa9b3ap-4
0x1.84b4a4p-6
-0x1.0732ecp-4
-0x1.0091aep-4
-0x1.49fbeap-3
0x1.036f98p-5
0x1.e8f278p-5
-0x1.055e26p-2
0x1.0da43ap-3
0x1.d14d5ap-6
-0x1.7002p-4
-0x1.7ddb4ap-4
-0x1.45e9aep-8
0x1.bf6524p-5
0x1.3b2592p-3
0x1.406b26p-3
0x1.279bdep-2
-0x1.3c2ab2p-4
0x1.8c9e16p-7
-0x1.f30d9cp-8
0x1.eb09e4p-3
0x1.8a017ap-5
-0x1.c9ca74p-3
0x1.5f7b7ap-3
0x1.d8b092p-4
0x1.aa3292p-4
0x1.4f0b08p-4
-0x1.592648p-4
-0x1.23b692p-3
-0x1.50275ap-3
0x1.95085cp-4
-0x1.2b7852p-5
-0x1.f61fc6p-3
0x1.ae577ap-5
0x1.14edd2p-3
0x1.b95d46p-7
0x1.5c632ep-5
-0x1.8cf61ap-4
0x1.f1780cp-6
-0x1.3f5316p-5
-0x1.eab316p-5
-0x1.ef57f6p-4
0x1.85601ep-4
0x1.751c6ap-2
-0x1.e7f924p-3
-0x1.817ca6p-6
0x1.613e86p-6
0x1.e907b6p-9
0x1.8d3306p-4
0x1.2a0ea4p-5
-0x1.161bd8p-2
-0x1.251a5cp-5
0x1.fc11ccp-7
0x1.fae358p-6
0x1.3253ecp-2
0x1.24f07ep-3
-0x1.36c13ap-4
0x1.7396dap-6
-0x1.b38522p-3
0x1.c3568ep-3
-0x1.c934d4p-6
0x1.90d61ep-4
0x1.6acfap-4
-0x1.67f166p-4
0x1.5fbe9ap-5
-0x1.89d8c2p-3
0x1.483fd4p-2
0x1.125fcep-4
0x1.530d82p-3
0x1.3249a8p-3
-0x1.ead42cp-4
0x1.7f702ap-4
-0x1.4cf1aap-3
0x1.2e000ep-5
-0x1.40c432p-4
-0x1.0108aep-2
0x1.6e1836p-5
-0x1.8417fep-3
0x1.2f992cp-6
0x1.2946e8p-5
-0x1.bceaf8p-7
0x1.96e076p-3
-0x1.7876a8p-5
0x1.372c5ap-4
0x1.c67a0ap-3
0x1.c457bap-4
0x1.da107cp-7
0x1.72d4cap-6
0x1.281be2p-4
-0x1.4a181ep-4
-0x1.770a86p-4
0x1.439ec6p-5
0x1.80ba8ep-5
-0x1.55c406p-6
0x1.837f74p-4
0x1.997a14p-5
0x1.edb016p-5
-0x1.258d1p-3
0x1.bf927ap-4
0x1.3d53ccp-4
0x1.addf2cp-3
-0x1.dfe92ep-4
-0x1.9b590ap-5
-0x1.412008p-3
-0x1.f7e6b6p-3
-0x1.2c19ccp-5
0x1.06ae72p-2
0x1.e0c4p-6
0x1.58613ep-7
0x1.89bfacp-10
-0x1.9b4768p-5
0x1.ee5db6p-5
0x1.8e75b2p-7
0x1.b8f468p-6
-0x1.c4883cp-6
-0x1.55152cp-3
-0x1.a504aep-3
-0x1.4648ap-3
-0x1.7c5978p-3
0x1.2c39a8p-2
0x1.d55ecp-4
0x1.038552p-4
-0x1.90d722p-6
-0x1.0a68c4p-4
-0x1.b1b0b6p-3
0x1.ad377ap-2
0x1.a9918ep-5
0x1.4f468p-3
-0x1.29c72ep-3
-0x1.0d5d78p-5
0x1.4d07ecp-5
0x1.fa0c16p-4
0x1.a7482cp-5
0x1.87144cp-5
0x1.a5fb68p-5
0x1.0bdbc2p-2
-0x1.fd36cp-5
-0x1.cbcbcep-4
-0x1.5fcb16p-5
0x1.24b95p-2
0x1.2edce2p-8
-0x1.f4b3cp-14
0x1.d1fbep-7
-0x1.70e3dp-4
-0x1.09cd9cp-10
-0x1.19b456p-4
0x1.1e57ap-3
0x1.16049cp-3
0x1.3876f6p-5
0x1.69857p-6
0x1.32f56ep-5
0x1.13c278p-6
0x1.bca59cp-7
-0x1.6c4b0cp-3
0x1.37ff68p-3
0x1.95ae02p-4
0x1.0e2212p-3
-0x1.ac383p-4
0x1.4143c4p-3
-0x1.ca8872p-5
-0x1.2ba494p-3
-0x1.676bcp-4
0x1.98fcc8p-5
0x1.c73f2p-4
-0x1.b26898p-4
-0x1.2906b4p-3
-0x1.3de552p-4
-0x1.af11fp-5
-0x1.09029cp-4
-0x1.c79d44p-4
0x1.57aa9p-4
0x1.7240ap-3
0x1.0e73ep-3
-0x1.ab494ap-8
-0x1.333ab8p-3
-0x1.8fe622p-3
-0x1.24abdcp-4
0x1.459686p-5
-0x1.59a062p-5
-0x1.74f606p-5
-0x1.23ee68p-6
0x1.b0c566p-3
0x1.8b4e8p-4
0x1.31bbc2p-2
0x1.b25ddp-5
0x1.8b37d2p-5
-0x1.20b088p-4
0x1.68d146p-4
0x1.402c9cp-4
-0x1.df061p-12
-0x1.3bd34cp-3
-0x1.3e07dp-6
-0x1.716adcp-4
-0x1.7710f2p-4
-0x1.43f06ap-4
-0x1.0c2a42p-2
0x1.fe97bep-5
0x1.4a9c84p-2
0x1.0c4202p-5
-0x1.05849ap-3
0x1.19dc9cp-5
0x1.ebbf68p-9
0x1.9fc8a2p-5
0x1.517b2ep-5
-0x1.4e531p-3
-0x1.4d69a8p-5
-0x1.3c9baap-3
-0x1.421e7cp-3
0x1.730f9ap-3
0x1.3a3d76p-6
-0x1.2dc626p-4
0x1.2798a2p-3
-0x1.6d074cp-4
0x1.c70b2p-3
-0x1.bf7f3p-6
-0x1.517fe2p-4
-0x1.93d08ep-3
0x1.921382p-6
-0x1.1b933cp-6
0x1.07efdap-3
-0x1.6c5128p-3
0x1.efcc84p-9
0x1.17f72ap-4
0x1.60777ep-3
-0x1.2031f4p-3
-0x1.1a4904p-3
0x1.5f0deep-8
0x1.66c31p-8
0x1.72a8cap-4
0x1.3d6ae4p-5
0x1.278e58p-3
0x1.5ff788p-3
-0x1.b585ap-3
0x1.0984dp-4
-0x1.70360ep-4
-0x1.2c4f68p-8
-0x1.09bea4p-5
0x1.2f745ep-5
0x1.989b6ep-4
0x1.099c0cp-5
0x1.30c888p-10
-0x1.07f45ep-3
0x1.fdb37ap-6
0x1.2b6a98p-4
0x1.d29c88p-4
0x1.4fc8c8p-7
-0x1.90e286p-5
0x1.ce7374p-4
-0x1.d2a2d8p-9
-0x1.510de2p-4
0x1.998f86p-4
0x1.0ad062p-4
-0x1.71dd6p-6
0x1.f36fbap-6
-0x1.15b73ap-3
0x1.64bfbep-3
-0x1.8fca82p-3
0x1.928ec4p-6
0x1.3be3d8p-3
0x1.379d6p-5
-0x1.72ef38p-3
-0x1.1973e2p-3
0x1.d1e2fcp-5
0x1.2b64a4p-2
0x1.eee4f4p-6
0x1.4ee8c8p-4
-0x1.234d96p-4
-0x1.06b9c4p-5
0x1.1edd2p-4
0x1.bc800ap-4
0x1.a1a5a4p-3
-0x1.0a5454p-6
-0x1.41e158p-3
0x1.02efbap-4
0x1.bf8376p-4
-0x1.361beap-4
0x1.e05aeep-5
0x1.5b2592p-4
-0x1.e60766p-5
0x1.b29766p-8
0x1.696c7p-4
-0x1.54a79cp-6
-0x1.49cb48p-5
0x1.b467fep-5
-0x1.a60dd8p-3
0x1.90bae6p-5
-0x1.ff2f96p-4
0x1.4be326p-8
0x1.64e72ap-3
0x1.1ae2bap-2
-0x1.26c808p-4
-0x1.11333cp-2
-0x1.394988p-4
0x1.0a109ep-2
0x1.faa5a2p-4
0x1.25a824p-2
-0x1.c0b14cp-5
0x1.9da2b6p-9
0x1.559ab2p-3
-0x1.69dc5ep-5
-0x1.0529cap-6
-0x1.61c9b4p-5
0x1.567112p-6
-0x1.35fc98p-3
-0x1.68238ep-6
-0x1.0911cp-3
-0x1.807088p-5
-0x1.3225b6p-3
0x1.fcda0ep-6
-0x1.5943ecp-2
-0x1.548e4ep-8
-0x1.469534p-3
-0x1.30818cp-5
0x1.9f621ap-3
0x1.c01a9ep-3
0x1.03db56p-6
-0x1.5e958cp-3
-0x1.1c2f68p-4
0x1.dbc50ep-3
0x1.5ee7fcp-5
0x1.078e78p-2
0x1.568e9ap-4
-0x1.29a4b2p-4
0x1.c98a18p-5
-0x1.379348p-3
0x1.1210ccp-5
0x1.443bdcp-3
0x1.cc3cc2p-5
-0x1.caec9cp-3
-0x1.8d24ap-5
0x1.02d72ep-6
-0x1.49298ep-6
-0x1.572408p-2
-0x1.df3a14p-4
-0x1.ec0606p-5
-0x1.181e2cp-7
-0x1.5331d8p-4
0x1.1b178p-3
0x1.79dddp-2
0x1.443e1cp-6
-0x1.3a283p-4
-0x1.851698p-3
0x1.5f0edep-4
0x1.e1820ep-4
-0x1.657b4p-13
0x1.47e5bep-3
0x1.23b426p-3
-0x1.a1d45p-3
0x1.64216p-3
0x1.60c77ep-3
0x1.5bae36p-5
0x1.62ec5cp-3
0x1.fbe19cp-5
0x1.2ea0d2p-3
0x1.81e744p-4
-0x1.d5988cp-5
0x1.9e4ccp-5
-0x1.746e6p-7
-0x1.909948p-3
-0x1.71e13ep-2
0x1.7ac8f4p-3
0x1.e6ed1cp-3
-0x1.24aae6p-2
-0x1.1db1a2p-2
0x1.81fce4p-2
0x1.a3b408p-3
-0x1.12941cp-3
-0x1.05486p-2
0x1.8969e4p-4
0x1.3844acp-6
-0x1.db066ep-5
0x1.2dd072p-6
-0x1.8e3c4cp-3
-0x1.7cdd4ep-3
-0x1.5dc80ep-5
0x1.eba4cp-3
0x1.6ef076p-3
0x1.a31faep-6
0x1.dfaafap-3
0x1.5c029cp-4
-0x1.4c1094p-7
0x1.89224ap-4
-0x1.642784p-3
-0x1.d0b282p-3
-0x1.236f28p-12
-0x1.dbcebep-5
-0x1.af6a32p-6
0x1.0a8484p-7
0x1.26bfp-4
-0x1.0049a6p-3
-0x1.e22186p-5
0x1.50c218p-6
0x1.cbfb1ap-6
-0x1.f028p-3
0x1.c24274p-5
0x1.0002a8p-3
-0x1.6db3a8p-5
-0x1.5e89fp-3
0x1.3b1e48p-5
0x1.9b3e0ap-5
0x1.aba918p-4
-0x1.7d1d0ap-5
0x1.15df8cp-6
0x1.6041eap-3
-0x1.f2541cp-3
0x1.b00a62p-4
-0x1.35922cp-4
-0x1.ea91a6p-3
-0x1.46a8bcp-6
0x1.5b3dfep-3
-0x1.714246p-3
-0x1.74f2fp-3
-0x1.5f7504p-5
0x1.bffc7cp-4
0x1.f659c8p-4
0x1.3fae66p-4
0x1.2b2c28p-9
0x1.c42528p-4
-0x1.319c82p-5
0x1.7a14e6p-6
0x1.c2d2b6p-4
-0x1.6b73f8p-4
0x1.aedc38p-4
0x1.117f94p-3
-0x1.27bd1p-8
-0x1.ad82d4p-5
-0x1.7a4a72p-4
0x1.8e4da6p-3
-0x1.64d9bap-2
-0x1.36e842p-3
-0x1.2f2992p-5
-0x1.3a4e9cp-3
0x1.9964fp-6
0x1.2b4164p-2
0x1.02184cp-4
-0x1.632b88p-7
-0x1.1e0898p-5
0x1.0448acp-3
-0x1.138d38p-4
-0x1.97a97ap-3
-0x1.33b0fap-2
0x1.f44636p-5
-0x1.afaa8cp-4
0x1.b5d8bap-4
0x1.0d234ep-2
0x1.bd3e38p-5
-0x1.5376d2p-5
0x1.7950e6p-4
0x1.6fecep-4
0x1.4caea6p-4
-0x1.55c70ap-2
-0x1.484p-4
-0x1.afd128p-4
-0x1.1fb814p-5
0x1.49fac2p-5
0x1.cdf66ep-3
-0x1.ea9f7ap-5
0x1.72933p-8
0x1.60cffp-2
0x1.921994p-6
0x1.cb96p-11
-0x1.2d4a96p-3
0x1.f1ea0ep-5
0x1.35abep-3
-0x1.25118ep-2
-0x1.0a30cap-3
-0x1.103ddp-3
0x1.dba802p-5
0x1.f2c27ep-5
-0x1.39ff7ap-6
0x1.4ec588p-4
0x1.a61ccp-4
0x1.f6f4c2p-4
0x1.5cb7c6p-3
0x1.77ad14p-5
-0x1.6b1bap-4
-0x1.6f10c6p-3
-0x1.277172p-5
0x1.88200ep-5
-0x1.1880ep-3
-0x1.1d7598p-5
0x1.2a175cp-3
-0x1.7221eep-2
0x1.2a067ep-2
-0x1.6c6d3cp-4
-0x1.948098p-3
-0x1.e1b04p-6
0x1.fafc26p-3
0x1.2689f6p-2
-0x1.b830dap-3
-0x1.7c5dap-2
0x1.00b592p-5
0x1.8315ecp-5
0x1.5dde0cp-4
0x1.7a7296p-6
-0x1.1384d4p-4
0x1.a12124p-4
0x1.2f9424p-2
0x1.14fe26p-3
0x1.15844cp-3
-0x1.edbf04p-6
-0x1.4d920cp-3
-0x1.9cb37ep-4
-0x1.143cb4p-3
0x1.b515ep-5
-0x1.621bp-3
0x1.ff8562p-4
0x1.91e8fep-2
0x1.0d4228p-4
0x1.44f5c2p-2
0x1.e8074ep-9
-0x1.a38a34p-4
0x1.6d2c1ap-4
0x1.4c4922p-2
-0x1.1fd78ep-3
-0x1.17dc7ap-7
-0x1.1e715p-3
-0x1.9fbfdcp-4
0x1.b420dcp-2
0x1.be29e2p-4
0x1.c7befep-4
-0x1.b6089p-3
-0x1.c123bap-3
0x1.c0dc3cp-2
0x1.0af626p-2
0x1.5e2cacp-6
-0x1.b2e25ep-2
-0x1.a8246cp-2
-0x1.ceeb56p-4
-0x1.ef56cap-4
-0x1.02023ap-4
-0x1.7d60dap-3
0x1.27a3b2p-2
0x1.519ebep-4
0x1.d1e05cp-2
0x1.a42acap-4
-0x1.ac25a6p-2
0x1.ed30aep-3
0x1.da3b12p-3
-0x1.09aa1p-4
-0x1.1d8ebcp-4
-0x1.c44aa4p-8
0x1.a9128ap-3
0x1.796f98p-3
-0x1.363f1cp-5
0x1.438292p-4
-0x1.512b76p-2
-0x1.64d6b8p-4
0x1.af434ap-3
0x1.8f46dep-3
-0x1.423cf4p-2
-0x1.2bc252p-2
-0x1.06df06p-3
0x1.1ab4cp-5
0x1.daeb98p-4
0x1.ae76e6p-3
-0x1.9acb6ep-4
-0x1.b18bdp-5
0x1.2e0e0cp-3
0x1.7b57e6p-2
-0x1.259f54p-4
-0x1.0c5a28p-2
0x1.b798ap-4
-0x1.d737a6p-5
-0x1.1915e2p-5
-0x1.b74284p-4
0x1.00dd62p-2
0x1.9f9aep-3
0x1.653024p-4
0x1.30fb88p-3
0x1.650beap-3
-0x1.ab0164p-4
-0x1.43d8ep-2
0x1.f895bep-3
0x1.11a628p-2
0x1.57dbbep-3
-0x1.2c706cp-4
0x1.9f2126p-4
-0x1.154334p-3
-0x1.2eff4ep-3
-0x1.9c9a74p-4
-0x1.8ae13ap-3
-0x1.02038cp-4
0x1.bb11fp-3
0x1.7d42cap-4
-0x1.f8c49p-4
-0x1.ce0c64p-4
0x1.8d3d96p-4
0x1.74dc28p-3
0x1.ca755p-4
-0x1.42ba1p-4
-0x1.daceap-5
0x1.243d82p-3
0x1.5bdf92p-3
-0x1.831afp-4
0x1.250542p-5
0x1.638e66p-5
-0x1.02848ap-3
-0x1.693144p-4
0x1.7f3156p-3
0x1.319a1ap-4
-0x1.3e1194p-10
-0x1.adebfcp-4
-0x1.14ebbep-2
-0x1.923e68p-5
-0x1.f36d06p-7
0x1.eeabc8p-5
-0x1.277ed2p-3
0x1.aece2cp-3
-0x1.6b48f6p-5
-0x1.8e6304p-4
-0x1.19d154p-5
0x1.3bbc14p-3
-0x1.1f0f5cp-4
-0x1.5f3c3cp-3
-0x1.af656ap-3
0x1.caeee2p-4
-0x1.b7b154p-6
0x1.72348cp-2
0x1.065022p-2
-0x1.9eeda4p-3
-0x1.7f24cp-5
-0x1.0f51bp-2
-0x1.3d3b7ap-3
0x1.2a5cbp-5
-0x1.710c4ep-3
-0x1.985d72p-4
-0x1.7774c4p-6
-0x1.44b608p-3
0x1.e379eap-6
0x1.b91c44p-4
0x1.3ad384p-5
0x1.0022a4p-3
0x1.d4da86p-3
-0x1.746d88p-6
-0x1.1c518cp-5
-0x1.483db2p-3
-0x1.a93f62p-6
0x1.3554cap-3
-0x1.2ee8d4p-3
-0x1.78728cp-3
0x1.ed087cp-2
0x1.794512p-4
0x1.bf6d28p-5
0x1.0251cp-2
0x1.6ef41ep-7
-0x1.23939cp-2
-0x1.faff28p-6
-0x1.d124e8p-4
0x1.53fd6p-6
-0x1.d8590ep-5
0x1.77805ap-3
0x1.ecb0b4p-5
0x1.7d3606p-5
-0x1.9274f4p-3
0x1.6063bap-3
-0x1.74141ap-5
-0x1.5656c8p-4
0x1.6c9552p-3
-0x1.0edf3ap-4
-0x1.3b9a24p-3
-0x1.6d5784p-3
0x1.5d85d2p-4
0x1.03c7bep-2
0x1.34cfap-6
-0x1.335bdep-3
-0x1.3f03bp-4
0x1.10cd64p-3
0x1.63c6cp-2
-0x1.90d944p-5
0x1.a8487p-3
-0x1.c408cap-3
-0x1.c2b206p-7
0x1.0c4dfcp-3
-0x1.b0c4bep-4
-0x1.e49ffcp-5
-0x1.b32a6cp-4
0x1.16d392p-6
0x1.f6a10ap-7
0x1.60b2b6p-4
-0x1.805694p-3
-0x1.3dd2ap-4
-0x1.f4b8ecp-10
0x1.129904p-3
-0x1.99597p-4
0x1.6c089ep-6
0x1.76f6ap-4
0x1.bc5f58p-4
0x1.1e561cp-2
-0x1.0090acp-3
-0x1.833382p-2
0x1.2e853ap-4
0x1.7744cap-4
0x1.a745b8p-3
0x1.196f5ap-2
-0x1.31e98p-3
-0x1.427952p-3
-0x1.1d4a3cp-3
0x1.4f840ep-4
-0x1.60e3cp-5
-0x1.a393bep-5
-0x1.31f0dcp-4
-0x1.5e7d74p-3
-0x1.67cc68p-3
0x1.aa064p-4
-0x1.3e729p-4
-0x1.92cea8p-3
0x1.bbc25cp-5
-0x1.8cb89p-7
0x1.1d8e32p-3
-0x1.762694p-3
0x1.96af66p-3
0x1.b924f2p-3
0x1.17d3f8p-3
-0x1.b06d36p-4
-0x1.0668cep-2
0x1.88e05ep-3
-0x1.4e615ep-4
-0x1.5cf01ep-6
-0x1.6ef32ep-4
0x1.5d2e7cp-4
-0x1.5ea15ep-4
-0x1.12ad0cp-1
-0x1.006b56p-4
-0x1.71a464p-5
-0x1.67be1p-4
-0x1.ef9b5cp-6
-0x1.e3486p-4
-0x1.5b064cp-3
0x1.bd760ep-6
-0x1.34b434p-3
-0x1.94076p-4
0x1.6bd4a8p-3
-0x1.caf9f6p-5
-0x1.d3a81p-5
-0x1.3f9004p-2
0x1.242e4cp-3
0x1.4f155p-3
-0x1.0f28b8p-7
0x1.e6b988p-4
0x1.b7f952p-5
0x1.878a84p-4
-0x1.3044d8p-5
0x1.4c4ad2p-5
0x1.e8b8dp-2
0x1.12d438p-3
0x1.24fa06p-3
-0x1.534e8cp-3
-0x1.41d2cap-4
-0x1.408a62p-2
-0x1.232f5p-4
0x1.4d9aa4p-5
-0x1.e6c0ecp-4
-0x1.082178p-4
-0x1.53639ep-5
-0x1.d332d2p-2
-0x1.d25968p-4
0x1.22910ep-3
0x1.2403ccp-5
-0x1.8ed35ap-4
0x1.45f92ap-3
0x1.6793fp-3
0x1.0e9d22p-6
-0x1.395576p-3
0x1.d19fb4p-3
-0x1.438b7p-4
0x1.786222p-3
0x1.b3b3b8p-5
0x1.096e74p-3
-0x1.05c2bp-2
0x1.28ba14p-9
-0x1.774348p-6
0x1.d9f6ep-5
0x1.6d5d4ap-6
0x1.15436ap-7
0x1.0f6c74p-5
-0x1.329564p-4
-0x1.387364p-5
0x1.4cdc1ep-4
0x1.5801b4p-3
-0x1.57d0dep-3
-0x1.611e34p-3
-0x1.10165p-4
0x1.b42c52p-4
-0x1.ca4e96p-3
0x1.29c3f2p-5
0x1.7a4db4p-6
-0x1.9dd608p-6
0x1.d14244p-3
0x1.1f2be4p-4
0x1.44a2ap-5
-0x1.3a8c14p-5
0x1.85efp-4
0x1.0c2b78p-4
-0x1.7de52ap-4
-0x1.33c784p-3
-0x1.ebae6ep-4
-0x1.82d444p-6
-0x1.10fa84p-2
0x1.9406acp-4
0x1.8b567ap-5
0x1.112a46p-5
-0x1.7014dap-4
-0x1.18df68p-4
-0x1.2eaac4p-4
0x1.b989ccp-6
-0x1.141312p-4
0x1.7d00fp-6
-0x1.e21d78p-4
-0x1.3d7888p-4
0x1.3b7192p-3
0x1.9ecc28p-3
-0x1.155d1ep-2
-0x1.5e3fcp-3
-0x1.fa15ecp-5
-0x1.5683fp-5
0x1.68a5dp-2
0x1.8f8eeep-5
-0x1.94715ep-2
-0x1.fe68d2p-3
0x1.9ef6aap-5
0x1.330aa2p-3
0x1.f61a9ap-2
-0x1.6cc98ap-3
-0x1.208b7p-3
-0x1.d89a28p-2
0x1.15e7dp-1
0x1.cb64dep-2
-0x1.dedfaap-5
0x1.04d21p-3
0x1.f65aa4p-6
-0x1.38ce54p-2
-0x1.edef9p-2
-0x1.267398p-6
-0x1.5aeaa8p-3
0x1.c4dbfep-4
0x1.43a134p-3
-0x1.0df1a8p-3
0x1.9cdc8ep-6
-0x1.d0f6a6p-5
0x1.ee019ap-5
-0x1.ca8dfcp-5
-0x1.5f720ep-3
-0x1.f129cp-3
-0x1.b9539ep-3
-0x1.aa8698p-4
0x1.7d9228p-2
0x1.2672fcp-1
-0x1.0cfbbcp-4
-0x1.cb0e2cp-4
-0x1.0aaf3p-3
0x1.6c0d3p-3
0x1.6feef8p-3
0x1.e9865p-3
0x1.424102p-2
0x1.6ac254p-6
-0x1.089c14p-2
0x1.7f2d76p-6
-0x1.cae63p-3
-0x1.09351p-2
0x1.2ab5d8p-7
0x1.6b983cp-3
-0x1.862012p-4
-0x1.5b1aecp-3
-0x1.ae4ec2p-5
0x1.56e2bp-3
-0x1.4124a2p-2
-0x1.737a9ap-3
0x1.ff4cccp-7
-0x1.3e09f4p-3
-0x1.100f04p-3
-0x1.61475p-3
0x1.2a71bp-3
0x1.371ffep-4
-0x1.09031cp-5
0x1.fc1e3ep-6
0x1.4ee8b8p-2
0x1.38531p-4
-0x1.37d032p-5
-0x1.b074aep-3
-0x1.7cee7ep-2
-0x1.def5d6p-4
-0x1.529cf8p-3
-0x1.1aa14cp-10
-0x1.11821cp-4
0x1.4de0f8p-4
-0x1.c96da6p-4
-0x1.e4e0a2p-6
-0x1.2b9378p-5
0x1.2f9b9ap-5
0x1.a6f3bcp-5
0x1.f3353p-7
-0x1.f07594p-3
0x1.010852p-4
-0x1.f53c58p-2
-0x1.a0c91cp-5
-0x1.099d8cp-4
0x1.17cc08p-2
0x1.aee2dap-4
0x1.ae645ep-6
-0x1.23a21cp-4
0x1.6fc016p-3
0x1.02330cp-2
0x1.9e101p-3
-0x1.bd289ep-3
-0x1.5f355cp-3
0x1.d5bf6cp-4
-0x1.053aecp-2
-0x1.f593f4p-4
-0x1.7380dp-4
0x1.93b64ep-5
0x1.57565ap-4
0x1.dafbbap-8
-0x1.18b9fep-3
-0x1.84957ap-3
0x1.14149ap-5
0x1.2c05dep-3
-0x1.2dcbf2p-4
0x1.ea294ap-3
-0x1.8999d6p-3
-0x1.f6dd22p-5
-0x1.08b19cp-3
-0x1.351cd8p-5
0x1.12123ep-2
0x1.bc9e74p-5
-0x1.6def4cp-4
0x1.bca6a2p-4
-0x1.34acbp-5
-0x1.4033b8p-5
0x1.45cddp-2
0x1.d5ccp-3
-0x1.72ec4ep-3
-0x1.4f2bc2p-2
-0x1.daed9cp-6
0x1.8ec73p-9
0x1.24afa6p-2
0x1.74e486p-4
0x1.e7c14ap-5
0x1.a27a04p-4
-0x1.20c3fap-4
-0x1.64ef3ep-6
0x1.417ed6p-7
0x1.d0646cp-7
-0x1.444e54p-4
-0x1.0c55f4p-2
0x1.860e6p-3
-0x1.b57a24p-5
-0x1.2b09d6p-3
0x1.3f548ep-4
-0x1.b1f764p-3
-0x1.da62e6p-4
0x1.ec1cc6p-5
0x1.5f545p-3
-0x1.ceccfap-8
0x1.b3aa24p-6
-0x1.491d6ap-4
-0x1.eb5444p-7
-0x1.5b2bd8p-8
0x1.bbc024p-3
0x1.55f384p-3
-0x1.edb2b2p-5
0x1.86fe8p-5
0x1.fc0c28p-4
0x1.feb678p-6
-0x1.173572p-5
0x1.1698a2p-2
-0x1.66c76cp-3
-0x1.24e306p-3
-0x1.6e104ep-3
-0x1.2067d4p-2
0x1.22694ep-2
0x1.66726p-6
0x1.13bca8p-3
0x1.8c2e5p-3
0x1.068a72p-3
0x1.9a829ep-4
0x1.57a888p-4
0x1.df938p-5
-0x1.e38f98p-4
0x1.c46a9ap-5
0x1.e8cbbp-3
-0x1.f76a5ep-5
-0x1.0d04a4p-2
0x1.417b28p-4
0x1.662f26p-5
0x1.3d17c4p-3
-0x1.dbf324p-8
-0x1.4189aep-6
-0x1.88dac6p-2
-0x1.32e938p-3
-0x1.5413cep-3
-0x1.77bbdp-6
0x1.a6c1e6p-3
-0x1.b45152p-3
0x1.83b40ap-3
-0x1.21b618p-4
0x1.aded2ap-6
0x1.2db05cp-2
0x1.4ff4ccp-4
0x1.e6224p-4
-0x1.947014p-3
0x1.3497bp-3
0x1.4741aap-5
0x1.2f8434p-5
0x1.95a4cep-6
-0x1.123a84p-6
-0x1.c00a46p-3
0x1.e9c65p-5
-0x1.a19206p-3
-0x1.983abp-5
-0x1.e8bceep-4
0x1.7c6518p-6
-0x1.71a5cap-5
0x1.73816ap-2
0x1.0d363p-2
-0x1.cc9e8p-5
-0x1.5a3524p-4
0x1.19193ep-7
0x1.5e0958p-4
0x1.ff7b3ap-4
-0x1.5d22fep-6
-0x1.a3b22cp-4
-0x1.907c2ap-4
0x1.2659c2p-3
0x1.28f9d8p-5
-0x1.3643dcp-4
0x1.0257c4p-3
-0x1.0989fap-5
-0x1.46d85p-3
-0x1.2e379ap-3
-0x1.c22cb6p-4
0x1.25f876p-4
-0x1.0098bcp-3
0x1.3060dep-6
0x1.a34abep-5
0x1.64c1bp-4
0x1.0ada4p-9
-0x1.c5739ap-4
-0x1.db16e4p-4
-0x1.a5b29ep-5
0x1.0e6ccp-2
0x1.23809ep-3
0x1.65396cp-4
-0x1.5e5176p-4
0x1.4ed3fep-3
-0x1.2fe262p-6
0x1.d1cbe8p-4
-0x1.f9453ap-6
0x1.03b47p-4
0x1.806c9ep-3
0x1.e6a15ep-3
-0x1.6cfc8ep-4
-0x1.7ca9acp-4
0x1.8b91a2p-7
0x1.cac9fcp-5
-0x1.305a62p-5
0x1.1a158p-6
0x1.61427p-2
0x1.b04e04p-2
0x1.ac6cp-4
-0x1.144df6p-2
-0x1.b69c6p-5
-0x1.7ace16p-5
-0x1.661e4ap-4
-0x1.06eefap-2
-0x1.b86dd2p-5
0x1.068c5p-4
0x1.33e08ep-3
-0x1.c9c80cp-3
-0x1.207f52p-4
-0x1.f00f88p-5
0x1.d48f42p-9
0x1.36b21ep-3
-0x1.abfcc2p-4
0x1.edeafep-4
-0x1.480506p-3
0x1.1f96d2p-4
0x1.15a74cp-3
0x1.6f46cp-6
-0x1.c8e2acp-4
0x1.535e7ap-4
-0x1.77cc64p-6
-0x1.23a808p-5
-0x1.1829ap-14
-0x1.2685ccp-16
0x1.596c74p-14
-0x1.217638p-16
0x1.c775dcp-15
-0x1.aef86ep-13
0x1.13fa5cp-14
0x1.4d1daep-18
0x1.31d242p-14
0x1.8ac9cep-16
0x1.a40bbp-13
-0x1.feff08p-13
0x1.8bcf66p-16
0x1.fd3d3ep-16
0x1.916a5p-13
-0x1.9671c2p-14
-0x1.3f053ep-15
0x1.324f1ap-12
-0x1.a18ee4p-13
-0x1.a92f02p-16
0x1.bf135p-15
0x1.cef796p-13
0x1.27a5fcp-16
0x1.8acfcap-16
0x1.0264f6p-14
0x1.f09c96p-16
-0x1.6fcd3ap-14
0x1.58af8ep-13
-0x1.01848ep-13
-0x1.16fb02p-17
-0x1.e32f3p-13
-0x1.059266p-16
0x1.d4e916p-17
-0x1.1e51a6p-16
0x1.6b17b2p-16
0x1.46ce4cp-13
-0x1.fee882p-14
-0x1.49e4bp-15
-0x1.ef8c74p-15
-0x1.07ca58p-15
0x1.13e22ap-13
-0x1.658adp-16
0x1.986fd8p-18
-0x1.fc8418p-16
-0x1.596682p-12
-0x1.6c508cp-13
-0x1.2a287cp-12
-0x1.5b0daep-13
-0x1.8ef658p-15
0x1.04a7d6p-15
-0x1.88831p-15
0x1.3ca9bp-15
-0x1.c2e696p-14
0x1.81e372p-16
0x1.b344e8p-15
-0x1.576446p-13
-0x1.1bad8ap-15
-0x1.1431f4p-14
0x1.a1e324p-14
-0x1.0bd7d2p-16
0x1.fb45bep-18
-0x1.8963ccp-15
-0x1.c6cad4p-13
-0x1.659576p-16
-0x1.007954p-12
-0x1.57462p-14
0x1.1a0552p-15
-0x1.730806p-15
0x1.de7fap-16
-0x1.b39464p-16
0x1.1e624ep-15
0x1.21f0aep-14
-0x1.0d6818p-14
0x1.dff0ap-16
-0x1.5d73a6p-14
0x1.21a0d4p-14
-0x1.5c0c52p-16
0x1.203c3ep-14
0x1.0fb068p-13
-0x1.7464bep-16
0x1.cddefp-14
0x1.24b006p-13
-0x1.ad0a8cp-15
0x1.89c5cap-13
-0x1.69a206p-14
-0x1.85f9d4p-15
-0x1.63ac4p-15
-0x1.4541bp-14
0x1.a7cee6p-14
-0x1.39f93ep-14
-0x1.445ac2p-13
0x1.1313eep-14
-0x1.8a12e4p-15
0x1.0fa4ap-13
0x1.fc962cp-15
0x1.2cffa6p-13
0x1.4512e2p-15
-0x1.ce8de6p-16
-0x1.12ecdep-15
0x1.4aa5cep-14
0x1.00bc9ap-13
0x1.365308p-17
0x1.a9630cp-15
-0x1.c6e58p-14
-0x1.d5ef1ap-16
-0x1.e58eb4p-14
-0x1.1e6c3ap-15
0x1.000bbcp-13
0x1.ccfcc4p-15
-0x1.0c7816p-13
0x1.3c4c5cp-13
-0x1.ab4f5cp-14
-0x1.3712e4p-17
-0x1.d78eep-18
-0x1.afb69p-15
0x1.0d9c7cp-12
-0x1.2adeb2p-14
-0x1.035f02p-12
-0x1.d8edc2p-14
0x1.04ca0cp-14
0x1.2bebecp-12
-0x1.76fe02p-16
0x1.4ad7fap-13
-0x1.4d763ap-14
0x1.440ae6p-18
-0x1.7a59eep-15
0x1.a5341ap-18
-0x1.4043cep-14
0x1.bf2cb2p-13
0x1.d120a6p-14
0x1.2c0e54p-14
0x1.54f806p-14
-0x1.37c4c4p-13
0x1.e40dfep-15
0x1.c4f62cp-14
0x1.30ac8ep-17
0x1.8de2f8p-13
0x1.2088bp-12
0x1.cf4a96p-14
0x1.72f9c2p-14
0x1.d39f3ep-14
-0x1.486fc2p-13
0x1.cbfbc4p-15
0x1.5463b6p-13
0x1.49564p-14
-0x1.e345fep-15
-0x1.dc27e2p-14
-0x1.473d6ep-12
-0x1.724f3ap-14
-0x1.caa896p-16
-0x1.99be86p-15
-0x1.c11a68p-16
0x1.79cc6p-14
0x1.25e68p-14
-0x1.0d1ba2p-14
0x1.c94c86p-15
-0x1.ee95e8p-14
0x1.48fc8ap-13
0x1.cdc68ep-17
0x1.44b656p-12
-0x1.0d4df8p-18
0x1.3dc70ap-15
0x1.10d6d8p-13
-0x1.3a03bap-14
-0x1.df06cep-13
0x1.8d4738p-15
-0x1.2bf0f8p-16
-0x1.082b1cp-17
-0x1.2c0214p-12
0x1.46007ap-14
0x1.55c7ecp-16
-0x1.fcd7d6p-16
0x1.757c7ap-13
0x1.2fab62p-17
0x1.393d48p-14
-0x1.14628ep-16
-0x1.97f7a2p-15
0x1.5d5828p-14
0x1.87ea3cp-15
-0x1.5c7d9cp-14
0x1.ee3766p-14
0x1.57b602p-15
-0x1.24e4d2p-13
-0x1.fc41cep-13
-0x1.320d0cp-15
0x1.cd23eep-14
0x1.fc5b86p-13
-0x1.ee3982p-13
-0x1.76989p-17
0x1.35dcd6p-14
0x1.28e072p-14
0x1.3e7602p-14
-0x1.64d9d8p-14
-0x1.48dc04p-13
-0x1.ae9642p-15
0x1.2f3114p-13
-0x1.1597cap-19
-0x1.7ecb24p-15
0x1.ffe0f6p-16
-0x1.c819fep-16
-0x1.9e3b22p-14
-0x1.4888cap-14
0x1.104714p-18
-0x1.8670c2p-15
-0x1.48a12ep-13
-0x1.485cbcp-16
0x1.3617a8p-12
-0x1.37f5ap-15
-0x1.a4c3fap-12
0x1.33c794p-15
0x1.366188p-16
-0x1.dfed84p-16
-0x1.103cc2p-14
0x1.b8fa28p-15
0x1.4b2be4p-13
0x1.8e5b38p-14
0x1.5a455ep-13
0x1.4ea2acp-14
-0x1.a2c8fap-16
-0x1.a9cde8p-13
0x1.d8cc26p-13
0x1.10d426p-17
-0x1.9a81cap-15
0x1.681b2cp-15
-0x1.5322fap-12
-0x1.3657aap-13
-0x1.1cd042p-12
-0x1.f17f88p-14
0x1.0a74ecp-13
-0x1.c4ceeep-15
-0x1.a3279ap-17
-0x1.065c3cp-12
0x1.81d92cp-15
-0x1.6c914cp-14
-0x1.189146p-13
-0x1.c3308cp-15
-0x1.78ddaep-12
-0x1.079c6p-13
-0x1.1fff2cp-16
-0x1.99bec2p-13
0x1.1259e8p-15
0x1.44f63p-18
0x1.14e34cp-13
-0x1.f951a2p-14
-0x1.4e8a34p-14
-0x1.bc0d5ep-13
-0x1.97d5b4p-15
0x1.afd4fp-14
0x1.42428ap-14
0x1.d3057ap-15
0x1.744578p-17
0x1.f6d9d6p-16
0x1.df79fep-13
-0x1.7d8be8p-13
0x1.38225p-14
0x1.4c3c38p-13
-0x1.77cea8p-13
0x1.0805a4p-16
0x1.36634cp-14
0x1.aa32b4p-16
-0x1.99b6aep-12
-0x1.99b3dep-14
-0x1.762716p-13
-0x1.a181ecp-13
0x1.895034p-14
-0x1.163908p-12
0x1.3bd9cap-15
-0x1.4c2e6ep-16
0x1.495f08p-16
0x1.1e4514p-12
-0x1.23789p-14
-0x1.198cfp-13
0x1.52c4bcp-17
0x1.2068acp-14
0x1.ded1cp-14
0x1.7837b4p-13
-0x1.48fe5ap-15
-0x1.3163c8p-13
0x1.09f8b8p-13
0x1.f46c34p-14
0x1.94ca7ep-14
-0x1.1a49a6p-15
0x1.aca6d2p-14
0x1.e8eb7cp-15
-0x1.114f24p-13
0x1.5dafep-14
-0x1.f73ecap-20
0x1.72d0d6p-13
-0x1.11d35ap-13
0x1.ea8c9p-15
-0x1.b3b72ep-15
-0x1.75ddc8p-14
0x1.3a7c9cp-13
0x1.70c0e8p-17
-0x1.73b6d2p-13
0x1.7e30fap-12
0x1.45276ap-14
0x1.cf5a24p-13
-0x1.89ee5ap-15
-0x1.03be9cp-12
-0x1.24a34cp-15
0x1.e94414p-14
0x1.184b1ap-13
0x1.3a0e48p-13
-0x1.4b6d16p-14
-0x1.6cd29cp-14
-0x1.cfa4fap-13
0x1.f29decp-16
-0x1.780e2p-15
-0x1.0d8556p-14
-0x1.23ee76p-13
0x1.94c1bp-13
0x1.031f1ep-15
0x1.0a7f56p-18
-0x1.19e97cp-13
-0x1.38917ep-16
0x1.bb2d68p-15
0x1.41bbdp-13
0x1.00498cp-13
-0x1.fa1d24p-15
0x1.ec8d8ap-14
-0x1.25718p-12
-0x1.c9353p-13
-0x1.0ad7c8p-16
0x1.05f93ap-15
0x1.3e14fap-16
0x1.2be0eap-12
-0x1.6bb564p-14
-0x1.c881ecp-15
0x1.80335cp-13
0x1.d9081ap-13
0x1.43bb06p-14
-0x1.686be4p-13
-0x1.afced4p-14
0x1.f9f24ap-14
-0x1.8adb58p-14
0x1.c2f518p-19
0x1.6019c4p-15
-0x1.87051cp-14
0x1.54ac7p-15
0x1.807456p-14
-0x1.139f28p-13
0x1.e50232p-14
-0x1.061714p-12
-0x1.0339f4p-23
-0x1.21d44ep-14
-0x1.f996b4p-14
-0x1.c48f2cp-17
-0x1.1339e6p-13
-0x1.81c78ep-16
0x1.8e1b46p-16
-0x1.0ae6f6p-13
-0x1.a4f2e6p-13
-0x1.626846p-15
0x1.8a12dp-18
-0x1.b58b8ap-14
0x1.23d14ap-16
0x1.7fb5e4p-13
0x1.706bc2p-18
0x1.e1337cp-14
-0x1.a00d16p-15
0x1.dd58b6p-14
0x1.f05b88p-16
0x1.2c7a1p-15
0x1.701e7ap-13
0x1.973824p-15
-0x1.1d332ap-14
-0x1.74b2eep-14
0x1.53f546p-15
-0x1.da9378p-13
-0x1.a83058p-14
0x1.844a46p-17
0x1.572c9p-17
0x1.72bd36p-15
-0x1.d5bac6p-20
0x1.14d1f8p-2
0x1.06ae4ap-5
-0x1.5f0eaap-3
-0x1.7d0d74p-3
0x1.a5de3ep-3
0x1.33d016p-1
-0x1.c009ccp-3
-0x1.598bbep-2
0x1.4e63bcp-6
0x1.0ee8ep-2
0x1.e70a8ap-3
-0x1.4c0078p-6
-0x1.f68816p-3
0x1.4413c4p-2
-0x1.09ba2p-3
-0x1.11d48p-4
-0x1.384da4p-2
0x1.fcap-3
0x1.19eb0ep-2
0x1.57ab6ep-4
-0x1.24f63ep-5
0x1.37563p-2
0x1.8293bcp-5
-0x1.35734cp-2
0x1.67ae12p-3
0x1.c5eb08p-2
0x1.826bcp-9
-0x1.7c725cp-4
0x1.1ea204p-4
0x1.c42874p-4
0x1.60e7f8p-2
0x1.2d2d22p-3
0x1.781eccp-5
0x1.de2a96p-2
0x1.6abb1ep-6
-0x1.2b01e8p-2
0x1.0ab896p-3
-0x1.d9550ep-3
0x1.7422cap-2
0x1.c1e15ep-2
0x1.d21e74p-4
-0x1.05ea8ep-2
0x1.c2f9a6p-6
0x1.a6cb7ep-3
-0x1.25b6dep-3
-0x1.08e494p-2
0x1.135a48p-10
-0x1.e3b92cp-3
-0x1.749976p-6
0x1.41cc16p-2
-0x1.97af6p-5
-0x1.c7e3ep-3
-0x1.b49fbcp-3
-0x1.0be29ap-2
-0x1.1f0b42p-2
0x1.6ee8d8p-3
-0x1.4567f6p-3
0x1.2271ecp-3
-0x1.6e048ap-3
-0x1.4b8d8ap-2
-0x1.d32fe4p-10
-0x1.abe03ep-3
-0x1.163004p-4
0x1.e02196p-5
-0x1.8afc38p-3
-0x1.fbfb38p-4
0x1.274798p-3
-0x1.4b8828p-4
-0x1.25555ap-6
-0x1.544822p-2
-0x1.7c1c28p-4
0x1.00a786p-4
-0x1.06690ap-3
-0x1.022a24p-2
-0x1.452a5ep-2
0x1.387c12p-3
0x1.8c24a4p-4
0x1.5f3534p-4
-0x1.0518d4p-1
-0x1.8a2decp-2
-0x1.25d8p-1
-0x1.4cfca4p-1
0x1.2b5e12p-1
0x1.88d0d8p-5
0x1.52bfd6p-3
0x1.5ba764p-2
-0x1.036f86p-2
-0x1.88c63cp-3
-0x1.7b1cf8p-2
0x1.a65d76p-3
0x1.a1eedcp-2
-0x1.ff2f5ep-4
-0x1.44277ep-2
0x1.0ee2dep-2
-0x1.65b61ap-4
-0x1.55a8f8p-1
0x1.119516p-1
0x1.b24344p-4
-0x1.23a06ap-4
-0x1.193ff8p-4
0x1.eb7dc4p-3
0x1.2c0b5cp-3
0x1.320038p-1
0x1.9685c2p-3
0x1.46125ep-7
0x1.4ba712p-4
-0x1.4f0caep-5
0x1.a64302p-2
-0x1.67d31ep-2
-0x1.a9e552p-2
0x1.3dd5e6p-4
-0x1.74732ap-2
0x1.b1a5eap-3
0x1.df88b8p-3
0x1.257af2p-2
-0x1.e36ap-6
-0x1.e6bcd8p-4
-0x1.79c9fep-5
0x1.5a0fe6p-2
0x1.04cc42p-1
0x1.9b3c4p-3
0x1.a52104p-2
0x1.33aa4ep-2
0x1.d2fd06p-4
-0x1.074e76p-4
-0x1.c1e4bap-3
0x1.2d5f72p-2
0x1.b2dc74p-2
0x1.966ea6p-6
0x1.4c05fap-5
0x1.5ed378p-3
0x1.11c5c2p-3
-0x1.de5c2cp-3
-0x1.7ee582p-3
-0x1.31bb2ep-4
-0x1.661584p-2
-0x1.7cf924p-3
-0x1.9dd8eep-2
0x1.3131cp-2
0x1.ad6588p-2
-0x1.367acap-3
-0x1.ee23c4p-4
0x1.c225dcp-3
0x1.e494f4p-5
0x1.52108ap-4
-0x1.fc66bap-5
0x1.4c6b98p-2
0x1.3f1dccp-2
0x1.456ap-5
0x1.815ae8p-2
-0x1.757c14p-4
0x1.724066p-3
0x1.3bd534p-4
0x1.73e81ep-8
0x1.42bc2ap-4
0x1.d7662ep-4
-0x1.1f5394p-3
-0x1.195684p-1
-0x1.706ca8p-2
-0x1.1d1a54p-2
-0x1.7f9f52p-3
0x1.a4cfd8p-4
0x1.a30e2ep-9
-0x1.920f42p-2
0x1.24c046p-2
0x1.363a4p-2
0x1.13572ap-10
-0x1.96f7cp-2
-0x1.dc8b6p-5
-0x1.6db588p-2
0x1.f20a1ep-4
-0x1.1d5d8p-3
-0x1.17307cp-3
0x1.11bab6p-4
-0x1.cbf946p-2
-0x1.c2ae98p-2
0x1.79241p-3
-0x1.0b2632p-4
-0x1.2133b6p-2
0x1.28078cp-5
-0x1.20767cp-2
0x1.d24504p-3
-0x1.176b62p-1
-0x1.1f566p-3
0x1.f3507p-2
0x1.335e96p-5
-0x1.849f02p-3
-0x1.894ab8p-2
-0x1.4b7726p-2
-0x1.02fa02p-4
0x1.186dbp-2
-0x1.a30cc6p-3
-0x1.8cc91p-2
0x1.346776p-2
-0x1.e42bfap-3
-0x1.59f9f6p-4
0x1.9968fep-3
0x1.83910cp-2
0x1.89ac62p-6
-0x1.eef922p-3
0x1.0f231ep-2
0x1.cba5e8p-3
0x1.0ed1p-3
-0x1.eadc4ap-3
0x1.2a4e14p-3
-0x1.509d2ep-2
0x1.d9f7ep-3
0x1.7c8206p-3
-0x1.1a3132p-2
0x1.742e68p-3
-0x1.c0d8d2p-4
0x1.0fcceep-7
-0x1.513bdep-4
-0x1.9c8c16p-2
0x1.d463bap-3
-0x1.5b4a52p-5
-0x1.7ac34p-3
0x1.306b7p-2
-0x1.58829p-6
0x1.04612p-3
-0x1.65f108p-4
0x1.fcd84cp-2
-0x1.fe2342p-5
-0x1.dc3de2p-2
-0x1.214354p-3
0x1.d34d2p-7
0x1.b3a0ap-3
0x1.67275ap-5
0x1.290682p-3
-0x1.0ad9a2p-3
-0x1.869764p-6
0x1.66cb28p-4
-0x1.205f46p-4
-0x1.e9173p-2
0x1.07824ep-1
-0x1.d31c84p-5
0x1.75d012p-3
-0x1.b682b4p-4
-0x1.e0a656p-9
0x1.60016cp-2
0x1.841bfp-3
-0x1.d76ddep-2
-0x1.0ab3cap-1
0x1.3791dp-5
0x1.28995p-2
0x1.2e597ep-2
-0x1.0fd9dap-2
0x1.9a6de2p-2
-0x1.06f848p-2
0x1.f63b58p-5
0x1.e69ba6p-3
0x1.9b3f7ep-7
-0x1.24a276p-3
0x1.0b67dcp-2
0x1.5e964ep-3
-0x1.a12284p-3
0x1.5a4eb4p-2
0x1.c46bbp-5
0x1.b0b676p-2
0x1.ed93d4p-3
-0x1.77352ap-2
0x1.4841fp-2
-0x1.796ea6p-7
-0x1.2480e4p-4
-0x1.5ad09ap-5
0x1.66f48p-2
-0x1.3b8b56p-4
-0x1.72e59ap-4
0x1.35aa3ap-2
-0x1.81e9bap-6
-0x1.75d3ap-2
0x1.de3f86p-3
0x1.570e24p-5
0x1.f0fd6p-3
-0x1.f91342p-5
-0x1.806a28p-4
-0x1.3efaacp-3
-0x1.7d7bb4p-3
0x1.b36a7ap-3
-0x1.4d0f3ep-2
0x1.685ab6p-5
0x1.212748p-6
-0x1.1cd004p-2
0x1.15f5c2p-3
0x1.998962p-3
0x1.a7f79ep-3
-0x1.21c5b2p-2
-0x1.329fa8p-3
0x1.5e2d4cp-2
-0x1.da604ep-5
-0x1.023a7p-2
-0x1.03decep-3
0x1.4ffd5ap-2
-0x1.1273a4p-7
-0x1.45163p-3
0x1.95ca16p-4
-0x1.760904p-5
-0x1.6fb3b8p-3
0x1.b0d1c4p-4
-0x1.9a4614p-3
0x1.c27e04p-3
0x1.0a43c4p-3
-0x1.f2aca6p-3
0x1.d8741cp-6
0x1.34a2ap-3
-0x1.81469p-5
-0x1.f3b164p-2
0x1.a0f9ecp-5
0x1.420996p-3
0x1.03c4bap-1
0x1.aaae9cp-3
-0x1.5ed90ep-2
-0x1.8de86cp-4
-0x1.d5df7p-6
0x1.fa26fap-3
0x1.f07a6ap-4
0x1.4697bap-3
-0x1.56f1d4p-4
0x1.d075e6p-3
0x1.b40bb2p-3
-0x1.0aaa8ep-5
-0x1.0ba7dap-2
0x1.4033cp-2
-0x1.0dc1acp-2
-0x1.b645d8p-3
-0x1.09dc7ep-1
-0x1.1b573p-1
0x1.39b22ep-5
0x1.11685ap-3
0x1.e71882p-2
0x1.9f0638p-2
0x1.0c7d46p-4
-0x1.c63764p-9
-0x1.de86a6p-4
0x1.adf95cp-2
0x1.81acd8p-4
0x1.7dfe2ap-3
-0x1.3e8762p-3
0x1.46ab38p-2
0x1.240852p-2
-0x1.8b1ffp-7
0x1.238bfcp-3
0x1.06a6p-11
0x1.d1c76ap-3
-0x1.1e7daap-4
0x1.4b0abp-2
-0x1.44554cp-6
0x1.b86c82p-3
-0x1.0a9764p-4
-0x1.1d0376p-3
0x1.9bfa24p-5
0x1.3d4b8ap-3
-0x1.f55414p-4
-0x1.f18ad2p-2
0x1.a6311p-2
0x1.63169ep-4
-0x1.947464p-4
-0x1.334398p-3
0x1.8d629ep-3
0x1.6033ap-10
-0x1.1b269ap-6
-0x1.3a8294p-3
0x1.090bf4p-4
0x1.111994p-3
-0x1.64265ep-4
-0x1.3d977ap-4
0x1.c05c86p-3
-0x1.fadac8p-4
0x1.49ba16p-2
-0x1.17c53cp-2
-0x1.5f1ap-4
0x1.62dc6ep-2
0x1.811e96p-2
-0x1.979944p-5
-0x1.796d4ep-1
0x1.fb6e9ap-4
0x1.09d1e6p-5
-0x1.3dd602p-2
-0x1.198df8p-2
0x1.95a42p-4
0x1.6ad364p-1
-0x1.81711ap-6
-0x1.883644p-4
0x1.241a2ep-6
-0x1.a54edcp-3
-0x1.92ea1ap-3
0x1.40a4b6p-3
0x1.a5beep-5
0x1.59c186p-5
-0x1.e5181p-6
-0x1.620b6ap-2
0x1.66bd8ep-4
0x1.331348p-1
-0x1.84147p-3
-0x1.d6858ap-2
-0x1.c7cc98p-4
-0x1.e1660ep-2
0x1.6ddd42p-6
-0x1.6eaefep-3
0x1.dc74fep-3
0x1.111616p-3
-0x1.db9162p-3
-0x1.c0c2b2p-2
0x1.4cffdp-3
-0x1.02ddc6p-1
-0x1.e7e732p-8
-0x1.e667b8p-3
-0x1.0649dcp-2
0x1.43f1dap-4
-0x1.07e74ep-3
0x1.24ec2ep-2
0x1.39b4b8p-5
0x1.01e27ep-3
-0x1.2f7cecp-4
0x1.23ae6cp-4
-0x1.c0a1d4p-3
-0x1.17899ap-4
0x1.7f680cp-3
0x1.9ed1dcp-5
0x1.033284p-3
0x1.08110ep-3
0x1.f0dfc6p-4
0x1.7b9d5ep-2
-0x1.89f82ap-5
-0x1.2a39cep-2
-0x1.59193cp-6
-0x1.07863p-3
-0x1.a7b696p-4
-0x1.09d0aep-4
0x1.1badaep-2
0x1.cda47ep-4
0x1.389438p-4
0x1.dcce18p-3
-0x1.16b558p-4
-0x1.dd465p-5
0x1.bf962ep-6
-0x1.bb1a78p-5
-0x1.15734ap-4
0x1.d4dee6p-5
0x1.6d88d4p-3
-0x1.7f85b8p-5
-0x1.02c39ep-4
-0x1.b7a4dp-3
0x1.34711ap-1
-0x1.96d8d6p-3
0x1.83b2c6p-3
0x1.527c8p-8
0x1.059948p-2
0x1.8f4e8ep-4
0x1.28d1acp-2
0x1.dc2b9p-3
-0x1.a8ce7ep-5
0x1.fa473p-10
0x1.a8c762p-3
0x1.f63368p-5
0x1.44ab4cp-7
-0x1.0fce22p-2
0x1.ac8598p-5
0x1.e7444cp-4
-0x1.669652p-6
-0x1.053be4p-1
0x1.d2e9dp-7
-0x1.29ccb6p-7
0x1.174ab8p-6
-0x1.0c9414p-5
0x1.eb0714p-4
0x1.b97bccp-2
-0x1.5862c8p-3
-0x1.470c58p-6
-0x1.0828dp-3
-0x1.300506p-3
0x1.43e388p-3
0x1.2192f4p-7
0x1.832682p-3
-0x1.362d6cp-6
-0x1.b904f4p-6
-0x1.a90e94p-8
0x1.2064dp-3
0x1.2da57ep-2
-0x1.d75588p-4
-0x1.60547p-7
0x1.fe3df4p-3
-0x1.14532p-2
-0x1.1e4de8p-2
0x1.bb8dd4p-4
0x1.b6cffep-4
0x1.34b368p-7
-0x1.ea86fp-3
-0x1.92181p-4
-0x1.5ec6b2p-4
-0x1.49c7cep-3
0x1.12ad08p-3
-0x1.9a39eep-3
0x1.1dc306p-3
0x1.2c133cp-3
0x1.34a8d8p-2
0x1.9b2474p-5
-0x1.0118dep-4
-0x1.d57e7p-4
0x1.0996eep-3
-0x1.97befcp-2
-0x1.97c3e2p-2
0x1.2eb6b6p-3
-0x1.639054p-5
0x1.716722p-3
0x1.42cbaap-2
-0x1.c0dc88p-3
0x1.a7fd94p-2
-0x1.ab7de4p-4
-0x1.0a93bep-1
0x1.b8066ep-4
-0x1.ac48dep-4
-0x1.a6addcp-3
0x1.996332p-4
-0x1.13522cp-4
-0x1.bc9414p-4
0x1.a4bcb4p-2
-0x1.2b6a58p-3
0x1.813b98p-3
-0x1.4f1d36p-3
0x1.0b143ap-3
-0x1.b9f39ap-3
0x1.0b6342p-3
0x1.d3ba18p-8
0x1.a4a9bcp-2
0x1.02b33ep-2
-0x1.111a16p-4
-0x1.3b13c8p-3
0x1.5f5698p-3
0x1.285deep-2
0x1.686cfep-5
-0x1.81369p-2
0x1.dec198p-3
0x1.07928cp-4
-0x1.74e78p-8
0x1.622abcp-4
-0x1.4d2556p-3
-0x1.aec734p-3
0x1.1bdd5p-9
-0x1.21a328p-2
0x1.61170ap-3
0x1.5f1e66p-2
-0x1.351ccep-10
0x1.02cf56p-1
-0x1.4d6042p-3
-0x1.90dep-4
-0x1.33797cp-1
-0x1.3dd1f2p-5
-0x1.53f3c8p-3
-0x1.9b8c58p-3
-0x1.003ea4p-3
-0x1.3f2f7ep-5
-0x1.61e928p-2
-0x1.67f894p-2
-0x1.f65ef8p-5
-0x1.970f3ep-2
0x1.4b01e4p-4
0x1.9101d6p-3
0x1.72a506p-5
-0x1.6e5ep-3
-0x1.dd08ap-8
-0x1.9676fep-2
-0x1.5435eap-3
-0x1.d3d1d2p-3
0x1.a89ad2p-3
-0x1.c9f918p-3
0x1.a80704p-2
-0x1.7edba4p-5
0x1.078c74p-2
0x1.21bd7cp-5
0x1.64fb1cp-2
0x1.ebe03cp-5
-0x1.4d22a6p-4
-0x1.a1f3fp-4
-0x1.085478p-4
-0x1.e551cp-3
-0x1.2ff5a4p-3
0x1.dc3d12p-6
-0x1.1590c2p-4
-0x1.e15a9ap-6
0x1.ecb1a6p-4
-0x1.385812p-4
0x1.45988cp-5
0x1.975868p-3
0x1.42bfdep-3
0x1.eadf5p-4
0x1.71256p-3
0x1.e3b7a4p-4
-0x1.e92406p-2
0x1.198b78p-2
-0x1.341294p-6
0x1.ef28dp-8
-0x1.0deb02p-2
0x1.88feeep-6
-0x1.28adc8p-4
-0x1.21c796p-3
-0x1.40594ap-9
-0x1.f10a84p-7
-0x1.bd8e54p-2
-0x1.8fd178p-3
-0x1.1d4904p-5
-0x1.0ffaa2p-4
-0x1.dca44cp-2
-0x1.2c02dap-3
0x1.f6ea6ap-2
-0x1.9d6c1p-4
-0x1.6bb73ep-6
-0x1.5e9546p-3
0x1.bf7d14p-5
0x1.90964ep-2
0x1.9fe198p-2
-0x1.17e292p-7
-0x1.bc00d8p-4
-0x1.c35cb2p-4
-0x1.12fff2p-3
-0x1.0dcbaap-3
0x1.c397a4p-4
-0x1.340c1p-2
0x1.db1226p-2
-0x1.4bb204p-2
0x1.480472p-1
0x1.c22a6ep-4
0x1.96aba4p-1
0x1.47c2e8p-6
0x1.47f0f2p-2
-0x1.004b6ep-1
-0x1.ae1dd4p-2
0x1.d54034p-2
0x1.f51d42p-2
0x1.829cf8p-3
-0x1.942a76p-3
-0x1.1738cp-3
-0x1.0c6d66p-2
0x1.43b38cp-4
0x1.3de878p-3
0x1.bfeb66p-3
-0x1.3aa9bp-5
-0x1.3890a2p-3
0x1.e9fbd2p-4
0x1.3b68f4p-4
-0x1.0ed7p-8
-0x1.2575a2p-4
0x1.554c02p-2
-0x1.bc7bbcp-3
-0x1.99e992p-3
0x1.34604cp-5
-0x1.4ed2bcp-4
0x1.1493ccp-2
0x1.5a34dcp-2
-0x1.e3d50cp-3
0x1.5b723p-2
0x1.7731cap-4
-0x1.04d648p-3
-0x1.9882bap-5
0x1.2a4646p-2
-0x1.d9a936p-6
-0x1.91b26p-2
0x1.60c2d4p-2
-0x1.30393ep-3
-0x1.b56f14p-3
0x1.2f81fp-2
0x1.91f8bcp-2
0x1.62362cp-2
-0x1.f5bef8p-13
-0x1.b431fcp-2
0x1.33b384p-4
0x1.2bc954p-2
-0x1.9f23aep-3
-0x1.873f78p-5
0x1.0fc73p-4
-0x1.935814p-3
-0x1.b2c1aep-3
-0x1.167bf2p-2
-0x1.418afcp-3
0x1.560718p-2
-0x1.cd1a4ap-2
-0x1.5f196cp-5
-0x1.7d6138p-3
0x1.09b34p-3
0x1.24b354p-8
0x1.4904ep-6
-0x1.9b424cp-4
0x1.d4511ep-4
0x1.c86e8p-2
-0x1.7bf798p-4
-0x1.b78efp-2
-0x1.4ae422p-5
0x1.603902p-2
0x1.296dbap-2
0x1.19d8bep-2
-0x1.da7778p-3
-0x1.c809f2p-2
0x1.4c4b84p-6
0x1.8949b6p-2
0x1.8ec4p-3
0x1.0791e8p-8
0x1.473526p-5
-0x1.60084ap-2
0x1.1f5bp-8
0x1.c07f88p-3
-0x1.68fdaep-4
-0x1.10a81cp-4
0x1.00da86p-3
0x1.65403ap-3
0x1.f9ab94p-3
-0x1.06b0bcp-3
0x1.af86p-4
0x1.1cc0a2p-3
-0x1.824efep-2
0x1.61bb4ap-3
-0x1.644ecp-2
0x1.b0198cp-2
-0x1.43d3a4p-2
-0x1.1be45ep-1
0x1.246eb8p-3
-0x1.27b35ep-3
0x1.61f804p-3
0x1.629ee6p-2
0x1.56de78p-2
-0x1.59b52p-4
0x1.019e22p-2
0x1.e608cep-3
0x1.29f15ap-4
-0x1.27bf18p-3
-0x1.38ea06p-3
0x1.381c88p-3
0x1.c790eep-2
0x1.a84698p-4
0x1.174d56p-3
-0x1.67984p-3
-0x1.e8920cp-2
0x1.37d646p-4
-0x1.adc78ep-5
-0x1.86c1c8p-4
0x1.80b348p-5
0x1.249dccp-4
-0x1.02b8c6p-3
-0x1.033772p-4
-0x1.988964p-6
-0x1.2f6ac8p-2
0x1.6add3p-4
-0x1.c765d6p-4
-0x1.1e3cccp-2
-0x1.596768p-2
-0x1.9b4cd2p-3
0x1.522844p-6
0x1.73a656p-4
-0x1.eaf6bcp-3
0x1.dd817p-2
0x1.069736p-5
0x1.050c68p-3
0x1.0ac23p-3
0x1.1d9f04p-4
-0x1.38a1acp-3
-0x1.e795b2p-3
0x1.750e0ap-2
-0x1.63f8c6p-2
-0x1.48119cp-4
-0x1.31913ap-4
-0x1.9b8978p-4
0x1.80d0bp-2
-0x1.95aa22p-3
-0x1.1f7d1ep-2
0x1.473a7p-4
0x1.6551ep-12
0x1.ed3682p-2
-0x1.13b01ep-5
0x1.992764p-2
-0x1.93b728p-6
0x1.1d9694p-2
-0x1.03f386p-1
0x1.de0a94p-2
-0x1.71c9b6p-7
-0x1.002d3p-3
0x1.bbcdf6p-2
0x1.5ef0e8p-4
0x1.e6b6aap-4
0x1.215fap-3
0x1.ead972p-5
-0x1.0823dap-3
0x1.efbe28p-4
0x1.3dfaeap-4
-0x1.2560bep-4
0x1.ef6d92p-3
-0x1.4942c8p-7
0x1.351c6ap-2
0x1.169074p-2
-0x1.53e4d6p-3
0x1.062648p-3
0x1.878626p-2
0x1.08686cp-1
0x1.e83462p-3
0x1.e52feep-7
-0x1.089c08p-5
0x1.58d72p-3
0x1.0f1d2ap-1
0x1.6134fep-3
-0x1.04116ep-2
0x1.5fba98p-1
0x1.dd0c9ap-3
-0x1.8ec416p-4
0x1.4e593ep-4
-0x1.141bd6p-3
-0x1.263dc6p-2
0x1.082ab4p-2
-0x1.a0c5cep-7
0x1.c37992p-3
0x1.2ea192p-3
0x1.3914fap-2
-0x1.63dedcp-1
-0x1.96c5dcp-2
-0x1.d17d2ap-3
0x1.734bfcp-7
-0x1.722ce4p-1
-0x1.1c3d06p-3
0x1.07b7f8p-3
0x1.0c3c88p-4
0x1.20fa54p-2
-0x1.433682p-3
-0x1.22c0fp-2
0x1.d7369cp-5
0x1.e654fep-2
-0x1.9c34ep-2
-0x1.aabd06p-1
0x1.c45736p-3
-0x1.7cf1a6p-2
-0x1.4a225p-3
-0x1.1ed966p-2
-0x1.03d586p-3
-0x1.04efd4p-1
0x1.8ec8d6p-4
0x1.0ac3fp-2
0x1.e71086p-6
-0x1.bf7a14p-4
0x1.715098p-3
-0x1.4631cap-2
0x1.1b973ap-2
-0x1.50e67ap-3
-0x1.5f43bp-4
-0x1.199b9ep-4
0x1.0d6004p-3
-0x1.3ea02p-2
0x1.229f8p-3
-0x1.239f94p-2
-0x1.ff2244p-5
0x1.b0deacp-4
-0x1.35f29ap-7
0x1.c2bccap-7
0x1.10dbf8p-2
0x1.6dc15cp-3
0x1.c45df4p-4
0x1.4409p-2
0x1.32b8a4p-3
0x1.a42ddap-4
0x1.347e6ep-4
0x1.52f69ap-1
0x1.68f562p-4
0x1.9c25eep-4
0x1.1198bep-3
0x1.314322p-1
0x1.a9f4bcp-7
-0x1.ab4358p-3
-0x1.5c0952p-3
-0x1.39d5dp-3
-0x1.041904p-5
0x1.bc8e68p-4
0x1.008598p-1
0x1.d451f8p-2
0x1.80c8c6p-2
0x1.4934ccp-2
0x1.a284bp-5
0x1.64dfe2p-4
0x1.f81d6ap-5
0x1.22dcacp-6
-0x1.42e264p-2
0x1.90c3c2p-5
-0x1.715d88p-2
-0x1.3e685cp-3
0x1.a1dac2p-5
-0x1.eeb3bep-3
-0x1.2c7b0ap-3
-0x1.0027dcp-2
-0x1.0c7adep-4
-0x1.af1cbp-1
-0x1.9badcp-2
-0x1.0429dap-1
0x1.e1155p-5
0x1.550b56p-2
-0x1.a28b8cp-4
-0x1.7bc6bp-2
-0x1.5cd62p-1
0x1.0df32ap-3
-0x1.520524p-3
0x1.75da3ap-5
-0x1.dfd16ep-3
-0x1.220b74p-6
-0x1.13801cp-2
-0x1.d2eb4p-3
0x1.19c8a4p-2
0x1.8650e4p-5
0x1.0312fap-1
0x1.46cc3ep-3
0x1.f53d5ep-4
0x1.ebe498p-6
-0x1.819e64p-2
0x1.f32664p-6
0x1.67a8c4p-2
-0x1.48da96p-3
-0x1.bfaa88p-3
0x1.93b1d6p-4
0x1.77d57ep-4
-0x1.3976a6p-2
0x1.439cfp-1
0x1.6b5d4p-3
0x1.ed3b86p-3
0x1.e1f3p-3
0x1.e90d02p-2
-0x1.067fbep-3
-0x1.c50694p-3
0x1.0794ccp-3
-0x1.fd1056p-2
-0x1.1e193ap-2
0x1.c6f136p-3
0x1.3089fep-3
-0x1.01201p-4
0x1.f04e34p-2
-0x1.87915cp-3
-0x1.dbceaep-6
-0x1.919ce4p-4
0x1.69fdfep-2
0x1.fcd3a2p-2
0x1.f0aee2p-2
-0x1.cea09cp-2
0x1.2d60bep-2
0x1.cd9c6p-5
-0x1.c17484p-4
-0x1.170756p-3
0x1.0e9504p-2
-0x1.4da772p-2
-0x1.012c9cp-3
-0x1.fce0a2p-1
0x1.bfb4ccp-2
-0x1.01ee9cp-5
-0x1.773768p-3
-0x1.b2181p-4
-0x1.40caa8p-1
0x1.1beb8ap-3
-0x1.7b081p-4
0x1.1473bep-1
0x1.9bbaap-4
0x1.398c8ap-8
-0x1.5a8808p-4
-0x1.ec9eeap-3
-0x1.17c40ep-1
-0x1.34cb86p-3
0x1.4782b4p-3
-0x1.2057eap-2
-0x1.bf52bp-2
-0x1.5865d8p-3
-0x1.14997ep-2
-0x1.0ffb2ap-1
0x1.642382p-2
0x1.4d43a6p-1
-0x1.22371ep-2
0x1.2c53a4p-2
-0x1.d9dc2ap-5
0x1.f5048cp-2
-0x1.dc0122p-3
-0x1.3f279cp-1
-0x1.ed780ep-5
0x1.e4e014p-2
-0x1.cdbd6cp-6
-0x1.86ba9cp-3
-0x1.a06cdap-4
-0x1.011bacp-2
-0x1.31166ap-1
0x1.d5762ep-2
-0x1.23abf6p-5
-0x1.bc6cb2p-2
0x1.82d6c8p-2
-0x1.af012p-2
0x1.910b44p-3
-0x1.240622p-2
-0x1.06a352p-3
0x1.e3ecf8p-4
-0x1.a93a7ap-3
-0x1.884584p-6
0x1.b4dd2p-3
-0x1.fe1f14p-5
-0x1.553b44p-2
0x1.304cb8p-4
0x1.08cc12p-2
-0x1.d0e524p-2
0x1.b7bec4p-1
0x1.67eff8p-3
0x1.47f8f4p-4
0x1.ecf7b2p-1
0x1.c979fcp-3
0x1.53c0dep-3
-0x1.18fc0cp-2
-0x1.3f9af2p-3
0x1.c9611ep-1
0x1.064ec2p-1
-0x1.33d56cp-1
0x1.557a44p-3
-0x1.77aaecp-2
0x1.8bf138p-1
-0x1.411446p-1
0x1.0ef4c6p-3
-0x1.d88f26p-4
0x1.fd643cp-11
0x1.ef64c8p-3
-0x1.a0883p-3
-0x1.621fep-2
0x1.5d30fp-4
-0x1.d40404p-4
-0x1.559c8cp-2
0x1.228aa4p-2
-0x1.38ba3p-5
0x1.28b7fcp-1
-0x1.4a79b4p-3
-0x1.812e7ap-3
0x1.631b3ap-1
0x1.415afp-2
-0x1.7db8e6p-7
0x1.737948p-2
-0x1.cabcb6p-3
-0x1.f9e29cp-4
-0x1.03d6b4p-2
-0x1.b30898p-1
-0x1.69e156p-2
-0x1.d05f66p-3
0x1.5123e2p-4
0x1.80ce34p-2
0x1.1bfed8p-1
-0x1.a35036p-2
-0x1.efbaf6p-4
-0x1.5c25acp-2
-0x1.e9cebcp-3
0x1.0845fap-4
0x1.17c436p-4
0x1.17f96ap-3
-0x1.b6c39p-2
0x1.f3add2p-1
-0x1.f619e4p-2
-0x1.e8a34ep-3
0x1.938048p-3
0x1.7355f8p-2
0x1.72ec84p-4
0x1.9addc8p-3
0x1.123114p-2
-0x1.a441dp-2
-0x1.f121e2p-2
0x1.4997fep-4
-0x1.87a9ap-4
0x1.0fb9dp-1
0x1.93d93ap-2
0x1.049ep-1
0x1.b60866p-3
0x1.5aeb26p-3
-0x1.5ab9b4p-1
-0x1.036188p-5
0x1.37a92cp-2
0x1.70edfp-3
0x1.12dc12p-2
-0x1.e14196p-3
-0x1.2d2aa8p-2
-0x1.711ea8p-2
-0x1.94d9f4p-3
0x1.e70b4p-2
-0x1.509578p-2
0x1.e5f1d8p-4
-0x1.8d6a02p-3
-0x1.7ede38p-1
-0x1.f71f3cp-6
-0x1.14a344p-1
-0x1.f5fafp-3
-0x1.11beaep-5
0x1.a3865ep-3
-0x1.a24b74p-2
-0x1.0b2382p-5
-0x1.c4217cp-4
0x1.1f0024p-2
0x1.865f3ep-2
0x1.077c1p-2
0x1.9507cap-2
-0x1.9507c2p-2
