7
110
25
20
15
10
5
2
tanH
tanH
tanH
tanH
tanH
softmax
0x1.3588d4p-1
0x1.996b52p-2
-0x1.bd533p-5
-0x1.234adp-2
0x1.9376dp-3
0x1.471d16p-3
-0x1.b2fc7p-2
-0x1.8549a4p-3
0x1.4f0a52p-4
0x1.6f3cccp-2
0x1.ce8bcep-3
0x1.ce4692p-3
0x1.620ddap-2
0x1.b3271ap-2
-0x1.be8c98p-3
0x1.652192p-3
-0x1.ebdd0ap-3
0x1.b88118p-3
-0x1.ea81c2p-2
-0x1.7adc0cp-3
-0x1.7875b6p-2
-0x1.1aa1b4p-4
0x1.401cf8p-2
0x1.1e8a9p-1
-0x1.51ff82p-4
0x1.294c3ap-1
0x1.641644p-2
-0x1.79d356p-4
-0x1.5dfa3cp-2
0x1.8cd19ep-2
0x1.2bdf8p-1
-0x1.0c8234p-1
-0x1.7ae6f2p-4
-0x1.ecb8eap-5
0x1.2629eep-1
0x1.345b64p-3
0x1.748ff8p-2
0x1.37c1c4p-1
0x1.afb4cp-3
-0x1.7e9e0cp-2
0x1.5a43p-2
0x1.2bab0cp-3
0x1.1d385ap-2
-0x1.2fe7eap-1
-0x1.78b25p-2
-0x1.f62e5ep-2
-0x1.12beecp-2
0x1.4235eep-2
0x1.9dafccp-1
-0x1.2ac03ep-3
0x1.5845b8p-2
0x1.eb6a04p-3
0x1.4c3fcep-4
0x1.f627fep-6
-0x1.88e91ap-3
0x1.dd5c54p-3
-0x1.b3b9cp-2
-0x1.343fdcp-2
0x1.dad55p-3
0x1.00ad36p-3
0x1.a8386p-5
0x1.649982p-2
0x1.82e138p-5
0x1.4dadfp-2
-0x1.a82e7p-4
0x1.1cc932p-2
-0x1.4e56eap-4
-0x1.bf8426p-2
-0x1.d99378p-4
-0x1.c9dc68p-5
0x1.1a3b4ap-1
0x1.f402fap-6
0x1.80cae4p-6
-0x1.7a2adp-3
-0x1.bf758ep-3
-0x1.35cba8p-4
-0x1.998e18p-2
0x1.0bda88p+0
0x1.87dd0ap-2
-0x1.2aa95p-1
-0x1.743e62p-2
0x1.3ddcdep-3
0x1.dee61ep-2
-0x1.d43152p-2
-0x1.bb09c2p-5
0x1.01b0fp+0
-0x1.000612p-3
-0x1.92efd6p-3
-0x1.c351dep-2
-0x1.0903e6p-2
-0x1.4fd3a8p-4
0x1.20e85ep-5
-0x1.082f94p-2
0x1.2d70cap-1
0x1.520c36p-3
-0x1.2b1ad2p-3
-0x1.60bfd6p-6
-0x1.6f54b6p-2
0x1.034494p-4
0x1.71f6a8p-1
0x1.510506p-1
0x1.731d7ep-2
-0x1.0fd934p-3
-0x1.9eb504p-5
0x1.c3e772p-3
0x1.e35c7ep-2
-0x1.8655f8p-3
-0x1.0c97f2p-1
0x1.50699cp-5
0x1.e49118p-2
-0x1.67870cp-3
0x1.247cecp-2
0x1.c7c8dp-3
-0x1.41cdfcp-4
-0x1.09f142p-1
0x1.02d158p-2
0x1.99a2c6p-3
0x1.3a9a7p-2
-0x1.1150bep-2
-0x1.ca40fcp-2
-0x1.94d43ep-2
0x1.416e7ep-4
0x1.70234ep-5
0x1.7fcd8ep-2
0x1.48f25p-12
0x1.98c04ep-1
0x1.1e0c7cp-1
-0x1.e1c60ap-2
-0x1.38a96cp-2
0x1.02439ep-1
0x1.2561d6p-1
-0x1.e9e6fcp-2
-0x1.07dbaep-1
0x1.d23826p-4
0x1.6e2802p-1
-0x1.4b80c4p-5
0x1.4033d6p-2
0x1.81ce46p-2
-0x1.12911cp-3
-0x1.479ea8p-1
0x1.1036ep-2
0x1.4c539ap-2
0x1.98813ap-2
-0x1.174b9cp-1
-0x1.552c8p-2
-0x1.3429f8p-1
-0x1.3f794ep-3
0x1.0a6b32p-5
0x1.ccfa3ap-2
-0x1.c83694p-3
-0x1.072e3p-3
0x1.9faf42p-5
-0x1.30d72cp-2
-0x1.f02b86p-3
0x1.11e972p-1
-0x1.b6f6d6p-11
0x1.bd35ecp-4
-0x1.21c162p-1
0x1.103478p-4
0x1.558cep-4
-0x1.fafdfcp-4
-0x1.f0cf28p-5
0x1.d27982p-6
0x1.e7818p-3
-0x1.9e2d6cp-3
0x1.f52b38p-3
0x1.4f3bap-3
0x1.77fd8cp-2
-0x1.0bc19ap-2
-0x1.b9d6cep-3
-0x1.85bd18p-2
-0x1.e2dd2ap-3
0x1.4a281p-4
0x1.17723cp-3
-0x1.8c9a5ep-2
-0x1.9d2496p-4
0x1.900d18p-4
-0x1.1026fep-6
0x1.ed15d8p-4
0x1.46584ap-3
0x1.1d3ec2p-5
-0x1.8bc9d6p-6
-0x1.64e038p-3
0x1.aa207ep-4
-0x1.d545bep-7
-0x1.00d12ep-2
-0x1.904278p-2
-0x1.10d1c6p-5
0x1.8058b4p-3
0x1.71e78cp-2
0x1.4322dep-4
-0x1.77b51p-4
-0x1.15cd3ap-2
-0x1.2ef35ap-2
0x1.be0314p-2
0x1.5cc1f2p-5
-0x1.2cbe0ap-4
-0x1.645186p-3
-0x1.18c77cp-3
0x1.2b131cp-4
-0x1.eacb88p-3
-0x1.beff04p-3
-0x1.9b94aep-5
0x1.7a1198p-2
-0x1.2db972p-1
-0x1.27a7a6p-4
-0x1.35eea8p-3
0x1.0fb0f2p-2
0x1.4a905ap-2
-0x1.2940b4p-3
-0x1.2eb18ap-2
-0x1.243b46p-2
-0x1.b14fcap-3
0x1.963a02p-3
0x1.094294p-3
-0x1.8234bp-3
-0x1.1149e6p-1
-0x1.1a9eb8p-1
0x1.71db88p-2
0x1.b73476p-4
0x1.4a8ac6p-1
0x1.1e15ecp-1
0x1.ddfb8p-3
-0x1.19b1b2p-1
-0x1.7e4da2p-11
0x1.129544p-5
-0x1.a1706cp-6
0x1.2ea2e4p-3
0x1.0fd44ep-5
-0x1.f601eap-5
-0x1.bdb8eep-3
0x1.5b109ap-6
-0x1.dc8126p-5
0x1.903b9p-4
0x1.358e4ep-3
0x1.04febap-1
0x1.1deb1ap-3
0x1.455ad8p-3
0x1.1aeb06p-3
0x1.568712p-6
0x1.ffd2ccp-4
-0x1.9837aap-5
0x1.b3bfc8p-3
-0x1.02c4bap-2
-0x1.57f3aap-2
-0x1.67cd46p-3
0x1.68f406p-3
0x1.0c1d0cp-2
0x1.06c3c2p-3
-0x1.b76288p-5
0x1.313f2ap-11
-0x1.884282p-4
-0x1.3cb856p-5
-0x1.a8c13cp-5
0x1.d3646ep-5
-0x1.7194c8p-4
0x1.ef1dap-6
0x1.9fd436p-4
0x1.277902p-2
-0x1.5cafdp-4
0x1.ee6c36p-2
0x1.0f22a2p-3
-0x1.72d75cp-7
0x1.0abad6p-3
-0x1.8d9e9cp-4
0x1.4e418ap-7
-0x1.d3791p-7
0x1.ef03a4p-4
-0x1.8c64d2p-3
-0x1.974bb8p-4
0x1.5e5488p-6
-0x1.e01ce2p-5
0x1.96243ap-3
0x1.0f4e46p-2
0x1.92d7f2p-6
0x1.55f816p-2
0x1.c34d86p-2
-0x1.2c319cp-3
-0x1.d2c64p-6
0x1.2d8a7cp-2
0x1.917beap-2
-0x1.352d12p-2
-0x1.3ba108p-4
0x1.1e991cp-4
0x1.506bf2p-2
0x1.7dbe88p-2
0x1.62406ap-3
0x1.b20f8cp-2
0x1.03a7bcp-2
-0x1.5ca5c6p-2
0x1.cc21f2p-2
0x1.184b28p-7
0x1.cb1ebap-4
-0x1.d6e9acp-3
-0x1.8d8c0cp-2
-0x1.cef76ep-3
-0x1.696e62p-2
0x1.c32e06p-5
0x1.5f371p-2
-0x1.5ecc38p-5
0x1.542a3ap-4
0x1.2ae416p-3
0x1.431eaap-3
-0x1.3882c2p-9
-0x1.1d8e52p-3
0x1.ce89d6p-5
0x1.856808p-7
-0x1.bd78c8p-4
0x1.685402p-3
0x1.711d86p-2
0x1.2075e4p-2
0x1.dbadfap-3
0x1.4be386p-3
0x1.e85c38p-4
-0x1.94e236p-3
0x1.1e01c6p-2
0x1.14706ap-3
-0x1.81da5p-3
0x1.1f228ap-3
-0x1.506b7ep-2
0x1.31ab5cp-2
-0x1.e77ccep-4
-0x1.099f6ep-3
-0x1.9251fp-4
0x1.cc175p-4
-0x1.e24328p-2
-0x1.57af48p-5
0x1.f4f0bcp-5
-0x1.6d3ed6p-7
-0x1.58fbc4p-3
-0x1.700a0ep-5
0x1.0ce616p-3
0x1.00f59ap-4
0x1.8e17d2p-5
-0x1.03ef74p-1
0x1.cf45aep-5
-0x1.18488cp-3
-0x1.2b6654p-3
-0x1.ca4edep-4
0x1.99fd5ep-2
-0x1.96c782p-2
-0x1.039fep-2
0x1.701126p-4
0x1.08bd98p-3
0x1.7ea38cp-3
0x1.99abc8p-4
0x1.9bfa28p-4
0x1.fa7b2ep-11
0x1.719e62p-7
-0x1.9a78cap-3
-0x1.c89a7ep-5
-0x1.03f522p-2
0x1.4893b6p-3
0x1.1a2218p-2
-0x1.50bd26p-2
-0x1.7b03bp-3
-0x1.5a4704p-3
-0x1.bedddap-3
0x1.773338p-3
-0x1.3895bp-3
0x1.bf132ap-2
-0x1.596d4ap-7
-0x1.3c1a38p-2
0x1.dd05a6p-3
-0x1.34e1b2p-5
-0x1.295262p-3
-0x1.f97e96p-3
-0x1.91378ep-2
-0x1.e2a8dcp-7
0x1.1b0564p-8
0x1.883b04p-2
0x1.9b06e6p-5
-0x1.f8a7a8p-3
0x1.2f587ap-5
-0x1.47efbap-6
0x1.2ba5dp-4
0x1.4edc0ap-3
-0x1.07777cp-3
-0x1.583fa8p-3
0x1.dee434p-2
-0x1.07c08cp-8
0x1.e23f56p-6
-0x1.0c5ce4p-2
0x1.5eb6e8p-9
0x1.ae95a4p-3
-0x1.685a94p-3
-0x1.034178p-3
0x1.f08bp-6
0x1.1f8c2ap-3
-0x1.215672p-3
0x1.1ad78p-3
0x1.58938ep-3
0x1.6a7dbp-2
-0x1.720182p-2
-0x1.fe093cp-3
-0x1.15a108p-2
-0x1.46601cp-3
0x1.561b9ap-4
-0x1.4bfa64p-5
-0x1.943fdep-2
-0x1.47b8eep-3
0x1.090cfep-3
-0x1.9dc724p-3
-0x1.26bee2p-2
0x1.59f81cp-2
0x1.0939f8p-9
0x1.94d938p-3
-0x1.efb95p-6
0x1.4b67ep-4
0x1.ce38e4p-8
-0x1.5beeccp-4
-0x1.c9a716p-6
-0x1.56caap-5
-0x1.388a58p-4
0x1.621ceep-4
0x1.6c3612p-4
-0x1.2eeac4p-4
0x1.eaf284p-5
-0x1.1c958ep-4
-0x1.ba871cp-4
0x1.e2ba76p-4
-0x1.dc3b0ep-4
-0x1.403eb2p-5
0x1.14c498p-5
-0x1.2dab2ap-2
-0x1.8b4b06p-3
0x1.9b8542p-6
-0x1.77746p-2
-0x1.1be4e4p-5
0x1.7546cap-2
-0x1.b79042p-3
0x1.a7d3d2p-5
-0x1.891806p-2
0x1.86f95ap-2
0x1.94248cp-4
0x1.912a58p-4
-0x1.32eb8p-5
-0x1.28fc48p-4
0x1.49a3e4p-2
-0x1.729772p-4
0x1.4de4b6p-3
-0x1.b5c724p-6
-0x1.c454c2p-4
0x1.c44decp-4
-0x1.7f1d68p-2
0x1.5c5c42p-5
-0x1.f9a7bap-3
0x1.653abep-3
-0x1.0804eap-3
-0x1.961cc4p-2
-0x1.0c608ap-3
-0x1.f8f172p-5
-0x1.19baf6p-2
-0x1.f9d418p-3
0x1.13eb94p-1
-0x1.732426p-3
0x1.330976p-3
-0x1.20f87ap-2
0x1.5f9d6ap-1
0x1.37ab92p-2
-0x1.77a838p-3
-0x1.6c2bb2p-3
-0x1.796c48p-3
0x1.1e766ap-3
-0x1.4280f2p-4
0x1.55c9d4p-3
0x1.d5653ep-5
-0x1.453ca6p-6
-0x1.4a95fcp-7
-0x1.86a2fep-2
-0x1.01c058p-3
-0x1.7ccf5ap-2
-0x1.060776p-5
0x1.388bbap-7
-0x1.5f6972p-2
-0x1.06973ep-3
-0x1.642826p-7
-0x1.1e838ap-2
-0x1.d83e6ap-4
0x1.c61e3ep-3
-0x1.4c3576p-4
-0x1.361caap-6
-0x1.709174p-2
0x1.42b1f2p-2
-0x1.bae6a4p-9
-0x1.8fadecp-3
-0x1.32ee4p-4
-0x1.c07476p-5
0x1.0b47fap-2
0x1.1a9646p-3
0x1.418f26p-3
-0x1.3eb2a4p-3
0x1.27b1a6p-4
-0x1.e1c752p-3
-0x1.575436p-2
-0x1.a2c608p-4
-0x1.f28558p-3
0x1.664c32p-3
-0x1.949fa4p-5
-0x1.9cf1e8p-2
0x1.804a76p-3
0x1.c4c728p-8
0x1.1bae34p-2
0x1.1042d8p-3
-0x1.842324p-3
-0x1.d7f5e4p-5
-0x1.90d1ap-4
0x1.295224p-3
0x1.057bb6p-3
0x1.a2e5b2p-6
0x1.a935cp-8
-0x1.9d9e94p-5
0x1.199cbp-3
-0x1.679ce2p-4
0x1.9242dp-3
-0x1.4f67c2p-3
0x1.2cafc2p-3
-0x1.3db2a2p-4
0x1.6896c2p-3
0x1.51ad94p-3
0x1.dd6768p-3
-0x1.26f1ccp-4
0x1.86b67p-4
-0x1.316c8cp-5
0x1.5aafcp-5
0x1.813faep-3
-0x1.ba97a8p-3
-0x1.e8e566p-5
0x1.4288c6p-4
0x1.18ddacp-2
0x1.4221f4p-2
-0x1.1ac0cep-4
0x1.139d02p-2
-0x1.abfdbep-3
0x1.a98c72p-4
-0x1.4a1f02p-4
0x1.9a454ep-3
-0x1.bd78a2p-4
0x1.f6d628p-11
0x1.bf49fp-5
-0x1.ef63aap-3
-0x1.86218cp-3
0x1.0b6e56p-3
-0x1.6ce488p-3
-0x1.74f5d6p-4
-0x1.52f05ep-3
0x1.610a02p-3
0x1.7fded8p-4
0x1.46d1aep-4
-0x1.38f654p-4
-0x1.0096d4p-8
-0x1.863b8ep-3
0x1.cf7edcp-4
0x1.8508cep-3
-0x1.de428ap-4
-0x1.a02cp-3
-0x1.616356p-2
0x1.3f6088p-4
-0x1.05500cp-2
-0x1.52796p-5
0x1.127876p-2
0x1.325f46p-3
0x1.566e84p-3
-0x1.a24c3ep-3
0x1.ff5496p-6
-0x1.4213bap-2
0x1.39beccp-4
0x1.7e9902p-2
-0x1.f597d2p-6
0x1.11ab9p-4
-0x1.39a842p-4
-0x1.258b32p-11
0x1.2f4996p-2
0x1.51cf1cp-2
-0x1.b6c65cp-5
-0x1.31f72cp-1
0x1.20f03cp-4
-0x1.d424cp-4
-0x1.6eeb48p-4
0x1.89b5c4p-4
-0x1.483a04p-4
0x1.8aaf48p-3
-0x1.0a37bp-4
0x1.257202p-1
-0x1.40382p-3
-0x1.85b822p-4
-0x1.edf526p-6
-0x1.214feep-2
0x1.9a819cp-2
0x1.4b82bap-1
-0x1.081c72p-4
-0x1.bebf28p-2
0x1.2d0b56p-2
-0x1.f69928p-4
-0x1.0f136ap-7
-0x1.68ae9ap-2
0x1.130d5ap-3
0x1.12f5dap-3
-0x1.48e79cp-3
-0x1.96d386p-3
0x1.a9b234p-2
-0x1.59d38ep-1
0x1.1fd846p-1
0x1.df2f1p-3
-0x1.493a42p-2
-0x1.b01f06p-4
-0x1.3a0f74p-4
0x1.1a2acp-2
-0x1.81514ep-1
-0x1.2d2732p-3
0x1.7747f2p-2
-0x1.4144dcp-3
0x1.95b7d6p-4
-0x1.0c7088p-2
-0x1.4174bp-2
0x1.c15c7ep-4
0x1.5aab02p-3
0x1.49d7ap-4
-0x1.8893d6p-7
0x1.09b66ep-3
0x1.02198cp-4
-0x1.49c0e6p-3
-0x1.7db29ap-3
0x1.24e53cp-2
0x1.66961p-2
-0x1.26facep-2
-0x1.87677ap-4
-0x1.79485ap-3
-0x1.4e2196p-3
0x1.f39d14p-6
-0x1.af1afp-8
0x1.7ce91cp-3
0x1.560eap-3
-0x1.a5af72p-4
-0x1.ef03eap-3
0x1.bac064p-4
-0x1.89e318p-3
-0x1.b293dap-3
0x1.ad9d3cp-8
0x1.c9181ap-6
0x1.57345ep-5
0x1.9305aap-3
0x1.78e5acp-3
0x1.958d24p-9
0x1.15e682p-3
-0x1.758ac8p-3
0x1.62a7dap-6
0x1.638552p-2
-0x1.457808p-4
0x1.0f3ca8p-3
0x1.3846ccp-2
0x1.464c86p-4
0x1.0be58ap-4
-0x1.4119e2p-3
0x1.3245ep-3
-0x1.bfa352p-5
-0x1.e0fee4p-4
-0x1.90feap-4
-0x1.41a314p-4
0x1.619f32p-4
-0x1.b415dap-4
-0x1.4cbfecp-5
0x1.20d82ap-2
-0x1.b7b086p-7
-0x1.44cdf2p-3
0x1.4794c6p-7
0x1.69278p-3
0x1.fbc904p-5
0x1.7411f4p-6
-0x1.13b482p-4
-0x1.63cdfep-3
-0x1.d3429ep-4
-0x1.11af02p-4
0x1.163912p-3
-0x1.e7c158p-2
-0x1.fbac12p-4
-0x1.b3a4cep-3
0x1.96711ep-4
-0x1.dad49ep-4
-0x1.3bf8f8p-5
-0x1.016e4ap-5
-0x1.84938p-5
0x1.ac9938p-6
0x1.2b945cp-5
-0x1.3b3094p-6
0x1.5c22e8p-5
-0x1.ac41f2p-3
0x1.371cf8p-3
0x1.d11294p-3
0x1.28972p-10
-0x1.3157f2p-3
-0x1.815ec2p-4
-0x1.68fca8p-5
0x1.014b32p-3
-0x1.5e656ap-5
0x1.a5c5f2p-6
-0x1.732a54p-2
0x1.47badap-5
0x1.6011b6p-3
-0x1.1a6262p-10
-0x1.6d5f38p-6
0x1.0d1e34p-4
-0x1.325df4p-4
-0x1.93837cp-4
0x1.5b64d6p-3
0x1.c84c4ap-3
-0x1.378804p-3
-0x1.1f8c3ap-4
0x1.80ff8p-5
0x1.c629f4p-6
-0x1.fe756cp-4
0x1.6cfe7ap-4
-0x1.ae203ep-4
0x1.e418c8p-2
0x1.7b29a8p-5
0x1.94d6bep-4
-0x1.0df7d6p-5
-0x1.3c5f1cp-3
-0x1.4ca434p-2
0x1.aee1ecp-7
-0x1.5ab154p-4
-0x1.15076p-3
0x1.c08414p-2
-0x1.1b1d68p-3
-0x1.356194p-3
0x1.0f0568p-4
-0x1.a26002p-5
-0x1.379e32p-3
-0x1.2d6428p-3
0x1.6deabp-3
-0x1.725ffap-7
0x1.6178aap-4
0x1.0570c8p-3
0x1.5a6cfap-3
0x1.bf4692p-5
-0x1.279b48p-4
0x1.c6e2cp-4
-0x1.bf3fbp-3
0x1.02a882p-3
-0x1.4b4582p-3
-0x1.5451dp-3
0x1.9ffae4p-4
0x1.e34904p-7
-0x1.b5c57ep-5
0x1.70dabp-4
-0x1.675aep-8
0x1.9621e8p-2
0x1.a2698p-2
0x1.0aab0ap-4
0x1.de797ap-3
-0x1.b15b9ep-3
-0x1.2524ap-3
0x1.ad884cp-10
0x1.17a63cp-3
-0x1.648956p-5
-0x1.854d8p-3
0x1.720382p-5
-0x1.8cd5a4p-9
-0x1.4d513p-3
-0x1.93a80cp-3
-0x1.5f1dc2p-6
0x1.cc741ep-12
0x1.2951ap-3
0x1.a350f8p-4
-0x1.57e394p-4
0x1.3cea4cp-3
-0x1.e79044p-7
0x1.b57b26p-4
0x1.33c47cp-4
0x1.03014cp-5
-0x1.2f9dcep-4
-0x1.77ebecp-3
0x1.adce7ep-2
-0x1.635b1ap-3
-0x1.1a4c4ap-4
-0x1.63e83ap-2
-0x1.779e64p-4
0x1.047416p-3
0x1.8c640cp-4
-0x1.3e3e68p-3
-0x1.d06474p-3
0x1.605cdp-4
0x1.8556bcp-3
-0x1.85d898p-7
-0x1.11815p-2
0x1.08350cp-3
-0x1.2480dap-3
-0x1.a2acf8p-5
-0x1.aa913p-4
0x1.31c832p-3
0x1.aa54a2p-4
0x1.a6bf54p-5
0x1.64faep-3
0x1.329f0ap-5
0x1.4443bap-5
-0x1.248b1cp-3
0x1.d06a3cp-6
-0x1.66bea2p-4
-0x1.00aeb6p-6
0x1.fd2fb4p-3
-0x1.dbc284p-3
-0x1.3ef63p-5
0x1.4dd7bap-2
0x1.ea0614p-6
-0x1.b5a024p-6
-0x1.d8fd34p-4
0x1.6ce368p-5
-0x1.7dc2c8p-3
-0x1.7c8f42p-6
-0x1.2fc086p-3
0x1.d37a96p-3
0x1.289eeap-3
-0x1.84cdp-3
0x1.2ab006p-4
-0x1.4e8accp-5
0x1.572f6ap-3
0x1.7b636p-3
0x1.73ecp-4
0x1.65f0ep-3
0x1.3f3504p-3
-0x1.b7698ap-3
-0x1.fdbb0ap-3
-0x1.51d808p-5
0x1.7d3e0ep-3
0x1.41796ep-7
-0x1.2eb5b4p-2
0x1.abab78p-4
0x1.7bd084p-3
0x1.c34228p-7
-0x1.2d4fcep-3
-0x1.92023ep-6
0x1.42ec1p-2
0x1.3394d2p-4
-0x1.326a74p-3
-0x1.878832p-3
0x1.c2c628p-5
-0x1.18d026p-3
-0x1.72d4fep-4
-0x1.bf5c48p-4
0x1.9b2e32p-2
0x1.32fe14p-5
0x1.770d96p-4
0x1.85b6acp-1
0x1.379414p-3
0x1.2de81ep-2
-0x1.d83bbep-5
-0x1.2f50dep-2
-0x1.62f982p-4
-0x1.47ee76p-6
0x1.538846p-3
-0x1.cd2392p-3
-0x1.672e7cp-6
-0x1.2cf48cp-4
0x1.e0b4e4p-5
-0x1.de99e6p-6
0x1.4c856ap-3
-0x1.a95b4cp-3
0x1.c3a182p-4
0x1.0a8d34p-3
-0x1.a3fa62p-4
-0x1.55c142p-6
-0x1.67c136p-3
0x1.155f04p-3
0x1.297ee2p-4
0x1.4b5acp-4
0x1.86109ep-2
0x1.998d3p-4
0x1.e16d08p-4
0x1.23f962p-8
-0x1.95c496p-7
-0x1.36a33p-2
0x1.98b0f8p-3
0x1.a46a5cp-5
0x1.ab3374p-2
0x1.3cdddcp-5
0x1.5da0dap-2
0x1.db7bfp-3
-0x1.0523d8p-4
-0x1.6dcc2ap-3
0x1.761d74p-3
0x1.2a5014p-3
-0x1.09d54ap-5
-0x1.556616p-6
-0x1.a1c39p-5
0x1.675306p-3
0x1.bce00ap-6
-0x1.68d9c8p-4
-0x1.6c60a8p-3
0x1.53d908p-4
-0x1.f177dep-3
-0x1.3cf68ap-7
-0x1.27199p-3
0x1.1316b8p-2
0x1.0b7308p-5
0x1.dab70ep-4
-0x1.e8fbacp-3
-0x1.993778p-2
0x1.a9f5c2p-5
-0x1.82cc4ep-4
-0x1.a5464ap-5
-0x1.f93c4p-4
-0x1.db5b2p-4
0x1.76ad0ep-5
0x1.b8f272p-3
-0x1.bcbb0ap-3
-0x1.abeab6p-4
0x1.635e96p-3
0x1.da678cp-6
-0x1.1a0f5ep-3
-0x1.19e6f6p-2
0x1.69a26cp-2
-0x1.d9820cp-5
0x1.d67dbp-3
0x1.d06a28p-3
0x1.96d43cp-3
0x1.91dd48p-4
0x1.7dddd4p-4
0x1.738df8p-2
-0x1.eba8c8p-4
0x1.0b783ep-5
0x1.56dbdcp-6
-0x1.ff86fep-3
0x1.a1297ap-5
-0x1.80d464p-5
0x1.635b4p-2
-0x1.5b353cp-4
0x1.ed30c4p-9
0x1.8501a6p-3
0x1.ab5346p-3
0x1.a2967p-5
-0x1.618722p-2
0x1.05558cp-4
-0x1.184cbcp-4
0x1.ccde4ap-3
0x1.47ad54p-4
0x1.5cbd54p-7
-0x1.152fb2p-2
0x1.234116p-5
-0x1.488cc6p-3
-0x1.c419p-3
-0x1.58f52p-5
0x1.274834p-4
-0x1.83b93p-3
-0x1.c0d37ep-5
-0x1.48448ap-2
-0x1.2a0192p-3
0x1.016972p-4
-0x1.1a7812p-3
-0x1.3e68acp-8
0x1.a3b224p-3
-0x1.3963bp-3
0x1.a1b5a8p-4
-0x1.9bb56ep-3
-0x1.cb910cp-3
0x1.fb4a3cp-5
-0x1.34b80cp-4
-0x1.496c98p-3
0x1.1365b4p-2
0x1.4056bcp-4
-0x1.cac20ap-5
0x1.5c8c3cp-6
-0x1.9d773cp-2
-0x1.a573aap-6
0x1.ea6aeap-4
0x1.7782a4p-4
0x1.cc427p-5
-0x1.5b9cecp-4
0x1.1fea06p-3
0x1.9f1c8p-3
-0x1.c5da38p-4
-0x1.adeb64p-4
-0x1.16bb6p-2
-0x1.6724bcp-5
0x1.4dd896p-3
-0x1.b213e8p-4
0x1.3078aep-4
-0x1.562e2ap-3
-0x1.3bde86p-4
0x1.16ffecp-4
-0x1.17c65p-5
-0x1.0d7988p-6
0x1.352fbap-4
-0x1.781444p-6
0x1.e9ae68p-2
-0x1.1c168ep-3
-0x1.208ee8p-3
0x1.5c659ap-4
0x1.4c61d4p-4
0x1.dfc32cp-5
-0x1.be8024p-8
0x1.8929ccp-5
0x1.7d9338p-3
0x1.5760b6p-3
-0x1.c1ed3p-4
-0x1.d1bf6ap-5
-0x1.da0c56p-3
-0x1.20ac3cp-3
-0x1.99f072p-3
0x1.4ad49ap-4
0x1.9e929ap-3
-0x1.261f0ap-2
-0x1.ad5bfcp-4
-0x1.593704p-3
0x1.14d472p-5
0x1.f69e02p-5
0x1.f71586p-4
-0x1.b7bdeap-4
-0x1.3d6306p-3
-0x1.dc239ep-5
0x1.be826p-7
0x1.5335p-8
-0x1.08a574p-3
-0x1.11126ep-3
0x1.13149cp-3
-0x1.443c02p-4
-0x1.a2bf1ap-5
-0x1.b731e2p-2
0x1.268136p-2
-0x1.0b7af6p-4
0x1.060734p-2
-0x1.20df62p-2
0x1.08ed24p-3
0x1.f3c56p-3
0x1.88337ap-3
-0x1.b14742p-4
0x1.e8c2f6p-3
-0x1.ff4b12p-4
-0x1.47b39ep-4
-0x1.c92d9ap-5
-0x1.24ef48p-7
0x1.80155cp-3
-0x1.aee0a6p-5
-0x1.0c99c4p-3
-0x1.bfbe72p-3
0x1.117dap-2
0x1.58d426p-6
-0x1.5bc9b8p-5
-0x1.bb68fep-4
-0x1.524478p-4
0x1.18ef8ep-3
0x1.98a30cp-4
0x1.6de4bep-4
0x1.457f32p-3
-0x1.247cf4p-3
-0x1.251bap-3
0x1.246ddep-5
-0x1.62f5f2p-2
0x1.c2cddep-3
0x1.1c3e7cp-2
0x1.faea12p-5
-0x1.f1dc7cp-5
-0x1.a26018p-3
0x1.be80fcp-2
0x1.19b89cp-2
-0x1.f17bf2p-2
-0x1.15bf74p-2
0x1.9d1f78p-3
0x1.2a0ec4p-2
0x1.37548ep-4
-0x1.5cbafcp-2
0x1.d6947cp-5
-0x1.1561c4p-4
-0x1.fa577cp-3
0x1.12918p-3
0x1.4f193ep-2
0x1.80f534p-3
-0x1.c6559cp-4
-0x1.ece298p-3
0x1.8db0e2p-2
0x1.f0d71cp-3
0x1.5bdba2p-2
0x1.9a1e66p-2
-0x1.3ed2fp-4
-0x1.94ac3ep-3
0x1.216234p-3
-0x1.df29eap-2
-0x1.d12618p-3
0x1.7a44cp-5
-0x1.6bf63ap-6
-0x1.0b3baap-2
0x1.0e2c46p-4
-0x1.2e27c4p-2
0x1.4cebf8p-4
0x1.f860d6p-5
-0x1.f3376p-3
-0x1.27a7b4p-6
-0x1.4e064ap-3
-0x1.a50964p-2
0x1.2b9294p-2
0x1.50a6aep-3
-0x1.70184ap-2
-0x1.b82e0ap-2
-0x1.66d312p-3
0x1.3096eap-2
0x1.ccc4fp-3
0x1.abfa1p-2
0x1.2ba8e2p-3
0x1.030e7ap-6
-0x1.b48e72p-4
-0x1.90b85ap-3
0x1.a7006ap-6
-0x1.45a332p-5
-0x1.590fd6p-6
0x1.bac9cap-8
-0x1.91ffc6p-5
-0x1.5123ep-4
0x1.fd7b08p-8
-0x1.a7bad8p-3
0x1.b5661cp-3
-0x1.88647ep-4
-0x1.089bcap-4
-0x1.0a8b78p-3
0x1.432c9ap-3
-0x1.705674p-4
0x1.4c951cp-5
-0x1.3ddb72p-5
-0x1.6588aep-4
-0x1.270924p-5
0x1.c2f194p-4
-0x1.290256p-2
-0x1.8669a2p-3
-0x1.7ffd8p-3
0x1.5fb172p-3
-0x1.062426p-4
0x1.d329c2p-5
-0x1.e7a124p-6
-0x1.165a46p-5
0x1.6409c6p-5
0x1.c8407p-4
0x1.5aba08p-3
-0x1.9e28f8p-4
0x1.05dafep-2
0x1.59670ep-3
0x1.69723cp-3
-0x1.8f0c3cp-7
0x1.4d872p-2
-0x1.8737f2p-4
-0x1.e1b38ep-3
-0x1.20532ap-3
-0x1.2a06a8p-3
-0x1.134cdcp-3
0x1.225104p-5
0x1.48cc6ep-3
0x1.26b61ap-3
-0x1.15c7c4p-3
-0x1.0f5072p-2
-0x1.998158p-3
0x1.e878bep-3
0x1.2be0cap-2
-0x1.b2edaap-4
0x1.37be7ep-3
-0x1.1c096cp-3
-0x1.04b4c2p-4
-0x1.dc05cp-5
0x1.6f7d44p-5
-0x1.7a81dap-3
0x1.855bd6p-7
0x1.85d8c4p-6
0x1.362c2ap-3
0x1.5580dp-4
0x1.e4d264p-5
-0x1.36f146p-2
-0x1.b9c4a4p-9
0x1.3a6024p-2
-0x1.56e492p-4
0x1.060dep-3
0x1.e4eaacp-7
-0x1.b79beap-4
-0x1.19049cp-3
-0x1.3c60dcp-3
-0x1.3d3d1p-5
-0x1.afc62p-3
0x1.e2bde8p-3
0x1.2fe37ep-4
-0x1.7dc5c6p-5
-0x1.3144ep-4
0x1.0fa54cp-7
-0x1.a1b64cp-3
-0x1.1119bcp-5
0x1.c0874ep-3
-0x1.068d48p-2
0x1.39693ap-3
-0x1.f956aep-4
0x1.a3ad64p-4
0x1.2836a8p-5
-0x1.5373c6p-5
0x1.b573e4p-3
-0x1.99e7eep-3
-0x1.e55c2p-3
0x1.04016p-4
-0x1.31ab14p-3
0x1.b9e35p-2
0x1.697c7ap-3
0x1.04f56p-5
-0x1.39b48ep-3
-0x1.1485bap-2
-0x1.40e668p-4
-0x1.3d78ap-4
0x1.97044cp-3
-0x1.ea4a08p-3
-0x1.0bf8d8p-3
0x1.7c4108p-2
-0x1.68c28ap-4
-0x1.35a6c6p-3
0x1.1779a6p-2
-0x1.0053bep-4
0x1.d007eep-3
-0x1.3790ep-3
-0x1.ced72p-3
-0x1.9077dap-3
0x1.6db464p-5
0x1.930158p-3
0x1.a4549cp-2
-0x1.89f5e6p-7
-0x1.600f18p-4
0x1.61e1acp-4
0x1.18f6eep-3
0x1.fcc524p-2
-0x1.6d557p-6
0x1.354156p-4
-0x1.e3afe8p-2
-0x1.b3e742p-2
0x1.41a6bap-4
0x1.d51bfcp-4
0x1.a7631ap-9
0x1.5980d2p-5
-0x1.82aff8p-11
-0x1.f2acbep-6
0x1.ad7c24p-4
0x1.4975dap-5
-0x1.6169p-2
-0x1.08b964p-5
0x1.0000cp-3
0x1.448738p-5
-0x1.a4dce4p-4
-0x1.f826ecp-4
0x1.fa3418p-3
0x1.9407e2p-5
0x1.4ac55p-6
-0x1.b1c28ap-4
-0x1.a4d17cp-5
-0x1.60ff42p-3
-0x1.2527bap-3
0x1.c2087ep-5
0x1.8e6c74p-3
0x1.afe3b4p-3
-0x1.6baf9ep-4
0x1.3f21a2p-4
-0x1.9b616ap-3
-0x1.2dd94cp-3
-0x1.1096eap-3
0x1.208026p-3
-0x1.dacfb8p-3
-0x1.52c9cep-3
-0x1.2bd50ap-3
0x1.d3c234p-3
-0x1.d5aa5cp-3
-0x1.a96008p-5
-0x1.6621e4p-2
-0x1.f5e7c8p-3
-0x1.a290fp-4
-0x1.952fcep-9
-0x1.396232p-6
-0x1.022766p-3
0x1.ebaap-3
-0x1.6620dp-4
0x1.12408ep-4
0x1.bece6cp-6
-0x1.0ce494p-3
0x1.fe056p-5
0x1.6a9326p-6
0x1.33cf32p-5
0x1.238334p-3
0x1.41a474p-3
-0x1.c1e362p-6
0x1.bb7d5p-6
0x1.cabdfap-4
0x1.b51288p-8
-0x1.768918p-5
-0x1.1df248p-4
-0x1.2e1732p-2
-0x1.c42912p-3
-0x1.910a98p-4
0x1.0d8ad2p-6
0x1.8dea76p-6
-0x1.2a067p-3
0x1.61c0d8p-5
0x1.28bd66p-3
-0x1.8faf84p-5
-0x1.0a2fep-6
0x1.430a4p-3
0x1.01cdf2p-6
-0x1.5d3a0cp-4
0x1.1ceb1p-12
-0x1.3591c8p-4
-0x1.edbbeep-4
0x1.ed50d6p-3
0x1.082c88p-5
0x1.935ce2p-4
-0x1.98c7c6p-5
0x1.ca3e2ep-4
0x1.a9e4ap-4
-0x1.67599p-5
0x1.8dd428p-5
-0x1.16fd9cp-7
0x1.2d2552p-2
-0x1.014cfap-2
-0x1.04b06ep-8
0x1.67effp-2
0x1.12efp-4
-0x1.a9faa2p-4
-0x1.fca6e6p-5
0x1.da43fp-3
0x1.256afep-2
-0x1.3b4c2ep-4
0x1.6b8bbep-4
-0x1.fb57e8p-4
0x1.240714p-3
-0x1.0886b6p-3
-0x1.1f4d3p-3
-0x1.56ebdap-3
0x1.93ac78p-5
-0x1.57e752p-7
0x1.dd1a2p-5
0x1.e8870ep-5
0x1.610be2p-7
0x1.56cd56p-3
0x1.2d5f78p-3
0x1.592d9cp-3
-0x1.26e902p-4
-0x1.2961a4p-2
-0x1.47fda6p-2
-0x1.49391ap-2
0x1.a63474p-5
0x1.e4cd24p-3
0x1.40ac38p-4
0x1.58ea12p-6
0x1.fa4c1cp-3
0x1.26b754p-4
0x1.9c2db2p-5
0x1.c576ecp-3
-0x1.71b3c4p-3
-0x1.53c05ap-2
-0x1.66dp-4
-0x1.7d592p-3
0x1.72afc6p-3
0x1.33015p-3
0x1.45e31ap-2
-0x1.b29838p-8
-0x1.d73828p-3
-0x1.3f8ceep-4
0x1.34946p-3
0x1.5be518p-5
0x1.93108p-6
0x1.8731b6p-5
0x1.cbd00cp-4
0x1.37065p-4
0x1.93248p-4
0x1.85878ep-3
0x1.09f338p-3
0x1.38441ap-8
-0x1.115df6p-4
-0x1.218f72p-7
0x1.39fca6p-2
-0x1.129466p-2
-0x1.135932p-4
-0x1.b73d62p-2
-0x1.085ccep-2
-0x1.048538p-2
-0x1.13c6cap-3
-0x1.67173cp-4
0x1.f19f6cp-6
0x1.254c78p-1
0x1.50b0a6p-3
0x1.96c68ep-3
0x1.2cfd96p-3
0x1.b34fep-4
-0x1.0bf114p-4
0x1.06d3b4p-3
-0x1.7715b4p-5
-0x1.140296p-9
-0x1.151df8p-3
0x1.8cc43p-4
0x1.3931e4p-4
0x1.94581p-4
0x1.631048p-5
-0x1.4e44a8p-4
0x1.090926p-6
-0x1.c7df08p-4
-0x1.16367ap-4
0x1.20d00cp-4
-0x1.a5c7bep-3
-0x1.39628cp-5
-0x1.882abcp-6
-0x1.03f996p-2
-0x1.719aa8p-3
-0x1.c16fdap-3
0x1.d79134p-7
0x1.433cbep-4
-0x1.608304p-5
-0x1.d41d4ap-3
0x1.217682p-4
-0x1.df56d2p-3
0x1.d49eb6p-3
-0x1.5dc252p-7
0x1.50786p-6
0x1.707df8p-5
-0x1.e8b136p-6
-0x1.d2ba76p-4
-0x1.c8af34p-4
-0x1.5917bp-3
0x1.04d9dep-5
0x1.5dcf42p-4
-0x1.59a2acp-6
0x1.53d818p-4
-0x1.1daedep-3
-0x1.2bff3ap-2
0x1.3efa06p-3
-0x1.ce5bb6p-6
0x1.371998p-3
0x1.ef30cep-4
0x1.52851ap-4
-0x1.e41012p-4
-0x1.4c28e6p-5
0x1.8d32c4p-4
-0x1.2d8756p-7
0x1.ccd0ecp-4
0x1.39179cp-3
0x1.a42476p-6
0x1.52a39cp-6
-0x1.14be0cp-4
0x1.69c9bcp-2
0x1.78f2f6p-5
0x1.e64bd4p-5
0x1.d6e56p-4
-0x1.26fd3p-4
-0x1.f4138cp-3
0x1.af8ebp-6
0x1.0c74e8p-5
0x1.321b4cp-3
-0x1.446eccp-4
0x1.974596p-5
0x1.0a8e26p-5
-0x1.47af8ap-3
0x1.ebde66p-5
-0x1.1ac8bap-3
0x1.a5968p-4
0x1.03a99ep-3
0x1.696ef2p-6
-0x1.50f9c4p-5
0x1.fea89ep-4
0x1.135ba6p-3
-0x1.1733c2p-2
-0x1.6336cep-5
0x1.231dfep-5
-0x1.16accp-4
0x1.4efb5cp-4
-0x1.3c74d8p-4
-0x1.e8640ap-6
-0x1.76d24p-6
-0x1.bb5a8ap-5
-0x1.363114p-2
0x1.6d0692p-3
0x1.cb6404p-4
0x1.08865p-6
0x1.39915p-4
-0x1.dd7b78p-4
-0x1.105fe6p-3
-0x1.bd63dep-3
0x1.7001f4p-4
-0x1.850924p-5
-0x1.cd7fbcp-4
0x1.baf71ep-9
0x1.fce6b4p-4
0x1.5219e8p-5
0x1.5658a2p-3
0x1.2346a4p-3
0x1.20bfbcp-6
-0x1.e9e34cp-8
0x1.92208cp-4
-0x1.0fd484p-5
0x1.08f7e8p-3
-0x1.ca18cap-7
0x1.29ef8ap-3
-0x1.5daa6ep-5
-0x1.74b9fp-10
-0x1.df6442p-3
-0x1.226b12p-3
0x1.b213acp-6
0x1.903284p-3
0x1.0a6ceap-4
-0x1.18e67ep-4
0x1.3a7e2ap-9
-0x1.ce8aa2p-4
0x1.7a8ef6p-3
0x1.2ee732p-4
-0x1.8a7846p-3
-0x1.28483ep-6
-0x1.273d1cp-2
-0x1.c6adcap-4
0x1.6b40fp-4
0x1.96c35ep-5
-0x1.4323dcp-4
0x1.0963a4p-3
-0x1.87433cp-4
0x1.613298p-5
0x1.0eeca4p-3
0x1.6bd9b4p-3
0x1.458414p-4
0x1.73e87ep-5
0x1.008cf6p-6
-0x1.ae7854p-5
-0x1.f3b114p-5
0x1.31131p-5
-0x1.6933e4p-7
0x1.e63a86p-4
-0x1.b7377ap-4
-0x1.96b01ap-3
-0x1.f0ac02p-6
0x1.8d284ep-3
0x1.48ee9ep-3
-0x1.59b3a6p-7
0x1.c93cdcp-4
0x1.223bf6p-6
-0x1.c3150ep-3
-0x1.bcdd56p-5
-0x1.92884cp-8
0x1.e6ff1p-8
-0x1.b9e9b6p-4
0x1.45102cp-6
-0x1.ac28a8p-5
0x1.6f7092p-4
0x1.6099e6p-3
0x1.d13162p-4
0x1.158d98p-4
0x1.1a3b52p-6
-0x1.c6c5f6p-4
0x1.76da88p-6
-0x1.2882ecp-6
-0x1.a80c1ep-7
-0x1.e54e58p-4
-0x1.f2be24p-6
0x1.1b3b4p-4
0x1.1d43ep-8
0x1.7fb11ap-4
0x1.38efacp-4
-0x1.6deb96p-3
0x1.76b4f8p-2
-0x1.8b47f2p-3
0x1.7fdf68p-4
0x1.1ac27ep-4
0x1.977a5ap-4
-0x1.63396p-3
-0x1.32afbap-3
0x1.d5ad3ap-8
0x1.50176ap-7
-0x1.be409cp-9
0x1.6ab822p-3
0x1.4eda92p-3
-0x1.4ea43p-6
0x1.0a77c6p-6
-0x1.14ab7ep-3
0x1.a028a4p-5
0x1.4d3bcp-4
-0x1.2b16a8p-3
0x1.bc891ap-9
0x1.91d522p-4
0x1.8b1078p-8
0x1.77e82p-6
0x1.bb2e08p-4
-0x1.ffe2b8p-5
-0x1.b6e78cp-5
0x1.64602p-2
0x1.214b9p-5
0x1.44806ap-4
0x1.25b406p-4
-0x1.6af67cp-4
0x1.34067ep-4
-0x1.27c586p-3
-0x1.9e6026p-5
-0x1.ae32d2p-3
0x1.b0489ep-3
-0x1.16936p-5
-0x1.72c416p-5
-0x1.2a4bdcp-5
0x1.1bc7p-4
-0x1.5f3d4cp-3
0x1.50629ap-4
0x1.822292p-7
0x1.d4c4f4p-5
0x1.5c566p-3
0x1.dd3bb8p-6
0x1.5fca84p-3
-0x1.eeaea6p-5
-0x1.2bad0ap-4
-0x1.a711dp-3
-0x1.64e09ap-4
0x1.b56e7cp-4
0x1.2a366cp-4
-0x1.4f4fd8p-7
-0x1.7095p-5
-0x1.d1476cp-3
0x1.142118p-5
-0x1.8615bap-3
-0x1.8f5e92p-4
-0x1.2030e2p-3
0x1.4967eap-4
-0x1.1f7f26p-4
-0x1.ac35e8p-4
0x1.1c02b8p-9
0x1.42a366p-5
-0x1.48726ap-3
0x1.1ea944p-7
-0x1.7757d8p-4
-0x1.36b13p-3
0x1.60b52ep-3
-0x1.05b012p-5
-0x1.8d414cp-5
0x1.987d8ep-3
0x1.a303fcp-5
-0x1.11fe2cp-2
-0x1.65232ep-4
0x1.1430acp-3
-0x1.f0f9ap-7
-0x1.04cd84p-3
-0x1.1de568p-6
0x1.8f7bcap-6
0x1.f5ac8ap-4
-0x1.dd92e4p-4
-0x1.e09a16p-6
0x1.110a1ap-3
-0x1.414622p-4
-0x1.10f22ap-4
-0x1.954ccp-4
0x1.34eb4ep-4
-0x1.380946p-5
-0x1.be18f8p-2
0x1.0a6da2p-4
0x1.b77a14p-4
-0x1.939bfp-3
0x1.422176p-3
0x1.65020cp-4
0x1.29ac5ep-5
0x1.84b95cp-3
0x1.006768p-4
-0x1.173192p-5
-0x1.f9f286p-4
0x1.24d486p-3
0x1.bfdf86p-4
0x1.becc58p-6
-0x1.e5a218p-4
-0x1.f4d15cp-2
0x1.92b718p-5
0x1.781398p-2
-0x1.242aaap-2
-0x1.16ed2cp-2
0x1.d41d82p-3
0x1.eef8eap-6
0x1.71e136p-3
-0x1.11b3c2p-2
0x1.43c024p-3
0x1.0b186ap-4
-0x1.8a426ap-5
-0x1.31c054p-3
-0x1.8bd594p-4
-0x1.ac4e8ep-3
0x1.660cb2p-3
-0x1.0114c2p-2
0x1.e9e756p-3
0x1.d81ec8p-4
0x1.3017bp-3
0x1.5ceb36p-4
-0x1.d71168p-3
-0x1.43142p-4
0x1.a84396p-3
0x1.5b8ec8p-5
0x1.0d2fdap-5
-0x1.109942p-7
0x1.a65f28p-4
-0x1.942fd4p-10
-0x1.7431a4p-4
-0x1.0c2fap-3
-0x1.50eab8p-6
0x1.a36cecp-4
-0x1.f26f36p-6
0x1.224796p-3
0x1.90738cp-2
0x1.8e1b26p-4
0x1.45e5ep-2
0x1.704e56p-4
0x1.95590cp-4
-0x1.1fbf2ep-4
-0x1.9a40d8p-6
0x1.c6617ep-4
-0x1.4fe69p-6
-0x1.58afe2p-5
-0x1.fee762p-5
-0x1.314416p-4
-0x1.412c3p-3
-0x1.0e8beep-2
0x1.1c838ap-3
0x1.5a2adep-3
-0x1.c104fp-5
-0x1.79a18cp-3
-0x1.34b908p-7
0x1.03a17cp-5
-0x1.41b93p-9
-0x1.4b0e22p-6
-0x1.2ea458p-4
0x1.dc3346p-5
-0x1.fa06b6p-4
0x1.0a4ef4p-10
0x1.5b618cp-4
-0x1.bd03fap-3
0x1.db2064p-6
-0x1.cde4cp-6
-0x1.7f2d84p-4
-0x1.1ec1a8p-3
-0x1.2cae34p-4
0x1.096fep-6
0x1.61a7fp-10
-0x1.23a90ap-2
0x1.c1579cp-8
-0x1.795a54p-6
0x1.9e20c8p-5
0x1.7b2842p-4
0x1.e23c52p-4
0x1.bbf6acp-4
0x1.595b94p-6
0x1.368a98p-4
0x1.f59604p-3
-0x1.015cb8p-3
-0x1.03ddccp-2
-0x1.46efa2p-3
-0x1.a5105cp-6
-0x1.36479ep-4
-0x1.136de8p-5
-0x1.6e18dp-5
-0x1.1417e8p-4
0x1.1a7f98p-6
0x1.f515e8p-3
0x1.24ccc6p-4
-0x1.752978p-6
-0x1.a4c9a2p-4
-0x1.187ee4p-4
-0x1.d3fd6p-4
-0x1.8f717ap-5
0x1.200c86p-2
0x1.be3314p-3
-0x1.36396cp-6
0x1.fbe50cp-4
-0x1.8ddep-4
-0x1.8e29d6p-6
-0x1.263fc6p-3
0x1.a536ep-4
0x1.027e36p-3
0x1.58b014p-9
-0x1.e11458p-3
-0x1.b68036p-3
0x1.4ff02ep-6
0x1.e45e9ap-4
-0x1.8b542cp-6
0x1.ebccc8p-4
0x1.275b88p-5
-0x1.219b0ap-4
0x1.e406acp-5
-0x1.50ae02p-5
0x1.52fcap-3
-0x1.8ed9ecp-2
0x1.7e40eap-5
0x1.a5a434p-4
0x1.18dd2ap-4
-0x1.d07ba4p-3
0x1.6a3d92p-5
-0x1.c27a9ep-2
0x1.03df58p-2
0x1.462fbcp-4
-0x1.314828p-2
-0x1.6abd04p-2
0x1.d569fep-3
0x1.4e2914p-3
-0x1.3c4da4p-2
0x1.60ca8p-7
-0x1.71e1e8p-5
0x1.40a7fcp-3
-0x1.3156c6p-2
-0x1.f3805ap-5
0x1.8527dep-4
0x1.f24246p-3
0x1.222a0cp-2
0x1.7548a4p-3
0x1.d46c68p-4
0x1.304e5ep-2
-0x1.6b85f2p-3
-0x1.333e5p-3
-0x1.d48824p-5
-0x1.4db7f8p-3
0x1.78d0dep-2
0x1.64d268p-3
-0x1.5290dcp-6
0x1.dadda6p-2
0x1.fe6fbcp-3
0x1.30fcc4p-3
0x1.6e20d4p-3
0x1.755c4ap-7
0x1.d0e082p-4
-0x1.a0c3eep-3
-0x1.5f9afp-5
-0x1.498f2cp-4
0x1.fa02a8p-3
0x1.77284ap-2
0x1.4b72a8p-2
0x1.9e3ac4p-4
0x1.6d8712p-4
-0x1.399d3ap-1
0x1.698accp-2
0x1.084a5p-2
-0x1.2a11eap-8
-0x1.2290bcp-3
-0x1.ac4404p-4
-0x1.a6aa46p-3
-0x1.b92f8p-2
0x1.84f0a2p-4
0x1.bb07f6p-4
0x1.03cbcap-4
0x1.9da20ap-3
0x1.a6a72cp-3
0x1.ad4b88p-4
-0x1.83c124p-2
0x1.37cd06p-2
0x1.acffcp-3
-0x1.25d6dcp-2
-0x1.bf20d4p-14
-0x1.7f5936p-2
0x1.8e48e6p-4
-0x1.8f6358p-7
0x1.32cdc4p-6
0x1.129326p-3
0x1.59e01p-2
-0x1.72071ep-4
0x1.bfe3dp-4
0x1.4d7138p-5
-0x1.96e76ap-6
-0x1.7e231ap-2
-0x1.23c52ap-2
-0x1.b71ea4p-4
-0x1.45f946p-4
0x1.9edf1ap-3
0x1.8b3846p-2
-0x1.b4aa16p-4
0x1.80ad7ap-3
0x1.8534f8p-2
-0x1.864214p-6
0x1.5a844p-5
0x1.1ea014p-3
-0x1.5ee794p-6
-0x1.7baa4ep-2
0x1.5a261p-5
-0x1.b25674p-8
0x1.75e5cp-2
0x1.92c532p-4
0x1.58ae06p-4
0x1.88f64cp-2
0x1.28d21ap-3
-0x1.64058p-3
0x1.8d2f42p-3
0x1.702b02p-3
0x1.8b516ap-4
-0x1.78915ep-4
-0x1.43e9p-3
-0x1.bffc8cp-3
-0x1.f4c134p-3
-0x1.511166p-3
0x1.1ddb56p-3
-0x1.170238p-4
-0x1.81a06p-13
0x1.3b0294p-2
-0x1.5bdd96p-3
-0x1.719746p-2
0x1.46ca34p-3
0x1.44c774p-2
-0x1.26b96cp-5
-0x1.f18a1cp-6
0x1.6d3666p-6
0x1.c46622p-4
0x1.0cb32p-1
0x1.5e8bdap-4
0x1.31349ap-4
0x1.6576d8p-2
-0x1.2b699cp-9
-0x1.0d4044p-3
0x1.4a1fb6p-4
0x1.96d9ap-3
-0x1.4487f6p-4
-0x1.ddca8ap-6
-0x1.6b8c54p-3
0x1.0d4244p-3
-0x1.80f05cp-10
0x1.32b3c4p-5
-0x1.baae38p-3
-0x1.a81c0cp-5
0x1.235d9p-4
-0x1.6ffc38p-9
0x1.d07542p-5
0x1.2f93c6p-4
-0x1.d93a42p-3
-0x1.95e646p-2
-0x1.9f2458p-3
0x1.2a79fap-3
0x1.88428cp-3
0x1.cf1708p-3
0x1.277a2cp-2
0x1.377702p-3
0x1.25f2ep-2
-0x1.87a85ep-6
-0x1.7309f2p-7
-0x1.0fbcc2p-2
0x1.1186ccp-3
-0x1.4960c6p-4
-0x1.2833acp-3
-0x1.8b7feap-5
-0x1.8d1db8p-5
0x1.f9c9bcp-2
0x1.e9588ap-4
-0x1.59759ap-8
-0x1.88db9ap-4
0x1.949106p-7
0x1.13455p-6
-0x1.337c06p-2
-0x1.d6f482p-7
0x1.651fb2p-2
-0x1.c1afc2p-4
0x1.8d6946p-3
0x1.36f94ep-3
-0x1.013cfep-3
0x1.861034p-7
0x1.6f86eep-5
-0x1.ffff42p-8
-0x1.1d1ffcp-3
0x1.be2facp-4
-0x1.288332p-2
-0x1.7fb2d8p-2
0x1.a52c6p-4
-0x1.d632b8p-7
0x1.0c3dc8p-6
0x1.51c804p-8
-0x1.340a5ap-7
0x1.7dcafcp-2
-0x1.75b15p-7
-0x1.46ae4ap-6
0x1.4d647p-3
0x1.eb8a5ep-5
-0x1.90e42p-3
0x1.d88b16p-7
0x1.12932p-3
-0x1.b695d8p-5
0x1.480c98p-4
-0x1.a34a74p-4
0x1.23827cp-3
0x1.9d8d0cp-3
0x1.1e126cp-3
-0x1.49b80ap-2
0x1.7e9fa2p-4
0x1.624d3ap-6
-0x1.4c4fap-2
-0x1.9f0b4ep-3
0x1.ce4882p-6
0x1.63aebcp-3
-0x1.7f372ep-4
0x1.5e2498p-5
-0x1.29920cp-2
-0x1.09d478p-6
0x1.23a9fp-4
0x1.7aa546p-4
-0x1.55ae4cp-2
0x1.24c07cp-5
-0x1.4edba4p-4
-0x1.93550ap-4
-0x1.9d631p-4
0x1.b76874p-5
0x1.4ffc0cp-5
-0x1.80cdd2p-4
-0x1.df005ap-3
0x1.7b122ap-3
0x1.222dfap-6
0x1.61f944p-3
0x1.01e5ap-2
-0x1.d10066p-4
-0x1.4ce682p-3
0x1.ae07d4p-4
0x1.8867e6p-5
-0x1.9bdea2p-8
0x1.01b36p-2
-0x1.caf074p-4
-0x1.fda076p-3
-0x1.01731ap-7
0x1.eb781p-4
0x1.59b342p-3
-0x1.a28f12p-4
-0x1.d395ap-5
0x1.c6d1aep-5
0x1.552eeep-4
0x1.482fc4p-5
-0x1.f2aaaep-6
0x1.ac88e4p-6
-0x1.01a796p-2
-0x1.590878p-4
-0x1.5b0bf4p-3
0x1.df4828p-4
0x1.de2fccp-4
0x1.bac464p-2
0x1.9a6a0cp-7
-0x1.23bc1p-3
0x1.3c2316p-3
-0x1.da7522p-3
0x1.012032p-3
-0x1.177a16p-4
0x1.55fc54p-5
-0x1.0dd6f4p-3
-0x1.3b68cep-2
-0x1.b66558p-4
-0x1.cada9p-9
0x1.b3d5c4p-3
0x1.593eaep-6
-0x1.66e466p-6
-0x1.b9eafcp-7
0x1.7b032p-5
-0x1.50309p-3
-0x1.b569e8p-6
0x1.9417e2p-6
-0x1.50c65cp-2
0x1.6970f8p-3
0x1.45effap-5
-0x1.632626p-7
-0x1.a85708p-4
0x1.914e26p-3
0x1.88b9ecp-2
0x1.bb29b4p-6
0x1.f206c4p-4
-0x1.12cea6p-7
0x1.fc3284p-3
-0x1.8d920ep-2
0x1.a537p-4
0x1.4101cp-5
-0x1.14b986p-6
-0x1.f5d19p-4
-0x1.7baa78p-5
0x1.e042d2p-5
-0x1.680752p-7
0x1.2bd7p-2
-0x1.5fdac6p-4
0x1.5846aap-4
0x1.569f22p-4
0x1.6996d2p-4
0x1.e2b724p-4
-0x1.2d5572p-4
-0x1.bd9054p-6
-0x1.e5709ep-4
0x1.88ab08p-2
-0x1.7a19c2p-5
0x1.e2b51cp-3
-0x1.61c288p-5
0x1.d58ac2p-6
0x1.688bd2p-3
0x1.53daf2p-7
0x1.13dfacp-4
0x1.0a714ep-4
0x1.397644p-3
-0x1.177aeap-2
-0x1.97271p-3
-0x1.1a0b64p-4
0x1.029038p-4
0x1.c8216ep-3
0x1.9a60a2p-4
0x1.12bf1ep-4
0x1.b8c7c4p-5
-0x1.2bb7ecp-3
0x1.afeecep-5
-0x1.d46536p-5
-0x1.7fbe58p-4
0x1.e1110cp-3
0x1.456f8p-5
0x1.485162p-3
-0x1.013632p-5
0x1.91a98cp-5
0x1.adb6cep-4
-0x1.0e63ep-3
0x1.54d7c2p-2
-0x1.a585b6p-4
0x1.17518p-2
-0x1.04b484p-6
0x1.59481p-6
-0x1.14fd12p-4
0x1.564302p-5
0x1.430514p-5
0x1.74e0bep-3
0x1.5e8e4ep-5
0x1.f45018p-3
-0x1.ddb1e8p-5
0x1.16ddecp-3
-0x1.2174f4p-1
0x1.533966p-6
0x1.abee9ep-4
-0x1.124d9ap-4
-0x1.182258p-3
-0x1.034b56p-3
-0x1.46a6bep-3
-0x1.16fcf2p-2
0x1.15581p-3
-0x1.326f84p-3
-0x1.f5c196p-4
-0x1.ca2a84p-6
0x1.995e6p-11
0x1.24e142p-2
0x1.4a042ap-2
-0x1.5e7a4ap-5
-0x1.38217ap-3
0x1.5aa92p-6
0x1.1604d4p-2
0x1.9d0156p-4
0x1.176d4cp-4
-0x1.65cc64p-3
0x1.c505fcp-4
-0x1.686a3p-3
-0x1.0310bep-2
-0x1.44bc6ep-2
-0x1.460134p-4
0x1.5a718p-4
0x1.04bdc2p-4
-0x1.91baf6p-4
0x1.066f56p-3
0x1.735646p-3
0x1.e410b6p-9
-0x1.7363p-4
-0x1.ea1e52p-2
0x1.b956fap-4
-0x1.f53e2p-4
-0x1.0751cp-2
0x1.4f19ccp-2
0x1.3c7f9cp-2
-0x1.cf44fcp-4
0x1.822516p-7
-0x1.61106p-3
-0x1.b848b4p-4
0x1.3d836ap-4
0x1.f86cf4p-4
-0x1.09f6fcp-5
-0x1.93a76ap-2
-0x1.2ffeccp-4
-0x1.194088p-3
-0x1.d8234ap-3
-0x1.cf3acep-3
-0x1.8fb95ap-4
0x1.8a8ae6p-4
-0x1.a45d54p-4
-0x1.5b755ap-3
0x1.0b1938p-3
0x1.45963ep-3
-0x1.c3e968p-4
-0x1.94b5d4p-2
-0x1.12de36p-5
-0x1.3069c6p-4
-0x1.bbf048p-7
0x1.181cd8p-6
0x1.8893e4p-2
-0x1.6e39eap-3
-0x1.38b40ap-8
0x1.798a54p-6
0x1.a39726p-3
0x1.7da52p-3
-0x1.13a8d4p-5
0x1.2434p-4
-0x1.3716fep-4
-0x1.84662p-4
-0x1.2a8914p-2
-0x1.4c2ab8p-3
-0x1.aa0378p-12
0x1.6d4618p-7
-0x1.44e74ep-2
-0x1.3e6da8p-4
0x1.417cfp-5
-0x1.2b405ep-3
0x1.786bcp-4
-0x1.245cf8p-10
-0x1.8c59ecp-2
0x1.571ec2p-3
0x1.b3f86p-6
0x1.2bc982p-7
-0x1.308362p-3
0x1.578986p-2
-0x1.9d6c8cp-3
-0x1.de9e7ap-3
0x1.950a38p-2
-0x1.bef462p-7
0x1.161a96p-2
0x1.12838ap-2
-0x1.5fa3f8p-4
0x1.6aeb8ep-7
0x1.5e47ep-4
-0x1.b59a74p-5
-0x1.68fe74p-3
0x1.51c316p-4
0x1.f8a42p-3
0x1.74ce5p-4
-0x1.ee9942p-4
0x1.c2e904p-5
0x1.abc8f8p-5
-0x1.bb5874p-7
0x1.82a4f4p-4
-0x1.bcfbb2p-3
0x1.427f4ep-3
-0x1.5cdc9ep-6
-0x1.39a944p-2
-0x1.7a686p-3
0x1.245efp-4
-0x1.805b0ep-6
-0x1.2e24c4p-6
0x1.68b5e4p-3
0x1.d7b4dap-3
0x1.261cep-3
0x1.0f6e42p-4
0x1.1efa6p-2
0x1.5170cap-2
-0x1.c3f8dcp-9
-0x1.a162dap-4
-0x1.ae40eep-3
0x1.7c5f5ap-5
0x1.5d65dcp-4
0x1.d1a9ccp-6
-0x1.66e282p-4
0x1.10ff8cp-2
0x1.151598p-3
0x1.5cdd0cp-3
-0x1.03fce2p-3
-0x1.ea5228p-3
-0x1.6d8f9ap-3
-0x1.f5b2b2p-4
-0x1.09f764p-3
0x1.10a80ep-3
0x1.22d0c4p-3
-0x1.2f4d7ep-5
-0x1.61c28p-2
0x1.320a6ap-4
-0x1.75fb68p-6
0x1.0451a8p-3
0x1.3464e2p-3
0x1.05a9ccp-3
0x1.14ccd2p-2
-0x1.2b9672p-9
0x1.54142ap-4
0x1.fe66fcp-7
0x1.cb8d0ap-3
-0x1.310e5ap-8
-0x1.b2b694p-3
0x1.8339b4p-9
0x1.a1eec6p-3
0x1.26533cp-3
0x1.6fa742p-6
0x1.596792p-3
-0x1.5b8556p-3
0x1.22d86cp-3
-0x1.0842dap-2
0x1.a27da2p-6
-0x1.040bbap-3
-0x1.7b1002p-7
0x1.524fe4p-4
0x1.766f34p-6
-0x1.0c01c8p-2
0x1.c50566p-4
0x1.c5c32ep-3
-0x1.1b5bd4p-2
0x1.562846p-5
-0x1.412f7ep-4
0x1.3c9f72p-4
-0x1.dea62ap-3
-0x1.510e04p-5
-0x1.3da8cap-5
0x1.16dcbep-3
-0x1.32f7bap-3
0x1.1025aep-6
0x1.7f84aap-6
0x1.87e9acp-4
-0x1.79af7ep-7
-0x1.210a2ap-2
0x1.19b386p-3
-0x1.6143f2p-6
0x1.534be6p-4
0x1.2880a8p-5
0x1.0785cp-2
0x1.c48a44p-4
0x1.06fc2p-3
0x1.871cb8p-3
-0x1.196f7p-2
0x1.0c9ce6p-4
0x1.5c2a62p-5
-0x1.a218c4p-7
-0x1.91db5ep-3
-0x1.38c68p-4
0x1.5b7beap-6
-0x1.040de4p-2
0x1.fbbd6ep-6
-0x1.36b7a8p-5
-0x1.b57b0cp-4
0x1.511f38p-2
-0x1.779748p-3
-0x1.b847fap-8
0x1.494d8ap-5
0x1.c4c4f4p-7
-0x1.26ffaep-7
0x1.0c82fp-4
-0x1.372bd6p-2
0x1.d4d392p-5
-0x1.bacfe6p-4
-0x1.240ba6p-5
0x1.01c86ap-3
-0x1.9381ap-6
-0x1.927a16p-7
0x1.4bfa58p-2
0x1.2e99d4p-3
-0x1.03f31ep-3
-0x1.b2edacp-4
-0x1.752d7cp-5
0x1.4d71ap-3
0x1.278fdep-3
0x1.8a3dfcp-2
0x1.4a7bdap-4
0x1.1dac8ap-4
-0x1.07d4dp-4
-0x1.955b6ap-3
0x1.f1965ep-5
0x1.350edep-7
-0x1.1baa66p-5
0x1.cb735ep-4
0x1.b33486p-4
0x1.76aceap-4
0x1.7ca5d6p-9
0x1.a38722p-3
0x1.2ed294p-4
-0x1.4b6244p-5
-0x1.0e2c9p-8
0x1.579df2p-3
0x1.6e6952p-3
-0x1.9cd302p-4
-0x1.a0dd46p-5
0x1.791beap-5
0x1.2d5e74p-4
0x1.561f1cp-4
-0x1.395bfp-3
-0x1.f134ep-3
-0x1.c462cap-3
0x1.5784bcp-9
0x1.e3c17cp-4
0x1.9c3d6cp-4
-0x1.05e412p-3
0x1.19d1ecp-6
-0x1.bc4adcp-4
-0x1.7ddc42p-3
-0x1.b824c6p-5
0x1.19c2a8p-6
0x1.743eb4p-3
0x1.e6197ap-3
0x1.b13484p-4
0x1.bf83d4p-5
-0x1.17df78p-3
-0x1.53f19ep-4
0x1.fdba4ap-3
0x1.36bc3ep-3
-0x1.e05558p-3
0x1.070d3cp-5
0x1.1d0d9cp-8
-0x1.0f4724p-4
-0x1.df0adcp-5
0x1.40acdcp-8
-0x1.f3dcc2p-3
-0x1.13fc6ep-3
-0x1.1829ap-14
-0x1.2685ccp-16
0x1.596c74p-14
-0x1.217638p-16
0x1.c775dcp-15
-0x1.aef86ep-13
0x1.13fa5cp-14
0x1.4d1daep-18
0x1.31d242p-14
0x1.8ac9cep-16
0x1.a40bbp-13
-0x1.feff08p-13
0x1.8bcf66p-16
0x1.fd3d3ep-16
0x1.916a5p-13
-0x1.9671c2p-14
-0x1.3f053ep-15
0x1.324f1ap-12
-0x1.a18ee4p-13
-0x1.a92f02p-16
0x1.bf135p-15
0x1.cef796p-13
0x1.27a5fcp-16
0x1.8acfcap-16
0x1.0264f6p-14
0x1.f09c96p-16
-0x1.6fcd3ap-14
0x1.58af8ep-13
-0x1.01848ep-13
-0x1.16fb02p-17
-0x1.e32f3p-13
-0x1.059266p-16
0x1.d4e916p-17
-0x1.1e51a6p-16
0x1.6b17b2p-16
0x1.46ce4cp-13
-0x1.fee882p-14
-0x1.49e4bp-15
-0x1.ef8c74p-15
-0x1.07ca58p-15
0x1.13e22ap-13
-0x1.658adp-16
0x1.986fd8p-18
-0x1.fc8418p-16
-0x1.596682p-12
-0x1.6c508cp-13
-0x1.2a287cp-12
-0x1.5b0daep-13
-0x1.8ef658p-15
0x1.04a7d6p-15
-0x1.88831p-15
0x1.3ca9bp-15
-0x1.c2e696p-14
0x1.81e372p-16
0x1.b344e8p-15
-0x1.576446p-13
-0x1.1bad8ap-15
-0x1.1431f4p-14
0x1.a1e324p-14
-0x1.0bd7d2p-16
0x1.fb45bep-18
-0x1.8963ccp-15
-0x1.c6cad4p-13
-0x1.659576p-16
-0x1.007954p-12
-0x1.57462p-14
0x1.1a0552p-15
-0x1.730806p-15
0x1.de7fap-16
-0x1.b39464p-16
0x1.1e624ep-15
0x1.21f0aep-14
-0x1.0d6818p-14
0x1.dff0ap-16
-0x1.5d73a6p-14
0x1.21a0d4p-14
-0x1.5c0c52p-16
0x1.203c3ep-14
0x1.0fb068p-13
-0x1.7464bep-16
0x1.cddefp-14
0x1.24b006p-13
-0x1.ad0a8cp-15
0x1.89c5cap-13
-0x1.69a206p-14
-0x1.85f9d4p-15
-0x1.63ac4p-15
-0x1.4541bp-14
0x1.a7cee6p-14
-0x1.39f93ep-14
-0x1.445ac2p-13
0x1.1313eep-14
-0x1.8a12e4p-15
0x1.0fa4ap-13
0x1.fc962cp-15
0x1.2cffa6p-13
0x1.4512e2p-15
-0x1.ce8de6p-16
-0x1.12ecdep-15
0x1.4aa5cep-14
0x1.00bc9ap-13
0x1.365308p-17
0x1.a9630cp-15
-0x1.c6e58p-14
-0x1.d5ef1ap-16
-0x1.e58eb4p-14
-0x1.1e6c3ap-15
0x1.000bbcp-13
0x1.ccfcc4p-15
-0x1.0c7816p-13
0x1.3c4c5cp-13
-0x1.ab4f5cp-14
-0x1.3712e4p-17
-0x1.d78eep-18
-0x1.afb69p-15
0x1.0d9c7cp-12
-0x1.2adeb2p-14
-0x1.035f02p-12
-0x1.d8edc2p-14
0x1.04ca0cp-14
0x1.2bebecp-12
-0x1.76fe02p-16
0x1.4ad7fap-13
-0x1.4d763ap-14
0x1.440ae6p-18
-0x1.7a59eep-15
0x1.a5341ap-18
-0x1.4043cep-14
0x1.bf2cb2p-13
0x1.d120a6p-14
0x1.2c0e54p-14
0x1.54f806p-14
-0x1.37c4c4p-13
0x1.e40dfep-15
0x1.c4f62cp-14
0x1.30ac8ep-17
0x1.8de2f8p-13
0x1.2088bp-12
0x1.cf4a96p-14
0x1.72f9c2p-14
0x1.d39f3ep-14
-0x1.486fc2p-13
0x1.cbfbc4p-15
0x1.5463b6p-13
0x1.49564p-14
-0x1.e345fep-15
-0x1.dc27e2p-14
-0x1.473d6ep-12
-0x1.724f3ap-14
-0x1.caa896p-16
-0x1.99be86p-15
-0x1.c11a68p-16
0x1.79cc6p-14
0x1.25e68p-14
-0x1.0d1ba2p-14
0x1.c94c86p-15
-0x1.ee95e8p-14
0x1.48fc8ap-13
0x1.cdc68ep-17
0x1.44b656p-12
-0x1.0d4df8p-18
0x1.3dc70ap-15
0x1.10d6d8p-13
-0x1.3a03bap-14
-0x1.df06cep-13
0x1.8d4738p-15
-0x1.2bf0f8p-16
-0x1.082b1cp-17
-0x1.2c0214p-12
0x1.46007ap-14
0x1.55c7ecp-16
-0x1.fcd7d6p-16
0x1.757c7ap-13
0x1.2fab62p-17
0x1.393d48p-14
-0x1.14628ep-16
-0x1.97f7a2p-15
0x1.5d5828p-14
0x1.87ea3cp-15
-0x1.5c7d9cp-14
0x1.ee3766p-14
0x1.57b602p-15
-0x1.24e4d2p-13
-0x1.fc41cep-13
-0x1.320d0cp-15
0x1.cd23eep-14
0x1.fc5b86p-13
-0x1.ee3982p-13
-0x1.76989p-17
0x1.35dcd6p-14
0x1.28e072p-14
0x1.3e7602p-14
-0x1.64d9d8p-14
-0x1.48dc04p-13
-0x1.ae9642p-15
0x1.2f3114p-13
-0x1.1597cap-19
-0x1.7ecb24p-15
0x1.ffe0f6p-16
-0x1.c819fep-16
-0x1.9e3b22p-14
-0x1.4888cap-14
0x1.104714p-18
-0x1.8670c2p-15
-0x1.48a12ep-13
-0x1.485cbcp-16
0x1.3617a8p-12
-0x1.37f5ap-15
-0x1.a4c3fap-12
0x1.33c794p-15
0x1.366188p-16
-0x1.dfed84p-16
-0x1.103cc2p-14
0x1.b8fa28p-15
0x1.4b2be4p-13
0x1.8e5b38p-14
0x1.5a455ep-13
0x1.4ea2acp-14
-0x1.a2c8fap-16
-0x1.a9cde8p-13
0x1.d8cc26p-13
0x1.10d426p-17
-0x1.9a81cap-15
0x1.681b2cp-15
-0x1.5322fap-12
-0x1.3657aap-13
-0x1.1cd042p-12
-0x1.f17f88p-14
0x1.0a74ecp-13
-0x1.c4ceeep-15
-0x1.a3279ap-17
-0x1.065c3cp-12
0x1.81d92cp-15
-0x1.6c914cp-14
-0x1.189146p-13
-0x1.c3308cp-15
-0x1.78ddaep-12
-0x1.079c6p-13
-0x1.1fff2cp-16
-0x1.99bec2p-13
0x1.1259e8p-15
0x1.44f63p-18
0x1.14e34cp-13
-0x1.f951a2p-14
-0x1.4e8a34p-14
-0x1.bc0d5ep-13
-0x1.97d5b4p-15
0x1.afd4fp-14
0x1.42428ap-14
0x1.d3057ap-15
0x1.744578p-17
0x1.f6d9d6p-16
0x1.df79fep-13
-0x1.7d8be8p-13
0x1.38225p-14
0x1.4c3c38p-13
-0x1.77cea8p-13
0x1.0805a4p-16
0x1.36634cp-14
0x1.aa32b4p-16
-0x1.99b6aep-12
-0x1.99b3dep-14
-0x1.762716p-13
-0x1.a181ecp-13
0x1.895034p-14
-0x1.163908p-12
0x1.3bd9cap-15
-0x1.4c2e6ep-16
0x1.495f08p-16
0x1.1e4514p-12
-0x1.23789p-14
-0x1.198cfp-13
0x1.52c4bcp-17
0x1.2068acp-14
0x1.ded1cp-14
0x1.7837b4p-13
-0x1.48fe5ap-15
-0x1.3163c8p-13
0x1.09f8b8p-13
0x1.f46c34p-14
0x1.94ca7ep-14
-0x1.1a49a6p-15
0x1.aca6d2p-14
0x1.e8eb7cp-15
-0x1.114f24p-13
0x1.5dafep-14
-0x1.f73ecap-20
0x1.72d0d6p-13
-0x1.11d35ap-13
0x1.ea8c9p-15
-0x1.b3b72ep-15
-0x1.75ddc8p-14
0x1.3a7c9cp-13
0x1.70c0e8p-17
-0x1.73b6d2p-13
0x1.7e30fap-12
0x1.45276ap-14
0x1.cf5a24p-13
-0x1.89ee5ap-15
-0x1.03be9cp-12
-0x1.24a34cp-15
0x1.e94414p-14
0x1.184b1ap-13
0x1.3a0e48p-13
-0x1.4b6d16p-14
-0x1.6cd29cp-14
-0x1.cfa4fap-13
0x1.f29decp-16
-0x1.780e2p-15
-0x1.0d8556p-14
-0x1.23ee76p-13
0x1.94c1bp-13
0x1.031f1ep-15
0x1.0a7f56p-18
-0x1.19e97cp-13
-0x1.38917ep-16
0x1.bb2d68p-15
0x1.41bbdp-13
0x1.00498cp-13
-0x1.fa1d24p-15
0x1.ec8d8ap-14
-0x1.25718p-12
-0x1.c9353p-13
-0x1.0ad7c8p-16
0x1.05f93ap-15
0x1.3e14fap-16
0x1.2be0eap-12
-0x1.6bb564p-14
-0x1.c881ecp-15
0x1.80335cp-13
0x1.d9081ap-13
0x1.43bb06p-14
-0x1.686be4p-13
-0x1.afced4p-14
0x1.f9f24ap-14
-0x1.8adb58p-14
0x1.c2f518p-19
0x1.6019c4p-15
-0x1.87051cp-14
0x1.54ac7p-15
0x1.807456p-14
-0x1.139f28p-13
0x1.e50232p-14
-0x1.061714p-12
-0x1.0339f4p-23
-0x1.21d44ep-14
-0x1.f996b4p-14
-0x1.c48f2cp-17
-0x1.1339e6p-13
-0x1.81c78ep-16
0x1.8e1b46p-16
-0x1.0ae6f6p-13
-0x1.a4f2e6p-13
-0x1.626846p-15
0x1.8a12dp-18
-0x1.b58b8ap-14
0x1.23d14ap-16
0x1.7fb5e4p-13
0x1.706bc2p-18
0x1.e1337cp-14
-0x1.a00d16p-15
0x1.dd58b6p-14
0x1.f05b88p-16
0x1.2c7a1p-15
0x1.701e7ap-13
0x1.973824p-15
-0x1.1d332ap-14
-0x1.74b2eep-14
0x1.53f546p-15
-0x1.da9378p-13
-0x1.a83058p-14
0x1.844a46p-17
0x1.572c9p-17
0x1.72bd36p-15
-0x1.d5bac6p-20
0x1.5ba694p-3
0x1.16c7a8p-3
-0x1.653b2p-2
-0x1.b3619ep-2
0x1.f84d88p-3
0x1.8d1c12p-1
0x1.2f9e4ap-2
0x1.a7a636p-3
-0x1.811334p-4
0x1.0261a4p+0
0x1.abda42p-2
0x1.87ed86p-4
-0x1.49135cp-1
0x1.08a52ep-1
0x1.b262ccp-5
-0x1.43d9b8p-2
-0x1.fe10a2p-3
0x1.0fa46cp-4
0x1.c341cap-2
0x1.2e8032p-2
0x1.8b6ep-4
0x1.642488p-3
-0x1.44947ep-3
-0x1.9e95dep-3
0x1.007b4ap-5
0x1.1a250ep-2
0x1.5feedap-7
-0x1.662962p-4
0x1.7dadbp-3
0x1.60e6d2p-4
0x1.fd3db6p-4
0x1.e01158p-3
0x1.11d93p-3
0x1.63b0eap-2
-0x1.1087a8p-3
-0x1.cea09ep-2
-0x1.beb1e2p-6
-0x1.baae34p-2
0x1.94e344p-2
0x1.783c84p-2
0x1.166c4ep-2
-0x1.06efa8p-2
-0x1.3b0eaap-4
0x1.99db8ep-4
-0x1.b041cap-5
-0x1.dc0ce8p-3
0x1.53c67ap-3
-0x1.d0f1bap-3
-0x1.9467fep-3
0x1.a4726ap-2
-0x1.d1eb84p-2
0x1.f79e8cp-4
0x1.1ef92ap-3
0x1.a4d9fep-6
-0x1.24cdb4p-2
0x1.192788p-2
-0x1.b8893p-2
-0x1.0126bp-8
-0x1.3d6e28p-4
-0x1.e904dcp-6
-0x1.543f34p-3
-0x1.2e4d4p-2
-0x1.7ef59p-3
-0x1.978ffep-3
-0x1.2e204ap-4
-0x1.622c0cp-4
-0x1.a71d1p-8
-0x1.2dc95cp-3
0x1.5377cep-5
-0x1.03c1aap-7
-0x1.4254c4p-7
-0x1.1c4a3p-5
-0x1.c27a7ep-4
-0x1.ef2edap-3
-0x1.f9ebfcp-3
0x1.19457ap-3
0x1.b1ca3cp-5
0x1.d0216p-3
-0x1.812ccap-2
-0x1.417af4p-7
-0x1.0adcf4p-1
-0x1.b496eep-3
0x1.573eacp-2
-0x1.2b49d2p-5
0x1.bab644p-5
0x1.1a4a6ap-2
0x1.158088p-6
0x1.ab0498p-3
-0x1.5790e4p-1
0x1.b0869ap-2
0x1.b0a5f2p-2
0x1.ecc602p-8
-0x1.e5f99ap-2
0x1.11e4ep-2
0x1.65da3ep-5
-0x1.6b8a48p-1
0x1.bc397cp-2
-0x1.0dcdb8p-6
0x1.515abcp-3
-0x1.26d16ap-4
0x1.88c066p-3
0x1.bfd9a8p-3
0x1.3099dp-2
-0x1.11b7a4p-3
-0x1.df5518p-6
0x1.292d94p-2
0x1.711dbap-7
0x1.1f69aep-2
-0x1.4f83bcp-2
-0x1.01d86ap-2
-0x1.4187ep-3
-0x1.d42c56p-2
0x1.b74a52p-3
0x1.5d8772p-3
0x1.eb68f8p-3
0x1.e8271cp-7
-0x1.c69996p-4
-0x1.4984eap-2
0x1.3ef71cp-4
-0x1.8d71fep-5
-0x1.aa797ep-4
0x1.4081bcp-2
0x1.d8f3dcp-2
0x1.f4ab08p-3
-0x1.e2eda8p-5
-0x1.95ac0ep-2
0x1.0ad918p-2
0x1.32c97p-2
0x1.141e48p-3
-0x1.25b7ccp-5
0x1.7110d4p-2
0x1.5c8bfp-3
-0x1.a26c42p-4
-0x1.1197dcp-3
-0x1.11964cp-2
-0x1.4f669cp-3
-0x1.351d7p-4
-0x1.03b2d6p-3
0x1.df3a7cp-3
0x1.2366aap-2
0x1.2e2b74p-6
-0x1.107fp-3
0x1.7cb69ep-2
-0x1.26a5f6p-3
0x1.e74e7ep-6
0x1.feb9f6p-4
0x1.c1b396p-4
0x1.1aec32p-4
0x1.e365dep-6
0x1.eca4eap-3
-0x1.15a276p-2
0x1.133e94p-2
0x1.d48f2p-3
0x1.8a4352p-5
-0x1.efca12p-5
0x1.261e04p-2
-0x1.25e34ep-2
-0x1.5b9ee2p-2
-0x1.0feeb4p-1
0x1.1eb368p-4
-0x1.224ac8p-3
0x1.1222dcp-2
0x1.6b0dep-4
-0x1.e6556cp-2
0x1.a51afcp-3
-0x1.ac204ap-9
0x1.6114bap-5
-0x1.3c9b9p-1
-0x1.2d0852p-7
-0x1.1a9428p-1
0x1.a42eap-3
-0x1.18a33ap-4
-0x1.1e630cp-3
0x1.aea7aep-4
-0x1.2d3724p-1
-0x1.3a2e9ap-1
0x1.79b874p-2
-0x1.567d3ap-5
-0x1.5c3ddap-2
0x1.0b2aacp-4
-0x1.474e9cp-7
0x1.206846p-3
-0x1.617eb8p-1
-0x1.64ecdp-3
0x1.23c896p-1
-0x1.9c6108p-5
-0x1.098dbcp-5
-0x1.405582p-2
-0x1.ad2332p-3
-0x1.8320dap-4
-0x1.243742p-3
0x1.38e3d6p-7
-0x1.6f786cp-2
0x1.1cde02p-2
-0x1.86759ap-3
-0x1.cc68ccp-5
0x1.5f5272p-4
0x1.6df58p-8
-0x1.5f0bb4p-5
-0x1.26856ap-3
0x1.152f9cp-2
-0x1.3d8688p-4
-0x1.b6a7dcp-4
-0x1.2d9b2ap-2
0x1.3dfe5p-4
-0x1.0193bp-1
0x1.255b22p-2
-0x1.997fap-13
-0x1.8bcf7cp-6
0x1.3e0398p-2
-0x1.7c4482p-2
0x1.4def5ap-2
-0x1.3cd06ep-6
-0x1.18a1dap-2
0x1.e006b6p-3
0x1.991cd6p-4
-0x1.2da6dap-2
0x1.0bdbf8p-3
-0x1.2fe5fp-6
-0x1.3b7918p-2
-0x1.1ebcep-4
0x1.297678p-2
-0x1.0e3cdap-3
-0x1.43243ap-2
-0x1.cefa26p-4
0x1.aceb36p-4
0x1.28b92ep-5
0x1.350646p-3
0x1.4355fcp-3
0x1.ee8acp-3
-0x1.6990bp-4
-0x1.89a4bcp-4
-0x1.c9c948p-3
-0x1.fb3d64p-2
0x1.186ap-2
-0x1.eb2fc6p-3
0x1.84bb66p-7
-0x1.6fd014p-6
0x1.62fcfap-5
0x1.1a07bap-2
0x1.062c6ap-1
-0x1.b53a4ep-3
-0x1.05db2ap-1
-0x1.049e6p-4
0x1.1b5732p-5
0x1.5fe94p-4
-0x1.04f2c2p-7
0x1.77bf86p-3
0x1.641ecp-4
-0x1.44e8f4p-4
-0x1.100c7ap-3
0x1.0a5ba6p-2
0x1.16863cp-4
0x1.652adp-5
0x1.6d6ae6p-3
-0x1.796746p-5
-0x1.db1afp-5
-0x1.e5f702p-3
0x1.cc7b42p-3
0x1.6c5f2ap-4
-0x1.0eb83p-2
0x1.7e11bp-2
0x1.1c634p-3
0x1.fb4304p-3
0x1.bf4c82p-4
0x1.e4e7dp-3
-0x1.56312ap-6
-0x1.75ae1ap-4
0x1.aea6ccp-3
0x1.9acda4p-5
-0x1.d6130cp-3
-0x1.fc1676p-8
-0x1.66fc8p-5
0x1.2a8052p-3
-0x1.f8e8a8p-4
-0x1.69fd3ep-2
-0x1.1282fep-4
-0x1.77f51cp-2
0x1.60ed2cp-3
-0x1.7c075ap-2
0x1.65484p-3
0x1.81f56ap-3
0x1.505edp-4
0x1.86d608p-2
0x1.f2e236p-5
0x1.0c9468p-4
-0x1.5360e6p-2
-0x1.4ea986p-3
0x1.71fca2p-2
-0x1.73a854p-4
-0x1.72b32ep-3
-0x1.eac4bcp-5
0x1.cae73cp-2
-0x1.391acp-5
-0x1.cf6794p-3
0x1.91ed5cp-6
0x1.b65dc4p-4
-0x1.561082p-3
0x1.b5913ap-3
-0x1.54fcep-4
0x1.547a36p-2
-0x1.f1c81cp-7
-0x1.4c86b2p-2
0x1.5fc9acp-9
-0x1.2443ecp-3
-0x1.c56f4cp-3
-0x1.4113bcp-3
0x1.86a4cp-3
0x1.73103p-3
0x1.d04bdcp-3
0x1.938fd6p-4
-0x1.9bf4fcp-3
-0x1.f562b8p-4
-0x1.6b4d26p-6
0x1.6d04d2p-6
-0x1.3c0916p-5
0x1.70be1p-7
-0x1.04d58ep-3
0x1.5fd24ap-3
-0x1.4ffadp-5
-0x1.993154p-5
-0x1.4ca9acp-2
0x1.d360a4p-7
-0x1.91b2p-10
-0x1.e5c1dp-3
-0x1.f58254p-2
-0x1.04f3d6p-3
0x1.4f09ecp-2
0x1.b5c64ap-5
0x1.2241c2p-1
0x1.3de46p-3
0x1.02c57ap-2
-0x1.065674p-3
-0x1.3889eep-5
0x1.aadbeep-3
-0x1.42bb54p-4
0x1.8737dap-3
-0x1.c38f42p-3
0x1.1240cap-2
0x1.1c4ce4p-2
-0x1.ef7606p-3
0x1.40350ap-2
0x1.1e865ep-3
0x1.136e82p-2
-0x1.30e116p-7
0x1.12c892p-1
0x1.6fc63ap-6
0x1.1ac132p-1
-0x1.33272cp-3
0x1.46dep-2
0x1.711b4p-5
0x1.c82af4p-3
-0x1.8b18b6p-6
-0x1.8093dap-3
0x1.69f0f4p-2
0x1.ce21a4p-4
0x1.667b96p-3
-0x1.444e62p-2
0x1.81e488p-2
-0x1.3c910cp-2
-0x1.159536p-5
-0x1.e1f26ap-3
0x1.f84bdep-3
0x1.556416p-4
-0x1.9f5ecp-4
-0x1.0f7848p-4
0x1.75f052p-3
-0x1.9c633ep-4
0x1.d115b2p-3
0x1.2ee2fp-3
0x1.04f9fap-3
0x1.a8f96p-2
0x1.33b63ep-2
-0x1.d909c4p-4
-0x1.511e22p-1
0x1.26c80cp-4
-0x1.aaa2fp-8
0x1.4de0f6p-8
-0x1.f28ad2p-3
0x1.ce0e58p-2
0x1.2a4058p-1
0x1.dbb5a6p-3
0x1.6628d8p-3
0x1.a2b722p-5
-0x1.032daap-6
0x1.80a9a2p-5
0x1.24ff24p-5
0x1.6a3fb2p-2
-0x1.8fd904p-3
0x1.92ad2ep-3
-0x1.bf0b22p-3
0x1.04e5d6p-6
0x1.a4d7cep-2
0x1.c376ecp-5
-0x1.c9e16cp-3
0x1.24d3a8p-5
-0x1.44b9eap-2
0x1.27eff6p-2
0x1.0fd92cp-9
0x1.996c7p-2
0x1.865deep-2
-0x1.0ee2eep-1
-0x1.775ad4p-3
0x1.403efcp-2
-0x1.2f1a0cp-1
-0x1.f3e104p-6
-0x1.a1e1dcp-2
-0x1.cfc38ep-2
0x1.126a78p-2
-0x1.9b5bdap-2
0x1.580b26p-4
-0x1.62af22p-3
0x1.252eeap-5
-0x1.50967cp-2
0x1.4ab2e4p-5
-0x1.c31f3p-3
-0x1.0d802ep-2
-0x1.1d9882p-4
0x1.71b67ep-5
0x1.3041ecp-2
-0x1.ef5e86p-3
0x1.9d97bap-2
0x1.86911cp-5
-0x1.1ee026p-2
-0x1.e3b35ep-3
0x1.4909b2p-2
-0x1.6ab1c4p-5
-0x1.76cadep-1
-0x1.8f61dp-3
-0x1.b7797ep-6
0x1.00817cp-3
0x1.435c4ep-5
0x1.6a136p-4
0x1.1bf7dcp-4
-0x1.94be38p-6
0x1.4de42cp-3
-0x1.20ca3p-4
0x1.26d964p-4
0x1.4a1884p-5
0x1.b2b3bap-5
-0x1.9a4bf6p-4
0x1.74ab6cp-4
-0x1.1cf3bep-3
0x1.f6e98cp-2
-0x1.197218p-7
0x1.c5bf32p-3
0x1.09def6p-3
0x1.bb1c36p-5
0x1.409a7ep-4
0x1.828628p-6
0x1.281d4ap-3
-0x1.4beedep-3
0x1.619756p-6
0x1.515966p-2
0x1.c0b1b6p-3
0x1.67ba4ep-5
0x1.00d58p-3
0x1.a1b402p-3
-0x1.47e216p-5
-0x1.126c18p-2
-0x1.1df886p-2
0x1.283f8cp-4
-0x1.daef66p-4
0x1.fd4a5cp-6
-0x1.ccb934p-7
-0x1.9d6d1p-4
0x1.d9ee38p-2
0x1.338826p-9
-0x1.45b57p-3
0x1.e95df6p-4
-0x1.2c0a84p-3
0x1.16fd88p-2
0x1.7207cep-5
0x1.ee222cp-4
0x1.e6ff1ep-3
0x1.874b5p-3
0x1.bf020ep-5
-0x1.435ef6p-4
0x1.72c364p-2
-0x1.779d58p-2
0x1.9d9e72p-2
0x1.be494ap-5
-0x1.1542p-4
-0x1.086ef4p-2
-0x1.533cep-4
-0x1.f840ep-4
-0x1.a8ba3ap-6
-0x1.f0a314p-4
0x1.003aacp-5
0x1.593b8ep-2
-0x1.51bf4cp-2
0x1.821cb2p-4
-0x1.3cdfc4p-3
-0x1.0c6dcp-6
0x1.8d65cp-3
0x1.e7d72ep-2
-0x1.3affbp-2
-0x1.3c7caep-5
-0x1.ea41bep-3
0x1.82fdeep-4
-0x1.ad4832p-2
-0x1.38e748p-1
0x1.82be26p-4
0x1.21ebaap-7
0x1.86be92p-3
0x1.f979e8p-2
-0x1.047cfcp-2
0x1.0c0bd6p-2
-0x1.e5f24ep-3
-0x1.232c44p-2
0x1.85d948p-2
-0x1.1f2f8ep-4
-0x1.34c91ap-2
-0x1.74378ep-6
-0x1.b8fe18p-5
-0x1.af6e38p-5
0x1.db3402p-8
-0x1.c6c792p-5
0x1.ab63c4p-3
-0x1.0faa76p-7
-0x1.582be6p-3
-0x1.6a636ap-3
0x1.116e0ep-1
0x1.605baap-5
0x1.0c432ep-1
0x1.db4716p-5
0x1.17cb8p-4
-0x1.8084f8p-5
-0x1.4e148ep-5
0x1.226198p-2
-0x1.c2da7ep-3
-0x1.8f1e74p-2
-0x1.a11beap-5
-0x1.cf5ee6p-10
-0x1.afb174p-6
-0x1.2392acp-3
-0x1.b0e18ep-3
-0x1.7c4e4ap-3
0x1.7ceb78p-8
-0x1.ff3eb2p-4
0x1.4850e6p-2
0x1.284238p-1
0x1.c173dep-3
0x1.d2a86p-3
-0x1.3ab92ep-3
-0x1.a0f05ep-4
-0x1.0d3bcp-1
-0x1.d3083p-5
-0x1.a133bep-3
-0x1.e0a81ap-3
-0x1.bbeb62p-2
-0x1.7ec38ap-3
-0x1.83e54p-4
-0x1.5a5c56p-2
-0x1.7c9b42p-4
-0x1.71cc22p-2
0x1.322158p-7
-0x1.c04b36p-5
0x1.ea5e5p-4
-0x1.b9211ap-3
0x1.ee9a62p-4
-0x1.0bd4e6p-2
-0x1.342c38p-4
-0x1.2da784p-3
0x1.45e4a2p-2
-0x1.64582ap-2
0x1.e9ab42p-2
-0x1.3bee3ep-4
0x1.58679ep-3
0x1.446d8p-4
0x1.ea2718p-3
-0x1.072898p-3
-0x1.9ee586p-7
0x1.12d076p-5
0x1.c8827p-4
-0x1.941536p-2
-0x1.c8bfa6p-4
-0x1.a7d9d6p-4
-0x1.4d5bdep-3
0x1.1435f2p-5
0x1.191fdcp-2
0x1.4b342ep-5
0x1.a60d9p-2
0x1.dcb604p-3
0x1.6b658cp-2
-0x1.966d3ep-5
0x1.541f06p-2
0x1.c37ac4p-2
-0x1.74538cp-2
0x1.103a92p-1
0x1.434d0cp-3
0x1.32b496p-4
-0x1.1752fp-2
-0x1.6401cp-6
0x1.c963a8p-4
-0x1.263934p-2
0x1.39ea64p-7
0x1.6c8cc8p-4
-0x1.11ac18p-2
-0x1.ea2dbep-3
0x1.8812c8p-4
-0x1.ee871p-3
-0x1.b195a4p-2
-0x1.fafa7p-3
0x1.51e2dep-2
0x1.38b5fp-6
-0x1.d49ccp-3
-0x1.b26cp-3
-0x1.328b76p-4
0x1.e9c2cp-2
-0x1.f5c28ap-5
-0x1.b14e84p-7
-0x1.3e9304p-3
-0x1.7345dcp-4
0x1.63addcp-3
-0x1.59bae2p-2
0x1.362804p-3
-0x1.ea0a7p-3
0x1.662684p-3
-0x1.0da01ep-2
0x1.24f618p-3
-0x1.01898p-4
0x1.40bc4p-1
0x1.4a09fep-5
0x1.bb4cfep-3
0x1.3cfc98p-5
-0x1.1a83cep-1
0x1.f3806ap-4
0x1.73b028p-2
0x1.37bc88p-6
-0x1.9a76fep-4
0x1.c45498p-3
0x1.6226fap-4
0x1.642618p-2
-0x1.a84e38p-6
0x1.419004p-2
-0x1.435296p-6
-0x1.e1a2cap-2
-0x1.4f1f02p-4
0x1.713608p-3
0x1.50efbcp-4
0x1.03b92cp-3
0x1.4e1b48p-3
-0x1.b99c36p-2
0x1.4a0954p-3
-0x1.143a22p-5
-0x1.b29418p-4
-0x1.d2e16p-6
0x1.4def7ap-5
0x1.a51e9cp-4
0x1.863564p-2
0x1.0ee754p-3
-0x1.6b1162p-2
-0x1.f332c2p-5
0x1.bba136p-3
-0x1.11bd28p-7
-0x1.08995cp-2
0x1.646518p-3
-0x1.cb0e7cp-4
-0x1.9b6d48p-8
0x1.35d50ep-3
0x1.0ed346p-1
0x1.1c60fap-1
-0x1.23a432p-5
-0x1.28938ep-3
0x1.2c896ep-2
0x1.831368p-4
-0x1.83149ep-3
0x1.71fdbep-8
0x1.fe957ap-4
-0x1.482972p-2
-0x1.6881aep-3
-0x1.8cc642p-2
-0x1.91b5cp-3
0x1.3e6bdep-2
-0x1.74e2e6p-2
-0x1.8e045ap-3
-0x1.bb1ce2p-2
0x1.14d89ep-2
0x1.7b4126p-8
-0x1.e0664cp-6
-0x1.ba548ap-3
0x1.7f692ep-3
0x1.300bd8p-1
-0x1.23c2bap-2
-0x1.e92aa8p-2
-0x1.738f32p-3
0x1.1cb228p-3
0x1.4b48dcp-2
0x1.715172p-2
0x1.43a70ap-3
-0x1.77046p-2
-0x1.324b3ep-5
0x1.6f869p-2
0x1.5af1d6p-4
-0x1.cd36c8p-8
-0x1.fec4e8p-5
-0x1.43d292p-2
0x1.3a2162p-3
0x1.96bf7ep-3
-0x1.517b7cp-3
-0x1.abcb24p-5
0x1.64858p-3
-0x1.28e6fep-4
0x1.f7a6a2p-4
-0x1.2f7ad2p-4
-0x1.614014p-5
0x1.d6940ep-6
-0x1.bb33ep-3
0x1.23ed28p-2
-0x1.9421bp-3
-0x1.0ea26cp-2
-0x1.6f2e7cp-4
-0x1.2496d6p-1
-0x1.ea86aep-7
-0x1.b0dae2p-2
0x1.185af8p-2
0x1.4509f8p-2
0x1.f62fecp-3
-0x1.5bbe6p-4
0x1.78abeap-5
0x1.8eb7b6p-4
-0x1.d38362p-3
-0x1.d8ca8cp-3
-0x1.b96b98p-3
0x1.67b4ccp-2
0x1.35343ap-3
0x1.3da20ep-2
0x1.9e6c84p-3
-0x1.0fdf94p-3
-0x1.26fc46p-2
0x1.257874p-5
-0x1.73ee16p-4
-0x1.730372p-3
-0x1.9ed19p-6
0x1.68331cp-3
-0x1.5da074p-2
-0x1.8db4e6p-2
-0x1.5d0b18p-5
-0x1.c6f28cp-2
0x1.c23662p-3
0x1.36f71cp-5
-0x1.04dfe2p-2
-0x1.b130bap-3
-0x1.269b14p-2
-0x1.e76ba4p-3
0x1.820c02p-3
-0x1.c493a8p-5
0x1.f5839ep-2
-0x1.0435e4p-6
-0x1.1dc956p-4
0x1.b7e72p-5
0x1.2db08p-5
-0x1.309614p-3
-0x1.58143cp-5
0x1.08a8b4p-1
-0x1.063b8cp-2
-0x1.28943cp-3
-0x1.2f2bfp-3
-0x1.774a2cp-5
0x1.92e0c8p-3
-0x1.fd0402p-3
-0x1.8a9864p-4
-0x1.0ddba2p-5
-0x1.084a42p-6
0x1.f0b38ap-2
-0x1.1f7064p-3
0x1.46b222p-2
-0x1.3bb7cep-4
0x1.243b9p-2
-0x1.d7f858p-2
-0x1.43728ep-4
0x1.4ddb2p-6
-0x1.749f94p-5
0x1.122b04p-2
-0x1.4e84ecp-2
0x1.584e66p-3
0x1.7efe2ep-4
-0x1.57aa7cp-3
-0x1.fb5df4p-5
-0x1.22664p-7
0x1.d2663cp-4
-0x1.2306a8p-2
0x1.3ebd68p-2
0x1.278eaap-4
0x1.a95fp-4
0x1.a3fb22p-3
-0x1.fae3bep-3
0x1.5e86f2p-3
0x1.617438p-3
0x1.e2e3a4p-2
0x1.76087ap-4
0x1.2505dcp-4
-0x1.6a5fap-4
0x1.17e1bep-4
0x1.6901ccp-1
0x1.53bcccp-2
0x1.40d13ap-4
0x1.614598p-1
0x1.5bdc46p-4
0x1.ffbefep-5
0x1.c4bec8p-4
-0x1.3c31fp-3
-0x1.94697ap-2
0x1.97c85p-2
0x1.9ea6bep-7
0x1.93be3ap-3
0x1.2163fp-2
0x1.01f4d4p-2
-0x1.eb669cp-3
-0x1.aaaf98p-3
-0x1.0b4efep-3
-0x1.bf87bcp-5
-0x1.232084p-1
0x1.12e0fcp-3
-0x1.268416p-5
-0x1.09416ap-3
0x1.60e918p-2
0x1.a5c7fp-7
0x1.8acf74p-7
0x1.c2dc74p-4
0x1.ac952ap-2
-0x1.6375eep-3
-0x1.5ec62ap-1
0x1.4da10cp-3
0x1.ef9576p-4
0x1.0e2c86p-2
-0x1.c71e0cp-5
-0x1.49984cp-3
-0x1.8ebb84p-2
0x1.1cc166p-4
0x1.84630ap-2
0x1.408eep-3
-0x1.eb95eap-8
0x1.c2606ap-3
0x1.4dd6a8p-4
0x1.f198fcp-2
-0x1.c59fa8p-4
-0x1.7c44eep-3
-0x1.d6c0fap-3
0x1.1439c8p-4
-0x1.75942ep-2
0x1.1ae0bap-3
0x1.5f3218p-3
0x1.27e7d6p-4
0x1.96b3dep-3
0x1.84228p-5
-0x1.35230ep-3
0x1.fe1eccp-3
0x1.a79e82p-2
-0x1.f3499ap-4
0x1.756544p-2
0x1.4b5534p-3
0x1.865bp-3
0x1.84e1b8p-4
0x1.c33536p-2
-0x1.3e64b4p-4
-0x1.9e12fap-3
-0x1.8c94eep-4
0x1.c72b0cp-2
0x1.11735p-3
-0x1.6253ccp-3
-0x1.ef72fap-2
-0x1.308dbcp-2
0x1.7d09a4p-4
-0x1.62e038p-3
0x1.1f3014p-4
0x1.a181b6p-4
0x1.fa2d62p-2
0x1.f3a5c8p-2
-0x1.519a66p-5
0x1.4abe72p-9
0x1.1cc6d8p-4
0x1.48b0d6p-2
-0x1.3c7a38p-2
0x1.2f8c0cp-4
-0x1.358798p-2
-0x1.ad3b02p-3
0x1.0829cap-3
-0x1.2ea274p-4
-0x1.f1840ap-9
-0x1.2c73p-3
0x1.cb73ccp-3
-0x1.b9b528p-1
-0x1.d4653ap-2
-0x1.6d062ep-2
-0x1.4f8518p-5
0x1.d67c76p-2
-0x1.c0db0ap-6
-0x1.f36f28p-4
-0x1.790562p-3
0x1.e92e5ap-3
-0x1.c7f8bp-4
-0x1.ca9fa2p-10
-0x1.5b342cp-2
0x1.cedb88p-2
-0x1.fd928cp-4
-0x1.d857fcp-4
0x1.078b5ep-3
0x1.159ee4p-3
0x1.a1302ep-2
0x1.4e7dfap-2
0x1.86973ap-5
0x1.3efe0cp-3
-0x1.0a3a76p-2
-0x1.8cdb6p-5
0x1.00ac1p-2
-0x1.ba07b8p-2
-0x1.5b1efep-2
0x1.48d45cp-3
-0x1.4a40fcp-5
-0x1.0d2fbap-2
0x1.e2e39ep-1
0x1.1f62e6p-3
0x1.4c5f3p-4
0x1.74fe2p-3
0x1.04646ap-1
-0x1.5d7dbep-4
-0x1.931a04p-3
0x1.110fb8p-2
-0x1.d7de62p-2
-0x1.76d486p-4
0x1.311b9p-2
-0x1.6cbafap-6
-0x1.7eaf6p-4
0x1.200656p-2
-0x1.566fe8p-2
-0x1.8e9d76p-6
-0x1.f6ee9cp-3
0x1.5c72c2p-2
0x1.8f3aeep-2
0x1.961dfep-2
-0x1.b62acep-3
0x1.cf77b8p-2
-0x1.d53a24p-7
0x1.a58d9p-3
0x1.7bcbc6p-3
0x1.85bdfap-2
-0x1.298db4p-2
-0x1.92016cp-4
-0x1.721ed4p-1
0x1.868142p-2
0x1.671f82p-5
-0x1.c4d09ap-7
-0x1.b44baap-3
-0x1.02ffe2p-2
0x1.723e1ap-3
-0x1.26c69ep-3
0x1.b5e06p-3
0x1.89a93cp-3
-0x1.151d36p-4
-0x1.23107ap-3
-0x1.a41206p-3
-0x1.ba5a88p-2
-0x1.a8e94cp-3
0x1.ed928ap-4
-0x1.2557bp-2
-0x1.9f1b38p-2
-0x1.04441p-1
-0x1.48c95ep-2
-0x1.924e96p-1
0x1.0fe1fcp-3
0x1.43f726p-1
-0x1.e6e166p-3
0x1.011bfap-2
0x1.c44132p-4
0x1.083f22p-2
-0x1.8c3e2cp-5
-0x1.c9cb94p-2
0x1.62a158p-4
0x1.3d5ff4p-1
0x1.93f26ap-4
-0x1.d56f22p-4
-0x1.1d299ap-3
-0x1.0247c6p-2
-0x1.94a666p-1
-0x1.89232cp-7
-0x1.ed460cp-4
-0x1.46c9a6p-1
0x1.f9c326p-3
-0x1.3bda9ap-1
-0x1.46ba3ap-5
-0x1.5cb0d8p-2
-0x1.b3d6dep-2
-0x1.4d2dbep-5
-0x1.0cb296p-1
0x1.40f7b2p-5
0x1.d8836cp-6
0x1.30fbc4p-6
-0x1.1da34p-1
0x1.c911c4p-3
0x1.fb358p-2
-0x1.c82fc4p-2
0x1.c2357p-1
0x1.49b9cep-2
0x1.5f805cp-2
0x1.890ffap-1
0x1.07fe1ap-2
0x1.b9335p-3
-0x1.758cfap-3
-0x1.e98e74p-3
0x1.f3ddc2p-1
0x1.031f0ep-1
-0x1.30a59ap-1
0x1.02dda6p-4
-0x1.0da568p-2
0x1.92ae5cp-1
-0x1.47d176p-1
0x1.34269p-3
-0x1.117976p-3
0x1.0d8aa8p+0
0x1.3bf33cp-3
-0x1.49782ap-1
-0x1.d0d4fp-3
0x1.1da172p-2
0x1.426a2cp-4
0x1.f43f2p-2
-0x1.1a6b3cp-3
-0x1.c95c76p-6
-0x1.493052p-4
-0x1.c7b808p-3
0x1.9c004ep-2
-0x1.03f99p-3
-0x1.69af7ap-4
-0x1.3910a8p-2
0x1.c3d25cp-4
0x1.3fcd3ap-2
0x1.da3e5cp-2
0x1.322862p-3
0x1.196626p-4
-0x1.85f8dp-2
0x1.8d1d4ep-4
0x1.1ed3b6p-3
-0x1.ae3e82p-3
-0x1.93f1eep-2
0x1.b8e452p-3
0x1.a0a06ep-2
0x1.30c416p-1
-0x1.713a8cp-4
-0x1.ca49d8p-2
-0x1.840994p-3
-0x1.16475cp-1
0x1.289456p-2
0x1.6dcd7ep-1
-0x1.6478f2p-8
0x1.f22ac6p-2
-0x1.d27c28p-3
0x1.885bp-3
-0x1.36235ep-2
-0x1.c08b5p-3
-0x1.8a7d5cp-3
-0x1.4c16cp-2
0x1.e8dbfep-2
-0x1.20ef0cp-3
0x1.eaa792p-2
-0x1.99772cp-4
-0x1.34031cp-2
0x1.6c8e5ap-2
0x1.243e6ep-1
-0x1.84a932p-3
0x1.98f14ap-2
-0x1.e44396p-2
-0x1.e6ce1p-3
0x1.96007ap-4
0x1.7d3c56p-4
0x1.85f10ep-2
0x1.6ff588p-2
0x1.1a3d7cp-2
0x1.9c2318p-2
-0x1.fbd6dp-4
0x1.53935p-2
0x1.b48a96p-2
0x1.e01688p-2
-0x1.4a4264p-5
-0x1.18c4c6p-2
0x1.d524a8p-1
0x1.40b44p-1
0x1.28fe4ap-2
-0x1.0686aep-2
-0x1.d4dbd6p-3
-0x1.035decp-1
0x1.9f5d3ap-5
0x1.2552bcp-2
-0x1.7d4108p-4
0x1.196eb8p-2
0x1.9ddb6ep-2
-0x1.9ddb6ap-2
