7
110
25
20
15
10
5
2
tanH
tanH
tanH
tanH
tanH
softmax
0x1.88f64cp-1
0x1.d1594ap-2
-0x1.7d1a92p-2
-0x1.0a41b4p-2
0x1.7b084ap-3
0x1.c8da66p-3
-0x1.0006aap-8
-0x1.4f3e56p-2
0x1.ce890ap-3
0x1.d5e06ap-3
0x1.97f978p-5
0x1.1c78b2p-3
0x1.23b8bcp-4
-0x1.fb1706p-3
-0x1.5aaaa8p-2
0x1.3f12bap-3
0x1.7eae0ep-5
0x1.1a3ecp-2
-0x1.8d6aa8p-2
-0x1.c244b8p-4
-0x1.32248cp-4
0x1.5fe024p-3
0x1.4bd286p-3
0x1.1fc0f2p-2
-0x1.9b07a4p-4
0x1.63740cp-1
0x1.a6a906p-2
-0x1.273a9ap-1
-0x1.01cf5p-1
0x1.068086p-1
0x1.26e0fp-1
-0x1.5da7f4p-3
-0x1.921414p-2
0x1.793f34p-2
0x1.40670ep-2
-0x1.c0ae2p-5
0x1.af25fap-3
0x1.d5563p-2
-0x1.327a98p-1
-0x1.083c58p-1
0x1.a85268p-2
0x1.ddbd76p-2
0x1.c25564p-2
-0x1.49e524p-1
-0x1.72c4dep-2
0x1.73916p-7
0x1.48d29ep-3
0x1.540012p-2
0x1.d4d4cap-3
-0x1.681aeep-2
0x1.74bb5cp-2
0x1.5f5444p-2
-0x1.5c925cp-3
-0x1.5353dcp-3
-0x1.8eea2cp-2
0x1.9ba8cap-7
-0x1.30c266p-3
-0x1.f83ae2p-5
0x1.21613ep-4
-0x1.59951p-4
0x1.606d54p-3
-0x1.3cd3ep-5
-0x1.9e6284p-4
-0x1.542a5ep-8
0x1.19e9c4p-4
-0x1.60ab06p-3
0x1.6033p-6
0x1.fa10a2p-3
-0x1.2ad21ap-3
-0x1.b81774p-3
-0x1.715c06p-6
-0x1.b2a02p-2
0x1.5edd9p-4
-0x1.95f86ap-9
-0x1.ab8358p-3
-0x1.224936p-6
-0x1.f8ba4ap-2
0x1.852348p-2
-0x1.6efdc6p-2
-0x1.be1728p-2
0x1.3e5606p-3
0x1.4d4fb8p-2
0x1.ce94bap-4
-0x1.ece984p-2
-0x1.432abap-1
0x1.0605a6p-2
-0x1.4de688p-5
-0x1.4e54fp-2
-0x1.cb6dbep-2
-0x1.e87076p-4
0x1.04743p-5
0x1.5bb35ep-1
0x1.784598p-2
0x1.bedf44p-2
0x1.2825fcp-2
0x1.46387ap-1
0x1.339d34p-1
-0x1.53a672p-5
-0x1.22432cp-1
0x1.76ad5ep-5
0x1.c6402ep-2
0x1.8e4214p-2
-0x1.6e2af6p-4
-0x1.35dd66p-2
0x1.61624cp-2
0x1.221a1ap-2
-0x1.18add4p-4
-0x1.70f8fcp-2
0x1.5bd3fep-3
0x1.cf5c74p-2
-0x1.dda156p-5
0x1.0abf58p-2
0x1.6668eap-3
-0x1.0cdd7ap-2
-0x1.f96408p-2
0x1.1ccfcep-1
-0x1.200c56p-2
0x1.f153c4p-3
-0x1.c4d692p-2
-0x1.f645cp-2
-0x1.a204fcp-3
-0x1.1bb4a2p-5
0x1.4ea9a2p-3
0x1.0c960ep-2
0x1.f70cdep-3
0x1.552486p-1
0x1.36386ep-1
-0x1.009a94p-1
-0x1.2d0e02p-1
0x1.1d7bb4p-1
0x1.281114p-2
-0x1.b7ca7p-3
-0x1.891334p-2
0x1.9a92fap-2
0x1.3f321p-1
0x1.0c6a0ap-4
0x1.31adf4p-2
0x1.48402p-3
-0x1.dc7194p-2
-0x1.5ba8cp-1
0x1.757fcap-1
-0x1.31a016p-4
0x1.43429ep-2
-0x1.4e22eep-1
-0x1.45ac9cp-2
-0x1.be9ca4p-3
-0x1.b129dcp-6
0x1.6c53cp-3
0x1.92c828p-3
-0x1.9a7cdcp-5
-0x1.f3261ep-4
0x1.230a18p-3
-0x1.2f7d8cp-2
-0x1.2bd458p-2
0x1.aaaa96p-2
0x1.f6af9ap-3
-0x1.19deep-4
-0x1.8368ccp-2
0x1.56f9dcp-2
0x1.75be4ep-3
-0x1.9eafe2p-3
-0x1.7e07cap-3
0x1.3cdac2p-5
0x1.4e1ee4p-5
-0x1.53c05p-5
0x1.ff44dap-3
-0x1.4c62eap-5
0x1.4303eap-2
-0x1.423e08p-3
-0x1.67c974p-4
-0x1.2aa0bcp-2
0x1.8a88e8p-8
0x1.e17c8cp-3
0x1.b7a21p-2
-0x1.05483ep-1
-0x1.d4c88cp-4
0x1.dc1e1ap-4
-0x1.4ecf6ep-5
0x1.33461ap-3
0x1.28891cp-8
-0x1.c5b6e2p-5
0x1.6a9536p-2
0x1.5f295cp-4
0x1.9201cp-5
0x1.482fcp-3
0x1.39ef8p-3
0x1.2b8b6ap-10
0x1.28263ep-2
0x1.566a48p-6
0x1.cafc14p-3
-0x1.6393dp-7
-0x1.34ad0ap-2
0x1.096084p-3
-0x1.b75ce2p-3
-0x1.fe19ep-8
0x1.96113ep-6
-0x1.b2b994p-2
0x1.22d1b6p-3
0x1.ed600cp-4
0x1.955f5cp-2
-0x1.e8c48p-3
-0x1.0000b8p-3
0x1.08dd3cp-5
0x1.3d75c4p-2
-0x1.99e87ap-1
-0x1.067428p-1
0x1.6a645ep-2
0x1.09ff5cp-1
-0x1.5e630ap-4
-0x1.b8ee88p-3
0x1.21e716p-1
-0x1.473ad2p-2
-0x1.38bc5ap-3
0x1.989b52p-2
0x1.a2b8bep-4
-0x1.ad8a24p-3
-0x1.9f6042p-4
-0x1.8982ap-2
0x1.a1a34ep-3
0x1.145288p-3
0x1.0f4fd4p-2
-0x1.02bc9p-2
-0x1.f51a1p-2
-0x1.391f76p-1
0x1.876a92p-2
-0x1.d3ea88p-6
-0x1.d86fa2p-6
-0x1.072bd8p-4
-0x1.9aef4ep-4
-0x1.316496p-5
0x1.d82edep-3
-0x1.65906ap-3
-0x1.4e2b0ep-3
-0x1.b5d8a6p-5
0x1.b55948p-3
0x1.ca08dap-2
0x1.9677a4p-2
0x1.af1de6p-6
-0x1.cd1e64p-3
0x1.304b8p-3
0x1.a1c344p-3
-0x1.3f6ae2p-4
0x1.fcf2a4p-4
-0x1.8668d8p-3
-0x1.480b58p-2
0x1.5dc60ap-6
0x1.145e6ap-2
0x1.505822p-3
0x1.dab74p-6
0x1.19b724p-3
-0x1.1fb61ap-4
-0x1.a01364p-5
-0x1.cfe7e8p-3
-0x1.7af458p-3
0x1.4926d6p-4
0x1.4fc07ap-2
-0x1.0633bep-2
-0x1.f38de6p-5
0x1.179ab2p-3
-0x1.a74b56p-5
0x1.f67872p-2
0x1.79142ap-2
-0x1.bbfa2ap-4
-0x1.21a38p-2
0x1.99d6acp-5
0x1.98155p-4
-0x1.4d69aap-5
0x1.3d59dap-4
-0x1.3156acp-3
-0x1.2a510cp-3
0x1.7cb17ep-3
0x1.d8ad6p-4
0x1.8c9818p-6
0x1.2fcd2ep-3
0x1.fc7ee8p-4
0x1.8a2c84p-2
0x1.79cc7ep-2
-0x1.adf6bep-2
-0x1.6f0e08p-4
0x1.0f8b1cp-2
0x1.24142ep-1
-0x1.102ed6p-3
-0x1.d3534p-4
-0x1.20ba68p-6
0x1.ac5568p-4
0x1.376296p-2
0x1.3181d6p-3
0x1.4195f6p-2
-0x1.7ca6eap-2
-0x1.345eb6p-2
0x1.bbc38ap-3
0x1.da00acp-4
0x1.d1f2f6p-2
-0x1.71e186p-2
-0x1.880908p-2
-0x1.4c4a14p-4
-0x1.3335dap-3
0x1.36ea44p-5
0x1.b5091ep-3
0x1.13df36p-4
-0x1.3b6da4p-4
0x1.6491bp-3
-0x1.4c12dap-3
-0x1.37eb12p-3
-0x1.2bfd1ep-2
0x1.12200ap-6
0x1.fd76fcp-5
0x1.fb11ap-7
-0x1.d72bfap-4
0x1.617788p-6
-0x1.95e002p-3
0x1.dfc22p-3
0x1.90e37ap-5
-0x1.2229d4p-2
0x1.50a3d2p-3
-0x1.d383f6p-7
0x1.5d8ef8p-3
0x1.e947ecp-2
0x1.3dd538p-3
-0x1.4e216p-2
0x1.254ffcp-2
0x1.9ec5e2p-3
-0x1.944f26p-3
-0x1.64481ep-3
0x1.4d4104p-3
-0x1.11da4ep-2
0x1.8eda8ep-6
0x1.8ab85p-4
0x1.cd477cp-2
-0x1.a5bc14p-6
-0x1.71ec2ap-3
-0x1.0a680ap-4
0x1.f31ab4p-4
0x1.553652p-4
-0x1.2cc0e8p-3
-0x1.9ac134p-3
-0x1.be2066p-3
0x1.6cc7p-7
-0x1.1bb75ep-4
0x1.616ee2p-2
-0x1.b0d4b4p-2
-0x1.71e6cap-5
-0x1.fe2c6ap-2
0x1.610e56p-2
0x1.c3d02p-2
-0x1.8a6724p-5
0x1.2ba15ep-2
-0x1.33eefcp-2
-0x1.7e1b22p-4
0x1.b04f1p-5
0x1.08266ep-5
-0x1.38843ep-3
-0x1.1c1218p-2
0x1.698818p-5
-0x1.f16194p-2
-0x1.bd744ep-8
-0x1.1a5e26p-3
0x1.bfb624p-4
-0x1.764aa8p-4
-0x1.76d92p-2
0x1.bfd2c8p-6
-0x1.335284p-2
-0x1.39409ap-2
-0x1.704a62p-2
0x1.0e3c84p-2
-0x1.18a6b4p-2
0x1.6672a2p-4
-0x1.edb37ep-5
0x1.1f9d4cp-5
-0x1.6652aep-4
0x1.4918ccp-2
0x1.a90166p-2
-0x1.0e91aap-2
-0x1.bc88dp-3
-0x1.3d328ep-2
-0x1.ed29a8p-6
0x1.02dc54p-3
-0x1.6c91fcp-6
-0x1.9962f4p-4
0x1.c28f1ep-3
0x1.16d484p-2
-0x1.829ecep-3
-0x1.db790ap-3
0x1.8b757ap-3
0x1.52cf22p-2
-0x1.577734p-3
-0x1.24f512p-2
0x1.f069dp-4
-0x1.f1caa4p-7
0x1.214096p-3
0x1.4d6c38p-3
-0x1.f4a0fep-6
0x1.053e76p-2
-0x1.1d07a2p-2
-0x1.ca4818p-4
-0x1.41241cp-2
-0x1.a23bd4p-4
0x1.10830ep-3
0x1.7a829p-2
-0x1.b6fde6p-2
-0x1.d46298p-5
0x1.d81cd4p-5
-0x1.aed9e8p-3
-0x1.5dc3e4p-2
0x1.b1be0ep-3
0x1.2b0cb6p-3
-0x1.9b649ap-3
-0x1.c433bap-5
0x1.8cc98p-3
0x1.b78548p-5
-0x1.7a75a4p-2
-0x1.961b8p-4
0x1.75e6d2p-6
-0x1.9ff7bap-7
0x1.08f7acp-2
0x1.a1914ap-6
-0x1.8fab76p-3
0x1.e4b93cp-5
0x1.18a6aep-4
-0x1.7328ap-5
-0x1.b4b9dap-3
-0x1.4c51dp-5
0x1.29e3bap-3
0x1.bafd3p-2
-0x1.4cfe64p-2
-0x1.844482p-4
0x1.b218f6p-6
-0x1.46378p-3
-0x1.986a5cp-4
0x1.b111e6p-4
0x1.b843f8p-3
-0x1.23aea8p-2
0x1.84abap-14
0x1.a1999ep-3
0x1.76721p-2
-0x1.b0646ep-7
0x1.7197ccp-8
-0x1.e60f12p-4
0x1.637a82p-3
0x1.aef168p-4
-0x1.eb853cp-4
-0x1.d2ed32p-2
0x1.0a2d7ep-3
0x1.2b37p-2
-0x1.05d458p-2
-0x1.026048p-2
-0x1.59339ep-4
0x1.871a76p-2
0x1.fa30e2p-3
-0x1.6f190ep-2
-0x1.ab7f38p-4
-0x1.3e84a6p-5
-0x1.002f04p-3
-0x1.485216p-2
0x1.966d02p-3
0x1.d1c33cp-3
-0x1.736cd8p-2
-0x1.bbce48p-5
0x1.33eefep-1
0x1.4772e2p-1
-0x1.a7974ep-2
-0x1.c847ap-3
-0x1.d2ef22p-4
0x1.9270f4p-4
0x1.dbf7cp-3
-0x1.c6c7eep-5
-0x1.7bb006p-2
0x1.cc33bap-3
0x1.1284b6p-3
-0x1.786ac4p-2
-0x1.699dep-2
-0x1.d8d862p-3
0x1.c53c18p-3
0x1.ad6d26p-2
-0x1.7e0692p-2
0x1.148f02p-8
0x1.5ef89ep-5
-0x1.1a9556p-3
-0x1.90685ap-4
-0x1.93cb6ep-7
0x1.f35438p-3
-0x1.df544cp-2
-0x1.8196d8p-3
0x1.e1eb6p-3
0x1.da30e6p-2
-0x1.69ff6p-2
-0x1.7b90e8p-3
0x1.d64718p-6
0x1.0e7878p-5
0x1.3616c4p-3
0x1.1b9994p-4
-0x1.c88ed8p-2
0x1.88626ep-8
-0x1.11bfe6p-3
-0x1.49b9dep-2
-0x1.a1aa94p-3
-0x1.14505cp-2
0x1.3db1fp-2
0x1.7c5336p-2
-0x1.f2fd08p-2
0x1.06b88ap-2
0x1.d523f4p-8
0x1.032476p-4
0x1.60b64p-3
-0x1.43b1c4p-3
-0x1.150468p-2
0x1.988be6p-3
-0x1.3057bp-7
0x1.a6e53ep-4
0x1.a41db4p-6
-0x1.159d5ap-3
0x1.3f840cp-4
0x1.75aeeap-6
-0x1.0b862ep-3
0x1.4fc302p-4
-0x1.2744a4p-3
0x1.4e0712p-3
-0x1.10a0dcp-5
0x1.b0d3e8p-3
-0x1.c9f37p-5
0x1.6ef9b2p-3
0x1.30569ap-3
-0x1.ae1cap-5
-0x1.e7834ep-3
0x1.b09d62p-4
0x1.ffc93ep-3
-0x1.d4ff3p-3
0x1.97213ap-4
0x1.8b3eacp-2
0x1.4efdep-2
0x1.aa0cbep-3
-0x1.2b6408p-4
0x1.e4be9p-5
-0x1.432d84p-3
0x1.2dcbecp-4
0x1.95aa7cp-5
0x1.c64a4ep-3
0x1.3842fap-3
0x1.17a5bap-5
-0x1.c0a862p-4
0x1.d624e8p-4
-0x1.1d7328p-3
-0x1.698102p-2
-0x1.a92f2p-4
0x1.45e874p-4
-0x1.56cdeap-3
-0x1.7d5a3p-3
-0x1.8fc9fcp-5
-0x1.cd292p-10
0x1.8c2082p-2
0x1.e30608p-6
-0x1.0f9674p-3
0x1.c45672p-3
0x1.679c6ap-3
0x1.797f3ap-7
0x1.3a0ff8p-3
-0x1.33b408p-5
-0x1.580f42p-2
-0x1.2fd4b4p-3
-0x1.d75d2ep-4
-0x1.4e2c82p-8
-0x1.cd9496p-6
0x1.2d34d8p-3
-0x1.724b24p-2
-0x1.981c2p-5
-0x1.2de556p-3
-0x1.bd4c32p-5
-0x1.039352p-3
0x1.d1dd12p-4
0x1.94cc54p-3
0x1.26d31ap-2
0x1.ec316ep-2
0x1.a49e9cp-3
-0x1.ddfdeap-5
0x1.b7f854p-5
-0x1.ff9cd2p-2
0x1.44f156p-3
0x1.e74d08p-4
0x1.2130e6p-2
0x1.1408a2p-3
0x1.babf22p-3
0x1.4f557ap-11
-0x1.b3eb2cp-3
0x1.304146p-2
0x1.ac538ep-3
-0x1.9ce98ap-2
0x1.2270d8p-3
-0x1.c391b2p-3
0x1.51cd08p-6
0x1.841f28p-1
-0x1.6f03b2p-2
-0x1.af5596p-2
-0x1.831c5ep-3
0x1.169166p-4
0x1.a51f6cp-4
-0x1.aa5c78p-2
0x1.c6cf98p-3
-0x1.ed78aap-5
0x1.d9b4bap-4
0x1.65711ap-3
0x1.c3d364p-2
-0x1.4b207p-1
0x1.24817ap-2
-0x1.df92p-5
-0x1.5fc94cp-6
-0x1.2554c4p-4
0x1.2aa03ep-3
-0x1.b3186cp-3
-0x1.0dd5ecp-1
-0x1.894fcap-2
0x1.62e642p-2
0x1.a8dcfap-3
0x1.b1f626p-2
-0x1.6f6016p-3
-0x1.7acbap-2
0x1.c34276p-2
0x1.f20bf2p-3
0x1.5a4dep-4
-0x1.51910ep-2
0x1.6fe76cp-2
0x1.48d9c4p-1
-0x1.91abbp-8
-0x1.7de4ecp-2
-0x1.146deep-2
0x1.9418fap-4
-0x1.8d1c02p-3
0x1.12f98ep-6
-0x1.52f088p-3
-0x1.83f412p-5
0x1.acbb2p-3
0x1.96d68p-2
0x1.6ba48p-4
-0x1.a30efap-3
-0x1.d2679ap-3
0x1.8f08dep-5
0x1.30b2fcp-7
0x1.24af1p-3
0x1.f71fdep-4
-0x1.2368fap-2
0x1.72266ep-3
0x1.2d6fe2p-5
0x1.f59952p-4
-0x1.7fa4bcp-3
0x1.4af84ap-4
0x1.c11b78p-2
0x1.a31998p-4
0x1.34ad06p-3
0x1.332f0ap-5
-0x1.4966a6p-3
0x1.ce1774p-4
0x1.806b5ap-3
-0x1.1a2d9p-3
0x1.e53ee6p-5
0x1.16443cp-7
0x1.e0c77p-4
-0x1.37eaa4p-6
-0x1.8cfdep-2
-0x1.19a4a2p-2
0x1.5d2b8p-11
0x1.03b186p-4
-0x1.537904p-4
0x1.5e383ep-3
0x1.ace9aep-2
0x1.59aedep-3
-0x1.40b496p-3
0x1.cd8858p-4
-0x1.2ab2dcp-4
0x1.7bd652p-3
-0x1.dbb99cp-3
0x1.78353cp-3
0x1.0d3ef8p-7
-0x1.396528p-2
0x1.c8fe2ap-3
0x1.1ec604p-3
-0x1.8020c4p-5
-0x1.408034p-4
-0x1.f2a13ap-3
0x1.3b2f5cp-4
0x1.c89026p-3
0x1.b3984p-6
0x1.475af8p-5
-0x1.80d822p-5
-0x1.91b1a8p-4
0x1.3d8e5ap-4
0x1.ec979ap-5
-0x1.ccd38ep-3
-0x1.f1417cp-4
0x1.0ec196p-2
-0x1.2b8d94p-2
-0x1.5bb34p-3
-0x1.77af94p-3
0x1.26ec2cp-2
0x1.a57e72p-7
-0x1.38733ap-5
-0x1.1f8feep-7
0x1.94c6cp-5
-0x1.d2cfd8p-3
-0x1.60d06ap-6
-0x1.7f9bc2p-7
0x1.29ae28p-2
0x1.57ad02p-3
-0x1.244bf2p-4
-0x1.38189p-4
0x1.dfdad6p-5
0x1.b98756p-3
0x1.144724p-2
-0x1.9a8c6cp-3
-0x1.9b4c2p-4
0x1.8fab0ap-4
0x1.0ac882p-2
0x1.1fb696p-4
-0x1.873e0cp-8
-0x1.48acf6p-4
0x1.9eaffap-4
-0x1.48b4bep-3
0x1.994dbcp-6
-0x1.e7c3d2p-4
-0x1.9c9558p-2
-0x1.96c31p-3
0x1.9efd44p-5
-0x1.1ab2e6p-2
-0x1.bebb82p-3
0x1.633192p-5
-0x1.09245ep-5
-0x1.41a57p-3
-0x1.18a538p-4
0x1.83f014p-4
-0x1.6065e4p-4
0x1.3d1cb6p-4
0x1.0ef146p-6
-0x1.122caap-6
0x1.7a222p-4
-0x1.2b0beap-6
-0x1.56d916p-5
0x1.31ef7ep-2
0x1.00b47cp-3
0x1.29322cp-3
0x1.ff6a44p-3
-0x1.c5ef0ap-6
0x1.470d6ep-8
0x1.20957ep-3
-0x1.742c42p-3
-0x1.0751b4p-2
0x1.e9646ep-7
-0x1.40fcdep-4
-0x1.b7187ap-3
-0x1.018166p-3
-0x1.af8fb8p-5
0x1.2c856cp-4
-0x1.e0543ep-3
-0x1.c68ebep-4
0x1.d326b4p-7
-0x1.1f56fcp-3
0x1.89ab18p-5
0x1.544846p-4
0x1.3622bcp-3
-0x1.242928p-7
-0x1.6688e4p-6
-0x1.c2762p-4
0x1.687c38p-3
-0x1.10871ep-2
0x1.c01746p-3
0x1.c28fa2p-3
0x1.9eca1ap-3
0x1.06987cp-2
0x1.e92f6ep-4
-0x1.4504acp-3
-0x1.c23fb6p-5
0x1.5c899ap-3
0x1.4c6676p-4
0x1.a87c68p-5
0x1.58464cp-8
0x1.161aep-2
0x1.c9fa7p-6
-0x1.4a7dd4p-5
-0x1.a60578p-4
-0x1.ae060ap-4
0x1.09276cp-2
0x1.9fe502p-4
-0x1.e9417cp-6
-0x1.1a0accp-4
0x1.42486p-4
-0x1.057de6p-5
0x1.7cbc16p-8
-0x1.24d672p-2
-0x1.7bda7cp-4
-0x1.18c73p-3
0x1.4e50d2p-5
-0x1.0a47c2p-2
0x1.270992p-2
-0x1.5e40f4p-3
-0x1.8292f4p-4
0x1.4b2136p-5
0x1.237b2ep-2
0x1.cd11f6p-2
0x1.839a04p-2
0x1.c43774p-4
0x1.03539cp-9
-0x1.eb68b2p-4
0x1.1064dap-3
-0x1.a3535p-3
-0x1.ff8d16p-3
0x1.42ae28p-2
-0x1.c9fb24p-5
0x1.0a3146p-4
0x1.cbf942p-3
0x1.c98fep-3
-0x1.41cb42p-2
0x1.b653f8p-3
-0x1.aff5eap-3
0x1.e39752p-4
0x1.78605ap-7
-0x1.4c10c6p-3
0x1.e0596p-3
0x1.24c962p-5
-0x1.421634p-3
-0x1.967bf6p-8
0x1.be915ap-3
0x1.a9651p-4
0x1.00598p-3
0x1.3ed63ep-3
0x1.36fc68p-3
-0x1.7acaf6p-3
0x1.2458dep-3
-0x1.4fd69p-4
-0x1.e63e2cp-4
0x1.98b662p-3
0x1.04937ep-2
0x1.f58342p-3
0x1.c4e488p-4
0x1.7baf68p-2
0x1.57ce18p-3
-0x1.96e4c8p-3
-0x1.042fc8p-4
-0x1.4e783ap-8
-0x1.425eep-2
0x1.28119cp-2
0x1.921912p-5
-0x1.b50f68p-4
0x1.0388a8p-3
0x1.bde056p-4
0x1.71e652p-2
0x1.0f6876p-4
0x1.223576p-3
0x1.958402p-2
0x1.48a064p-7
0x1.1721c2p-5
0x1.8ca3aap-3
0x1.b41ca4p-10
0x1.a5e1d2p-3
-0x1.2d6316p-3
0x1.ec83d8p-3
0x1.52da62p-5
0x1.9aa712p-6
0x1.9e9d46p-3
0x1.104faap-3
0x1.502fdp-5
-0x1.6006d6p-5
0x1.976cc8p-5
-0x1.53ff5ep-5
-0x1.943d2cp-8
-0x1.16f2bp-1
0x1.3921bep-4
0x1.072d8ep-3
-0x1.4f64dcp-3
0x1.c7fb48p-5
0x1.74d892p-4
0x1.481fe4p-5
0x1.308d28p-3
0x1.86f76cp-3
-0x1.0e4428p-4
0x1.4df80ap-2
-0x1.803e62p-4
0x1.24dcbep-2
0x1.4cab78p-6
0x1.a897ep-3
0x1.e8b2e8p-3
-0x1.1ab258p-4
-0x1.3df056p-5
0x1.c12136p-3
-0x1.669eaep-3
0x1.68f7fcp-3
-0x1.72955ap-3
0x1.c3192ep-6
0x1.345f4ep-3
0x1.cd39a8p-2
0x1.a10f16p-4
0x1.66f018p-5
-0x1.a0df5cp-7
-0x1.41888ap-4
0x1.00151p-2
0x1.a2e038p-5
0x1.4655cap-6
-0x1.0bc798p-3
0x1.a70a32p-4
-0x1.ef8838p-5
-0x1.b96c5p-2
0x1.557972p-4
0x1.d63a1ep-3
0x1.9df408p-3
-0x1.ce1228p-7
0x1.7aaff8p-7
0x1.e4f3fp-5
0x1.d681e2p-3
-0x1.2c5324p-5
0x1.00f702p-2
-0x1.896f46p-6
-0x1.555214p-2
-0x1.42983p-3
-0x1.49f8ap-5
0x1.fab884p-4
-0x1.dc684ap-4
0x1.c8b14p-6
0x1.3cbc4p-5
0x1.4e02a4p-2
0x1.da3bbp-5
0x1.d34de2p-4
0x1.95101ap-4
-0x1.e22a6ep-6
0x1.8eafccp-3
0x1.0ac008p-2
0x1.f0cf68p-5
0x1.e9cfecp-5
-0x1.049d9ap-2
0x1.8a1526p-4
-0x1.c5b218p-3
0x1.82b4b2p-4
0x1.43b238p-4
-0x1.051194p-5
0x1.15fb9ep-3
0x1.4f7a78p-3
-0x1.3f35aap-4
-0x1.fea298p-6
-0x1.1af65ap-5
0x1.32b02cp-4
0x1.68ee0cp-8
0x1.65acfep-4
0x1.f1da4cp-6
-0x1.20945ap-4
0x1.2a3e56p-3
-0x1.fd5684p-5
0x1.707ddap-3
-0x1.9b2118p-3
0x1.1f00f6p-3
-0x1.8eb4c4p-8
-0x1.ee60fp-3
-0x1.f69ffp-4
-0x1.26e42ap-2
-0x1.013f88p-6
0x1.c00de6p-6
-0x1.b79b9ap-4
0x1.23bcc4p-4
-0x1.c955f8p-3
0x1.d4d2d2p-4
0x1.0443dcp-3
-0x1.0534e4p-8
-0x1.487e04p-3
0x1.285fd2p-3
0x1.e81ab8p-4
0x1.7edbaap-6
-0x1.f84ac8p-3
-0x1.43a69ep-2
0x1.636f9ep-4
-0x1.997c32p-2
-0x1.448658p-4
0x1.65c772p-6
0x1.305ca4p-2
0x1.9480c4p-3
0x1.3ed1fep-5
-0x1.3a9996p-4
-0x1.4cf9e2p-4
-0x1.19f20cp-3
-0x1.afa3cep-4
-0x1.519684p-6
0x1.7c86fap-3
-0x1.f08e58p-4
-0x1.18e07p-4
0x1.92bdccp-5
0x1.0ff704p-4
0x1.7d794ep-3
0x1.08ab6ep-2
0x1.067ff4p-3
-0x1.5fa8a2p-4
0x1.3f9b4cp-3
0x1.355886p-5
-0x1.183a32p-2
0x1.06070ap-2
0x1.33cc2ep-2
-0x1.64bff6p-3
-0x1.e837b6p-4
0x1.44e762p-3
-0x1.5e73d2p-4
0x1.9c257p-4
0x1.10eafp-5
-0x1.2bd4bep-4
-0x1.821392p-3
-0x1.9bafb4p-5
0x1.6c4c38p-11
-0x1.69be28p-5
0x1.da2e54p-2
-0x1.7e72cp-6
-0x1.229f4p-3
0x1.e824eap-6
-0x1.ea5a5ep-9
0x1.d2962ep-3
0x1.862146p-3
-0x1.99f29p-4
-0x1.b9448ap-2
-0x1.c009c2p-3
-0x1.7fe912p-6
-0x1.803a02p-3
-0x1.c7408ep-5
-0x1.6df1dcp-2
-0x1.95272ap-3
-0x1.7bde8ep-5
0x1.96146p-6
-0x1.0d9efcp-2
0x1.3a4d62p-3
0x1.bffae4p-4
0x1.185b42p-2
-0x1.43c1bp-7
0x1.71bf82p-4
0x1.a18a24p-3
0x1.03fce6p-8
-0x1.44cb74p-3
0x1.61f96ep-3
-0x1.96adfap-4
-0x1.67a0e8p-2
-0x1.922e3ep-4
-0x1.5f3ca8p-5
0x1.053f96p-3
0x1.a17704p-6
-0x1.0c1eecp-3
-0x1.1b26a2p-5
0x1.e9cdf4p-6
0x1.156308p-2
0x1.5b86fcp-4
0x1.e13e5ap-6
-0x1.06294p-4
-0x1.477e72p-4
0x1.27361p-5
-0x1.e158ep-4
-0x1.781cbp-13
-0x1.7fd6d2p-2
-0x1.6f415cp-3
0x1.3a2178p-3
-0x1.389f96p-4
-0x1.dfb30ap-4
-0x1.0cf874p-3
-0x1.f4d406p-4
-0x1.d83904p-4
-0x1.0339dep-3
0x1.459312p-4
0x1.afc8dcp-3
-0x1.73fd1cp-2
-0x1.29af1ep-5
0x1.2640a4p-4
0x1.684a42p-3
-0x1.8f2e6ap-3
-0x1.f05efap-3
0x1.306034p-2
0x1.7d045p-5
-0x1.f83e3cp-6
0x1.e2f1bep-4
0x1.29f8f8p-4
-0x1.ea2a6ap-5
-0x1.780c1p-3
-0x1.02b642p-2
0x1.040eecp-3
0x1.b38e5ap-2
0x1.d178bp-3
0x1.56007ap-2
-0x1.853608p-3
-0x1.c6d71ep-3
0x1.18add6p-3
-0x1.730ae6p-2
-0x1.65204ep-4
0x1.450a58p-2
0x1.0b3876p-2
-0x1.d9f16ep-3
-0x1.85b9b8p-2
0x1.0647dcp-4
0x1.46e0cp-3
-0x1.c0accap-3
-0x1.2cc456p-2
0x1.6bd46cp-4
-0x1.879d62p-3
-0x1.6915eep-3
0x1.946046p-6
0x1.457036p-2
-0x1.0521c6p-3
0x1.5026aap-2
-0x1.89a786p-2
0x1.c5efa6p-2
0x1.0974d2p-1
0x1.b85b7cp-2
0x1.08223ap-5
-0x1.1ee058p-2
-0x1.0cc6b2p-2
-0x1.f2a9e4p-3
-0x1.02563p-10
0x1.1a22b4p-3
0x1.589fp-5
0x1.4c057ap-5
-0x1.65a48cp-6
0x1.3dcc74p-4
0x1.a13a84p-5
-0x1.7fa93p-4
0x1.26ecfcp-2
0x1.2927dap-3
-0x1.2bd978p-3
-0x1.182fbep-4
0x1.8e7df6p-3
-0x1.036ecp-2
-0x1.d65f4p-4
-0x1.9e7aacp-5
-0x1.c65736p-4
-0x1.08efcap-3
-0x1.3101b4p-6
-0x1.22e14cp-5
-0x1.4d07b6p-4
-0x1.2bc2aap-5
-0x1.abaf5cp-5
-0x1.19401ap-4
-0x1.8ac88ep-7
0x1.187274p-6
-0x1.3b8a7ep-8
-0x1.95bd0cp-4
0x1.6ccb26p-5
0x1.1dca78p-3
0x1.7121b2p-4
-0x1.65d7b6p-3
-0x1.572188p-3
0x1.122dbcp-4
0x1.cb44f8p-5
-0x1.4c598p-2
0x1.66c46ap-4
0x1.86b72cp-4
-0x1.be74aap-3
0x1.ef4b22p-4
-0x1.348f46p-4
-0x1.1ce8b6p-5
0x1.0ce698p-2
-0x1.e8273ap-6
-0x1.f40852p-4
-0x1.22c388p-4
-0x1.ed495p-4
-0x1.839dp-6
0x1.032c26p-3
0x1.47fedcp-3
0x1.2a2b06p-4
-0x1.108c4cp-4
-0x1.6af63cp-4
0x1.45a564p-8
-0x1.1cc912p-8
0x1.daf4dp-4
-0x1.b184bcp-3
-0x1.aefd2cp-3
0x1.0dbcf4p-2
0x1.8117dap-3
0x1.5e357p-6
0x1.6ed5ep-2
0x1.2473c4p-7
-0x1.02a2cap-3
-0x1.59e106p-4
0x1.9d5c7ep-6
-0x1.819b2cp-4
-0x1.05d9e8p-6
0x1.21f03cp-3
-0x1.d12b12p-7
0x1.05b3acp-3
0x1.5e644ep-5
0x1.2f091ap-2
0x1.d295aep-3
-0x1.0ccdd6p-3
0x1.b9b93ap-5
-0x1.1017e2p-3
0x1.62a598p-7
-0x1.101898p-4
0x1.d3085ep-3
0x1.594f68p-5
-0x1.a2dc5ap-4
-0x1.20725cp-2
0x1.1902f2p-4
0x1.9674fap-3
-0x1.8b2f94p-5
0x1.604e1p-3
-0x1.2a2ccep-2
-0x1.348afep-3
0x1.304b1cp-2
0x1.556e84p-4
0x1.0b9cf6p-3
-0x1.ff39ep-3
0x1.834088p-5
0x1.e45aep-4
-0x1.f538dap-3
0x1.08e7dcp-6
0x1.f35f9cp-5
0x1.5ddcd8p-4
-0x1.30c7dp-5
0x1.2c4458p-3
0x1.8e5506p-2
0x1.768b1ap-4
-0x1.c570f6p-4
0x1.2ce38ep-1
0x1.a7ce2cp-2
0x1.9eb528p-3
-0x1.43a704p-1
0x1.10a8ccp-5
0x1.4b028p-3
-0x1.97833cp-2
0x1.3f45c2p-3
0x1.277b62p-2
-0x1.f75decp-4
-0x1.7dc3fcp-4
-0x1.04343p-5
-0x1.7d767cp-4
0x1.988fbap-3
-0x1.a96b0ep-6
0x1.99fec2p-3
-0x1.2e4d94p-4
-0x1.e49ac6p-4
0x1.7f204ep-3
0x1.5133a8p-2
0x1.ca8f3ep-6
-0x1.0773ep-4
-0x1.2e48d6p-4
0x1.c63b66p-3
0x1.a923acp-4
-0x1.5ccb34p-5
-0x1.1d3eacp-4
-0x1.8c35ecp-3
-0x1.9de52ap-8
-0x1.c1c87p-4
0x1.13c91ap-3
0x1.ebe54ep-4
0x1.07bd68p-4
0x1.22c1b4p-4
-0x1.667228p-6
-0x1.1bafc4p-4
-0x1.19f2a4p-3
-0x1.d4903ep-5
-0x1.6b1ffcp-3
0x1.3c36dep-4
0x1.64a9cap-4
0x1.ddede6p-3
-0x1.d521bep-4
0x1.4828dp-4
0x1.7a7b32p-5
0x1.393b62p-4
0x1.7fd2eep-5
0x1.15c4c6p-2
-0x1.c9f5b6p-4
0x1.3e4c12p-3
-0x1.53b44ep-4
0x1.4cbca8p-7
-0x1.c73ed4p-5
-0x1.3a3f7ap-3
0x1.a1876cp-2
-0x1.d49b7ap-4
-0x1.6a2e74p-3
0x1.41d01ap-3
-0x1.af458cp-3
0x1.62c8f8p-9
0x1.7e5374p-3
0x1.ea0e08p-3
0x1.300138p-4
-0x1.81074ep-4
0x1.69eb1ap-5
0x1.0df624p-7
-0x1.93456cp-4
0x1.9aa42ep-5
0x1.f0499p-3
0x1.92246ep-4
-0x1.790f82p-3
0x1.62996cp-5
-0x1.2bc368p-6
-0x1.ee7aa6p-5
-0x1.4abdbep-3
0x1.276c18p-6
0x1.2a5abep-3
-0x1.5f09e2p-4
-0x1.04be98p-2
0x1.8cfe8cp-4
0x1.65e324p-8
-0x1.2e25b2p-2
-0x1.5125fcp-4
-0x1.df9344p-3
0x1.94237ap-3
-0x1.96cb46p-3
-0x1.e10a12p-5
0x1.20568cp-4
-0x1.8888ecp-3
0x1.1ad658p-5
0x1.211766p-3
0x1.cfc356p-6
0x1.6caedap-3
0x1.a11308p-3
0x1.ad93b2p-7
-0x1.ab1b66p-4
0x1.7a40dap-4
-0x1.bdc138p-6
0x1.65308ap-4
0x1.8d25ep-3
0x1.28c13cp-6
0x1.03518p-4
-0x1.270bccp-3
-0x1.df6e16p-4
0x1.59e554p-2
-0x1.9f740cp-6
0x1.9bd8eep-5
0x1.0cf5ccp-3
0x1.4ecdc4p-4
-0x1.a11364p-6
-0x1.dd81ep-3
0x1.9f9928p-6
0x1.19c69ep-6
-0x1.e83bfap-5
-0x1.7d44cap-3
-0x1.6741e6p-4
-0x1.14aff2p-2
-0x1.2fe32ep-3
-0x1.f8807ep-5
-0x1.e977ecp-5
-0x1.0f4d5cp-3
0x1.465b7ep-3
0x1.72c71cp-3
-0x1.13b266p-4
-0x1.256092p-3
-0x1.45b3d2p-3
0x1.b267f8p-5
0x1.0284bep-5
0x1.8b9ba6p-3
0x1.1af6cap-3
0x1.4368ccp-2
0x1.31b4eep-3
0x1.c1b082p-5
0x1.904c1ep-3
0x1.0905ap-6
-0x1.932d8ap-4
0x1.6fab58p-3
-0x1.aa5658p-5
-0x1.396c02p-2
-0x1.11e25cp-4
-0x1.0f0638p-4
0x1.4b62bcp-5
-0x1.e1ad48p-8
0x1.04917ap-4
0x1.33284cp-4
-0x1.59946ep-2
0x1.25cf0ep-4
0x1.80b452p-3
-0x1.a11a9cp-3
-0x1.aa4084p-3
-0x1.94f46p-5
0x1.3ab1ep-3
0x1.773984p-5
-0x1.ed84p-5
0x1.0d2972p-2
0x1.1b4e9ep-3
-0x1.c544cep-10
-0x1.ccc472p-6
-0x1.3f7936p-2
0x1.632838p-3
-0x1.37ee86p-2
-0x1.f67aa8p-8
-0x1.e2d8ep-4
-0x1.3fd57ap-2
0x1.45a80ep-5
-0x1.3d9802p-5
-0x1.8d32aap-5
0x1.ae4ca4p-3
0x1.0ef1dcp-8
-0x1.33446ap-4
0x1.d64232p-7
0x1.a62ea6p-3
0x1.e8c244p-5
0x1.62d5e4p-3
0x1.3b7bdap-4
0x1.a3418p-6
-0x1.b8021ap-7
-0x1.095312p-2
0x1.3c7cdp-3
0x1.ebf0cp-6
-0x1.72cd36p-7
-0x1.a23cd8p-4
-0x1.09c872p-5
0x1.b786b4p-5
-0x1.0fce6p-3
-0x1.11b57p-5
0x1.326dd8p-4
-0x1.23bd44p-8
0x1.21c5f4p-2
0x1.2ef0e4p-4
-0x1.f1f826p-3
-0x1.efb432p-3
-0x1.caeb2p-3
-0x1.14e262p-3
0x1.cebb0cp-6
0x1.08cdcap-5
-0x1.6a81e6p-3
0x1.35d36ep-4
-0x1.3e634ep-4
0x1.1af426p-2
-0x1.9e6dd2p-5
0x1.3e99b4p-4
-0x1.1614e4p-2
0x1.348f14p-4
-0x1.3d007p-3
-0x1.9e605cp-6
-0x1.13778p-2
0x1.3afaa6p-3
0x1.5fbd48p-3
-0x1.1cc822p-4
0x1.021106p-5
-0x1.9b6752p-4
-0x1.3f73e2p-3
0x1.573ce6p-2
0x1.1fbd4cp-4
0x1.65abaep-5
-0x1.c08f6cp-5
-0x1.27244cp-6
-0x1.3e5eacp-2
0x1.2c50d2p-4
0x1.f2f748p-6
-0x1.eca8ep-5
0x1.442d7ap-4
0x1.599a92p-2
0x1.b52ff2p-3
-0x1.b67032p-4
-0x1.8eec4ap-4
-0x1.e2c22ep-9
0x1.675a1ap-3
-0x1.4928dcp-3
0x1.4a91cep-3
0x1.023de2p-5
-0x1.48301p-6
0x1.3c5db8p-4
-0x1.c5ee3p-5
0x1.1ac686p-4
0x1.3558b6p-5
0x1.a2b8d6p-4
-0x1.12ce46p-5
-0x1.68be16p-5
-0x1.5f8f92p-5
-0x1.01edp-3
0x1.753de6p-4
-0x1.adc96ap-3
0x1.880e42p-3
0x1.153ce8p-3
0x1.80d358p-5
-0x1.05706cp-6
-0x1.c3893cp-5
0x1.4d75a2p-3
-0x1.2964ep-10
0x1.4fd6fp-9
-0x1.026068p-2
-0x1.74aaeep-7
-0x1.af5af2p-3
0x1.38132cp-6
0x1.6206dp-3
-0x1.691c42p-4
0x1.12d2b2p-2
-0x1.53d73cp-6
-0x1.d4d816p-5
0x1.ceb8fap-7
-0x1.d348d2p-5
-0x1.5cdb8cp-3
-0x1.5c4168p-4
0x1.4b2094p-8
0x1.03b664p-5
0x1.4b33ep-7
-0x1.090bbep-2
0x1.0d5b44p-2
0x1.d606fep-3
0x1.40f14p-3
0x1.869e8cp-3
0x1.e226p-5
0x1.6f3ca8p-3
0x1.92ad96p-4
0x1.5d001cp-6
-0x1.737b8cp-5
-0x1.32ea5cp-6
0x1.77973p-5
0x1.30eb36p-5
0x1.235cb4p-4
0x1.4caf4cp-4
-0x1.b5bda6p-4
-0x1.da5fe6p-3
0x1.89e7a8p-4
0x1.3a662cp-4
-0x1.9827c4p-5
0x1.a7e812p-6
-0x1.1dcad6p-4
0x1.f4e88ep-6
-0x1.bcda44p-7
-0x1.514e88p-3
-0x1.f6ba52p-3
-0x1.1723f4p-4
0x1.0944dp-5
-0x1.d8d9e6p-7
0x1.48886p-3
-0x1.328e74p-4
0x1.44055ap-2
-0x1.78c1aep-4
0x1.39745ep-4
-0x1.317e08p-7
0x1.9e0dbcp-4
-0x1.139b0cp-3
0x1.8b8754p-4
0x1.397966p-5
0x1.15e72ep-3
0x1.9cdafep-5
-0x1.8962a2p-3
-0x1.69c754p-5
0x1.a1e8bap-3
-0x1.1081a4p-3
-0x1.7d24a8p-3
-0x1.787678p-5
0x1.75b12ep-4
0x1.23241cp-4
-0x1.11aee2p-4
-0x1.92d498p-6
0x1.104984p-2
-0x1.1fc938p-5
-0x1.d4ad06p-4
0x1.431608p-4
0x1.a4a3f2p-8
0x1.930588p-3
0x1.17e296p-6
0x1.701242p-6
-0x1.25c3e6p-5
0x1.eb57d4p-4
-0x1.13cc7ep-4
0x1.0564fp-3
0x1.16a3p-4
0x1.86ff52p-5
0x1.131d5ap-2
-0x1.6d5a18p-3
0x1.baa3d6p-6
-0x1.19358p-5
-0x1.11ca5ap-3
-0x1.a34482p-5
0x1.1df612p-4
0x1.d05cfap-6
0x1.41b0fap-3
-0x1.b14b32p-3
0x1.f54026p-5
-0x1.53934cp-5
0x1.4a356ep-2
-0x1.bbda8ep-5
0x1.2a80b2p-3
-0x1.131e7ap-2
0x1.1c2b16p-5
0x1.f236bap-6
0x1.0551c6p-2
-0x1.2c84e4p-3
0x1.a15f2ap-5
-0x1.993f52p-9
-0x1.152076p-5
0x1.c218a8p-13
0x1.34b65ep-4
0x1.8161b6p-2
-0x1.cfa76ep-3
-0x1.5121aep-4
0x1.ec9546p-6
0x1.d73ap-9
-0x1.4fcb74p-3
0x1.137e5cp-4
0x1.1b1c2p-3
0x1.1be078p-3
0x1.84ddd2p-5
0x1.07cdc4p-4
-0x1.0e9af8p-6
0x1.d76764p-3
-0x1.16a3f2p-3
-0x1.caaf28p-4
0x1.a44bb4p-5
0x1.7bc0d2p-4
-0x1.a0a9d2p-5
0x1.a19b16p-4
0x1.1a9a5cp-7
-0x1.d5795ap-3
-0x1.0ae51cp-3
-0x1.4b205ep-5
0x1.f356f2p-6
0x1.831978p-8
0x1.ac15bp-2
-0x1.6cfc8ap-2
0x1.8c0d26p-4
0x1.0fc75ep-3
-0x1.0f1eb2p-3
-0x1.6b421ap-4
-0x1.bb9bdp-5
0x1.2d9242p-4
0x1.c0d344p-5
-0x1.13acccp-4
-0x1.1194f4p-3
-0x1.3815ap-4
0x1.b479e8p-3
-0x1.89667p-3
-0x1.c76b9cp-3
0x1.78d1b8p-5
0x1.625056p-5
-0x1.006b4cp-4
0x1.5c2bf6p-2
-0x1.e91d5cp-4
-0x1.0634b4p-3
-0x1.d496dp-3
-0x1.b72fc4p-5
0x1.b2684ep-4
0x1.9ec544p-7
0x1.397d5ap-2
-0x1.d38facp-3
-0x1.6f4694p-3
0x1.1befe4p-4
-0x1.1c6dfep-2
-0x1.6b21eap-3
0x1.72f974p-4
0x1.428472p-3
-0x1.45fe94p-3
-0x1.801e84p-4
-0x1.09f18cp-4
-0x1.71a326p-5
0x1.f237fap-3
-0x1.272c06p-2
-0x1.3a54eep-5
-0x1.acc6bp-5
0x1.20dcb6p-4
-0x1.cd2dbep-5
0x1.04785cp-2
-0x1.a6e9cep-4
-0x1.c34bf4p-4
-0x1.6d496p-4
-0x1.a5f3a8p-11
0x1.655cc4p-4
-0x1.365ffcp-3
0x1.225656p-2
-0x1.176404p-5
-0x1.f1224ep-3
-0x1.62b958p-5
0x1.0d82aap-5
-0x1.e3d604p-4
0x1.1de0bap-4
0x1.8ff9b8p-3
0x1.e11c5ep-4
-0x1.7b494cp-3
-0x1.81e458p-5
0x1.b57482p-3
0x1.92c592p-5
-0x1.da1764p-5
-0x1.642758p-2
0x1.9c9006p-3
0x1.84434cp-7
-0x1.b186dep-2
-0x1.60adcap-3
0x1.299fb6p-3
0x1.b33fd2p-4
-0x1.16cf68p-3
-0x1.904854p-3
-0x1.08b2f4p-2
0x1.58f588p-3
-0x1.0f49fep-5
-0x1.365ae2p-4
0x1.fe01d6p-3
-0x1.c7ca9cp-3
-0x1.3ab82cp-3
-0x1.3a675ap-2
0x1.2159fep-2
0x1.0d8fe2p-3
0x1.02cc6p-2
0x1.29c1bep-3
0x1.96d8eep-4
-0x1.4b1a4cp-3
0x1.72e02ep-3
-0x1.092ae6p-5
-0x1.fab9fcp-6
0x1.19fc96p-4
0x1.40289p-3
-0x1.6e51f8p-4
0x1.7fcda6p-6
-0x1.205b5ap-2
0x1.c8e84cp-9
-0x1.822fdap-4
-0x1.971452p-4
0x1.3de662p-2
-0x1.9e4f54p-10
0x1.bb2bb4p-3
-0x1.001824p-3
-0x1.c08814p-8
-0x1.5cac5p-6
0x1.354352p-2
0x1.05201ep-2
0x1.58f17p-4
-0x1.2b8dd8p-3
0x1.487534p-7
-0x1.91461ep-2
0x1.fbf616p-4
-0x1.ea799cp-4
-0x1.43ecbep-5
0x1.4ac5ap-4
0x1.e1b2c4p-4
-0x1.338308p-4
0x1.04fa28p-10
0x1.3e7764p-5
0x1.d8359ap-4
-0x1.fb756ap-14
-0x1.6aa9f2p-7
-0x1.3c338ep-6
0x1.e6c9d8p-3
-0x1.4c068ep-5
0x1.5c5e88p-8
0x1.f0b2a6p-4
-0x1.0c0f92p-3
-0x1.0e94a4p-2
0x1.e4ebc2p-6
-0x1.665daap-5
0x1.de68eap-6
-0x1.a501dcp-3
0x1.4d39bcp-4
-0x1.aae01ep-3
-0x1.74233p-2
0x1.32732ap-3
0x1.7e9686p-3
-0x1.d6cf6ap-6
0x1.780626p-3
0x1.f18882p-6
-0x1.123516p-3
-0x1.02e326p-3
0x1.8b83c4p-4
0x1.33deaep-3
0x1.42f5dp-4
-0x1.0598ap-2
0x1.055672p-3
-0x1.32e026p-3
-0x1.e39444p-6
0x1.fc679ep-5
0x1.673c78p-5
0x1.040098p-3
0x1.ce790ep-5
0x1.415d58p-3
0x1.2ce2c8p-6
-0x1.4b361cp-4
-0x1.7d3138p-3
-0x1.f479aep-6
-0x1.6eacc8p-4
0x1.1cf2a4p-3
0x1.f07962p-4
-0x1.16f3acp-6
-0x1.1daa9ap-2
0x1.530f1ep-3
0x1.01e9b8p-5
-0x1.0d49eep-3
-0x1.ad3974p-5
0x1.244438p-2
-0x1.420fe8p-7
-0x1.e88378p-3
-0x1.eaa5bap-3
-0x1.bfcb48p-3
0x1.78a918p-7
0x1.0af054p-3
0x1.341aep-4
0x1.cc9e1p-7
0x1.b09158p-4
0x1.6ab5fcp-5
0x1.4196ecp-2
-0x1.1a7d0ap-5
-0x1.ba9bap-6
-0x1.9eab6p-3
-0x1.903d5p-5
-0x1.8d5138p-3
0x1.8314a8p-3
-0x1.54fe7p-3
0x1.362782p-4
-0x1.856c3ep-2
0x1.8eeap-4
0x1.658cf4p-5
-0x1.9eef86p-3
-0x1.54aa58p-4
0x1.788d32p-2
0x1.1efed6p-3
-0x1.83769p-5
-0x1.4e7796p-3
0x1.83f18ap-3
0x1.204fccp-7
-0x1.a03c8p-4
0x1.7f6df2p-5
-0x1.0030d8p-4
0x1.01a22ap-2
0x1.5cc664p-4
0x1.12e068p-3
0x1.47c996p-3
0x1.b5f28ap-3
-0x1.31bd86p-3
-0x1.ea20f8p-5
0x1.bd4dd4p-4
-0x1.06aa78p-3
-0x1.d84946p-3
0x1.972c82p-3
-0x1.7c2362p-5
0x1.cd6afep-3
0x1.4629aep-2
-0x1.12d49ep-3
-0x1.68aa08p-3
0x1.fa5336p-4
0x1.3d6256p-2
-0x1.8c0718p-7
-0x1.6380b2p-5
-0x1.949a88p-3
0x1.e1748ap-5
0x1.095e7ep-1
-0x1.5a5046p-3
0x1.4b5b78p-3
-0x1.46c338p-3
-0x1.58cb02p-2
0x1.13b19p-2
0x1.17394p-2
-0x1.0c979ep-3
-0x1.995566p-3
-0x1.493ad8p-2
-0x1.51068p-5
0x1.09f4d4p-5
-0x1.3493a2p-2
0x1.97a78ap-4
0x1.fd52f2p-3
0x1.4a3a42p-2
0x1.0cae3ep-2
-0x1.54e3ecp-4
-0x1.998d8p-3
0x1.144fecp-2
-0x1.6bdfdcp-4
-0x1.28f8c6p-2
-0x1.6f64b4p-3
0x1.27b03ap-2
0x1.2e029cp-6
0x1.3d7dc2p-4
0x1.65931cp-6
0x1.984f46p-5
-0x1.6e435ep-7
-0x1.9c51dp-4
0x1.5c8612p-2
-0x1.47fc7ap-5
0x1.dba996p-3
-0x1.15080ap-2
-0x1.30bbf6p-2
0x1.f4b518p-5
0x1.08651ap-3
0x1.c2c9cp-3
0x1.0342ecp-4
0x1.9c4336p-8
0x1.0d1494p-2
0x1.7752c2p-2
-0x1.4eee5cp-4
-0x1.2d58dp-3
0x1.01d7c2p-3
0x1.1fdd96p-3
0x1.3fabc8p-4
-0x1.e14e26p-3
0x1.aee046p-5
0x1.f970b2p-4
-0x1.71699p-6
0x1.6cbb06p-5
-0x1.e725dcp-4
-0x1.620f4cp-4
-0x1.c16f38p-2
-0x1.58e1bp-5
0x1.b4a91cp-3
0x1.5182fcp-3
-0x1.a8954ep-4
0x1.e48b16p-4
0x1.8614ecp-4
-0x1.a58c2ap-5
0x1.28c88cp-2
-0x1.669728p-5
-0x1.880a18p-2
-0x1.b9fc64p-9
0x1.0e5f5ep-2
-0x1.34ad3p-3
-0x1.a1dbc6p-4
0x1.1b66f4p-3
0x1.ff16c4p-5
-0x1.2f4cfcp-7
-0x1.9d1198p-4
-0x1.2878a6p-7
0x1.49d5e6p-3
0x1.5b17e2p-3
0x1.b19692p-4
-0x1.82c48ap-6
-0x1.36ca7ap-3
-0x1.56d4a6p-4
-0x1.d1d838p-6
0x1.59e09ep-3
0x1.173664p-3
-0x1.449e98p-3
-0x1.7501bp-3
-0x1.6ab06cp-3
0x1.e10256p-4
0x1.2a9d62p-4
0x1.5caaa4p-5
-0x1.ab852ap-3
0x1.4dc1cap-4
0x1.81142cp-3
-0x1.2e5a7p-2
0x1.f76dc8p-4
0x1.8946bcp-4
0x1.38f74ap-3
0x1.2a1bfcp-4
0x1.4e34b6p-4
-0x1.25c6dap-5
0x1.a02ec2p-5
0x1.c483f4p-7
0x1.87933cp-2
0x1.8f9c66p-3
-0x1.8c93ecp-3
-0x1.eafe24p-3
-0x1.6b9cf8p-3
0x1.2aa4c8p-4
0x1.0e3716p-2
-0x1.6824eap-8
0x1.11c8e6p-4
0x1.567978p-4
-0x1.5e426p-2
0x1.40c76p-2
0x1.0d8f9cp-3
-0x1.2e0408p-3
0x1.7bb71cp-3
-0x1.5405bep-5
-0x1.386fccp-3
-0x1.fc9912p-3
-0x1.9f471ep-5
0x1.391a72p-2
-0x1.ccfb56p-5
0x1.11564cp-5
0x1.52399ap-3
0x1.ee7554p-4
0x1.77fc98p-4
0x1.473cap-2
-0x1.e13158p-4
-0x1.7e9f06p-3
0x1.6849aep-4
-0x1.6c4d7ep-3
0x1.a9bbd6p-8
0x1.5b8ab2p-5
0x1.d71daap-4
0x1.cafe02p-4
0x1.85b494p-3
0x1.b2e194p-4
-0x1.de54ap-5
-0x1.63e172p-3
0x1.98a0e2p-5
0x1.119024p-4
0x1.b890fp-6
-0x1.1fe0b8p-2
-0x1.36000cp-2
0x1.4fdb58p-3
0x1.953372p-2
0x1.11599p-5
-0x1.34634cp-3
0x1.1bdc3ep-3
0x1.2b8b08p-3
0x1.b429bp-3
0x1.ba8e6ep-3
0x1.a1083cp-3
-0x1.174734p-2
-0x1.249b0ap-3
0x1.4d503ap-5
-0x1.441fe4p-2
0x1.eeec3ep-3
-0x1.1f8916p-2
-0x1.24bd7ap-3
-0x1.066508p-5
-0x1.dc6c8ap-5
0x1.60a752p-4
0x1.87852p-4
0x1.6fdf08p-3
-0x1.250e66p-7
-0x1.1c00a6p-5
-0x1.1f15dcp-5
0x1.63aad4p-7
-0x1.46f74ep-6
0x1.e2f28p-4
-0x1.6a706ep-2
-0x1.25d93cp-3
-0x1.8c22cap-7
0x1.20600cp-3
0x1.b99e3cp-3
0x1.dc9bfcp-7
-0x1.8488c2p-4
-0x1.b7da48p-3
0x1.8c8d7ep-5
0x1.124ecap-2
-0x1.b9c328p-6
0x1.d87334p-5
0x1.499b4ap-5
-0x1.f981c4p-3
-0x1.0956d6p-3
0x1.8643d8p-4
0x1.e28578p-4
-0x1.fea03p-5
-0x1.f657ecp-3
-0x1.c83a82p-6
0x1.e4fb76p-3
-0x1.856dd2p-4
0x1.f5895cp-6
0x1.1efb2ep-3
0x1.5cae32p-3
-0x1.94a58ap-4
-0x1.52b032p-2
0x1.61ec76p-3
-0x1.2f8116p-4
0x1.f40e8cp-5
0x1.032312p-2
-0x1.f1f828p-5
-0x1.4860d4p-2
-0x1.c23348p-5
0x1.0c92dcp-3
0x1.de7e1cp-3
0x1.8bdc6p-6
-0x1.1e825cp-4
-0x1.ebc386p-4
0x1.2225cap-3
0x1.cbdcdp-3
0x1.1bada8p-2
-0x1.68a032p-3
0x1.170218p-4
-0x1.ee62a8p-5
0x1.845bp-4
-0x1.57b8a6p-2
0x1.2b2a1p-4
0x1.5d071ep-6
0x1.ce2f2p-4
-0x1.6a8b24p-3
-0x1.98e2f2p-7
-0x1.c07f48p-4
0x1.422c72p-3
0x1.620fd2p-2
0x1.d0c26ap-3
-0x1.91e0dp-3
-0x1.347aeep-4
0x1.293ebep-2
0x1.4f0b46p-2
-0x1.5fe364p-3
-0x1.5de726p-3
0x1.43b9e6p-4
-0x1.0209p-3
0x1.f1e808p-4
0x1.16908cp-7
-0x1.547e24p-4
-0x1.520aeap-3
0x1.c0f2bcp-2
-0x1.cd39ep-4
-0x1.f4b9c6p-5
0x1.668732p-10
-0x1.e2ee34p-3
-0x1.93a92p-6
0x1.00121ap-4
0x1.82fce6p-4
-0x1.428182p-3
0x1.53244p-8
0x1.3a305p-8
0x1.b42b3ap-3
0x1.d871c2p-4
-0x1.930d86p-4
-0x1.f3a732p-5
0x1.055be6p-3
-0x1.5ea44ap-3
-0x1.080046p-2
-0x1.3a262p-3
-0x1.4e300ep-4
0x1.b511c2p-4
0x1.e86088p-4
0x1.bcc58p-3
-0x1.5337dap-7
0x1.ccf25ep-6
0x1.1160bep-2
0x1.91b93ap-5
-0x1.5aeb96p-3
-0x1.21ab32p-2
-0x1.32fad6p-3
-0x1.fa96c8p-9
-0x1.018d66p-4
0x1.92d82ep-5
0x1.422924p-5
0x1.5bd98p-4
0x1.79910ap-6
0x1.2de19ap-4
0x1.bdbde2p-4
-0x1.0667d4p-4
-0x1.89db78p-4
0x1.12855p-5
-0x1.84107ap-3
0x1.1600fap-4
0x1.76ed62p-2
0x1.4f40dap-5
0x1.6d4684p-5
-0x1.5c2p-8
0x1.fe8458p-8
0x1.ab3762p-3
-0x1.be591p-4
-0x1.e5cc46p-6
-0x1.c35654p-2
0x1.de32ccp-5
0x1.6666a2p-3
0x1.39f9acp-2
-0x1.95f8a4p-3
-0x1.c9078ep-6
-0x1.ae9bcep-5
0x1.55d87ap-5
0x1.af7cf4p-5
0x1.84deacp-6
-0x1.010bdap-2
-0x1.28d83ep-3
-0x1.aad1ap-3
0x1.2a5274p-3
0x1.7caea6p-2
0x1.8bfff6p-8
-0x1.bca2aep-7
-0x1.08ece6p-2
0x1.d49fdp-2
0x1.500cbep-2
-0x1.c7659cp-5
0x1.5e00ecp-3
0x1.71c0e4p-3
-0x1.eca03p-4
0x1.9cc66ap-4
-0x1.be0394p-3
0x1.d6b9d6p-8
0x1.e7a024p-4
0x1.dadap-2
-0x1.7d3338p-5
0x1.f02ee8p-4
0x1.08de3p-6
0x1.320e92p-8
0x1.81433p-7
-0x1.3c29e8p-3
0x1.86459ap-6
-0x1.0292f6p-4
-0x1.3cb4b2p-5
0x1.74df4ep-3
0x1.cd76eep-3
-0x1.331d7ap-2
-0x1.13243p-5
-0x1.1bc0a4p-2
0x1.36c50ep-3
0x1.872774p-2
0x1.c102bcp-9
0x1.7409fap-3
-0x1.e89cbp-3
-0x1.013d16p-2
0x1.16f748p-2
-0x1.1a1abap-2
-0x1.1357dcp-3
0x1.b2bdd8p-4
0x1.167f68p-2
0x1.1e29dp-6
-0x1.dde174p-9
-0x1.ac838p-3
0x1.d1506ep-4
-0x1.87a97ep-3
-0x1.fb4146p-3
-0x1.bbf34ep-4
-0x1.b1e5d2p-3
-0x1.2cbdd6p-3
0x1.902712p-6
0x1.1e5292p-3
-0x1.62cc14p-4
0x1.01079ap-3
-0x1.77fdap-2
0x1.af3ddep-3
0x1.4032ap-3
0x1.38edf8p-4
0x1.271abp-6
-0x1.24c9a6p-2
-0x1.8f95a4p-4
-0x1.a5ce94p-4
-0x1.3838bep-3
0x1.536776p-4
0x1.a02e84p-4
-0x1.c8b6e8p-4
-0x1.04390cp-6
-0x1.83c4a8p-2
-0x1.8bfed2p-3
-0x1.01b9e8p-4
0x1.95fe62p-6
-0x1.e4d0ep-3
-0x1.80f234p-5
-0x1.e09ebep-7
0x1.3aabfcp-7
0x1.6cceap-3
0x1.1df8eep-2
-0x1.19f9c8p-2
0x1.4ccbc4p-8
-0x1.b57d24p-3
0x1.fb7506p-6
0x1.dec968p-3
0x1.c3e5e6p-3
0x1.3a2204p-6
-0x1.42d0b2p-2
0x1.59bc38p-8
-0x1.41bb32p-3
-0x1.ad0304p-6
-0x1.13f744p-4
0x1.9866dp-5
0x1.cb40bcp-3
0x1.5e528ap-9
-0x1.57e08p-5
-0x1.49f1e6p-3
0x1.20cb3ap-3
0x1.9934b4p-3
-0x1.0aad7ap-3
-0x1.392b9p-2
-0x1.abfc8ap-3
0x1.4a0158p-4
-0x1.294faep-3
0x1.0673d8p-2
-0x1.412778p-4
0x1.d90d46p-4
-0x1.1511c6p-5
0x1.2c1cd6p-2
0x1.fee43p-3
0x1.aff346p-8
0x1.5661e4p-3
0x1.789de6p-3
-0x1.72a0eep-3
-0x1.1266d8p-2
-0x1.34d6a4p-7
0x1.049ceap-3
-0x1.5021a4p-4
0x1.07da8ep-3
0x1.bc9c56p-5
0x1.10372p-3
0x1.1fbf1ap-3
-0x1.3c18a8p-5
-0x1.61eb48p-4
-0x1.084354p-4
-0x1.142026p-5
0x1.990cc4p-4
0x1.dd2c66p-3
0x1.8ffb0ep-4
0x1.595654p-4
0x1.d58e84p-4
-0x1.14c818p-2
-0x1.fdf1aep-4
-0x1.3c1814p-8
0x1.010d0ep-2
-0x1.15935p-5
0x1.0890a2p-3
-0x1.f92f06p-3
0x1.1392b2p-4
0x1.87abd4p-3
-0x1.fafd72p-4
0x1.879018p-3
0x1.f174fp-4
0x1.6bc4b6p-4
0x1.744666p-4
-0x1.eea2aap-4
-0x1.0146f4p-2
0x1.8fefc8p-3
-0x1.2c251ap-3
-0x1.e8d3acp-4
0x1.b3ce36p-6
-0x1.dca2e2p-3
0x1.4425a8p-2
0x1.293f2p-5
-0x1.434c8ep-3
0x1.3219f6p-3
-0x1.a2c6fcp-5
0x1.dac66ap-6
0x1.4518d8p-4
-0x1.053952p-4
-0x1.a4faf2p-4
-0x1.9a111ep-5
0x1.b3a6a4p-5
0x1.efb33ap-3
0x1.337cb4p-4
-0x1.43af4ep-4
0x1.b059a2p-6
0x1.394f9cp-2
-0x1.361432p-3
-0x1.3a4eb6p-4
-0x1.600bccp-2
0x1.23be46p-3
0x1.7ec6c4p-6
-0x1.db34cap-4
0x1.e88c1p-3
-0x1.631082p-4
0x1.30a13ep-2
0x1.5b9d5p-9
-0x1.171c7cp-4
0x1.96889cp-3
-0x1.e69904p-4
0x1.66400ap-4
-0x1.442d8ep-5
0x1.f607acp-4
0x1.610aeep-4
-0x1.460756p-4
-0x1.0beb76p-3
-0x1.1fd2fcp-2
0x1.2afbd4p-3
0x1.d049e4p-3
0x1.04dcd2p-4
-0x1.2a5a4ap-3
-0x1.da8a42p-3
0x1.4a58p-5
-0x1.b09d42p-5
0x1.28152ep-1
0x1.ae454ap-7
-0x1.b22b94p-4
-0x1.ce764p-4
0x1.b11464p-6
-0x1.695b8ep-2
0x1.170a0ap-3
-0x1.b8e386p-5
0x1.499efp-5
0x1.315d8cp-5
0x1.a1ff74p-3
0x1.7cc9c4p-3
0x1.b9de58p-4
-0x1.3d3b78p-4
-0x1.bdd68ap-7
0x1.7f0938p-4
0x1.6ad7fcp-5
0x1.6b2a82p-3
-0x1.4af5bep-3
-0x1.c9ff2ap-5
0x1.851f6ep-4
0x1.a27416p-3
-0x1.a995d2p-5
0x1.8dd026p-5
-0x1.70eac6p-4
-0x1.cacc6ep-2
0x1.733482p-4
0x1.7ecd0ep-3
0x1.25b992p-2
0x1.7b0448p-5
0x1.691dfap-2
-0x1.9cc9fp-3
-0x1.e177dp-5
0x1.67a2a8p-4
-0x1.47bc82p-4
0x1.6eea36p-4
0x1.3b89a8p-3
-0x1.3825f4p-3
0x1.8778b6p-3
-0x1.6e5104p-6
-0x1.127caep-3
-0x1.9bf13ep-4
-0x1.a76ap-4
-0x1.38cf6cp-5
-0x1.0d650cp-3
0x1.e1b9b2p-7
0x1.84df1cp-4
-0x1.c165bcp-5
-0x1.7fb96p-6
0x1.3f3b82p-4
-0x1.20c3cp-3
-0x1.6b0f66p-4
-0x1.469f3ep-5
-0x1.19ab3ap-5
0x1.898746p-6
-0x1.7baa6p-6
0x1.b6e804p-3
-0x1.ff099ap-5
-0x1.cacb5ap-3
0x1.8caf3ep-3
0x1.055a14p-3
-0x1.23afccp-3
-0x1.c99808p-9
0x1.52770ap-3
-0x1.4ce44p-6
-0x1.16627cp-2
0x1.3c4c8p-15
0x1.3dfbb2p-5
-0x1.54c1dep-3
-0x1.a350fap-5
-0x1.1829ap-14
-0x1.2685ccp-16
0x1.596c74p-14
-0x1.217638p-16
0x1.c775dcp-15
-0x1.aef86ep-13
0x1.13fa5cp-14
0x1.4d1daep-18
0x1.31d242p-14
0x1.8ac9cep-16
0x1.a40bbp-13
-0x1.feff08p-13
0x1.8bcf66p-16
0x1.fd3d3ep-16
0x1.916a5p-13
-0x1.9671c2p-14
-0x1.3f053ep-15
0x1.324f1ap-12
-0x1.a18ee4p-13
-0x1.a92f02p-16
0x1.bf135p-15
0x1.cef796p-13
0x1.27a5fcp-16
0x1.8acfcap-16
0x1.0264f6p-14
0x1.f09c96p-16
-0x1.6fcd3ap-14
0x1.58af8ep-13
-0x1.01848ep-13
-0x1.16fb02p-17
-0x1.e32f3p-13
-0x1.059266p-16
0x1.d4e916p-17
-0x1.1e51a6p-16
0x1.6b17b2p-16
0x1.46ce4cp-13
-0x1.fee882p-14
-0x1.49e4bp-15
-0x1.ef8c74p-15
-0x1.07ca58p-15
0x1.13e22ap-13
-0x1.658adp-16
0x1.986fd8p-18
-0x1.fc8418p-16
-0x1.596682p-12
-0x1.6c508cp-13
-0x1.2a287cp-12
-0x1.5b0daep-13
-0x1.8ef658p-15
0x1.04a7d6p-15
-0x1.88831p-15
0x1.3ca9bp-15
-0x1.c2e696p-14
0x1.81e372p-16
0x1.b344e8p-15
-0x1.576446p-13
-0x1.1bad8ap-15
-0x1.1431f4p-14
0x1.a1e324p-14
-0x1.0bd7d2p-16
0x1.fb45bep-18
-0x1.8963ccp-15
-0x1.c6cad4p-13
-0x1.659576p-16
-0x1.007954p-12
-0x1.57462p-14
0x1.1a0552p-15
-0x1.730806p-15
0x1.de7fap-16
-0x1.b39464p-16
0x1.1e624ep-15
0x1.21f0aep-14
-0x1.0d6818p-14
0x1.dff0ap-16
-0x1.5d73a6p-14
0x1.21a0d4p-14
-0x1.5c0c52p-16
0x1.203c3ep-14
0x1.0fb068p-13
-0x1.7464bep-16
0x1.cddefp-14
0x1.24b006p-13
-0x1.ad0a8cp-15
0x1.89c5cap-13
-0x1.69a206p-14
-0x1.85f9d4p-15
-0x1.63ac4p-15
-0x1.4541bp-14
0x1.a7cee6p-14
-0x1.39f93ep-14
-0x1.445ac2p-13
0x1.1313eep-14
-0x1.8a12e4p-15
0x1.0fa4ap-13
0x1.fc962cp-15
0x1.2cffa6p-13
0x1.4512e2p-15
-0x1.ce8de6p-16
-0x1.12ecdep-15
0x1.4aa5cep-14
0x1.00bc9ap-13
0x1.365308p-17
0x1.a9630cp-15
-0x1.c6e58p-14
-0x1.d5ef1ap-16
-0x1.e58eb4p-14
-0x1.1e6c3ap-15
0x1.000bbcp-13
0x1.ccfcc4p-15
-0x1.0c7816p-13
0x1.3c4c5cp-13
-0x1.ab4f5cp-14
-0x1.3712e4p-17
-0x1.d78eep-18
-0x1.afb69p-15
0x1.0d9c7cp-12
-0x1.2adeb2p-14
-0x1.035f02p-12
-0x1.d8edc2p-14
0x1.04ca0cp-14
0x1.2bebecp-12
-0x1.76fe02p-16
0x1.4ad7fap-13
-0x1.4d763ap-14
0x1.440ae6p-18
-0x1.7a59eep-15
0x1.a5341ap-18
-0x1.4043cep-14
0x1.bf2cb2p-13
0x1.d120a6p-14
0x1.2c0e54p-14
0x1.54f806p-14
-0x1.37c4c4p-13
0x1.e40dfep-15
0x1.c4f62cp-14
0x1.30ac8ep-17
0x1.8de2f8p-13
0x1.2088bp-12
0x1.cf4a96p-14
0x1.72f9c2p-14
0x1.d39f3ep-14
-0x1.486fc2p-13
0x1.cbfbc4p-15
0x1.5463b6p-13
0x1.49564p-14
-0x1.e345fep-15
-0x1.dc27e2p-14
-0x1.473d6ep-12
-0x1.724f3ap-14
-0x1.caa896p-16
-0x1.99be86p-15
-0x1.c11a68p-16
0x1.79cc6p-14
0x1.25e68p-14
-0x1.0d1ba2p-14
0x1.c94c86p-15
-0x1.ee95e8p-14
0x1.48fc8ap-13
0x1.cdc68ep-17
0x1.44b656p-12
-0x1.0d4df8p-18
0x1.3dc70ap-15
0x1.10d6d8p-13
-0x1.3a03bap-14
-0x1.df06cep-13
0x1.8d4738p-15
-0x1.2bf0f8p-16
-0x1.082b1cp-17
-0x1.2c0214p-12
0x1.46007ap-14
0x1.55c7ecp-16
-0x1.fcd7d6p-16
0x1.757c7ap-13
0x1.2fab62p-17
0x1.393d48p-14
-0x1.14628ep-16
-0x1.97f7a2p-15
0x1.5d5828p-14
0x1.87ea3cp-15
-0x1.5c7d9cp-14
0x1.ee3766p-14
0x1.57b602p-15
-0x1.24e4d2p-13
-0x1.fc41cep-13
-0x1.320d0cp-15
0x1.cd23eep-14
0x1.fc5b86p-13
-0x1.ee3982p-13
-0x1.76989p-17
0x1.35dcd6p-14
0x1.28e072p-14
0x1.3e7602p-14
-0x1.64d9d8p-14
-0x1.48dc04p-13
-0x1.ae9642p-15
0x1.2f3114p-13
-0x1.1597cap-19
-0x1.7ecb24p-15
0x1.ffe0f6p-16
-0x1.c819fep-16
-0x1.9e3b22p-14
-0x1.4888cap-14
0x1.104714p-18
-0x1.8670c2p-15
-0x1.48a12ep-13
-0x1.485cbcp-16
0x1.3617a8p-12
-0x1.37f5ap-15
-0x1.a4c3fap-12
0x1.33c794p-15
0x1.366188p-16
-0x1.dfed84p-16
-0x1.103cc2p-14
0x1.b8fa28p-15
0x1.4b2be4p-13
0x1.8e5b38p-14
0x1.5a455ep-13
0x1.4ea2acp-14
-0x1.a2c8fap-16
-0x1.a9cde8p-13
0x1.d8cc26p-13
0x1.10d426p-17
-0x1.9a81cap-15
0x1.681b2cp-15
-0x1.5322fap-12
-0x1.3657aap-13
-0x1.1cd042p-12
-0x1.f17f88p-14
0x1.0a74ecp-13
-0x1.c4ceeep-15
-0x1.a3279ap-17
-0x1.065c3cp-12
0x1.81d92cp-15
-0x1.6c914cp-14
-0x1.189146p-13
-0x1.c3308cp-15
-0x1.78ddaep-12
-0x1.079c6p-13
-0x1.1fff2cp-16
-0x1.99bec2p-13
0x1.1259e8p-15
0x1.44f63p-18
0x1.14e34cp-13
-0x1.f951a2p-14
-0x1.4e8a34p-14
-0x1.bc0d5ep-13
-0x1.97d5b4p-15
0x1.afd4fp-14
0x1.42428ap-14
0x1.d3057ap-15
0x1.744578p-17
0x1.f6d9d6p-16
0x1.df79fep-13
-0x1.7d8be8p-13
0x1.38225p-14
0x1.4c3c38p-13
-0x1.77cea8p-13
0x1.0805a4p-16
0x1.36634cp-14
0x1.aa32b4p-16
-0x1.99b6aep-12
-0x1.99b3dep-14
-0x1.762716p-13
-0x1.a181ecp-13
0x1.895034p-14
-0x1.163908p-12
0x1.3bd9cap-15
-0x1.4c2e6ep-16
0x1.495f08p-16
0x1.1e4514p-12
-0x1.23789p-14
-0x1.198cfp-13
0x1.52c4bcp-17
0x1.2068acp-14
0x1.ded1cp-14
0x1.7837b4p-13
-0x1.48fe5ap-15
-0x1.3163c8p-13
0x1.09f8b8p-13
0x1.f46c34p-14
0x1.94ca7ep-14
-0x1.1a49a6p-15
0x1.aca6d2p-14
0x1.e8eb7cp-15
-0x1.114f24p-13
0x1.5dafep-14
-0x1.f73ecap-20
0x1.72d0d6p-13
-0x1.11d35ap-13
0x1.ea8c9p-15
-0x1.b3b72ep-15
-0x1.75ddc8p-14
0x1.3a7c9cp-13
0x1.70c0e8p-17
-0x1.73b6d2p-13
0x1.7e30fap-12
0x1.45276ap-14
0x1.cf5a24p-13
-0x1.89ee5ap-15
-0x1.03be9cp-12
-0x1.24a34cp-15
0x1.e94414p-14
0x1.184b1ap-13
0x1.3a0e48p-13
-0x1.4b6d16p-14
-0x1.6cd29cp-14
-0x1.cfa4fap-13
0x1.f29decp-16
-0x1.780e2p-15
-0x1.0d8556p-14
-0x1.23ee76p-13
0x1.94c1bp-13
0x1.031f1ep-15
0x1.0a7f56p-18
-0x1.19e97cp-13
-0x1.38917ep-16
0x1.bb2d68p-15
0x1.41bbdp-13
0x1.00498cp-13
-0x1.fa1d24p-15
0x1.ec8d8ap-14
-0x1.25718p-12
-0x1.c9353p-13
-0x1.0ad7c8p-16
0x1.05f93ap-15
0x1.3e14fap-16
0x1.2be0eap-12
-0x1.6bb564p-14
-0x1.c881ecp-15
0x1.80335cp-13
0x1.d9081ap-13
0x1.43bb06p-14
-0x1.686be4p-13
-0x1.afced4p-14
0x1.f9f24ap-14
-0x1.8adb58p-14
0x1.c2f518p-19
0x1.6019c4p-15
-0x1.87051cp-14
0x1.54ac7p-15
0x1.807456p-14
-0x1.139f28p-13
0x1.e50232p-14
-0x1.061714p-12
-0x1.0339f4p-23
-0x1.21d44ep-14
-0x1.f996b4p-14
-0x1.c48f2cp-17
-0x1.1339e6p-13
-0x1.81c78ep-16
0x1.8e1b46p-16
-0x1.0ae6f6p-13
-0x1.a4f2e6p-13
-0x1.626846p-15
0x1.8a12dp-18
-0x1.b58b8ap-14
0x1.23d14ap-16
0x1.7fb5e4p-13
0x1.706bc2p-18
0x1.e1337cp-14
-0x1.a00d16p-15
0x1.dd58b6p-14
0x1.f05b88p-16
0x1.2c7a1p-15
0x1.701e7ap-13
0x1.973824p-15
-0x1.1d332ap-14
-0x1.74b2eep-14
0x1.53f546p-15
-0x1.da9378p-13
-0x1.a83058p-14
0x1.844a46p-17
0x1.572c9p-17
0x1.72bd36p-15
-0x1.d5bac6p-20
0x1.318d8ap-2
0x1.fb9974p-2
-0x1.289f28p-3
-0x1.36004cp-2
0x1.733ff4p-4
0x1.412d76p-1
0x1.834ea8p-7
-0x1.bc291ap-3
-0x1.cf3e94p-5
0x1.785546p-1
0x1.5c5c5ap-2
-0x1.f59d8ap-4
-0x1.7034f2p-2
0x1.2cf5f8p-2
0x1.a505a4p-3
-0x1.d9fc38p-3
-0x1.bddcbp-4
0x1.0738cp-1
0x1.53fb8ap-2
0x1.0d6742p-2
-0x1.b5e2e6p-3
0x1.707cd8p-4
-0x1.90a4b2p-3
-0x1.b582eap-2
0x1.7850f4p-5
0x1.d1cfbp-3
-0x1.c9bfdep-5
0x1.43fecap-4
-0x1.322716p-3
0x1.9eaad2p-2
0x1.5d388cp-2
0x1.9d85a8p-2
0x1.1091dep-2
0x1.2d701ap-1
0x1.07f332p-4
-0x1.93b0e2p-2
0x1.ef992ap-3
-0x1.be84a6p-2
0x1.6412e6p-2
0x1.84233cp-2
0x1.03025ap-3
-0x1.2e043p-2
0x1.6b6bd4p-3
0x1.16b322p-1
0x1.3dd93cp-4
-0x1.e9f7p-3
-0x1.65dafcp-10
-0x1.11e544p-2
-0x1.371616p-4
0x1.8a1bacp-2
-0x1.3ca37cp-3
-0x1.ffe07ap-6
-0x1.257008p-5
-0x1.25ed4ep-5
-0x1.179528p-2
0x1.1c5b28p-4
-0x1.049f4p-2
0x1.0550ep-3
0x1.acc656p-5
-0x1.76ec54p-4
-0x1.2b3a94p-6
-0x1.692362p-3
-0x1.2d8494p-2
0x1.b4132cp-6
0x1.5e7d48p-5
-0x1.060cb8p-2
0x1.e077aep-3
-0x1.e0013ap-5
-0x1.9075aap-3
-0x1.ecc05ap-3
0x1.918bccp-6
0x1.fff96ap-3
0x1.f610e4p-6
-0x1.b9495ep-5
-0x1.d05236p-2
0x1.34e90ep-8
0x1.6bf798p-3
-0x1.aa965cp-2
-0x1.19ae8ap-2
-0x1.25eb4cp-2
-0x1.a0f41cp-1
-0x1.8fa44cp-2
0x1.a32722p-2
0x1.b33a62p-7
0x1.3b97e8p-2
0x1.b69a32p-2
-0x1.7914cep-2
-0x1.8134bp-3
-0x1.a3cc48p-2
0x1.2afe4ap-1
0x1.d08f2cp-2
-0x1.02f5eep-5
-0x1.dc0c66p-3
0x1.497d32p-2
0x1.945ca4p-3
-0x1.71793cp-1
0x1.d15b2ep-2
-0x1.62ccdcp-8
0x1.12756ep-2
-0x1.157dp-6
-0x1.f6ae1cp-6
0x1.fdae2p-3
0x1.49bcacp-2
0x1.a49528p-4
0x1.2c97fp-7
0x1.3a335ep-4
-0x1.0fe5f6p-6
0x1.5b9b34p-2
-0x1.a39edp-2
-0x1.f265e4p-2
-0x1.bac6a8p-6
-0x1.b0e14ep-3
0x1.978b32p-3
0x1.5a47bcp-2
0x1.adb36ap-3
0x1.46781ap-5
0x1.bbbc38p-4
-0x1.be4c42p-3
0x1.d26e6p-2
0x1.19928cp-2
0x1.91e0d4p-6
0x1.4afcdp-3
0x1.0d003cp-3
0x1.aa033cp-5
-0x1.737a0ep-3
-0x1.3d21a6p-3
0x1.32a9ep-2
0x1.6272fep-4
0x1.3d679ap-3
0x1.ab6c66p-3
0x1.3da5cp-7
0x1.10cbaep-3
-0x1.5c73eap-3
-0x1.0b6d06p-3
-0x1.c3c7d6p-3
-0x1.bac386p-3
-0x1.a41b4cp-3
-0x1.3f2178p-2
0x1.43851ep-3
0x1.99e87cp-3
0x1.72e97ap-6
-0x1.cae482p-2
0x1.6f5e52p-5
-0x1.418ab8p-3
0x1.be6b02p-4
0x1.5c83f2p-3
0x1.a23838p-2
0x1.1da55p-2
0x1.21b8cp-4
0x1.08c8a6p-2
-0x1.568378p-3
0x1.a4a308p-3
0x1.53d6b4p-5
-0x1.c18fe4p-5
-0x1.b0e7fp-5
0x1.054854p-3
-0x1.f72b76p-3
-0x1.f627bep-2
-0x1.4c4be2p-1
-0x1.0678f8p-1
-0x1.48b98p-4
0x1.e680c4p-5
-0x1.aa7d94p-5
-0x1.9683cep-2
0x1.d374c6p-3
0x1.b3568ap-3
0x1.505f4p-4
-0x1.6d3d24p-2
-0x1.3f5fd6p-4
-0x1.4006d8p-2
0x1.b2d1fap-3
-0x1.9d6a1ap-4
0x1.30e666p-3
0x1.a8bbbp-8
-0x1.0ccf52p-2
-0x1.65b7bep-2
0x1.db0cbep-5
-0x1.161fccp-2
-0x1.b0243ap-2
0x1.1125bap-4
-0x1.f97712p-3
0x1.c41036p-2
-0x1.1f37b6p-1
-0x1.3a3a3ep-3
0x1.5f0a32p-1
0x1.79d56ep-3
-0x1.0738eep-3
-0x1.e2ce3ep-5
-0x1.fc9a92p-2
-0x1.4ea212p-2
0x1.774ef6p-5
-0x1.464a18p-3
-0x1.0561p-2
0x1.64482p-2
-0x1.27106ap-2
-0x1.e42992p-4
0x1.50b146p-3
-0x1.941954p-5
0x1.72e4bp-4
-0x1.fe69c4p-3
0x1.c3e678p-3
0x1.260c7cp-4
-0x1.53a266p-6
-0x1.b50daep-2
0x1.91cd9p-7
-0x1.4a9e2ap-2
-0x1.5e4668p-4
0x1.dc1a96p-3
-0x1.709c6p-6
0x1.39cf56p-4
-0x1.696396p-5
0x1.c30bb4p-5
-0x1.122cd6p-2
-0x1.ff3518p-3
0x1.3e998p-2
0x1.de6f52p-5
-0x1.d1c926p-5
0x1.a38892p-2
-0x1.54e25ap-3
0x1.b24546p-3
-0x1.561ed2p-3
0x1.c941c2p-2
-0x1.8e252cp-3
-0x1.a0f8dep-2
-0x1.0a036ep-4
-0x1.c30a92p-10
0x1.b3fe26p-4
-0x1.8122b2p-7
-0x1.766ac6p-4
0x1.164426p-2
-0x1.6881a2p-4
0x1.3b367cp-9
-0x1.2ee352p-3
-0x1.24ca58p-3
0x1.c2de22p-3
0x1.abfdb2p-9
0x1.e269b8p-3
-0x1.260d28p-3
0x1.7b3c92p-4
0x1.015234p-2
0x1.69f3a8p-2
-0x1.70bfc8p-3
-0x1.d03e5ap-2
0x1.ec5038p-5
0x1.66336cp-4
0x1.50c618p-6
0x1.877bc6p-4
0x1.3d651p-2
-0x1.d5c74ep-3
-0x1.01f23ep-3
0x1.267116p-4
0x1.5e610cp-2
-0x1.69bf9ep-3
0x1.d089dap-3
0x1.29c24ep-3
-0x1.c91f4ep-5
0x1.0bc576p-2
-0x1.714fecp-4
0x1.7f63f6p-2
0x1.c2d7d2p-3
-0x1.37192ep-3
0x1.d9f756p-2
0x1.6d6ba2p-3
-0x1.1e6006p-4
0x1.b931dap-5
0x1.ca4628p-3
0x1.d9bb82p-4
-0x1.1c667ap-6
0x1.ea8f5ap-2
0x1.44e3ep-3
-0x1.2f696ep-3
0x1.16fd3ap-4
-0x1.318aa6p-4
0x1.a65c8ep-6
-0x1.395724p-3
-0x1.67c9b8p-3
-0x1.3dcfd4p-2
-0x1.426bdep-4
-0x1.a77bb2p-11
-0x1.7c4f4ep-2
0x1.077202p-3
-0x1.e861c2p-5
-0x1.cbdff2p-4
0x1.00e60ap-2
0x1.a7be08p-3
0x1.89d35p-4
-0x1.fe5bacp-5
-0x1.25bda6p-2
0x1.1619dp-2
-0x1.12626p-7
-0x1.b24478p-5
-0x1.58442cp-5
0x1.43ad26p-2
-0x1.b22356p-5
-0x1.ec7e5p-3
0x1.246c3ap-5
-0x1.743184p-4
-0x1.878342p-2
0x1.2d64fp-4
-0x1.b5f76ap-2
0x1.ce55aep-3
0x1.65f676p-6
-0x1.2f7a9p-2
-0x1.8c3ffcp-4
0x1.651c78p-4
-0x1.84c6e2p-6
-0x1.cc679ep-3
0x1.09e65p-2
0x1.5bbff8p-4
0x1.39284ep-3
0x1.b4c48ap-3
-0x1.35465cp-4
-0x1.018b12p-2
-0x1.01a998p-5
0x1.c764dep-3
0x1.d80cp-3
0x1.942746p-4
0x1.806978p-4
0x1.0c916p-2
0x1.c3646ep-4
0x1.dbdbccp-7
-0x1.ce93a4p-2
0x1.4f75aap-5
-0x1.1bcd64p-3
-0x1.39bc1ap-2
-0x1.f2a68ap-2
-0x1.7abeaep-3
0x1.833c78p-3
0x1.345fccp-2
0x1.c05a9ap-2
0x1.68f9f8p-3
0x1.822dfp-3
-0x1.45bd8cp-4
-0x1.4b0786p-2
0x1.3420c8p-2
0x1.7c492ep-6
0x1.8931d2p-3
0x1.1025d2p-4
0x1.9e3826p-3
0x1.6a81d2p-2
-0x1.265a4cp-3
0x1.110ac4p-3
0x1.2acc3ap-6
0x1.c43044p-3
-0x1.7a8498p-3
0x1.c70d62p-2
-0x1.54bac6p-2
0x1.556726p-2
-0x1.a5257ep-3
-0x1.ccb24cp-6
0x1.c8d15cp-6
0x1.d63544p-4
-0x1.304fa8p-3
-0x1.b535ecp-2
0x1.a93858p-2
0x1.e8a72cp-4
-0x1.1df7c4p-4
-0x1.21a1fcp-2
0x1.1ff84ap-2
-0x1.cec5fp-5
-0x1.9463c4p-3
-0x1.52416ep-2
0x1.08957p-2
0x1.cb8f4ap-2
0x1.8af6fp-5
0x1.f4876ep-4
0x1.bdb4aap-3
-0x1.a8a62ap-2
0x1.19a7bap-4
0x1.4ebf6p-4
0x1.2c6194p-3
0x1.16e346p-2
0x1.704beap-2
-0x1.f51384p-7
-0x1.29b09cp-1
0x1.65e0e6p-3
0x1.17e4d8p-3
-0x1.d475c8p-2
-0x1.625356p-2
0x1.5d1136p-3
0x1.1f94b8p-1
-0x1.a40db8p-4
-0x1.3d4eeap-3
-0x1.efdd42p-6
-0x1.21a732p-3
-0x1.0c3652p-2
0x1.6c71acp-2
-0x1.491fdep-4
0x1.27845p-3
0x1.85095ep-3
-0x1.1fcd08p-2
0x1.6123dp-2
0x1.020c44p-1
0x1.534caap-3
-0x1.ee8164p-2
-0x1.a1a3eap-4
-0x1.6a5108p-2
0x1.32e508p-3
-0x1.cba9eep-3
0x1.0c923ap-2
0x1.d4b84p-2
-0x1.16bfccp-3
-0x1.37cebp-5
0x1.b1ed9ep-5
-0x1.bcbf2ap-2
-0x1.3ef262p-3
-0x1.67e246p-4
-0x1.1eca62p-3
0x1.fe38eap-3
-0x1.386d2cp-2
0x1.95714ap-3
-0x1.6370ap-6
-0x1.031484p-7
-0x1.3d9794p-3
0x1.8bab9cp-5
-0x1.f36adcp-4
-0x1.3e34ecp-3
0x1.062facp-2
0x1.f2b6e8p-4
0x1.4f780ap-2
0x1.93235p-9
0x1.478784p-7
0x1.0b7cdcp-1
0x1.224a7ap-5
-0x1.08ff4p-1
0x1.09be22p-3
-0x1.72f2dep-3
-0x1.67d01ep-2
0x1.038f54p-7
0x1.2ea7cap-2
0x1.1b7238p-4
-0x1.8c83f6p-5
0x1.4773e4p-2
-0x1.8c5a66p-3
-0x1.c17734p-5
0x1.9ccd4p-3
0x1.8eb326p-5
-0x1.e2ddcep-5
0x1.262f16p-6
0x1.46d646p-3
-0x1.3229f2p-4
0x1.9edd2ap-4
-0x1.faf274p-3
0x1.29f9ep-1
0x1.a99fbp-6
0x1.3d6c22p-2
-0x1.51154p-6
0x1.5707f4p-3
0x1.f69fcp-4
-0x1.4f2eb2p-3
0x1.59584cp-7
-0x1.3c4346p-3
0x1.c645f8p-4
0x1.2ae7c4p-4
0x1.b175b8p-3
0x1.0223fcp-3
-0x1.69a1cp-3
0x1.2d31d4p-5
0x1.737e94p-3
-0x1.1b2778p-4
-0x1.eaf9aep-2
0x1.a366fcp-7
0x1.1ae82p-3
-0x1.7eac76p-3
0x1.5badfp-2
0x1.7c7feep-3
0x1.bfbc3p-3
-0x1.ba72e8p-4
-0x1.0c978ap-4
-0x1.8777fp-5
-0x1.42dd54p-3
0x1.8672eap-3
-0x1.056088p-3
0x1.47ad1cp-2
0x1.5df53p-3
-0x1.e64596p-5
-0x1.03016ep-6
-0x1.85bf3cp-6
0x1.f2b8fep-2
-0x1.4ad2fp-2
0x1.5f235cp-2
0x1.867446p-5
-0x1.d1f85cp-4
-0x1.14406ep-3
-0x1.25f994p-3
-0x1.b5e97ep-3
-0x1.01aeb8p-5
-0x1.043058p-3
-0x1.776b26p-4
0x1.03f8c2p-2
-0x1.1b9a9p-2
-0x1.ae13p-7
-0x1.61ed36p-3
0x1.bf839ap-6
0x1.15d15ap-4
0x1.9195aep-2
-0x1.37e5b4p-3
-0x1.be7c84p-3
0x1.2b1484p-3
0x1.2f4bccp-2
-0x1.5cc46ap-3
-0x1.091594p-1
0x1.0c3b6ep-4
0x1.4e71d8p-4
0x1.1cc47cp-8
0x1.0c05a4p-1
-0x1.b7d104p-3
0x1.f11caep-3
-0x1.e9346cp-3
-0x1.034a4p-1
0x1.73356p-3
-0x1.df964p-4
-0x1.8b5d82p-2
0x1.15dd86p-2
0x1.2b605cp-4
-0x1.38b244p-3
0x1.17254ap-12
-0x1.b9cb8ap-3
0x1.976eb4p-3
0x1.09e144p-4
0x1.c3db94p-2
-0x1.9d0b4cp-6
0x1.3fd7f8p-2
0x1.53834ap-5
0x1.4884f6p-2
0x1.ee6facp-3
0x1.1d6aep-4
-0x1.26ecb2p-4
0x1.7eab54p-4
0x1.c6a8acp-4
-0x1.19e5d4p-3
-0x1.7dcabp-2
0x1.d0154ep-3
-0x1.2e5134p-3
-0x1.8cc50ep-3
-0x1.18eap-4
-0x1.8843c8p-3
-0x1.c66126p-3
0x1.02382cp-2
-0x1.7b9e9p-2
0x1.011cd8p-3
0x1.000634p-1
0x1.1aed96p-2
0x1.9496cp-2
-0x1.a18832p-3
-0x1.b1972ap-3
-0x1.0ed4f8p-2
0x1.0f786ap-3
-0x1.11c822p-3
-0x1.a731aep-2
-0x1.253eeap-5
0x1.980d98p-6
-0x1.5b0272p-1
-0x1.010dfcp-3
0x1.d54534p-5
-0x1.d89fdcp-2
0x1.adc744p-3
0x1.0cada8p-3
0x1.f09a6cp-6
-0x1.306a22p-4
0x1.c1859cp-8
-0x1.93e37p-6
-0x1.1a61ap-2
-0x1.1ac748p-2
0x1.0b6c16p-2
-0x1.4de392p-2
0x1.179acp-1
-0x1.c4c19ep-4
0x1.9778b8p-3
0x1.285d36p-3
0x1.4f7b3cp-2
0x1.08088ep-6
0x1.197474p-4
-0x1.4acf2ep-2
-0x1.60ab56p-5
-0x1.7f27fap-2
-0x1.cf6e76p-4
0x1.1c0c4ep-5
-0x1.ecf82ap-3
-0x1.1b086ep-3
0x1.42886ap-3
0x1.029a6ap-5
-0x1.134928p-8
0x1.20930ep-3
0x1.c2dc32p-5
0x1.00fc94p-3
0x1.c4c298p-3
0x1.6dd71p-2
-0x1.6cf21ap-2
0x1.b6473ap-3
0x1.3927bp-3
0x1.d77cf2p-4
-0x1.2c6474p-2
0x1.c9ede4p-4
0x1.e62474p-9
-0x1.c0b09ep-3
-0x1.c20ca8p-4
0x1.8d476p-3
-0x1.a3cbecp-2
-0x1.cf9c1ep-3
0x1.2e2734p-4
-0x1.5c19dep-2
-0x1.9006fcp-2
-0x1.857266p-2
0x1.1fea8cp-2
0x1.dce892p-4
0x1.9df952p-3
-0x1.2d641p-3
0x1.b42f7cp-5
0x1.c0f6aap-2
0x1.a7a59p-2
-0x1.3ed928p-5
-0x1.34478p-5
-0x1.8f2366p-3
-0x1.d52bb6p-10
-0x1.e72e9ep-4
0x1.6b22c4p-3
-0x1.de4656p-3
0x1.cd5468p-3
-0x1.c56898p-3
0x1.9394b6p-2
-0x1.180c98p-2
0x1.452d26p-1
-0x1.db0db2p-5
0x1.989b22p-2
-0x1.68e54p-5
-0x1.872628p-2
0x1.7ee9f6p-2
0x1.4d177ep-2
0x1.535064p-3
0x1.66280ap-5
-0x1.ad9a7ap-4
-0x1.496f62p-4
0x1.4a995ep-5
0x1.ea2914p-4
0x1.11ddfcp-10
-0x1.06ba3p-2
-0x1.3e4016p-2
-0x1.d8353cp-4
0x1.d977dap-4
-0x1.9809c8p-3
-0x1.72e62cp-3
0x1.4c17e6p-1
-0x1.113f92p-2
-0x1.8c8dacp-3
-0x1.15f426p-5
-0x1.8e6a42p-5
0x1.b75b9ap-2
0x1.38e0bcp-2
-0x1.aeba9ap-3
0x1.198cfcp-2
0x1.218484p-5
-0x1.8057acp-3
-0x1.de2dccp-3
0x1.85ae14p-3
-0x1.06e388p-3
-0x1.4acd6ep-2
0x1.79eecep-4
-0x1.05e3bap-3
-0x1.14e1c6p-3
0x1.a0beb6p-3
0x1.bbd502p-2
0x1.a83aaep-2
0x1.eaed98p-4
-0x1.37a724p-2
0x1.1a5a06p-2
0x1.2595ecp-2
-0x1.430194p-2
-0x1.06d5d4p-3
0x1.51a94ap-5
-0x1.098282p-1
-0x1.4958dcp-2
-0x1.85f15ap-3
-0x1.8ce772p-3
0x1.9ec91cp-3
-0x1.9e900ap-2
-0x1.7b75dp-4
-0x1.2c163ap-5
0x1.3da5f4p-3
-0x1.ec8fecp-4
0x1.d4fb96p-3
-0x1.6f2ab8p-5
0x1.217c6p-3
0x1.1a5a12p-1
-0x1.5d3402p-2
-0x1.fe2746p-2
-0x1.6c295cp-4
-0x1.078b94p-5
0x1.7991b8p-2
0x1.35e6d8p-2
-0x1.9ce9bcp-4
-0x1.2ca974p-2
0x1.3c8896p-7
0x1.5b7564p-2
0x1.0ad8c6p-2
-0x1.9c65ccp-4
-0x1.90d2ep-6
-0x1.8f708ep-2
0x1.3abaeep-4
0x1.96f1p-3
-0x1.d429dcp-3
-0x1.758232p-5
0x1.06644ep-3
-0x1.a65c3p-5
0x1.82891ap-2
-0x1.63907ep-5
-0x1.f9a7c4p-4
0x1.ba994cp-6
-0x1.6a9602p-2
0x1.ba3a34p-4
-0x1.2bc41p-1
-0x1.0a2cb8p-3
-0x1.178b6cp-4
-0x1.198864p-1
0x1.769ep-4
0x1.a2826p-7
0x1.595d28p-3
0x1.60a97ep-2
0x1.9a0d46p-3
-0x1.a79aaap-3
0x1.13845cp-2
0x1.343686p-5
0x1.9eab2ep-6
0x1.f8adc4p-4
-0x1.0f29d6p-2
0x1.85165ap-6
0x1.7f05f8p-2
0x1.19c5c2p-4
0x1.84b24p-3
-0x1.a3d364p-7
-0x1.a9330ep-6
0x1.1458c2p-2
-0x1.157eaap-2
-0x1.7b1d56p-4
0x1.36e498p-6
0x1.a9c216p-4
-0x1.41d9bcp-3
-0x1.1bf812p-3
-0x1.90cc82p-8
-0x1.52056cp-2
0x1.e8e41p-3
0x1.b5afb8p-4
-0x1.24702ap-2
-0x1.1629acp-2
-0x1.5be3b2p-2
0x1.c39d32p-4
0x1.e4ccd6p-4
-0x1.3e711ep-2
0x1.94d58p-2
-0x1.33cbbp-4
0x1.3a228p-3
0x1.101bcap-2
0x1.bc4c6p-5
0x1.d5cf1ep-5
-0x1.510f0ep-2
0x1.163252p-1
-0x1.f26904p-2
-0x1.caea44p-7
-0x1.eeb936p-7
0x1.35e406p-4
0x1.470fe8p-2
-0x1.6bbd4cp-2
0x1.16395cp-2
0x1.8ebdacp-4
-0x1.df120ap-4
0x1.36c3dep-1
0x1.07c752p-5
0x1.537fcap-2
0x1.7b9ap-6
0x1.1fd4c2p-2
-0x1.5d9646p-1
0x1.1ed5cep-2
0x1.756f1cp-7
-0x1.ccb07p-3
0x1.b6eb8p-2
-0x1.99874ap-5
0x1.ca7b7ap-3
0x1.93927ap-6
0x1.6c5eb4p-5
0x1.32839ep-5
0x1.7777dap-5
0x1.ad20f8p-4
0x1.7a4cacp-6
0x1.a0a112p-2
0x1.4a489ep-5
0x1.872e42p-2
0x1.fd4e82p-2
-0x1.8f5644p-3
0x1.eff53ap-4
0x1.0af824p-3
0x1.842266p-2
0x1.40b3a6p-3
-0x1.5bbeecp-3
0x1.9ca424p-3
0x1.1c5b0ap-4
0x1.7853cap-2
0x1.8b2e2cp-3
-0x1.8da3a8p-4
0x1.c2ca72p-1
0x1.b5519p-3
0x1.49a9bp-5
-0x1.8af1d2p-4
-0x1.78b618p-4
-0x1.ec0d86p-3
0x1.1e4782p-2
0x1.f90a04p-4
0x1.7178e2p-3
-0x1.b2bf0ep-6
0x1.41059ap-2
-0x1.5ace5p-1
-0x1.1f3204p-2
-0x1.3c3bd8p-3
-0x1.638b58p-5
-0x1.d85cb2p-2
-0x1.b60bf2p-7
0x1.4689c6p-2
0x1.2da028p-2
0x1.c1284cp-4
-0x1.95979ep-4
-0x1.8e91dep-3
0x1.84df98p-5
0x1.a25b12p-2
-0x1.51d082p-2
-0x1.af62c4p-1
0x1.ee5b02p-3
-0x1.6d24bp-2
-0x1.7c7b4p-3
-0x1.d4981ep-4
-0x1.164f66p-6
-0x1.e60d4p-3
-0x1.1abf66p-3
0x1.5626dep-2
0x1.8581d4p-4
-0x1.244d16p-3
0x1.c5eb34p-3
-0x1.02d0eep-2
0x1.5505cp-2
-0x1.719c7ap-5
-0x1.dca2c4p-6
-0x1.bbf6a2p-3
0x1.21b0d2p-3
-0x1.e7954ep-2
0x1.1f3f7cp-4
-0x1.e92916p-3
-0x1.37d5eap-4
0x1.975668p-4
0x1.40d2ep-3
-0x1.ca11a6p-2
0x1.6f7104p-2
0x1.4d368ep-2
0x1.74cbaap-3
0x1.7f56dep-2
0x1.7d002ep-4
-0x1.d313f6p-3
0x1.cc07eap-5
0x1.cc9deap-2
0x1.688c82p-3
0x1.535b28p-5
0x1.a3718cp-4
0x1.5b9be6p-2
-0x1.afc33ep-3
-0x1.a3f5d2p-4
-0x1.a79b7ep-2
-0x1.c7355ep-3
0x1.7384fap-5
0x1.c7c796p-3
0x1.07cf14p-1
0x1.f18b2cp-3
0x1.751906p-2
0x1.d08432p-2
0x1.56640ap-2
-0x1.9cd94p-4
0x1.a9251ep-6
0x1.3cdd62p-3
-0x1.61eb44p-2
0x1.a75ef6p-7
-0x1.2bcfd6p-2
-0x1.e3ed16p-2
0x1.e5d6dcp-5
-0x1.9bc584p-4
-0x1.1319b8p-3
-0x1.62ed32p-4
0x1.4cd964p-3
-0x1.39be7ep-1
-0x1.96cd9p-2
-0x1.431298p-2
0x1.24ed56p-3
0x1.99904ep-2
-0x1.083e96p-11
-0x1.ca69fp-3
-0x1.7620dp-1
0x1.05808ep-3
-0x1.180764p-4
0x1.b5c22p-4
-0x1.baed82p-3
0x1.a7675p-3
-0x1.44628cp-2
-0x1.a200b6p-3
0x1.105a92p-2
0x1.852d7p-3
0x1.5b8786p-1
0x1.ed2efp-3
0x1.a35b9ap-4
-0x1.74aad8p-6
-0x1.88eaaep-2
-0x1.0b29ep-6
0x1.a166e6p-2
-0x1.216a9ap-2
-0x1.2492a2p-3
0x1.9cadeap-3
0x1.4c5a0cp-4
-0x1.2655c8p-2
0x1.b168c2p-1
0x1.79d402p-2
0x1.356c28p-3
0x1.e4565ap-3
0x1.488ca4p-1
-0x1.48a3f6p-5
-0x1.a62eeep-3
0x1.3179b2p-3
-0x1.81df76p-2
-0x1.bccbdap-3
0x1.aaa1ap-2
0x1.28a9acp-2
-0x1.0a1f32p-3
0x1.9f2964p-2
-0x1.ad4bbap-3
0x1.e68594p-7
-0x1.1af566p-2
0x1.05115ep-2
0x1.d16294p-2
0x1.cf4616p-2
-0x1.2ce0e2p-2
0x1.f10a14p-3
-0x1.7d8b58p-10
-0x1.9246c8p-5
-0x1.85d2f2p-5
0x1.08a2eap-1
-0x1.f074c4p-3
-0x1.45c9p-3
-0x1.d24e54p-1
0x1.fd7936p-2
-0x1.41febap-3
-0x1.b91be8p-2
-0x1.55c034p-6
-0x1.ffe376p-2
-0x1.89e312p-5
-0x1.78475p-3
0x1.81e616p-2
-0x1.7727d8p-4
-0x1.01c6d2p-5
-0x1.21a692p-4
-0x1.0de204p-2
-0x1.22828p-1
-0x1.58a4a8p-3
0x1.e74eb2p-3
-0x1.1ed544p-2
-0x1.0c25d4p-1
-0x1.ab01f2p-3
-0x1.27cdd6p-2
-0x1.58503ap-1
0x1.1bfae6p-2
0x1.6b0a14p-1
-0x1.492606p-2
0x1.2dd3e4p-2
-0x1.02c60ep-4
0x1.4fafb4p-2
-0x1.7c06f8p-3
-0x1.3b733p-1
-0x1.9dcddep-7
0x1.11bd68p-1
-0x1.f346ccp-6
-0x1.43c448p-2
-0x1.16745ep-3
-0x1.6e098ep-3
-0x1.47d9f2p-1
0x1.f1f17p-3
-0x1.11cdf4p-5
-0x1.0c6b14p-1
0x1.40d4ccp-2
-0x1.2f08bep-1
0x1.5d4b52p-3
-0x1.1ef022p-2
-0x1.bd908ap-4
0x1.d28a7p-4
-0x1.1363a8p-2
-0x1.c8dd6ap-5
-0x1.67e508p-3
0x1.73b114p-6
-0x1.2673b8p-1
0x1.7b512p-3
0x1.31274cp-2
-0x1.caa316p-2
0x1.c15218p-1
0x1.6f3e6ap-3
0x1.d4e94ep-4
0x1.754966p-1
0x1.17f5bp-2
0x1.523a16p-3
-0x1.36280cp-2
-0x1.5e62f2p-3
0x1.d1133p-1
0x1.be0128p-2
-0x1.0c8722p-1
0x1.954358p-3
-0x1.978fcep-2
0x1.81e0b4p-1
-0x1.3703b4p-1
0x1.df5b8ep-3
-0x1.bcae74p-3
0x1.35b27cp-1
-0x1.71091cp-3
-0x1.09a4cep-4
-0x1.c2392ep-3
0x1.835f5p-2
0x1.fec8cep-6
-0x1.1cdb58p-5
-0x1.83b798p-5
0x1.461bd8p-4
0x1.c0c868p-3
0x1.b081dep-4
0x1.2b0deep-3
0x1.17c59p-1
0x1.9929d6p-2
-0x1.450c48p-3
-0x1.88b7dcp-3
-0x1.7f0c4p-2
-0x1.a826ep-3
-0x1.ac409ap-3
-0x1.2efb8p-1
-0x1.280d3p-2
-0x1.488346p-1
-0x1.edcea4p-4
0x1.0b559ap-1
0x1.22c69ep-5
-0x1.84575ap-4
-0x1.3b514cp-2
-0x1.a82fb6p-1
-0x1.17e74ep-1
0x1.f8ddd6p-3
-0x1.c6b964p-5
0x1.72e2a4p-1
-0x1.add8dap-3
0x1.0076eep-1
-0x1.a63cp-2
-0x1.48cdf4p-1
0x1.864a84p-3
0x1.2fee6ap-3
0x1.afac5cp-2
-0x1.f71ee4p-4
0x1.2ec0c6p-3
-0x1.3db396p-1
-0x1.bb6cd2p-6
-0x1.a8247cp-5
-0x1.1fa622p-2
0x1.a76156p-2
-0x1.229c6ap-4
0x1.ad0af6p-2
0x1.368c6cp-2
0x1.93e4aap-3
-0x1.ad8164p-2
0x1.3b8202p-5
0x1.c848ccp-3
0x1.3fd3dp-5
0x1.8500d2p-2
-0x1.07c9e8p-2
-0x1.128774p-1
-0x1.baa25p-2
-0x1.33e4f4p-2
0x1.230df2p-1
-0x1.72884ap-2
0x1.2f5492p-3
-0x1.1190cap-2
-0x1.77ef08p-1
0x1.a81dc2p-6
-0x1.c8a22cp-2
-0x1.f6cae4p-3
-0x1.e4b9c6p-3
0x1.449104p-2
-0x1.d5c26ep-3
0x1.6eedcap-8
-0x1.38291ep-6
0x1.f2dc9ep-3
0x1.a3d3d6p-2
0x1.fd6d6ap-3
0x1.943f2cp-2
-0x1.943f3p-2
