7
110
25
20
15
10
5
2
tanH
tanH
tanH
tanH
tanH
softmax
0x1.eb27b8p-1
0x1.dcbcfep-2
-0x1.cc6caap-3
-0x1.21b5d6p-2
0x1.7aee7p-3
0x1.1e5cacp-3
-0x1.0f9a9cp-3
-0x1.9ae598p-2
0x1.0a149p-2
0x1.e7781cp-2
0x1.1a021p-3
0x1.e634d8p-3
0x1.688982p-4
-0x1.e4ee98p-5
-0x1.015048p-1
0x1.368b54p-2
0x1.4d0aap-4
0x1.4fe4b8p-2
-0x1.d0e8fp-2
-0x1.635b98p-4
-0x1.a2f58ap-2
-0x1.ffa94p-3
0x1.01740ap-3
0x1.b4301ap-2
0x1.d59e7ap-2
0x1.d80bf6p-1
0x1.74af34p-2
-0x1.553be2p-2
-0x1.1d06ecp-1
0x1.93145p-2
0x1.043288p-1
-0x1.50d7dcp-3
-0x1.e79ep-3
0x1.66ef1ap-2
0x1.1474fcp-1
0x1.c44398p-6
0x1.224496p-2
0x1.5f81acp-2
-0x1.40eec6p-2
-0x1.e23f3cp-2
0x1.33a22cp-1
0x1.0bf728p-1
0x1.7a1872p-2
-0x1.4a5dep-1
-0x1.5d7e8ap-2
-0x1.0d902cp-1
-0x1.3c7776p-2
0x1.18de7ep-2
0x1.4e9f92p-1
0x1.453126p-2
0x1.707708p-5
0x1.4edabp-2
-0x1.afff1ep-5
-0x1.ca7584p-5
-0x1.82607ap-3
0x1.8a7acp-2
-0x1.3e5a06p-2
-0x1.e64dd6p-3
-0x1.3aaa9ep-5
-0x1.46a2e4p-5
0x1.325138p-1
0x1.bcfcc4p-8
-0x1.d1b06cp-3
-0x1.4c8298p-2
-0x1.403a54p-3
-0x1.3612e6p-3
0x1.541744p-2
0x1.c2dedap-6
-0x1.cc21e6p-4
0x1.c39ab2p-3
0x1.49a37ep-2
-0x1.29b2eep-3
-0x1.5a39d2p-3
-0x1.0ed6a2p-2
-0x1.5a74b2p-3
-0x1.5797d8p-4
-0x1.a2efb4p-3
0x1.6dbdf8p-2
-0x1.4f3322p-2
-0x1.80fda8p-1
-0x1.1f79eep-3
0x1.e5bceep-3
0x1.d65dc2p-2
-0x1.a63982p-2
-0x1.03dbbap-2
0x1.121c26p-1
-0x1.fedc2ap-4
-0x1.ccd116p-2
-0x1.b40abep-3
-0x1.f702bp-3
0x1.173834p-4
0x1.0ef8ap-2
0x1.9e5166p-3
0x1.5d812cp-3
0x1.f1f82p-2
0x1.9538c6p-2
0x1.eaa2acp-3
0x1.14324cp-2
-0x1.81e54p-2
0x1.10c67cp-2
0x1.6fbbbap-2
0x1.93372ap-3
-0x1.6184aap-3
-0x1.2eb70cp-2
0x1.5896d8p-2
0x1.cd652cp-2
-0x1.9c42a2p-3
-0x1.243694p-1
0x1.2c3256p-2
0x1.d1c0c6p-3
0x1.6d86aap-11
0x1.4d0b02p-1
0x1.2ee03p-4
-0x1.ef0308p-2
-0x1.c0b1dap-2
0x1.27cd6ep-2
0x1.395864p-2
0x1.10522p-2
-0x1.abef52p-2
-0x1.a2207cp-2
-0x1.f344bap-3
0x1.1006f4p-3
-0x1.70e37ep-4
0x1.ad2048p-2
0x1.664352p-3
0x1.385bbap-1
0x1.f0e4e8p-2
-0x1.eaacbap-2
-0x1.4080bp-1
0x1.0149fp-1
0x1.9b3bap-2
-0x1.4541f8p-2
-0x1.ed1744p-2
0x1.de5bcep-2
0x1.0c581cp-1
0x1.49d056p-4
0x1.4555f4p-1
0x1.11e016p-3
-0x1.5a0a6ap-1
-0x1.3012d2p-1
0x1.99f9f4p-2
0x1.34ccaap-2
0x1.4a59d8p-2
-0x1.44b5cap-1
-0x1.e6ab14p-3
-0x1.c5389p-2
-0x1.173b28p-4
0x1.545858p-7
0x1.edf1acp-2
0x1.3f4ba2p-3
-0x1.3d1b8p-3
0x1.4bf00cp-5
-0x1.226652p-3
-0x1.15621ap-3
0x1.c5a906p-2
-0x1.04634p-6
0x1.66282cp-7
-0x1.97063cp-4
0x1.68d61p-2
0x1.fdb708p-3
0x1.4fae62p-7
0x1.26064p-3
0x1.eee8d8p-4
0x1.f0cf0ep-5
0x1.06a10ap-3
0x1.a52ee6p-3
0x1.52d1e8p-3
-0x1.87cee4p-8
0x1.80792p-6
-0x1.20827ep-2
-0x1.6704cap-2
-0x1.858d32p-5
0x1.0695fp-2
0x1.b5bc88p-3
-0x1.425306p-2
-0x1.a6a8a2p-4
0x1.f9a262p-3
-0x1.bcf768p-5
0x1.377232p-2
0x1.bae278p-3
-0x1.c219d4p-4
-0x1.ec7344p-5
-0x1.37bed4p-3
-0x1.91dcp-4
0x1.2c0c82p-3
-0x1.b0f082p-3
-0x1.52b6d4p-3
-0x1.eed04ap-5
0x1.de88f2p-6
0x1.9a804cp-3
0x1.758d08p-8
-0x1.dc4d8p-3
-0x1.f38edep-4
0x1.616748p-4
0x1.c78006p-9
-0x1.02a58ap-2
-0x1.ea6a7ep-4
-0x1.57e31p-2
0x1.543e74p-4
-0x1.6b92ep-2
-0x1.f1b9fap-2
0x1.4d38e4p-3
-0x1.8e8c3ep-4
0x1.f47fc4p-3
-0x1.1762eap-1
-0x1.5c543ep-4
-0x1.33aa94p-4
0x1.2cdefcp-2
0x1.0d1e94p-3
-0x1.c6b7p-3
0x1.f6cc4p-4
-0x1.332e7cp-2
-0x1.12c7b6p-1
-0x1.6f2158p-6
0x1.a76fdcp-3
-0x1.ce8f24p-2
-0x1.5a17ccp-3
-0x1.bbaf1p-2
0x1.7b5e46p-2
0x1.07d1d4p-1
0x1.15b818p-2
0x1.269f7cp-2
-0x1.294de4p-1
-0x1.037de2p-1
-0x1.4806b6p-2
-0x1.7df6d4p-3
-0x1.7a3b44p-11
-0x1.e424aep-6
-0x1.3e038ep-4
0x1.ca96e8p-5
-0x1.3450ecp-5
0x1.55320ep-4
-0x1.81a78ap-3
-0x1.51b7a6p-4
0x1.423428p-2
0x1.2e3e12p-3
0x1.a39e7ep-3
0x1.f829ep-3
-0x1.e669c6p-4
-0x1.f666dp-4
0x1.33acc6p-2
0x1.db3aa6p-5
0x1.7c624ap-3
-0x1.50fd9ap-4
-0x1.53f4aap-4
0x1.551576p-5
-0x1.499266p-2
-0x1.2e5428p-5
0x1.a2893ep-7
0x1.81592ep-3
-0x1.26922ep-2
-0x1.3d8aa2p-3
-0x1.3a31bap-3
-0x1.cf9adp-4
0x1.6a723ep-4
0x1.ea2beep-4
0x1.58859p-5
-0x1.6ecc74p-5
0x1.78a3b2p-5
0x1.55ba8ep-5
0x1.7bd014p-3
0x1.a721fp-5
0x1.725866p-4
-0x1.38ade6p-3
-0x1.d8660ap-3
0x1.caf6eep-4
0x1.5fb04p-4
0x1.efd7bcp-4
0x1.d11ff4p-5
0x1.b20204p-3
0x1.96a866p-3
-0x1.cc0594p-2
-0x1.ccb682p-3
0x1.4f96eep-4
0x1.d3e18cp-3
0x1.8c32e2p-2
0x1.2e96d2p-2
-0x1.1c4f5p-2
-0x1.40af5p-4
0x1.fb8f38p-3
0x1.1a42c8p-1
-0x1.4bb05ap-3
-0x1.fa30bap-4
0x1.c57386p-3
0x1.1e7be6p-4
0x1.545126p-2
0x1.090a5p-5
0x1.ba717ep-4
-0x1.6d2ceap-4
-0x1.f63bbep-3
0x1.1794e6p-2
0x1.31f0a2p-2
0x1.793638p-2
-0x1.9b8964p-2
-0x1.643a96p-3
-0x1.8ef13p-3
-0x1.0698eap-2
0x1.e6f806p-3
0x1.af9acep-3
0x1.9c2226p-3
-0x1.a7a9cap-3
0x1.7435c6p-3
-0x1.dac26ep-4
-0x1.6ce35p-3
-0x1.af80b4p-3
0x1.c0c87ep-2
-0x1.55404cp-7
-0x1.1098bap-4
0x1.9a0124p-4
-0x1.9ecccp-7
0x1.1de98ep-2
0x1.87955ep-6
-0x1.1d025p-3
-0x1.790c5ap-2
-0x1.9dddd4p-5
0x1.68ad5cp-6
0x1.2bfe8ep-1
0x1.d973f4p-2
0x1.aebf5cp-5
0x1.7f2a8cp-5
0x1.31a8b2p-2
0x1.9bf358p-4
-0x1.e4dfbap-4
-0x1.197986p-2
0x1.ac5a14p-3
-0x1.e7c8b8p-4
-0x1.ca16aep-5
0x1.388826p-3
0x1.36d626p-2
-0x1.29cd8cp-3
-0x1.d26a6cp-2
0x1.458decp-2
0x1.caa0dep-3
-0x1.71074p-6
0x1.1100bep-3
-0x1.884606p-7
-0x1.e27ac6p-2
-0x1.3a7a8ep-2
0x1.0b4b56p-4
0x1.793192p-5
-0x1.043a8p-3
-0x1.92e1dap-2
-0x1.83c0b6p-2
0x1.9b375ep-2
0x1.57710cp-4
-0x1.48555cp-3
-0x1.412356p-3
-0x1.03eaa2p-4
-0x1.19fdep-3
0x1.192f34p-4
-0x1.074f44p-4
0x1.4aab18p-3
-0x1.c6348p-3
-0x1.18e8d8p-5
-0x1.0e756cp-2
0x1.32a34ep-3
-0x1.c7958ap-3
0x1.263578p-3
-0x1.c88fdap-4
-0x1.20a188p-2
0x1.baa092p-2
-0x1.355f48p-2
-0x1.3f7cc6p-2
-0x1.323a12p-2
-0x1.e07a12p-3
-0x1.4e5a6cp-3
0x1.21ed36p-4
-0x1.65c95ap-5
-0x1.31a4b8p-4
0x1.24678p-2
0x1.ae18dcp-2
-0x1.e43124p-4
-0x1.7534c2p-2
-0x1.9105d6p-2
0x1.d928dap-3
0x1.fade28p-5
0x1.8adaacp-3
-0x1.c4b80ep-5
-0x1.e1dbbp-3
0x1.4b71eap-2
0x1.3b7bb8p-9
-0x1.d33a78p-5
0x1.e9112p-7
0x1.549b3cp-3
0x1.c3f332p-2
-0x1.27b242p-10
-0x1.60638cp-11
0x1.20243p-2
-0x1.f20b5p-5
0x1.5d05a8p-3
0x1.b995f6p-3
0x1.c0c23cp-3
0x1.52ebcep-7
-0x1.6789p-3
-0x1.5c39ccp-2
-0x1.05b08ap-2
-0x1.100dep-3
0x1.def06ep-2
0x1.6f59cep-3
-0x1.343602p-2
0x1.b3f1aep-5
0x1.ac3b38p-3
-0x1.ba9a34p-3
-0x1.734122p-3
0x1.185eeep-2
0x1.690d68p-8
0x1.b28ba8p-4
0x1.478cdp-3
0x1.41e49p-3
0x1.cc7d92p-3
-0x1.691066p-3
-0x1.0e6c94p-4
0x1.6982a2p-3
-0x1.dd3176p-5
0x1.5cc1eep-4
0x1.195864p-3
-0x1.330bf6p-4
-0x1.5f529ep-6
0x1.ffc5e2p-4
-0x1.042ae8p-4
0x1.726eaap-5
-0x1.0e5f26p-2
0x1.33e0fp-1
0x1.a23514p-3
-0x1.93970cp-4
-0x1.29a832p-4
0x1.10a10ep-3
-0x1.f2aebap-4
-0x1.d72cbp-4
0x1.a040f8p-2
0x1.5e63eep-5
0x1.a13234p-4
-0x1.b3d568p-6
0x1.3d7f1cp-2
0x1.8138a6p-2
0x1.bc962ep-3
0x1.b1e06p-3
0x1.29e7d6p-2
-0x1.15a058p-3
0x1.1417fcp-5
0x1.9f27cap-6
0x1.f17accp-4
-0x1.a40ac2p-3
0x1.81cad8p-2
-0x1.c7bd1cp-4
0x1.98503p-5
-0x1.412146p-3
0x1.05d39p-1
-0x1.61bd52p-3
-0x1.7a8c7ep-3
-0x1.b8126ap-4
0x1.4d5bfep-4
-0x1.3c9722p-4
-0x1.7892d8p-2
0x1.ee756cp-2
0x1.18cdb8p-3
0x1.0d86e8p-3
-0x1.eae7d4p-4
0x1.42c7bp-1
0x1.010244p-1
-0x1.a12e16p-5
0x1.4f12c6p-7
0x1.cf1ae8p-4
-0x1.71fb18p-2
0x1.5a9004p-3
0x1.5b4ab4p-5
0x1.0a25fcp-2
-0x1.3eb9d2p-4
0x1.f6438cp-4
-0x1.8b5d96p-4
0x1.55127ap-5
-0x1.ffc492p-4
0x1.9a9b78p-2
-0x1.a2abap-4
-0x1.ac4662p-3
0x1.169464p-5
0x1.328298p-4
0x1.2388b8p-6
-0x1.2aee14p-3
0x1.cd71c2p-3
0x1.629978p-4
0x1.33453cp-4
-0x1.dfa2bep-3
0x1.3e8136p-2
0x1.410b74p-2
-0x1.709dccp-6
-0x1.9db266p-4
0x1.d1ff82p-3
-0x1.ca70cap-3
0x1.12278ep-2
0x1.84f83ep-4
0x1.10b73ap-4
-0x1.3f56e6p-4
-0x1.49095ep-4
-0x1.09cf3p-4
0x1.8a772p-3
-0x1.410f78p-4
0x1.4f06c2p-1
-0x1.4ac16cp-3
-0x1.142c32p-4
0x1.37d74ap-2
-0x1.0d4ae6p-5
0x1.985d7ap-4
0x1.b9fdccp-5
-0x1.36ff62p-3
-0x1.9f5546p-3
0x1.681448p-4
-0x1.6b25b6p-3
0x1.a67ccap-6
-0x1.6d6f72p-4
-0x1.7a6792p-3
-0x1.0148c6p-2
-0x1.5b3626p-4
-0x1.0a46eep-3
-0x1.477becp-5
-0x1.fed99cp-3
0x1.8fb222p-4
0x1.07f1fp-3
0x1.86c128p-6
0x1.6e522p-2
0x1.f78dacp-3
0x1.0f6c4p-7
-0x1.152e96p-2
-0x1.c426dap-3
-0x1.4d8316p-5
0x1.2f5476p-3
-0x1.384166p-3
-0x1.2b2f22p-5
0x1.0c2106p-3
0x1.9eb8fep-3
0x1.143efp-3
0x1.5dc654p-4
-0x1.302da8p-2
-0x1.ed9686p-4
0x1.10ff9ep-4
0x1.675f6p-6
0x1.507652p-2
0x1.d1a30ep-5
-0x1.187b1ep-5
-0x1.dfcf82p-4
0x1.a4f64cp-5
-0x1.8dfe2cp-4
0x1.2138c4p-3
-0x1.2baa98p-2
-0x1.d51578p-4
-0x1.43f70ep-3
0x1.8a9f1ap-6
0x1.ee0d6ep-4
0x1.1e37d6p-3
0x1.0b1a0ap-4
0x1.129f06p-5
-0x1.046a1ep-4
-0x1.4d5336p-7
-0x1.bab74ep-5
-0x1.21a7f8p-4
-0x1.74e7c6p-4
0x1.3b3384p-3
-0x1.5c2628p-4
-0x1.108e26p-2
-0x1.031152p-2
-0x1.4a93eap-3
-0x1.14ba9cp-3
0x1.35727cp-7
-0x1.6181c8p-2
-0x1.27626ap-2
0x1.59b69ap-4
0x1.b0ea68p-3
0x1.756b2ap-2
-0x1.99f9e4p-4
-0x1.182e56p-4
0x1.ee810cp-6
0x1.342aa8p-2
-0x1.bdd82cp-6
0x1.82f6aap-3
0x1.b21d5cp-2
-0x1.e459c8p-4
-0x1.c6b788p-5
0x1.de43e2p-3
0x1.194c24p-2
0x1.ab5566p-3
-0x1.d65f4ep-4
0x1.7e4982p-3
-0x1.32aea8p-3
0x1.4d6fp-3
0x1.be74fcp-4
-0x1.ae571ap-2
-0x1.ced13cp-3
-0x1.5344e8p-5
0x1.06805ap-2
0x1.1ab374p-2
0x1.483b14p-7
-0x1.e4ac22p-2
-0x1.d68d4p-9
0x1.4d7364p-2
-0x1.c47d2ep-2
-0x1.26985cp-1
-0x1.3f5a24p-3
-0x1.b82b28p-3
0x1.e8512cp-3
0x1.0b9918p-2
0x1.351e34p-5
-0x1.08fd3p-1
0x1.bfabe4p-3
0x1.3ae6eap-5
-0x1.d02e68p-2
-0x1.012224p-3
-0x1.4c0e8cp-2
0x1.bd94d4p-5
-0x1.c964f4p-2
-0x1.951a3ep-3
0x1.bf9108p-3
0x1.782464p-3
-0x1.6960dap-5
0x1.3016e4p-7
-0x1.f8bf42p-3
-0x1.9cade8p-7
-0x1.e5bbc8p-4
0x1.c86aecp-3
-0x1.5d15fcp-1
0x1.ef5d66p-3
0x1.11329cp-1
0x1.ac7bb8p-5
-0x1.e5e4cep-3
-0x1.17fad4p-3
0x1.9534d2p-3
-0x1.51aaf2p-5
-0x1.3743e2p-5
-0x1.2ec9cap-4
-0x1.0f947ap-4
0x1.15a292p-6
-0x1.274a84p-6
0x1.0a9b08p-3
0x1.aa459ap-7
-0x1.34d1fep-2
-0x1.a6a44ap-6
-0x1.ef48f4p-4
-0x1.42c42ap-3
0x1.06180cp-4
-0x1.009fa2p-5
-0x1.1b6dccp-3
-0x1.00a8dp-6
-0x1.78b996p-6
0x1.f6edfap-6
0x1.9b251ep-4
-0x1.4a837ap-4
-0x1.c7172cp-6
-0x1.3c14c8p-4
0x1.3e70bp-3
0x1.d894d6p-4
0x1.17efeap-1
0x1.69af46p-5
0x1.f5b65p-5
0x1.911e6cp-5
-0x1.74dc66p-6
0x1.19e208p-5
-0x1.6a1634p-2
-0x1.d99232p-3
-0x1.ee8e2ap-3
0x1.308172p-4
0x1.da2a76p-5
0x1.0d59p-2
0x1.2824bap-3
0x1.35274ap-3
0x1.b08196p-2
-0x1.0483c8p-8
0x1.8796fap-4
0x1.b8fcdcp-4
0x1.7ab232p-4
-0x1.14ff4cp-2
-0x1.11aa12p-3
0x1.6a95ccp-4
-0x1.54c142p-2
0x1.05f2a4p-2
0x1.5955c4p-4
-0x1.3d985ap-2
-0x1.9ce548p-5
-0x1.598c16p-3
0x1.2fbc2cp-5
0x1.1e72cap-4
-0x1.50d60ep-8
0x1.41208cp-4
-0x1.07e6dap-4
-0x1.917df2p-4
0x1.23a71ap-9
-0x1.ead656p-5
-0x1.54e32ap-2
0x1.3d13eap-9
0x1.c5981p-4
-0x1.51ae7ep-4
-0x1.873c48p-3
-0x1.5d1808p-4
-0x1.e4a44p-3
-0x1.ed04b6p-4
-0x1.838872p-5
0x1.51aaap-7
-0x1.508ffcp-4
0x1.2ea968p-4
0x1.bd0374p-4
0x1.5a0e5cp-5
0x1.3c469p-3
0x1.995532p-7
0x1.eb1226p-3
0x1.52c08ep-5
-0x1.69b034p-5
0x1.d8610ep-4
0x1.1709f2p-6
-0x1.443aa2p-3
-0x1.48e91ap-2
0x1.918af8p-4
0x1.2cc174p-3
0x1.02729ap-3
0x1.aeeap-3
0x1.20ee1ep-3
0x1.119fa6p-6
-0x1.44d19ap-3
-0x1.1837f6p-3
-0x1.48f198p-6
-0x1.795228p-3
-0x1.1bcd86p-3
-0x1.2a13fcp-3
-0x1.6f912cp-3
-0x1.4b91fep-11
0x1.158bc8p-4
0x1.8b8c8ep-5
0x1.ac815ep-4
-0x1.fca70ap-3
-0x1.657168p-3
0x1.111346p-3
-0x1.ec54eap-3
0x1.c15508p-4
-0x1.26cbe4p-2
0x1.28ec4cp-6
0x1.5bf39p-7
-0x1.1215bap-4
0x1.1dd8bcp-3
0x1.e48df2p-8
0x1.21297cp-2
0x1.31bc78p-2
0x1.b2bb44p-4
-0x1.8c89a8p-8
0x1.4d386ep-4
0x1.edfeep-3
-0x1.27dd52p-6
0x1.02403p-7
-0x1.108972p-2
-0x1.6a464cp-6
-0x1.645cccp-3
-0x1.be2ebp-4
0x1.12db1cp-2
-0x1.00cdfcp-6
-0x1.33745p-2
-0x1.6e5518p-4
0x1.8f4178p-4
-0x1.0159d8p-3
-0x1.22eb08p-5
-0x1.38afb6p-5
0x1.3def9cp-3
-0x1.f86592p-5
0x1.cd6aaep-5
0x1.3c54e4p-2
-0x1.3380cp-3
-0x1.9ee746p-3
0x1.5244aap-3
0x1.130ebp-3
0x1.1176bcp-4
0x1.66d59ap-3
-0x1.663c84p-4
-0x1.9f9f4p-4
0x1.69e2dep-4
-0x1.ac7e4p-3
-0x1.fd8fp-9
-0x1.f1ad98p-5
0x1.2f6b02p-2
0x1.64ce7cp-8
0x1.bb5834p-3
0x1.ce32eep-4
-0x1.a6575p-6
0x1.8a4ffp-2
0x1.3049ecp-7
-0x1.4452f4p-3
-0x1.97f756p-3
0x1.5d0ad8p-2
0x1.5774bep-3
-0x1.248b66p-2
-0x1.57bp-2
-0x1.a6f8acp-4
-0x1.5ae562p-2
-0x1.895afap-3
0x1.ab636ap-3
-0x1.52b10ap-5
-0x1.3e7cacp-5
-0x1.c8b95p-3
0x1.aa642cp-3
0x1.9e6528p-3
-0x1.bb572cp-6
-0x1.ad997p-3
-0x1.a5ebdep-3
0x1.7b15fcp-3
0x1.102dcp-2
0x1.5491fp-2
0x1.9629a2p-4
-0x1.82ab96p-3
0x1.b36cccp-3
0x1.07bd88p-3
-0x1.ed0104p-5
-0x1.657e6cp-3
0x1.30247ep-5
0x1.90ba72p-4
-0x1.362ad6p-3
-0x1.3f0302p-3
-0x1.44d01p-3
-0x1.76807p-3
0x1.8a25fep-4
0x1.214652p-2
-0x1.0a0bf2p-4
0x1.7515dap-6
-0x1.2b07eep-3
-0x1.3c6da6p-4
0x1.9d8f26p-3
0x1.5c391ap-7
-0x1.94c01p-6
-0x1.631b86p-3
-0x1.df86bap-4
0x1.eb4224p-4
0x1.1aee7ep-2
0x1.e17936p-5
0x1.bacc1p-4
0x1.bf4c02p-4
0x1.b81dc4p-2
-0x1.818492p-3
-0x1.ebce68p-2
-0x1.006e44p-3
-0x1.b99d2ep-4
-0x1.82f158p-4
0x1.6634bap-3
-0x1.201d86p-2
0x1.fd579cp-8
-0x1.c585f2p-4
0x1.ab2ebp-3
0x1.51bb22p-3
0x1.2b24e6p-2
-0x1.e63fd4p-4
0x1.03a8dep-2
0x1.a21412p-3
0x1.5ec2f6p-10
-0x1.ff909cp-3
-0x1.8de4b8p-3
0x1.1e9db6p-5
-0x1.73da64p-5
0x1.29e604p-1
0x1.5340eap-4
0x1.d7d9fap-4
0x1.81d16ap-3
0x1.00e1cap-2
-0x1.1e19d4p-3
0x1.b176b2p-5
-0x1.c96fe8p-4
0x1.cb973p-4
0x1.ce5834p-6
0x1.905358p-5
-0x1.5fee1p-4
-0x1.02b06cp-3
0x1.4c1354p-3
0x1.b4d8e6p-8
-0x1.c58dc6p-5
0x1.0ee894p-3
-0x1.f31468p-3
-0x1.032e5cp-3
0x1.f6650ap-4
-0x1.c0dc7cp-3
-0x1.7513c2p-2
-0x1.11186ap-4
-0x1.e4316cp-4
0x1.5a6b12p-2
0x1.043b76p-2
0x1.13c4fep-2
0x1.4c8fcep-3
-0x1.555e58p-11
0x1.646758p-4
0x1.517d16p-2
-0x1.74dabap-7
-0x1.10d0fp-1
-0x1.2ec688p-2
0x1.4f78a6p-4
0x1.6aad88p-4
0x1.d40afp-3
0x1.5a7804p-3
-0x1.6b9c14p-4
0x1.f8347cp-4
0x1.b97b58p-5
-0x1.02c724p-4
-0x1.48e6d6p-4
0x1.7cf42ap-3
-0x1.429eeep-3
-0x1.8d8948p-3
-0x1.9d4368p-3
-0x1.4d7472p-2
0x1.cf018p-3
0x1.3677b4p-5
0x1.05a064p-3
-0x1.a05806p-3
0x1.cd70bcp-5
-0x1.6d522ap-6
0x1.977138p-3
-0x1.1132acp-2
-0x1.551cb2p-4
0x1.11e286p-3
0x1.004a94p-5
-0x1.bb6dd6p-4
-0x1.24ad6ep-5
-0x1.1720e4p-2
-0x1.18298p-2
-0x1.7f3bb8p-13
0x1.5c5042p-2
0x1.c4a7ecp-6
0x1.1d1aa2p-3
-0x1.579534p-3
0x1.0aa17cp-2
0x1.927f84p-4
-0x1.91f1bep-3
0x1.b5b9c4p-6
-0x1.81544ep-3
0x1.4665b2p-3
0x1.23cf2ep-2
0x1.7a4d9ap-3
0x1.b40eb4p-4
0x1.466de2p-3
0x1.30ff84p-6
0x1.b10c4p-4
0x1.6f07dep-5
0x1.ad588cp-6
0x1.0650fcp-2
-0x1.3ad1f2p-6
0x1.9c01c6p-4
-0x1.defae4p-4
-0x1.6adbacp-3
-0x1.e9b61ap-6
-0x1.893488p-6
-0x1.45156cp-4
-0x1.902d2cp-2
-0x1.cb6114p-6
-0x1.1aa348p-4
-0x1.8e1e14p-4
0x1.a82d24p-4
0x1.12d7cap-4
-0x1.7f28aep-4
0x1.7cb398p-7
0x1.113396p-4
0x1.82081p-11
-0x1.16b20ap-5
-0x1.458e14p-4
0x1.2af374p-3
-0x1.0d7f6cp-2
-0x1.3bb568p-5
0x1.86944cp-4
0x1.1a3f3cp-5
-0x1.6c3b12p-3
0x1.28799ep-3
0x1.675398p-5
-0x1.8c0024p-4
-0x1.6a9ec6p-2
-0x1.89b83ep-3
-0x1.11fea2p-4
-0x1.84b4a6p-3
-0x1.9b986ep-4
0x1.ebb95p-4
-0x1.d1c35p-3
0x1.074ddp-4
0x1.e77928p-6
-0x1.d8e48ap-5
-0x1.b3f67ap-3
0x1.50325p-3
0x1.964dc2p-6
0x1.1129aep-5
0x1.95c5ap-5
-0x1.a815d8p-3
-0x1.ce25b6p-4
-0x1.355b5ap-4
0x1.f95b46p-6
0x1.34a8d8p-5
-0x1.9900eap-5
0x1.f871f6p-3
-0x1.2584d6p-6
0x1.910cbap-2
0x1.8479bcp-3
-0x1.491b48p-3
0x1.cd3294p-4
0x1.1f6232p-6
-0x1.315e88p-2
-0x1.3e7af6p-2
-0x1.35386ep-4
0x1.1fbe4ep-5
0x1.0eee56p-4
0x1.4135b2p-4
0x1.05be38p-3
-0x1.43766p-5
-0x1.9d457p-5
-0x1.3002f8p-4
0x1.12a00ap-2
0x1.aa5698p-3
0x1.d396c6p-2
-0x1.993abp-4
0x1.6243dap-2
0x1.c84278p-3
0x1.92e558p-10
-0x1.3ab5eep-2
-0x1.03c848p-5
0x1.5ab77p-4
-0x1.0d439ap-3
-0x1.71ef3p-4
-0x1.d8bb4ep-4
-0x1.06c8eap-3
-0x1.21f902p-6
0x1.aaebbcp-3
-0x1.d084b6p-3
0x1.cf9e0ap-4
-0x1.42dffep-2
0x1.61d252p-3
0x1.fc6d82p-6
-0x1.1233e4p-3
-0x1.82caeap-2
-0x1.a764d4p-2
-0x1.ea14e2p-4
0x1.16bf74p-1
0x1.099d66p-3
0x1.f80e98p-4
-0x1.70d0ccp-4
-0x1.3d869p-3
-0x1.40291p-3
0x1.3434eep-4
0x1.06f626p-2
0x1.b9b942p-5
-0x1.121602p-2
-0x1.9f1aeap-3
-0x1.5c7b14p-4
0x1.e73de2p-3
0x1.ad2ee4p-3
-0x1.d22dc4p-3
-0x1.651eacp-6
0x1.ff12f6p-5
0x1.4b67e2p-5
0x1.146a3ep-4
0x1.0420c8p-2
-0x1.4fa306p-3
-0x1.c69796p-5
0x1.d549a8p-5
0x1.111062p-4
0x1.1e71c4p-3
0x1.eae4ap-3
-0x1.e25f28p-4
-0x1.352fbep-4
-0x1.e0bbecp-3
0x1.7cc1a6p-3
0x1.8b556ep-2
-0x1.58f9b2p-2
-0x1.eb7c24p-3
-0x1.2b03e8p-3
0x1.185442p-3
-0x1.9413d8p-3
-0x1.12208cp-2
0x1.6cfe96p-3
-0x1.48968p-3
-0x1.a4e6c2p-4
0x1.03b38p-5
0x1.59b4fp-6
-0x1.94413ep-4
-0x1.06ffccp-3
-0x1.e96dep-3
0x1.56242ep-2
0x1.5c527ep-2
0x1.67ba3cp-5
0x1.178b22p-2
-0x1.725c86p-2
-0x1.a2a6e8p-3
0x1.b4efcep-4
-0x1.fc6afp-4
-0x1.7bf0cap-4
0x1.8d6da8p-3
0x1.932202p-3
-0x1.8df48cp-2
-0x1.04a744p-2
-0x1.0aa51ep-4
0x1.ca7974p-3
0x1.e27f1ap-5
0x1.b91e4ap-3
-0x1.0f197cp-3
-0x1.7a0dap-3
-0x1.2650ccp-1
0x1.647052p-3
-0x1.0193dp-4
-0x1.c04ebep-3
-0x1.421df8p-1
-0x1.60f928p-3
0x1.e78a16p-2
0x1.347706p-2
0x1.3bc5f6p-2
-0x1.32b602p-3
-0x1.f4e892p-3
-0x1.08492p-2
0x1.0fcdbep-4
0x1.5370aep-4
0x1.a6123cp-4
0x1.b8225p-5
-0x1.32678cp-3
0x1.87d1a4p-4
0x1.ead4dp-6
0x1.7361a4p-3
-0x1.0f37ccp-3
0x1.61b1fap-4
0x1.a8d9fap-4
-0x1.394fc4p-6
-0x1.63e066p-3
0x1.cf1a3ep-4
-0x1.41fc8ap-3
0x1.5d613cp-4
-0x1.337486p-3
0x1.20fd4p-4
-0x1.2e4e0ap-5
0x1.34dce8p-9
-0x1.a0f0f2p-5
0x1.d5542ep-4
-0x1.b5e95p-3
0x1.87dcb2p-3
-0x1.fb5f26p-5
0x1.c8355p-4
-0x1.ec7a6cp-7
-0x1.0e395ap-3
-0x1.f88d06p-4
-0x1.4d8778p-6
0x1.c7fce2p-5
-0x1.89b86p-5
0x1.61fbf2p-7
-0x1.2aee18p-4
0x1.5bc1ccp-4
0x1.448ac2p-3
-0x1.45e752p-5
-0x1.95e88cp-3
0x1.0bee7ap-2
-0x1.94e936p-2
-0x1.05d49p-2
0x1.2aad7ap-7
0x1.6b0694p-7
0x1.1a759ep-2
-0x1.27ba5cp-7
-0x1.562a84p-3
0x1.1e5fcp-3
-0x1.d3d3d6p-2
0x1.9d074cp-3
0x1.53823ap-3
0x1.9125ecp-2
-0x1.f505f6p-4
0x1.f7381cp-10
-0x1.49b652p-3
0x1.26382ap-4
0x1.8f4e06p-4
0x1.d715e6p-4
0x1.c6c6e8p-4
-0x1.00b44ap-3
-0x1.82735cp-5
0x1.84bb8ep-5
0x1.4d914p-3
-0x1.24d344p-4
0x1.d2b0d8p-3
-0x1.7288cp-4
0x1.5da07ep-6
-0x1.1f6d1ap-7
0x1.572f1ep-3
-0x1.a86fa4p-4
-0x1.b9dac8p-6
-0x1.a10f0cp-3
0x1.51a20cp-3
-0x1.6ca4c8p-5
0x1.fc54d8p-4
0x1.2de96p-3
0x1.715d6p-2
0x1.4e271ap-3
-0x1.1ebaeap-3
-0x1.a011f8p-4
0x1.2cc86ap-4
0x1.90d572p-5
0x1.359cb8p-2
0x1.17a4c4p-4
0x1.a64cecp-6
-0x1.53dc7ep-8
0x1.f67678p-4
-0x1.2fbcecp-4
-0x1.9d839ap-3
-0x1.6fdf82p-3
0x1.70920cp-4
0x1.2ca17ep-2
-0x1.ff8c66p-6
0x1.ef5784p-3
0x1.a941a4p-5
0x1.7b9234p-5
-0x1.06bdfp-2
-0x1.ac1904p-3
-0x1.203144p-4
-0x1.7603d4p-6
0x1.1fb282p-2
0x1.0b2772p-2
0x1.77d00ep-3
0x1.e488aap-3
0x1.963a6p-3
-0x1.9cb3eap-9
0x1.632b4ep-3
-0x1.23ce3p-2
0x1.b1c93ep-3
-0x1.64605ep-3
-0x1.cb00a8p-3
-0x1.b77e72p-5
-0x1.3e3558p-2
0x1.2cda04p-3
0x1.9b076ep-3
0x1.01cdd8p-2
-0x1.610c5ep-3
0x1.006bc4p-3
-0x1.354876p-4
0x1.b01c3ep-4
-0x1.3aa7dep-5
-0x1.8eb352p-2
-0x1.afb33ap-2
-0x1.96779p-2
0x1.202aap-2
0x1.cb2cc4p-2
0x1.e30dccp-2
-0x1.7148fcp-6
-0x1.2b12b6p-5
0x1.7aa0b8p-3
0x1.1515c8p-3
-0x1.9c25fp-6
-0x1.a6c5d2p-3
-0x1.25b334p-2
0x1.3b1032p-5
-0x1.1168p-2
0x1.d3727ap-3
-0x1.f5d456p-4
0x1.6a9f9cp-4
0x1.cefc5ap-4
-0x1.f2171ap-4
0x1.627ffap-6
-0x1.cea554p-7
-0x1.0297b6p-4
-0x1.538a8ep-5
0x1.3f5ea4p-3
-0x1.17eeecp-6
0x1.118ffp-4
-0x1.f982e2p-3
-0x1.ec447ep-6
-0x1.9155a8p-7
0x1.ed453ap-3
-0x1.07cb16p-4
0x1.03b0cep-4
-0x1.fba946p-4
0x1.cbf2fep-4
-0x1.cfae3ep-4
-0x1.31ea6ap-5
0x1.4b70e6p-4
0x1.1137dap-4
0x1.c2761ap-4
0x1.49163cp-4
-0x1.d59428p-3
-0x1.452aecp-5
-0x1.eb6c3p-4
0x1.11af48p-5
0x1.c15a72p-5
-0x1.42c2b2p-4
-0x1.2721b2p-4
-0x1.62bb6cp-3
0x1.5a1876p-8
0x1.513e6p-4
-0x1.64d8dap-3
0x1.cc8586p-3
0x1.c75ffap-3
0x1.7f4cd8p-4
-0x1.df7adep-5
0x1.59436cp-3
-0x1.9d5716p-5
0x1.38bf2cp-4
-0x1.5dafc8p-3
-0x1.d8a988p-5
0x1.8d7b3ep-7
-0x1.8089f6p-5
-0x1.6ec76ep-2
0x1.20a71cp-5
0x1.8df938p-7
0x1.c49cc8p-3
0x1.c08a62p-3
0x1.1dbfeep-5
-0x1.12894cp-4
-0x1.1b1d8ap-3
-0x1.b32612p-3
-0x1.3bf666p-4
-0x1.71e35ap-3
0x1.cbd438p-6
0x1.2b08e8p-4
-0x1.8548e4p-4
0x1.9e2b38p-5
0x1.e9b858p-6
-0x1.614aep-8
0x1.012a58p-2
0x1.48899ap-7
-0x1.dd371ap-5
-0x1.65c1bp-5
0x1.8050dcp-4
-0x1.dd785ep-6
-0x1.bb350cp-7
-0x1.ab4816p-3
0x1.b5c338p-5
0x1.11f65ap-3
0x1.cdc17ep-3
-0x1.917ccp-6
-0x1.93207p-4
0x1.593a7ap-2
0x1.15d1b8p-3
-0x1.998d8cp-2
0x1.00e994p-2
-0x1.7ab734p-3
0x1.324d6ep-3
-0x1.8ce132p-4
-0x1.8c1b6ap-4
0x1.a4af02p-6
-0x1.4fcb4p-2
0x1.25c1b2p-3
-0x1.515424p-5
-0x1.956adep-2
0x1.624278p-4
0x1.646578p-2
-0x1.cdb57ap-6
-0x1.79eb36p-4
-0x1.874da4p-4
0x1.dad806p-3
-0x1.4a6c64p-6
-0x1.0a9f44p-3
0x1.0d3fb2p-4
0x1.02e6c4p-2
0x1.82fb2cp-4
-0x1.67b56ap-6
0x1.bf8526p-3
-0x1.84ba54p-4
-0x1.8ac0bep-3
0x1.276b6cp-2
-0x1.4c1686p-3
-0x1.7386eep-2
-0x1.360e42p-3
0x1.3135fcp-3
0x1.06baa2p-3
-0x1.8d6d76p-4
-0x1.420dc6p-3
-0x1.38334ap-4
0x1.ffb0d2p-4
-0x1.ec762cp-4
0x1.9a93cp-3
-0x1.560d5ep-5
-0x1.9b2a92p-6
0x1.73beaep-3
-0x1.009e4cp-3
-0x1.d846fep-4
0x1.bb06e4p-4
0x1.2a0372p-4
0x1.8dfbc2p-3
0x1.13b8fp-7
0x1.d15118p-3
0x1.4a88fp-4
0x1.18d82p-3
-0x1.3021f8p-3
0x1.2b0edcp-3
0x1.ea65dcp-4
-0x1.cf5008p-5
-0x1.f5ac3cp-4
-0x1.679e7ap-3
-0x1.4bdba8p-3
-0x1.403066p-5
-0x1.e9cea6p-4
-0x1.1e3b94p-4
0x1.05e0b8p-3
0x1.7cbb5p-3
0x1.5fb4ap-5
0x1.0bb0c8p-4
0x1.8bbcecp-4
-0x1.61a8cap-8
0x1.1a44fcp-3
0x1.d0e14p-5
0x1.7ac38ap-5
0x1.07b724p-3
-0x1.8f261p-6
-0x1.bbb5eap-6
-0x1.d143p-6
-0x1.5c310ap-3
-0x1.07e4ap-2
-0x1.6ca01p-4
0x1.792bc2p-4
0x1.9159dcp-7
0x1.a46374p-3
-0x1.18efecp-3
0x1.bfceaap-5
-0x1.703664p-5
-0x1.0a4df6p-2
0x1.f1dce6p-3
0x1.b98c16p-5
-0x1.24dbcap-4
-0x1.88387ep-4
-0x1.27d748p-5
-0x1.f16bbap-4
0x1.77e054p-3
0x1.51f484p-5
0x1.064b1ap-3
0x1.3660fp-6
-0x1.0f25f8p-3
-0x1.2ac86cp-3
-0x1.271364p-3
-0x1.6b52bap-3
0x1.e76afcp-4
0x1.491e64p-4
-0x1.328348p-5
0x1.401e82p-5
-0x1.a0c888p-4
-0x1.cb9c6ap-3
0x1.2814dp-2
0x1.a5e766p-5
0x1.274dfap-3
0x1.7e3ed8p-5
0x1.3b1506p-5
0x1.b4d49cp-6
-0x1.5af40cp-4
-0x1.ce601cp-6
-0x1.334f78p-5
-0x1.f512eap-4
0x1.34f18ep-2
0x1.b2b3c8p-3
-0x1.0168aap-4
-0x1.5e3044p-7
0x1.0adf86p-3
-0x1.3a9b3cp-5
-0x1.98028p-4
0x1.5852c8p-5
-0x1.9d612p-4
-0x1.ba9324p-4
0x1.5f4754p-4
0x1.29f5bep-3
0x1.f76ef2p-3
-0x1.dc2a38p-5
0x1.0e27f4p-7
0x1.418582p-4
-0x1.0876dp-5
-0x1.665bb8p-4
-0x1.b1134ap-5
-0x1.e93cbep-6
-0x1.119c2cp-4
-0x1.efa1dcp-5
-0x1.41e2bp-3
0x1.45ae48p-5
-0x1.775f7p-3
-0x1.95e8e6p-4
0x1.3c0d7ap-3
0x1.c3d26p-9
0x1.e82108p-4
-0x1.65e3c4p-3
-0x1.8e643p-4
-0x1.858896p-3
-0x1.bbcaf6p-4
0x1.215258p-3
-0x1.a1fa3cp-4
0x1.b6b75p-4
0x1.3a40e4p-3
0x1.0b26acp-4
-0x1.8bf6aep-6
-0x1.465cb4p-3
-0x1.5d99a8p-5
-0x1.05c5d8p-3
-0x1.9f3ff4p-4
-0x1.e1e46p-9
-0x1.bb5444p-4
-0x1.0779acp-2
0x1.3d6524p-4
-0x1.978c48p-7
0x1.383af2p-3
-0x1.f29cc6p-5
0x1.152e6ap-3
0x1.b80b48p-3
0x1.35cp-3
0x1.cd33f4p-4
0x1.c5da6ap-6
-0x1.348ee4p-3
-0x1.da0c6p-6
-0x1.ee7abap-4
-0x1.ffecb8p-6
0x1.ab1644p-5
-0x1.f26f0ap-3
-0x1.a895ep-6
0x1.d7f8ecp-3
-0x1.893a7ep-9
-0x1.0837b8p-9
0x1.b88d26p-4
-0x1.2b6da6p-4
-0x1.27815ep-4
0x1.47e6d2p-7
-0x1.03a5a2p-3
-0x1.c2ff0cp-2
-0x1.3c4976p-2
-0x1.732fa8p-3
-0x1.2c7426p-4
-0x1.488a5p-4
-0x1.37b8ap-6
0x1.a398b6p-2
-0x1.90c396p-5
0x1.096956p-2
-0x1.4385c8p-5
0x1.25dfeap-7
-0x1.0b9d2cp-3
-0x1.8b442cp-5
0x1.d3ef16p-8
0x1.8fd892p-3
-0x1.892cbcp-4
-0x1.5301ep-8
-0x1.dff6d6p-9
0x1.47591ap-5
-0x1.2d7d1ep-4
-0x1.670792p-5
-0x1.da502ap-7
0x1.c6365ep-6
0x1.11c00ep-3
0x1.0812b2p-4
-0x1.ce788ep-3
0x1.31ee6ep-4
-0x1.ea458ap-3
-0x1.e26334p-3
-0x1.e9b7bap-4
0x1.fcbc18p-6
0x1.079002p-2
0x1.e34daep-6
0x1.f688ap-5
-0x1.b75da4p-4
0x1.dd3c26p-5
-0x1.c83a66p-6
-0x1.c51ed4p-6
0x1.01f416p-4
0x1.24393cp-3
-0x1.791caap-6
0x1.169ee8p-7
0x1.98dfeep-6
-0x1.97d592p-4
0x1.31ff56p-5
0x1.b6443cp-4
0x1.36c802p-5
-0x1.6cb05ap-3
0x1.b6129cp-4
-0x1.011288p-3
-0x1.285202p-3
-0x1.c25d46p-5
0x1.2a896ap-5
-0x1.58617ep-5
0x1.f9d9dp-5
-0x1.800276p-3
0x1.34caccp-3
-0x1.30cd14p-9
0x1.255e3p-3
-0x1.76c9e8p-4
0x1.047e4ap-4
0x1.1b1a6ep-4
-0x1.dee1b2p-5
-0x1.e506e6p-5
0x1.6d9486p-4
0x1.c67c64p-6
0x1.8fe798p-7
-0x1.7c87f8p-5
-0x1.9c4cd6p-6
0x1.0c867ep-3
-0x1.4afa8p-4
0x1.549cc8p-4
-0x1.1c2d12p-4
0x1.0406bep-3
0x1.af3e0ep-7
-0x1.080226p-3
0x1.00a362p-3
0x1.038f28p-5
0x1.f9274p-7
-0x1.27c44p-3
0x1.6949aep-5
0x1.c7b91cp-4
-0x1.436ad8p-4
-0x1.e0f5b8p-5
0x1.325322p-6
-0x1.73a2ccp-4
-0x1.f99c8cp-7
0x1.1cbe48p-6
-0x1.220fb8p-5
0x1.0376cp-4
0x1.4c4ed4p-3
0x1.785c2cp-7
0x1.077acp-4
0x1.13e2dap-3
0x1.9b8f32p-6
0x1.b5a072p-5
-0x1.c9f16cp-4
-0x1.070aecp-2
-0x1.4e4a5p-7
-0x1.03fe22p-3
-0x1.0d2612p-2
0x1.e29da4p-3
-0x1.6b5134p-5
0x1.012018p-6
-0x1.1d646cp-2
-0x1.70d358p-4
0x1.6ea6cp-6
-0x1.7d474cp-3
-0x1.223576p-5
-0x1.1cf03cp-4
0x1.f38bfap-5
0x1.3f3efp-5
0x1.10101p-5
0x1.0cc52cp-4
0x1.89189ap-8
-0x1.bafb1ap-5
0x1.b45e7ap-3
-0x1.7cbf68p-3
-0x1.47147ap-5
-0x1.1e6a9ep-4
-0x1.1cabbap-3
0x1.76f36ep-4
-0x1.02c49cp-3
-0x1.203438p-4
-0x1.59a548p-5
-0x1.c0dfd4p-4
0x1.bc9e4ap-3
-0x1.6ca02p-4
-0x1.679c3ap-4
-0x1.52b116p-5
-0x1.4253a2p-4
0x1.906248p-5
0x1.df0c08p-10
0x1.e4a2a2p-5
-0x1.3f2b4ap-3
-0x1.5857f2p-3
0x1.6a882ap-3
0x1.7bda68p-3
-0x1.a6ed3cp-7
-0x1.57352ap-7
-0x1.efaaacp-5
0x1.975fbep-3
-0x1.88958ap-3
0x1.e1d1f2p-4
0x1.dc5466p-4
0x1.6c87ep-6
-0x1.039234p-4
-0x1.624fcap-3
0x1.930224p-3
-0x1.49dc64p-4
-0x1.60ae3cp-3
0x1.758138p-2
0x1.0d6822p-3
-0x1.d89458p-4
-0x1.875cp-2
0x1.f92p-4
-0x1.787608p-4
-0x1.2116d6p-2
-0x1.bd1242p-3
0x1.2eda42p-3
0x1.00a09ep-12
-0x1.82706p-2
-0x1.45deeep-2
-0x1.3d6e3p-4
0x1.89989cp-4
-0x1.1c61fap-4
-0x1.53c60ap-7
0x1.dedc22p-4
-0x1.0acd6ap-2
0x1.bbc0f6p-4
-0x1.9ade44p-3
0x1.8b6ff8p-4
0x1.310022p-3
0x1.9d9de8p-3
0x1.046066p-3
-0x1.6a26fp-2
-0x1.ed23dep-4
0x1.a0aefep-3
0x1.531058p-6
-0x1.535fc4p-5
-0x1.60f03ap-7
0x1.05938p-3
0x1.1f0c52p-7
0x1.875a6ap-5
-0x1.c3813ap-8
0x1.e16224p-6
0x1.7e9344p-6
-0x1.8cdd2cp-6
0x1.67952ap-3
0x1.65924cp-4
0x1.1ae2dap-3
-0x1.635a6ap-3
-0x1.486bc4p-3
0x1.bab3bp-7
0x1.1ecbc6p-3
0x1.cbead8p-3
-0x1.1e7a48p-5
-0x1.e794c8p-6
0x1.2c466ep-3
-0x1.46f5dp-4
0x1.e9789ep-3
-0x1.95834p-6
-0x1.6baf3cp-2
0x1.c865eap-5
0x1.784d58p-7
-0x1.3a7cb2p-4
-0x1.1eea1ep-3
-0x1.89fc36p-7
0x1.d43352p-5
0x1.a952aep-4
0x1.08e7bp-4
0x1.5ae202p-5
0x1.21ef7ep-3
-0x1.9e767p-5
-0x1.aa43d2p-5
0x1.633a16p-4
-0x1.7e0da4p-3
0x1.c4c776p-4
0x1.394b02p-4
-0x1.2843bap-6
-0x1.840766p-3
-0x1.822cc8p-4
0x1.5308a8p-4
-0x1.ba2282p-4
-0x1.302ffcp-3
0x1.012f66p-2
0x1.a0d36cp-7
-0x1.96cd5ap-3
0x1.38380ap-2
0x1.30f036p-4
0x1.56b07p-7
0x1.d718e2p-6
0x1.cc73fep-4
0x1.bc87bcp-5
-0x1.56f446p-2
-0x1.107232p-2
-0x1.9e1636p-5
-0x1.196d94p-4
-0x1.afb6f4p-3
0x1.77564ap-2
0x1.182422p-5
0x1.159672p-5
-0x1.a41ebep-7
0x1.075dd4p-2
0x1.4e4ec2p-3
-0x1.7fd44cp-3
-0x1.6e94ap-4
-0x1.78462ep-3
0x1.2fbd0ep-6
-0x1.986f66p-5
0x1.47c784p-5
0x1.db6818p-5
0x1.526a36p-7
0x1.d3a6aap-3
0x1.38e998p-4
-0x1.e4a7bep-6
-0x1.e0fe6p-4
0x1.3318dcp-3
0x1.946e1ap-3
0x1.88fb2ep-5
-0x1.f0e8c8p-3
0x1.5824f4p-4
0x1.9a9188p-7
0x1.29273ep-5
-0x1.50092ap-4
0x1.f0906ep-3
0x1.24a5d8p-3
-0x1.ba478p-3
0x1.7c2b3cp-3
-0x1.1196b6p-3
0x1.63c658p-3
-0x1.bdfd3cp-4
0x1.75752p-5
-0x1.f8952p-8
0x1.5bbe26p-6
0x1.deec7ep-5
0x1.6b84cp-3
0x1.2cdc9cp-5
0x1.b413aep-6
0x1.06801cp-3
-0x1.17eba2p-2
0x1.20cd5cp-4
0x1.b7791ep-3
0x1.c6ae16p-4
-0x1.739e44p-3
-0x1.20557cp-3
0x1.0fb58p-2
0x1.5aa3p-3
0x1.48972ep-3
-0x1.fbb3e4p-5
-0x1.67e7eap-3
0x1.df4f7ap-3
0x1.ae5454p-3
0x1.313e36p-3
-0x1.37f19p-6
0x1.00360ep-2
-0x1.b434c2p-4
-0x1.6de9cep-3
-0x1.eb7148p-3
-0x1.d8a6c2p-3
0x1.47756ap-5
0x1.c1393ap-4
-0x1.d17afcp-4
0x1.50303p-2
0x1.55adfep-2
-0x1.8852f2p-2
-0x1.928bcep-4
0x1.0aed1ep-3
0x1.82056ep-2
-0x1.4c99acp-3
-0x1.677f3cp-6
0x1.df48fcp-8
0x1.2fa736p-5
0x1.d84762p-3
0x1.4ab52cp-2
-0x1.ba6b22p-6
-0x1.1a775cp-2
-0x1.4966fap-3
0x1.910484p-3
0x1.b72496p-2
0x1.a6ab1cp-3
-0x1.7eb6b2p-2
-0x1.ae0686p-3
-0x1.c2a37cp-4
-0x1.2f6bd6p-3
-0x1.d285bap-2
0x1.59ed1cp-3
0x1.cedb54p-2
0x1.3fdb7p-2
0x1.0f4b7ep-2
0x1.0cd912p-4
-0x1.a96652p-3
0x1.03cbfep-2
0x1.48ca14p-3
0x1.00e1bcp-6
-0x1.05c3dep-6
0x1.11ec54p-3
0x1.5cfcacp-3
0x1.05e00ap-4
-0x1.41d00ep-5
-0x1.7922cap-3
0x1.a89e9ap-6
-0x1.a58aa4p-2
0x1.86b2ap-3
0x1.adb9d8p-3
0x1.416e06p-3
-0x1.53d168p-2
-0x1.e9c7a6p-6
-0x1.8ba056p-6
0x1.d5d31p-3
0x1.04d088p-2
0x1.241b64p-3
0x1.3e606cp-4
0x1.96880ep-2
0x1.0e7a3cp-2
0x1.f4a0e2p-8
-0x1.c07fe4p-3
0x1.0b3b6cp-4
0x1.7f1536p-3
0x1.636088p-7
-0x1.0764fep-2
0x1.ab1c0cp-4
0x1.3219a6p-4
0x1.5210aap-2
0x1.e4d846p-3
0x1.1fb3c2p-2
-0x1.73f95cp-4
-0x1.4abf4cp-2
0x1.df97b6p-5
0x1.dbd264p-3
0x1.46229ep-3
-0x1.a8084ep-4
-0x1.c01114p-4
-0x1.c4243p-3
-0x1.6b0864p-7
0x1.72e178p-2
0x1.7a36dep-3
0x1.74147p-3
0x1.949146p-5
0x1.b57442p-3
-0x1.ab32a2p-3
-0x1.3dc342p-4
0x1.03a078p-3
-0x1.a6fdfep-12
-0x1.ed993ap-3
-0x1.20cfb8p-3
-0x1.c77f1p-5
0x1.2f7564p-2
0x1.18fa7ep-2
-0x1.3454aep-5
0x1.69865ap-3
0x1.661bc2p-3
-0x1.2e27bp-3
0x1.98adccp-4
0x1.3a25dep-6
0x1.3c75e6p-6
-0x1.e29d2cp-4
-0x1.2a327p-4
-0x1.967d3ap-3
-0x1.9aee96p-2
0x1.399a3p-2
0x1.b2e3fcp-3
-0x1.10748cp-3
0x1.26861ep-2
0x1.d7dbe4p-3
0x1.0a7f5ep-4
-0x1.77c8e4p-4
0x1.29f30ep-3
0x1.800554p-3
-0x1.9cec4p-4
-0x1.bbc038p-3
0x1.79b704p-4
0x1.33a614p-2
-0x1.d380d2p-5
0x1.08eb1cp-3
-0x1.547604p-4
-0x1.3dc24p-4
-0x1.19a792p-2
0x1.8aad0ep-5
-0x1.365c16p-3
0x1.69872ep-3
0x1.bd6d8p-8
0x1.db3ee8p-4
-0x1.32628ep-5
-0x1.193ff6p-2
0x1.680b0cp-5
-0x1.cdc3f8p-12
0x1.ce15c2p-3
-0x1.69bc38p-8
0x1.64ad4ap-4
-0x1.0524d2p-5
-0x1.4fa51p-4
-0x1.9e7b1ep-4
-0x1.222a0ep-3
-0x1.be2c0ap-4
0x1.1b9b9ap-4
0x1.03626ep-3
0x1.b4b444p-3
0x1.f1cc46p-4
0x1.654b7ap-2
0x1.48c14p-4
-0x1.01ecb4p-3
0x1.68cd8cp-6
-0x1.6584e8p-8
0x1.e6accap-5
0x1.f116fp-4
0x1.737a18p-5
-0x1.153aacp-3
-0x1.418a0ap-8
-0x1.c1c87cp-2
-0x1.75964p-5
-0x1.1e37cp-3
-0x1.3112dap-5
-0x1.8eceaap-3
-0x1.523916p-6
-0x1.a2e242p-3
-0x1.a407fap-4
0x1.3024dcp-3
0x1.039fdp-2
0x1.26fc76p-9
-0x1.8a2186p-3
0x1.b2e744p-6
0x1.8d43ecp-3
-0x1.307c76p-3
-0x1.8a584ap-8
0x1.2acddp-2
-0x1.4166c8p-7
-0x1.2d06p-4
0x1.8eba74p-9
-0x1.d9067cp-6
0x1.34e644p-3
-0x1.c67ba4p-4
-0x1.4271fep-6
-0x1.164f88p-3
-0x1.72782ap-3
-0x1.2f855cp-5
0x1.65efd2p-4
0x1.33d33ap-3
-0x1.ab6566p-9
0x1.1307cp-4
-0x1.2ef5acp-3
-0x1.2f864cp-5
0x1.42f58cp-3
0x1.836124p-4
0x1.282ae4p-8
-0x1.b20b6ep-3
0x1.ecd262p-4
0x1.076a3ep-2
0x1.26cefcp-3
0x1.6f545ap-4
-0x1.c222bap-5
-0x1.cf45ap-4
-0x1.189458p-2
0x1.ede7dep-3
-0x1.5306f8p-4
0x1.1aeadep-3
0x1.1c787ep-5
-0x1.7a6e14p-7
-0x1.4670acp-4
-0x1.2415cap-2
0x1.cdcdf4p-4
-0x1.28e27ap-3
0x1.4fb186p-4
0x1.dfc45ap-6
0x1.ff9602p-3
-0x1.4b66eep-2
0x1.99cbb4p-5
0x1.97cc42p-4
0x1.6b41f4p-7
0x1.009e3cp-3
-0x1.2f5f26p-2
0x1.c5621ap-4
0x1.250cccp-4
-0x1.8470d8p-7
0x1.5daf54p-5
0x1.2cfa4cp-7
-0x1.ec9458p-3
-0x1.6fe748p-2
0x1.fa9c7ep-3
0x1.3921acp-4
0x1.6181b6p-3
0x1.4a0be2p-4
0x1.cdd73p-5
0x1.4f02dcp-3
-0x1.a1a44ap-3
-0x1.1dbebap-5
-0x1.39d8d6p-3
0x1.416434p-2
-0x1.db9096p-4
-0x1.64ea64p-4
-0x1.1583d2p-4
-0x1.d591cap-3
0x1.4f868ap-3
-0x1.888a9p-3
0x1.c3acb4p-4
-0x1.66ed86p-6
-0x1.5666b8p-3
0x1.287cacp-5
0x1.63fb22p-4
0x1.622242p-2
0x1.b8beeep-7
-0x1.f03daap-4
-0x1.7dc9d4p-4
0x1.6f4beep-4
-0x1.a3abp-5
0x1.e2bd4ep-4
0x1.2fce64p-5
-0x1.9792e6p-5
0x1.83293cp-4
-0x1.f515b8p-3
0x1.120356p-6
0x1.325f9p-5
0x1.cec0dcp-4
-0x1.84fb1ep-4
0x1.4ed4fep-6
-0x1.47e23ap-3
-0x1.a281aep-5
0x1.efd5cep-5
0x1.93ed0cp-4
0x1.264ec8p-3
-0x1.2c83fcp-4
0x1.0e5f86p-5
0x1.244bcap-3
0x1.81f4d2p-3
-0x1.8626dap-4
0x1.6c7204p-6
-0x1.68287ep-3
0x1.08eb08p-3
0x1.e9d266p-4
-0x1.33287p-3
-0x1.dc4aecp-5
0x1.f37d06p-7
0x1.8dd95ap-5
0x1.19dd54p-4
-0x1.541cdap-2
0x1.58d512p-4
-0x1.d425bep-5
0x1.775118p-3
-0x1.41416ep-5
0x1.569c08p-7
-0x1.e6baccp-5
-0x1.2ad608p-3
-0x1.bf3ceap-5
-0x1.c68074p-3
-0x1.611e3p-5
-0x1.25b2c2p-4
0x1.9d512p-4
0x1.0d5998p-4
-0x1.c0c3dap-7
0x1.df449ap-5
0x1.68508ep-4
-0x1.844dfap-3
0x1.31bf36p-3
0x1.038dfcp-3
0x1.144d0ep-2
0x1.86d4c8p-6
-0x1.92d52ep-5
0x1.624512p-3
0x1.ed2e04p-3
-0x1.46e9ap-3
-0x1.2d906ap-4
-0x1.4555eap-3
0x1.298d18p-4
-0x1.7ff0dp-4
-0x1.ab5d2p-6
0x1.175bfap-4
0x1.a779d8p-3
-0x1.8ac462p-4
-0x1.33c31cp-2
0x1.1f6a86p-2
0x1.71c9ap-6
0x1.1aaca6p-4
0x1.1b176ep-3
-0x1.afe8e4p-2
-0x1.a5cb9cp-2
-0x1.42bacep-3
0x1.d4e398p-4
0x1.d7c07ep-4
-0x1.073c4p-3
-0x1.464756p-2
-0x1.f09746p-3
0x1.319102p-1
0x1.0592f4p-2
-0x1.05fce4p-3
0x1.c57e74p-4
-0x1.b3afaap-9
-0x1.5c96d4p-2
-0x1.7274f6p-4
-0x1.658fcep-3
-0x1.b13688p-4
0x1.f3b8d4p-3
0x1.1deb4ap-2
-0x1.ad0c0ep-3
0x1.75365p-5
0x1.ea0d12p-3
0x1.17361ap-3
-0x1.f03eaap-4
0x1.213c9p-5
0x1.63d00cp-3
-0x1.248f0ep-4
-0x1.3aa3acp-2
0x1.89064p-2
0x1.75ac7ap-6
0x1.0800d2p-5
-0x1.a347fap-4
-0x1.7ee306p-4
0x1.6e629p-5
-0x1.0720fcp-5
0x1.2e8ec2p-3
-0x1.532e9cp-3
0x1.4c3b68p-6
-0x1.a2ff96p-7
0x1.2ba2dcp-4
0x1.b59914p-7
-0x1.e0850cp-5
0x1.1cf21ap-4
0x1.3f85eap-3
-0x1.600a9p-5
-0x1.b3a65p-6
0x1.ee3b4cp-4
0x1.443bc4p-3
-0x1.afddfcp-3
0x1.144062p-4
0x1.2acb2p-3
-0x1.424de2p-2
-0x1.fd5b84p-5
-0x1.2fc76cp-4
0x1.dd35cp-3
-0x1.0d08b4p-5
-0x1.9ebd12p-4
-0x1.bbcc66p-2
0x1.9f9d44p-3
0x1.7cdc26p-3
-0x1.63a37ap-3
-0x1.6a3e54p-4
-0x1.22bcc8p-3
-0x1.08aef8p-7
0x1.c3a8b4p-3
-0x1.e8768cp-4
0x1.371c1cp-3
0x1.0b5ecep-5
-0x1.128344p-4
-0x1.7c4478p-4
-0x1.800424p-2
0x1.5ba3e6p-5
0x1.e13794p-4
-0x1.c145dcp-7
0x1.274712p-4
0x1.73e7a2p-3
-0x1.268c0cp-3
-0x1.febe36p-3
0x1.7c53e6p-8
0x1.55a24ap-4
0x1.56a052p-3
-0x1.dea62ep-3
-0x1.fa09d6p-6
0x1.bc833p-4
0x1.67144cp-3
0x1.520d52p-4
-0x1.bb45eep-3
-0x1.6cab14p-6
-0x1.48cb32p-5
0x1.c102ecp-7
-0x1.619bcep-4
-0x1.979c26p-4
0x1.68ba36p-2
0x1.210cd4p-4
-0x1.7d8d04p-5
-0x1.e04a9ep-3
-0x1.3873b8p-5
-0x1.1cae2p-7
-0x1.05f76p-6
-0x1.b2d0aap-5
-0x1.d1fef8p-5
-0x1.2b1bap-2
-0x1.059b42p-2
0x1.c38e3ap-4
-0x1.502b7p-4
0x1.1df2d2p-3
-0x1.6d65e6p-3
-0x1.348568p-5
0x1.0db2c6p-2
0x1.e8f87ap-8
-0x1.321098p-4
-0x1.20f2fap-2
0x1.f1cb92p-3
-0x1.6de51p-3
-0x1.4bc708p-5
-0x1.6ecb1ap-3
0x1.bb344cp-7
-0x1.568802p-4
0x1.4b2d84p-3
-0x1.0bbb58p-8
-0x1.3dc54ap-3
0x1.88f96p-5
0x1.8c5cfcp-5
-0x1.504eccp-6
-0x1.e82874p-4
-0x1.744ef2p-4
-0x1.12c54ap-4
-0x1.e95726p-4
0x1.6c9ccp-2
0x1.53e446p-6
0x1.57180ap-3
-0x1.08730ep-3
-0x1.2db0f6p-5
0x1.cd7946p-5
-0x1.3cac88p-4
-0x1.140f9ap-3
-0x1.92a5f2p-4
-0x1.5178b6p-4
-0x1.f532b4p-7
-0x1.009c48p-4
0x1.093f1p-3
0x1.7ee7ep-3
0x1.bcff9cp-4
0x1.ee9cbp-4
-0x1.288898p-5
-0x1.196c34p-3
0x1.8f0cd8p-6
0x1.c5901ep-5
0x1.d02ec4p-4
-0x1.2e996ap-2
0x1.29c4aep-3
0x1.e2f5aep-4
0x1.2b7edcp-6
-0x1.35d7b6p-8
0x1.d1363p-5
0x1.60509ap-2
0x1.c6251ap-5
-0x1.93bffep-3
0x1.c303a4p-4
-0x1.36d716p-3
-0x1.1a15aep-2
-0x1.a85d4ep-3
0x1.2600b2p-3
0x1.f8672p-3
-0x1.5569cap-4
-0x1.b8b716p-6
0x1.6c3364p-3
0x1.98a118p-3
-0x1.f26476p-6
0x1.39d63ap-4
-0x1.58c022p-3
-0x1.8f005cp-3
-0x1.585586p-3
-0x1.7fc528p-2
-0x1.14494ap-4
-0x1.1ddde2p-4
0x1.331496p-2
-0x1.b4f39cp-3
0x1.7b2786p-4
0x1.65eb84p-2
-0x1.7a308cp-3
0x1.6b70d6p-2
-0x1.0dfb0ap-3
0x1.033154p-3
-0x1.8cd6dp-4
0x1.d4c89cp-5
-0x1.cf5436p-5
-0x1.c14d4p-8
0x1.fb9eeep-7
0x1.3a5caap-4
0x1.d374e8p-5
-0x1.317304p-2
-0x1.3ab1c4p-3
-0x1.8daf18p-6
-0x1.a5945ep-4
0x1.340656p-3
-0x1.bbe4dep-7
0x1.b88188p-4
-0x1.4b0ffap-5
0x1.3633dep-3
-0x1.8b7b5ep-2
-0x1.84a3bep-6
0x1.80187ap-7
-0x1.357452p-3
-0x1.1ff38ep-3
0x1.57f184p-2
0x1.fb6dep-4
0x1.02f3eap-2
0x1.9e400cp-5
0x1.599f2cp-6
-0x1.441b6cp-3
-0x1.93994cp-3
-0x1.cfa076p-4
-0x1.4ff53cp-3
0x1.5262aep-4
-0x1.c3c2e6p-5
0x1.4cbf8cp-2
-0x1.9d7ea4p-6
-0x1.32099ep-8
-0x1.61b162p-4
0x1.47850ap-5
0x1.b3536ep-2
0x1.64b53p-3
0x1.248ec6p-2
0x1.5dee9cp-3
0x1.773838p-3
-0x1.8d566cp-7
0x1.356046p-4
0x1.88742ap-4
0x1.1cb56cp-4
-0x1.6bcad6p-5
-0x1.7e9772p-4
-0x1.fb2ba8p-4
0x1.7b4ccap-7
0x1.5c66cp-4
0x1.691678p-3
0x1.185cb4p-3
0x1.cd899cp-4
0x1.472f02p-4
-0x1.911764p-4
0x1.bea0f4p-7
0x1.43687p-4
-0x1.a9168p-3
-0x1.005fe6p-5
0x1.049b62p-5
-0x1.8c9208p-7
-0x1.c127f2p-3
-0x1.5cd72cp-2
-0x1.63c9cep-8
0x1.89ef56p-3
0x1.abdd4ep-3
0x1.18669ep-3
0x1.cfe4dap-7
0x1.90e43p-4
0x1.1c2ed4p-4
-0x1.a61f4ep-4
-0x1.067d62p-6
-0x1.735ea8p-3
0x1.b9fb8ap-4
0x1.d53db4p-6
-0x1.66b62p-3
0x1.72c876p-3
-0x1.27b18p-5
-0x1.cb118p-5
-0x1.31af78p-4
-0x1.1829ap-14
-0x1.2685ccp-16
0x1.596c74p-14
-0x1.217638p-16
0x1.c775dcp-15
-0x1.aef86ep-13
0x1.13fa5cp-14
0x1.4d1daep-18
0x1.31d242p-14
0x1.8ac9cep-16
0x1.a40bbp-13
-0x1.feff08p-13
0x1.8bcf66p-16
0x1.fd3d3ep-16
0x1.916a5p-13
-0x1.9671c2p-14
-0x1.3f053ep-15
0x1.324f1ap-12
-0x1.a18ee4p-13
-0x1.a92f02p-16
0x1.bf135p-15
0x1.cef796p-13
0x1.27a5fcp-16
0x1.8acfcap-16
0x1.0264f6p-14
0x1.f09c96p-16
-0x1.6fcd3ap-14
0x1.58af8ep-13
-0x1.01848ep-13
-0x1.16fb02p-17
-0x1.e32f3p-13
-0x1.059266p-16
0x1.d4e916p-17
-0x1.1e51a6p-16
0x1.6b17b2p-16
0x1.46ce4cp-13
-0x1.fee882p-14
-0x1.49e4bp-15
-0x1.ef8c74p-15
-0x1.07ca58p-15
0x1.13e22ap-13
-0x1.658adp-16
0x1.986fd8p-18
-0x1.fc8418p-16
-0x1.596682p-12
-0x1.6c508cp-13
-0x1.2a287cp-12
-0x1.5b0daep-13
-0x1.8ef658p-15
0x1.04a7d6p-15
-0x1.88831p-15
0x1.3ca9bp-15
-0x1.c2e696p-14
0x1.81e372p-16
0x1.b344e8p-15
-0x1.576446p-13
-0x1.1bad8ap-15
-0x1.1431f4p-14
0x1.a1e324p-14
-0x1.0bd7d2p-16
0x1.fb45bep-18
-0x1.8963ccp-15
-0x1.c6cad4p-13
-0x1.659576p-16
-0x1.007954p-12
-0x1.57462p-14
0x1.1a0552p-15
-0x1.730806p-15
0x1.de7fap-16
-0x1.b39464p-16
0x1.1e624ep-15
0x1.21f0aep-14
-0x1.0d6818p-14
0x1.dff0ap-16
-0x1.5d73a6p-14
0x1.21a0d4p-14
-0x1.5c0c52p-16
0x1.203c3ep-14
0x1.0fb068p-13
-0x1.7464bep-16
0x1.cddefp-14
0x1.24b006p-13
-0x1.ad0a8cp-15
0x1.89c5cap-13
-0x1.69a206p-14
-0x1.85f9d4p-15
-0x1.63ac4p-15
-0x1.4541bp-14
0x1.a7cee6p-14
-0x1.39f93ep-14
-0x1.445ac2p-13
0x1.1313eep-14
-0x1.8a12e4p-15
0x1.0fa4ap-13
0x1.fc962cp-15
0x1.2cffa6p-13
0x1.4512e2p-15
-0x1.ce8de6p-16
-0x1.12ecdep-15
0x1.4aa5cep-14
0x1.00bc9ap-13
0x1.365308p-17
0x1.a9630cp-15
-0x1.c6e58p-14
-0x1.d5ef1ap-16
-0x1.e58eb4p-14
-0x1.1e6c3ap-15
0x1.000bbcp-13
0x1.ccfcc4p-15
-0x1.0c7816p-13
0x1.3c4c5cp-13
-0x1.ab4f5cp-14
-0x1.3712e4p-17
-0x1.d78eep-18
-0x1.afb69p-15
0x1.0d9c7cp-12
-0x1.2adeb2p-14
-0x1.035f02p-12
-0x1.d8edc2p-14
0x1.04ca0cp-14
0x1.2bebecp-12
-0x1.76fe02p-16
0x1.4ad7fap-13
-0x1.4d763ap-14
0x1.440ae6p-18
-0x1.7a59eep-15
0x1.a5341ap-18
-0x1.4043cep-14
0x1.bf2cb2p-13
0x1.d120a6p-14
0x1.2c0e54p-14
0x1.54f806p-14
-0x1.37c4c4p-13
0x1.e40dfep-15
0x1.c4f62cp-14
0x1.30ac8ep-17
0x1.8de2f8p-13
0x1.2088bp-12
0x1.cf4a96p-14
0x1.72f9c2p-14
0x1.d39f3ep-14
-0x1.486fc2p-13
0x1.cbfbc4p-15
0x1.5463b6p-13
0x1.49564p-14
-0x1.e345fep-15
-0x1.dc27e2p-14
-0x1.473d6ep-12
-0x1.724f3ap-14
-0x1.caa896p-16
-0x1.99be86p-15
-0x1.c11a68p-16
0x1.79cc6p-14
0x1.25e68p-14
-0x1.0d1ba2p-14
0x1.c94c86p-15
-0x1.ee95e8p-14
0x1.48fc8ap-13
0x1.cdc68ep-17
0x1.44b656p-12
-0x1.0d4df8p-18
0x1.3dc70ap-15
0x1.10d6d8p-13
-0x1.3a03bap-14
-0x1.df06cep-13
0x1.8d4738p-15
-0x1.2bf0f8p-16
-0x1.082b1cp-17
-0x1.2c0214p-12
0x1.46007ap-14
0x1.55c7ecp-16
-0x1.fcd7d6p-16
0x1.757c7ap-13
0x1.2fab62p-17
0x1.393d48p-14
-0x1.14628ep-16
-0x1.97f7a2p-15
0x1.5d5828p-14
0x1.87ea3cp-15
-0x1.5c7d9cp-14
0x1.ee3766p-14
0x1.57b602p-15
-0x1.24e4d2p-13
-0x1.fc41cep-13
-0x1.320d0cp-15
0x1.cd23eep-14
0x1.fc5b86p-13
-0x1.ee3982p-13
-0x1.76989p-17
0x1.35dcd6p-14
0x1.28e072p-14
0x1.3e7602p-14
-0x1.64d9d8p-14
-0x1.48dc04p-13
-0x1.ae9642p-15
0x1.2f3114p-13
-0x1.1597cap-19
-0x1.7ecb24p-15
0x1.ffe0f6p-16
-0x1.c819fep-16
-0x1.9e3b22p-14
-0x1.4888cap-14
0x1.104714p-18
-0x1.8670c2p-15
-0x1.48a12ep-13
-0x1.485cbcp-16
0x1.3617a8p-12
-0x1.37f5ap-15
-0x1.a4c3fap-12
0x1.33c794p-15
0x1.366188p-16
-0x1.dfed84p-16
-0x1.103cc2p-14
0x1.b8fa28p-15
0x1.4b2be4p-13
0x1.8e5b38p-14
0x1.5a455ep-13
0x1.4ea2acp-14
-0x1.a2c8fap-16
-0x1.a9cde8p-13
0x1.d8cc26p-13
0x1.10d426p-17
-0x1.9a81cap-15
0x1.681b2cp-15
-0x1.5322fap-12
-0x1.3657aap-13
-0x1.1cd042p-12
-0x1.f17f88p-14
0x1.0a74ecp-13
-0x1.c4ceeep-15
-0x1.a3279ap-17
-0x1.065c3cp-12
0x1.81d92cp-15
-0x1.6c914cp-14
-0x1.189146p-13
-0x1.c3308cp-15
-0x1.78ddaep-12
-0x1.079c6p-13
-0x1.1fff2cp-16
-0x1.99bec2p-13
0x1.1259e8p-15
0x1.44f63p-18
0x1.14e34cp-13
-0x1.f951a2p-14
-0x1.4e8a34p-14
-0x1.bc0d5ep-13
-0x1.97d5b4p-15
0x1.afd4fp-14
0x1.42428ap-14
0x1.d3057ap-15
0x1.744578p-17
0x1.f6d9d6p-16
0x1.df79fep-13
-0x1.7d8be8p-13
0x1.38225p-14
0x1.4c3c38p-13
-0x1.77cea8p-13
0x1.0805a4p-16
0x1.36634cp-14
0x1.aa32b4p-16
-0x1.99b6aep-12
-0x1.99b3dep-14
-0x1.762716p-13
-0x1.a181ecp-13
0x1.895034p-14
-0x1.163908p-12
0x1.3bd9cap-15
-0x1.4c2e6ep-16
0x1.495f08p-16
0x1.1e4514p-12
-0x1.23789p-14
-0x1.198cfp-13
0x1.52c4bcp-17
0x1.2068acp-14
0x1.ded1cp-14
0x1.7837b4p-13
-0x1.48fe5ap-15
-0x1.3163c8p-13
0x1.09f8b8p-13
0x1.f46c34p-14
0x1.94ca7ep-14
-0x1.1a49a6p-15
0x1.aca6d2p-14
0x1.e8eb7cp-15
-0x1.114f24p-13
0x1.5dafep-14
-0x1.f73ecap-20
0x1.72d0d6p-13
-0x1.11d35ap-13
0x1.ea8c9p-15
-0x1.b3b72ep-15
-0x1.75ddc8p-14
0x1.3a7c9cp-13
0x1.70c0e8p-17
-0x1.73b6d2p-13
0x1.7e30fap-12
0x1.45276ap-14
0x1.cf5a24p-13
-0x1.89ee5ap-15
-0x1.03be9cp-12
-0x1.24a34cp-15
0x1.e94414p-14
0x1.184b1ap-13
0x1.3a0e48p-13
-0x1.4b6d16p-14
-0x1.6cd29cp-14
-0x1.cfa4fap-13
0x1.f29decp-16
-0x1.780e2p-15
-0x1.0d8556p-14
-0x1.23ee76p-13
0x1.94c1bp-13
0x1.031f1ep-15
0x1.0a7f56p-18
-0x1.19e97cp-13
-0x1.38917ep-16
0x1.bb2d68p-15
0x1.41bbdp-13
0x1.00498cp-13
-0x1.fa1d24p-15
0x1.ec8d8ap-14
-0x1.25718p-12
-0x1.c9353p-13
-0x1.0ad7c8p-16
0x1.05f93ap-15
0x1.3e14fap-16
0x1.2be0eap-12
-0x1.6bb564p-14
-0x1.c881ecp-15
0x1.80335cp-13
0x1.d9081ap-13
0x1.43bb06p-14
-0x1.686be4p-13
-0x1.afced4p-14
0x1.f9f24ap-14
-0x1.8adb58p-14
0x1.c2f518p-19
0x1.6019c4p-15
-0x1.87051cp-14
0x1.54ac7p-15
0x1.807456p-14
-0x1.139f28p-13
0x1.e50232p-14
-0x1.061714p-12
-0x1.0339f4p-23
-0x1.21d44ep-14
-0x1.f996b4p-14
-0x1.c48f2cp-17
-0x1.1339e6p-13
-0x1.81c78ep-16
0x1.8e1b46p-16
-0x1.0ae6f6p-13
-0x1.a4f2e6p-13
-0x1.626846p-15
0x1.8a12dp-18
-0x1.b58b8ap-14
0x1.23d14ap-16
0x1.7fb5e4p-13
0x1.706bc2p-18
0x1.e1337cp-14
-0x1.a00d16p-15
0x1.dd58b6p-14
0x1.f05b88p-16
0x1.2c7a1p-15
0x1.701e7ap-13
0x1.973824p-15
-0x1.1d332ap-14
-0x1.74b2eep-14
0x1.53f546p-15
-0x1.da9378p-13
-0x1.a83058p-14
0x1.844a46p-17
0x1.572c9p-17
0x1.72bd36p-15
-0x1.d5bac6p-20
0x1.6c769p-4
0x1.8a535ep-2
-0x1.68492ep-4
-0x1.abd096p-4
0x1.4e69d4p-2
0x1.01669cp-1
0x1.f7a144p-7
-0x1.1cced2p-2
0x1.1bbcdap-6
0x1.14257cp-1
0x1.d19cbep-3
0x1.8d04cap-4
-0x1.1444bep-2
0x1.d1e22ep-2
0x1.21c454p-3
-0x1.95954ap-6
-0x1.155fcep-3
0x1.e698a4p-2
0x1.528376p-2
0x1.77b352p-3
-0x1.613ebep-3
-0x1.96cc6ap-4
0x1.3d98bap-3
-0x1.c6b43ep-2
0x1.2bd28ap-2
0x1.a080b4p-2
0x1.25ddd6p-5
-0x1.b19e34p-3
0x1.be7dc8p-3
0x1.bb31ap-3
0x1.850524p-2
0x1.a18806p-4
0x1.4b5f16p-2
0x1.eda2b6p-3
0x1.3ba5bp-5
-0x1.e53edap-3
0x1.12bb08p-4
-0x1.2c05p-3
0x1.12da36p-2
0x1.c6b8eep-2
0x1.365b7ap-4
-0x1.49df98p-3
-0x1.bdbc64p-4
0x1.31f60ep-2
-0x1.c96e8p-4
-0x1.03cb6cp-2
0x1.0c1f72p-2
-0x1.7c55e2p-2
-0x1.245112p-3
0x1.0230f8p-2
-0x1.1e0066p-2
0x1.1ea118p-4
-0x1.36e604p-3
-0x1.93d57p-5
-0x1.23d302p-7
0x1.bfdf7ap-5
-0x1.c9dc3cp-3
-0x1.9d1f7p-3
0x1.6d7858p-4
-0x1.07a816p-2
-0x1.420828p-4
-0x1.a9479cp-3
-0x1.b7d8fap-8
-0x1.5a8004p-3
-0x1.a39c7ap-4
0x1.c48bbp-4
0x1.b8de6p-4
-0x1.f07cf8p-3
-0x1.ac2128p-4
-0x1.4e25cap-2
-0x1.cf8d74p-3
-0x1.00b79ap-4
0x1.0be9ccp-4
-0x1.ef3258p-3
-0x1.3fffe6p-2
0x1.e2ea2cp-4
-0x1.4f096p-4
-0x1.4e6044p-8
-0x1.3d4bbep-4
-0x1.2a5c08p-3
-0x1.765e6cp-1
-0x1.6aad6p-2
0x1.88a8cap-2
-0x1.a41e88p-4
0x1.2ba172p-2
0x1.c00cp-2
-0x1.398462p-3
0x1.d17f46p-3
-0x1.7ab15p-2
0x1.001752p-2
0x1.c2cebap-2
-0x1.53f16ap-7
-0x1.3e2684p-1
0x1.ba84c4p-2
0x1.5285c6p-5
-0x1.92806cp-1
0x1.4b37eap-1
-0x1.2ac998p-6
-0x1.1b9ca8p-6
-0x1.457488p-4
-0x1.527ee6p-5
0x1.c8d3ep-6
0x1.1bde5ap-1
0x1.68fdap-7
0x1.1ea7c2p-3
0x1.441066p-3
-0x1.af4d02p-2
0x1.6d1e36p-3
-0x1.57148ep-3
-0x1.0b13cep-1
0x1.f8a76cp-4
-0x1.04cd7cp-1
0x1.384e98p-2
0x1.ca4032p-3
0x1.af193p-4
-0x1.7f1d4ep-4
0x1.37c70ap-3
-0x1.24036p-6
-0x1.345294p-9
0x1.6c83ecp-4
-0x1.6dad88p-4
0x1.ed61dp-5
0x1.1b0bd4p-2
0x1.726512p-2
-0x1.2dfb74p-4
-0x1.0991b8p-2
0x1.9b93dap-3
0x1.29290ep-3
0x1.572158p-3
0x1.c16678p-5
0x1.eeb0bap-5
0x1.26686ep-3
0x1.bfeb4ep-10
-0x1.8f9ab8p-3
-0x1.56fa6ep-2
-0x1.e6ececp-3
-0x1.d60a5cp-4
-0x1.1f9f96p-1
-0x1.b9f7d6p-6
-0x1.87ee44p-7
0x1.a5c73cp-4
-0x1.0a72aap-2
0x1.ce41aap-2
0x1.2b64d2p-4
-0x1.b5aecep-5
-0x1.95471ep-5
0x1.38f7aep-2
0x1.fa1982p-3
0x1.a55082p-6
0x1.390f9cp-2
0x1.dce4bep-5
0x1.b85094p-4
0x1.f75068p-4
0x1.61e3a6p-5
0x1.748f5ap-6
0x1.202d88p-5
-0x1.26821cp-3
-0x1.9980fep-2
-0x1.14dd2cp-1
-0x1.658cp-2
-0x1.7fda5p-3
0x1.a52256p-7
0x1.65a5dap-5
-0x1.bcd2c4p-2
0x1.01d4a2p-2
0x1.f8072p-4
-0x1.c0d7dep-3
-0x1.b09a26p-7
-0x1.47d4dap-3
-0x1.4e596cp-3
0x1.089e56p-2
-0x1.57f986p-4
0x1.f7b704p-6
0x1.89727cp-4
-0x1.6e1408p-2
-0x1.cb8d2cp-2
-0x1.02beaap-5
-0x1.37d3ccp-5
-0x1.fbe8d2p-2
0x1.4ba808p-2
-0x1.ad5ccp-4
0x1.e9a4e2p-3
-0x1.b15228p-2
-0x1.5985ep-3
0x1.f18cf8p-2
0x1.69af88p-4
-0x1.28635p-2
-0x1.79d3f8p-3
-0x1.3061d6p-2
-0x1.c991aap-3
0x1.1e345p-3
-0x1.f13fe2p-4
-0x1.f1569ep-3
0x1.8bc00ap-3
-0x1.2d264cp-2
-0x1.9aa8eep-5
-0x1.2346c8p-4
0x1.439982p-4
-0x1.0dd40ap-4
0x1.0c1156p-3
0x1.7a0046p-5
0x1.0832fcp-3
-0x1.093ca6p-6
-0x1.f6843p-3
0x1.ae7738p-3
-0x1.2db686p-2
-0x1.4fd7d2p-2
0x1.2362c8p-4
-0x1.fcb57ep-6
0x1.99eadep-4
-0x1.71d5c8p-5
-0x1.c39aeep-7
0x1.a2a33cp-4
-0x1.6ac10cp-2
0x1.96876p-2
-0x1.a0483cp-7
0x1.c4547cp-7
0x1.5a7406p-2
-0x1.7317ap-3
0x1.9bdaeep-4
-0x1.13e1c2p-2
0x1.59d16ap-2
-0x1.1a636ap-2
-0x1.9bc76ap-2
0x1.0a2d7cp-4
0x1.275ee2p-4
0x1.651d3ep-3
-0x1.c50b48p-4
0x1.1b2c4p-3
-0x1.32af8p-5
0x1.052ac4p-6
-0x1.2cb542p-3
-0x1.449dccp-3
-0x1.8f77e4p-2
0x1.6fb0a4p-2
-0x1.c5a406p-4
0x1.dd12c8p-2
-0x1.0069f4p-9
0x1.64dad4p-5
0x1.45ef5p-2
0x1.18085cp-2
-0x1.e85032p-2
-0x1.216964p-1
0x1.e53918p-3
0x1.17c224p-6
0x1.0d731ep-3
0x1.ef462ep-4
0x1.aa0d4ap-2
0x1.0bbbf2p-5
-0x1.e1070cp-3
0x1.c2a542p-4
0x1.86780cp-2
-0x1.ee51d4p-4
0x1.b7aa88p-3
0x1.a3ac6ep-4
-0x1.719282p-4
0x1.455882p-3
-0x1.59119ep-3
0x1.37ee2ap-3
0x1.a6ed98p-3
-0x1.8df27ap-2
0x1.efe958p-3
0x1.304c36p-4
-0x1.2140fcp-3
-0x1.451454p-5
0x1.20defcp-2
0x1.af01b2p-3
0x1.9d5346p-6
0x1.522ad8p-2
0x1.9362eep-3
-0x1.ac5618p-2
0x1.10c312p-2
-0x1.36060ep-4
0x1.978b76p-4
0x1.7394e6p-6
-0x1.49d9e6p-4
-0x1.30703p-2
-0x1.86f3acp-2
0x1.ab0a44p-2
-0x1.655a16p-2
-0x1.1e277ep-4
-0x1.460df6p-2
-0x1.1d49a8p-3
-0x1.57038p-5
0x1.cdddccp-4
0x1.403cb2p-3
-0x1.6af526p-3
-0x1.3f40cep-3
0x1.3d5b36p-2
0x1.82c02p-4
0x1.d6c8f4p-6
-0x1.6a46dap-2
0x1.2f9746p-3
-0x1.184fcep-3
-0x1.885de4p-3
-0x1.a925fp-3
0x1.c55c62p-5
-0x1.377948p-2
0x1.dd5ec2p-2
-0x1.14a0ecp-3
0x1.a7504ep-2
0x1.27aa3ap-2
-0x1.8705aap-2
0x1.04ae74p-4
0x1.d0f524p-6
0x1.a21812p-6
-0x1.94489p-3
-0x1.0217aep-3
0x1.8c3d9cp-3
0x1.dea73ep-5
0x1.eced14p-3
-0x1.6c4018p-4
-0x1.40c0cap-2
0x1.5d37ccp-4
0x1.f3173ep-6
0x1.41704ep-3
0x1.38d27cp-3
0x1.8e91f4p-5
0x1.a424cap-3
-0x1.d5051ap-5
-0x1.7c06ap-4
-0x1.272264p-2
-0x1.660a12p-4
-0x1.4bcf62p-4
-0x1.522cacp-4
-0x1.22c83ep-1
-0x1.fb62cp-2
0x1.9b50dep-4
0x1.30f8c6p-3
0x1.22f8e6p-2
0x1.12359ap-2
-0x1.5cf664p-9
-0x1.062884p-6
-0x1.2149e4p-3
0x1.a28274p-2
-0x1.4f7294p-3
0x1.ca1b5p-2
-0x1.067fa4p-5
0x1.0b208cp-2
-0x1.3f7584p-6
0x1.c8434p-3
0x1.690cbep-2
0x1.64f8b6p-3
0x1.9cc2e6p-2
-0x1.e3a122p-5
0x1.2dcf2ep-2
-0x1.e8cc76p-3
0x1.7ab1cep-3
0x1.081d38p-5
-0x1.8942f4p-3
0x1.0e8716p-3
-0x1.965ep-8
-0x1.630b56p-2
-0x1.95953cp-2
0x1.44a762p-2
0x1.58bbfep-3
-0x1.170f7ap-4
-0x1.2c7e5p-6
0x1.5d7de8p-3
-0x1.21d152p-6
-0x1.3a354p-4
-0x1.84ff4ap-2
0x1.f50adcp-4
0x1.d47348p-4
-0x1.7516f2p-3
-0x1.31d166p-3
0x1.13ed58p-2
-0x1.18b4dap-3
0x1.8ce4b4p-4
0x1.13e252p-5
-0x1.22efbap-3
0x1.052deap-1
0x1.ceccecp-2
-0x1.020b36p-3
-0x1.c95384p-1
0x1.151f4ep-2
-0x1.f49df8p-3
-0x1.42a242p-2
-0x1.84acfap-2
0x1.e0303cp-3
0x1.9c7aa4p-2
-0x1.f42a88p-8
0x1.882922p-4
-0x1.8412b8p-5
-0x1.22bd58p-6
-0x1.e7527ep-6
0x1.3f882ap-3
-0x1.7b3efep-7
-0x1.91d852p-8
0x1.ef109ap-3
-0x1.e26ed8p-4
-0x1.677e2ap-3
0x1.b62c3cp-2
-0x1.4aa7e6p-3
-0x1.ab09cap-5
-0x1.b044f4p-4
-0x1.239e68p-4
0x1.537fbep-2
-0x1.8a7d5cp-3
0x1.97ed46p-2
0x1.ff93f6p-2
-0x1.54453ap-7
-0x1.ce6526p-3
0x1.3a3274p-2
-0x1.3002c2p-1
-0x1.aa8eb8p-2
-0x1.cbb76ap-2
-0x1.eb9fa8p-6
-0x1.d04004p-7
-0x1.1806d2p-3
0x1.72806cp-2
-0x1.868d64p-4
0x1.bfc3fcp-3
-0x1.98f554p-2
0x1.69b72cp-7
-0x1.86ebc8p-3
0x1.8f5c02p-4
0x1.9856dap-3
-0x1.e75002p-5
0x1.6df7dp-2
-0x1.facfbep-4
0x1.7563dep-3
0x1.0df556p-2
-0x1.7c4a9ap-5
-0x1.6ad7cp-2
0x1.2cc65ap-4
-0x1.adba0cp-5
-0x1.b79fe2p-3
-0x1.75fe0ap-6
0x1.55ea86p-4
0x1.8e8aaep-4
-0x1.3f73d8p-6
0x1.b21aeep-2
-0x1.a21a2ap-4
-0x1.099594p-3
0x1.1e872cp-3
0x1.07c248p-3
-0x1.f2de3ep-3
0x1.a4f728p-5
-0x1.279fd2p-5
-0x1.b20ea2p-3
-0x1.0bef7ep-3
-0x1.c04844p-2
0x1.03dc46p-1
0x1.7c06cep-4
0x1.e5b548p-3
-0x1.7b9304p-5
0x1.3aad8ap-2
0x1.e7bad8p-4
0x1.2bc064p-2
0x1.cc3d12p-3
-0x1.4dcc48p-3
-0x1.6f7cf2p-3
0x1.8164ap-2
0x1.84ad16p-3
-0x1.5d8d26p-2
-0x1.0ba1cp-4
0x1.239fp-3
0x1.57d784p-3
0x1.c8412p-4
-0x1.501adap-3
0x1.7b89d4p-3
0x1.5581f8p-3
-0x1.8081ecp-8
0x1.4f4a32p-3
0x1.8b2178p-4
0x1.0d462ap-2
0x1.7d9c2cp-5
-0x1.311684p-6
0x1.4ccaf6p-3
-0x1.624182p-7
0x1.2186fap-3
-0x1.9093b6p-2
0x1.71541cp-2
0x1.6a8abap-3
-0x1.269142p-3
-0x1.5e1a8ap-5
0x1.a710e4p-4
0x1.4a8cf8p-1
-0x1.841036p-4
0x1.90c3b8p-2
0x1.6d8b32p-2
-0x1.4f8698p-3
0x1.fd60dep-4
-0x1.68a062p-4
-0x1.0da4e4p-3
-0x1.e02c12p-6
-0x1.81eea6p-3
-0x1.64112p-3
0x1.95fbf6p-3
-0x1.9a7a9ap-3
0x1.8e5b34p-3
-0x1.0d30ecp-2
0x1.89cf76p-2
-0x1.6f9fb4p-4
0x1.223d26p-1
-0x1.28e29ap-2
0x1.2eb046p-2
-0x1.35a4e2p-2
0x1.3417e2p-2
-0x1.7bc668p-3
-0x1.7edfe8p-1
0x1.f4de72p-4
0x1.00cae4p-4
0x1.759324p-6
0x1.3d431ep-2
-0x1.2230b4p-2
0x1.c599a6p-5
-0x1.e7fd52p-3
-0x1.016cfap-2
0x1.ccafacp-3
0x1.31c1fcp-4
-0x1.b9731ap-3
0x1.4dd7c4p-6
-0x1.de850ep-5
0x1.2bd49cp-4
0x1.1ad4d4p-5
-0x1.48c814p-3
0x1.35beap-2
-0x1.d2659ap-4
0x1.ffe154p-3
-0x1.b8dc5ep-3
-0x1.cc7acp-5
-0x1.40b3eep-2
0x1.575878p-2
0x1.06cf7ep-2
0x1.eb288cp-7
-0x1.bc7a3ep-4
0x1.4f2a76p-3
0x1.08e63cp-5
-0x1.126318p-2
-0x1.aa2d64p-2
0x1.e5b776p-4
0x1.e8961cp-7
-0x1.170e1ep-3
-0x1.a4e628p-4
-0x1.0116f4p-2
-0x1.ff45p-3
0x1.4f095cp-2
-0x1.de0e74p-4
0x1.bccf1cp-4
0x1.51eb9ap-2
0x1.2c16b4p-3
0x1.5d8e82p-2
-0x1.bd941p-3
0x1.6542e6p-3
-0x1.09686cp-1
-0x1.c89242p-6
-0x1.dc907cp-3
-0x1.d01d0ap-6
-0x1.37a33cp-2
-0x1.26ecfcp-4
-0x1.4e0142p-2
-0x1.63172cp-2
-0x1.26fa6ap-3
-0x1.1861d2p-1
0x1.c2eecep-3
0x1.ca00f6p-5
-0x1.5c7606p-3
-0x1.837f68p-3
0x1.f7ff96p-3
0x1.41fd4p-3
-0x1.c8c08ep-5
-0x1.e5d1a8p-3
0x1.1fb754p-2
-0x1.538472p-2
0x1.205d5ap-1
-0x1.445758p-7
-0x1.63285cp-7
-0x1.5fceaep-4
0x1.24b0fep-2
0x1.9046dep-7
0x1.1ba06ep-3
-0x1.47e05ep-4
0x1.653e3p-4
-0x1.14a552p-3
0x1.07c676p-2
0x1.353f5p-4
-0x1.cc3934p-5
-0x1.35dcb8p-4
0x1.2bef3ap-3
-0x1.ef411p-9
0x1.f6f732p-3
-0x1.f98778p-6
-0x1.b80ebep-7
0x1.892df4p-7
0x1.07258ap-3
0x1.2728f8p-2
-0x1.efccbep-3
0x1.41664ap-2
0x1.67fe8p-7
0x1.d4c2f6p-3
-0x1.819a4ep-3
-0x1.b8b33ep-5
0x1.420626p-6
-0x1.63686p-3
-0x1.cef07ap-5
0x1.4ba9ep-2
-0x1.e1a076p-2
-0x1.986d94p-5
-0x1.b1c55cp-5
-0x1.77e718p-3
-0x1.ad9fp-3
-0x1.fe569ep-3
0x1.3f3818p-2
0x1.9ef5a2p-4
-0x1.c6f6a2p-3
-0x1.8d6cfp-3
0x1.09b0ecp-5
0x1.73abe4p-2
0x1.221aep-3
-0x1.d03674p-4
-0x1.acbe9ap-3
0x1.d50b88p-8
0x1.0176dp-4
-0x1.72dd74p-2
0x1.49d142p-3
-0x1.4b9c08p-2
0x1.8d2d9cp-4
-0x1.16e348p-2
0x1.b1b10ap-2
-0x1.40da04p-7
0x1.4f9f68p-1
-0x1.da61fap-5
0x1.b75f4p-3
-0x1.b14da2p-3
-0x1.3b4ecep-2
0x1.5e8358p-2
0x1.34a91ap-1
0x1.d8afe6p-3
-0x1.7dcf08p-3
-0x1.0c8e7ep-3
-0x1.1a0af2p-2
0x1.4ed962p-4
0x1.84d77ap-3
0x1.abc428p-9
-0x1.b82b9ep-6
-0x1.f768f4p-2
-0x1.bcb576p-3
0x1.015036p-3
0x1.27860ep-4
0x1.707f2cp-6
0x1.0a6334p-2
-0x1.25eaep-2
-0x1.24f036p-3
-0x1.46393ap-3
0x1.32fb16p-3
0x1.943a2p-2
0x1.f88d8cp-4
-0x1.b64b0ap-3
0x1.8fa6cp-2
0x1.c95e92p-7
-0x1.17d934p-2
0x1.763b2p-5
0x1.713e26p-3
0x1.4ca998p-6
-0x1.5076b2p-2
0x1.03c04ap-7
-0x1.66849ap-3
-0x1.188a1p-2
0x1.7bfca4p-3
0x1.c5982p-2
0x1.243d02p-2
0x1.f954a2p-5
-0x1.1229d4p-2
0x1.b79778p-3
0x1.a0838ep-4
-0x1.600c84p-3
-0x1.10dc7ep-4
0x1.b91c72p-5
-0x1.d4e866p-4
-0x1.f7a0dp-3
-0x1.98beep-2
-0x1.09a908p-2
0x1.30e9c8p-2
-0x1.0c9778p-1
-0x1.eee138p-5
-0x1.87ed8cp-3
0x1.71fdf2p-3
-0x1.4b4426p-5
-0x1.d8264ep-3
-0x1.15a828p-4
0x1.ae72p-3
0x1.c14b66p-2
-0x1.91ce32p-2
-0x1.1b77b6p-1
-0x1.6baab2p-3
0x1.0c0304p-2
0x1.634378p-1
0x1.19012cp-2
-0x1.c16dacp-4
-0x1.08054p-1
0x1.f2213ep-7
0x1.614548p-1
0x1.68c7c2p-4
0x1.157bcap-2
0x1.dac6e4p-3
-0x1.7356c8p-2
0x1.ef4bb4p-4
0x1.1ded5cp-2
0x1.fcf432p-4
0x1.10804ap-5
-0x1.db22a8p-5
-0x1.e76bbap-3
-0x1.4b7622p-6
-0x1.c7b03ep-3
0x1.bad312p-5
0x1.8102aap-3
-0x1.1af05p-2
0x1.a49d4p-3
-0x1.d5b1fep-2
0x1.fc972p-5
-0x1.60fc76p-2
-0x1.355f7ap-1
-0x1.8cea48p-4
-0x1.2adad6p-2
0x1.03a30cp-3
0x1.630ddap-2
0x1.c69c32p-3
-0x1.050c68p-2
0x1.7c3adap-3
0x1.12dd5cp-2
0x1.b2cf96p-4
-0x1.8e119ap-3
-0x1.f6e986p-3
0x1.846b78p-3
0x1.86a892p-5
0x1.44db62p-2
0x1.07b3ccp-2
-0x1.0337a8p-2
-0x1.d4aed2p-2
0x1.21215p-5
-0x1.c6631ap-6
-0x1.f26996p-5
0x1.f01b2ep-3
0x1.52cce6p-4
-0x1.ed3a6p-3
-0x1.e47462p-3
-0x1.1cc1dp-8
-0x1.4a795p-2
0x1.2a2032p-3
0x1.58c7a6p-4
-0x1.3e60bcp-2
-0x1.18c9eep-2
-0x1.841a6ep-3
-0x1.39bc82p-4
0x1.61fc16p-4
-0x1.6e98acp-4
0x1.595a16p-2
-0x1.01296ep-3
0x1.165924p-3
0x1.d08212p-4
0x1.46b66cp-8
-0x1.2f13a6p-3
-0x1.ab22b2p-4
0x1.0678eap-1
-0x1.e6489p-3
-0x1.4bca12p-3
0x1.ea50cep-7
-0x1.d24e5cp-4
0x1.018f6p-2
-0x1.98f338p-3
-0x1.8851dcp-4
0x1.89b2b4p-4
-0x1.1d6baep-9
0x1.119974p-1
-0x1.71e1d6p-4
0x1.60bfp-2
0x1.509f46p-3
0x1.34aab4p-2
-0x1.1a6432p-1
0x1.d37e6ep-2
-0x1.83396ap-5
-0x1.7c9c36p-2
0x1.6d8a3cp-2
0x1.3b98bp-4
0x1.6796ecp-2
0x1.324afap-3
-0x1.0f3c84p-3
-0x1.8ccae4p-3
0x1.29f8b6p-5
0x1.56b90ap-3
-0x1.68b34p-6
0x1.744ccap-3
-0x1.baa29ap-5
0x1.33082p-3
0x1.c62a26p-3
-0x1.81c998p-3
0x1.68fec4p-3
0x1.3549cp-5
0x1.ec591ap-2
0x1.ad97f2p-4
-0x1.881ecp-4
0x1.2992b6p-6
0x1.ad33f8p-5
0x1.44986p-1
0x1.43f12ap-3
-0x1.4e13ap-3
0x1.a05e3ap-1
0x1.0d7f8ep-3
-0x1.23c4e8p-4
0x1.35a476p-3
-0x1.e706dep-4
-0x1.110384p-2
0x1.3f181p-2
0x1.9d66cep-4
0x1.4322a8p-2
0x1.807fdcp-3
0x1.b7ab6ep-2
-0x1.c8e43ap-2
-0x1.3fdf6cp-2
-0x1.5b958ap-5
-0x1.91fd22p-5
-0x1.bd3de6p-2
0x1.06053cp-7
0x1.483f78p-4
0x1.9c45a8p-4
0x1.dc9996p-2
-0x1.8ccfccp-4
-0x1.95e5d4p-4
0x1.0bc7e6p-3
0x1.f6e77ap-2
-0x1.a20884p-2
-0x1.70a3c6p-1
0x1.586ca8p-3
-0x1.4b14f6p-3
-0x1.cbb806p-5
-0x1.f1cf1cp-3
-0x1.458f9ep-3
-0x1.2f5e7ep-1
0x1.422ba4p-5
0x1.897746p-2
-0x1.5ffc34p-6
-0x1.3b97bcp-5
0x1.d2b2cp-3
-0x1.4244b2p-3
0x1.14b9ep-2
-0x1.307b06p-3
-0x1.36c3c2p-5
-0x1.9d6712p-5
-0x1.87329cp-5
-0x1.25d358p-2
0x1.1b0296p-3
-0x1.03e1dp-6
0x1.448074p-3
0x1.28efa4p-4
0x1.6e70cep-4
0x1.10d5d4p-4
0x1.92c5bep-2
0x1.4a7b4p-2
0x1.2e4bd8p-7
0x1.08d9f8p-2
0x1.e839d2p-3
0x1.95106cp-3
0x1.48cf4cp-4
0x1.65394cp-1
0x1.4da41ep-3
0x1.c7d9f4p-5
0x1.408198p-4
0x1.75968cp-1
0x1.20cc92p-5
-0x1.f1b1b4p-3
-0x1.3765a4p-2
-0x1.36186cp-2
-0x1.4717b4p-5
0x1.e55dfcp-7
0x1.cb9ec2p-2
0x1.8b8886p-2
0x1.798adap-2
0x1.57932p-2
0x1.b1ef2cp-4
0x1.818d92p-4
-0x1.272264p-5
0x1.1bee56p-5
-0x1.6dad8cp-2
-0x1.7a599p-5
-0x1.7df0b4p-2
-0x1.049b32p-4
0x1.38a4a2p-4
-0x1.0dbf98p-2
-0x1.35480ap-6
-0x1.71924ap-2
0x1.1e66c8p-4
-0x1.f2ed72p-1
-0x1.5fa6cep-1
-0x1.d43816p-3
0x1.b1844cp-3
0x1.3eb3e6p-1
-0x1.f11f8ap-5
-0x1.6e3026p-2
-0x1.f71576p-3
0x1.9cc68cp-3
-0x1.2cd958p-2
0x1.89383ap-4
-0x1.a0d836p-3
0x1.767a9ep-6
-0x1.2e52a8p-2
-0x1.f658ccp-4
0x1.c659c6p-4
-0x1.3db93ep-4
0x1.336bf8p-1
0x1.d3a2c6p-3
0x1.802054p-4
0x1.8ea784p-4
-0x1.7359bcp-2
0x1.f21146p-4
0x1.85abdp-2
-0x1.f24196p-3
-0x1.e7f782p-3
0x1.0899f8p-2
0x1.295d56p-5
-0x1.350a3ep-2
0x1.95691ap-1
0x1.3cb8bcp-2
0x1.96fdb8p-3
0x1.848328p-2
0x1.3b739ap-1
-0x1.f7d926p-5
-0x1.f4fefp-3
0x1.e4d42ep-3
-0x1.965ad2p-2
-0x1.5ed358p-3
0x1.285c62p-2
0x1.83f5e8p-4
-0x1.06c3b8p-4
0x1.b5102p-2
-0x1.83e592p-5
0x1.1a27dep-3
-0x1.4f54bcp-2
0x1.049e98p-2
0x1.e7e3a8p-2
0x1.98dceap-2
-0x1.844508p-2
0x1.4a7daep-2
0x1.aff47p-6
0x1.1c0fbp-4
-0x1.58ef9cp-5
0x1.043a44p-2
-0x1.5b2acep-2
-0x1.bf4ac6p-5
-0x1.6bb146p-1
0x1.e694e4p-2
-0x1.ec102ap-4
-0x1.061f6cp-2
-0x1.5cecdep-3
-0x1.1e81cep-1
0x1.a4b4ecp-4
-0x1.42ab16p-7
0x1.424184p-2
-0x1.7d7b38p-8
-0x1.4308e2p-5
0x1.f2cc4p-5
-0x1.4f561p-3
-0x1.5eaedap-2
-0x1.1f89d4p-4
0x1.e4f488p-3
-0x1.42893ep-2
-0x1.dbc22cp-2
-0x1.80cdep-3
-0x1.db1446p-3
-0x1.2776ap-1
0x1.e26ab2p-2
0x1.6083e4p-1
-0x1.54e97ap-2
0x1.096e96p-2
-0x1.78cfb8p-5
0x1.d36fcep-2
-0x1.0e054p-3
-0x1.1b853ep-1
0x1.1a8e56p-5
0x1.f9f426p-2
0x1.4f9616p-6
-0x1.2e8bcep-2
-0x1.1cb142p-2
-0x1.1cb9dcp-2
-0x1.e4291ap-2
0x1.ddacp-2
-0x1.eb3ab6p-5
-0x1.fdb8cep-2
0x1.4223fap-2
-0x1.6d0368p-2
0x1.564e7ap-2
-0x1.e903eep-3
-0x1.3888a2p-3
0x1.19f254p-3
-0x1.77b284p-2
0x1.bdd578p-3
0x1.520a46p-2
-0x1.3c376cp-6
-0x1.dd9472p-3
-0x1.54f74p-6
0x1.557c26p-2
-0x1.8a07cep-2
0x1.d7b16cp-1
0x1.9bce84p-3
0x1.270b5cp-3
0x1.e1cb0cp-1
0x1.0d3aa6p-2
0x1.a078p-3
-0x1.1e8d88p-2
-0x1.6893dcp-3
0x1.d39f58p-1
0x1.125d0cp-1
-0x1.3fe3a8p-1
0x1.54d1f4p-3
-0x1.77569ep-2
0x1.8187bp-1
-0x1.36aabp-1
0x1.6d61ecp-5
-0x1.c55a08p-6
0x1.a12b54p-2
-0x1.83b95p-2
-0x1.82efe6p-3
-0x1.db49e8p-4
0x1.5690c6p-2
0x1.3bc784p-3
-0x1.47fbap-1
-0x1.e040fp-5
0x1.63b2e2p-2
-0x1.df694p-5
0x1.5d8bcap-3
0x1.aca05ep-2
0x1.b8c292p-3
0x1.d16f56p-2
0x1.465466p-2
-0x1.ac30f6p-4
0x1.4ef5c6p-2
-0x1.c83bd8p-4
-0x1.f5ef9ep-3
-0x1.caf8f8p-2
-0x1.2edb8cp-2
-0x1.41dafep-3
0x1.0ce42ep-2
0x1.a9f02ap-2
-0x1.dd4d44p-1
-0x1.017156p-1
-0x1.3ec51p-1
-0x1.8b05eep-2
-0x1.f3a77ap-3
0x1.9cfb72p-3
-0x1.73231p-7
0x1.942d32p-6
-0x1.425de6p-1
0x1.e2bcc2p-1
-0x1.f24f1cp-1
-0x1.9f9038p-2
0x1.0d3074p-7
0x1.23f0dp-2
-0x1.7f1ffcp-4
0x1.4a26dp-3
-0x1.2bdef6p-3
-0x1.57f592p-3
0x1.59fbbp-5
-0x1.5b539ap-3
-0x1.6027f4p-2
0x1.4f3668p-2
0x1.0c0608p-2
0x1.de45b4p-2
0x1.5e3ab2p-3
-0x1.383dep-3
-0x1.786bbp-1
0x1.00d2ecp-5
0x1.ddcad4p-2
0x1.9f90a4p-2
0x1.909efcp-2
-0x1.11f7cep-2
-0x1.939ebp-2
-0x1.7121eap-2
-0x1.009a68p-2
0x1.f703d2p-2
-0x1.7bbea8p-2
0x1.e15562p-4
-0x1.e027cep-3
-0x1.855182p-1
-0x1.4c3288p-3
-0x1.d79948p-2
-0x1.7c2222p-3
0x1.5e949ep-5
0x1.d476cep-3
-0x1.fd0ba4p-2
-0x1.2dbc5p-4
-0x1.a965c8p-4
0x1.00c66ep-2
0x1.9134f4p-2
0x1.b23a68p-3
0x1.bcb494p-2
-0x1.bcb494p-2
