7
110
25
20
15
10
5
2
tanH
tanH
tanH
tanH
tanH
softmax
0x1.767fccp-1
0x1.16d698p-1
-0x1.66e1b6p-3
-0x1.fb969cp-2
0x1.1ac8b6p-2
0x1.10f8f6p-3
-0x1.055d52p-2
-0x1.d81816p-3
0x1.84efep-7
0x1.1c874p-3
0x1.792394p-4
0x1.69b94cp-2
0x1.e6c4dap-4
-0x1.4c5e5ap-6
-0x1.f8359ep-3
0x1.992bccp-2
-0x1.825412p-2
0x1.9a2ea8p-3
-0x1.5222fep-2
-0x1.ee7776p-3
-0x1.784f82p-2
0x1.c4041ep-4
0x1.24e86p-2
0x1.ae9974p-2
-0x1.307502p-3
0x1.5c81fp-1
0x1.ac873ep-2
-0x1.10578ep-2
-0x1.476ed6p-1
0x1.9b8356p-2
0x1.a2262ep-2
-0x1.9b9902p-2
-0x1.96b99p-3
0x1.01b856p-4
0x1.d22b74p-3
0x1.0d65e4p-3
0x1.c324p-2
0x1.970a3ap-2
-0x1.8def46p-3
-0x1.32f3c6p-3
0x1.47e1bep-1
-0x1.3619f2p-3
0x1.440a5ap-2
-0x1.be1c24p-2
-0x1.1155bp-1
-0x1.772526p-2
0x1.207c5cp-7
0x1.50115cp-2
0x1.14287cp-1
-0x1.6ef3d4p-3
0x1.fd256p-4
0x1.9239c8p-3
-0x1.c78b4cp-3
-0x1.0ac51p-2
-0x1.838c06p-2
0x1.b82dc6p-2
0x1.47c048p-3
-0x1.39d068p-4
-0x1.26f11p-5
-0x1.4fc556p-2
0x1.8993c2p-2
-0x1.ab5bc4p-4
-0x1.23f10ap-3
-0x1.82cf62p-2
-0x1.84bc08p-2
-0x1.9914a2p-3
0x1.7fc1cp-3
-0x1.fe12d6p-2
0x1.638914p-5
0x1.a895e8p-9
0x1.ef45e4p-3
-0x1.cfe692p-3
-0x1.ba0f06p-4
-0x1.140b06p-4
-0x1.0a7a4ap-1
0x1.a901bp-3
-0x1.2efdfep-1
0x1.1da0fep-1
-0x1.e459b8p-9
-0x1.a0eb48p-1
-0x1.287dd4p-2
0x1.b32e7cp-5
0x1.24f952p-1
-0x1.c78f28p-2
-0x1.0b7318p-1
0x1.16d31ep-3
-0x1.e704dap-3
-0x1.2c1d52p-3
-0x1.51d268p-2
0x1.00c562p-5
0x1.146c08p-3
0x1.6ebcfp-4
0x1.6ef4d6p-4
0x1.2e921cp-1
0x1.c889f2p-6
0x1.df6244p-4
0x1.1e5034p-2
0x1.016b8ep-5
-0x1.647656p-3
0x1.131deap-2
0x1.4c06eep-2
0x1.7d584cp-3
-0x1.dc3b5ep-3
-0x1.06e928p-2
0x1.5b7fdp-2
0x1.d586a8p-2
-0x1.587202p-3
-0x1.15a9f8p-1
0x1.dc561ep-5
0x1.13fb7ep-2
0x1.1a7b76p-4
0x1.69bdeep-2
0x1.527866p-2
-0x1.ff0368p-4
-0x1.18f254p-3
0x1.79c8dp-2
-0x1.077286p-2
0x1.524208p-3
-0x1.8e3fbp-2
-0x1.0cd38ap-1
-0x1.48757p-2
0x1.0d6a6ap-3
0x1.1c8982p-2
0x1.550dp-2
-0x1.65dbaap-4
0x1.1379ecp-1
0x1.7c61c2p-2
-0x1.1d675p-1
-0x1.c7bafcp-2
0x1.329f94p-1
0x1.bce404p-2
-0x1.a78f5ap-2
-0x1.dd7436p-2
0x1.a3cfa6p-3
0x1.b5f3d6p-2
0x1.c6779ap-3
0x1.e15a1p-2
0x1.e26776p-2
-0x1.456ad4p-2
-0x1.fd3858p-3
0x1.08db98p-1
-0x1.de8cbcp-4
0x1.1e5d76p-2
-0x1.2b3c14p-1
-0x1.b175b4p-2
-0x1.07887cp-1
-0x1.5465fap-4
0x1.038e3ep-2
0x1.b632e8p-2
-0x1.7a2d3p-2
-0x1.e1e704p-6
0x1.0557bcp-2
-0x1.324242p-3
-0x1.bea82p-5
0x1.d21af6p-2
-0x1.63afd4p-3
-0x1.bc1462p-3
-0x1.a8b92ap-2
0x1.6aadb6p-1
0x1.461c5ep-2
-0x1.0cb68ap-7
0x1.0718ccp-2
0x1.a9fb2ep-4
0x1.4f222ep-3
-0x1.7978fap-3
0x1.0cc354p-5
-0x1.3b0872p-3
0x1.7890fap-3
-0x1.540356p-3
-0x1.fd312cp-3
-0x1.00ece8p-1
-0x1.13614cp-4
0x1.76c3e6p-2
0x1.4119d8p-2
-0x1.820066p-2
-0x1.d72bdcp-3
0x1.2c1bbp-3
-0x1.230a5p-4
0x1.f2097p-3
0x1.e830b4p-3
-0x1.227da6p-5
-0x1.55474p-5
-0x1.dc84aep-4
-0x1.fbff5p-4
0x1.3be9aap-2
-0x1.6a95fap-2
0x1.8a91d8p-4
0x1.fbdf6cp-5
-0x1.24578ep-5
0x1.4180acp-2
-0x1.e29efep-3
-0x1.27c554p-4
-0x1.91661cp-3
-0x1.10ee22p-6
0x1.3f268cp-4
-0x1.571bb4p-3
-0x1.12ee18p-2
-0x1.6f922p-2
0x1.d4fb58p-7
0x1.ac8edp-3
-0x1.c6467ap-2
-0x1.23dc1cp-3
-0x1.e1f10cp-3
0x1.2a9ee8p-5
-0x1.1fdea4p-1
0x1.3ffb36p-2
0x1.9ddb12p-1
0x1.cdd96cp-4
0x1.ab37b4p-4
-0x1.1d824ep-1
0x1.6cdafap-2
-0x1.097e5p-3
-0x1.c9fd2ap-2
-0x1.76d28ep-2
-0x1.2d53dcp-2
-0x1.3e57dap-1
0x1.94d1aep-2
-0x1.338486p-2
0x1.f385b6p-3
0x1.7ce642p-2
0x1.d3d3dep-2
0x1.427236p-3
-0x1.12ae82p-2
-0x1.ae0e3p-2
-0x1.756a8p-3
-0x1.1287dap-5
0x1.d4a524p-6
0x1.cf4552p-8
-0x1.b52bfp-4
-0x1.57332ap-4
-0x1.b639p-3
-0x1.72ff02p-4
-0x1.1dd2bap-3
-0x1.abd74p-3
0x1.fa6724p-4
0x1.afb2bcp-2
0x1.0de3eap-2
0x1.0157d2p-2
-0x1.4f0228p-3
-0x1.75f186p-6
0x1.fabc74p-4
-0x1.b59044p-4
0x1.745eecp-3
-0x1.c958a8p-3
-0x1.182e84p-5
-0x1.15e528p-4
-0x1.90d4ccp-7
0x1.bff03p-4
0x1.8406c2p-3
0x1.2b2dc2p-3
-0x1.ed979cp-5
-0x1.4c233ep-5
-0x1.2b294ep-3
-0x1.93a9d8p-3
-0x1.ec3818p-7
0x1.16383ap-4
-0x1.901d2ep-4
-0x1.a014d6p-7
-0x1.4264c8p-5
-0x1.07e23p-4
0x1.ab6p-2
0x1.4621fap-3
0x1.52d56ep-4
-0x1.c40582p-3
-0x1.6a4362p-3
-0x1.7daeaap-4
-0x1.e25f38p-5
0x1.c1ef7ap-5
-0x1.0a0152p-4
0x1.e996f6p-3
0x1.8e4aep-4
-0x1.2b9af6p-3
-0x1.b1b8aap-7
0x1.73b26ep-3
0x1.9fdc0cp-3
0x1.ab372p-3
0x1.b7b94ap-2
-0x1.d1cfccp-4
-0x1.76edbp-2
0x1.65deaap-3
0x1.3eff26p-1
-0x1.078fb8p-2
0x1.28c378p-5
0x1.8434dp-3
0x1.e20fep-4
0x1.179fe8p-2
0x1.98e6ecp-3
0x1.4d844ap-2
-0x1.91c98ep-7
-0x1.5825cep-3
0x1.d3bc28p-2
-0x1.94ce24p-2
-0x1.0e2776p-7
-0x1.498ad6p-3
-0x1.24468p-1
-0x1.6010acp-2
-0x1.a0dc82p-3
0x1.ce8ea8p-3
0x1.1a9d96p-2
-0x1.61393cp-4
-0x1.8c912ap-3
0x1.6e531cp-8
-0x1.266244p-4
-0x1.73b2fap-2
-0x1.8bf488p-2
0x1.1d6ee2p-2
0x1.b4cf5ap-4
-0x1.7faa6ap-6
0x1.99f52ep-4
0x1.22db98p-4
0x1.32f4b4p-2
-0x1.eaf95p-6
0x1.73c40ap-4
-0x1.bf860ap-4
0x1.2d08a6p-5
0x1.9f0b0ep-4
0x1.97e3f2p-4
-0x1.a890fap-3
0x1.3013d8p-3
-0x1.bca434p-2
0x1.af4cbcp-3
-0x1.b97da6p-10
-0x1.020e08p-2
-0x1.b67968p-5
0x1.58c3c6p-3
-0x1.8f929ap-2
0x1.b8584cp-7
0x1.e30e62p-3
0x1.84907ep-2
-0x1.6ba2b2p-4
0x1.536138p-4
0x1.3a5f56p-4
0x1.335ff4p-2
-0x1.0d419p-3
-0x1.d55f58p-4
-0x1.235ffap-2
-0x1.8ce112p-4
-0x1.a2853cp-8
-0x1.6bf77cp-4
-0x1.4cc318p-3
-0x1.41688cp-2
-0x1.3993d8p-3
-0x1.3ef8fep-4
0x1.b7681ap-3
0x1.7e305ep-2
-0x1.c903fep-3
0x1.c0c076p-4
-0x1.b7c3acp-4
-0x1.d34dcp-5
-0x1.8b6fecp-5
0x1.4c8ecap-6
-0x1.3f6b56p-2
-0x1.ac05dp-3
-0x1.00b264p-4
-0x1.27feb6p-2
0x1.954b5cp-5
0x1.e4ffdap-9
0x1.c538ccp-6
0x1.114ap-18
-0x1.280f46p-2
0x1.b3d156p-2
-0x1.6fc786p-2
-0x1.42343p-3
-0x1.76fa3ep-2
-0x1.90e862p-3
-0x1.77586p-4
0x1.2cf816p-7
-0x1.bac854p-3
0x1.f16bb2p-6
-0x1.46ecccp-4
0x1.f59102p-3
-0x1.7098fap-3
-0x1.126b9ap-2
-0x1.69991ep-4
-0x1.7b2746p-4
-0x1.f55328p-5
0x1.d404b4p-3
0x1.afad48p-4
0x1.374918p-4
0x1.9b2132p-3
-0x1.769f66p-4
-0x1.76e9c6p-3
-0x1.832024p-3
0x1.fc3d3p-2
0x1.157f2ep-1
0x1.7c2fe4p-5
0x1.8fc66p-6
0x1.41261p-3
0x1.3fa1c4p-4
-0x1.34535ap-3
-0x1.ce139ap-5
-0x1.3de0b8p-4
0x1.64b5eap-4
-0x1.72929p-2
-0x1.f73aa6p-3
-0x1.220e1p-2
-0x1.7123bcp-3
0x1.20a75p-2
0x1.ba5fa2p-3
-0x1.bf2b88p-2
-0x1.59071cp-2
0x1.adc898p-6
-0x1.540c14p-6
-0x1.0a7ea2p-4
0x1.7d583ep-3
0x1.f2b36ap-5
-0x1.046796p-7
0x1.56c65p-5
0x1.2fe5b4p-2
0x1.d4cc84p-3
-0x1.d0918ep-5
-0x1.9ec19p-7
-0x1.74994ep-5
0x1.f4b20ap-5
-0x1.33e9cep-7
-0x1.770a22p-4
-0x1.621568p-4
0x1.4081eep-5
-0x1.b543e8p-3
-0x1.c2cabap-7
0x1.8f8b36p-5
-0x1.5592e6p-2
0x1.028422p-4
0x1.0f673ep-2
-0x1.3562d6p-2
-0x1.596052p-2
0x1.5cba5p-6
-0x1.7700b6p-3
0x1.043544p-6
0x1.9deb54p-3
-0x1.0f1074p-2
-0x1.f2889cp-5
-0x1.367accp-2
0x1.f6ea9cp-3
0x1.a6a40cp-2
0x1.a0a89ap-2
0x1.9bacfp-3
0x1.c36434p-3
-0x1.5e7854p-5
-0x1.82336ap-3
-0x1.c2a1eap-4
-0x1.b7024ep-4
0x1.9c36bap-3
0x1.8129bp-6
-0x1.670c3p-4
-0x1.4ee096p-7
-0x1.c985cep-2
0x1.3ba21ap-1
0x1.ae232cp-4
-0x1.daceep-2
-0x1.53b852p-2
-0x1.a6c08cp-5
-0x1.0204p-3
-0x1.5e3244p-3
0x1.32d6d4p-2
-0x1.dd644cp-3
-0x1.0963b6p-8
-0x1.107ed8p-2
0x1.de145ep-2
0x1.37bad4p-1
-0x1.722098p-7
0x1.1c56a8p-5
0x1.b17b7ap-4
-0x1.e02528p-4
0x1.1bbcfcp-3
-0x1.b9b196p-5
-0x1.56702cp-7
0x1.8ca7d8p-3
-0x1.a190d8p-4
-0x1.fc31eep-4
-0x1.ce56f4p-6
-0x1.160f9ep-1
0x1.cc8e84p-2
0x1.e38492p-3
-0x1.76e22p-2
-0x1.f7dec4p-3
-0x1.b27426p-7
-0x1.5d804p-5
-0x1.770b46p-6
0x1.6892eap-5
-0x1.5fadf4p-3
0x1.f5bcfcp-11
-0x1.6edd2p-2
0x1.21206cp-3
0x1.bdcffcp-2
0x1.c166fp-4
0x1.e9fa26p-5
0x1.94f4a8p-3
-0x1.e3b24ep-5
0x1.4e05fp-2
-0x1.b0aa34p-5
-0x1.891a5p-3
0x1.6bccfap-4
-0x1.627b9ap-2
-0x1.55357ep-4
0x1.9da47ap-4
-0x1.ad2346p-2
0x1.22c898p-1
0x1.d4aa56p-3
-0x1.deeb72p-2
0x1.5dd6a6p-3
-0x1.184c12p-3
0x1.123e38p-4
-0x1.4bac0ep-5
-0x1.338d28p-3
0x1.89b3ep-5
0x1.9f69f4p-3
0x1.fff1bep-5
-0x1.039p-3
-0x1.45f522p-4
-0x1.e8aabap-3
-0x1.28324cp-2
-0x1.973a84p-5
-0x1.f807b4p-4
0x1.3f64acp-3
-0x1.b4b6c8p-7
0x1.9473e8p-3
-0x1.25d07p-5
0x1.6ea9aap-3
0x1.107098p-2
0x1.e9cd84p-3
0x1.079b9ap-7
-0x1.296ac8p-3
-0x1.c8aedp-3
0x1.0fcd66p-4
0x1.658d12p-3
-0x1.4f4deap-4
-0x1.7bed68p-3
0x1.18053p-5
0x1.086cap-2
0x1.65ea08p-2
0x1.0feaap-8
0x1.ac025ep-5
-0x1.b591bep-4
-0x1.e2230ep-8
-0x1.93cd02p-3
0x1.2a8fa8p-2
0x1.bb7c48p-6
0x1.9d5fc4p-3
0x1.c2f3d8p-4
0x1.c8d92ep-4
-0x1.d805a6p-3
-0x1.1f1e7cp-4
-0x1.6d427ep-4
0x1.845408p-3
0x1.bb5f7cp-6
0x1.bff3b6p-3
0x1.65de3cp-4
-0x1.59a3d8p-4
0x1.d3c0ecp-3
0x1.6a5d0ap-5
-0x1.f3678ap-4
-0x1.b69938p-8
0x1.0641a8p-5
-0x1.26a9ecp-6
-0x1.3a8eb6p-3
-0x1.b7298cp-2
-0x1.82a5b4p-3
-0x1.93b6d2p-2
-0x1.474eb6p-6
0x1.2a36dp-3
0x1.0d3f84p-3
0x1.66422ap-2
-0x1.86e098p-3
0x1.031f6cp-4
0x1.ab3d78p-2
0x1.4e744p-3
0x1.af08c4p-3
-0x1.9e4bd2p-5
-0x1.1295aep-3
0x1.12ac5ap-4
0x1.8e850ap-4
0x1.df106cp-5
0x1.67a9dp-3
0x1.04c5d2p-2
-0x1.6b2f7ep-1
0x1.59b268p-3
0x1.7d522ap-2
0x1.d49bf8p-3
0x1.1bdaep-2
-0x1.534712p-3
-0x1.f13008p-3
0x1.032c42p-4
0x1.6c0a1cp-3
0x1.49489ep-3
-0x1.978d16p-2
0x1.2de6cp-3
-0x1.01aa0ap-4
0x1.f2e08ep-3
0x1.afb7fp-3
-0x1.402ce8p-7
-0x1.8050aap-2
0x1.8bb992p-3
-0x1.f97722p-5
0x1.4d685ep-4
-0x1.d2cfb4p-2
0x1.60c756p-5
-0x1.edd58ep-5
0x1.2392c8p-4
-0x1.f1d4a6p-4
0x1.43d0ccp-1
-0x1.4e0c82p-1
0x1.9e4618p-3
0x1.1245e4p-3
-0x1.e5c674p-2
-0x1.c06c0ep-4
-0x1.581d5ep-9
0x1.d95a1ep-5
-0x1.0d65dcp-2
-0x1.e05a0cp-2
-0x1.546274p-4
-0x1.7e11c8p-3
0x1.4fc9eep-2
0x1.8bc958p-4
0x1.885c64p-2
0x1.bc4deap-3
-0x1.fe1b6p-3
0x1.158bccp-3
0x1.cca7ap-4
-0x1.0bf0fp-6
0x1.4daf84p-2
0x1.9a26d4p-3
-0x1.cef872p-3
0x1.96c06p-4
0x1.85906ep-3
-0x1.1d40dcp-3
-0x1.4b227ep-5
-0x1.8e8c7p-5
-0x1.35d506p-4
0x1.1c71cep-4
0x1.392d34p-7
-0x1.956ffcp-3
0x1.1efdf2p-3
-0x1.063c0ap-3
-0x1.0dfb74p-8
-0x1.e4764ep-3
0x1.c07b8cp-9
0x1.1417c2p-2
0x1.2beec4p-3
0x1.903072p-3
0x1.ae9af8p-4
-0x1.ed72dap-5
0x1.325f86p-2
0x1.7c20fap-3
0x1.33f8c4p-3
-0x1.68d91cp-4
0x1.8cfdaap-4
0x1.28792cp-2
0x1.07721p-3
-0x1.76f9e4p-6
0x1.cf05fcp-3
0x1.b451aap-4
-0x1.34147p-7
-0x1.9c68e8p-4
0x1.f5139ep-5
-0x1.f0c9e4p-4
-0x1.d48c58p-3
0x1.611218p-4
-0x1.ff5daep-4
-0x1.817dc6p-4
-0x1.dd3c62p-4
0x1.93bdeap-6
0x1.128b3ap-2
0x1.52bbe8p-2
0x1.695cbp-4
0x1.8f7a5ep-3
-0x1.0d9578p-5
0x1.68db5cp-5
-0x1.6a92e8p-2
-0x1.5f66d6p-3
-0x1.1f526ep-5
-0x1.fba912p-6
0x1.b3884ap-4
0x1.36f072p-2
0x1.1c263p-3
0x1.fd254p-6
-0x1.311f28p-2
-0x1.140c1p-4
0x1.856edp-4
0x1.3aba02p-4
-0x1.1bd4ccp-3
-0x1.ef9b4p-9
-0x1.a7681p-4
-0x1.35b3a8p-6
0x1.578dbcp-7
0x1.8da98cp-5
0x1.ed96cp-3
0x1.c56fdap-3
-0x1.48adc4p-5
-0x1.1ca16ap-3
-0x1.f7b884p-4
0x1.dc01f4p-4
-0x1.14da86p-3
-0x1.3bc618p-7
0x1.5c9246p-4
0x1.280764p-2
-0x1.78c30ep-7
0x1.0d8952p-4
0x1.834c28p-3
-0x1.96e10ap-7
0x1.a4af7p-5
-0x1.71cf14p-5
0x1.45cfecp-4
-0x1.43e66cp-6
0x1.3dd0f8p-4
-0x1.8d26a2p-5
0x1.4de39ep-4
-0x1.13f62ep-2
0x1.8d6f5ep-6
0x1.da6d1cp-4
-0x1.f9d8fep-7
0x1.0fa774p-2
-0x1.cc8a3cp-4
0x1.8dab82p-2
0x1.e21688p-5
0x1.3a2696p-6
0x1.a34e04p-4
-0x1.7b5cc2p-2
-0x1.249dc4p-3
0x1.885aa8p-4
-0x1.18a55ap-3
-0x1.d79716p-4
0x1.e8fc76p-5
-0x1.6775e4p-5
0x1.bef318p-4
0x1.3670d2p-4
-0x1.a9a8a4p-5
-0x1.339fd4p-3
-0x1.368d1ep-3
-0x1.3430d8p-6
-0x1.661b86p-4
-0x1.31b4eap-7
-0x1.1e909ap-5
-0x1.70be8ap-5
0x1.2138p-2
-0x1.19b984p-5
0x1.c53084p-3
0x1.3477a2p-8
0x1.0f872cp-2
-0x1.ece96p-3
-0x1.2dee72p-4
-0x1.60358ep-3
0x1.cd3ea2p-3
0x1.5aa52cp-5
-0x1.1251ccp-4
-0x1.e7c496p-6
0x1.cf25fap-4
0x1.82de88p-7
0x1.1de686p-2
0x1.989e94p-7
-0x1.567b3ap-4
-0x1.a6e2dcp-5
0x1.41152ap-2
0x1.e138c8p-4
-0x1.2ff7e4p-4
-0x1.1e62eep-4
-0x1.463dbep-2
0x1.5b083cp-4
-0x1.f1c95ep-5
0x1.8ad15ap-3
-0x1.d0a438p-3
0x1.6efc16p-4
0x1.a4d3aap-2
0x1.a89b0cp-2
0x1.3c8754p-3
0x1.523112p-3
-0x1.0d149ep-3
0x1.8f41b4p-3
0x1.b96302p-6
-0x1.ab3738p-3
0x1.70a20ap-5
-0x1.3e3c96p-3
0x1.250a36p-2
0x1.7d4fbcp-2
0x1.1f51ep-3
-0x1.06f386p-3
0x1.20899ap-5
0x1.19d138p-1
0x1.177166p-2
-0x1.db8472p-5
-0x1.746cfcp-3
-0x1.b62f3p-3
0x1.4eed98p-2
0x1.154f24p-4
-0x1.348756p-3
-0x1.97ff8p-3
-0x1.29b51ap-3
0x1.0e8288p-5
0x1.d0dc4ep-3
0x1.6b6682p-4
0x1.a1ddf6p-3
0x1.e324b6p-7
0x1.0f7d3p-1
0x1.dcaf3ep-3
0x1.3010a4p-3
0x1.058c7ep-2
-0x1.dac64ep-3
0x1.8992f2p-3
0x1.f10a96p-4
-0x1.faa516p-8
-0x1.38beb4p-4
-0x1.73d86ep-5
0x1.80cd7cp-2
0x1.8c54a2p-4
0x1.201b7cp-5
-0x1.488922p-5
-0x1.48458cp-3
0x1.998a8p-6
0x1.1b0f9p-3
-0x1.60ef14p-7
-0x1.7235ccp-2
-0x1.ffb8d8p-4
0x1.bfd6d2p-4
0x1.576494p-3
0x1.3a246ap-3
0x1.7e4b4ap-4
-0x1.f084f4p-3
-0x1.3f7f32p-5
0x1.2edb7p-3
-0x1.4c4fd2p-4
0x1.b9b282p-4
0x1.67b4ep-6
-0x1.85e776p-5
-0x1.17fa1p-3
-0x1.f0e95p-3
-0x1.a0dd1ap-4
0x1.918416p-3
0x1.8637c8p-2
0x1.7990b4p-2
-0x1.47bb5ep-4
-0x1.409f2cp-2
-0x1.52eda6p-3
0x1.351bcp-2
-0x1.548e78p-5
-0x1.33ddfep-3
-0x1.32223cp-2
0x1.c9c42ap-4
0x1.8bce9cp-3
0x1.71adc8p-3
0x1.34ffacp-2
0x1.5a583cp-3
-0x1.26654p-2
0x1.53dbfp-2
0x1.42942ap-2
0x1.f409a8p-3
-0x1.7f80b2p-2
-0x1.4bbc1cp-7
0x1.598ecp-4
-0x1.3c3e5p-5
0x1.de4324p-4
-0x1.d8f4d2p-5
0x1.162996p-3
0x1.b499bep-4
-0x1.313d88p-4
-0x1.f7209cp-10
-0x1.f636ccp-6
-0x1.1b635ep-2
0x1.dbf21ep-3
0x1.06e8cp-5
-0x1.303d72p-6
-0x1.450daap-2
0x1.2ecf32p-5
0x1.c13e72p-4
0x1.e5c5aap-3
-0x1.700112p-4
0x1.153bdep-5
-0x1.77462cp-4
0x1.283ff2p-4
0x1.7d131ap-3
0x1.5b2d52p-6
-0x1.bcd708p-2
0x1.08f12p-3
0x1.e8b4eep-4
0x1.83f6a2p-3
-0x1.fed1aep-3
0x1.09ca4cp-2
0x1.2d82f2p-2
0x1.fe431cp-8
-0x1.7ecf7ap-4
0x1.37ff3p-2
-0x1.d15c04p-6
0x1.5a2dbap-5
-0x1.68e99ap-4
0x1.c2caecp-3
0x1.5a1616p-3
0x1.3af8e8p-4
0x1.3aef78p-7
-0x1.37a10ap-5
0x1.58a882p-4
-0x1.9bff9p-3
-0x1.741b2ap-4
-0x1.bd36fap-8
0x1.8207f8p-3
0x1.1a7648p-5
-0x1.12a5dap-4
-0x1.fc7d34p-3
-0x1.67f85cp-3
0x1.6bc82ap-7
-0x1.16445ap-9
-0x1.94b71cp-4
-0x1.0b20d4p-4
-0x1.3b1bc4p-3
0x1.6317cp-4
0x1.053486p-1
-0x1.33eba8p-6
-0x1.a7467p-5
-0x1.d59462p-5
0x1.4aed7ep-5
0x1.41c3eep-6
-0x1.462388p-2
-0x1.16bd4p-2
-0x1.666066p-3
0x1.3c9ebap-4
0x1.3777cp-3
0x1.16d75ap-3
0x1.1600b6p-3
0x1.aff52ep-5
0x1.51bee8p-2
0x1.7d8dbep-4
0x1.c0f4aap-6
-0x1.26384ep-2
-0x1.6e00ep-6
-0x1.236c58p-3
0x1.391fcp-4
0x1.a6353cp-2
-0x1.09dba6p-3
0x1.0b69aap-3
0x1.8f3dc4p-4
0x1.68d8fep-8
0x1.51e0e6p-5
-0x1.b5aaeep-4
-0x1.cf282cp-4
-0x1.513d96p-4
-0x1.042b94p-7
0x1.f36c52p-7
0x1.88ac6cp-4
-0x1.b1cf96p-4
0x1.2d7b9ep-3
0x1.94bebep-3
-0x1.b2c136p-7
0x1.dcdb1cp-4
0x1.630018p-5
-0x1.a03142p-4
-0x1.d39c92p-6
0x1.3bcb3p-5
-0x1.08ace4p-2
0x1.694926p-5
0x1.4cc6dep-3
-0x1.75907cp-5
0x1.30b928p-6
0x1.05bcd6p-9
0x1.120b0ap-6
-0x1.7879eep-2
-0x1.b6f744p-7
0x1.6b2dccp-3
-0x1.75d56p-3
-0x1.e00ca6p-4
0x1.1d848cp-3
0x1.747e3p-6
-0x1.ae8d7cp-6
0x1.bf998ap-6
0x1.7ba8dep-5
0x1.669004p-5
-0x1.2e08e4p-3
-0x1.8cc508p-5
0x1.5118a8p-4
0x1.00e1e6p-3
0x1.953a1p-5
0x1.1429c6p-4
0x1.17aa42p-6
0x1.44603ap-3
0x1.42a2dcp-4
-0x1.27992cp-6
0x1.71131p-3
-0x1.e086b8p-4
-0x1.219c04p-6
-0x1.7aa3ep-3
-0x1.92bac8p-3
0x1.06e91cp-4
0x1.4ceecep-4
0x1.960488p-7
-0x1.9ba8fap-3
-0x1.2402ecp-4
0x1.10ea9cp-2
0x1.9fc0c8p-6
-0x1.c24a9ep-4
-0x1.e1174ep-7
0x1.c614bcp-3
-0x1.eba98cp-3
0x1.188314p-3
0x1.5ae926p-4
-0x1.f384cep-4
0x1.35d046p-4
-0x1.32d652p-3
-0x1.76fef6p-4
-0x1.b3652p-5
-0x1.5e81ap-5
0x1.404fc8p-5
0x1.3c9ddap-2
0x1.9ca69ep-6
0x1.1180f6p-6
0x1.aedcb2p-5
0x1.1d402ap-4
0x1.5199ccp-3
0x1.8a7098p-6
-0x1.431eb6p-4
-0x1.e77058p-2
0x1.396fb4p-3
0x1.451d2p-6
0x1.4f2478p-5
-0x1.ec8c24p-3
0x1.25956ep-3
0x1.c4e86cp-5
0x1.83125p-3
0x1.14fa22p-2
0x1.056246p-5
-0x1.21288cp-1
0x1.530948p-2
0x1.c8deeap-5
0x1.5fd5aap-5
-0x1.6a14e8p-2
-0x1.abe15cp-4
0x1.11e126p-2
0x1.349886p-2
-0x1.ead544p-4
0x1.9bb05ap-3
-0x1.9890a8p-4
-0x1.57ecf6p-2
-0x1.4a001p-2
0x1.c1cc58p-5
0x1.b8a018p-3
0x1.a7b46cp-4
-0x1.c4c45ap-3
-0x1.06964ep-5
-0x1.0f3dap-5
0x1.5534ap-13
-0x1.011b6p-4
-0x1.0d866ep-5
-0x1.7e5da6p-4
0x1.8d8f1ep-3
0x1.171f34p-4
0x1.3dc0f4p-5
0x1.0124c6p-2
-0x1.a00262p-6
-0x1.3da13ap-4
0x1.bbc946p-5
-0x1.1ab9cap-2
-0x1.8dd976p-8
-0x1.3e6f4p-3
0x1.34517cp-6
-0x1.f14c9ap-4
-0x1.096828p-5
0x1.7f79c2p-5
0x1.ed573cp-4
-0x1.7af45ep-2
0x1.3227aep-5
0x1.0385b8p-3
0x1.a56978p-3
-0x1.c2804ep-4
-0x1.97595cp-2
-0x1.502dfep-6
-0x1.506452p-5
-0x1.556056p-4
-0x1.39091ep-4
-0x1.f931aap-3
-0x1.ec78bap-5
-0x1.45d7acp-7
-0x1.11419ep-3
0x1.dd2214p-3
0x1.63c22ap-2
0x1.453b06p-2
0x1.565fdp-3
-0x1.b6c9p-3
-0x1.1e2222p-3
0x1.bd0acep-4
-0x1.52d8b6p-2
-0x1.fc0572p-3
0x1.4270bap-6
-0x1.1a3f74p-9
-0x1.8eef12p-3
-0x1.07a28cp-2
0x1.3ef562p-3
0x1.28a71ep-5
-0x1.9ec232p-3
-0x1.89d954p-2
-0x1.51355ep-3
-0x1.aec5cap-3
-0x1.a3b744p-2
0x1.1b11dep-5
0x1.d0d1cep-3
-0x1.4dddaap-2
-0x1.e61524p-6
-0x1.81a6b2p-3
0x1.2647a8p-1
0x1.cc28dp-2
0x1.c1d08p-3
0x1.20e95ap-2
-0x1.5958d2p-4
-0x1.2ac30cp-3
-0x1.894f88p-2
-0x1.96dd08p-3
-0x1.dfa018p-6
-0x1.9738dp-3
-0x1.9c693p-5
0x1.0e5ba8p-5
0x1.e5dbdap-3
0x1.1da04ep-3
-0x1.8c6e52p-6
0x1.a618c8p-3
0x1.08ffcap-4
0x1.56200ep-5
-0x1.230bf6p-2
0x1.4310dep-3
-0x1.5f585p-3
-0x1.8eb4a8p-4
-0x1.6e249cp-4
0x1.381032p-3
-0x1.31107ap-4
0x1.399dap-5
-0x1.f282d4p-6
0x1.c8aa82p-6
0x1.2506a2p-4
-0x1.f09186p-5
-0x1.04bd4ap-9
0x1.2f7adcp-5
-0x1.97f862p-6
-0x1.e8737ap-3
-0x1.40e6fcp-3
-0x1.12393ep-6
0x1.81b9d4p-4
-0x1.a7c13ep-4
-0x1.b3e7f4p-3
-0x1.156b2ap-3
0x1.c7ac86p-5
0x1.3117bcp-3
-0x1.02e6e6p-3
-0x1.988afap-6
0x1.b97876p-3
-0x1.413888p-2
-0x1.c20f2ap-4
0x1.292abep-5
-0x1.05471ep-2
0x1.f3ee1p-2
0x1.4a8dfp-3
-0x1.93e7ccp-3
-0x1.1790e8p-2
-0x1.22dafap-2
0x1.264c42p-3
0x1.b006a6p-3
0x1.20be1p-3
0x1.af3ap-4
-0x1.5875dep-3
0x1.759106p-3
0x1.d031bap-5
-0x1.591b92p-5
-0x1.0d7b7ap-3
-0x1.08a696p-2
-0x1.e8e226p-5
0x1.e01894p-4
0x1.fda38cp-4
0x1.162998p-3
-0x1.5496cp-5
0x1.60fe8cp-2
0x1.0ff9fcp-4
0x1.6a2ed6p-2
0x1.d489c6p-5
-0x1.e9f2b8p-3
-0x1.5e465cp-8
-0x1.b3e4e6p-8
-0x1.e1940ep-4
0x1.41995p-6
-0x1.6c73cp-2
0x1.eadf46p-5
0x1.d1a8bcp-4
-0x1.9c2924p-8
0x1.dc4958p-10
0x1.b7e0eep-6
-0x1.6997aap-4
0x1.a6f812p-5
0x1.b826dep-3
0x1.ab745p-8
0x1.efa2ep-5
-0x1.3a756cp-4
0x1.7d2bfp-3
0x1.8befa6p-3
0x1.eaefa2p-4
0x1.7b93a8p-4
-0x1.1f1acep-4
-0x1.472ecp-3
0x1.cb64a8p-2
0x1.1550c4p-4
0x1.306882p-4
0x1.0a3bb6p-2
0x1.91c62ap-4
-0x1.629858p-3
-0x1.1a612p-2
0x1.0ef70ap-6
0x1.91aa3ap-3
0x1.0ab132p-1
-0x1.f38e32p-3
0x1.7a4d1ap-3
0x1.5027d6p-2
0x1.5e751cp-1
0x1.2dde08p-2
0x1.f417acp-3
-0x1.4959a4p-2
-0x1.64046ap-2
0x1.4d17ccp-2
0x1.716adp-3
-0x1.04e9a2p-5
-0x1.2a7fap-1
0x1.97a3cp-3
0x1.fa59dap-2
0x1.fb2828p-2
0x1.3e8ecep-5
0x1.7a1c4cp-3
-0x1.a4acfp-2
0x1.511d86p-2
0x1.6e0ceap-3
-0x1.4925dep-4
-0x1.4cd96ep-2
-0x1.baa3a6p-3
0x1.c66092p-3
0x1.ededd8p-3
-0x1.caf558p-5
-0x1.9329b8p-4
-0x1.d7f296p-6
0x1.cbde1p-5
0x1.1d340ep-4
-0x1.274954p-5
-0x1.2ef3d2p-2
-0x1.6297e8p-5
-0x1.09c88ap-4
-0x1.1518a2p-3
-0x1.351b7ep-5
0x1.ba53fap-4
0x1.cb962p-5
0x1.9219bcp-4
-0x1.5eb814p-4
0x1.718f3cp-7
-0x1.b7dadcp-3
-0x1.5537b2p-3
-0x1.740fe4p-6
-0x1.c157d4p-6
0x1.4c7f6ap-3
0x1.55f17p-3
0x1.bd88dp-5
-0x1.0266d4p-5
0x1.5c7bb2p-3
-0x1.93e996p-4
-0x1.14f7d8p-3
0x1.4beae6p-3
0x1.8e2bc8p-7
0x1.1df696p-4
-0x1.19c52cp-7
-0x1.a80452p-3
0x1.08a82ep-2
0x1.230acp-5
-0x1.00671ap-2
-0x1.93734ep-5
-0x1.9e1bfcp-3
0x1.174242p-3
0x1.f508b8p-4
-0x1.c51edap-3
0x1.71d518p-8
0x1.45a824p-4
0x1.e96c3ap-4
-0x1.7d2136p-3
0x1.41dd2p-3
0x1.4a3c9cp-6
-0x1.7b89c2p-4
0x1.c86b5ap-6
0x1.0d8c22p-2
0x1.6ea12cp-4
-0x1.9deb68p-6
0x1.a009fcp-5
-0x1.d90626p-4
0x1.0f3514p-6
-0x1.c8e9bp-7
0x1.e391a8p-4
-0x1.575324p-3
-0x1.783988p-3
-0x1.05b124p-3
-0x1.23258p-5
-0x1.3dd5aep-3
-0x1.046494p-2
0x1.ea9b5ap-4
-0x1.88857cp-4
0x1.2287d2p-4
-0x1.55de56p-5
0x1.bcd622p-5
0x1.52aa98p-4
0x1.f43d8p-4
0x1.9d1c1ap-4
0x1.50c58p-5
-0x1.035a9cp-6
0x1.fa168p-3
-0x1.12029ap-6
-0x1.56c54ap-5
-0x1.fd8ab6p-4
0x1.14294cp-3
-0x1.c2351ap-5
-0x1.2016a2p-6
0x1.56a588p-4
-0x1.e3ed72p-7
0x1.374a62p-3
-0x1.d00fc2p-4
0x1.170708p-5
0x1.0411fep-3
-0x1.ba0a4cp-8
-0x1.aca898p-5
-0x1.1f1da8p-6
0x1.a6ec8p-4
-0x1.50aeep-5
-0x1.d9f814p-6
0x1.2f177ep-4
0x1.53250cp-4
0x1.e6cbb6p-4
0x1.a2d554p-8
-0x1.b74ef2p-4
-0x1.5a6daep-6
-0x1.08ed4ap-6
-0x1.db3334p-5
0x1.2ca7dp-8
-0x1.d0a1d4p-4
-0x1.2ead28p-4
0x1.de743p-4
0x1.38978ap-5
-0x1.d5d286p-4
-0x1.ecfbb6p-7
0x1.b1b452p-3
-0x1.040732p-3
-0x1.34326ap-2
0x1.3718d4p-4
0x1.8cd64p-6
0x1.1aa18cp-3
0x1.6e7b16p-4
-0x1.446606p-3
-0x1.d3bf6cp-2
-0x1.09cc6ap-2
0x1.4e5bep-3
0x1.c43094p-4
-0x1.fd8a6p-4
-0x1.6740d2p-3
-0x1.9c6e1cp-3
0x1.54d8bcp-4
0x1.3646p-4
-0x1.9be316p-6
-0x1.8e7c3cp-3
0x1.789edap-5
-0x1.36064p-5
0x1.4de536p-3
-0x1.b15784p-5
-0x1.3b489p-5
0x1.f6c35ep-5
-0x1.e3901p-7
-0x1.4d0e9cp-3
-0x1.3173f6p-3
0x1.1c7d7cp-4
0x1.5e2f14p-4
0x1.d89ec6p-3
0x1.dbe61p-3
-0x1.fdfdfap-3
0x1.ea2846p-4
-0x1.f5755ep-3
0x1.1841a6p-2
0x1.2403e2p-7
-0x1.ac7ef4p-3
-0x1.f7e622p-4
-0x1.4dbd12p-5
0x1.93dbf8p-5
0x1.91e77ap-4
0x1.e6a72ap-4
0x1.739bb2p-3
0x1.7cb2f6p-4
0x1.20588cp-4
0x1.4cfecap-2
-0x1.737768p-6
-0x1.261306p-3
-0x1.505228p-6
-0x1.5a622p-3
0x1.080d44p-6
-0x1.91a5fep-5
-0x1.14c376p-5
0x1.1fbbdap-4
0x1.c7f3bcp-7
-0x1.9c696ap-4
0x1.b5bcb4p-4
-0x1.cabe04p-4
-0x1.5493e4p-4
0x1.76df52p-3
0x1.b04fbep-3
0x1.2d343cp-4
-0x1.28c8cap-5
-0x1.b87baep-3
-0x1.7e52ep-4
-0x1.9788dcp-2
0x1.9354c2p-3
0x1.93f06p-3
-0x1.eda452p-5
-0x1.78197ep-4
0x1.9ad36cp-3
-0x1.ccca0cp-7
0x1.838014p-3
-0x1.2126c4p-7
-0x1.286252p-3
-0x1.6c807ep-4
-0x1.6e1386p-4
-0x1.f0f8fcp-3
-0x1.73901ap-4
-0x1.c1126ep-3
-0x1.67f582p-5
0x1.e91bc6p-3
0x1.2be4f4p-6
0x1.89f274p-4
0x1.904af8p-5
-0x1.061812p-3
0x1.955b94p-3
0x1.e55456p-8
0x1.d34b9ep-4
0x1.1aa9b8p-4
-0x1.20ad5cp-4
0x1.9ab852p-5
0x1.8635c6p-4
0x1.2158aep-3
-0x1.739af8p-7
0x1.38d3dap-4
0x1.00fd7ap-2
0x1.fa17d4p-5
-0x1.f81a4p-5
-0x1.3b802ap-3
0x1.642866p-3
0x1.334a4ep-4
-0x1.e63308p-9
0x1.c5f4dcp-8
-0x1.ce8d5ep-5
-0x1.99cf6p-3
0x1.6a6efp-6
0x1.05dd6ep-4
0x1.3e95a2p-3
-0x1.4489c2p-7
0x1.026438p-3
0x1.04d06ap-5
-0x1.fff53p-6
0x1.d0a1dcp-5
0x1.2b5eep-4
-0x1.f363a4p-9
0x1.ae6f5ep-4
0x1.32877cp-4
-0x1.33dbdep-4
0x1.c52454p-9
0x1.066dbcp-4
-0x1.b391bep-3
-0x1.1cc3b4p-3
0x1.5e25p-5
0x1.3a9e28p-4
-0x1.0660bap-4
-0x1.0ad4bcp-3
-0x1.bc4b38p-4
-0x1.af84e4p-4
0x1.e879d4p-4
-0x1.247c7cp-3
0x1.e8928p-4
-0x1.7f4a3cp-5
-0x1.ed6e42p-5
0x1.0151fcp-5
-0x1.f616e8p-5
-0x1.089348p-3
-0x1.bd7a28p-3
0x1.9e3718p-4
0x1.460126p-3
-0x1.9708e8p-4
-0x1.23c99ap-8
0x1.074dfep-3
0x1.8f163cp-6
0x1.15c212p-5
0x1.226838p-3
0x1.ee8088p-4
-0x1.538942p-7
0x1.41621ep-3
-0x1.4ed2bcp-5
0x1.a0d7f8p-5
-0x1.871146p-4
0x1.64c366p-5
-0x1.679528p-5
-0x1.11965ap-5
-0x1.f61fdap-5
-0x1.c41044p-3
-0x1.7228b2p-5
0x1.dfe086p-3
0x1.098c9p-4
-0x1.ba0b48p-4
-0x1.6654b6p-6
-0x1.ba5a2p-4
0x1.36a1a2p-4
0x1.0f98b2p-3
-0x1.3bf342p-3
-0x1.283456p-3
-0x1.06d788p-2
-0x1.769f0ap-3
-0x1.aedd7cp-4
0x1.35e926p-3
-0x1.6ef116p-8
0x1.309368p-4
-0x1.4617dp-4
0x1.ccf1cep-6
0x1.fbbbc4p-5
-0x1.a71b5p-6
-0x1.a3022cp-4
0x1.b27404p-5
-0x1.928c9ep-7
0x1.06a8a2p-3
-0x1.d5d5dap-5
-0x1.9636dep-4
0x1.b70ceep-5
0x1.c27854p-5
-0x1.865742p-4
-0x1.9c466p-3
-0x1.83317p-4
0x1.b6973ep-4
0x1.d0c256p-3
-0x1.30ede8p-7
0x1.f4ba9cp-6
0x1.eae1ep-4
-0x1.3dc99ap-2
-0x1.1ffe12p-3
0x1.624334p-4
0x1.65311p-4
-0x1.460dd4p-5
0x1.894f44p-5
-0x1.4af926p-3
0x1.83c944p-6
0x1.513916p-5
-0x1.83ac0ap-4
0x1.993c5p-5
-0x1.586908p-4
0x1.a11918p-5
0x1.5b8d4cp-5
-0x1.f5a16ep-8
0x1.4d7b9cp-3
-0x1.073d9ep-3
-0x1.fa75d4p-4
-0x1.544954p-7
-0x1.0f7a14p-6
-0x1.cbf824p-6
0x1.f5dd8ep-4
-0x1.139988p-3
0x1.1633b6p-3
0x1.2d923ep-5
0x1.74812ep-4
-0x1.32c32ap-7
0x1.b12306p-3
-0x1.2ae47ep-3
-0x1.b4cc6cp-4
0x1.370b9ap-5
-0x1.83a0c6p-6
-0x1.b6f138p-5
0x1.3bc4bap-4
-0x1.dc10f8p-6
-0x1.b11816p-5
-0x1.d65c58p-3
-0x1.e9677cp-12
0x1.dc7466p-3
0x1.a7c326p-4
0x1.522424p-3
0x1.5d1c8ap-8
0x1.fdae54p-8
-0x1.1b2a1ep-4
-0x1.dd2cfcp-11
0x1.c655e8p-6
0x1.6f8076p-5
0x1.5e44c6p-4
0x1.90f6f2p-4
0x1.4aa7b6p-2
-0x1.11b30ep-5
0x1.986aecp-6
0x1.dcc262p-6
0x1.20cc3ap-4
-0x1.ec8b94p-4
-0x1.30537cp-5
-0x1.22c3d2p-2
0x1.859c6ep-4
-0x1.7eba0ep-5
-0x1.7539e4p-5
-0x1.458426p-4
-0x1.b634b6p-3
-0x1.e4792cp-4
0x1.4634c2p-2
0x1.0083aep-5
0x1.69a224p-2
0x1.c0626ap-3
-0x1.7f97b8p-4
0x1.43ef9ep-10
-0x1.2f4c5ap-5
-0x1.3dfaf6p-4
-0x1.04be08p-6
0x1.7af7a2p-6
-0x1.79401p-4
0x1.87b7a6p-2
-0x1.3d33cap-3
-0x1.16d66cp-4
-0x1.d03e72p-3
0x1.2f5abap-5
-0x1.8a9394p-4
-0x1.50c7c4p-3
-0x1.6d4f08p-3
0x1.5711e8p-3
0x1.27cc8ap-3
-0x1.2900ap-8
-0x1.21c2fap-6
-0x1.dd146ap-3
-0x1.c5062p-3
0x1.4d26f6p-3
0x1.0958cp-5
0x1.50f982p-2
0x1.d7a2aap-5
-0x1.c5ec1p-3
-0x1.1ca57p-3
0x1.481baep-4
0x1.ae4fa4p-7
-0x1.32b8a6p-3
-0x1.1e73ep-4
-0x1.ea7ea6p-6
0x1.bcc38p-2
-0x1.14deb8p-4
-0x1.7d8c7cp-6
-0x1.3363a6p-7
0x1.7269e6p-4
0x1.54155ep-4
-0x1.eb70acp-4
-0x1.071efep-4
-0x1.6ccf68p-5
0x1.0025bap-4
-0x1.ff36dap-4
-0x1.62de5p-5
-0x1.6d63c4p-3
-0x1.e84b3ap-3
0x1.3cc10ep-4
0x1.fdc9ccp-3
-0x1.93e092p-6
0x1.3d03cep-2
-0x1.00a67cp-4
0x1.fa1f1cp-5
-0x1.44d91cp-5
-0x1.25c93cp-5
-0x1.993156p-6
-0x1.ba8138p-3
-0x1.974ff4p-7
0x1.0870dap-1
-0x1.117286p-8
-0x1.0c9876p-5
-0x1.64828ap-2
-0x1.1915bp-4
0x1.453e38p-4
-0x1.dbc7fep-2
-0x1.3d1d6ep-6
0x1.3562ccp-2
0x1.64a2dp-4
0x1.160e7p-3
-0x1.38a2dap-2
-0x1.581696p-3
-0x1.ba3fd2p-6
0x1.c0ea3ep-4
-0x1.4dcf42p-4
0x1.07353ap-5
-0x1.39e08ap-2
0x1.16eep-2
-0x1.0f17b4p-2
0x1.e9b3fep-3
0x1.04e398p-2
0x1.673a14p-3
0x1.3fee9cp-3
0x1.e28e4ep-5
-0x1.51a84ep-4
0x1.26b5fap-4
0x1.eed358p-6
-0x1.3c1cfp-2
-0x1.c27796p-5
-0x1.892c28p-5
-0x1.dab036p-6
-0x1.06939ep-4
-0x1.10043ep-3
-0x1.a986acp-4
-0x1.3697a2p-3
0x1.2a55a8p-4
0x1.d26304p-6
0x1.492ab2p-2
-0x1.37f67ap-4
-0x1.216e1ap-5
-0x1.bf7e1ap-4
0x1.6db8f2p-6
0x1.317e08p-3
0x1.520d18p-3
0x1.3501ecp-3
-0x1.8d5c2ap-3
-0x1.17b24ep-6
-0x1.7b2e02p-3
0x1.3b102p-3
-0x1.f1354ap-4
-0x1.4c87f4p-5
0x1.7526d4p-3
0x1.32defp-6
-0x1.816cb6p-3
-0x1.c92fd4p-4
0x1.6e271ap-5
0x1.ad3faap-5
0x1.802652p-5
0x1.720892p-5
0x1.02c6acp-4
0x1.b81e78p-7
0x1.d6f7dp-5
0x1.42d1fap-5
0x1.b560c4p-3
-0x1.ddafdcp-8
0x1.9fcaa2p-3
0x1.55eebcp-2
0x1.34454ep-7
-0x1.9d731cp-3
-0x1.c921bcp-3
-0x1.2c6562p-4
0x1.c43272p-5
-0x1.19f756p-6
0x1.648a9ap-6
0x1.68403cp-3
0x1.1ba1d8p-3
0x1.cb235p-4
0x1.ec4e92p-4
0x1.73da7p-3
0x1.4f6a6ep-5
0x1.4eacf4p-3
0x1.e930c4p-5
-0x1.4c673ap-3
-0x1.174c7ap-2
-0x1.9d9824p-4
0x1.360366p-3
0x1.c2f838p-4
-0x1.9b1126p-7
0x1.deb328p-4
0x1.21c39ap-3
-0x1.002616p-3
0x1.ab1496p-3
-0x1.c293e4p-4
-0x1.00d274p-4
-0x1.30aa64p-8
-0x1.13eb9ap-3
-0x1.50d9a2p-5
-0x1.996ed8p-4
0x1.b1028ep-4
0x1.5dc4b4p-5
-0x1.7c1188p-3
0x1.eb6baep-4
0x1.7f0bd2p-3
0x1.b081ap-9
-0x1.ff7bcep-7
0x1.505fb6p-3
-0x1.3344cp-4
-0x1.8c208p-3
-0x1.1d10f2p-3
-0x1.0f9b04p-3
-0x1.63f786p-4
0x1.11ac78p-4
0x1.7c2d78p-6
-0x1.7b8196p-9
-0x1.94ed56p-7
-0x1.ec5bfcp-7
0x1.c1b5ep-4
0x1.6a232ap-5
0x1.69e602p-3
-0x1.a5fafap-3
0x1.3dd49p-6
-0x1.ff04f8p-9
-0x1.b4b042p-4
-0x1.c3df1cp-5
-0x1.099f92p-6
-0x1.95fa62p-2
-0x1.1cb786p-5
0x1.695c1cp-4
-0x1.413f3ap-5
-0x1.3dd348p-6
0x1.42617p-2
0x1.9b4fe6p-3
-0x1.a0d5eep-3
-0x1.299c0ap-4
-0x1.308dc4p-6
-0x1.7886ap-6
0x1.0e0ec8p-4
0x1.f4468cp-6
-0x1.a82dcp-4
0x1.33d95ep-3
0x1.04aecp-2
0x1.bd164ap-5
-0x1.c55fb2p-3
0x1.c37764p-3
-0x1.830d2ap-2
-0x1.13297cp-4
-0x1.6afd0ep-3
-0x1.0ed8f4p-3
-0x1.a13f3ap-3
0x1.8bf574p-3
0x1.616d08p-6
0x1.dd1328p-2
0x1.3eb404p-2
-0x1.0f183cp-3
-0x1.30b08p-3
0x1.ef5932p-5
0x1.66dc2ap-2
-0x1.1291a4p-2
-0x1.5ac894p-4
-0x1.b013f6p-6
0x1.d82e0ep-5
0x1.f3563ap-2
-0x1.df708cp-4
0x1.353bbp-10
-0x1.863b8ap-4
0x1.0712d8p-4
0x1.17333ep-2
-0x1.caada2p-3
-0x1.3e98b4p-5
-0x1.021064p-2
-0x1.806f32p-3
-0x1.47f372p-4
0x1.a3903cp-6
0x1.06d4p-3
0x1.be0fa6p-6
-0x1.15fd4ep-6
0x1.dfb98ep-3
0x1.645578p-2
0x1.e09c0ep-5
-0x1.e7fbcap-2
0x1.9d9fap-3
0x1.1978eep-5
0x1.c7becap-4
0x1.fc482ep-8
-0x1.8e63fcp-2
0x1.0cf64ap-4
-0x1.fb0b38p-6
0x1.487504p-3
0x1.65e9bcp-3
0x1.f1787cp-4
-0x1.6fc634p-3
0x1.b69f78p-3
-0x1.6a3f9p-2
0x1.385a96p-4
-0x1.09f50ep-2
-0x1.8e51dcp-2
-0x1.4a5c2cp-3
0x1.20ef38p-6
0x1.62d6dp-2
0x1.a9bedcp-4
-0x1.661b48p-4
0x1.fc4f3cp-3
0x1.2fb026p-2
-0x1.1ee754p-4
-0x1.c43ad6p-3
0x1.0e45bap-3
0x1.df97bap-13
-0x1.307c2ap-2
-0x1.ef5d9cp-6
0x1.17dd54p-2
0x1.1d4f5cp-3
0x1.e7bd7p-4
0x1.b040f6p-3
0x1.099744p-2
0x1.d63814p-3
-0x1.c18c3ep-3
0x1.68ff18p-2
0x1.4d4546p-3
0x1.4dfa1ap-3
-0x1.51ba8p-4
-0x1.ca8988p-3
-0x1.55f2d8p-5
-0x1.a78e9ep-7
0x1.fefd4cp-6
-0x1.6ccaa6p-6
-0x1.535e9ap-3
0x1.f35886p-4
0x1.237edp-2
-0x1.7fd05cp-5
-0x1.031bacp-3
0x1.7e2816p-4
0x1.2b99e6p-3
0x1.4794aep-6
0x1.0f68a2p-6
-0x1.b43cfcp-4
0x1.ca4c6ap-3
0x1.0ed172p-4
0x1.4cbbe4p-6
0x1.641bc4p-3
0x1.1a6174p-4
-0x1.00fa7p-5
0x1.b5a2e6p-5
0x1.db19ccp-5
0x1.07e0d2p-8
-0x1.602d7cp-6
0x1.e3fe18p-10
-0x1.4ec3dp-2
0x1.9d2618p-6
0x1.176c38p-3
0x1.4cd434p-3
-0x1.0a761ap-2
-0x1.40e968p-6
0x1.66cf1cp-3
-0x1.74c90cp-4
-0x1.39a58cp-4
0x1.1cb01cp-2
0x1.19dc26p-3
-0x1.ab41fcp-3
-0x1.224c48p-3
0x1.c396b8p-5
-0x1.88212cp-3
0x1.09f4c4p-3
0x1.86642cp-2
-0x1.734348p-3
-0x1.aa6adp-2
-0x1.26504p-2
-0x1.29cab2p-4
0x1.43967p-8
0x1.01328cp-2
0x1.349c74p-5
-0x1.0fb51ap-6
-0x1.5f70acp-6
-0x1.35c708p-4
0x1.828c6ap-3
0x1.dc01ap-4
0x1.bd432p-5
-0x1.0e2bb4p-3
0x1.e91bfcp-6
0x1.0bb89p-7
-0x1.5e2678p-3
0x1.881498p-6
0x1.ea421ep-5
-0x1.25cf46p-2
0x1.32173p-4
-0x1.7ec322p-3
-0x1.973c0ep-5
0x1.0e4f6p-4
0x1.e28ccap-2
-0x1.351848p-3
-0x1.932c68p-3
-0x1.495a94p-3
-0x1.5b5602p-9
-0x1.8f2802p-4
-0x1.1dcefep-4
0x1.8e555p-4
0x1.3e07f2p-5
-0x1.3ad056p-5
-0x1.188cf4p-3
0x1.c47548p-8
0x1.6bb14ep-5
-0x1.036bdep-4
0x1.29f06ap-3
0x1.d864bp-4
-0x1.205f2ep-5
-0x1.00d092p-2
0x1.c74f1p-4
0x1.b1f138p-5
-0x1.c25dd8p-3
-0x1.5c56e8p-3
-0x1.bffb66p-4
0x1.9f3efap-4
0x1.0ef03ap-2
0x1.54240cp-4
0x1.e8d5eap-3
-0x1.2da82ep-2
-0x1.005ebcp-2
-0x1.45732cp-4
-0x1.16c228p-2
0x1.47886p-3
-0x1.e778f8p-3
0x1.c47edcp-3
-0x1.b51b0cp-4
-0x1.11adp-4
0x1.a2dcf8p-5
0x1.5ba3bap-3
0x1.ce8b2ep-5
0x1.9e4092p-9
0x1.ccfb1ep-3
-0x1.04c2bep-2
-0x1.ac352ap-3
-0x1.91ad92p-5
0x1.879b98p-4
-0x1.0c4616p-3
-0x1.704936p-3
0x1.3cd468p-4
0x1.c901bep-4
0x1.be59ep-2
0x1.f19ea2p-3
-0x1.93ecdep-4
-0x1.8d330ep-5
0x1.1568fp-4
0x1.4c514p-4
-0x1.66b856p-3
0x1.ad3f64p-4
-0x1.cba588p-5
-0x1.212e1ap-3
0x1.26dfa6p-6
-0x1.04007ap-3
0x1.ea4d74p-5
-0x1.21b758p-5
0x1.f4516ap-6
-0x1.0c0716p-6
0x1.33ec86p-4
-0x1.91566ap-5
0x1.d0938cp-3
0x1.5e0ae2p-4
-0x1.4e4164p-6
-0x1.26b69ep-4
-0x1.db2476p-3
0x1.03548p-3
-0x1.2537dp-4
0x1.a764bep-3
0x1.02c70cp-2
0x1.37307ep-6
-0x1.c2c398p-5
0x1.c9c3acp-6
0x1.5c9a38p-3
0x1.afb07cp-7
0x1.1d213cp-2
-0x1.6c0b46p-4
-0x1.daf876p-7
0x1.90127ep-5
0x1.52954cp-4
0x1.e89bd2p-3
0x1.17429p-3
-0x1.a52d1ep-7
-0x1.214d04p-4
-0x1.12b12ap-5
-0x1.32a2bcp-2
-0x1.1566bap-3
0x1.17e594p-4
-0x1.4ea20ep-3
-0x1.4749dap-4
-0x1.1a7fc2p-4
-0x1.a5d94ap-4
0x1.b09028p-4
-0x1.619934p-5
0x1.7dd162p-6
0x1.fd725cp-5
-0x1.22634ap-3
0x1.54bdcap-4
0x1.92d22ap-4
-0x1.ca3be6p-3
-0x1.a8a87ep-5
0x1.44e34p-4
-0x1.00a7a6p-4
-0x1.3ccad6p-7
-0x1.10e27ap-2
0x1.b591dp-4
-0x1.d1e0e8p-3
0x1.a60856p-3
-0x1.d87c2p-4
0x1.09f2bcp-7
-0x1.e36dd4p-6
-0x1.6b0922p-5
0x1.b559bp-6
-0x1.67395ep-2
0x1.9db3dep-3
-0x1.2c5f7cp-3
-0x1.967556p-3
-0x1.e8112cp-5
0x1.2d2e8cp-3
-0x1.a68b2cp-4
0x1.31da9ap-2
-0x1.b43ee2p-3
0x1.c2c4dep-4
0x1.52d07p-4
0x1.28a10cp-4
0x1.0caffp-5
-0x1.a17f36p-3
0x1.96e934p-3
0x1.0c1184p-4
0x1.703fdp-4
-0x1.7c5dfp-4
0x1.f34b2ap-3
0x1.6cbcdp-3
-0x1.c3daa6p-7
-0x1.e62c96p-4
-0x1.33d8f6p-3
-0x1.8b38bep-3
-0x1.8ef2c4p-4
-0x1.ab2a4ap-3
0x1.0e095p-4
0x1.80b624p-5
-0x1.2a605ap-3
-0x1.c34498p-4
-0x1.9f906ap-9
-0x1.4e56ecp-7
-0x1.9efe08p-5
-0x1.d98a5cp-3
-0x1.350d0ap-2
-0x1.951a7ep-4
0x1.0efd2cp-4
-0x1.06fe6cp-7
0x1.6ab17cp-4
0x1.718e24p-4
-0x1.f7801cp-5
-0x1.b16e98p-3
0x1.ae47cap-4
-0x1.25d4e8p-3
0x1.bc3646p-3
-0x1.14b74ep-1
-0x1.f39522p-5
0x1.7ad07ep-4
0x1.1845bcp-2
-0x1.c77a9p-4
0x1.545702p-3
0x1.11e522p-3
0x1.cee11cp-3
-0x1.0bd7dep-3
-0x1.a7b878p-4
-0x1.10bd0ap-3
0x1.2f33ap-4
0x1.7fa714p-4
0x1.447e0ap-3
0x1.32e27ap-4
-0x1.6c673p-7
-0x1.2a08fcp-4
-0x1.e91f62p-6
0x1.9c8ec2p-3
0x1.552134p-2
-0x1.7fdd42p-5
0x1.c29066p-4
0x1.e0358cp-3
-0x1.7e407p-2
-0x1.4924bp-4
-0x1.1cb556p-2
-0x1.13de42p-4
0x1.c7a77ap-3
0x1.6c41cap-2
-0x1.5dc814p-4
0x1.91b6ap-4
0x1.edad2ep-4
0x1.9ba1f8p-4
-0x1.28058p-2
-0x1.eaa42ep-3
-0x1.4d9702p-2
-0x1.f53f3ap-5
-0x1.08a53ap-5
0x1.724c3p-2
-0x1.fa5b82p-4
-0x1.21853cp-2
-0x1.e67384p-5
0x1.9c43bap-4
0x1.321062p-3
0x1.4333fp-2
-0x1.235b5cp-6
-0x1.fee7dp-4
-0x1.00ef28p-4
-0x1.efb232p-4
0x1.a7d72cp-5
-0x1.62aef2p-2
0x1.7e8ff6p-7
0x1.c3fe0ap-5
0x1.ebfa32p-3
-0x1.6a19fep-6
0x1.b43d0ep-4
-0x1.27b2dcp-3
0x1.fc8606p-3
-0x1.7986fp-3
-0x1.f16574p-4
-0x1.ac0c56p-3
-0x1.80458cp-3
0x1.bc7a36p-5
0x1.630318p-8
-0x1.8c5f4ap-5
-0x1.5fb9eep-4
-0x1.66bbacp-3
-0x1.bcdcd6p-3
0x1.94cad4p-4
0x1.58ec3cp-3
0x1.e6a86ep-5
0x1.393a6ap-5
-0x1.a3551p-3
-0x1.71eca2p-4
-0x1.e3b3ccp-5
-0x1.23cf8p-3
-0x1.9e9acep-9
0x1.33f414p-2
-0x1.208646p-8
-0x1.31465cp-4
-0x1.08c406p-5
-0x1.12a89ap-7
0x1.6d3af8p-4
0x1.4a675cp-7
-0x1.1b9baep-4
-0x1.20553ap-3
-0x1.7d1d1ap-3
0x1.3268bp-4
0x1.c097d6p-7
0x1.db8eeap-2
0x1.cea70cp-4
0x1.bdca72p-7
-0x1.c99556p-7
0x1.b40a18p-3
0x1.e34d1cp-3
-0x1.30ab5ep-4
0x1.0a94d2p-7
-0x1.017e72p-3
0x1.1a5c02p-2
-0x1.8df09ep-3
-0x1.a4918ep-4
0x1.433facp-3
0x1.79f9d4p-3
0x1.79af18p-3
0x1.62b41ap-8
0x1.3a72ap-4
-0x1.f6b6ap-4
0x1.2b98fep-3
0x1.352f72p-3
-0x1.8f805ep-3
-0x1.104ecp-2
0x1.225accp-6
-0x1.9cb8b2p-2
-0x1.0d49eep-2
-0x1.4986f4p-2
-0x1.6885dcp-4
0x1.2b77e4p-3
0x1.03ee06p-2
0x1.91faf8p-3
0x1.76513cp-3
-0x1.5ca4a6p-3
0x1.94c0f6p-6
0x1.346508p-4
-0x1.198fa2p-2
-0x1.244a9cp-8
-0x1.de8a4ep-4
-0x1.3e7d5ep-5
0x1.57630ap-3
0x1.fe279ap-5
-0x1.df284ap-5
0x1.e946a6p-4
-0x1.cbee68p-5
0x1.62eadp-4
-0x1.59f536p-2
0x1.be8dfp-9
0x1.b4dc7ap-4
0x1.43cdacp-5
-0x1.682e46p-9
0x1.2bcb66p-3
-0x1.80923p-3
0x1.20d79cp-4
-0x1.1d235ap-2
-0x1.d4049ap-5
-0x1.28c294p-4
0x1.818a1p-3
-0x1.3b2f9ep-3
0x1.c76a14p-5
-0x1.342a36p-3
0x1.d786a8p-4
-0x1.29b656p-3
-0x1.9a404ap-6
0x1.bb91dp-4
-0x1.307cf6p-4
0x1.dac2dp-3
-0x1.f1ed48p-6
-0x1.368fbcp-4
-0x1.9eab42p-4
0x1.df14e2p-3
-0x1.4d1ec4p-7
0x1.3daa7cp-7
0x1.01014ap-3
-0x1.e95454p-3
0x1.0416b8p-4
0x1.9fd04cp-3
-0x1.3d0da8p-5
0x1.86475p-3
0x1.1bd6cap-5
-0x1.c9c49p-3
-0x1.46bdb2p-7
0x1.e1fecap-5
-0x1.247712p-2
-0x1.f7cdacp-3
-0x1.9c5acp-4
0x1.1c2038p-3
-0x1.2997ecp-3
-0x1.8a53bp-5
0x1.ae1772p-11
0x1.c2302ap-3
-0x1.101992p-4
-0x1.8a2188p-5
-0x1.330542p-5
0x1.cfe50ep-5
-0x1.be54e8p-5
0x1.83959ep-4
0x1.304092p-4
0x1.9e36dp-5
0x1.264272p-4
-0x1.5157bp-14
0x1.0139dp-3
-0x1.abc32cp-3
-0x1.28dd3ap-5
0x1.f65caep-3
-0x1.15b3c4p-1
0x1.a52ddep-3
0x1.7718fep-3
-0x1.320ddep-3
-0x1.1e2deep-3
-0x1.cd28aap-5
-0x1.8af734p-5
0x1.066d7ep-8
0x1.8517c6p-3
-0x1.e8c6d2p-6
-0x1.3f6092p-3
-0x1.299d96p-4
-0x1.26fa8cp-5
0x1.cf73e4p-6
-0x1.7b565cp-4
-0x1.da8288p-4
-0x1.48c622p-3
0x1.1eb3e8p-4
-0x1.2b50ap-2
0x1.1d91f2p-2
0x1.2e8012p-4
-0x1.73aab8p-4
0x1.6778ccp-2
0x1.6580a8p-3
0x1.942dbp-4
0x1.5cc43ap-1
0x1.d325eep-5
-0x1.36f1cep-4
0x1.924ffep-3
0x1.c70684p-4
0x1.0ec576p-5
0x1.b92b7cp-5
0x1.773bep-2
-0x1.1b507ap-6
0x1.dda084p-4
-0x1.17b44p-6
0x1.4c0388p-14
-0x1.32d8bep-3
-0x1.357dfcp-6
0x1.138dd8p-2
0x1.de9c7cp-3
0x1.cca8ap-5
0x1.761d3ep-4
0x1.738d1p-4
-0x1.686accp-4
-0x1.45770cp-3
-0x1.04888ep-5
-0x1.42cac2p-5
0x1.d1f6dap-5
-0x1.411f6p-4
-0x1.3f99f8p-2
0x1.4ed2d6p-5
-0x1.98cf5ap-4
-0x1.89903ap-3
-0x1.897d82p-4
-0x1.857e48p-5
-0x1.13e8a4p-2
-0x1.867cc2p-2
-0x1.b6eb06p-3
-0x1.b1ae4p-6
0x1.41671p-6
0x1.1f6c98p-4
0x1.f76432p-4
0x1.51d22cp-3
-0x1.8195e6p-9
0x1.6777b2p-6
0x1.03fd3cp-6
0x1.173deep-3
0x1.033bf8p-8
0x1.3722b4p-4
-0x1.00cdeep-5
-0x1.d70c44p-5
-0x1.e150f6p-4
0x1.34ae4p-4
0x1.d2055ep-3
-0x1.4c204cp-2
0x1.3e374ap-4
0x1.0afc96p-9
-0x1.b34482p-3
-0x1.084876p-3
0x1.4b681ep-5
0x1.8d7b16p-4
-0x1.056d8ap-2
-0x1.1829ap-14
-0x1.2685ccp-16
0x1.596c74p-14
-0x1.217638p-16
0x1.c775dcp-15
-0x1.aef86ep-13
0x1.13fa5cp-14
0x1.4d1daep-18
0x1.31d242p-14
0x1.8ac9cep-16
0x1.a40bbp-13
-0x1.feff08p-13
0x1.8bcf66p-16
0x1.fd3d3ep-16
0x1.916a5p-13
-0x1.9671c2p-14
-0x1.3f053ep-15
0x1.324f1ap-12
-0x1.a18ee4p-13
-0x1.a92f02p-16
0x1.bf135p-15
0x1.cef796p-13
0x1.27a5fcp-16
0x1.8acfcap-16
0x1.0264f6p-14
0x1.f09c96p-16
-0x1.6fcd3ap-14
0x1.58af8ep-13
-0x1.01848ep-13
-0x1.16fb02p-17
-0x1.e32f3p-13
-0x1.059266p-16
0x1.d4e916p-17
-0x1.1e51a6p-16
0x1.6b17b2p-16
0x1.46ce4cp-13
-0x1.fee882p-14
-0x1.49e4bp-15
-0x1.ef8c74p-15
-0x1.07ca58p-15
0x1.13e22ap-13
-0x1.658adp-16
0x1.986fd8p-18
-0x1.fc8418p-16
-0x1.596682p-12
-0x1.6c508cp-13
-0x1.2a287cp-12
-0x1.5b0daep-13
-0x1.8ef658p-15
0x1.04a7d6p-15
-0x1.88831p-15
0x1.3ca9bp-15
-0x1.c2e696p-14
0x1.81e372p-16
0x1.b344e8p-15
-0x1.576446p-13
-0x1.1bad8ap-15
-0x1.1431f4p-14
0x1.a1e324p-14
-0x1.0bd7d2p-16
0x1.fb45bep-18
-0x1.8963ccp-15
-0x1.c6cad4p-13
-0x1.659576p-16
-0x1.007954p-12
-0x1.57462p-14
0x1.1a0552p-15
-0x1.730806p-15
0x1.de7fap-16
-0x1.b39464p-16
0x1.1e624ep-15
0x1.21f0aep-14
-0x1.0d6818p-14
0x1.dff0ap-16
-0x1.5d73a6p-14
0x1.21a0d4p-14
-0x1.5c0c52p-16
0x1.203c3ep-14
0x1.0fb068p-13
-0x1.7464bep-16
0x1.cddefp-14
0x1.24b006p-13
-0x1.ad0a8cp-15
0x1.89c5cap-13
-0x1.69a206p-14
-0x1.85f9d4p-15
-0x1.63ac4p-15
-0x1.4541bp-14
0x1.a7cee6p-14
-0x1.39f93ep-14
-0x1.445ac2p-13
0x1.1313eep-14
-0x1.8a12e4p-15
0x1.0fa4ap-13
0x1.fc962cp-15
0x1.2cffa6p-13
0x1.4512e2p-15
-0x1.ce8de6p-16
-0x1.12ecdep-15
0x1.4aa5cep-14
0x1.00bc9ap-13
0x1.365308p-17
0x1.a9630cp-15
-0x1.c6e58p-14
-0x1.d5ef1ap-16
-0x1.e58eb4p-14
-0x1.1e6c3ap-15
0x1.000bbcp-13
0x1.ccfcc4p-15
-0x1.0c7816p-13
0x1.3c4c5cp-13
-0x1.ab4f5cp-14
-0x1.3712e4p-17
-0x1.d78eep-18
-0x1.afb69p-15
0x1.0d9c7cp-12
-0x1.2adeb2p-14
-0x1.035f02p-12
-0x1.d8edc2p-14
0x1.04ca0cp-14
0x1.2bebecp-12
-0x1.76fe02p-16
0x1.4ad7fap-13
-0x1.4d763ap-14
0x1.440ae6p-18
-0x1.7a59eep-15
0x1.a5341ap-18
-0x1.4043cep-14
0x1.bf2cb2p-13
0x1.d120a6p-14
0x1.2c0e54p-14
0x1.54f806p-14
-0x1.37c4c4p-13
0x1.e40dfep-15
0x1.c4f62cp-14
0x1.30ac8ep-17
0x1.8de2f8p-13
0x1.2088bp-12
0x1.cf4a96p-14
0x1.72f9c2p-14
0x1.d39f3ep-14
-0x1.486fc2p-13
0x1.cbfbc4p-15
0x1.5463b6p-13
0x1.49564p-14
-0x1.e345fep-15
-0x1.dc27e2p-14
-0x1.473d6ep-12
-0x1.724f3ap-14
-0x1.caa896p-16
-0x1.99be86p-15
-0x1.c11a68p-16
0x1.79cc6p-14
0x1.25e68p-14
-0x1.0d1ba2p-14
0x1.c94c86p-15
-0x1.ee95e8p-14
0x1.48fc8ap-13
0x1.cdc68ep-17
0x1.44b656p-12
-0x1.0d4df8p-18
0x1.3dc70ap-15
0x1.10d6d8p-13
-0x1.3a03bap-14
-0x1.df06cep-13
0x1.8d4738p-15
-0x1.2bf0f8p-16
-0x1.082b1cp-17
-0x1.2c0214p-12
0x1.46007ap-14
0x1.55c7ecp-16
-0x1.fcd7d6p-16
0x1.757c7ap-13
0x1.2fab62p-17
0x1.393d48p-14
-0x1.14628ep-16
-0x1.97f7a2p-15
0x1.5d5828p-14
0x1.87ea3cp-15
-0x1.5c7d9cp-14
0x1.ee3766p-14
0x1.57b602p-15
-0x1.24e4d2p-13
-0x1.fc41cep-13
-0x1.320d0cp-15
0x1.cd23eep-14
0x1.fc5b86p-13
-0x1.ee3982p-13
-0x1.76989p-17
0x1.35dcd6p-14
0x1.28e072p-14
0x1.3e7602p-14
-0x1.64d9d8p-14
-0x1.48dc04p-13
-0x1.ae9642p-15
0x1.2f3114p-13
-0x1.1597cap-19
-0x1.7ecb24p-15
0x1.ffe0f6p-16
-0x1.c819fep-16
-0x1.9e3b22p-14
-0x1.4888cap-14
0x1.104714p-18
-0x1.8670c2p-15
-0x1.48a12ep-13
-0x1.485cbcp-16
0x1.3617a8p-12
-0x1.37f5ap-15
-0x1.a4c3fap-12
0x1.33c794p-15
0x1.366188p-16
-0x1.dfed84p-16
-0x1.103cc2p-14
0x1.b8fa28p-15
0x1.4b2be4p-13
0x1.8e5b38p-14
0x1.5a455ep-13
0x1.4ea2acp-14
-0x1.a2c8fap-16
-0x1.a9cde8p-13
0x1.d8cc26p-13
0x1.10d426p-17
-0x1.9a81cap-15
0x1.681b2cp-15
-0x1.5322fap-12
-0x1.3657aap-13
-0x1.1cd042p-12
-0x1.f17f88p-14
0x1.0a74ecp-13
-0x1.c4ceeep-15
-0x1.a3279ap-17
-0x1.065c3cp-12
0x1.81d92cp-15
-0x1.6c914cp-14
-0x1.189146p-13
-0x1.c3308cp-15
-0x1.78ddaep-12
-0x1.079c6p-13
-0x1.1fff2cp-16
-0x1.99bec2p-13
0x1.1259e8p-15
0x1.44f63p-18
0x1.14e34cp-13
-0x1.f951a2p-14
-0x1.4e8a34p-14
-0x1.bc0d5ep-13
-0x1.97d5b4p-15
0x1.afd4fp-14
0x1.42428ap-14
0x1.d3057ap-15
0x1.744578p-17
0x1.f6d9d6p-16
0x1.df79fep-13
-0x1.7d8be8p-13
0x1.38225p-14
0x1.4c3c38p-13
-0x1.77cea8p-13
0x1.0805a4p-16
0x1.36634cp-14
0x1.aa32b4p-16
-0x1.99b6aep-12
-0x1.99b3dep-14
-0x1.762716p-13
-0x1.a181ecp-13
0x1.895034p-14
-0x1.163908p-12
0x1.3bd9cap-15
-0x1.4c2e6ep-16
0x1.495f08p-16
0x1.1e4514p-12
-0x1.23789p-14
-0x1.198cfp-13
0x1.52c4bcp-17
0x1.2068acp-14
0x1.ded1cp-14
0x1.7837b4p-13
-0x1.48fe5ap-15
-0x1.3163c8p-13
0x1.09f8b8p-13
0x1.f46c34p-14
0x1.94ca7ep-14
-0x1.1a49a6p-15
0x1.aca6d2p-14
0x1.e8eb7cp-15
-0x1.114f24p-13
0x1.5dafep-14
-0x1.f73ecap-20
0x1.72d0d6p-13
-0x1.11d35ap-13
0x1.ea8c9p-15
-0x1.b3b72ep-15
-0x1.75ddc8p-14
0x1.3a7c9cp-13
0x1.70c0e8p-17
-0x1.73b6d2p-13
0x1.7e30fap-12
0x1.45276ap-14
0x1.cf5a24p-13
-0x1.89ee5ap-15
-0x1.03be9cp-12
-0x1.24a34cp-15
0x1.e94414p-14
0x1.184b1ap-13
0x1.3a0e48p-13
-0x1.4b6d16p-14
-0x1.6cd29cp-14
-0x1.cfa4fap-13
0x1.f29decp-16
-0x1.780e2p-15
-0x1.0d8556p-14
-0x1.23ee76p-13
0x1.94c1bp-13
0x1.031f1ep-15
0x1.0a7f56p-18
-0x1.19e97cp-13
-0x1.38917ep-16
0x1.bb2d68p-15
0x1.41bbdp-13
0x1.00498cp-13
-0x1.fa1d24p-15
0x1.ec8d8ap-14
-0x1.25718p-12
-0x1.c9353p-13
-0x1.0ad7c8p-16
0x1.05f93ap-15
0x1.3e14fap-16
0x1.2be0eap-12
-0x1.6bb564p-14
-0x1.c881ecp-15
0x1.80335cp-13
0x1.d9081ap-13
0x1.43bb06p-14
-0x1.686be4p-13
-0x1.afced4p-14
0x1.f9f24ap-14
-0x1.8adb58p-14
0x1.c2f518p-19
0x1.6019c4p-15
-0x1.87051cp-14
0x1.54ac7p-15
0x1.807456p-14
-0x1.139f28p-13
0x1.e50232p-14
-0x1.061714p-12
-0x1.0339f4p-23
-0x1.21d44ep-14
-0x1.f996b4p-14
-0x1.c48f2cp-17
-0x1.1339e6p-13
-0x1.81c78ep-16
0x1.8e1b46p-16
-0x1.0ae6f6p-13
-0x1.a4f2e6p-13
-0x1.626846p-15
0x1.8a12dp-18
-0x1.b58b8ap-14
0x1.23d14ap-16
0x1.7fb5e4p-13
0x1.706bc2p-18
0x1.e1337cp-14
-0x1.a00d16p-15
0x1.dd58b6p-14
0x1.f05b88p-16
0x1.2c7a1p-15
0x1.701e7ap-13
0x1.973824p-15
-0x1.1d332ap-14
-0x1.74b2eep-14
0x1.53f546p-15
-0x1.da9378p-13
-0x1.a83058p-14
0x1.844a46p-17
0x1.572c9p-17
0x1.72bd36p-15
-0x1.d5bac6p-20
-0x1.5ef802p-3
0x1.358f8ep-2
-0x1.7f43a4p-2
-0x1.e59d48p-2
0x1.d9bf34p-2
0x1.da1f6ep-1
0x1.131d7cp-2
-0x1.9dc332p-1
-0x1.10964ap-2
0x1.403442p-1
0x1.47fe56p-1
-0x1.46ab6p-2
-0x1.6f3f22p-1
0x1.02c2cp-1
0x1.9fbc5p-4
-0x1.114a02p-4
0x1.a709bep-4
0x1.ec40d2p-2
0x1.0d4634p-1
-0x1.db19acp-6
-0x1.e5effcp-6
0x1.ff8b62p-3
-0x1.7cb476p-8
-0x1.80be0cp-2
0x1.39c5eep-5
0x1.7e0484p-3
0x1.62b158p-3
-0x1.d3f108p-4
0x1.20979ep-3
0x1.66f376p-2
0x1.6c1134p-2
0x1.1dc79ap-3
0x1.96accap-4
0x1.b4f392p-2
0x1.0220e8p-3
-0x1.be3c78p-2
0x1.0befaap-3
-0x1.c86b52p-3
0x1.f45f1p-2
0x1.5f4bfap-2
0x1.90eaaap-7
-0x1.870e64p-2
-0x1.5c71ap-3
0x1.866856p-3
-0x1.817edap-6
0x1.650b1ap-5
0x1.0be4fep-3
-0x1.34e8fcp-2
-0x1.cae6c6p-5
0x1.1e8038p-3
-0x1.6b2982p-2
0x1.9ac7d4p-3
0x1.d435b8p-4
0x1.fbbb3ap-5
-0x1.f8ad92p-3
-0x1.bdf892p-5
-0x1.134d98p-3
-0x1.cfa9bcp-3
0x1.70ef4cp-4
-0x1.b353a2p-6
-0x1.1d0042p-4
-0x1.e9e214p-4
-0x1.590568p-4
-0x1.e966aap-4
-0x1.fb072cp-4
-0x1.817c12p-6
0x1.8fe572p-3
-0x1.592068p-4
-0x1.0166ep-4
-0x1.0cf74ap-2
-0x1.0d88dap-2
0x1.9b80bap-3
0x1.2d456ap-3
-0x1.79aa84p-4
-0x1.6dd7aep-2
-0x1.3a754p-3
0x1.a68d02p-4
-0x1.392f5cp-3
-0x1.2d5e8p-3
0x1.db5e9ap-5
-0x1.f30eeap-2
-0x1.c28c32p-6
0x1.0cdfp-4
-0x1.8923cap-3
0x1.e8696ap-3
0x1.8570a8p-2
0x1.7f9592p-3
-0x1.750878p-2
-0x1.265524p-4
-0x1.c5a386p-4
0x1.93b72ep-3
0x1.350e46p-4
-0x1.4acd6cp-3
0x1.7c44dp-3
0x1.0b8eb8p-6
-0x1.9588b4p-1
0x1.0483dap-1
0x1.184f8ep-4
-0x1.5d5fp-9
-0x1.b912fcp-2
0x1.219428p-6
0x1.08e5bcp-2
0x1.7e0fc2p-3
-0x1.bed198p-5
0x1.a34bd6p-4
0x1.8dcaecp-4
0x1.ecee98p-3
0x1.699dfcp-2
-0x1.1ecb5p-2
-0x1.57c092p-2
-0x1.7f4668p-5
-0x1.9f498ep-2
0x1.d92398p-3
0x1.2c913p-2
0x1.a20ecap-3
0x1.da45cp-5
0x1.9064b2p-4
0x1.e07bb6p-4
0x1.3c6594p-3
0x1.9dc89ap-4
0x1.d39eep-5
0x1.0ba51ap-2
0x1.8e688ep-2
0x1.5333f6p-7
-0x1.460ecp-6
-0x1.3b33p-2
0x1.08c66ap-3
0x1.e2a26ap-2
-0x1.1b5058p-3
0x1.3c60fp-3
0x1.61210ep-2
0x1.3d745ep-9
-0x1.13c68ap-2
-0x1.ecbb9p-4
-0x1.487cc4p-4
-0x1.6cca0cp-2
-0x1.50a06ep-2
-0x1.65958p-3
0x1.9416a8p-2
0x1.b0b244p-2
-0x1.02684p-3
-0x1.c74ea6p-3
0x1.0cceep-2
0x1.94ec44p-5
0x1.c284a8p-8
0x1.b9fe4cp-3
0x1.99e544p-5
0x1.ae89dp-4
0x1.473b48p-6
0x1.714a2p-2
-0x1.b267acp-3
0x1.4fda32p-3
0x1.c532a2p-4
0x1.aef6cap-5
-0x1.5cf12ep-5
0x1.75c7aep-5
-0x1.0dfbeep-2
-0x1.ddfbdcp-2
-0x1.93a768p-3
-0x1.3e8ad2p-4
-0x1.47c0f4p-4
0x1.1abdcp-3
0x1.5953a4p-4
-0x1.ce5a0cp-3
0x1.381a3ap-2
0x1.533278p-7
0x1.38ff7ap-3
-0x1.0356f6p-2
-0x1.5b39ep-5
-0x1.c2e18p-3
0x1.06bfep-2
-0x1.cbaebap-4
-0x1.3df1d2p-3
0x1.3fe1b8p-3
-0x1.ca7128p-3
-0x1.c4be72p-2
0x1.4bc8c2p-4
-0x1.267cd4p-3
-0x1.b28a0ap-3
0x1.898b2ap-3
0x1.ac7f3ep-4
0x1.a04e8ep-3
-0x1.4179e2p-1
-0x1.86d308p-4
0x1.2064ap-1
-0x1.573436p-4
-0x1.223df6p-4
-0x1.5d39b2p-2
-0x1.2ae22ap-2
-0x1.eb65d6p-3
0x1.0e4748p-3
-0x1.89c578p-3
-0x1.f91a24p-2
0x1.00c03ap-2
-0x1.121b78p-3
-0x1.47e156p-2
-0x1.70aeb6p-8
0x1.a09c4p-4
0x1.99d102p-5
-0x1.fa3bccp-3
0x1.6c4212p-4
-0x1.24b836p-6
0x1.edcf14p-3
-0x1.bd244ap-2
0x1.097edep-3
-0x1.38804ep-2
-0x1.443202p-3
0x1.8bd7f4p-5
-0x1.645d1ap-6
0x1.55b862p-2
0x1.319acap-5
-0x1.81f3dcp-4
-0x1.6d34e6p-3
-0x1.c3b6cep-3
0x1.795178p-2
0x1.194bdcp-3
0x1.6cf29p-5
0x1.21e082p-2
-0x1.25351ap-3
-0x1.b9100ap-4
-0x1.0ee842p-3
0x1.7b0b12p-3
-0x1.7cb23p-4
-0x1.07e33p-1
-0x1.9c38a4p-4
0x1.3d1652p-4
0x1.8ecca2p-3
-0x1.c2acf2p-4
0x1.7f795p-6
0x1.161b4p-2
-0x1.266ac2p-4
0x1.350f9ap-8
-0x1.0ed718p-4
-0x1.c01d6ep-3
0x1.59465ep-3
-0x1.5b048ap-3
0x1.4f23f8p-5
0x1.08c84ap-5
-0x1.4fa0dp-2
-0x1.b0369cp-4
0x1.a2275cp-4
-0x1.350934p-2
-0x1.6b875cp-1
-0x1.27e8dcp-3
0x1.952888p-6
0x1.09aad4p-2
0x1.0e057p-2
0x1.dde468p-4
0x1.fdd47ep-3
-0x1.f68472p-3
0x1.1cf6ecp-8
0x1.5a2286p-2
-0x1.27b58ap-7
0x1.ca1d94p-3
0x1.cc9dd6p-5
-0x1.c5d9ep-5
0x1.b7ba24p-4
-0x1.79f832p-3
0x1.bfbee6p-3
-0x1.584e66p-6
-0x1.09be1ap-3
0x1.6e7d66p-2
-0x1.d65aa2p-6
-0x1.d61cf4p-7
0x1.1731c6p-4
0x1.1af4fep-3
-0x1.9df6f6p-6
-0x1.4a5d44p-5
0x1.941c9p-2
-0x1.11ccd2p-3
-0x1.a42e4ep-2
0x1.33b0aep-3
0x1.56d542p-5
0x1.cbdfcp-4
-0x1.605d04p-3
-0x1.95859p-3
-0x1.40b9ap-2
-0x1.722982p-3
0x1.d8c786p-3
-0x1.5a830cp-3
0x1.057898p-3
-0x1.f06e42p-6
-0x1.a46dcap-2
0x1.e0a88ep-4
0x1.545db8p-3
-0x1.114c84p-8
-0x1.17f5a6p-3
-0x1.06ec68p-3
0x1.b754b2p-2
-0x1.706092p-4
-0x1.253eb2p-2
0x1.85bbd2p-5
0x1.50b21ap-2
0x1.d0b6eep-5
-0x1.2932ep-3
-0x1.69af4p-3
0x1.4457eep-4
-0x1.dfa15cp-3
0x1.7c02a8p-2
-0x1.cc4416p-3
0x1.123adap-3
-0x1.4df552p-4
-0x1.229f04p-1
-0x1.fb666cp-6
-0x1.7d36dap-3
0x1.a31e32p-5
-0x1.ebe4d2p-4
-0x1.7f0b8ap-3
0x1.e19ef6p-2
-0x1.03c1b4p-6
0x1.dd735ep-5
-0x1.d7cfcep-5
-0x1.f9e72ep-5
-0x1.37d77p-3
0x1.499586p-4
0x1.b2f9cap-2
0x1.d1d2b2p-3
-0x1.76fe9ep-2
0x1.8173eep-4
-0x1.336d8ap-2
0x1.47222ep-5
-0x1.3e633cp-2
0x1.d162f6p-3
-0x1.00387cp-2
-0x1.c54c3cp-3
-0x1.7087acp-2
-0x1.3bd10ap-2
0x1.0d828ap-2
-0x1.f83856p-3
0x1.c9b72ep-2
0x1.d6e2c2p-3
0x1.ba2d9ep-4
-0x1.1f4bb2p-3
-0x1.10bd7ap-3
0x1.a052aap-3
0x1.96f068p-3
0x1.0bde32p-3
-0x1.353c82p-3
0x1.7ce56ap-4
0x1.68a19ep-3
-0x1.11995p-2
0x1.8f1778p-6
-0x1.f79ffp-3
0x1.b568eap-8
-0x1.fc427cp-8
0x1.1a9db6p-1
0x1.ba0a22p-5
-0x1.147b6p-3
-0x1.9cdb26p-5
-0x1.12d744p-2
-0x1.019a52p-3
0x1.9345bep-3
-0x1.3c23bap-4
-0x1.96dca2p-3
0x1.77af8p-2
0x1.451804p-3
-0x1.3934a6p-5
-0x1.3c011p-2
0x1.a255eep-3
-0x1.e2a008p-3
-0x1.80e718p-3
-0x1.3482dp-2
0x1.fa41ap-5
0x1.e765c4p-2
-0x1.c0e5bcp-3
0x1.2d613cp-3
0x1.ce9ae2p-3
-0x1.de2bacp-3
0x1.00f48ep-6
0x1.a879c4p-3
0x1.89814ap-3
0x1.117bap-2
0x1.1f2d24p-2
-0x1.2ca2c2p-3
-0x1.5ad468p-1
0x1.80cf7p-3
0x1.122d6cp-3
-0x1.39e7b4p-2
-0x1.d559a4p-3
0x1.91b558p-2
0x1.181ec8p-1
-0x1.29e7dp-5
0x1.6dd994p-4
0x1.5095b2p-4
-0x1.07b8e8p-3
0x1.894cd2p-6
-0x1.673bbp-5
0x1.2902c4p-3
0x1.8c7b48p-5
-0x1.501f7p-4
-0x1.bc2d22p-3
0x1.568d28p-4
0x1.d7483p-2
0x1.355666p-5
-0x1.a0dacap-3
-0x1.7d2554p-2
-0x1.15e698p-2
0x1.c8a3ep-3
-0x1.4fbb04p-6
0x1.8b4f7p-2
0x1.03cd62p-1
-0x1.0ff4fap-1
0x1.39c688p-5
0x1.06962ep-2
-0x1.5e30fcp-2
-0x1.37b662p-2
-0x1.53e62ap-2
0x1.b5621ep-3
-0x1.3a8f98p-4
-0x1.4c6f12p-2
0x1.5c59ccp-2
-0x1.bb493ap-3
-0x1.ea779p-3
-0x1.bcf3bp-3
0x1.412a6p-7
0x1.50bb56p-4
0x1.4f771ap-7
0x1.a1d376p-4
0x1.633188p-3
0x1.0eede4p-6
0x1.edef9ap-7
0x1.9b9b78p-2
0x1.5f8a54p-2
-0x1.02e0c6p-2
-0x1.7382f6p-2
0x1.6ba7acp-2
-0x1.69c0eep-3
-0x1.04cd3p-2
-0x1.25a9b6p-2
0x1.5ade18p-4
0x1.a9f1b4p-3
-0x1.91a13p-3
0x1.6ce942p-3
-0x1.5461fap-3
-0x1.3b557ep-4
0x1.190ddcp-3
-0x1.0c3738p-4
0x1.12ae2p-3
0x1.e2dc8p-3
0x1.24a5ap-3
-0x1.8ed0e6p-8
-0x1.a11da6p-3
-0x1.1dae96p-2
0x1.e989c2p-2
-0x1.1af8p-7
0x1.1723aap-2
0x1.3d649p-3
0x1.6f82c2p-5
-0x1.268014p-6
0x1.3e4f92p-6
0x1.750f32p-4
-0x1.5942a6p-6
-0x1.09696p-3
0x1.762fc6p-3
0x1.123212p-2
-0x1.de5eb2p-5
-0x1.cfc0fap-5
0x1.ca5756p-4
0x1.b7fc38p-4
-0x1.4fb24p-3
-0x1.42e438p-1
-0x1.24a52ep-4
-0x1.282432p-2
-0x1.8139dcp-4
0x1.ca5974p-5
0x1.ed6b7ap-5
0x1.b500f6p-2
-0x1.04e2dep-2
0x1.67e9e8p-1
-0x1.d6634ep-3
-0x1.4a8d92p-3
0x1.bf085p-3
-0x1.81b3cap-7
0x1.66bc3cp-2
0x1.4873f6p-4
-0x1.a77df8p-3
0x1.2c1a42p-3
-0x1.001d4ap-6
0x1.01c156p-1
-0x1.9ec1eap-2
0x1.397316p-3
0x1.84ee14p-4
-0x1.72817ap-3
-0x1.4c2416p-2
-0x1.f3bdf2p-4
-0x1.b0302p-6
0x1.8f193ep-6
-0x1.e119eep-3
-0x1.b5814cp-2
-0x1.8390eep-5
-0x1.a8811ep-3
0x1.548992p-5
-0x1.db5d8p-4
0x1.1ba84ap-3
0x1.d42dfap-5
0x1.3c83d8p-2
-0x1.430316p-4
-0x1.f1f108p-5
-0x1.1c35fep-2
0x1.7876dep-6
-0x1.992ef6p-2
-0x1.caddd6p-2
0x1.5f90ecp-6
0x1.fd0a3ep-6
0x1.319e14p-5
0x1.98e38ep-3
-0x1.94de18p-3
0x1.e7a5aep-5
-0x1.701dbap-6
-0x1.1c3678p-1
0x1.2d8bep-4
0x1.cc6e44p-4
-0x1.e91474p-4
-0x1.eeb9d6p-7
-0x1.f0bf0ap-5
-0x1.299586p-2
0x1.93ebeap-4
-0x1.472c14p-3
0x1.29392ep-2
0x1.f003e2p-11
0x1.6750eep-2
-0x1.19dbfcp-3
0x1.a585b4p-3
-0x1.575234p-4
0x1.d1f2f6p-2
0x1.b150b4p-2
0x1.a77942p-3
0x1.7ed89cp-4
0x1.c99308p-4
0x1.fde12p-3
-0x1.ffbadcp-3
-0x1.b601a6p-2
0x1.7095fep-3
0x1.16233ap-6
0x1.4d7e3cp-6
0x1.b07abcp-3
-0x1.e8c614p-3
-0x1.1308a6p-2
0x1.42e636p-3
-0x1.959d7cp-3
0x1.8d7c5ep-2
0x1.6742ap-1
0x1.0b76d8p-1
0x1.8c8bb8p-3
-0x1.36dd58p-3
0x1.fc294cp-4
-0x1.0116p-2
0x1.3ac122p-4
-0x1.070eep-2
-0x1.0d06f8p-3
-0x1.fc6298p-3
-0x1.2b78dap-5
-0x1.b52136p-2
-0x1.80ebd6p-3
-0x1.9e10e2p-3
-0x1.004b38p-1
0x1.296b7ep-4
-0x1.bf8f2p-6
0x1.38fadp-6
-0x1.2ad7ap-4
0x1.0133ccp-3
-0x1.805466p-4
-0x1.e5385ep-3
-0x1.363f46p-2
0x1.727dcp-3
-0x1.970bap-2
0x1.07b37ap-1
0x1.940cbcp-3
0x1.a97b2p-3
0x1.6d68e2p-4
0x1.518bacp-2
-0x1.fef54ap-4
-0x1.eea87ep-4
-0x1.263a9p-4
-0x1.063d8ap-4
0x1.9ccca2p-3
0x1.120a74p-2
-0x1.66b352p-6
-0x1.7c0c6ep-2
-0x1.93f954p-4
-0x1.a380fp-6
0x1.153dd6p-3
0x1.939284p-2
0x1.2d0ac2p-3
0x1.108418p-2
0x1.2bf488p-4
0x1.21dc98p-7
0x1.8a349ep-4
-0x1.ca0bdap-2
0x1.f2290cp-2
0x1.1da27ep-3
0x1.9aa404p-2
-0x1.5f05dap-3
-0x1.68b9a4p-4
0x1.a9d2fap-5
-0x1.477e4ep-4
-0x1.3a7628p-5
-0x1.93a284p-5
-0x1.376732p-2
-0x1.0fb24ap-2
-0x1.622c1cp-4
-0x1.1b0f9cp-3
-0x1.f2cbfp-3
-0x1.9b28dp-4
0x1.b39dd8p-2
0x1.bd1dc8p-6
-0x1.fb3d6ep-5
-0x1.08cc8p-4
0x1.a91354p-3
0x1.4dd1ecp-2
0x1.aef7dp-5
-0x1.42b74p-4
-0x1.ac1642p-3
0x1.7cfdbp-9
-0x1.3569dcp-4
-0x1.a4be2ap-3
0x1.519c98p-4
-0x1.59ab74p-3
0x1.25af72p-2
-0x1.1e38f2p-2
0x1.0fdcdp-1
0x1.638b56p-5
0x1.5aa7acp-1
-0x1.c5900ep-5
0x1.0c21aap-2
0x1.04bd8ap-4
-0x1.0894c2p-2
0x1.024606p-3
0x1.9c5732p-2
0x1.1e06d6p-3
-0x1.06f698p-3
0x1.4976ep-9
-0x1.8f0844p-3
0x1.2f5014p-2
0x1.e14bf6p-4
0x1.60f452p-2
-0x1.f27bf6p-7
-0x1.177614p-3
-0x1.181c32p-5
-0x1.52c664p-4
0x1.70ab68p-4
0x1.13e4ap-10
0x1.63c26cp-2
-0x1.852caep-3
0x1.149124p-4
0x1.e99406p-5
-0x1.67968ap-4
0x1.d546f4p-2
0x1.7c781ap-6
-0x1.3b683cp-6
0x1.16beb6p-2
-0x1.5dbdd8p-5
-0x1.e76caap-2
-0x1.243418p-4
0x1.eb3efap-3
-0x1.87324ap-4
-0x1.27f69cp-2
0x1.74c14ap-2
-0x1.eb7522p-3
0x1.ee8f6cp-5
0x1.009c4cp-1
0x1.0c82c6p-1
0x1.28fd1cp-1
-0x1.d1ac1p-4
-0x1.63c132p-2
0x1.f5e094p-3
0x1.2f3544p-2
-0x1.082222p-4
-0x1.7cc0fap-4
-0x1.472afcp-6
-0x1.5d3c24p-3
-0x1.a0b2bap-3
-0x1.aff762p-2
-0x1.1df19cp-4
0x1.79eb74p-3
-0x1.02d84cp-1
-0x1.988e84p-3
-0x1.a08ec2p-3
0x1.0b6216p-2
-0x1.dc9b78p-6
0x1.ae4bb2p-4
-0x1.6274c8p-4
0x1.c536dp-2
0x1.1f96ap-1
-0x1.c36f0ep-3
-0x1.c4fc64p-3
-0x1.6be85cp-3
-0x1.462bc4p-3
0x1.8db3b4p-3
0x1.4b57d8p-3
-0x1.422688p-3
-0x1.69453p-2
-0x1.0b18eep-8
0x1.a8c1eep-2
0x1.eb96e6p-3
0x1.590464p-3
0x1.755ed6p-2
-0x1.4b81e2p-2
0x1.312e9ep-5
0x1.2f0644p-3
0x1.cde8d6p-4
0x1.442412p-5
0x1.6e305ap-4
-0x1.9624eep-5
0x1.7fd608p-3
-0x1.a77196p-4
-0x1.890dc2p-4
0x1.12f8acp-5
-0x1.bfff68p-4
0x1.8134acp-3
-0x1.867838p-2
-0x1.16c44cp-5
-0x1.e6454ap-3
-0x1.6f85bp-2
-0x1.94303ep-5
-0x1.820e26p-2
0x1.3d497ap-3
0x1.2131a2p-2
0x1.375baep-2
-0x1.f036eap-4
0x1.b8a6a8p-5
0x1.02366cp-3
-0x1.66712ap-4
-0x1.548c28p-4
-0x1.8af574p-2
-0x1.955bdp-5
0x1.a4b47p-3
0x1.76520ep-2
0x1.725256p-3
-0x1.815822p-2
-0x1.98742ap-2
-0x1.da2c62p-4
-0x1.caf134p-2
-0x1.77f5d8p-3
-0x1.30a9c2p-2
-0x1.ba3ffcp-6
-0x1.12c59cp-2
-0x1.49a16cp-4
0x1.78ca62p-4
-0x1.458bbep-1
0x1.609fd6p-3
0x1.8838e6p-4
-0x1.cbe9aep-2
-0x1.2e91eap-2
-0x1.b23e64p-4
-0x1.ed0b58p-2
0x1.55bb68p-3
0x1.46a3eap-3
0x1.33028p-1
0x1.c0ce0ep-5
-0x1.1709f8p-5
-0x1.0a3194p-8
-0x1.5b480ep-3
-0x1.23eb34p-2
-0x1.207ebap-2
0x1.778672p-2
-0x1.676d22p-2
-0x1.9d051cp-3
-0x1.ab9cfcp-8
0x1.56cbd6p-5
0x1.f9276ep-5
-0x1.c3ed66p-3
0x1.b75f32p-6
0x1.1b0584p-3
0x1.59c42p-6
0x1.c471aep-2
0x1.d02dc6p-4
0x1.20050ap-2
-0x1.531fbp-4
0x1.bdbf96p-3
-0x1.2badccp-2
0x1.cc87b6p-2
-0x1.2b34fap-5
-0x1.74ce88p-3
0x1.6adbb4p-2
-0x1.2e2e84p-2
0x1.7cdaep-2
0x1.518f18p-7
0x1.eafc6cp-4
0x1.8e52ecp-5
-0x1.9b0eaap-4
0x1.0b0958p-5
-0x1.475fd2p-3
0x1.f799b6p-3
0x1.26673p-5
0x1.19d178p-5
0x1.12aafp-3
-0x1.2e0f5ep-2
0x1.124acp-3
0x1.32ae3ep-3
0x1.ec847ap-2
0x1.a75bcap-6
-0x1.6bdaecp-4
-0x1.409bc2p-3
-0x1.d1ca88p-9
0x1.a414cep-1
0x1.632dc8p-2
0x1.b3a0f2p-3
0x1.50af0cp-1
-0x1.8ad8f6p-6
-0x1.56b0cep-4
-0x1.f5a476p-3
-0x1.96ab18p-3
-0x1.cd8856p-5
0x1.4c7052p-3
0x1.8dc072p-3
0x1.6ecd9ap-4
-0x1.501b5p-3
0x1.e6797ap-3
-0x1.00c838p-1
-0x1.ef8e68p-3
-0x1.b938ep-3
-0x1.4eb94cp-3
-0x1.e6729ep-2
0x1.0393f8p-7
0x1.ccdfa4p-8
-0x1.4d783ep-4
0x1.3d55cep-3
-0x1.667d14p-5
-0x1.c1fbaap-5
-0x1.22161ep-7
0x1.9d6168p-2
-0x1.1adb38p-2
-0x1.42dd22p-1
0x1.87753ep-2
-0x1.347642p-3
0x1.8b8b7ep-5
0x1.ca2756p-4
-0x1.b31822p-5
-0x1.ec366cp-3
-0x1.1cdffcp-4
0x1.113638p-1
0x1.33068p-4
0x1.b9de5cp-3
0x1.784e24p-2
-0x1.bbd624p-4
0x1.ab787ap-2
0x1.fb32dap-4
-0x1.d4ebe4p-4
-0x1.08b6eap-4
0x1.100718p-4
-0x1.110534p-3
0x1.c9a95ep-4
-0x1.0719a4p-5
-0x1.5b622ep-5
0x1.129a54p-3
0x1.2bd916p-5
-0x1.216534p-3
0x1.4026dp-2
0x1.81816cp-2
-0x1.9e9e32p-5
0x1.1502d8p-1
0x1.63c454p-3
0x1.10d558p-2
0x1.9f3f26p-4
0x1.e3e2b4p-2
0x1.aae9p-4
0x1.a67e5cp-3
0x1.64fea4p-4
0x1.38003p-1
0x1.9ca254p-3
-0x1.593cdep-2
-0x1.dfb254p-2
-0x1.a26edap-2
-0x1.391774p-4
-0x1.e7da5cp-5
0x1.b58552p-3
-0x1.b2eb6p-5
0x1.33a0ap-2
0x1.2c7a36p-2
0x1.4e353ap-5
0x1.248ec6p-4
-0x1.25c614p-5
0x1.5c033ap-3
-0x1.668c52p-2
0x1.1157c2p-6
-0x1.2dce22p-2
-0x1.91e75ap-2
0x1.3f8aecp-4
-0x1.253696p-3
0x1.231bb8p-3
-0x1.e90b2ep-3
0x1.ed66d2p-5
-0x1.cd6abcp-1
-0x1.ef5f78p-2
-0x1.5de7b8p-2
0x1.8a125ap-4
0x1.6ca6c2p-3
-0x1.30c3f8p-4
-0x1.3a039p-2
-0x1.858484p-2
0x1.dca124p-4
-0x1.144fbap-2
0x1.b9d2dcp-3
-0x1.eae5f8p-4
0x1.57fc8cp-3
-0x1.2cb26p-2
-0x1.252b3p-2
0x1.034544p-3
0x1.a9fb2ap-3
0x1.3e3122p-1
0x1.a19af4p-3
0x1.ff9d3ep-3
0x1.05ec36p-2
-0x1.a074f4p-2
0x1.0a9d56p-2
0x1.c5945ap-2
-0x1.348fd4p-2
-0x1.255b62p-2
0x1.247784p-2
-0x1.72c252p-5
-0x1.3d9f8ap-2
0x1.018a36p+0
0x1.da7e36p-2
0x1.d6aap-6
0x1.fa97bp-2
0x1.79827p-1
-0x1.a3ab18p-4
-0x1.a7e4p-3
0x1.3fd8f4p-2
-0x1.5c1078p-2
0x1.69f4d6p-4
0x1.52803ep-2
0x1.affea4p-2
0x1.5cfe26p-6
0x1.50bdb4p-1
0x1.787574p-5
-0x1.10fc7ep-5
-0x1.500e58p-2
0x1.7bd524p-2
0x1.2b3c22p-2
0x1.d5b99ap-2
-0x1.247c9ap-3
0x1.96c82p-2
0x1.de58fep-6
0x1.535fp-4
0x1.ea4abep-4
0x1.3b483cp-1
-0x1.bc26bep-4
0x1.74b118p-4
-0x1.1b815ap+0
0x1.122f9ap-2
-0x1.26cdep-5
-0x1.89a876p-3
-0x1.396d9ep-3
-0x1.99e478p-2
0x1.08fdacp-3
-0x1.f72f5p-3
0x1.94831cp-2
0x1.7b5e3p-3
-0x1.776f2cp-6
-0x1.a87496p-4
-0x1.12f2b6p-2
-0x1.92814ep-2
-0x1.541048p-3
0x1.ed2f5p-3
-0x1.243d02p-2
-0x1.594252p-1
-0x1.a07e5cp-2
-0x1.869398p-2
-0x1.5c2a12p-1
0x1.47ed66p-2
0x1.191346p-1
-0x1.79ebf6p-2
0x1.d8b484p-4
-0x1.fbc2bp-4
0x1.8e377p-2
-0x1.18e716p-2
-0x1.a92168p-2
-0x1.f7764p-5
0x1.276f2cp-1
-0x1.6a66fp-7
-0x1.870a58p-2
-0x1.14453ap-2
-0x1.c235bap-3
-0x1.0230d4p-1
0x1.df9414p-3
-0x1.e96278p-3
-0x1.e838a4p-2
0x1.3aa9b6p-3
-0x1.efc786p-2
0x1.ad3662p-3
-0x1.ad285p-2
-0x1.91c9b6p-3
-0x1.fc23dp-5
-0x1.94ad4cp-2
0x1.5ed7ep-4
-0x1.af1e84p-3
0x1.db44aap-4
-0x1.2dce2ep-1
0x1.d5543ap-3
0x1.198416p-2
-0x1.f1a45ap-3
0x1.6bdfdap-1
0x1.02fee8p-2
0x1.dcc464p-4
0x1.58dc7p-1
0x1.e9eeb4p-5
0x1.8a4a92p-4
-0x1.05dbep-1
-0x1.1eaa0cp-3
0x1.c124d2p-1
0x1.7374e8p-2
-0x1.ce8214p-2
0x1.c2127p-3
-0x1.adf6fp-2
0x1.9487f6p-1
-0x1.49ab04p-1
0x1.9b9894p-2
-0x1.8a41fep-2
0x1.0e463ap+0
0x1.872f2cp-3
-0x1.7c33e4p-2
-0x1.526a6ep-2
0x1.77d8a4p-2
0x1.4e5144p-2
0x1.15d7d4p-2
-0x1.342bap-3
0x1.ef9f88p-1
0x1.103c4ap-1
-0x1.561322p-2
-0x1.261a56p-4
-0x1.80b29cp-4
0x1.e3adccp-3
-0x1.95f7dcp-4
-0x1.fbe7aap-3
-0x1.2fdad2p-1
-0x1.1e5a28p-3
0x1.b71526p-7
0x1.af068ap-4
0x1.ba2608p-3
0x1.2ee6f4p-1
0x1.f96082p-3
0x1.0c6c5cp-6
-0x1.41defep-2
0x1.38fa6ep-3
0x1.7c3502p-1
0x1.81603ep-3
-0x1.49b53ep-5
-0x1.93c274p-3
0x1.ddab7cp-3
-0x1.43a81ap-4
-0x1.8a5e56p-4
0x1.65c78cp-3
0x1.e4a3bp-3
0x1.00db0ep-1
-0x1.bed852p-2
0x1.10d188p-2
0x1.c80e74p-5
-0x1.564298p-2
-0x1.54a2d2p-1
-0x1.ae2ea2p-1
0x1.8d60fep-2
-0x1.0d1428p-5
0x1.f14a3ap-2
-0x1.429cdp-4
-0x1.9a2e7cp-4
0x1.f74a78p-3
0x1.e2af1cp-2
0x1.106556p-4
0x1.802084p-1
-0x1.2bad1ep-3
-0x1.13376ep-2
-0x1.625dc8p-2
0x1.0eb628p-3
0x1.89b53p-3
0x1.016da6p-1
0x1.da7a4ap-2
0x1.fb7f06p-3
0x1.af8832p-2
-0x1.48d448p-2
0x1.a3d30cp-2
0x1.ae604ap-2
-0x1.08bc4ap-4
0x1.e6d2dcp-5
0x1.2d361ap-2
0x1.aab12p-2
0x1.26ceap-2
0x1.753d34p-3
0x1.06b2cep-2
-0x1.49d63p-2
0x1.e60242p-3
0x1.b448bep-5
0x1.73d524p-3
0x1.489ea6p-3
0x1.1f3652p-2
-0x1.1f364cp-2
