7
110
25
20
15
10
5
2
tanH
tanH
tanH
tanH
tanH
softmax
0x1.a33b7ap-1
0x1.dcaacp-2
-0x1.7e49e4p-3
-0x1.0fed4ep-1
0x1.e9d56ep-3
0x1.5d45f6p-2
-0x1.79a5dp-7
-0x1.817ceep-2
0x1.1e3d12p-3
0x1.474018p-2
-0x1.54dceep-2
0x1.07a188p-2
0x1.ff15bep-3
-0x1.04be6ap-2
-0x1.64d9ep-2
0x1.7c103p-3
0x1.19eeep-8
0x1.140d96p-2
-0x1.d1368ap-2
0x1.45878p-5
-0x1.65db9ep-3
0x1.1d7598p-2
0x1.5d7dacp-3
0x1.902e78p-2
-0x1.021adp-2
0x1.8352f2p-1
0x1.f9178cp-2
-0x1.e5b1a6p-3
-0x1.aecdd8p-1
0x1.d07096p-2
0x1.465546p-1
-0x1.aab194p-4
-0x1.24dec4p-2
0x1.591ad4p-3
0x1.f4e3c2p-2
-0x1.72eb0ap-3
0x1.5d3a42p-2
0x1.38ef14p-1
-0x1.69aa28p-1
-0x1.900586p-2
0x1.4f1834p-2
0x1.05c8cp-1
0x1.b4b858p-2
-0x1.54dc6p-1
-0x1.ea4c56p-4
-0x1.a324fep-3
0x1.5d1e5p-3
0x1.f6b6e2p-3
0x1.22346p-1
-0x1.38291ep-2
0x1.1e813p-2
0x1.2ce96ap-2
0x1.3ed47p-4
-0x1.d1915p-3
-0x1.928a1cp-2
0x1.ec7f82p-4
-0x1.8ca262p-6
-0x1.f37d3ep-4
0x1.ec1b5cp-8
0x1.aaf642p-6
0x1.c453c4p-3
0x1.5e58e8p-3
0x1.056888p-3
-0x1.d34a6p-4
-0x1.cea4p-4
0x1.aba31p-5
-0x1.298444p-4
-0x1.41b5dp-3
-0x1.08536ap-2
-0x1.8c6204p-5
0x1.456342p-3
-0x1.839a12p-4
-0x1.929f6ep-2
0x1.e7edd2p-4
-0x1.cf0ff2p-3
-0x1.941b2ap-2
-0x1.43de9p-2
0x1.c1f9fap-1
-0x1.0d6f9cp-3
-0x1.b70878p-2
0x1.74fae6p-3
0x1.b1b938p-3
0x1.227868p-1
-0x1.fab094p-2
-0x1.1c5128p-1
0x1.90debcp-5
-0x1.68c5e2p-2
-0x1.d0964ap-4
-0x1.a77414p-2
-0x1.7f1ac4p-4
0x1.804b5p-6
0x1.cdea78p-2
0x1.ab2a8cp-7
0x1.faac4p-3
0x1.4d46ecp-1
0x1.e83d84p-2
-0x1.389cdcp-4
-0x1.5a978ap-1
-0x1.0e8304p-2
0x1.352248p-1
0x1.8cd9cap-2
0x1.a3eba6p-3
-0x1.2242eep-2
-0x1.41606ap-2
0x1.48d75ap-2
0x1.fb6b38p-3
0x1.90ca8ap-5
-0x1.d72bdap-2
0x1.7c1d28p-3
0x1.0ddde8p-2
0x1.7af574p-4
0x1.6f8ac6p-3
0x1.ca3b24p-5
-0x1.1eff48p-2
-0x1.078f4ep-1
0x1.22f86ap-1
-0x1.cad8e8p-6
0x1.2b9adep-2
-0x1.4f60e6p-2
-0x1.408e5ep-1
-0x1.7006d2p-3
0x1.e635bep-3
0x1.61378ap-2
0x1.3a7c94p-2
0x1.d91a1p-4
0x1.459f28p-1
0x1.de395p-2
-0x1.5fe8b6p-1
-0x1.41d2c8p-1
0x1.00d2dcp-1
0x1.7bd62cp-2
-0x1.66ff3p-3
-0x1.a8b9b4p-2
0x1.34d4c6p-2
0x1.e2407ap-2
0x1.bb48b4p-4
0x1.20d79cp-2
0x1.fc1deap-5
-0x1.c9c18cp-2
-0x1.303e4ep-1
0x1.448548p-1
0x1.0b9766p-3
0x1.3a47b6p-2
-0x1.11974p-1
-0x1.b8ea86p-2
-0x1.2ee814p-2
0x1.2b8e52p-3
0x1.b877b8p-2
0x1.1d7d3ep-2
-0x1.0ac2e6p-3
-0x1.832b9cp-4
-0x1.994342p-4
-0x1.173c22p-2
-0x1.feb5fp-5
0x1.e41edp-2
0x1.1fe37cp-4
-0x1.57722cp-2
-0x1.b3664ap-2
0x1.21a29cp-2
0x1.972768p-3
0x1.c1fed6p-5
-0x1.8890eap-4
-0x1.3bdcc8p-3
0x1.32c668p-3
-0x1.1e8b52p-8
0x1.b18a88p-3
0x1.c48baap-7
0x1.ab030ep-5
-0x1.be9394p-3
-0x1.a37a04p-3
-0x1.a203a2p-2
0x1.974d7ep-4
0x1.fcbd8ep-3
0x1.9517bp-4
-0x1.8fd774p-2
-0x1.229b2ap-3
0x1.04857ap-3
-0x1.4b89bcp-3
0x1.0f6e5p-4
-0x1.5c1778p-6
-0x1.9b8c6ap-4
0x1.07e082p-4
-0x1.e9035p-3
-0x1.218d06p-2
0x1.309068p-2
0x1.007e22p-6
-0x1.5b4d46p-3
-0x1.e1d16cp-5
0x1.3b046cp-3
0x1.2f1e7ep-3
0x1.2ae1e6p-4
-0x1.d2dcaap-5
-0x1.ed3242p-3
-0x1.303246p-4
-0x1.bc826ep-4
-0x1.db356ap-3
-0x1.8f29ccp-5
0x1.0dde3cp-2
-0x1.8abbbep-5
0x1.0d2134p-4
-0x1.88e6b6p-4
-0x1.eb3266p-5
0x1.59af4ep-5
0x1.47035cp-2
-0x1.981ba2p-1
-0x1.5d4c5ep-2
0x1.0030f4p-1
0x1.38ba02p-2
0x1.a8d9bcp-7
-0x1.2f41c8p-2
-0x1.640a6cp-2
-0x1.79f8dp-2
-0x1.16a11cp-3
0x1.2edc0cp-1
0x1.225218p-3
-0x1.f0eaa6p-4
-0x1.01edb4p-1
-0x1.799786p-1
0x1.830d94p-2
0x1.3b6d52p-3
0x1.3a020ep-2
0x1.8cc784p-2
-0x1.5ccc2ap-2
-0x1.742abp-3
-0x1.25f042p-3
-0x1.a1d1dep-3
-0x1.31b2dp-4
0x1.19c7a8p-5
-0x1.6ae178p-8
-0x1.4bc11p-4
0x1.4f3282p-2
0x1.6a709p-7
-0x1.5f36d4p-3
-0x1.b2cffap-4
0x1.4dfb3ep-3
-0x1.2a6b8ap-3
0x1.4872a6p-2
0x1.cca8b8p-2
0x1.3a7078p-2
0x1.003dc2p-4
0x1.a25eb2p-3
-0x1.7f759ep-3
0x1.1b6a04p-3
-0x1.0d5bb4p-2
-0x1.b6c5cap-3
-0x1.279102p-4
0x1.d2fa52p-2
-0x1.16ebfcp-10
0x1.2503aap-2
0x1.36cb56p-7
-0x1.e05d72p-3
-0x1.87e1b8p-3
-0x1.3d195ap-4
-0x1.7ecaa4p-5
0x1.0aa788p-7
0x1.b69136p-2
-0x1.1806bp-8
-0x1.5d55acp-5
0x1.fdd6d8p-5
-0x1.1468e6p-4
-0x1.495a66p-3
0x1.1716b6p-2
0x1.e7f87ap-3
0x1.2a73f4p-2
-0x1.3d846cp-7
0x1.229f58p-4
-0x1.83420ep-3
0x1.3bf518p-4
-0x1.8114eap-3
-0x1.4a199cp-6
0x1.086cdcp-4
0x1.3f2ffap-2
-0x1.7fa16p-4
0x1.9599aep-2
0x1.a9effep-5
0x1.056f4cp-2
0x1.121004p-2
-0x1.b8d318p-3
-0x1.73850ap-4
0x1.c40d7p-3
0x1.3eea7cp-2
-0x1.7f5ae8p-3
-0x1.0f0d58p-4
0x1.1e393ep-4
0x1.4e4928p-3
-0x1.f1f808p-5
0x1.023fdp-5
0x1.89ad98p-3
-0x1.b6709ep-3
-0x1.649654p-2
0x1.395882p-2
0x1.3e3a26p-7
0x1.0236dep-3
-0x1.8e185cp-2
-0x1.8c762cp-4
-0x1.f022a6p-4
0x1.541ce4p-8
0x1.8c511ep-3
0x1.9bc746p-3
-0x1.d72678p-4
0x1.8312d4p-8
0x1.a609c4p-3
-0x1.87366ap-7
-0x1.ab8b44p-4
-0x1.33ecacp-2
0x1.18325p-4
0x1.6e35a2p-4
-0x1.06ce3ep-4
0x1.a6df2ep-5
0x1.6eccfap-3
-0x1.181b2ep-2
0x1.508abcp-3
0x1.edf842p-4
-0x1.fc5526p-4
-0x1.9d36a8p-5
0x1.132034p-2
0x1.44b164p-4
-0x1.87524ep-8
-0x1.5d13aep-4
-0x1.5cfe2ep-4
0x1.17cbdep-2
0x1.8661bcp-3
-0x1.f25594p-4
0x1.519402p-6
0x1.8203d2p-4
-0x1.1b1678p-2
-0x1.4ec1e4p-4
-0x1.15075ap-5
0x1.33aa8p-2
-0x1.b1cc38p-5
0x1.176e1ap-2
-0x1.676a0ep-4
0x1.0a963cp-3
0x1.7c77d8p-5
-0x1.155ae2p-2
-0x1.a50efep-3
-0x1.b50a8ap-3
-0x1.c2fa94p-4
-0x1.3292b2p-4
0x1.6258dep-2
-0x1.24f346p-1
-0x1.1019d4p-3
-0x1.04a5a4p-2
0x1.b2c514p-2
0x1.ce50d8p-3
-0x1.bebdd8p-4
0x1.54042cp-2
-0x1.a05f1p-3
-0x1.5434dp-4
-0x1.524c08p-4
0x1.52e016p-4
-0x1.7ed762p-3
-0x1.ae0e9ap-5
0x1.c49014p-5
-0x1.548a38p-2
0x1.1c481ep-3
0x1.9545eep-4
0x1.88bdfp-4
-0x1.524068p-6
-0x1.3ef8ap-2
0x1.9f7172p-5
-0x1.0fadccp-2
-0x1.1db45ep-3
0x1.d53902p-3
0x1.775248p-3
0x1.9c581ep-5
-0x1.88a512p-3
0x1.16697ap-4
-0x1.159ba8p-3
0x1.cb8eep-3
0x1.c59352p-3
0x1.302d5ap-3
-0x1.31f47ap-1
-0x1.1bd308p-3
0x1.005458p-2
0x1.35dceep-3
-0x1.a31e14p-6
-0x1.0397dcp-3
0x1.3b0af2p-6
0x1.37cf4ap-2
0x1.b295eap-4
-0x1.b76f9ep-2
-0x1.0393eap-2
0x1.9498e2p-3
0x1.59ec7p-2
-0x1.6ae23ep-6
-0x1.9cc0ccp-3
-0x1.b5d7f8p-3
0x1.0cf7fap-3
0x1.47222p-4
0x1.e5a572p-6
-0x1.10b382p-7
0x1.0c1fep-5
-0x1.5c5dc4p-2
-0x1.cb077ap-3
-0x1.98cb04p-2
0x1.5121fep-5
0x1.148056p-2
-0x1.1c360cp-3
-0x1.94dabp-2
-0x1.7667dap-5
0x1.66b284p-6
-0x1.d6772ap-3
-0x1.5b7124p-4
0x1.e8f87ep-3
0x1.3354ap-3
-0x1.dc99e2p-2
0x1.6af1b8p-6
0x1.7bce9ap-3
0x1.46000ap-3
-0x1.c4518ep-3
-0x1.513aacp-2
-0x1.d2445cp-3
0x1.a41d3cp-3
0x1.12af42p-2
-0x1.4895bap-3
-0x1.af0c5ap-3
-0x1.6af5bap-4
-0x1.4677a6p-4
-0x1.cc68cp-6
-0x1.d4bdc4p-3
-0x1.15112cp-4
0x1.4c2dfp-3
-0x1.c15542p-4
-0x1.525f56p-2
-0x1.2940b6p-3
-0x1.b69f6p-4
-0x1.46b2cp-2
0x1.89c5b8p-3
0x1.b68a52p-4
0x1.e54d3ap-3
-0x1.ada14ep-2
-0x1.0c6ee2p-3
0x1.063c4ep-1
0x1.1a2ccap-2
-0x1.64a1p-6
0x1.6764f6p-4
-0x1.f0b43ap-2
0x1.415bbcp-2
0x1.005a6ap-4
0x1.73071p-4
-0x1.48a66ep-2
-0x1.bb7d14p-4
0x1.af694cp-5
-0x1.46f4acp-2
-0x1.c5bd06p-5
0x1.66c76cp-5
0x1.ab0b7ap-3
-0x1.fd0b76p-3
-0x1.2ac08ap-1
-0x1.051378p-3
-0x1.2da97p-2
-0x1.944154p-3
-0x1.b3f954p-5
0x1.8ab648p-3
0x1.0bff62p-2
-0x1.78c46ep-2
-0x1.84eb24p-3
0x1.827346p-1
0x1.938accp-2
-0x1.1f2b3ap-2
-0x1.dd92fp-4
-0x1.dbe59p-2
0x1.4ae42ep-3
0x1.4bf23cp-3
0x1.e9958p-4
-0x1.6f788ap-3
-0x1.28c018p-4
-0x1.97de7ap-4
-0x1.6a66ap-2
-0x1.1197b4p-3
-0x1.16065cp-4
-0x1.f4a96cp-6
-0x1.f2bfd2p-4
-0x1.c369p-2
-0x1.75b61cp-4
-0x1.84fc88p-5
-0x1.46c908p-3
0x1.52ebacp-5
-0x1.8dc73p-4
0x1.a599eap-2
-0x1.fa802cp-2
-0x1.e09ba6p-3
0x1.48a714p-2
0x1.80a3ccp-4
-0x1.0e3f4ep-2
-0x1.678e1cp-4
-0x1.297744p-2
0x1.2aae1cp-3
0x1.79d938p-2
0x1.8a4c94p-6
-0x1.f51f1cp-3
0x1.11a0a4p-5
-0x1.4d09d6p-2
-0x1.5b9fe8p-3
-0x1.b11a9p-10
0x1.0dfd54p-3
0x1.d7cf84p-3
-0x1.3d72b8p-3
-0x1.b1352ep-2
0x1.09415ap-2
0x1.8e6adcp-5
0x1.97166cp-3
-0x1.c1b7a6p-5
-0x1.430376p-3
-0x1.58deecp-3
0x1.0be364p-2
0x1.b25d26p-9
-0x1.38d046p-6
-0x1.d2984cp-6
-0x1.3b7aecp-3
-0x1.379a36p-3
0x1.15e0c2p-2
-0x1.1ceb44p-2
-0x1.19f9e6p-5
-0x1.72ed1cp-3
0x1.b13e82p-5
0x1.9038c2p-3
0x1.b14e18p-3
0x1.f789bcp-3
0x1.78d1ecp-3
-0x1.20e2f6p-3
-0x1.20ba96p-3
-0x1.48708ap-7
0x1.bb265p-6
0x1.c426aep-3
-0x1.7c04b6p-3
0x1.c16c7ap-5
0x1.d83b82p-4
0x1.dfb176p-3
0x1.5fd616p-2
0x1.e6f8f2p-4
-0x1.79102ep-5
-0x1.b70e7ap-10
0x1.8c35b4p-5
-0x1.ea1858p-7
0x1.df42e4p-3
0x1.43b37p-3
0x1.d00762p-5
-0x1.4f91bep-3
0x1.dd03d2p-5
-0x1.5acde4p-3
0x1.19ebe8p-5
0x1.ccb6b8p-6
0x1.f5c754p-6
0x1.0480b6p-3
0x1.452f5p-4
0x1.4855fp-3
0x1.00418ap-3
0x1.0d532ap-3
0x1.3d39b2p-6
-0x1.0e3d28p-5
0x1.4ccae6p-6
0x1.86d4f2p-6
0x1.565e5cp-6
0x1.45c31p-3
0x1.5948a8p-5
-0x1.e054c6p-4
-0x1.58af3ep-3
-0x1.97c052p-7
-0x1.c9f1e4p-4
-0x1.7879b4p-3
0x1.92972ep-2
-0x1.02e758p-2
0x1.7b3386p-4
-0x1.d74f7p-3
0x1.37626ep-2
0x1.9ef69cp-2
0x1.f4e504p-5
0x1.a19164p-3
0x1.e7baacp-4
0x1.cefc3ep-4
0x1.5186e6p-2
-0x1.f41bdep-8
0x1.3279d6p-5
-0x1.66128ep-2
-0x1.7e728cp-3
0x1.051bbcp-6
0x1.df5d0ep-3
0x1.1637d4p-2
0x1.b7f31ap-3
0x1.aa2532p-4
-0x1.91f698p-3
0x1.287dbcp-2
0x1.35c23cp-5
-0x1.73ebd4p-2
-0x1.9dd628p-5
-0x1.aec1a6p-2
0x1.1ae932p-3
0x1.36e262p-1
-0x1.2009aap-2
-0x1.03a588p-1
0x1.4930aep-4
0x1.27252cp-3
0x1.e750a8p-7
-0x1.13cec2p-1
0x1.102244p-1
0x1.0afb3p-4
-0x1.47ecf2p-4
-0x1.4f6abp-8
0x1.57589cp-3
-0x1.cecb12p-2
0x1.5f0454p-2
-0x1.2052eep-2
-0x1.c83dep-3
-0x1.258018p-3
0x1.6c26f2p-3
0x1.ad5d48p-4
-0x1.71ed6cp-2
-0x1.aec892p-2
0x1.29b9ccp-3
0x1.344a4cp-2
0x1.5957bap-1
-0x1.2a371ap-2
-0x1.feb85cp-4
0x1.95addap-4
0x1.4dff64p-2
0x1.a9a34cp-2
-0x1.dcc93ap-3
0x1.e4a756p-3
0x1.540482p-1
-0x1.da6708p-4
-0x1.0e386ep-3
0x1.633514p-3
0x1.55180cp-2
-0x1.5dfe92p-3
-0x1.8af72p-3
-0x1.61906ep-3
-0x1.762e3p-3
0x1.756e9ap-3
0x1.e4c98p-4
0x1.b340d4p-3
0x1.52798ap-4
-0x1.67650ap-3
-0x1.7d4df2p-3
0x1.4338fp-9
0x1.54e1fep-5
0x1.cdd3d2p-5
-0x1.2aa91ep-3
0x1.bf57ap-3
-0x1.06c4c8p-3
0x1.391414p-3
0x1.a5d17p-3
0x1.d14752p-3
0x1.19d53ep-2
0x1.f1d598p-6
0x1.67d5cap-2
0x1.3302acp-3
-0x1.0a61b6p-3
0x1.00a7e4p-2
-0x1.1d522cp-5
0x1.af6d08p-6
-0x1.7d6292p-3
-0x1.4c374ap-3
0x1.5fce86p-3
-0x1.514dap-4
-0x1.2af1d6p-3
-0x1.0a4096p-6
0x1.db0fbcp-6
-0x1.0accbep-3
0x1.13c44ep-2
0x1.93bc5ep-2
0x1.17c6d6p-3
0x1.bf7218p-8
-0x1.237e6cp-4
0x1.7af91p-4
0x1.0204cap-3
0x1.499b7p-3
-0x1.ad0b42p-3
-0x1.574446p-4
0x1.c525cap-3
-0x1.a505e4p-3
0x1.20fbe4p-5
0x1.71eaa6p-9
-0x1.3146fap-3
-0x1.6e6e5cp-6
-0x1.6a461ep-2
-0x1.03cc78p-5
-0x1.5b494ap-3
-0x1.6468d4p-5
0x1.056828p-2
0x1.7f0bfp-4
-0x1.63a6b6p-3
0x1.74ac6p-3
-0x1.b6c76ep-8
0x1.07032ap-4
0x1.c29c78p-4
-0x1.44682p-6
0x1.c30534p-5
-0x1.28388ap-3
-0x1.2d7a12p-7
-0x1.2caf94p-3
-0x1.69b0f2p-3
0x1.35f7ep-5
0x1.26af6p-4
0x1.ee6ca4p-4
0x1.f0e838p-4
-0x1.590748p-5
-0x1.5fa2fep-3
0x1.ddb9fap-5
0x1.17093cp-3
0x1.c4934ep-3
0x1.01e6cep-2
-0x1.156322p-3
0x1.71c5ccp-6
-0x1.12c138p-5
0x1.c550bp-5
-0x1.8eb386p-9
-0x1.99bdcp-3
0x1.a9223ap-4
0x1.a4b606p-3
0x1.6d8e4p-3
0x1.d59c4ep-4
0x1.7cbe8p-4
0x1.9ea3bcp-6
-0x1.598e9ep-10
0x1.e09b0cp-4
-0x1.c25b06p-3
-0x1.e51104p-5
-0x1.c8474ap-3
-0x1.8fd2a4p-4
0x1.00afd2p-6
0x1.1d3db6p-3
0x1.6726f4p-4
0x1.09399cp-2
0x1.6f5eeap-4
-0x1.fd010ep-5
-0x1.fe0c96p-4
-0x1.5e3496p-4
0x1.1a2f3ap-4
-0x1.4c63c4p-2
0x1.1d5726p-5
0x1.b6418ap-4
0x1.9fa682p-4
0x1.1618acp-3
0x1.3a4998p-4
0x1.01e892p-2
0x1.99d73ap-3
0x1.a3d086p-3
0x1.a6c964p-6
0x1.04a9bp-3
0x1.82b454p-5
0x1.881c7ep-5
0x1.0c6ef4p-4
-0x1.a9391p-4
-0x1.3ab7a2p-4
0x1.cc44a2p-3
-0x1.9bec8p-4
0x1.c57ebap-4
0x1.e66f5cp-9
-0x1.07814ap-5
-0x1.05370ap-2
0x1.d1fe04p-5
0x1.f2338ap-5
0x1.46c608p-3
0x1.ede60ep-6
-0x1.4d839cp-2
-0x1.d4854cp-6
-0x1.66c73ap-4
0x1.6410dcp-5
-0x1.b7fe12p-4
-0x1.3a189ep-3
0x1.1673bcp-2
0x1.71c55ep-2
0x1.6a9d0ap-6
0x1.92eb46p-6
0x1.19953cp-5
0x1.6900f4p-3
-0x1.60aedp-6
-0x1.84a4aep-4
0x1.e85d06p-3
0x1.4dbc7ap-5
0x1.404d3ep-2
-0x1.d45186p-3
-0x1.79b878p-4
-0x1.dd9346p-3
-0x1.30eadap-5
0x1.068a34p-2
0x1.1d5aaep-3
-0x1.303166p-4
0x1.4c951ap-6
0x1.4c8bcep-8
0x1.36de12p-2
0x1.708834p-4
-0x1.3749e6p-2
-0x1.2b298ap-3
-0x1.9938fap-4
-0x1.5d2aaap-6
0x1.062f4ap-3
0x1.7d4fbp-3
-0x1.26b80ep-3
-0x1.8a5d0ap-4
0x1.6fb5cap-3
0x1.1f64d6p-2
0x1.04e138p-1
0x1.4cbd74p-3
0x1.26414ap-4
0x1.be9b28p-3
-0x1.9c808ap-9
0x1.5f5ff2p-2
-0x1.1d91cep-4
-0x1.2d14a6p-3
0x1.3cc87ep-3
0x1.19545p-6
0x1.619b6cp-4
0x1.2b63eap-3
-0x1.68a82ap-4
-0x1.94f1d6p-5
0x1.c443dp-5
-0x1.8a2cbap-3
-0x1.ca9ed2p-4
-0x1.615678p-3
-0x1.5a8fdp-4
0x1.2a9114p-3
0x1.f5c074p-4
-0x1.de497ep-3
-0x1.fb526ap-5
-0x1.918a8cp-5
0x1.7469b2p-3
0x1.7d53fep-3
0x1.9d220cp-6
0x1.238214p-7
-0x1.815c32p-3
-0x1.6b60e6p-4
0x1.6312dep-3
-0x1.e8e162p-5
0x1.ea2e5ep-6
0x1.1f158p-2
0x1.806a5ep-4
0x1.a54692p-4
-0x1.1546bp-3
0x1.75916ap-6
-0x1.438dacp-3
-0x1.495ea8p-4
-0x1.166facp-2
-0x1.4d0ab2p-2
0x1.71638cp-3
-0x1.5ff6ecp-5
-0x1.3071cep-2
0x1.124814p-2
-0x1.060f9ap-2
0x1.a974fep-3
0x1.fb6d9p-3
0x1.34749cp-2
0x1.85abc6p-2
0x1.23890cp-2
-0x1.69f8ap-3
0x1.f9371ep-7
-0x1.0d7efcp-5
0x1.861dd2p-3
0x1.e9d314p-4
-0x1.e52ef6p-5
0x1.565ec2p-4
0x1.15aa66p-4
0x1.a30bp-4
0x1.67066cp-3
-0x1.27226p-3
0x1.72d3e8p-7
0x1.61fffap-7
-0x1.0872cap-3
0x1.453c32p-3
-0x1.f9d7a6p-3
-0x1.c250a4p-4
0x1.5748fap-4
0x1.9d0eccp-7
-0x1.c2e478p-4
-0x1.88de56p-3
0x1.2729cap-2
0x1.f805b6p-3
0x1.482ed2p-5
-0x1.36918ap-3
0x1.45bf6ap-3
0x1.c96ea8p-4
0x1.59c396p-2
-0x1.ce7e66p-4
0x1.4fb256p-3
0x1.c9ca04p-3
-0x1.8b676p-3
-0x1.0fdc5p-2
0x1.1f17f4p-2
-0x1.632aap-2
0x1.a5eaf8p-8
-0x1.51fd98p-4
0x1.1d9c36p-8
0x1.16661cp-2
0x1.95a486p-4
0x1.0d37fap-3
-0x1.9cafa4p-3
-0x1.685ce4p-4
-0x1.dde3fp-3
0x1.647888p-3
-0x1.ae6c2ep-5
0x1.726b8ep-3
-0x1.2af362p-5
-0x1.4ff1c2p-4
-0x1.232f6p-3
-0x1.4a2b5ap-4
0x1.ac20aep-2
0x1.0fd576p-2
0x1.9ffabap-9
0x1.2bb244p-3
-0x1.0260c4p-3
0x1.3f69d6p-5
0x1.32650ap-3
-0x1.b9fd1cp-7
0x1.d886c8p-3
-0x1.3c7464p-5
-0x1.46c0dp-2
-0x1.59f54ap-5
-0x1.e9ec3p-3
-0x1.df8532p-4
-0x1.58b096p-3
0x1.e4abb8p-5
-0x1.ed9d56p-4
0x1.eecab6p-4
-0x1.dd4142p-4
0x1.4b3c56p-2
0x1.279214p-2
0x1.2b9b22p-3
0x1.f81a6p-3
0x1.d08124p-6
-0x1.db0784p-7
0x1.3e0604p-3
-0x1.47844ap-3
0x1.6d10d8p-2
-0x1.88f19p-3
-0x1.6207ep-6
0x1.97af66p-4
0x1.29e2cap-3
0x1.44e3c8p-4
-0x1.2ce20ap-4
0x1.c158fp-3
0x1.73c4b6p-10
-0x1.709788p-6
0x1.de5338p-5
-0x1.15bf02p-3
0x1.ca46b2p-4
0x1.68569ep-4
-0x1.7f747ap-4
0x1.681616p-4
-0x1.be918cp-8
-0x1.064e8ep-5
-0x1.24777p-3
0x1.ea3714p-4
-0x1.932924p-5
-0x1.435316p-2
0x1.45dc6cp-6
-0x1.4880bap-2
-0x1.64d276p-4
-0x1.e185f4p-5
-0x1.a56dd4p-5
-0x1.40332ep-5
-0x1.53f06cp-2
-0x1.1cb82ap-2
0x1.d2da54p-5
0x1.b0cfaap-3
-0x1.460ea8p-6
0x1.1b24p-4
0x1.c9f28cp-3
-0x1.6402c4p-5
0x1.602968p-5
-0x1.5abc4cp-4
-0x1.9458cep-3
-0x1.ac70aap-5
-0x1.bb219cp-5
0x1.9190fep-3
-0x1.19cea4p-3
0x1.0781dap-7
0x1.d69e96p-4
0x1.007e7ep-8
-0x1.4784cep-7
0x1.b151d2p-3
-0x1.01f9bap-3
-0x1.71dc2ap-3
-0x1.7d9b08p-5
-0x1.87ebap-3
-0x1.3acec4p-3
-0x1.97c71ep-3
0x1.6519e6p-6
0x1.919df4p-8
0x1.6da8e6p-3
0x1.50d8a6p-3
-0x1.d7159ep-3
0x1.dea396p-2
-0x1.27acfp-5
0x1.73b022p-4
0x1.25eaf2p-3
0x1.5042dp-5
-0x1.b659e4p-3
0x1.0f63a2p-3
0x1.15de18p-9
0x1.3986dcp-4
0x1.a8133p-3
-0x1.baacd8p-4
0x1.69c338p-4
-0x1.a496c2p-3
0x1.d644a6p-3
-0x1.cef302p-3
0x1.314a4ep-6
0x1.1b779ap-2
-0x1.915adp-7
-0x1.1f111ap-2
0x1.d2cecp-7
0x1.790ffap-4
0x1.7317p-2
0x1.04c548p-4
-0x1.59a154p-3
-0x1.05cbe8p-4
-0x1.4569c6p-3
-0x1.15a4dap-4
0x1.0d06e6p-6
-0x1.bf2e44p-2
-0x1.ebe79p-3
-0x1.46a152p-2
-0x1.5646b6p-4
-0x1.533324p-2
-0x1.3c907p-3
0x1.4a7782p-2
0x1.1839f8p-3
0x1.32d1eep-3
-0x1.08471ep-3
-0x1.0d9e92p-2
0x1.93c6c2p-3
0x1.a6a9a2p-3
-0x1.c44e92p-7
0x1.2fbf0ap-3
-0x1.4a2778p-2
-0x1.638d7p-3
-0x1.05b0fep-3
-0x1.55dfbap-4
0x1.96a164p-6
-0x1.61ebf4p-5
-0x1.193ceep-5
0x1.51264ep-7
0x1.32a9fap-3
-0x1.edf484p-4
0x1.c2615p-3
0x1.2b5a78p-3
0x1.3a004ep-4
-0x1.03fa1p-3
0x1.6b833ep-3
0x1.4fe722p-3
0x1.877d2ep-2
0x1.31ff2cp-4
-0x1.e7677cp-6
0x1.1af6e4p-3
0x1.99fe96p-5
-0x1.af3aaep-6
-0x1.c6badep-6
-0x1.de703ep-3
-0x1.ffcbecp-3
-0x1.8b0574p-9
0x1.1a728p-2
0x1.0ad15ep-2
-0x1.7ead98p-2
-0x1.3d5824p-4
0x1.009c5p-1
0x1.ab5c2p-3
-0x1.7a46ecp-4
-0x1.6ce862p-2
-0x1.f97bbap-3
-0x1.d1aac2p-6
-0x1.423318p-4
0x1.c18214p-3
0x1.effdc8p-4
-0x1.42a4a8p-3
-0x1.9f95ep-4
-0x1.ad14b2p-3
0x1.375c8p-2
0x1.29ece2p-1
0x1.1f781ep-3
0x1.b3a2f2p-2
-0x1.59bed4p-2
0x1.4d40fap-6
0x1.95c46cp-3
-0x1.43470ap-8
-0x1.502adap-3
0x1.74d804p-3
0x1.e103eap-5
-0x1.413daap-2
0x1.f210e8p-7
0x1.1d68acp-5
0x1.3e8228p-3
0x1.b8688p-9
-0x1.8fbcfap-3
-0x1.289f5ap-4
-0x1.c2999p-3
-0x1.a6799ep-3
0x1.7e836ap-3
0x1.e5ca5ep-2
-0x1.ebeb3p-2
-0x1.e7b98ap-4
-0x1.4eb66ep-3
0x1.1f4d64p-1
0x1.4e18f6p-2
0x1.0abb74p-1
-0x1.3d2e0cp-4
0x1.d9e0d4p-6
-0x1.963ddap-4
-0x1.675d5p-2
0x1.0bee5p-5
-0x1.c6d7e2p-7
-0x1.328086p-3
0x1.c1c11ap-4
0x1.883c62p-8
-0x1.1e8a06p-11
0x1.178dbap-3
0x1.b22592p-6
-0x1.b2ba24p-5
-0x1.169704p-5
-0x1.53c026p-3
0x1.8e1514p-6
0x1.502056p-3
0x1.fd3fdcp-6
0x1.6c737p-3
0x1.28d37ap-5
-0x1.2cd94cp-3
0x1.3144a8p-4
0x1.6c346ap-4
-0x1.da0848p-5
-0x1.f5e3bcp-4
0x1.7645a2p-4
0x1.face1cp-3
-0x1.8ce1e6p-4
0x1.dbf9fap-4
-0x1.b6abdp-3
-0x1.ce2d3ep-3
0x1.4af592p-4
0x1.678ed2p-4
0x1.c4f998p-3
-0x1.45b84ap-11
0x1.64ca96p-2
-0x1.cd86eep-8
0x1.61f9f4p-2
-0x1.ef0eeep-6
-0x1.19f4aap-3
0x1.640b34p-4
0x1.0383f4p-5
-0x1.660e04p-2
0x1.24944ap-5
0x1.35c306p-4
-0x1.ff516p-4
0x1.28407cp-2
-0x1.979ff8p-5
-0x1.d660d6p-4
-0x1.b5853cp-3
-0x1.05d8c8p-3
0x1.de42bep-5
0x1.0b0cb4p-6
0x1.430966p-3
-0x1.78f7eap-4
0x1.c8e40ap-9
-0x1.42795p-3
-0x1.21dap-2
0x1.3007cp-5
0x1.bffd88p-4
0x1.594a82p-8
-0x1.332ee6p-3
0x1.e1a556p-6
0x1.55b084p-5
0x1.15c398p-3
-0x1.2ce132p-5
0x1.914fdep-6
-0x1.bee6f8p-3
-0x1.01e5bap-3
0x1.13b7acp-3
-0x1.d6e742p-5
0x1.7c86c6p-3
0x1.fc8134p-5
-0x1.507e6cp-3
-0x1.0cf5b6p-4
0x1.c88f06p-4
0x1.1ff60ap-9
0x1.05dd5p-5
0x1.f4a1f2p-6
-0x1.874cfap-5
-0x1.0b393cp-2
-0x1.1e51c8p-5
0x1.0533f6p-7
0x1.cd548ap-3
0x1.5795a8p-3
0x1.24a3ap-6
-0x1.ef69b4p-5
0x1.a56802p-4
0x1.055c8cp-5
0x1.a3f85ap-2
0x1.e7bf3ep-5
-0x1.0a7178p-2
-0x1.5e97f2p-4
0x1.1d9dd6p-2
-0x1.3ab404p-3
0x1.111654p-2
-0x1.609c5ep-6
0x1.e06f1ep-4
-0x1.57235ap-4
-0x1.7fe0fcp-2
0x1.b4eca2p-6
-0x1.40b408p-5
0x1.e304d8p-3
-0x1.6754ecp-7
0x1.da98dep-4
0x1.3cf12ap-4
0x1.f00184p-5
-0x1.a44d26p-3
0x1.49022ep-1
0x1.d7637cp-3
-0x1.d21138p-3
-0x1.4ea6dap-2
0x1.47defp-6
0x1.1c43c4p-5
-0x1.85006p-3
0x1.402812p-3
0x1.205992p-3
-0x1.9ec14cp-2
-0x1.dbc9dp-3
-0x1.788476p-3
0x1.93f33cp-3
0x1.6790f2p-2
0x1.24b5b8p-5
0x1.f99ff6p-4
-0x1.e7d99p-5
-0x1.31485p-6
0x1.745636p-2
0x1.262ab4p-4
0x1.632e8ep-4
-0x1.3c1ba4p-3
-0x1.a51aaep-6
0x1.10227ep-3
-0x1.52d416p-5
-0x1.07354cp-3
-0x1.06529ap-3
0x1.515558p-4
0x1.9a567ep-4
-0x1.272632p-3
-0x1.fe0beep-5
-0x1.8bed56p-5
0x1.b3343p-5
0x1.0c3b16p-7
0x1.e20aaap-4
0x1.8dd96ep-5
-0x1.411b4ap-4
-0x1.82f3c4p-3
0x1.205a6cp-2
0x1.dfefe6p-3
0x1.d213ep-4
0x1.bd66a6p-3
-0x1.79ec3ap-3
-0x1.3088bep-7
-0x1.2fbdc2p-6
-0x1.04ae88p-3
-0x1.8df26cp-3
-0x1.42c954p-5
-0x1.ff4196p-7
-0x1.d2f4f2p-4
-0x1.85e3d4p-7
0x1.12076p-2
0x1.ce9d2p-6
-0x1.d8302p-4
0x1.608aap-3
-0x1.ef263cp-4
0x1.5222p-4
0x1.7900bcp-5
-0x1.92b7dap-3
-0x1.613128p-3
0x1.551a7p-5
-0x1.7b01b8p-4
0x1.50862cp-3
-0x1.616f2cp-4
-0x1.d80c6ep-6
0x1.a9a34p-7
-0x1.a6c34cp-4
-0x1.4eeeccp-8
0x1.c67936p-4
0x1.6415b4p-6
-0x1.c62bdp-4
0x1.b6bc36p-5
-0x1.3ab94cp-2
0x1.15b3b8p-4
-0x1.4d0e64p-3
0x1.cddb54p-5
0x1.2344ap-3
-0x1.e97176p-4
-0x1.426838p-3
-0x1.84404cp-3
0x1.16b074p-3
0x1.909bf2p-3
-0x1.44fae2p-3
-0x1.a0c4fp-3
0x1.345dd8p-4
-0x1.e4c566p-4
-0x1.b9b576p-3
0x1.bc27c2p-4
-0x1.3b9d44p-2
0x1.3fc458p-4
0x1.7e60fap-6
-0x1.2c1264p-3
-0x1.30d36p-5
-0x1.913afap-4
-0x1.aa6e3cp-3
-0x1.5badd4p-5
-0x1.84073p-8
0x1.b470fap-3
-0x1.26544p-9
0x1.c3550cp-8
0x1.5cd022p-6
0x1.442302p-2
-0x1.d3b634p-4
0x1.97c5bep-4
0x1.90bcfcp-3
-0x1.ed29dep-4
-0x1.715daap-3
0x1.f8d1aap-5
0x1.301b32p-3
-0x1.775246p-3
-0x1.a92658p-3
0x1.07bb4ep-3
0x1.2bf1bcp-5
0x1.f56bfap-3
0x1.1ba532p-5
-0x1.886b06p-4
0x1.f5d01p-4
-0x1.352c5ap-6
0x1.91a8c2p-4
-0x1.f136cep-7
-0x1.0e07b6p-2
0x1.a012e4p-7
0x1.30135cp-2
0x1.e85694p-6
-0x1.b8254p-6
-0x1.cfc04ap-4
0x1.325c8ap-5
0x1.9cc154p-9
-0x1.17ef94p-4
0x1.35f9ap-7
0x1.d08f4ap-3
-0x1.a985c4p-3
-0x1.3358p-3
0x1.2149a4p-2
0x1.6e6baap-5
0x1.c87f22p-6
0x1.c1b914p-5
-0x1.fbe87cp-3
-0x1.113aa6p-2
0x1.3e1b58p-4
0x1.2294d8p-4
-0x1.9c6b0ap-4
0x1.08a16ap-2
-0x1.acfac4p-3
0x1.474c7cp-6
-0x1.cd282p-4
0x1.057d68p-3
0x1.007e3cp-2
0x1.7cba3ep-3
-0x1.04e544p-3
0x1.94607cp-4
0x1.7dcaeep-3
0x1.3897ap-3
-0x1.22989cp-3
0x1.0b7672p-3
0x1.adbddep-3
-0x1.2bb5d2p-4
0x1.adb0dep-3
-0x1.37d262p-4
0x1.a8eadap-7
0x1.3715f4p-4
0x1.eb04a8p-5
0x1.38c7dcp-5
-0x1.2d217ep-2
-0x1.79bd4cp-5
-0x1.25d2dcp-4
-0x1.640126p-4
0x1.25ed82p-1
-0x1.70500ep-3
-0x1.6f5c48p-4
-0x1.eade7ap-4
0x1.84c92p-3
0x1.f97c6p-4
0x1.2ebfdp-8
0x1.9b2dep-3
-0x1.537c18p-4
-0x1.93ea4cp-3
-0x1.b97694p-3
0x1.30ad8p-4
0x1.70b3fp-5
0x1.62d2dep-3
0x1.bd748cp-4
-0x1.cb985cp-6
-0x1.403602p-3
-0x1.a9c6p-4
-0x1.98168ap-5
-0x1.0974a8p-4
-0x1.7d1e1cp-4
0x1.03d696p-5
-0x1.39d1dp-3
-0x1.80e01ap-4
-0x1.d3f58ap-3
-0x1.2d3512p-3
-0x1.ef05e8p-4
0x1.5dd7e2p-3
-0x1.ffa636p-3
-0x1.5ba878p-3
0x1.10e62p-5
-0x1.ae11bp-3
0x1.362354p-2
-0x1.a7d224p-6
-0x1.065954p-3
-0x1.709f72p-4
0x1.96be7p-6
-0x1.39f3c4p-5
-0x1.590ed6p-4
-0x1.623ddcp-3
0x1.2eb0bep-4
-0x1.7a356ep-4
-0x1.51b5bcp-8
0x1.a170eap-7
-0x1.1a6e3ap-2
-0x1.b4e842p-3
0x1.377f1ep-3
0x1.12e584p-4
0x1.693b9ep-3
-0x1.d09aep-7
0x1.7ec5b8p-4
-0x1.ff1bep-3
0x1.d1a302p-4
-0x1.4829d6p-3
0x1.10dc4ep-3
0x1.26963ep-4
0x1.24673p-3
0x1.e7748cp-3
-0x1.0398ep-4
-0x1.f92908p-3
0x1.964a48p-4
0x1.79ce74p-4
0x1.2fd42p-4
0x1.572ea8p-3
-0x1.347ef8p-4
-0x1.27c61ep-4
-0x1.a851acp-6
-0x1.29a2ecp-8
0x1.60f33ap-4
-0x1.1aeecep-3
0x1.3f30dcp-5
0x1.f90864p-7
0x1.fb1458p-5
-0x1.8c5b8ep-12
-0x1.e07c9ep-4
0x1.0da634p-2
-0x1.1755b8p-3
0x1.e2bf4ep-3
-0x1.bafcecp-3
0x1.285506p-3
-0x1.0060aap-7
-0x1.1e0214p-2
0x1.537d4ep-4
0x1.06609ap-4
-0x1.c48898p-5
-0x1.4f48cap-3
-0x1.76ae14p-6
-0x1.09bed4p-3
-0x1.bcb63p-5
0x1.1f658ap-3
-0x1.d389ecp-4
0x1.c0f968p-3
0x1.3f1ea2p-4
-0x1.306682p-4
-0x1.371664p-5
-0x1.74f3c8p-4
-0x1.d9501ep-6
-0x1.230b08p-4
0x1.8bfef8p-9
-0x1.e84544p-4
0x1.12d71ep-3
-0x1.4c05fcp-4
0x1.d486cep-2
-0x1.5cb01ep-4
0x1.7cdf68p-3
0x1.9b4c9ap-6
-0x1.8815d6p-9
0x1.2b0d84p-3
0x1.8ac828p-4
-0x1.25f3p-3
0x1.0724fcp-5
-0x1.5a550ep-6
-0x1.7a5d9ep-6
-0x1.883b0ep-4
0x1.1e41dcp-4
0x1.8947eep-6
-0x1.86146cp-5
0x1.098286p-5
0x1.b6c478p-4
0x1.16996ep-7
-0x1.2bccfcp-4
0x1.48b748p-4
0x1.62ffbep-5
0x1.e04abap-5
-0x1.d61da4p-4
0x1.1a42c2p-4
-0x1.5ba4bcp-3
0x1.cc9edap-4
-0x1.251a16p-2
0x1.64392ep-4
0x1.790476p-9
-0x1.56e508p-4
0x1.4b32fep-2
-0x1.82ea5cp-4
-0x1.f5fc2cp-5
0x1.3140d6p-3
0x1.7639fep-4
-0x1.33c9dcp-3
-0x1.a7344cp-4
-0x1.004e8ap-6
0x1.b8a4c6p-3
0x1.15825cp-4
0x1.427534p-5
-0x1.893162p-3
0x1.ba4e54p-3
-0x1.4c5a2p-4
-0x1.42cdd2p-5
0x1.7ea3dap-4
0x1.dc1f42p-4
-0x1.c0e87ep-6
0x1.10b55ep-2
0x1.1fc582p-4
0x1.a02a6ep-2
-0x1.49c6aep-2
-0x1.b4edcap-6
-0x1.31e5d8p-3
0x1.cd5354p-6
0x1.8f352p-3
0x1.6894dp-5
-0x1.eb75c2p-4
0x1.e5e512p-4
0x1.83d624p-4
-0x1.a79158p-4
-0x1.54eb5ap-4
-0x1.6138dcp-4
0x1.9ead02p-4
0x1.862354p-3
-0x1.17419p-7
-0x1.f3218ap-4
0x1.62be3ap-7
-0x1.3e3258p-6
0x1.b2c552p-3
0x1.09dc62p-3
0x1.1d2c58p-6
0x1.033f84p-4
0x1.8ecb54p-4
0x1.c52a38p-3
0x1.80d3c4p-4
0x1.432432p-5
0x1.16c236p-3
-0x1.3a5ed4p-6
-0x1.9b7e5cp-3
0x1.a53076p-5
0x1.a9ddb6p-4
0x1.8ea8b2p-4
0x1.f536e2p-5
0x1.7fcac6p-5
0x1.ff36c6p-6
-0x1.50225ep-4
-0x1.f1b10cp-3
0x1.7668d6p-4
0x1.d5706ep-3
0x1.160a5p-3
-0x1.33fc3ep-3
0x1.5fb73ep-4
0x1.83cb16p-6
0x1.0b784ep-3
0x1.07b318p-3
0x1.b05978p-4
0x1.0f0ff4p-3
0x1.1544a8p-2
0x1.02b638p-2
0x1.fca438p-3
0x1.7a17bcp-8
0x1.5983fep-4
-0x1.967e1ep-3
0x1.b1b222p-4
0x1.8d46b4p-5
0x1.21541cp-7
-0x1.09e1a2p-3
0x1.d2c794p-3
-0x1.ba2ebcp-4
-0x1.4a2d98p-3
-0x1.2abcb4p-4
-0x1.c38ac8p-4
0x1.18b0e4p-3
0x1.9f6414p-2
0x1.5201c6p-3
-0x1.973cc6p-6
0x1.9ff72ap-4
-0x1.0b2e9ep-3
0x1.b6effap-3
0x1.2ae99ap-4
0x1.10a6ccp-4
0x1.621bbap-4
0x1.8c4ed2p-3
0x1.9354bp-7
0x1.3969d4p-2
-0x1.29c25ep-7
-0x1.012ae8p-8
-0x1.ea2a64p-2
0x1.29dbcap-4
0x1.6ea218p-5
-0x1.824978p-4
-0x1.8eb3b4p-5
0x1.2f3724p-3
0x1.3bf76cp-5
-0x1.d32cfp-3
-0x1.4c8b9cp-3
0x1.6dd646p-4
0x1.60d17p-4
0x1.54f56ep-2
0x1.0dabfap-2
-0x1.37c238p-4
0x1.5b33cap-9
-0x1.632186p-4
0x1.2b5c3p-3
0x1.f7906p-3
0x1.7b4064p-4
-0x1.cdae72p-5
0x1.783996p-5
-0x1.4a4672p-4
0x1.c24c5ep-3
-0x1.a6dd16p-7
-0x1.323198p-5
-0x1.61e104p-3
-0x1.42b14ep-4
0x1.1d08bap-3
0x1.569fdep-5
0x1.a4cd42p-5
-0x1.a00d5ep-5
-0x1.898e4cp-4
-0x1.3da726p-5
-0x1.9a6ffcp-6
0x1.246408p-4
-0x1.c28d8ap-5
0x1.76c9acp-4
0x1.a55edcp-2
-0x1.6779dap-4
0x1.2ad962p-5
0x1.61721cp-5
0x1.d53c78p-3
0x1.add4b8p-3
0x1.c4a96cp-5
0x1.2e135ap-3
0x1.dd4604p-10
-0x1.bed378p-5
0x1.d8edd8p-2
0x1.5d0dbap-4
-0x1.397d18p-2
-0x1.b4e7bep-3
0x1.4c45b2p-3
0x1.cb758p-4
-0x1.f0b042p-3
-0x1.c95ce4p-3
0x1.cacf9ap-2
0x1.73be84p-3
-0x1.772f54p-5
-0x1.5d2276p-2
0x1.0b79e6p-2
0x1.3ab226p-3
0x1.3f3774p-3
0x1.039b66p-3
0x1.c3fdaap-4
0x1.c9a0ecp-3
0x1.af1c6cp-5
-0x1.bd225ep-4
0x1.a3831cp-3
0x1.ade718p-5
0x1.f0d486p-3
-0x1.3ccb8p-3
-0x1.42af8ep-3
0x1.6cde2ep-7
0x1.00d06ap-3
0x1.9a2fa2p-4
-0x1.ab1cc6p-3
0x1.d8e2d4p-5
0x1.59d6cp-4
-0x1.0d5242p-4
-0x1.240f2p-4
-0x1.4331bap-3
0x1.419796p-6
-0x1.36409ep-2
-0x1.16d988p-5
0x1.0a704p-2
0x1.316ff4p-3
0x1.75311ap-4
0x1.8811eap-3
-0x1.bafb5ep-4
-0x1.2337bap-2
0x1.2e755p-3
-0x1.e384a8p-6
-0x1.6c7fa8p-3
0x1.1d780cp-5
0x1.9b59dap-5
-0x1.10fd5ap-2
-0x1.b98f9p-3
-0x1.6327cep-6
0x1.5f157ap-5
0x1.52b0aap-3
0x1.5a7b38p-3
-0x1.7df1dap-2
-0x1.6f5478p-3
-0x1.c2c238p-7
0x1.8fa73ap-3
-0x1.74e156p-5
0x1.811dd2p-4
0x1.2db8c4p-3
0x1.1ab1a4p-2
-0x1.1b8478p-3
-0x1.546f2ep-3
-0x1.2f7718p-6
-0x1.cdb17cp-5
-0x1.36ab46p-4
0x1.aee254p-7
-0x1.4ed6cap-7
-0x1.ec3388p-7
-0x1.4abaaep-3
0x1.57e282p-4
0x1.3d131ep-4
0x1.bf902p-6
0x1.3ae0d4p-4
-0x1.db67a8p-4
0x1.8ddb84p-5
0x1.9a7094p-3
-0x1.893e36p-7
0x1.378994p-4
0x1.174a58p-8
0x1.4d90e4p-4
0x1.c6504ep-3
-0x1.21f0cap-2
-0x1.594f82p-2
-0x1.4c65d6p-5
0x1.223d58p-4
-0x1.ab4244p-4
0x1.13e156p-4
-0x1.622f3ep-5
-0x1.05d23ep-2
0x1.df099ep-4
-0x1.39a126p-4
0x1.f6875cp-5
-0x1.39899cp-3
-0x1.4f5c98p-5
-0x1.3b29dep-4
-0x1.ff9b7ap-4
-0x1.e00b84p-9
0x1.4540b4p-4
-0x1.88a9f8p-7
-0x1.0602c2p-2
0x1.7a0c06p-2
-0x1.cc3bc2p-10
-0x1.c70a42p-4
0x1.b7ffaap-5
0x1.3431p-3
0x1.86b3b6p-4
-0x1.8b144cp-3
-0x1.175aecp-2
-0x1.1409e2p-4
-0x1.1b6582p-5
-0x1.3431bep-5
0x1.b9f7c4p-4
0x1.2feae2p-3
-0x1.4eea62p-6
0x1.05335ep-7
0x1.d4c57p-4
0x1.65badcp-9
0x1.65179ep-3
-0x1.032516p-3
0x1.00e9d4p-9
-0x1.12cf3cp-4
0x1.9c75fcp-3
0x1.fc76bcp-4
-0x1.23be0ep-5
-0x1.6730e8p-2
0x1.7271f8p-8
0x1.a1e03ap-5
-0x1.6f733p-4
-0x1.cf29dcp-3
0x1.c338c6p-3
0x1.ea11d2p-4
-0x1.04c852p-4
-0x1.dd1fp-3
0x1.135454p-3
-0x1.bb5f18p-5
-0x1.7d3862p-2
0x1.ad214p-5
-0x1.4eb6c4p-4
-0x1.f05174p-7
0x1.9710bep-3
0x1.4581f4p-2
0x1.825702p-6
0x1.8182c8p-3
-0x1.ca7d14p-4
-0x1.30924p-3
-0x1.af4606p-3
-0x1.e946e4p-6
0x1.2cd014p-2
0x1.14144p-2
-0x1.2be734p-3
0x1.286182p-2
0x1.e01aa6p-2
-0x1.e84c1ep-3
-0x1.14ba88p-2
0x1.774f9p-3
0x1.703d4ep-3
0x1.e6f564p-3
-0x1.068f7p-4
-0x1.2cbad2p-5
-0x1.669f3cp-5
0x1.6909a2p-3
-0x1.a9043ep-5
0x1.cca358p-3
-0x1.b104b2p-3
-0x1.d46292p-3
0x1.470df4p-1
0x1.c731ecp-3
0x1.b915p-3
-0x1.42569cp-3
-0x1.d253a6p-3
0x1.1b3e3cp-4
-0x1.076d7ap-3
0x1.8104a2p-6
0x1.6e5facp-4
-0x1.28e906p-7
0x1.4aae32p-2
0x1.d9d27p-3
0x1.c191d8p-7
-0x1.ec2f4ap-2
0x1.25861ep-2
0x1.fce39ap-3
-0x1.b31daep-5
-0x1.34f316p-3
0x1.29e57ap-3
-0x1.9d3acep-7
-0x1.837e38p-4
-0x1.38dfdep-6
0x1.e344bp-6
-0x1.c70f38p-3
-0x1.3921fap-2
-0x1.a453c2p-5
0x1.94c3c2p-5
0x1.b761bcp-3
-0x1.edf48ep-2
-0x1.1517e4p-3
-0x1.249388p-4
0x1.88bedep-4
0x1.c22aaap-2
0x1.758848p-6
0x1.565002p-4
0x1.302e84p-2
0x1.313dcp-2
-0x1.c8ad42p-4
-0x1.4db80cp-3
0x1.42f63ep-3
0x1.33f6acp-3
-0x1.a91cb8p-5
-0x1.7882eep-3
0x1.af0024p-5
0x1.2b17c6p-2
-0x1.5d22e6p-5
0x1.b51f6ep-6
0x1.9f0df4p-4
-0x1.58f642p-4
-0x1.38478cp-2
0x1.31b734p-8
0x1.88e07ap-3
0x1.b41144p-5
-0x1.9596eap-3
0x1.a55a1ep-5
0x1.e8cceep-8
-0x1.75c024p-8
-0x1.1bffb2p-6
-0x1.c8f5e6p-5
-0x1.345da2p-2
0x1.1d509p-5
0x1.4407b8p-2
-0x1.7427cap-3
-0x1.620ce8p-5
0x1.002824p-3
0x1.ff80b2p-3
-0x1.38be9ep-3
-0x1.65c1fcp-6
-0x1.e52eacp-6
0x1.6c1174p-2
0x1.d0e482p-3
0x1.831d76p-3
0x1.45b168p-4
-0x1.92a01p-3
-0x1.a6221ap-3
0x1.0f0acp-4
0x1.99efc4p-4
0x1.94a5p-3
-0x1.0a89b4p-7
0x1.05887p-6
-0x1.2cb1e8p-5
0x1.fefef8p-5
-0x1.21e2p-8
0x1.0d48dcp-3
-0x1.3c0a46p-2
0x1.733f5p-7
0x1.eb3df8p-6
0x1.2abc3p-5
-0x1.5a1bd2p-4
0x1.ce81b8p-5
0x1.59349ap-3
0x1.25c4a2p-5
-0x1.7b916cp-4
0x1.62559p-5
-0x1.23a33p-5
-0x1.5e98e6p-3
0x1.3b0aeep-2
0x1.b94688p-6
0x1.2f8b1ep-5
-0x1.ec249cp-3
-0x1.2de95ap-3
-0x1.7c8664p-6
-0x1.dac74ap-4
-0x1.4028a6p-5
0x1.f27696p-5
0x1.6d88b6p-6
0x1.16f768p-4
0x1.fc33e2p-4
0x1.b53386p-4
-0x1.fdd3cp-4
0x1.ce2f44p-3
0x1.b452ecp-5
0x1.85f83p-3
-0x1.01c776p-2
-0x1.01c408p-4
0x1.7f0aap-3
-0x1.a20abcp-3
-0x1.11aeeap-5
-0x1.b838cep-4
0x1.79e704p-3
-0x1.29e018p-2
0x1.cafe6ap-2
0x1.f7bea2p-5
-0x1.33ed62p-3
0x1.2fd50ap-3
-0x1.323df8p-2
0x1.3350e4p-8
0x1.b078dp-8
0x1.e3dbbep-4
0x1.ccb0a2p-4
-0x1.e4b48cp-5
0x1.229c5p-2
0x1.19e832p-5
0x1.d6c644p-5
-0x1.7f5ccep-4
-0x1.30f6bcp-3
-0x1.595e5ep-5
-0x1.03bdbp-2
-0x1.ea56dp-3
0x1.4d6b2ap-4
0x1.e6295p-3
-0x1.472c9cp-4
-0x1.ed7944p-3
-0x1.1b7bep-10
0x1.4887bp-4
0x1.3f72a2p-8
0x1.d16bb8p-6
0x1.4aef52p-3
0x1.80ea38p-4
-0x1.cdb41ep-3
0x1.065494p-2
-0x1.3c64bcp-4
0x1.3a3ddcp-3
-0x1.b380ecp-3
-0x1.6d17acp-5
-0x1.0261aep-3
0x1.c13046p-4
0x1.4e028ep-3
0x1.95146ep-4
-0x1.26d0fap-3
0x1.f09be2p-6
0x1.d00274p-4
-0x1.652dcep-5
-0x1.12662ap-3
-0x1.ac6c2ep-7
0x1.51da16p-2
-0x1.098292p-3
-0x1.ea88bap-3
0x1.2faf62p-3
0x1.c44154p-4
-0x1.284d1cp-3
0x1.2e6a96p-5
0x1.48a00ep-4
0x1.623c2ep-8
-0x1.c7d45p-14
0x1.e78cd6p-5
-0x1.63ec86p-3
0x1.b9e698p-3
-0x1.fba972p-5
-0x1.8fd152p-4
-0x1.e9fe5p-7
0x1.9cb81ep-3
0x1.a1e856p-4
0x1.ec8b62p-7
0x1.7bcd54p-5
-0x1.0e1eaap-5
0x1.2040bap-4
-0x1.9b4426p-4
0x1.46b28ep-2
0x1.7a8778p-5
0x1.66aa3ep-3
-0x1.ce5f8ep-8
-0x1.18ec58p-3
0x1.09704cp-7
0x1.3ae808p-4
-0x1.76d402p-3
0x1.39ec32p-5
0x1.90cbb4p-3
0x1.a73606p-7
-0x1.28d7d2p-4
0x1.16479ap-2
-0x1.289936p-3
0x1.41778cp-3
-0x1.743656p-5
-0x1.32ddf6p-3
0x1.59ce0ep-7
0x1.070b94p-2
-0x1.970d14p-6
0x1.7ff092p-4
-0x1.65e97ep-2
-0x1.85f3p-4
0x1.ff5952p-6
-0x1.eb2d0cp-3
-0x1.7f4872p-3
-0x1.2de05cp-7
0x1.850a8p-3
0x1.07e7c8p-6
-0x1.4b82b2p-4
-0x1.46c756p-3
-0x1.6e7978p-5
-0x1.b15ba8p-5
0x1.c8140ap-2
0x1.84dbfp-2
0x1.d6f55p-3
0x1.fd4912p-4
0x1.232bb8p-8
-0x1.d23876p-3
0x1.edb3ap-7
-0x1.520428p-3
-0x1.9b2db8p-7
-0x1.aa1ef2p-5
0x1.c35538p-3
0x1.627eb4p-4
0x1.4ebcaep-3
0x1.6f0292p-2
-0x1.d0659ap-3
-0x1.d5faeap-4
0x1.0f276cp-5
0x1.b1bbcp-4
0x1.764d28p-4
0x1.073b6ep-3
0x1.f60e64p-3
-0x1.5bc4c2p-5
-0x1.bfc76ep-4
0x1.261318p-3
-0x1.9bad0ep-3
-0x1.4c909ap-5
0x1.c48914p-3
0x1.a4fc2ep-3
0x1.0725aap-3
-0x1.929f9ap-4
-0x1.f84cb6p-3
-0x1.355892p-3
-0x1.142f2p-4
0x1.208a28p-4
0x1.9f8192p-4
0x1.76717cp-4
-0x1.fd8606p-4
0x1.7f9b8cp-5
0x1.28f8d2p-2
-0x1.5f915p-4
-0x1.ce2042p-4
-0x1.1e06f2p-3
-0x1.5310c6p-4
0x1.270e1p-5
0x1.4b38b6p-5
0x1.ee92a6p-4
-0x1.a0df6ap-7
0x1.7f86f8p-3
-0x1.7f5fdp-4
-0x1.1958f2p-3
0x1.054e2ep-2
-0x1.b2d5dap-5
0x1.9e88e2p-4
0x1.53e276p-4
-0x1.897d8ap-4
0x1.1136b8p-4
0x1.438908p-5
-0x1.199b16p-6
0x1.4e5c84p-4
0x1.4441fep-5
0x1.e8d4a2p-4
-0x1.6227a8p-4
0x1.edaf5p-5
0x1.efaadcp-5
-0x1.8663f2p-3
-0x1.c55c38p-3
-0x1.11aa4ep-6
0x1.5ff142p-2
-0x1.ef79dp-4
0x1.e69cecp-4
-0x1.9f949ep-5
-0x1.9696c6p-4
0x1.634768p-4
-0x1.7012p-3
-0x1.c45f4cp-3
-0x1.f8e4dap-3
-0x1.c7a72p-2
0x1.6e0ee6p-3
0x1.491c7ep-2
-0x1.e6a2f6p-2
-0x1.8743ecp-3
-0x1.996492p-3
0x1.e96b7cp-2
0x1.036612p-2
0x1.f048d8p-7
0x1.238ee8p-2
-0x1.3e289p-4
-0x1.8a093cp-2
-0x1.002c38p-3
-0x1.1b93fep-2
-0x1.142e14p-4
-0x1.e5d3ecp-4
0x1.01863cp-2
-0x1.57cbeep-4
0x1.46921ep-2
-0x1.749432p-5
-0x1.716b38p-4
0x1.f7d63cp-4
-0x1.32bc9p-2
-0x1.785876p-3
-0x1.499e58p-4
0x1.c47584p-6
0x1.67c12ap-6
0x1.e5bb22p-3
-0x1.788cd6p-2
0x1.802066p-4
-0x1.6859fep-3
0x1.43e732p-2
0x1.73e636p-3
-0x1.2407bcp-3
0x1.bb9c42p-4
0x1.e42cdp-4
-0x1.0ce5b2p-3
-0x1.f606aep-5
-0x1.be1f32p-3
-0x1.8984dap-4
0x1.735ceep-4
0x1.c6c222p-3
-0x1.9909e2p-7
0x1.0c5516p-2
-0x1.c1dbp-4
0x1.4c2d2cp-3
-0x1.549edap-3
-0x1.d5a31p-4
-0x1.805a2p-5
-0x1.56485ap-2
-0x1.255af2p-4
0x1.5d9e24p-5
0x1.4d4fb4p-2
-0x1.851974p-3
-0x1.6658f4p-3
-0x1.1db56cp-3
0x1.5fb764p-3
-0x1.95ec04p-5
-0x1.2118f4p-3
0x1.4b992cp-6
-0x1.5cee86p-2
-0x1.45323ap-4
-0x1.60e84cp-3
-0x1.2f3866p-2
-0x1.450d76p-5
-0x1.af9782p-4
-0x1.a38258p-3
-0x1.22b736p-6
-0x1.bf1126p-4
-0x1.b2da4ap-4
0x1.aeeb0ep-10
0x1.e0e7aap-9
-0x1.3a79e8p-3
-0x1.dc3e64p-6
-0x1.89ebap-6
-0x1.9c7e2ep-3
-0x1.fc8124p-5
0x1.62eab8p-3
-0x1.8c33a4p-5
0x1.4188a6p-4
-0x1.00ecf2p-5
0x1.37e9bcp-3
0x1.6ae756p-3
0x1.6a7bb8p-3
-0x1.c32e6ep-3
-0x1.152d8p-3
0x1.f15218p-3
-0x1.8ed51ap-3
-0x1.423d98p-3
0x1.a602dep-4
0x1.40f682p-2
0x1.18daacp-4
-0x1.f10d8ep-7
0x1.040cb4p-2
-0x1.34e63cp-4
0x1.1742d2p-4
-0x1.36f492p-6
-0x1.f9de1ap-3
-0x1.42d48ep-3
-0x1.455feep-4
-0x1.6d58fep-9
-0x1.8edc62p-5
0x1.2a1d0ep-3
-0x1.b67ceap-6
0x1.09b25cp-4
-0x1.28071ap-4
0x1.baa6f2p-3
0x1.4d906p-3
0x1.432192p-4
0x1.9f24d2p-2
0x1.8e70e6p-4
-0x1.f82a98p-4
-0x1.36498cp-5
-0x1.0a3064p-5
0x1.455f48p-4
0x1.e04ae8p-6
0x1.91308ap-4
-0x1.6b645cp-6
0x1.8cd194p-2
-0x1.9b905p-4
0x1.53c182p-2
-0x1.9b4f1ap-3
-0x1.0c5ed6p-3
-0x1.8186a4p-3
0x1.87668ap-3
0x1.05beb2p-2
0x1.cf00f2p-2
0x1.e1476ep-3
0x1.fbfa68p-6
-0x1.82b7d4p-3
0x1.3cd33ap-3
0x1.0006f4p-4
0x1.8e288p-3
0x1.90d46p-5
0x1.78bbfp-2
-0x1.b24abap-4
0x1.fecb36p-7
0x1.0a970ep-4
0x1.45b33ep-7
0x1.b5f70ep-4
0x1.93d98p-5
0x1.6d0b2p-2
0x1.4a344ap-3
0x1.6c8a4ap-2
0x1.3cf222p-7
0x1.99b9f8p-4
0x1.9c61e4p-4
-0x1.799dc2p-2
-0x1.66c36ep-3
-0x1.c72a84p-5
0x1.930822p-4
-0x1.af61bap-6
0x1.ed6078p-5
0x1.fcd8d8p-5
-0x1.1f09fep-5
0x1.925a2cp-5
0x1.bccb32p-6
0x1.aedf56p-6
-0x1.1a065ap-3
0x1.122f3cp-5
0x1.cfac7p-3
-0x1.a04a3ep-6
0x1.b65fc6p-8
-0x1.d4fab2p-3
-0x1.b44c3ap-4
0x1.7fe886p-3
-0x1.f5d6dp-5
-0x1.76c678p-5
0x1.1653bep-3
-0x1.7beddap-5
0x1.aef85p-5
-0x1.ee68bp-3
0x1.725e92p-6
-0x1.085e32p-3
0x1.1ba774p-2
0x1.312964p-8
-0x1.e91f5cp-3
0x1.9e9354p-3
0x1.d15202p-4
0x1.67d288p-3
-0x1.3cb72ep-2
-0x1.3dfe54p-6
-0x1.4cc098p-7
0x1.559d54p-4
-0x1.607a9ap-3
-0x1.efe05ep-4
-0x1.62b38ap-5
0x1.24bf4p-2
0x1.f5d1c6p-5
0x1.018ed2p-5
-0x1.22109ap-4
-0x1.4d6ef6p-4
-0x1.2563bep-4
0x1.a23244p-4
0x1.671f1cp-3
-0x1.f92952p-8
-0x1.2264a8p-9
0x1.413832p-3
-0x1.e1c788p-3
-0x1.d251d8p-10
-0x1.fc699cp-8
0x1.8ae4dp-3
0x1.bff17p-8
0x1.737b3cp-4
0x1.462876p-2
0x1.58bdd2p-2
0x1.34800ep-3
-0x1.2bc184p-11
-0x1.f5b216p-5
-0x1.8941a4p-4
0x1.fd7666p-3
-0x1.040f24p-3
-0x1.c4172cp-5
0x1.df42f6p-6
0x1.7c0a1ap-3
-0x1.b204d6p-3
-0x1.001d6cp-5
-0x1.9d8fcp-4
-0x1.4f8a1ep-2
-0x1.5e5172p-5
0x1.909b9ap-4
0x1.090f62p-3
0x1.a2e3d8p-3
0x1.86b168p-3
0x1.e438a4p-4
-0x1.ae7b2p-5
-0x1.2813e8p-3
-0x1.04124ep-9
0x1.dc9776p-4
-0x1.52c67ep-3
-0x1.8a684p-3
0x1.272404p-4
-0x1.ca92aap-5
-0x1.284feap-4
0x1.101d8ep-3
-0x1.6512fcp-2
0x1.c70138p-4
-0x1.0dfb6ap-5
0x1.2fb626p-2
-0x1.865468p-4
0x1.0224a8p-6
0x1.9f2e88p-4
-0x1.ca0618p-6
-0x1.cc1982p-4
-0x1.287068p-3
-0x1.5057dp-3
0x1.3e967p-6
-0x1.687aa8p-6
0x1.0690d8p-5
-0x1.5fa2eap-4
-0x1.c4ddd6p-4
0x1.b8f4c6p-4
0x1.ed64c4p-5
0x1.4d69dp-5
-0x1.452c8ep-3
-0x1.1b6a42p-2
0x1.2b577ep-4
0x1.74eea2p-3
-0x1.72595ep-3
0x1.a00612p-4
-0x1.9dd0fap-3
0x1.6887dp-4
-0x1.c8a26ap-2
-0x1.1829ap-14
-0x1.2685ccp-16
0x1.596c74p-14
-0x1.217638p-16
0x1.c775dcp-15
-0x1.aef86ep-13
0x1.13fa5cp-14
0x1.4d1daep-18
0x1.31d242p-14
0x1.8ac9cep-16
0x1.a40bbp-13
-0x1.feff08p-13
0x1.8bcf66p-16
0x1.fd3d3ep-16
0x1.916a5p-13
-0x1.9671c2p-14
-0x1.3f053ep-15
0x1.324f1ap-12
-0x1.a18ee4p-13
-0x1.a92f02p-16
0x1.bf135p-15
0x1.cef796p-13
0x1.27a5fcp-16
0x1.8acfcap-16
0x1.0264f6p-14
0x1.f09c96p-16
-0x1.6fcd3ap-14
0x1.58af8ep-13
-0x1.01848ep-13
-0x1.16fb02p-17
-0x1.e32f3p-13
-0x1.059266p-16
0x1.d4e916p-17
-0x1.1e51a6p-16
0x1.6b17b2p-16
0x1.46ce4cp-13
-0x1.fee882p-14
-0x1.49e4bp-15
-0x1.ef8c74p-15
-0x1.07ca58p-15
0x1.13e22ap-13
-0x1.658adp-16
0x1.986fd8p-18
-0x1.fc8418p-16
-0x1.596682p-12
-0x1.6c508cp-13
-0x1.2a287cp-12
-0x1.5b0daep-13
-0x1.8ef658p-15
0x1.04a7d6p-15
-0x1.88831p-15
0x1.3ca9bp-15
-0x1.c2e696p-14
0x1.81e372p-16
0x1.b344e8p-15
-0x1.576446p-13
-0x1.1bad8ap-15
-0x1.1431f4p-14
0x1.a1e324p-14
-0x1.0bd7d2p-16
0x1.fb45bep-18
-0x1.8963ccp-15
-0x1.c6cad4p-13
-0x1.659576p-16
-0x1.007954p-12
-0x1.57462p-14
0x1.1a0552p-15
-0x1.730806p-15
0x1.de7fap-16
-0x1.b39464p-16
0x1.1e624ep-15
0x1.21f0aep-14
-0x1.0d6818p-14
0x1.dff0ap-16
-0x1.5d73a6p-14
0x1.21a0d4p-14
-0x1.5c0c52p-16
0x1.203c3ep-14
0x1.0fb068p-13
-0x1.7464bep-16
0x1.cddefp-14
0x1.24b006p-13
-0x1.ad0a8cp-15
0x1.89c5cap-13
-0x1.69a206p-14
-0x1.85f9d4p-15
-0x1.63ac4p-15
-0x1.4541bp-14
0x1.a7cee6p-14
-0x1.39f93ep-14
-0x1.445ac2p-13
0x1.1313eep-14
-0x1.8a12e4p-15
0x1.0fa4ap-13
0x1.fc962cp-15
0x1.2cffa6p-13
0x1.4512e2p-15
-0x1.ce8de6p-16
-0x1.12ecdep-15
0x1.4aa5cep-14
0x1.00bc9ap-13
0x1.365308p-17
0x1.a9630cp-15
-0x1.c6e58p-14
-0x1.d5ef1ap-16
-0x1.e58eb4p-14
-0x1.1e6c3ap-15
0x1.000bbcp-13
0x1.ccfcc4p-15
-0x1.0c7816p-13
0x1.3c4c5cp-13
-0x1.ab4f5cp-14
-0x1.3712e4p-17
-0x1.d78eep-18
-0x1.afb69p-15
0x1.0d9c7cp-12
-0x1.2adeb2p-14
-0x1.035f02p-12
-0x1.d8edc2p-14
0x1.04ca0cp-14
0x1.2bebecp-12
-0x1.76fe02p-16
0x1.4ad7fap-13
-0x1.4d763ap-14
0x1.440ae6p-18
-0x1.7a59eep-15
0x1.a5341ap-18
-0x1.4043cep-14
0x1.bf2cb2p-13
0x1.d120a6p-14
0x1.2c0e54p-14
0x1.54f806p-14
-0x1.37c4c4p-13
0x1.e40dfep-15
0x1.c4f62cp-14
0x1.30ac8ep-17
0x1.8de2f8p-13
0x1.2088bp-12
0x1.cf4a96p-14
0x1.72f9c2p-14
0x1.d39f3ep-14
-0x1.486fc2p-13
0x1.cbfbc4p-15
0x1.5463b6p-13
0x1.49564p-14
-0x1.e345fep-15
-0x1.dc27e2p-14
-0x1.473d6ep-12
-0x1.724f3ap-14
-0x1.caa896p-16
-0x1.99be86p-15
-0x1.c11a68p-16
0x1.79cc6p-14
0x1.25e68p-14
-0x1.0d1ba2p-14
0x1.c94c86p-15
-0x1.ee95e8p-14
0x1.48fc8ap-13
0x1.cdc68ep-17
0x1.44b656p-12
-0x1.0d4df8p-18
0x1.3dc70ap-15
0x1.10d6d8p-13
-0x1.3a03bap-14
-0x1.df06cep-13
0x1.8d4738p-15
-0x1.2bf0f8p-16
-0x1.082b1cp-17
-0x1.2c0214p-12
0x1.46007ap-14
0x1.55c7ecp-16
-0x1.fcd7d6p-16
0x1.757c7ap-13
0x1.2fab62p-17
0x1.393d48p-14
-0x1.14628ep-16
-0x1.97f7a2p-15
0x1.5d5828p-14
0x1.87ea3cp-15
-0x1.5c7d9cp-14
0x1.ee3766p-14
0x1.57b602p-15
-0x1.24e4d2p-13
-0x1.fc41cep-13
-0x1.320d0cp-15
0x1.cd23eep-14
0x1.fc5b86p-13
-0x1.ee3982p-13
-0x1.76989p-17
0x1.35dcd6p-14
0x1.28e072p-14
0x1.3e7602p-14
-0x1.64d9d8p-14
-0x1.48dc04p-13
-0x1.ae9642p-15
0x1.2f3114p-13
-0x1.1597cap-19
-0x1.7ecb24p-15
0x1.ffe0f6p-16
-0x1.c819fep-16
-0x1.9e3b22p-14
-0x1.4888cap-14
0x1.104714p-18
-0x1.8670c2p-15
-0x1.48a12ep-13
-0x1.485cbcp-16
0x1.3617a8p-12
-0x1.37f5ap-15
-0x1.a4c3fap-12
0x1.33c794p-15
0x1.366188p-16
-0x1.dfed84p-16
-0x1.103cc2p-14
0x1.b8fa28p-15
0x1.4b2be4p-13
0x1.8e5b38p-14
0x1.5a455ep-13
0x1.4ea2acp-14
-0x1.a2c8fap-16
-0x1.a9cde8p-13
0x1.d8cc26p-13
0x1.10d426p-17
-0x1.9a81cap-15
0x1.681b2cp-15
-0x1.5322fap-12
-0x1.3657aap-13
-0x1.1cd042p-12
-0x1.f17f88p-14
0x1.0a74ecp-13
-0x1.c4ceeep-15
-0x1.a3279ap-17
-0x1.065c3cp-12
0x1.81d92cp-15
-0x1.6c914cp-14
-0x1.189146p-13
-0x1.c3308cp-15
-0x1.78ddaep-12
-0x1.079c6p-13
-0x1.1fff2cp-16
-0x1.99bec2p-13
0x1.1259e8p-15
0x1.44f63p-18
0x1.14e34cp-13
-0x1.f951a2p-14
-0x1.4e8a34p-14
-0x1.bc0d5ep-13
-0x1.97d5b4p-15
0x1.afd4fp-14
0x1.42428ap-14
0x1.d3057ap-15
0x1.744578p-17
0x1.f6d9d6p-16
0x1.df79fep-13
-0x1.7d8be8p-13
0x1.38225p-14
0x1.4c3c38p-13
-0x1.77cea8p-13
0x1.0805a4p-16
0x1.36634cp-14
0x1.aa32b4p-16
-0x1.99b6aep-12
-0x1.99b3dep-14
-0x1.762716p-13
-0x1.a181ecp-13
0x1.895034p-14
-0x1.163908p-12
0x1.3bd9cap-15
-0x1.4c2e6ep-16
0x1.495f08p-16
0x1.1e4514p-12
-0x1.23789p-14
-0x1.198cfp-13
0x1.52c4bcp-17
0x1.2068acp-14
0x1.ded1cp-14
0x1.7837b4p-13
-0x1.48fe5ap-15
-0x1.3163c8p-13
0x1.09f8b8p-13
0x1.f46c34p-14
0x1.94ca7ep-14
-0x1.1a49a6p-15
0x1.aca6d2p-14
0x1.e8eb7cp-15
-0x1.114f24p-13
0x1.5dafep-14
-0x1.f73ecap-20
0x1.72d0d6p-13
-0x1.11d35ap-13
0x1.ea8c9p-15
-0x1.b3b72ep-15
-0x1.75ddc8p-14
0x1.3a7c9cp-13
0x1.70c0e8p-17
-0x1.73b6d2p-13
0x1.7e30fap-12
0x1.45276ap-14
0x1.cf5a24p-13
-0x1.89ee5ap-15
-0x1.03be9cp-12
-0x1.24a34cp-15
0x1.e94414p-14
0x1.184b1ap-13
0x1.3a0e48p-13
-0x1.4b6d16p-14
-0x1.6cd29cp-14
-0x1.cfa4fap-13
0x1.f29decp-16
-0x1.780e2p-15
-0x1.0d8556p-14
-0x1.23ee76p-13
0x1.94c1bp-13
0x1.031f1ep-15
0x1.0a7f56p-18
-0x1.19e97cp-13
-0x1.38917ep-16
0x1.bb2d68p-15
0x1.41bbdp-13
0x1.00498cp-13
-0x1.fa1d24p-15
0x1.ec8d8ap-14
-0x1.25718p-12
-0x1.c9353p-13
-0x1.0ad7c8p-16
0x1.05f93ap-15
0x1.3e14fap-16
0x1.2be0eap-12
-0x1.6bb564p-14
-0x1.c881ecp-15
0x1.80335cp-13
0x1.d9081ap-13
0x1.43bb06p-14
-0x1.686be4p-13
-0x1.afced4p-14
0x1.f9f24ap-14
-0x1.8adb58p-14
0x1.c2f518p-19
0x1.6019c4p-15
-0x1.87051cp-14
0x1.54ac7p-15
0x1.807456p-14
-0x1.139f28p-13
0x1.e50232p-14
-0x1.061714p-12
-0x1.0339f4p-23
-0x1.21d44ep-14
-0x1.f996b4p-14
-0x1.c48f2cp-17
-0x1.1339e6p-13
-0x1.81c78ep-16
0x1.8e1b46p-16
-0x1.0ae6f6p-13
-0x1.a4f2e6p-13
-0x1.626846p-15
0x1.8a12dp-18
-0x1.b58b8ap-14
0x1.23d14ap-16
0x1.7fb5e4p-13
0x1.706bc2p-18
0x1.e1337cp-14
-0x1.a00d16p-15
0x1.dd58b6p-14
0x1.f05b88p-16
0x1.2c7a1p-15
0x1.701e7ap-13
0x1.973824p-15
-0x1.1d332ap-14
-0x1.74b2eep-14
0x1.53f546p-15
-0x1.da9378p-13
-0x1.a83058p-14
0x1.844a46p-17
0x1.572c9p-17
0x1.72bd36p-15
-0x1.d5bac6p-20
0x1.506118p-3
0x1.c6aff4p-3
-0x1.415d0ap-2
-0x1.2e7444p-2
0x1.e45776p-4
0x1.faad5p-2
0x1.eae0e2p-4
-0x1.9797cap-2
0x1.5e1aa2p-6
0x1.aaacb4p-2
0x1.7bf798p-2
0x1.e442a6p-4
-0x1.cca568p-2
0x1.dfc58ap-2
-0x1.7bb46cp-6
-0x1.2da956p-4
-0x1.5de19p-3
0x1.672d3ap-1
0x1.3d50e4p-3
0x1.026946p-2
0x1.a5c82cp-6
0x1.d2674cp-4
0x1.b10892p-4
-0x1.2708dep-1
0x1.ececdp-8
0x1.55dd3cp-2
-0x1.32bdcap-4
-0x1.8154c4p-4
0x1.33e588p-2
-0x1.176efcp-4
0x1.9437d6p-2
0x1.09d66p-3
-0x1.65e166p-4
0x1.e19e2ep-2
-0x1.f84e5p-5
-0x1.f1f6cep-2
0x1.3b6372p-4
0x1.199138p-3
0x1.884352p-3
0x1.d75adap-2
0x1.7438f2p-3
-0x1.e15f88p-3
0x1.1566c6p-2
0x1.1ec838p-2
-0x1.b20682p-4
-0x1.658676p-2
0x1.c2107cp-3
0x1.745d66p-3
-0x1.920476p-2
0x1.1b1a2ap-1
-0x1.1587f4p-3
0x1.614fccp-3
-0x1.c4105ap-3
-0x1.1d569cp-3
-0x1.f78cd8p-5
0x1.66df68p-7
-0x1.b85e06p-3
-0x1.83844cp-6
0x1.3ebdf2p-3
-0x1.6b0804p-4
-0x1.7dcfaap-3
-0x1.29fab2p-3
-0x1.df978ap-4
0x1.345bccp-3
0x1.13ac84p-5
-0x1.ef1686p-6
0x1.e784c8p-5
-0x1.f73ee6p-4
-0x1.5b4fbap-4
-0x1.e88bbcp-3
-0x1.4da0c8p-4
0x1.f03376p-4
0x1.1e03dep-3
-0x1.690838p-5
-0x1.1ac392p-2
0x1.59cb28p-7
0x1.6e2cdep-3
-0x1.5cef52p-3
-0x1.d55384p-2
-0x1.7214ap-3
-0x1.5f49cap-1
-0x1.1c91dcp-2
0x1.0e6a72p-5
-0x1.3b18dp-4
0x1.49e7fap-2
0x1.01c40ep-2
-0x1.b46c74p-2
-0x1.175582p-4
-0x1.2399eap-1
0x1.09a684p-1
0x1.918fc8p-2
-0x1.0ed052p-2
-0x1.ea1524p-3
0x1.cfa1b2p-2
0x1.3b87a4p-2
-0x1.28416ap-1
0x1.bc7c96p-1
0x1.4312d2p-4
0x1.2b3176p-3
-0x1.566672p-3
0x1.1684e4p-2
0x1.269258p-2
0x1.274f32p-1
0x1.f32ffap-3
-0x1.539238p-3
0x1.0df5c4p-3
-0x1.3ce27p-4
0x1.125a92p-2
-0x1.c03512p-2
-0x1.6e13f4p-2
-0x1.aadabap-5
-0x1.d2a9b6p-2
0x1.3d5984p-2
0x1.5874a2p-3
-0x1.012514p-4
0x1.04ce1p-5
-0x1.79eccp-5
-0x1.9ecfcp-3
-0x1.4a2cd2p-6
0x1.5bb5fap-3
0x1.45217ap-3
0x1.eaf992p-3
0x1.a3b224p-4
-0x1.060956p-3
-0x1.00bf68p-2
-0x1.33a458p-2
0x1.9cb294p-2
0x1.4d37c4p-3
0x1.ec794cp-3
0x1.b71d5ap-4
-0x1.78fc96p-6
0x1.352ed8p-2
-0x1.9a3548p-4
-0x1.c69716p-3
-0x1.305018p-2
-0x1.2e32fp-2
-0x1.b1cb6ep-2
-0x1.2a55b4p-3
0x1.d0d40ep-3
0x1.b677fap-2
0x1.f6754cp-11
-0x1.7ee5e2p-2
0x1.1a1c44p-1
-0x1.a21888p-4
0x1.e72dp-4
0x1.82709ep-6
0x1.336fa2p-2
0x1.535a5p-2
0x1.0dcfap-2
0x1.4789aap-3
0x1.282eb2p-5
0x1.6acc8p-3
-0x1.0a7344p-4
-0x1.6e94a4p-3
-0x1.9ff8c6p-6
-0x1.06be9cp-4
-0x1.52693ap-2
-0x1.bd012ep-2
-0x1.38d42p-3
-0x1.a3c778p-2
-0x1.386bb4p-4
0x1.c4325ep-3
0x1.bee068p-3
-0x1.46d2b4p-3
0x1.028dd6p-2
0x1.859bap-4
0x1.1cd49ap-4
-0x1.e82ab2p-2
-0x1.3874e6p-3
-0x1.b42c7ep-2
0x1.c7ad64p-3
-0x1.d3050ep-3
0x1.976756p-4
-0x1.4a87a6p-5
-0x1.c58c24p-2
-0x1.4d3418p-2
0x1.58f0c2p-4
-0x1.14fe56p-2
-0x1.054d0ap-1
0x1.38be58p-3
-0x1.1c133p-3
0x1.553814p-2
-0x1.31e11cp-2
-0x1.dfd128p-5
0x1.423fp-1
-0x1.0717dcp-4
-0x1.df9dep-3
-0x1.921a7ep-2
-0x1.2c296ep-2
-0x1.95762p-2
0x1.4dfc92p-3
-0x1.35035ap-3
-0x1.3b440cp-2
0x1.5abf48p-3
-0x1.47c068p-2
-0x1.51fe4ep-3
0x1.7da1dp-3
-0x1.12062ap-4
0x1.09eb38p-4
-0x1.86f12cp-3
-0x1.cb8064p-3
-0x1.b9aa14p-5
0x1.09e90cp-5
-0x1.aa6ce4p-2
0x1.c8a80ep-3
-0x1.0d9d8p-2
0x1.8c7c74p-3
-0x1.3c63dp-5
-0x1.41a3a2p-5
0x1.107088p-5
-0x1.f03478p-4
0x1.610f6ep-4
-0x1.64bccp-4
-0x1.714ad8p-2
0x1.24cffap-2
0x1.5baaecp-5
-0x1.0ae54p-4
0x1.eeb9c6p-4
0x1.67318cp-3
0x1.e94c5ap-5
-0x1.a68b5ep-5
0x1.bcbbf2p-2
-0x1.be90c6p-5
-0x1.9421e6p-2
-0x1.f3412p-4
-0x1.ca5c76p-5
0x1.637ef8p-3
-0x1.fd1656p-5
0x1.5d2fccp-3
0x1.52a72ap-5
-0x1.9cd5bep-4
0x1.843dd6p-5
-0x1.423818p-3
-0x1.debcccp-2
0x1.98538ap-3
-0x1.dc11f6p-4
-0x1.2b38fep-5
0x1.6561bp-5
0x1.bf948cp-7
0x1.a05688p-2
0x1.3ccf44p-1
0x1.8ed4ccp-3
-0x1.978d28p-2
0x1.ab3226p-6
-0x1.4666cep-3
0x1.9121a8p-3
-0x1.ef8506p-6
0x1.001e14p-1
-0x1.47c884p-6
-0x1.5143b2p-9
0x1.3d8f48p-2
0x1.63312ep-2
-0x1.00644ap-2
0x1.23f7ccp-7
0x1.30ff98p-2
-0x1.9689bcp-3
-0x1.04ad1p-4
-0x1.0d7c7cp-3
0x1.4ffb06p-2
0x1.e9e3fap-3
-0x1.1f961p-2
0x1.19b1e4p-1
0x1.f3568p-3
0x1.506e1p-4
0x1.042b22p-3
0x1.1b5452p-2
0x1.3307cp-6
0x1.d19adap-7
0x1.14a2bap-1
-0x1.eee50ap-6
-0x1.66dc58p-2
0x1.13633cp-4
0x1.5996fap-4
0x1.79a01ap-6
-0x1.7d1132p-2
-0x1.4747f8p-4
-0x1.1ea57ep-3
-0x1.631034p-2
-0x1.29f4f6p-3
-0x1.0b4ec2p-1
0x1.dc4bfep-3
0x1.741d22p-3
-0x1.6d7754p-6
0x1.7abd44p-3
0x1.109c08p-4
0x1.910134p-6
-0x1.12df8ep-2
-0x1.d25cb4p-6
0x1.7221eep-3
0x1.41bad6p-3
-0x1.3254f8p-3
-0x1.a84a66p-4
0x1.9cf4cap-2
-0x1.ac7bf4p-4
-0x1.253516p-2
0x1.b87a48p-7
0x1.95d5fp-7
-0x1.a0e4f2p-3
0x1.2726ecp-3
-0x1.a57b26p-5
0x1.c4d8aap-4
0x1.110012p-3
-0x1.2ba89ep-2
-0x1.2fe5aap-2
0x1.15ee8ep-3
0x1.25854p-4
-0x1.81c8f6p-2
-0x1.e385eep-11
0x1.a6cd94p-2
-0x1.2c635ap-5
0x1.270ed6p-2
-0x1.72c6acp-2
-0x1.8eca5cp-2
-0x1.554a5cp-4
0x1.0a1344p-2
-0x1.45d49ep-5
0x1.514eaep-2
-0x1.e68978p-4
0x1.2cada8p-2
0x1.6375c2p-3
0x1.54a6e8p-5
-0x1.d6582p-2
-0x1.83d68ap-3
-0x1.4e008ap-4
-0x1.0aa742p-2
-0x1.d6856ap-2
-0x1.86d1ap-3
0x1.948b2cp-3
-0x1.2e169cp-4
0x1.8e9244p-2
0x1.2bc9dap-3
0x1.6fb0aep-3
-0x1.d4bbbep-4
-0x1.42ac9ep-3
0x1.bfa2b2p-3
0x1.00463p-3
0x1.9ea3c6p-4
-0x1.8eaa7ep-3
0x1.467f66p-2
0x1.7924ap-3
0x1.b94ce8p-4
0x1.0e42c2p-2
0x1.65d89ap-3
0x1.2ee142p-3
-0x1.5aea74p-4
0x1.537f26p-2
-0x1.cbd06cp-3
0x1.7dd9a2p-2
-0x1.c59a4ap-3
-0x1.bf1ac8p-7
0x1.845c32p-3
0x1.26abacp-8
-0x1.0117acp-2
-0x1.cc43b4p-2
0x1.adff8cp-2
0x1.1dc9ep-4
-0x1.420176p-4
-0x1.e2dfecp-4
0x1.c7ee2ep-2
0x1.76c1dap-4
-0x1.4c2ce2p-3
-0x1.49c7cp-2
-0x1.ffdba8p-3
0x1.298d76p-11
-0x1.a7603p-7
-0x1.82b3ecp-4
0x1.9b1cfep-2
-0x1.4478fcp-2
0x1.22b3dp-2
0x1.1c5c7ap-6
-0x1.2cba6ap-3
0x1.f88f66p-2
0x1.395ab2p-1
0x1.2fbba6p-5
-0x1.120e0ep-1
0x1.318a3ep-3
0x1.1f2922p-7
-0x1.a43f08p-5
-0x1.3a5f24p-1
-0x1.f7d43ap-5
0x1.5f1cc2p-1
0x1.21b1ccp-4
-0x1.faacecp-4
0x1.3f5bdp-3
-0x1.d0dd14p-3
-0x1.007c3p-3
0x1.d709cep-3
0x1.362448p-3
-0x1.c7f3b8p-4
0x1.097a44p-2
-0x1.5c5d26p-3
0x1.5d12fep-3
0x1.c7c8f8p-2
0x1.4f858p-4
-0x1.8e0c6p-3
-0x1.0bdcbap-2
-0x1.b0bf74p-2
0x1.5cb16cp-2
-0x1.2fdcbep-3
0x1.797a06p-2
0x1.747f96p-2
-0x1.3cff5p-3
0x1.e7a03cp-4
0x1.551928p-9
-0x1.0b7604p-1
-0x1.6803c8p-3
0x1.91cf32p-5
0x1.20b5dp-5
0x1.5d9666p-2
-0x1.ebf7a2p-2
0x1.04e3cap-2
0x1.5f9f22p-5
-0x1.0b93aap-4
-0x1.ea05bcp-2
-0x1.dea8bap-6
-0x1.1c759ep-4
-0x1.e72b6cp-3
0x1.cc23d6p-7
0x1.2892d6p-2
0x1.1d8808p-3
-0x1.620efp-11
0x1.afc2bp-2
0x1.3c96dep-4
-0x1.10f6d6p-3
-0x1.a659bcp-2
0x1.3367c2p-2
-0x1.2ccd64p-3
-0x1.77a5bap-2
-0x1.d48b56p-4
0x1.ae8206p-3
0x1.e77366p-4
-0x1.4c7ca2p-4
0x1.1223c8p-3
0x1.0f78f6p-3
-0x1.9af59ep-5
-0x1.181506p-4
-0x1.280b0ap-4
0x1.750302p-4
0x1.9c7e9p-7
0x1.adbc42p-5
-0x1.f481p-4
0x1.6ad1dp-4
-0x1.b26d9p-2
0x1.f2026ep-2
0x1.d0bb0ap-5
0x1.19e96ep-2
-0x1.593316p-3
0x1.2bd92ep-3
0x1.ebad12p-4
-0x1.17365ap-5
0x1.873a3ap-3
-0x1.828422p-3
0x1.6bbb22p-4
0x1.3fa5d2p-3
0x1.6d1d26p-3
0x1.2e06bcp-5
0x1.02e65ep-3
0x1.2c43e6p-2
0x1.712724p-2
0x1.6d9b56p-3
-0x1.4a0b24p-4
0x1.48be96p-2
0x1.99f064p-8
0x1.bddadp-4
-0x1.b3be94p-4
0x1.059436p-4
0x1.91eb02p-3
0x1.39424p-4
0x1.41a294p-4
0x1.eec042p-5
0x1.4df7b2p-5
0x1.ab87a8p-3
-0x1.0c0f04p-2
0x1.f858c2p-3
0x1.a01312p-3
-0x1.0ce7acp-4
-0x1.82d1d4p-5
0x1.1035cp-3
0x1.47fd4ap-2
0x1.cd046ep-5
0x1.0900d4p-2
0x1.8236ep-4
0x1.86a2bcp-4
-0x1.2bc422p-3
-0x1.0dc414p-2
-0x1.393aap-3
-0x1.3997aap-5
-0x1.ec4e5cp-6
-0x1.309534p-4
0x1.36938p-2
-0x1.3efd56p-3
0x1.0e1ac4p-3
-0x1.134bdap-2
-0x1.0c673ap-4
0x1.9eb44p-3
0x1.8012p-2
-0x1.d1b4eep-3
0x1.e05f5ep-6
0x1.067518p-3
0x1.a9328cp-2
-0x1.42cb96p-2
-0x1.fb95d2p-2
0x1.07706cp-2
0x1.2f9cc6p-4
0x1.812098p-4
0x1.30d58ap-1
-0x1.02cdaap-2
0x1.7d79aap-4
-0x1.857378p-2
-0x1.ab3e3cp-2
0x1.8af10cp-3
-0x1.277a7p-5
-0x1.f47afap-3
0x1.e384bp-3
0x1.d1f95ep-4
-0x1.6f2db6p-3
0x1.5c3b54p-3
-0x1.3dce0cp-2
0x1.873a68p-5
-0x1.12b4e6p-4
0x1.386fbap-2
-0x1.020cd4p-5
0x1.d3b144p-3
0x1.ae5536p-7
0x1.123798p-1
0x1.72d29p-2
0x1.4d9c06p-2
0x1.7a2ef4p-3
0x1.a869e4p-4
0x1.158454p-4
-0x1.3856fcp-2
-0x1.e25b12p-2
0x1.30528p-3
0x1.31c5e2p-3
-0x1.d89016p-3
0x1.d6fc26p-4
-0x1.0edfbp-4
-0x1.0340d4p-1
0x1.a48f0ep-4
-0x1.44017p-2
0x1.4717fap-5
0x1.bde212p-2
0x1.17a2ap-3
0x1.a5cfb6p-2
-0x1.aa85cep-5
-0x1.d04508p-5
-0x1.000016p-2
0x1.ecf0a6p-6
-0x1.14cd5ap-3
-0x1.3e563ep-2
-0x1.4d5fa2p-3
-0x1.912288p-4
-0x1.bdb8ccp-4
-0x1.d56cfcp-3
-0x1.2d843ap-3
-0x1.d44e6p-2
0x1.6775a4p-4
-0x1.0ecb5ap-5
0x1.f48736p-3
-0x1.c2d456p-3
0x1.f6e9a8p-3
-0x1.5775bcp-3
-0x1.89cc18p-3
-0x1.a53564p-3
0x1.78cf6p-3
-0x1.a188dp-2
0x1.010aecp-1
0x1.14541ep-5
0x1.2d6002p-2
-0x1.3cb254p-10
0x1.9dbaa6p-2
0x1.b528fcp-8
0x1.cb3a36p-7
-0x1.7e4c46p-3
-0x1.407406p-5
-0x1.f9ed9ap-4
-0x1.467792p-6
0x1.16c5c4p-8
-0x1.f42244p-4
-0x1.e43d7cp-4
0x1.7df60cp-2
-0x1.65bfe2p-4
0x1.a05d2cp-2
0x1.50ce9ep-4
0x1.d41b8p-3
0x1.fa20d6p-3
0x1.1c667p-2
0x1.0b1c96p-2
-0x1.65fe7ap-3
0x1.80797cp-3
0x1.feee9cp-4
0x1.c2ffbp-8
-0x1.6f227p-2
-0x1.31f532p-4
-0x1.787a74p-9
-0x1.0def4cp-2
-0x1.7702e2p-3
0x1.88c226p-4
-0x1.8dc89ep-2
-0x1.54a396p-2
-0x1.4f26bep-3
-0x1.5f8a48p-2
-0x1.da508p-3
-0x1.4c275ap-3
0x1.c18264p-2
-0x1.adbed8p-4
-0x1.6a4ebep-5
-0x1.3ae9fp-6
0x1.0b16ccp-5
0x1.fa6032p-3
0x1.921374p-2
-0x1.c43528p-4
-0x1.3c6d4cp-3
-0x1.70ac8ep-3
-0x1.0eea56p-4
-0x1.96dcf6p-3
0x1.6404aep-4
-0x1.4035a2p-2
0x1.08f102p-1
-0x1.6f976p-2
0x1.b335aap-2
-0x1.f01ad2p-5
0x1.57e942p-1
-0x1.d2ed08p-3
0x1.dc9e2ap-2
-0x1.0bc20cp-2
-0x1.7c66a6p-2
0x1.ca0b7ap-2
0x1.282098p-1
0x1.4b0e08p-2
0x1.d1bde4p-4
-0x1.0ac436p-5
-0x1.748c42p-4
-0x1.4ae214p-4
0x1.41a22ap-3
0x1.fb2304p-3
0x1.7c87bp-5
-0x1.267daap-2
-0x1.1c2764p-4
0x1.dd0e24p-5
0x1.c1ec84p-4
-0x1.3cc388p-4
0x1.994a14p-2
-0x1.6aefd8p-3
-0x1.bd82b6p-5
-0x1.5797e4p-3
-0x1.1d4e1cp-3
0x1.c9f5b4p-3
0x1.881a44p-2
-0x1.18adbp-4
0x1.bcc21ap-2
0x1.61f864p-2
-0x1.a56a96p-4
-0x1.036744p-3
0x1.93d9b8p-2
0x1.4c2f32p-5
-0x1.1c8eaep-2
-0x1.54efbp-7
-0x1.093eb6p-2
0x1.67b75ap-5
0x1.11badep-3
0x1.50813cp-2
0x1.49933ep-2
0x1.413622p-4
-0x1.11def4p-2
0x1.d1d17p-3
0x1.00fec6p-2
-0x1.936102p-4
-0x1.5e3e96p-3
0x1.d5f7fep-4
-0x1.7fc454p-3
-0x1.724014p-2
-0x1.3ee6aap-3
-0x1.220b94p-2
0x1.53fc14p-2
-0x1.22c3a8p-1
-0x1.55deap-2
-0x1.40ea54p-3
0x1.83e9e8p-2
0x1.bf7fcep-6
0x1.bd939ap-5
-0x1.21c976p-3
0x1.8868bp-3
0x1.8e74bp-1
-0x1.43e47ap-2
-0x1.15134ep-2
-0x1.a548f8p-4
-0x1.045f7p-5
0x1.1c0cdep-3
0x1.f5c852p-3
-0x1.186b84p-3
-0x1.61f24p-2
-0x1.6a996ep-5
0x1.2dd6a6p-2
0x1.02127cp-2
0x1.b70fd8p-3
0x1.cdd86p-3
-0x1.cef506p-2
-0x1.59d1b6p-8
0x1.1e0daep-3
0x1.9f957cp-4
-0x1.5039a8p-3
0x1.7460bp-2
0x1.eb8db2p-4
0x1.167976p-2
0x1.2536e4p-5
-0x1.784566p-6
0x1.e0a92ep-4
-0x1.a30b4cp-3
-0x1.09f09ep-5
-0x1.17fd36p-2
0x1.4205a2p-3
-0x1.85cd68p-4
-0x1.4ef8b2p-1
0x1.ab0362p-3
-0x1.e1c2b8p-5
0x1.9d1556p-3
0x1.adaa7cp-3
0x1.53a396p-3
-0x1.01aa16p-3
0x1.c90bc8p-4
0x1.49fe7p-3
-0x1.34458ap-5
0x1.d996e2p-5
-0x1.3d6e5ap-2
0x1.1ea9d6p-3
0x1.a22b92p-3
0x1.67002p-3
0x1.df6d0cp-4
-0x1.eb0bap-4
-0x1.c37dd8p-2
0x1.36c172p-4
-0x1.222528p-3
-0x1.2e0756p-3
-0x1.65a5dap-3
-0x1.b452dp-4
-0x1.091382p-3
-0x1.d0355ap-4
0x1.d35bc8p-8
-0x1.1ba75ep-2
0x1.77b1f4p-4
0x1.8abc6p-4
-0x1.3ff3e6p-2
-0x1.341008p-2
-0x1.7a3ce4p-3
-0x1.68ede8p-5
0x1.3e9db6p-3
-0x1.ae2aeep-4
0x1.2e0e48p-1
0x1.786478p-5
0x1.feab3ep-3
0x1.f8618p-4
0x1.834c94p-7
-0x1.bf6efap-3
-0x1.8a8074p-2
0x1.650858p-1
-0x1.3ad45ap-3
-0x1.b6a5bap-4
-0x1.5b268ap-2
0x1.29e6b8p-3
0x1.1e3cbcp-4
-0x1.39e978p-2
0x1.fce38p-3
0x1.8928f6p-4
0x1.9a5fa4p-5
0x1.7beadcp-2
-0x1.2d982cp-3
0x1.5c5066p-2
0x1.770d48p-6
0x1.28bf56p-3
-0x1.3b44aap-2
0x1.3c3222p-1
0x1.572a8p-5
-0x1.980b5cp-4
0x1.d13b84p-2
0x1.042702p-2
0x1.671aa2p-3
-0x1.d441f6p-3
-0x1.4f3ffap-3
-0x1.8210b2p-7
0x1.f3a3bcp-5
0x1.a0c23p-4
-0x1.259dd6p-3
0x1.ee720ep-2
-0x1.cc2336p-6
0x1.5767acp-2
0x1.bf62e8p-2
-0x1.3c81fap-4
0x1.d10e72p-4
0x1.16b624p-2
0x1.fced7ap-2
0x1.34fbecp-3
-0x1.650cf4p-2
-0x1.32514p-3
0x1.19930ep-3
0x1.00ef0cp-1
0x1.63025cp-3
-0x1.267d58p-3
0x1.83be08p-1
0x1.c3d9d2p-3
-0x1.5dd33cp-6
-0x1.7011dcp-8
-0x1.855cd6p-3
-0x1.62022p-2
0x1.f1c48cp-3
0x1.7e081cp-4
0x1.ac8da6p-3
-0x1.10c33p-3
0x1.94857p-2
-0x1.6f1fbp-1
-0x1.f7951cp-3
-0x1.b066e6p-3
-0x1.526e12p-4
-0x1.11d6e6p-1
-0x1.bc1574p-5
0x1.6d36e8p-3
0x1.90734ep-3
0x1.66ca6ep-4
0x1.4559eap-6
-0x1.cfa3bap-4
-0x1.4b4532p-5
0x1.cb2f9ep-2
-0x1.776cbp-2
-0x1.689c7cp-1
0x1.e941acp-3
-0x1.4691c4p-2
-0x1.2b57a4p-4
-0x1.24ac1ep-3
-0x1.f8f45cp-7
-0x1.990766p-3
-0x1.85e064p-3
0x1.c90778p-2
0x1.95ae94p-4
-0x1.30e5bap-3
0x1.aba95ep-2
-0x1.41f67cp-3
0x1.401846p-2
-0x1.7308b6p-5
-0x1.5d5abep-5
-0x1.87285p-6
0x1.ed423p-5
-0x1.8064c8p-2
0x1.d1282p-4
-0x1.13c406p-3
-0x1.9b2b4ep-4
0x1.3b8e4cp-3
0x1.93c352p-3
-0x1.97eca8p-3
0x1.c2b9fp-2
0x1.276bep-2
0x1.9bc9a8p-5
0x1.a79dc8p-2
0x1.f3d828p-4
-0x1.528eap-7
0x1.354ddcp-3
0x1.0fe57ap-2
-0x1.bff24ap-5
0x1.e8e374p-4
0x1.08b74cp-3
0x1.100688p-1
0x1.7a65d2p-4
-0x1.f572eep-4
-0x1.982e0ap-2
-0x1.8c384ep-2
0x1.c14158p-4
0x1.e60ec4p-4
0x1.15081p-2
0x1.527cf4p-2
0x1.53a49ap-2
0x1.71e1c2p-2
0x1.d91fc2p-3
-0x1.39a4d4p-8
0x1.cc64aap-3
0x1.3cd518p-2
-0x1.2a8818p-2
0x1.4e67f8p-3
-0x1.3e171p-3
-0x1.ac5594p-2
0x1.12486cp-3
-0x1.017fa4p-4
-0x1.c8fcf2p-5
-0x1.241a48p-2
0x1.08b704p-3
-0x1.9018f8p-1
-0x1.d5c7fcp-2
-0x1.0c47bp-2
0x1.b302ep-3
0x1.b470acp-2
-0x1.623f32p-5
-0x1.adeccp-3
-0x1.002f32p-1
0x1.740c6cp-3
-0x1.3f6d0cp-3
0x1.b6fd26p-5
-0x1.a5a9f8p-3
0x1.ee1776p-2
-0x1.8542d6p-4
-0x1.a17b78p-2
0x1.95045p-3
0x1.c1d10cp-4
0x1.0d010ep-1
0x1.8c81bap-4
0x1.53b2cep-3
0x1.81d87ep-5
-0x1.8fc332p-2
-0x1.de6d34p-5
0x1.9bd894p-2
-0x1.1ee0e6p-2
-0x1.f07f06p-4
0x1.7c2056p-2
-0x1.0b98cap-3
-0x1.3db85ep-2
0x1.b3c4dap-1
0x1.f089e4p-3
0x1.2fd122p-3
0x1.5b400ep-3
0x1.3794dap-1
-0x1.012634p-4
-0x1.99e2bp-4
0x1.add976p-2
-0x1.d8957ap-2
-0x1.412d52p-3
0x1.939316p-3
0x1.75bcecp-4
-0x1.2235dcp-4
0x1.7c5d76p-2
-0x1.eb763cp-4
-0x1.6e060ep-4
-0x1.d31538p-3
0x1.00dc7cp-2
0x1.93d76p-2
0x1.d4677cp-2
-0x1.8888cap-2
0x1.a9c7eap-2
0x1.63e894p-4
-0x1.4a1abcp-3
0x1.732e44p-8
0x1.ab0cc4p-2
-0x1.a8edf2p-3
-0x1.72ff5p-6
-0x1.82fd0ep-1
0x1.56bbc6p-1
-0x1.4dbe6ep-3
-0x1.92ac76p-3
0x1.653a2ap-4
-0x1.55bbf4p-2
0x1.67f5fep-5
-0x1.4da90ap-3
0x1.41467p-2
-0x1.375572p-4
-0x1.0bf48cp-3
0x1.be577ep-4
-0x1.11171p-4
-0x1.b26dccp-2
-0x1.588ab8p-4
0x1.31af2ap-2
-0x1.276b5ap-2
-0x1.2c5fc8p-1
-0x1.ef5c96p-3
-0x1.4e4ccap-2
-0x1.4d305cp-1
0x1.bc3398p-2
0x1.8dedbcp-1
-0x1.3a8d36p-2
0x1.374cp-2
0x1.3087cep-4
0x1.4ed064p-2
-0x1.02d598p-2
-0x1.3cbadcp-1
-0x1.3afbccp-3
0x1.28a0a2p-1
-0x1.86f704p-5
-0x1.ee2b1ap-3
-0x1.238e32p-3
-0x1.8ae846p-3
-0x1.ee4b92p-2
0x1.538ec8p-2
0x1.0ffb4ep-6
-0x1.06c25cp-1
0x1.4cadc8p-2
-0x1.68746ap-2
0x1.0f3796p-2
-0x1.dc9ca2p-3
-0x1.80a44p-8
0x1.27e18p-5
-0x1.130b4ep-2
-0x1.a7edcp-6
0x1.df2d22p-5
-0x1.261aacp-6
-0x1.eb28f6p-2
0x1.3fbcd6p-3
0x1.5c31bep-3
-0x1.f94f78p-2
0x1.cae22ep-1
0x1.097336p-2
0x1.fe156ap-4
0x1.a15c9cp-1
0x1.235bb4p-2
0x1.1f74e2p-3
-0x1.6de05ep-2
-0x1.567904p-3
0x1.cf187ap-1
0x1.bf24bap-2
-0x1.0d1904p-1
0x1.7a9e48p-3
-0x1.8a3cfep-2
0x1.832b24p-1
-0x1.384e3p-1
0x1.c13856p-3
-0x1.9e8b1p-3
0x1.d3731cp-2
-0x1.318f8p-4
-0x1.6a95dap-6
0x1.6f19f6p-8
0x1.27d624p-1
-0x1.2ea6p-1
-0x1.643536p-2
0x1.ca0c26p-4
0x1.7051fep-3
0x1.da36b2p-2
0x1.80a22cp-1
-0x1.34372ap-2
0x1.c1506cp-4
0x1.654b84p-3
-0x1.62bd8ep-1
0x1.6abbap-1
-0x1.cb9bdep-3
0x1.9899e4p-4
-0x1.7cc6b4p-3
-0x1.1d747ap-1
-0x1.c1873p-2
-0x1.dc93fep-3
0x1.100fbcp-5
0x1.2b1682p-2
-0x1.4e3852p-2
-0x1.0efddp-2
-0x1.681aecp-1
-0x1.6bdff4p-1
-0x1.927108p-2
0x1.0ed4b8p-2
-0x1.1122eep-2
0x1.e2fff8p-2
-0x1.ad1d82p-2
0x1.a98aa2p-2
-0x1.4a3ff4p-2
-0x1.ef3e0cp-3
0x1.f1bbdap-3
0x1.212f62p-4
0x1.c38336p-6
-0x1.e601bp-4
0x1.6217c6p-2
-0x1.839b5cp-2
0x1.57fbfep-2
0x1.9ca2ep-6
-0x1.348864p-2
0x1.240c1p-1
0x1.62276p-3
0x1.f71cd4p-2
0x1.6e157cp-3
0x1.c439c6p-3
-0x1.b422a2p-2
0x1.a5d61ep-4
-0x1.cfa19cp-2
-0x1.d9604p-5
0x1.054482p-2
-0x1.826b6p-2
-0x1.ee1304p-2
-0x1.44270ep-2
-0x1.5eab8cp-3
0x1.41468ep-1
-0x1.bee576p-2
0x1.a99a6ep-3
-0x1.728c9ep-2
-0x1.e43d36p-2
0x1.4321d2p-3
-0x1.202706p-1
-0x1.c751d2p-3
-0x1.cd0adap-4
0x1.5944f8p-2
-0x1.ea1938p-4
0x1.33298ep-4
-0x1.4c2b9ap-6
0x1.59767ep-3
0x1.a9456ep-2
0x1.febea4p-3
0x1.9ff8d4p-2
-0x1.9ff8d4p-2
